#
# There is insufficient memory for the Java Runtime Environment to continue.
# Native memory allocation (malloc) failed to allocate 174325760 bytes for committing reserved memory.
# Possible reasons:
#   The system is out of physical RAM or swap space
#   In 32 bit mode, the process size limit was hit
# Possible solutions:
#   Reduce memory load on the system
#   Increase physical memory or swap space
#   Check if swap backing store is full
#   Use 64 bit Java on a 64 bit OS
#   Decrease Java heap size (-Xmx/-Xms)
#   Decrease number of Java threads
#   Decrease Java thread stack sizes (-Xss)
#   Set larger code cache with -XX:ReservedCodeCacheSize=
# This output file may be truncated or incomplete.
#
#  Out of Memory Error (os_linux.cpp:2798), pid=10573, tid=1605368640
#
# JRE version: OpenJDK Runtime Environment (7.0_75-b13) (build 1.7.0_75-b13)
# Java VM: OpenJDK Server VM (24.75-b04 mixed mode linux-x86 )
# Derivative: IcedTea 2.5.4
# Distribution: Ubuntu 12.04 LTS, package 7u75-2.5.4-1~precise1
# Failed to write core dump. Core dumps have been disabled. To enable core dumping, try "ulimit -c unlimited" before starting Java again
#

---------------  T H R E A D  ---------------

Current thread (0x5fb10400):  VMThread [stack: 0x5fa7f000,0x5fb00000] [id=10579]

Stack: [0x5fa7f000,0x5fb00000]

[error occurred during error reporting (printing native stack), id 0xb]

VM_Operation (0x5e6ab1c8): ParallelGCFailedPermanentAllocation, mode: safepoint, requested by thread 0x5e0a4800


---------------  P R O C E S S  ---------------

Java Threads: ( => current thread )
  0x5b5c4c00 JavaThread "Stdin handler" [_thread_blocked, id=17350, stack(0x5e606000,0x5e657000)]
  0x5d2a4000 JavaThread "Cancel handler" [_thread_blocked, id=17349, stack(0x5c18d000,0x5c1de000)]
  0x5e71d000 JavaThread "Handler for socket connection from /127.0.0.1:56901 to /127.0.0.1:58920" [_thread_in_native, id=17348, stack(0x5ea00000,0x5ea51000)]
  0x5a1a6400 JavaThread "process reaper" daemon [_thread_blocked, id=16745, stack(0x5c5fb000,0x5c616000)]
  0x5aaae400 JavaThread "process reaper" daemon [_thread_blocked, id=16737, stack(0x5ca4e000,0x5ca69000)]
  0x5e0a4800 JavaThread "Daemon worker Thread 28" [_thread_blocked, id=16631, stack(0x5e65e000,0x5e6af000)]
  0x08d75800 JavaThread "Daemon Thread 28" [_thread_blocked, id=16628, stack(0x5ea51000,0x5eaa2000)]
  0x08fee800 JavaThread "File lock request listener" [_thread_in_native, id=10596, stack(0x5e54b000,0x5e59c000)]
  0x5e80a400 JavaThread "Incoming local TCP Connector on port 56901" [_thread_in_native, id=10587, stack(0x5eaa2000,0x5eaf3000)]
  0x5fb2b400 JavaThread "Service Thread" daemon [_thread_blocked, id=10585, stack(0x5f639000,0x5f68a000)]
  0x5fb29800 JavaThread "C2 CompilerThread1" daemon [_thread_blocked, id=10584, stack(0x5f68a000,0x5f70b000)]
  0x5fb27800 JavaThread "C2 CompilerThread0" daemon [_thread_blocked, id=10583, stack(0x5f70b000,0x5f78c000)]
  0x5fb25c00 JavaThread "Signal Dispatcher" daemon [_thread_blocked, id=10582, stack(0x5f78c000,0x5f7dd000)]
  0x5fb14400 JavaThread "Finalizer" daemon [_thread_blocked, id=10581, stack(0x5f9dd000,0x5fa2e000)]
  0x5fb12800 JavaThread "Reference Handler" daemon [_thread_blocked, id=10580, stack(0x5fa2e000,0x5fa7f000)]
  0xb6407c00 JavaThread "main" [_thread_blocked, id=10575, stack(0xb655f000,0xb65b0000)]

Other Threads:
=>0x5fb10400 VMThread [stack: 0x5fa7f000,0x5fb00000] [id=10579]
  0x5fb2d400 WatcherThread [stack: 0x5f5b8000,0x5f639000] [id=10586]

VM state:at safepoint (normal execution)

VM Mutex/Monitor currently owned by a thread:  ([mutex/lock_event])
[0xb6404d50] ExpandHeap_lock - owner thread: 0x5fb10400
[0xb6405298] Threads_lock - owner thread: 0x5fb10400
[0xb64056a8] Heap_lock - owner thread: 0x5e0a4800

Heap
 PSYoungGen      total 176384K, used 0K [0x9dd80000, 0xacac0000, 0xb3300000)
  eden space 115200K, 0% used [0x9dd80000,0x9dd80000,0xa4e00000)
  from space 61184K, 0% used [0xa4e00000,0xa4e00000,0xa89c0000)
  to   space 63488K, 0% used [0xa8cc0000,0xa8cc0000,0xacac0000)
 ParOldGen       total 528640K, used 293788K [0x73300000, 0x93740000, 0x9dd80000)
  object space 528640K, 55% used [0x73300000,0x851e7050,0x93740000)
 PSPermGen       total 262144K, used 262104K [0x63300000, 0x73300000, 0x73300000)
  object space 262144K, 99% used [0x63300000,0x732f6158,0x73300000)

Card table byte_map: [0x6307f000,0x63300000] byte_map_base: 0x62d65800

Polling page: 0xb7709000

Code Cache  [0xb33cf000, 0xb48b7000, 0xb63cf000)
 total_blobs=5847 nmethods=5436 adapters=363 free_code_cache=27844Kb largest_free_block=28410816

Compilation events (10 events):
Event: 7160.434 Thread 0x5fb29800 nmethod 7068 0xb48a5488 code [0xb48a5600, 0xb48a5bd0]
Event: 7160.465 Thread 0x5fb27800 nmethod 7069 0xb48a42c8 code [0xb48a4460, 0xb48a4b50]
Event: 7257.410 Thread 0x5fb29800 7070             com.google.common.collect.RegularImmutableSet::contains (48 bytes)
Event: 7257.414 Thread 0x5fb29800 nmethod 7070 0xb435b608 code [0xb435b720, 0xb435b9dc]
Event: 7310.390 Thread 0x5fb27800 7071             org.gradle.api.internal.AsmBackedClassGenerator$ClassBuilderImpl::addConstructor (312 bytes)
Event: 7310.422 Thread 0x5fb27800 nmethod 7071 0xb48b07c8 code [0xb48b0ba0, 0xb48b2124]
Event: 7321.891 Thread 0x5fb29800 7072 %           java.io.ObjectStreamClass::matchFields @ 43 (247 bytes)
Event: 7321.949 Thread 0x5fb29800 nmethod 7072% 0xb48a1788 code [0xb48a1b20, 0xb48a2a58]
Event: 7321.974 Thread 0x5fb27800 7073             java.io.ObjectStreamClass::matchFields (247 bytes)
Event: 7322.000 Thread 0x5fb27800 nmethod 7073 0xb48b41c8 code [0xb48b4540, 0xb48b54d8]

GC Heap History (10 events):
Event: 7300.102 GC heap after
Heap after GC invocations=226 (full 39):
 PSYoungGen      total 179712K, used 14653K [0x9dd80000, 0xacd00000, 0xb3300000)
  eden space 114176K, 0% used [0x9dd80000,0x9dd80000,0xa4d00000)
  from space 65536K, 22% used [0xa4d00000,0xa5b4f7c8,0xa8d00000)
  to   space 65280K, 0% used [0xa8d40000,0xa8d40000,0xacd00000)
 ParOldGen       total 528640K, used 251475K [0x73300000, 0x93740000, 0x9dd80000)
  object space 528640K, 47% used [0x73300000,0x82894ea0,0x93740000)
 PSPermGen       total 262144K, used 251225K [0x63300000, 0x73300000, 0x73300000)
  object space 262144K, 95% used [0x63300000,0x72856510,0x73300000)
}
Event: 7305.911 GC heap before
{Heap before GC invocations=227 (full 39):
 PSYoungGen      total 179712K, used 128829K [0x9dd80000, 0xacd00000, 0xb3300000)
  eden space 114176K, 100% used [0x9dd80000,0xa4d00000,0xa4d00000)
  from space 65536K, 22% used [0xa4d00000,0xa5b4f7c8,0xa8d00000)
  to   space 65280K, 0% used [0xa8d40000,0xa8d40000,0xacd00000)
 ParOldGen       total 528640K, used 251475K [0x73300000, 0x93740000, 0x9dd80000)
  object space 528640K, 47% used [0x73300000,0x82894ea0,0x93740000)
 PSPermGen       total 262144K, used 251344K [0x63300000, 0x73300000, 0x73300000)
  object space 262144K, 95% used [0x63300000,0x728743e0,0x73300000)
Event: 7305.971 GC heap after
Heap after GC invocations=227 (full 39):
 PSYoungGen      total 177920K, used 16362K [0x9dd80000, 0xacb00000, 0xb3300000)
  eden space 114688K, 0% used [0x9dd80000,0x9dd80000,0xa4d80000)
  from space 63232K, 25% used [0xa8d40000,0xa9d3a818,0xacb00000)
  to   space 64256K, 0% used [0xa4d80000,0xa4d80000,0xa8c40000)
 ParOldGen       total 528640K, used 251475K [0x73300000, 0x93740000, 0x9dd80000)
  object space 528640K, 47% used [0x73300000,0x82894ea0,0x93740000)
 PSPermGen       total 262144K, used 251344K [0x63300000, 0x73300000, 0x73300000)
  object space 262144K, 95% used [0x63300000,0x728743e0,0x73300000)
}
Event: 7320.557 GC heap before
{Heap before GC invocations=228 (full 39):
 PSYoungGen      total 177920K, used 131050K [0x9dd80000, 0xacb00000, 0xb3300000)
  eden space 114688K, 100% used [0x9dd80000,0xa4d80000,0xa4d80000)
  from space 63232K, 25% used [0xa8d40000,0xa9d3a818,0xacb00000)
  to   space 64256K, 0% used [0xa4d80000,0xa4d80000,0xa8c40000)
 ParOldGen       total 528640K, used 251475K [0x73300000, 0x93740000, 0x9dd80000)
  object space 528640K, 47% used [0x73300000,0x82894ea0,0x93740000)
 PSPermGen       total 262144K, used 256295K [0x63300000, 0x73300000, 0x73300000)
  object space 262144K, 97% used [0x63300000,0x72d49da0,0x73300000)
Event: 7320.601 GC heap after
Heap after GC invocations=228 (full 39):
 PSYoungGen      total 146688K, used 31817K [0x9dd80000, 0xac680000, 0xb3300000)
  eden space 114688K, 0% used [0x9dd80000,0x9dd80000,0xa4d80000)
  from space 32000K, 99% used [0xa4d80000,0xa6c92448,0xa6cc0000)
  to   space 61696K, 0% used [0xa8a40000,0xa8a40000,0xac680000)
 ParOldGen       total 528640K, used 251475K [0x73300000, 0x93740000, 0x9dd80000)
  object space 528640K, 47% used [0x73300000,0x82894ea0,0x93740000)
 PSPermGen       total 262144K, used 256295K [0x63300000, 0x73300000, 0x73300000)
  object space 262144K, 97% used [0x63300000,0x72d49da0,0x73300000)
}
Event: 7325.341 GC heap before
{Heap before GC invocations=229 (full 39):
 PSYoungGen      total 146688K, used 146505K [0x9dd80000, 0xac680000, 0xb3300000)
  eden space 114688K, 100% used [0x9dd80000,0xa4d80000,0xa4d80000)
  from space 32000K, 99% used [0xa4d80000,0xa6c92448,0xa6cc0000)
  to   space 61696K, 0% used [0xa8a40000,0xa8a40000,0xac680000)
 ParOldGen       total 528640K, used 251475K [0x73300000, 0x93740000, 0x9dd80000)
  object space 528640K, 47% used [0x73300000,0x82894ea0,0x93740000)
 PSPermGen       total 262144K, used 257939K [0x63300000, 0x73300000, 0x73300000)
  object space 262144K, 98% used [0x63300000,0x72ee4d90,0x73300000)
Event: 7325.449 GC heap after
Heap after GC invocations=229 (full 39):
 PSYoungGen      total 175872K, used 36803K [0x9dd80000, 0xac580000, 0xb3300000)
  eden space 115200K, 0% used [0x9dd80000,0x9dd80000,0xa4e00000)
  from space 60672K, 60% used [0xa8a40000,0xaae30fc8,0xac580000)
  to   space 61184K, 0% used [0xa4e00000,0xa4e00000,0xa89c0000)
 ParOldGen       total 528640K, used 251475K [0x73300000, 0x93740000, 0x9dd80000)
  object space 528640K, 47% used [0x73300000,0x82894ea0,0x93740000)
 PSPermGen       total 262144K, used 257939K [0x63300000, 0x73300000, 0x73300000)
  object space 262144K, 98% used [0x63300000,0x72ee4d90,0x73300000)
}
Event: 7327.018 GC heap before
{Heap before GC invocations=230 (full 39):
 PSYoungGen      total 175872K, used 104616K [0x9dd80000, 0xac580000, 0xb3300000)
  eden space 115200K, 58% used [0x9dd80000,0xa1fb9128,0xa4e00000)
  from space 60672K, 60% used [0xa8a40000,0xaae30fc8,0xac580000)
  to   space 61184K, 0% used [0xa4e00000,0xa4e00000,0xa89c0000)
 ParOldGen       total 528640K, used 251475K [0x73300000, 0x93740000, 0x9dd80000)
  object space 528640K, 47% used [0x73300000,0x82894ea0,0x93740000)
 PSPermGen       total 262144K, used 262143K [0x63300000, 0x73300000, 0x73300000)
  object space 262144K, 99% used [0x63300000,0x732ffc28,0x73300000)
Event: 7327.116 GC heap after
Heap after GC invocations=230 (full 39):
 PSYoungGen      total 176384K, used 44688K [0x9dd80000, 0xacac0000, 0xb3300000)
  eden space 115200K, 0% used [0x9dd80000,0x9dd80000,0xa4e00000)
  from space 61184K, 73% used [0xa4e00000,0xa79a4190,0xa89c0000)
  to   space 63488K, 0% used [0xa8cc0000,0xa8cc0000,0xacac0000)
 ParOldGen       total 528640K, used 251475K [0x73300000, 0x93740000, 0x9dd80000)
  object space 528640K, 47% used [0x73300000,0x82894ea0,0x93740000)
 PSPermGen       total 262144K, used 262143K [0x63300000, 0x73300000, 0x73300000)
  object space 262144K, 99% used [0x63300000,0x732ffc28,0x73300000)
}
Event: 7327.116 GC heap before
{Heap before GC invocations=231 (full 40):
 PSYoungGen      total 176384K, used 44688K [0x9dd80000, 0xacac0000, 0xb3300000)
  eden space 115200K, 0% used [0x9dd80000,0x9dd80000,0xa4e00000)
  from space 61184K, 73% used [0xa4e00000,0xa79a4190,0xa89c0000)
  to   space 63488K, 0% used [0xa8cc0000,0xa8cc0000,0xacac0000)
 ParOldGen       total 528640K, used 251475K [0x73300000, 0x93740000, 0x9dd80000)
  object space 528640K, 47% used [0x73300000,0x82894ea0,0x93740000)
 PSPermGen       total 262144K, used 262143K [0x63300000, 0x73300000, 0x73300000)
  object space 262144K, 99% used [0x63300000,0x732ffc28,0x73300000)

Deoptimization events (10 events):
Event: 7159.168 Thread 0x5e0a4800 Uncommon trap: reason=class_check action=maybe_recompile pc=0xb4859de0 method=com.android.tools.lint.client.api.ResourceVisitor.visitElement(Lcom/android/tools/lint/detector/api/XmlContext;Lorg/w3c/dom/Element;)V @ 126
Event: 7159.168 Thread 0x5e0a4800 Uncommon trap: reason=class_check action=maybe_recompile pc=0xb4859de0 method=com.android.tools.lint.client.api.ResourceVisitor.visitElement(Lcom/android/tools/lint/detector/api/XmlContext;Lorg/w3c/dom/Element;)V @ 126
Event: 7159.168 Thread 0x5e0a4800 Uncommon trap: reason=class_check action=maybe_recompile pc=0xb4859de0 method=com.android.tools.lint.client.api.ResourceVisitor.visitElement(Lcom/android/tools/lint/detector/api/XmlContext;Lorg/w3c/dom/Element;)V @ 126
Event: 7159.700 Thread 0x5e0a4800 Uncommon trap: reason=class_check action=maybe_recompile pc=0xb4859de0 method=com.android.tools.lint.client.api.ResourceVisitor.visitElement(Lcom/android/tools/lint/detector/api/XmlContext;Lorg/w3c/dom/Element;)V @ 126
Event: 7160.398 Thread 0x59c17c00 Uncommon trap: reason=class_check action=maybe_recompile pc=0xb41362b4 method=com.google.common.collect.AbstractIndexedListIterator.next()Ljava/lang/Object; @ 27
Event: 7160.398 Thread 0x59c17c00 Uncommon trap: reason=class_check action=maybe_recompile pc=0xb41362b4 method=com.google.common.collect.AbstractIndexedListIterator.next()Ljava/lang/Object; @ 27
Event: 7160.398 Thread 0x59c17c00 Uncommon trap: reason=class_check action=maybe_recompile pc=0xb41362b4 method=com.google.common.collect.AbstractIndexedListIterator.next()Ljava/lang/Object; @ 27
Event: 7160.398 Thread 0x59c17c00 Uncommon trap: reason=class_check action=maybe_recompile pc=0xb41362b4 method=com.google.common.collect.AbstractIndexedListIterator.next()Ljava/lang/Object; @ 27
Event: 7170.455 Thread 0x5a1e3c00 Uncommon trap: reason=unreached action=reinterpret pc=0xb3670bc4 method=ch.qos.logback.classic.Logger.isDebugEnabled(Lorg/slf4j/Marker;)Z @ 36
Event: 7321.867 Thread 0x5e0a4800 Uncommon trap: reason=bimorphic action=maybe_recompile pc=0xb3ee9ca4 method=com.google.common.cache.LocalCache$Segment.expand()V @ 80

Internal exceptions (10 events):
Event: 7326.901 Thread 0x5e0a4800 Threw 0xa18ab638 at /build/buildd/openjdk-7-7u75-2.5.4/build/openjdk/hotspot/src/share/vm/prims/jvm.cpp:1284
Event: 7326.901 Thread 0x5e0a4800 Threw 0xa18abd88 at /build/buildd/openjdk-7-7u75-2.5.4/build/openjdk/hotspot/src/share/vm/classfile/systemDictionary.cpp:185
Event: 7326.903 Thread 0x5e0a4800 Threw 0xa18debb8 at /build/buildd/openjdk-7-7u75-2.5.4/build/openjdk/hotspot/src/share/vm/prims/jvm.cpp:1284
Event: 7326.905 Thread 0x5e0a4800 Threw 0xa18e6f20 at /build/buildd/openjdk-7-7u75-2.5.4/build/openjdk/hotspot/src/share/vm/prims/jvm.cpp:1284
Event: 7326.905 Thread 0x5e0a4800 Threw 0xa18e7da8 at /build/buildd/openjdk-7-7u75-2.5.4/build/openjdk/hotspot/src/share/vm/prims/jvm.cpp:1284
Event: 7326.905 Thread 0x5e0a4800 Threw 0xa18efc68 at /build/buildd/openjdk-7-7u75-2.5.4/build/openjdk/hotspot/src/share/vm/prims/jvm.cpp:1284
Event: 7326.905 Thread 0x5e0a4800 Threw 0xa18f5320 at /build/buildd/openjdk-7-7u75-2.5.4/build/openjdk/hotspot/src/share/vm/prims/jvm.cpp:1284
Event: 7326.916 Thread 0x5e0a4800 Threw 0xa18fac50 at /build/buildd/openjdk-7-7u75-2.5.4/build/openjdk/hotspot/src/share/vm/prims/jvm.cpp:1284
Event: 7326.916 Thread 0x5e0a4800 Threw 0xa18fb868 at /build/buildd/openjdk-7-7u75-2.5.4/build/openjdk/hotspot/src/share/vm/prims/jvm.cpp:1284
Event: 7326.916 Thread 0x5e0a4800 Threw 0xa1902be8 at /build/buildd/openjdk-7-7u75-2.5.4/build/openjdk/hotspot/src/share/vm/prims/jvm.cpp:1284

Events (10 events):
Event: 7326.900 loading class 0x5a17bf40 done
Event: 7326.901 loading class 0x5b5c0d98
Event: 7326.901 loading class 0x5b5c0d98 done
Event: 7326.901 loading class 0x5a73fc30
Event: 7326.901 loading class 0x5a73fc30 done
Event: 7326.904 loading class 0x5b637f10
Event: 7326.904 loading class 0x5b637f10 done
Event: 7326.916 loading class 0x5e9854f0
Event: 7326.916 loading class 0x5e9854f0 done
Event: 7327.017 Executing VM operation: ParallelGCFailedPermanentAllocation


Dynamic libraries:
08048000-08049000 r-xp 00000000 08:05 6298752    /usr/lib/jvm/java-7-openjdk-i386/jre/bin/java
08049000-0804a000 r--p 00000000 08:05 6298752    /usr/lib/jvm/java-7-openjdk-i386/jre/bin/java
0804a000-0804b000 rw-p 00001000 08:05 6298752    /usr/lib/jvm/java-7-openjdk-i386/jre/bin/java
08ce3000-0aa7f000 rw-p 00000000 00:00 0          [heap]
58300000-583fe000 rw-p 00000000 00:00 0 
583fe000-58400000 ---p 00000000 00:00 0 
58400000-58438000 rw-p 00000000 00:00 0 
58438000-58500000 ---p 00000000 00:00 0 
58500000-585fe000 rw-p 00000000 00:00 0 
585fe000-58600000 ---p 00000000 00:00 0 
58700000-587ff000 rw-p 00000000 00:00 0 
587ff000-58800000 ---p 00000000 00:00 0 
58800000-588fe000 rw-p 00000000 00:00 0 
588fe000-58900000 ---p 00000000 00:00 0 
58900000-589fe000 rw-p 00000000 00:00 0 
589fe000-58a00000 ---p 00000000 00:00 0 
58a00000-58af9000 rw-p 00000000 00:00 0 
58af9000-58b00000 ---p 00000000 00:00 0 
58b00000-58bfe000 rw-p 00000000 00:00 0 
58bfe000-58c00000 ---p 00000000 00:00 0 
58c00000-58cf7000 rw-p 00000000 00:00 0 
58cf7000-58d00000 ---p 00000000 00:00 0 
58d00000-58d9f000 rw-p 00000000 00:00 0 
58d9f000-58e00000 ---p 00000000 00:00 0 
58f00000-59000000 rw-p 00000000 00:00 0 
59100000-592d8000 rw-p 00000000 00:00 0 
592d8000-59300000 ---p 00000000 00:00 0 
59300000-59500000 rw-p 00000000 00:00 0 
59500000-59700000 rw-p 00000000 00:00 0 
59700000-59900000 rw-p 00000000 00:00 0 
59900000-59b00000 rw-p 00000000 00:00 0 
59b00000-59d00000 rw-p 00000000 00:00 0 
59d00000-59def000 rw-p 00000000 00:00 0 
59def000-59e00000 ---p 00000000 00:00 0 
59e00000-59eff000 rw-p 00000000 00:00 0 
59eff000-59f00000 ---p 00000000 00:00 0 
59f00000-59ffb000 rw-p 00000000 00:00 0 
59ffb000-5a000000 ---p 00000000 00:00 0 
5a000000-5a0fc000 rw-p 00000000 00:00 0 
5a0fc000-5a100000 ---p 00000000 00:00 0 
5a100000-5a200000 rw-p 00000000 00:00 0 
5a300000-5a3fa000 rw-p 00000000 00:00 0 
5a3fa000-5a400000 ---p 00000000 00:00 0 
5a400000-5a4fa000 rw-p 00000000 00:00 0 
5a4fa000-5a500000 ---p 00000000 00:00 0 
5a500000-5a5fb000 rw-p 00000000 00:00 0 
5a5fb000-5a600000 ---p 00000000 00:00 0 
5a600000-5a6fc000 rw-p 00000000 00:00 0 
5a6fc000-5a700000 ---p 00000000 00:00 0 
5a700000-5a7ff000 rw-p 00000000 00:00 0 
5a7ff000-5a800000 ---p 00000000 00:00 0 
5a800000-5a8fe000 rw-p 00000000 00:00 0 
5a8fe000-5a900000 ---p 00000000 00:00 0 
5a900000-5a9f8000 rw-p 00000000 00:00 0 
5a9f8000-5aa00000 ---p 00000000 00:00 0 
5aa00000-5ab00000 rw-p 00000000 00:00 0 
5ab00000-5abfd000 rw-p 00000000 00:00 0 
5abfd000-5ac00000 ---p 00000000 00:00 0 
5ad00000-5adfa000 rw-p 00000000 00:00 0 
5adfa000-5ae00000 ---p 00000000 00:00 0 
5ae00000-5aeff000 rw-p 00000000 00:00 0 
5aeff000-5af00000 ---p 00000000 00:00 0 
5af00000-5affe000 rw-p 00000000 00:00 0 
5affe000-5b000000 ---p 00000000 00:00 0 
5b000000-5b0fd000 rw-p 00000000 00:00 0 
5b0fd000-5b100000 ---p 00000000 00:00 0 
5b100000-5b1f9000 rw-p 00000000 00:00 0 
5b1f9000-5b200000 ---p 00000000 00:00 0 
5b200000-5b2fe000 rw-p 00000000 00:00 0 
5b2fe000-5b300000 ---p 00000000 00:00 0 
5b300000-5b400000 rw-p 00000000 00:00 0 
5b400000-5b4fb000 rw-p 00000000 00:00 0 
5b4fb000-5b500000 ---p 00000000 00:00 0 
5b500000-5b5fe000 rw-p 00000000 00:00 0 
5b5fe000-5b600000 ---p 00000000 00:00 0 
5b600000-5b7f9000 rw-p 00000000 00:00 0 
5b7f9000-5b800000 ---p 00000000 00:00 0 
5b800000-5b9fc000 rw-p 00000000 00:00 0 
5b9fc000-5ba00000 ---p 00000000 00:00 0 
5ba00000-5baf9000 rw-p 00000000 00:00 0 
5baf9000-5bb00000 ---p 00000000 00:00 0 
5bb02000-5bb03000 r--s 00005000 08:06 8653013    /home/hitesh/Hitesh data/linux Softwares/android-studio/gradle/m2repository/com/android/tools/dvlib/24.2.3/dvlib-24.2.3.jar
5bb03000-5bb06000 r--s 00012000 08:06 8525465    /home/hitesh/Hitesh data/linux Softwares/android-studio/gradle/m2repository/com/android/tools/layoutlib/layoutlib-api/24.2.3/layoutlib-api-24.2.3.jar
5bb06000-5bb07000 r--s 00001000 08:06 8394449    /home/hitesh/Hitesh data/linux Softwares/android-studio/gradle/m2repository/com/android/tools/annotations/24.2.3/annotations-24.2.3.jar
5bb07000-5bb0a000 r--s 0002b000 08:06 7609912    /home/hitesh/Hitesh data/linux Softwares/android-studio/gradle/m2repository/com/android/tools/lint/lint-api/24.2.3/lint-api-24.2.3.jar
5bb0a000-5bb0f000 r--s 00042000 08:06 9962872    /home/hitesh/Hitesh data/linux Softwares/android-studio/gradle/m2repository/com/android/tools/ddms/ddmlib/24.2.3/ddmlib-24.2.3.jar
5bb0f000-5bb13000 r--s 00029000 08:06 11539217   /home/hitesh/Hitesh data/linux Softwares/android-studio/gradle/m2repository/com/android/tools/build/manifest-merger/24.2.3/manifest-merger-24.2.3.jar
5bb13000-5bb1d000 r--s 000a9000 08:06 11928444   /home/hitesh/Hitesh data/linux Softwares/android-studio/gradle/m2repository/com/android/tools/sdklib/24.2.3/sdklib-24.2.3.jar
5bb1d000-5bb1f000 r--s 00004000 08:06 10748724   /home/hitesh/Hitesh data/linux Softwares/android-studio/gradle/m2repository/com/android/tools/build/builder-model/1.2.3/builder-model-1.2.3.jar
5bb1f000-5bb21000 r--s 00012000 08:06 8653034    /home/hitesh/Hitesh data/linux Softwares/android-studio/gradle/m2repository/com/android/tools/common/24.2.3/common-24.2.3.jar
5bb21000-5bb22000 r--s 00002000 08:06 10881793   /home/hitesh/Hitesh data/linux Softwares/android-studio/gradle/m2repository/com/android/tools/build/builder-test-api/1.2.3/builder-test-api-1.2.3.jar
5bb22000-5bb28000 r--s 0005f000 08:06 8652995    /home/hitesh/Hitesh data/linux Softwares/android-studio/gradle/m2repository/com/android/tools/sdk-common/24.2.3/sdk-common-24.2.3.jar
5bb28000-5bb38000 r--s 000d3000 08:06 6566932    /home/hitesh/Hitesh data/linux Softwares/android-studio/gradle/m2repository/net/sf/proguard/proguard-base/5.1/proguard-base-5.1.jar
5bbc0000-5bbc3000 ---p 00000000 00:00 0 
5bbc3000-5bc11000 rw-p 00000000 00:00 0 
5bc11000-5bc14000 ---p 00000000 00:00 0 
5bc14000-5bc62000 rw-p 00000000 00:00 0 
5bc62000-5bc65000 ---p 00000000 00:00 0 
5bc65000-5bcb3000 rw-p 00000000 00:00 0 
5bcb3000-5bcb6000 ---p 00000000 00:00 0 
5bcb6000-5bd04000 rw-p 00000000 00:00 0 
5bd04000-5bd07000 ---p 00000000 00:00 0 
5bd07000-5bd1f000 rw-p 00000000 00:00 0 
5bd1f000-5bd22000 ---p 00000000 00:00 0 
5bd22000-5bd70000 rw-p 00000000 00:00 0 
5bd70000-5bd73000 ---p 00000000 00:00 0 
5bd73000-5bdc1000 rw-p 00000000 00:00 0 
5bdc1000-5bdc4000 ---p 00000000 00:00 0 
5bdc4000-5bddc000 rw-p 00000000 00:00 0 
5bddc000-5bddf000 ---p 00000000 00:00 0 
5bddf000-5bdf7000 rw-p 00000000 00:00 0 
5bdf7000-5bdfa000 ---p 00000000 00:00 0 
5bdfa000-5be48000 rw-p 00000000 00:00 0 
5be48000-5be4b000 ---p 00000000 00:00 0 
5be4b000-5be99000 rw-p 00000000 00:00 0 
5be99000-5be9c000 ---p 00000000 00:00 0 
5be9c000-5beb4000 rw-p 00000000 00:00 0 
5beb4000-5beb7000 ---p 00000000 00:00 0 
5beb7000-5bf05000 rw-p 00000000 00:00 0 
5bf05000-5bf08000 ---p 00000000 00:00 0 
5bf08000-5bf56000 rw-p 00000000 00:00 0 
5bf56000-5bf59000 ---p 00000000 00:00 0 
5bf59000-5bf71000 rw-p 00000000 00:00 0 
5bf71000-5bf74000 ---p 00000000 00:00 0 
5bf74000-5bfc2000 rw-p 00000000 00:00 0 
5bfc2000-5bfc5000 ---p 00000000 00:00 0 
5bfc5000-5c013000 rw-p 00000000 00:00 0 
5c013000-5c016000 ---p 00000000 00:00 0 
5c016000-5c02e000 rw-p 00000000 00:00 0 
5c02e000-5c031000 ---p 00000000 00:00 0 
5c031000-5c07f000 rw-p 00000000 00:00 0 
5c07f000-5c082000 ---p 00000000 00:00 0 
5c082000-5c0d0000 rw-p 00000000 00:00 0 
5c0d0000-5c0d3000 ---p 00000000 00:00 0 
5c0d3000-5c121000 rw-p 00000000 00:00 0 
5c121000-5c124000 ---p 00000000 00:00 0 
5c124000-5c13c000 rw-p 00000000 00:00 0 
5c13c000-5c13f000 ---p 00000000 00:00 0 
5c13f000-5c18d000 rw-p 00000000 00:00 0 
5c18d000-5c190000 ---p 00000000 00:00 0 
5c190000-5c1de000 rw-p 00000000 00:00 0 
5c1de000-5c1e1000 ---p 00000000 00:00 0 
5c1e1000-5c22f000 rw-p 00000000 00:00 0 
5c22f000-5c232000 ---p 00000000 00:00 0 
5c232000-5c280000 rw-p 00000000 00:00 0 
5c280000-5c283000 ---p 00000000 00:00 0 
5c283000-5c29b000 rw-p 00000000 00:00 0 
5c29b000-5c29e000 ---p 00000000 00:00 0 
5c29e000-5c2ec000 rw-p 00000000 00:00 0 
5c2ec000-5c2ef000 ---p 00000000 00:00 0 
5c2ef000-5c33d000 rw-p 00000000 00:00 0 
5c33d000-5c340000 ---p 00000000 00:00 0 
5c340000-5c38e000 rw-p 00000000 00:00 0 
5c38e000-5c391000 ---p 00000000 00:00 0 
5c391000-5c3df000 rw-p 00000000 00:00 0 
5c3df000-5c3e2000 ---p 00000000 00:00 0 
5c3e2000-5c430000 rw-p 00000000 00:00 0 
5c430000-5c433000 ---p 00000000 00:00 0 
5c433000-5c44b000 rw-p 00000000 00:00 0 
5c44b000-5c44e000 ---p 00000000 00:00 0 
5c44e000-5c49c000 rw-p 00000000 00:00 0 
5c49c000-5c49f000 ---p 00000000 00:00 0 
5c49f000-5c4ed000 rw-p 00000000 00:00 0 
5c4ed000-5c4f0000 ---p 00000000 00:00 0 
5c4f0000-5c508000 rw-p 00000000 00:00 0 
5c508000-5c50b000 ---p 00000000 00:00 0 
5c50b000-5c559000 rw-p 00000000 00:00 0 
5c559000-5c55c000 ---p 00000000 00:00 0 
5c55c000-5c5aa000 rw-p 00000000 00:00 0 
5c5aa000-5c5ad000 ---p 00000000 00:00 0 
5c5ad000-5c5fb000 rw-p 00000000 00:00 0 
5c5fb000-5c5fe000 ---p 00000000 00:00 0 
5c5fe000-5c616000 rw-p 00000000 00:00 0 
5c616000-5c619000 ---p 00000000 00:00 0 
5c619000-5c667000 rw-p 00000000 00:00 0 
5c667000-5c66a000 ---p 00000000 00:00 0 
5c66a000-5c6b8000 rw-p 00000000 00:00 0 
5c6b8000-5c6bb000 ---p 00000000 00:00 0 
5c6bb000-5c6d3000 rw-p 00000000 00:00 0 
5c6d3000-5c6d6000 ---p 00000000 00:00 0 
5c6d6000-5c724000 rw-p 00000000 00:00 0 
5c724000-5c727000 ---p 00000000 00:00 0 
5c727000-5c775000 rw-p 00000000 00:00 0 
5c775000-5c778000 ---p 00000000 00:00 0 
5c778000-5c7c6000 rw-p 00000000 00:00 0 
5c7c6000-5c7c9000 ---p 00000000 00:00 0 
5c7c9000-5c817000 rw-p 00000000 00:00 0 
5c817000-5c81a000 ---p 00000000 00:00 0 
5c81a000-5c868000 rw-p 00000000 00:00 0 
5c868000-5c86b000 ---p 00000000 00:00 0 
5c86b000-5c8b9000 rw-p 00000000 00:00 0 
5c8b9000-5c8bc000 ---p 00000000 00:00 0 
5c8bc000-5c90a000 rw-p 00000000 00:00 0 
5c90a000-5c90d000 ---p 00000000 00:00 0 
5c90d000-5c95b000 rw-p 00000000 00:00 0 
5c95b000-5c95e000 ---p 00000000 00:00 0 
5c95e000-5c9ac000 rw-p 00000000 00:00 0 
5c9ac000-5c9af000 ---p 00000000 00:00 0 
5c9af000-5c9fd000 rw-p 00000000 00:00 0 
5c9fd000-5ca00000 ---p 00000000 00:00 0 
5ca00000-5ca4e000 rw-p 00000000 00:00 0 
5ca4e000-5ca51000 ---p 00000000 00:00 0 
5ca51000-5ca69000 rw-p 00000000 00:00 0 
5ca69000-5ca6c000 ---p 00000000 00:00 0 
5ca6c000-5caba000 rw-p 00000000 00:00 0 
5caba000-5cabd000 ---p 00000000 00:00 0 
5cabd000-5cb0b000 rw-p 00000000 00:00 0 
5cb0b000-5cb0e000 ---p 00000000 00:00 0 
5cb0e000-5cb26000 rw-p 00000000 00:00 0 
5cb26000-5cb29000 ---p 00000000 00:00 0 
5cb29000-5cb41000 rw-p 00000000 00:00 0 
5cb41000-5cb44000 ---p 00000000 00:00 0 
5cb44000-5cb92000 rw-p 00000000 00:00 0 
5cb92000-5cb95000 ---p 00000000 00:00 0 
5cb95000-5cbe3000 rw-p 00000000 00:00 0 
5cbe3000-5cbe6000 ---p 00000000 00:00 0 
5cbe6000-5cc34000 rw-p 00000000 00:00 0 
5cc34000-5cc37000 ---p 00000000 00:00 0 
5cc37000-5cc85000 rw-p 00000000 00:00 0 
5cc85000-5cc88000 ---p 00000000 00:00 0 
5cc88000-5ccd6000 rw-p 00000000 00:00 0 
5ccd6000-5ccd9000 ---p 00000000 00:00 0 
5ccd9000-5cd27000 rw-p 00000000 00:00 0 
5cd27000-5cd2a000 ---p 00000000 00:00 0 
5cd2a000-5cd78000 rw-p 00000000 00:00 0 
5cd78000-5cd7b000 ---p 00000000 00:00 0 
5cd7b000-5cdc9000 rw-p 00000000 00:00 0 
5cdc9000-5cdcc000 ---p 00000000 00:00 0 
5cdcc000-5ce1a000 rw-p 00000000 00:00 0 
5ce1a000-5ce1d000 ---p 00000000 00:00 0 
5ce1d000-5ce6b000 rw-p 00000000 00:00 0 
5ce6b000-5ce6e000 ---p 00000000 00:00 0 
5ce6e000-5cebc000 rw-p 00000000 00:00 0 
5cebc000-5cebf000 ---p 00000000 00:00 0 
5cebf000-5ced7000 rw-p 00000000 00:00 0 
5ced7000-5ceda000 ---p 00000000 00:00 0 
5ceda000-5cef2000 rw-p 00000000 00:00 0 
5cef2000-5cef5000 ---p 00000000 00:00 0 
5cef5000-5cf0d000 rw-p 00000000 00:00 0 
5cf0d000-5cf10000 ---p 00000000 00:00 0 
5cf10000-5cf5e000 rw-p 00000000 00:00 0 
5cf5e000-5cf61000 ---p 00000000 00:00 0 
5cf61000-5cfaf000 rw-p 00000000 00:00 0 
5cfaf000-5cfb2000 ---p 00000000 00:00 0 
5cfb2000-5d000000 rw-p 00000000 00:00 0 
5d000000-5d0e0000 rw-p 00000000 00:00 0 
5d0e0000-5d100000 ---p 00000000 00:00 0 
5d100000-5d200000 rw-p 00000000 00:00 0 
5d200000-5d2e6000 rw-p 00000000 00:00 0 
5d2e6000-5d300000 ---p 00000000 00:00 0 
5d300000-5d400000 rw-p 00000000 00:00 0 
5d400000-5d5dd000 rw-p 00000000 00:00 0 
5d5dd000-5d600000 ---p 00000000 00:00 0 
5d600000-5d6fd000 rw-p 00000000 00:00 0 
5d6fd000-5d700000 ---p 00000000 00:00 0 
5d700000-5d7f3000 rw-p 00000000 00:00 0 
5d7f3000-5d800000 ---p 00000000 00:00 0 
5d800000-5d806000 r--s 00093000 08:06 7471490    /home/hitesh/Hitesh data/linux Softwares/android-studio/gradle/m2repository/com/android/tools/lint/lint-checks/24.2.3/lint-checks-24.2.3.jar
5d806000-5d80b000 r--s 00039000 08:06 10490377   /home/hitesh/Hitesh data/linux Softwares/android-studio/gradle/m2repository/com/android/tools/build/builder/1.2.3/builder-1.2.3.jar
5d80b000-5d80d000 r--s 0001a000 08:06 7471422    /home/hitesh/Hitesh data/linux Softwares/android-studio/gradle/m2repository/com/android/tools/lint/lint/24.2.3/lint-24.2.3.jar
5d80d000-5d810000 ---p 00000000 00:00 0 
5d810000-5d85e000 rw-p 00000000 00:00 0 
5d85e000-5d861000 ---p 00000000 00:00 0 
5d861000-5d8af000 rw-p 00000000 00:00 0 
5d8af000-5d8b2000 ---p 00000000 00:00 0 
5d8b2000-5d900000 rw-p 00000000 00:00 0 
5d900000-5d9ec000 rw-p 00000000 00:00 0 
5d9ec000-5da00000 ---p 00000000 00:00 0 
5da01000-5da14000 r--s 0015d000 08:06 11277175   /home/hitesh/Hitesh data/linux Softwares/android-studio/gradle/m2repository/com/android/tools/build/gradle-core/1.2.3/gradle-core-1.2.3.jar
5da14000-5da17000 ---p 00000000 00:00 0 
5da17000-5da2f000 rw-p 00000000 00:00 0 
5da2f000-5da32000 ---p 00000000 00:00 0 
5da32000-5da80000 rw-p 00000000 00:00 0 
5da80000-5da88000 r-xp 00000000 08:05 6298839    /usr/lib/jvm/java-7-openjdk-i386/jre/lib/i386/libmanagement.so
5da88000-5da89000 r--p 00007000 08:05 6298839    /usr/lib/jvm/java-7-openjdk-i386/jre/lib/i386/libmanagement.so
5da89000-5da8a000 rw-p 00008000 08:05 6298839    /usr/lib/jvm/java-7-openjdk-i386/jre/lib/i386/libmanagement.so
5da8a000-5da92000 r--s 000a8000 08:06 7869024    /home/hitesh/Hitesh data/linux Softwares/android-studio/gradle/m2repository/com/android/tools/external/lombok/lombok-ast/0.2.3/lombok-ast-0.2.3.jar
5da92000-5da94000 r--s 0000d000 08:06 7869033    /home/hitesh/Hitesh data/linux Softwares/android-studio/gradle/m2repository/commons-codec/commons-codec/1.4/commons-codec-1.4.jar
5da94000-5da96000 r--s 0000d000 08:06 3543502    /home/hitesh/Hitesh data/linux Softwares/android-studio/gradle/m2repository/commons-logging/commons-logging/1.1.1/commons-logging-1.1.1.jar
5da96000-5da9b000 r--s 00028000 08:06 4079365    /home/hitesh/Hitesh data/linux Softwares/android-studio/gradle/m2repository/org/apache/httpcomponents/httpcore/4.1/httpcore-4.1.jar
5da9b000-5da9c000 r--s 00004000 08:06 13633554   /home/hitesh/.gradle/caches/modules-2/files-2.1/com.intellij/annotations/12.0/bbcf6448f6d40abe506e2c83b70a3e8bfd2b4539/annotations-12.0.jar
5da9c000-5da9d000 r--s 00004000 08:06 5378532    /home/hitesh/Hitesh data/linux Softwares/android-studio/gradle/m2repository/org/ow2/asm/asm-analysis/5.0.3/asm-analysis-5.0.3.jar
5da9d000-5daa0000 r--s 0002d000 08:06 6687368    /home/hitesh/.gradle/caches/modules-2/files-2.1/com.android.tools.lint/lint-api/24.3.0-beta1/d43d9675958e80399fb92157cded17c6fb06fe8c/lint-api-24.3.0-beta1.jar
5daa0000-5daa1000 r--s 0000a000 08:06 7471510    /home/hitesh/Hitesh data/linux Softwares/android-studio/gradle/m2repository/net/sf/kxml/kxml2/2.3.0/kxml2-2.3.0.jar
5daa1000-5dacc000 r--s 001f9000 08:06 7213475    /home/hitesh/Hitesh data/linux Softwares/android-studio/gradle/m2repository/com/google/guava/guava/17.0/guava-17.0.jar
5dacc000-5dace000 r--s 00005000 08:06 3940840    /home/hitesh/Hitesh data/linux Softwares/android-studio/gradle/m2repository/org/apache/httpcomponents/httpmime/4.1/httpmime-4.1.jar
5dace000-5dad6000 r--s 0004e000 08:06 4201231    /home/hitesh/Hitesh data/linux Softwares/android-studio/gradle/m2repository/org/apache/httpcomponents/httpclient/4.1.1/httpclient-4.1.1.jar
5dad6000-5dadd000 r--s 00053000 08:06 4201239    /home/hitesh/Hitesh data/linux Softwares/android-studio/gradle/m2repository/org/apache/commons/commons-compress/1.8.1/commons-compress-1.8.1.jar
5dadd000-5dae2000 r--s 0002a000 08:06 7213468    /home/hitesh/Hitesh data/linux Softwares/android-studio/gradle/m2repository/com/google/code/gson/gson/2.2.4/gson-2.2.4.jar
5dae2000-5dae3000 r--s 00005000 08:06 6687366    /home/hitesh/.gradle/caches/modules-2/files-2.1/com.android.tools/dvlib/24.3.0-beta1/9b360670b240003da59b0ad2dfda26daee2b4d2e/dvlib-24.3.0-beta1.jar
5dae3000-5dae6000 r--s 00013000 08:06 6687364    /home/hitesh/.gradle/caches/modules-2/files-2.1/com.android.tools.layoutlib/layoutlib-api/24.3.0-beta1/3c18a808bb9ec9210036a20df39447e74a20704f/layoutlib-api-24.3.0-beta1.jar
5dae6000-5dae7000 r--s 00001000 08:06 6568627    /home/hitesh/.gradle/caches/modules-2/files-2.1/com.android.tools/annotations/24.3.0-beta1/6346def53600ee478442db6a8eddb359a0f17f47/annotations-24.3.0-beta1.jar
5dae7000-5daf7000 r--s 000d6000 08:06 13633552   /home/hitesh/.gradle/caches/modules-2/files-2.1/net.sf.proguard/proguard-base/5.2.1/4f61348b4e7c943b85679dcb697f3a5fc3101921/proguard-base-5.2.1.jar
5daf7000-5db09000 r--s 00220000 08:06 3805460    /home/hitesh/Hitesh data/linux Softwares/android-studio/gradle/m2repository/org/eclipse/jdt/core/compiler/ecj/4.4/ecj-4.4.jar
5db09000-5db0f000 r--s 00099000 08:06 6568625    /home/hitesh/.gradle/caches/modules-2/files-2.1/com.android.tools.lint/lint-checks/24.3.0-beta1/f3c05fe2d26ef32d9d9b401c3e37036ee4855deb/lint-checks-24.3.0-beta1.jar
5db0f000-5db11000 r--s 00005000 08:06 13633546   /home/hitesh/.gradle/caches/modules-2/files-2.1/com.android.tools.jill/jill-api/0.9.0/7ca498d488f62d069263a8e3986e8acdabece3e7/jill-api-0.9.0.jar
5db11000-5db13000 r--s 00006000 08:06 12455295   /home/hitesh/.gradle/caches/modules-2/files-2.1/com.android.tools.jack/jack-api/0.9.0/8e682e3654d2aa6035b3c0aadec65013d9d0dac7/jack-api-0.9.0.jar
5db13000-5db15000 r--s 00006000 08:06 5510274    /home/hitesh/Hitesh data/linux Softwares/android-studio/gradle/m2repository/org/ow2/asm/asm-tree/5.0.3/asm-tree-5.0.3.jar
5db15000-5db16000 r--s 0000c000 08:06 5510262    /home/hitesh/Hitesh data/linux Softwares/android-studio/gradle/m2repository/org/ow2/asm/asm/5.0.3/asm-5.0.3.jar
5db16000-5db49000 r--s 00203000 08:06 5115091    /home/hitesh/Hitesh data/linux Softwares/android-studio/gradle/m2repository/org/bouncycastle/bcprov-jdk15on/1.48/bcprov-jdk15on-1.48.jar
5db49000-5db57000 r--s 00081000 08:06 4986307    /home/hitesh/Hitesh data/linux Softwares/android-studio/gradle/m2repository/org/bouncycastle/bcpkix-jdk15on/1.48/bcpkix-jdk15on-1.48.jar
5db57000-5db59000 r--s 00002000 08:06 6032412    /home/hitesh/Hitesh data/linux Softwares/android-studio/gradle/m2repository/com/squareup/javawriter/2.5.0/javawriter-2.5.0.jar
5db59000-5db5e000 r--s 00043000 08:06 6568623    /home/hitesh/.gradle/caches/modules-2/files-2.1/com.android.tools.ddms/ddmlib/24.3.0-beta1/7dde4af6f7392e0058b969d1c19fefd82a58819a/ddmlib-24.3.0-beta1.jar
5db5e000-5db61000 r--s 00028000 08:06 6568621    /home/hitesh/.gradle/caches/modules-2/files-2.1/com.android.tools.build/manifest-merger/24.3.0-beta1/4b40a1fa2774fd1a321b5085fba95d16df067fe0/manifest-merger-24.3.0-beta1.jar
5db61000-5db64000 r--s 00014000 08:06 6568619    /home/hitesh/.gradle/caches/modules-2/files-2.1/com.android.tools/common/24.3.0-beta1/9f25375c03f6c0e2acf08201245112a1dbee8002/common-24.3.0-beta1.jar
5db64000-5db6b000 r--s 00067000 08:06 6435334    /home/hitesh/.gradle/caches/modules-2/files-2.1/com.android.tools/sdk-common/24.3.0-beta1/dc5829cb8dc2e683e3d2363e0b685f6c89410373/sdk-common-24.3.0-beta1.jar
5db6b000-5db75000 r--s 000a9000 08:06 6435332    /home/hitesh/.gradle/caches/modules-2/files-2.1/com.android.tools/sdklib/24.3.0-beta1/56c935fbaf2c66a3247831b36f7daa8149a65c8e/sdklib-24.3.0-beta1.jar
5db75000-5dbe0000 r--s 00685000 08:06 6435326    /home/hitesh/.gradle/caches/modules-2/files-2.1/org.codehaus.groovy/groovy-all/2.3.6/dfe5f424777f4579786ec2145fc43286fcda8195/groovy-all-2.3.6.jar
5dbe0000-5dc3b000 r-xp 00000000 08:05 6160622    /usr/lib/i386-linux-gnu/nss/libfreebl3.so
5dc3b000-5dc3c000 r--p 0005b000 08:05 6160622    /usr/lib/i386-linux-gnu/nss/libfreebl3.so
5dc3c000-5dc3d000 rw-p 0005c000 08:05 6160622    /usr/lib/i386-linux-gnu/nss/libfreebl3.so
5dc3d000-5dc41000 rw-p 00000000 00:00 0 
5dc41000-5dce3000 r-xp 00000000 08:05 6165451    /usr/lib/i386-linux-gnu/libsqlite3.so.0.8.6
5dce3000-5dce4000 r--p 000a2000 08:05 6165451    /usr/lib/i386-linux-gnu/libsqlite3.so.0.8.6
5dce4000-5dce5000 rw-p 000a3000 08:05 6165451    /usr/lib/i386-linux-gnu/libsqlite3.so.0.8.6
5dce5000-5dce6000 rw-p 00000000 00:00 0 
5dce6000-5dd21000 r-xp 00000000 08:05 6160627    /usr/lib/i386-linux-gnu/nss/libsoftokn3.so
5dd21000-5dd22000 r--p 0003a000 08:05 6160627    /usr/lib/i386-linux-gnu/nss/libsoftokn3.so
5dd22000-5dd23000 rw-p 0003b000 08:05 6160627    /usr/lib/i386-linux-gnu/nss/libsoftokn3.so
5dd23000-5dd5d000 r-xp 00000000 08:05 6170876    /usr/lib/i386-linux-gnu/libnspr4.so
5dd5d000-5dd5e000 ---p 0003a000 08:05 6170876    /usr/lib/i386-linux-gnu/libnspr4.so
5dd5e000-5dd5f000 r--p 0003a000 08:05 6170876    /usr/lib/i386-linux-gnu/libnspr4.so
5dd5f000-5dd60000 rw-p 0003b000 08:05 6170876    /usr/lib/i386-linux-gnu/libnspr4.so
5dd60000-5dd62000 rw-p 00000000 00:00 0 
5dd62000-5dd81000 r-xp 00000000 08:05 6160617    /usr/lib/i386-linux-gnu/libnssutil3.so
5dd81000-5dd84000 r--p 0001f000 08:05 6160617    /usr/lib/i386-linux-gnu/libnssutil3.so
5dd84000-5dd85000 rw-p 00022000 08:05 6160617    /usr/lib/i386-linux-gnu/libnssutil3.so
5dd85000-5de8f000 r-xp 00000000 08:05 6160620    /usr/lib/i386-linux-gnu/libnss3.so
5de8f000-5de92000 r--p 0010a000 08:05 6160620    /usr/lib/i386-linux-gnu/libnss3.so
5de92000-5de94000 rw-p 0010d000 08:05 6160620    /usr/lib/i386-linux-gnu/libnss3.so
5de94000-5df00000 r--s 00696000 08:06 3940941    /home/hitesh/Hitesh data/linux Softwares/android-studio/lib/groovy-all-2.3.9.jar
5df00000-5e0fa000 rw-p 00000000 00:00 0 
5e0fa000-5e100000 ---p 00000000 00:00 0 
5e100000-5e1f4000 rw-p 00000000 00:00 0 
5e1f4000-5e200000 ---p 00000000 00:00 0 
5e201000-5e217000 r--s 00172000 08:06 8526164    /home/hitesh/.gradle/caches/modules-2/files-2.1/com.android.tools.build/gradle-core/1.3.0-beta1/98428909b8ebbcfa29949de539d490ca84d4c19f/gradle-core-1.3.0-beta1.jar
5e217000-5e21c000 r-xp 00000000 08:05 2756641    /lib/i386-linux-gnu/libnss_dns-2.15.so
5e21c000-5e21d000 r--p 00004000 08:05 2756641    /lib/i386-linux-gnu/libnss_dns-2.15.so
5e21d000-5e21e000 rw-p 00005000 08:05 2756641    /lib/i386-linux-gnu/libnss_dns-2.15.so
5e21e000-5e220000 r-xp 00000000 08:05 2752567    /lib/libnss_mdns4_minimal.so.2
5e220000-5e221000 r--p 00001000 08:05 2752567    /lib/libnss_mdns4_minimal.so.2
5e221000-5e222000 rw-p 00002000 08:05 2752567    /lib/libnss_mdns4_minimal.so.2
5e223000-5e225000 r--s 0000c000 08:06 11146250   /home/hitesh/Hitesh data/linux Softwares/android-studio/gradle/m2repository/com/android/tools/build/gradle/1.2.3/gradle-1.2.3.jar
5e225000-5e227000 r--s 00004000 08:06 6435328    /home/hitesh/.gradle/caches/modules-2/files-2.1/com.android.tools.build/builder-model/1.3.0-beta1/42a62029d6356e89825a25a2cde700db5c6dec18/builder-model-1.3.0-beta1.jar
5e227000-5e228000 r--s 00002000 08:06 9704608    /home/hitesh/.gradle/caches/modules-2/files-2.1/net.sf.proguard/proguard-gradle/5.2.1/5e9956c050fd84fa043517e77c4c0ff175a6b002/proguard-gradle-5.2.1.jar
5e228000-5e22b000 r--s 00020000 08:06 6435324    /home/hitesh/.gradle/caches/modules-2/files-2.1/com.android.tools.lint/lint/24.3.0-beta1/e7385d4ddb5b492b61a9d4d6d8b9ad480bf6b82/lint-24.3.0-beta1.jar
5e22b000-5e231000 r--s 0003f000 08:06 6300516    /home/hitesh/.gradle/caches/modules-2/files-2.1/com.android.tools.build/builder/1.3.0-beta1/f0d8d86beebc6d77db4a0401230e87078c0654cf/builder-1.3.0-beta1.jar
5e231000-5e233000 r--s 00011000 08:06 6300514    /home/hitesh/.gradle/caches/modules-2/files-2.1/com.android.tools.build/gradle/1.3.0-beta1/b31a3515b080229cb5283ba79972c13a798cb364/gradle-1.3.0-beta1.jar
5e233000-5e235000 r--s 00006000 08:06 5638337    /home/hitesh/Hitesh data/linux Softwares/android-studio/plugins/gradle/lib/gradle-tooling-extension-api.jar
5e235000-5e23a000 r--s 0002e000 08:06 3940874    /home/hitesh/Hitesh data/linux Softwares/android-studio/lib/gson-2.3.jar
5e23a000-5e300000 r--s 010e5000 08:06 3940926    /home/hitesh/Hitesh data/linux Softwares/android-studio/lib/openapi.jar
5e300000-5e3ff000 rw-p 00000000 00:00 0 
5e3ff000-5e400000 ---p 00000000 00:00 0 
5e400000-5e401000 r--s 00002000 08:06 6821226    /home/hitesh/Hitesh data/linux Softwares/android-studio/gradle/m2repository/net/sf/proguard/proguard-gradle/5.1/proguard-gradle-5.1.jar
5e401000-5e404000 r-xp 00000000 08:05 6170877    /usr/lib/i386-linux-gnu/libplds4.so
5e404000-5e405000 r--p 00002000 08:05 6170877    /usr/lib/i386-linux-gnu/libplds4.so
5e405000-5e406000 rw-p 00003000 08:05 6170877    /usr/lib/i386-linux-gnu/libplds4.so
5e406000-5e40a000 r-xp 00000000 08:05 6170875    /usr/lib/i386-linux-gnu/libplc4.so
5e40a000-5e40b000 r--p 00003000 08:05 6170875    /usr/lib/i386-linux-gnu/libplc4.so
5e40b000-5e40c000 rw-p 00004000 08:05 6170875    /usr/lib/i386-linux-gnu/libplc4.so
5e40c000-5e41d000 r-xp 00000000 08:05 6298844    /usr/lib/jvm/java-7-openjdk-i386/jre/lib/i386/libj2pkcs11.so
5e41d000-5e41e000 r--p 00010000 08:05 6298844    /usr/lib/jvm/java-7-openjdk-i386/jre/lib/i386/libj2pkcs11.so
5e41e000-5e41f000 rw-p 00011000 08:05 6298844    /usr/lib/jvm/java-7-openjdk-i386/jre/lib/i386/libj2pkcs11.so
5e41f000-5e422000 r--s 00017000 08:05 6298816    /usr/lib/jvm/java-7-openjdk-i386/jre/lib/jce.jar
5e422000-5e42b000 r--s 000b9000 08:05 6298793    /usr/lib/jvm/java-7-openjdk-i386/jre/lib/resources.jar
5e42b000-5e42d000 r--s 00026000 08:06 5638323    /home/hitesh/Hitesh data/linux Softwares/android-studio/plugins/gradle/lib/gradle-tooling-extension-impl.jar
5e42d000-5e430000 ---p 00000000 00:00 0 
5e430000-5e448000 rw-p 00000000 00:00 0 
5e448000-5e449000 r--p 00000000 00:00 0 
5e449000-5e44a000 r--s 00000000 08:06 3674205    /home/hitesh/.gradle/caches/jars-1/dg22azhabc6tsc1i8xni15giz1bnssh/gradle-appengine-builder-model-0.1.0.jar
5e44a000-5e44c000 r--s 00004000 08:06 3674203    /home/hitesh/.gradle/caches/jars-1/tu2gnlb5m1rfa2weqb2jor5orcodnq1/builder-model-1.2.0-beta4.jar
5e44c000-5e512000 r--s 010e5000 08:06 3674201    /home/hitesh/.gradle/caches/jars-1/2hpy50cnqqi34s6liv753ncwgklo7gw/openapi.jar
5e512000-5e514000 r--s 00006000 08:06 3674199    /home/hitesh/.gradle/caches/jars-1/ljicyi10kdd7u1z3nvouwf93c3t8q2c/gradle-tooling-extension-api.jar
5e514000-5e51a000 r--s 00026000 08:06 3674197    /home/hitesh/.gradle/caches/jars-1/qlb402qqdb9mu9614i3hr843cfch7zw/gradle-base-services-2.2.jar
5e51a000-5e542000 r--s 001cf000 08:06 3674195    /home/hitesh/.gradle/caches/jars-1/87eo0lrvp84r6dbxjq018wy66es2era/guava-jdk5-17.0.jar
5e542000-5e54b000 r--s 0002c000 08:06 3674193    /home/hitesh/.gradle/caches/jars-1/ltkluv74baem3ersp41z8rutm6he5v5/gradle-tooling-api-2.2.jar
5e54b000-5e54e000 ---p 00000000 00:00 0 
5e54e000-5e59c000 rw-p 00000000 00:00 0 
5e59c000-5e606000 r--s 0069e000 08:05 142188     /usr/lib/jvm/java-7-openjdk-i386/lib/tools.jar
5e606000-5e609000 ---p 00000000 00:00 0 
5e609000-5e657000 rw-p 00000000 00:00 0 
5e657000-5e65e000 r--s 00000000 08:05 6162084    /usr/lib/i386-linux-gnu/gconv/gconv-modules.cache
5e65e000-5e661000 ---p 00000000 00:00 0 
5e661000-5e6af000 rw-p 00000000 00:00 0 
5e6af000-5e6b2000 ---p 00000000 00:00 0 
5e6b2000-5e700000 rw-p 00000000 00:00 0 
5e700000-5e7fe000 rw-p 00000000 00:00 0 
5e7fe000-5e800000 ---p 00000000 00:00 0 
5e800000-5e8fd000 rw-p 00000000 00:00 0 
5e8fd000-5e900000 ---p 00000000 00:00 0 
5e900000-5ea00000 rw-p 00000000 00:00 0 
5ea00000-5ea03000 ---p 00000000 00:00 0 
5ea03000-5ea51000 rw-p 00000000 00:00 0 
5ea51000-5ea54000 ---p 00000000 00:00 0 
5ea54000-5eaa2000 rw-p 00000000 00:00 0 
5eaa2000-5eaa5000 ---p 00000000 00:00 0 
5eaa5000-5eaf3000 rw-p 00000000 00:00 0 
5eaf3000-5eaf7000 r-xp 00000000 08:05 3539027    /tmp/native-platform3565869443662485051dir/libnative-platform.so
5eaf7000-5eaf8000 rw-p 00003000 08:05 3539027    /tmp/native-platform3565869443662485051dir/libnative-platform.so
5eaf8000-5eafc000 r--s 0004d000 08:05 6298813    /usr/lib/jvm/java-7-openjdk-i386/jre/lib/jsse.jar
5eafc000-5eb00000 r--s 0001e000 08:06 6822771    /home/hitesh/.gradle/wrapper/dists/gradle-2.2.1-all/c64ydeuardnfqctvr1gm30w53/gradle-2.2.1/lib/plugins/gradle-maven-2.2.1.jar
5eb00000-5ebf1000 rw-p 00000000 00:00 0 
5ebf1000-5ec00000 ---p 00000000 00:00 0 
5ec00000-5ec01000 r--s 00002000 08:06 6435330    /home/hitesh/.gradle/caches/modules-2/files-2.1/com.android.tools.build/builder-test-api/1.3.0-beta1/3c62f5ee13cfceebf0a52da718b3a1be2f7ec5a1/builder-test-api-1.3.0-beta1.jar
5ec01000-5ec02000 r--s 00001000 08:06 6822795    /home/hitesh/.gradle/wrapper/dists/gradle-2.2.1-all/c64ydeuardnfqctvr1gm30w53/gradle-2.2.1/lib/plugins/gradle-plugin-development-2.2.1.jar
5ec02000-5ec04000 r--s 00002000 08:06 6822794    /home/hitesh/.gradle/wrapper/dists/gradle-2.2.1-all/c64ydeuardnfqctvr1gm30w53/gradle-2.2.1/lib/plugins/gradle-cunit-2.2.1.jar
5ec04000-5ec09000 r--s 00036000 08:06 6822793    /home/hitesh/.gradle/wrapper/dists/gradle-2.2.1-all/c64ydeuardnfqctvr1gm30w53/gradle-2.2.1/lib/plugins/gradle-ide-native-2.2.1.jar
5ec09000-5ec0e000 r--s 00013000 08:06 6822792    /home/hitesh/.gradle/wrapper/dists/gradle-2.2.1-all/c64ydeuardnfqctvr1gm30w53/gradle-2.2.1/lib/plugins/gradle-language-native-2.2.1.jar
5ec0e000-5ec19000 r--s 0004d000 08:06 6822791    /home/hitesh/.gradle/wrapper/dists/gradle-2.2.1-all/c64ydeuardnfqctvr1gm30w53/gradle-2.2.1/lib/plugins/gradle-platform-native-2.2.1.jar
5ec19000-5ec1b000 r--s 00008000 08:06 6822790    /home/hitesh/.gradle/wrapper/dists/gradle-2.2.1-all/c64ydeuardnfqctvr1gm30w53/gradle-2.2.1/lib/plugins/gradle-language-groovy-2.2.1.jar
5ec1b000-5ec20000 r--s 00022000 08:06 6822789    /home/hitesh/.gradle/wrapper/dists/gradle-2.2.1-all/c64ydeuardnfqctvr1gm30w53/gradle-2.2.1/lib/plugins/gradle-language-java-2.2.1.jar
5ec20000-5ec23000 r--s 00007000 08:06 6822788    /home/hitesh/.gradle/wrapper/dists/gradle-2.2.1-all/c64ydeuardnfqctvr1gm30w53/gradle-2.2.1/lib/plugins/gradle-language-jvm-2.2.1.jar
5ec23000-5ec28000 r--s 00018000 08:06 6822786    /home/hitesh/.gradle/wrapper/dists/gradle-2.2.1-all/c64ydeuardnfqctvr1gm30w53/gradle-2.2.1/lib/plugins/gradle-platform-base-2.2.1.jar
5ec28000-5ec2d000 r--s 00026000 08:06 6822785    /home/hitesh/.gradle/wrapper/dists/gradle-2.2.1-all/c64ydeuardnfqctvr1gm30w53/gradle-2.2.1/lib/plugins/gradle-build-init-2.2.1.jar
5ec2d000-5ec2f000 r--s 00002000 08:06 6822782    /home/hitesh/.gradle/wrapper/dists/gradle-2.2.1-all/c64ydeuardnfqctvr1gm30w53/gradle-2.2.1/lib/plugins/gradle-publish-2.2.1.jar
5ec2f000-5ec31000 r--s 00005000 08:06 6822820    /home/hitesh/.gradle/wrapper/dists/gradle-2.2.1-all/c64ydeuardnfqctvr1gm30w53/gradle-2.2.1/lib/plugins/jatl-0.2.2.jar
5ec31000-5ec33000 r--s 0000f000 08:06 6822781    /home/hitesh/.gradle/wrapper/dists/gradle-2.2.1-all/c64ydeuardnfqctvr1gm30w53/gradle-2.2.1/lib/plugins/gradle-reporting-2.2.1.jar
5ec33000-5ec38000 r--s 00034000 08:06 6822780    /home/hitesh/.gradle/wrapper/dists/gradle-2.2.1-all/c64ydeuardnfqctvr1gm30w53/gradle-2.2.1/lib/plugins/gradle-diagnostics-2.2.1.jar
5ec38000-5ec3f000 r--s 00090000 08:06 6822779    /home/hitesh/.gradle/wrapper/dists/gradle-2.2.1-all/c64ydeuardnfqctvr1gm30w53/gradle-2.2.1/lib/plugins/gradle-build-comparison-2.2.1.jar
5ec3f000-5ec46000 r--s 00035000 08:06 6822819    /home/hitesh/.gradle/wrapper/dists/gradle-2.2.1-all/c64ydeuardnfqctvr1gm30w53/gradle-2.2.1/lib/plugins/simple-4.1.21.jar
5ec46000-5ec52000 r--s 00100000 08:06 6822817    /home/hitesh/.gradle/wrapper/dists/gradle-2.2.1-all/c64ydeuardnfqctvr1gm30w53/gradle-2.2.1/lib/plugins/rhino-1.7R3.jar
5ec52000-5ec6a000 r--s 0013b000 08:06 6822810    /home/hitesh/.gradle/wrapper/dists/gradle-2.2.1-all/c64ydeuardnfqctvr1gm30w53/gradle-2.2.1/lib/plugins/bndlib-2.1.0.jar
5ec6a000-5ec6c000 r--s 00004000 08:06 6822770    /home/hitesh/.gradle/wrapper/dists/gradle-2.2.1-all/c64ydeuardnfqctvr1gm30w53/gradle-2.2.1/lib/plugins/gradle-osgi-2.2.1.jar
5ec6c000-5ec6d000 r--s 00003000 08:06 6300512    /home/hitesh/.gradle/caches/modules-2/files-2.1/com.google.gms/google-services/1.3.0-beta1/4db7489e188544e5fa7a6cfa16a42f5c2b5fc93/google-services-1.3.0-beta1.jar
5ec6d000-5ec70000 r--s 00009000 08:06 6822787    /home/hitesh/.gradle/wrapper/dists/gradle-2.2.1-all/c64ydeuardnfqctvr1gm30w53/gradle-2.2.1/lib/plugins/gradle-platform-jvm-2.2.1.jar
5ec70000-5ec73000 r--s 0001d000 08:06 6822784    /home/hitesh/.gradle/wrapper/dists/gradle-2.2.1-all/c64ydeuardnfqctvr1gm30w53/gradle-2.2.1/lib/plugins/gradle-jacoco-2.2.1.jar
5ec73000-5ec76000 r--s 0000d000 08:06 6822783    /home/hitesh/.gradle/wrapper/dists/gradle-2.2.1-all/c64ydeuardnfqctvr1gm30w53/gradle-2.2.1/lib/plugins/gradle-ivy-2.2.1.jar
5ec76000-5ec7b000 r--s 0001f000 08:06 6822778    /home/hitesh/.gradle/wrapper/dists/gradle-2.2.1-all/c64ydeuardnfqctvr1gm30w53/gradle-2.2.1/lib/plugins/gradle-javascript-2.2.1.jar
5ec7b000-5ec7d000 r--s 0000e000 08:06 6822777    /home/hitesh/.gradle/wrapper/dists/gradle-2.2.1-all/c64ydeuardnfqctvr1gm30w53/gradle-2.2.1/lib/plugins/gradle-ear-2.2.1.jar
5ec7d000-5ec81000 r--s 00025000 08:06 6822816    /home/hitesh/.gradle/wrapper/dists/gradle-2.2.1-all/c64ydeuardnfqctvr1gm30w53/gradle-2.2.1/lib/plugins/bcpg-jdk15-1.46.jar
5ec81000-5ec84000 r--s 0001d000 08:06 6822776    /home/hitesh/.gradle/wrapper/dists/gradle-2.2.1-all/c64ydeuardnfqctvr1gm30w53/gradle-2.2.1/lib/plugins/gradle-signing-2.2.1.jar
5ec84000-5ec85000 r--s 00002000 08:06 6822815    /home/hitesh/.gradle/wrapper/dists/gradle-2.2.1-all/c64ydeuardnfqctvr1gm30w53/gradle-2.2.1/lib/plugins/sonar-batch-bootstrapper-2.9.jar
5ec85000-5ec88000 r--s 00018000 08:06 6822775    /home/hitesh/.gradle/wrapper/dists/gradle-2.2.1-all/c64ydeuardnfqctvr1gm30w53/gradle-2.2.1/lib/plugins/gradle-sonar-2.2.1.jar
5ec88000-5ec8b000 r--s 00017000 08:06 6822774    /home/hitesh/.gradle/wrapper/dists/gradle-2.2.1-all/c64ydeuardnfqctvr1gm30w53/gradle-2.2.1/lib/plugins/gradle-scala-2.2.1.jar
5ec8b000-5ec8d000 r--s 0000e000 08:06 6822773    /home/hitesh/.gradle/wrapper/dists/gradle-2.2.1-all/c64ydeuardnfqctvr1gm30w53/gradle-2.2.1/lib/plugins/gradle-announce-2.2.1.jar
5ec8d000-5ec9b000 r--s 000bc000 08:06 6822772    /home/hitesh/.gradle/wrapper/dists/gradle-2.2.1-all/c64ydeuardnfqctvr1gm30w53/gradle-2.2.1/lib/plugins/gradle-ide-2.2.1.jar
5ec9b000-5ec9d000 r--s 00000000 08:06 6822814    /home/hitesh/.gradle/wrapper/dists/gradle-2.2.1-all/c64ydeuardnfqctvr1gm30w53/gradle-2.2.1/lib/plugins/plexus-component-annotations-1.5.2.jar
5ec9d000-5eca0000 r--s 0000c000 08:06 6822813    /home/hitesh/.gradle/wrapper/dists/gradle-2.2.1-all/c64ydeuardnfqctvr1gm30w53/gradle-2.2.1/lib/plugins/pmaven-groovy-0.8-20100325.jar
5eca0000-5eca1000 r--s 00004000 08:06 6822812    /home/hitesh/.gradle/wrapper/dists/gradle-2.2.1-all/c64ydeuardnfqctvr1gm30w53/gradle-2.2.1/lib/plugins/pmaven-common-0.8-20100325.jar
5eca1000-5eca6000 r--s 00068000 08:06 6822809    /home/hitesh/.gradle/wrapper/dists/gradle-2.2.1-all/c64ydeuardnfqctvr1gm30w53/gradle-2.2.1/lib/plugins/antlr-2.7.7.jar
5eca6000-5eca7000 r--s 00002000 08:06 6822808    /home/hitesh/.gradle/wrapper/dists/gradle-2.2.1-all/c64ydeuardnfqctvr1gm30w53/gradle-2.2.1/lib/plugins/ant-antlr-1.9.3.jar
5eca7000-5eca9000 r--s 00004000 08:06 6822769    /home/hitesh/.gradle/wrapper/dists/gradle-2.2.1-all/c64ydeuardnfqctvr1gm30w53/gradle-2.2.1/lib/plugins/gradle-antlr-2.2.1.jar
5eca9000-5ecac000 r--s 0001e000 08:06 6822831    /home/hitesh/.gradle/wrapper/dists/gradle-2.2.1-all/c64ydeuardnfqctvr1gm30w53/gradle-2.2.1/lib/plugins/jsp-api-2.1-6.1.14.jar
5ecac000-5eccf000 r--s 00344000 08:06 6822830    /home/hitesh/.gradle/wrapper/dists/gradle-2.2.1-all/c64ydeuardnfqctvr1gm30w53/gradle-2.2.1/lib/plugins/core-3.1.1.jar
5eccf000-5ecd0000 r--s 00006000 08:06 6822829    /home/hitesh/.gradle/wrapper/dists/gradle-2.2.1-all/c64ydeuardnfqctvr1gm30w53/gradle-2.2.1/lib/plugins/jetty-naming-6.1.25.jar
5ecd0000-5ecd1000 r--s 00002000 08:06 6822807    /home/hitesh/.gradle/wrapper/dists/gradle-2.2.1-all/c64ydeuardnfqctvr1gm30w53/gradle-2.2.1/lib/plugins/geronimo-annotation_1.0_spec-1.0.jar
5ecd1000-5ecd3000 r--s 00002000 08:06 6822806    /home/hitesh/.gradle/wrapper/dists/gradle-2.2.1-all/c64ydeuardnfqctvr1gm30w53/gradle-2.2.1/lib/plugins/jetty-annotations-6.1.25.jar
5ecd3000-5ece4000 r--s 000ea000 08:06 6822805    /home/hitesh/.gradle/wrapper/dists/gradle-2.2.1-all/c64ydeuardnfqctvr1gm30w53/gradle-2.2.1/lib/plugins/jsp-2.1-6.1.14.jar
5ece4000-5ece6000 r--s 0000d000 08:06 6822804    /home/hitesh/.gradle/wrapper/dists/gradle-2.2.1-all/c64ydeuardnfqctvr1gm30w53/gradle-2.2.1/lib/plugins/jetty-plus-6.1.25.jar
5ece6000-5ece8000 r--s 0001f000 08:06 6822803    /home/hitesh/.gradle/wrapper/dists/gradle-2.2.1-all/c64ydeuardnfqctvr1gm30w53/gradle-2.2.1/lib/plugins/servlet-api-2.5-20081211.jar
5ece8000-5ecec000 r--s 00028000 08:06 6822802    /home/hitesh/.gradle/wrapper/dists/gradle-2.2.1-all/c64ydeuardnfqctvr1gm30w53/gradle-2.2.1/lib/plugins/jetty-util-6.1.25.jar
5ecec000-5ecf3000 r--s 0007d000 08:06 6822801    /home/hitesh/.gradle/wrapper/dists/gradle-2.2.1-all/c64ydeuardnfqctvr1gm30w53/gradle-2.2.1/lib/plugins/jetty-6.1.25.jar
5ecf3000-5ecf5000 r--s 00009000 08:06 6822768    /home/hitesh/.gradle/wrapper/dists/gradle-2.2.1-all/c64ydeuardnfqctvr1gm30w53/gradle-2.2.1/lib/plugins/gradle-jetty-2.2.1.jar
5ecf5000-5ecfa000 r--s 00041000 08:06 6822767    /home/hitesh/.gradle/wrapper/dists/gradle-2.2.1-all/c64ydeuardnfqctvr1gm30w53/gradle-2.2.1/lib/plugins/gradle-code-quality-2.2.1.jar
5ecfa000-5ed00000 r--s 00033000 08:06 6822828    /home/hitesh/.gradle/wrapper/dists/gradle-2.2.1-all/c64ydeuardnfqctvr1gm30w53/gradle-2.2.1/lib/plugins/snakeyaml-1.6.jar
5ed00000-5ee00000 rw-p 00000000 00:00 0 
5ee00000-5ee02000 r--s 00006000 08:06 6822827    /home/hitesh/.gradle/wrapper/dists/gradle-2.2.1-all/c64ydeuardnfqctvr1gm30w53/gradle-2.2.1/lib/plugins/jcommander-1.12.jar
5ee02000-5ee07000 r--s 00040000 08:06 6822826    /home/hitesh/.gradle/wrapper/dists/gradle-2.2.1-all/c64ydeuardnfqctvr1gm30w53/gradle-2.2.1/lib/plugins/bsh-2.0b4.jar
5ee07000-5ee09000 r--s 00009000 08:06 6822800    /home/hitesh/.gradle/wrapper/dists/gradle-2.2.1-all/c64ydeuardnfqctvr1gm30w53/gradle-2.2.1/lib/plugins/commons-cli-1.2.jar
5ee09000-5ee12000 r--s 00089000 08:06 6822799    /home/hitesh/.gradle/wrapper/dists/gradle-2.2.1-all/c64ydeuardnfqctvr1gm30w53/gradle-2.2.1/lib/plugins/testng-6.3.1.jar
5ee12000-5ee18000 r--s 00036000 08:06 6822798    /home/hitesh/.gradle/wrapper/dists/gradle-2.2.1-all/c64ydeuardnfqctvr1gm30w53/gradle-2.2.1/lib/plugins/junit-4.11.jar
5ee18000-5ee24000 r--s 00075000 08:06 6822766    /home/hitesh/.gradle/wrapper/dists/gradle-2.2.1-all/c64ydeuardnfqctvr1gm30w53/gradle-2.2.1/lib/plugins/gradle-plugins-2.2.1.jar
5ee24000-5ee27000 r--s 00011000 08:06 6822796    /home/hitesh/.gradle/wrapper/dists/gradle-2.2.1-all/c64ydeuardnfqctvr1gm30w53/gradle-2.2.1/lib/plugins/gradle-plugin-use-2.2.1.jar
5ee27000-5ee3f000 r--s 00115000 08:06 6822837    /home/hitesh/.gradle/wrapper/dists/gradle-2.2.1-all/c64ydeuardnfqctvr1gm30w53/gradle-2.2.1/lib/plugins/xercesImpl-2.9.1.jar
5ee3f000-5ee47000 r--s 00028000 08:06 6822838    /home/hitesh/.gradle/wrapper/dists/gradle-2.2.1-all/c64ydeuardnfqctvr1gm30w53/gradle-2.2.1/lib/plugins/xml-apis-1.3.04.jar
5ee47000-5ee4d000 r--s 0005b000 08:06 6822836    /home/hitesh/.gradle/wrapper/dists/gradle-2.2.1-all/c64ydeuardnfqctvr1gm30w53/gradle-2.2.1/lib/plugins/jcifs-1.3.17.jar
5ee4d000-5ee53000 r--s 00031000 08:06 6822835    /home/hitesh/.gradle/wrapper/dists/gradle-2.2.1-all/c64ydeuardnfqctvr1gm30w53/gradle-2.2.1/lib/plugins/httpcore-4.2.2.jar
5ee53000-5ee59000 r--s 00033000 08:06 6822834    /home/hitesh/.gradle/wrapper/dists/gradle-2.2.1-all/c64ydeuardnfqctvr1gm30w53/gradle-2.2.1/lib/plugins/commons-codec-1.6.jar
5ee59000-5ee5c000 r--s 0001c000 08:06 6822833    /home/hitesh/.gradle/wrapper/dists/gradle-2.2.1-all/c64ydeuardnfqctvr1gm30w53/gradle-2.2.1/lib/plugins/nekohtml-1.9.14.jar
5ee5c000-5ee65000 r--s 00060000 08:06 6822832    /home/hitesh/.gradle/wrapper/dists/gradle-2.2.1-all/c64ydeuardnfqctvr1gm30w53/gradle-2.2.1/lib/plugins/httpclient-4.2.2.jar
5ee65000-5ee67000 r--s 00007000 08:06 6822821    /home/hitesh/.gradle/wrapper/dists/gradle-2.2.1-all/c64ydeuardnfqctvr1gm30w53/gradle-2.2.1/lib/plugins/gradle-resources-http-2.2.1.jar
5ee67000-5ee8f000 r--s 00194000 08:06 6822825    /home/hitesh/.gradle/wrapper/dists/gradle-2.2.1-all/c64ydeuardnfqctvr1gm30w53/gradle-2.2.1/lib/plugins/bcprov-jdk15-1.46.jar
5ee8f000-5ee93000 r--s 0001d000 08:06 6822824    /home/hitesh/.gradle/wrapper/dists/gradle-2.2.1-all/c64ydeuardnfqctvr1gm30w53/gradle-2.2.1/lib/plugins/xbean-reflect-3.4.jar
5ee93000-5ee98000 r--s 0002a000 08:06 6822818    /home/hitesh/.gradle/wrapper/dists/gradle-2.2.1-all/c64ydeuardnfqctvr1gm30w53/gradle-2.2.1/lib/plugins/gson-2.2.4.jar
5ee98000-5ee9c000 r--s 0003d000 08:06 6822823    /home/hitesh/.gradle/wrapper/dists/gradle-2.2.1-all/c64ydeuardnfqctvr1gm30w53/gradle-2.2.1/lib/plugins/jsch-0.1.51.jar
5ee9c000-5eeb5000 r--s 00129000 08:06 6822811    /home/hitesh/.gradle/wrapper/dists/gradle-2.2.1-all/c64ydeuardnfqctvr1gm30w53/gradle-2.2.1/lib/plugins/maven-ant-tasks-2.1.3.jar
5eeb5000-5eec4000 r--s 000d9000 08:06 6822822    /home/hitesh/.gradle/wrapper/dists/gradle-2.2.1-all/c64ydeuardnfqctvr1gm30w53/gradle-2.2.1/lib/plugins/ivy-2.2.0.jar
5eec4000-5eec8000 r--s 0001e000 08:06 6822765    /home/hitesh/.gradle/wrapper/dists/gradle-2.2.1-all/c64ydeuardnfqctvr1gm30w53/gradle-2.2.1/lib/plugins/jarjar-aether-impl-1.13.1.jar
5eec8000-5eecb000 r--s 00027000 08:06 6822764    /home/hitesh/.gradle/wrapper/dists/gradle-2.2.1-all/c64ydeuardnfqctvr1gm30w53/gradle-2.2.1/lib/plugins/jarjar-maven-model-3.0.4.jar
5eecb000-5eece000 r--s 0000b000 08:06 6822763    /home/hitesh/.gradle/wrapper/dists/gradle-2.2.1-all/c64ydeuardnfqctvr1gm30w53/gradle-2.2.1/lib/plugins/jarjar-maven-artifact-3.0.4.jar
5eece000-5eed2000 r--s 0001e000 08:06 6822762    /home/hitesh/.gradle/wrapper/dists/gradle-2.2.1-all/c64ydeuardnfqctvr1gm30w53/gradle-2.2.1/lib/plugins/jarjar-aether-util-1.13.1.jar
5eed2000-5eed4000 r--s 00007000 08:06 6822761    /home/hitesh/.gradle/wrapper/dists/gradle-2.2.1-all/c64ydeuardnfqctvr1gm30w53/gradle-2.2.1/lib/plugins/jarjar-wagon-http-shared4-2.4.jar
5eed4000-5eee1000 r--s 00083000 08:06 6822760    /home/hitesh/.gradle/wrapper/dists/gradle-2.2.1-all/c64ydeuardnfqctvr1gm30w53/gradle-2.2.1/lib/plugins/jarjar-maven-core-3.0.4.jar
5eee1000-5eee3000 r--s 00003000 08:06 6822759    /home/hitesh/.gradle/wrapper/dists/gradle-2.2.1-all/c64ydeuardnfqctvr1gm30w53/gradle-2.2.1/lib/plugins/jarjar-aether-spi-1.13.1.jar
5eee3000-5eee5000 r--s 00009000 08:06 6822758    /home/hitesh/.gradle/wrapper/dists/gradle-2.2.1-all/c64ydeuardnfqctvr1gm30w53/gradle-2.2.1/lib/plugins/jarjar-maven-settings-builder-3.0.4.jar
5eee5000-5eee9000 r--s 00014000 08:06 6822757    /home/hitesh/.gradle/wrapper/dists/gradle-2.2.1-all/c64ydeuardnfqctvr1gm30w53/gradle-2.2.1/lib/plugins/jarjar-aether-api-1.13.1.jar
5eee9000-5eef0000 r--s 00042000 08:06 6822755    /home/hitesh/.gradle/wrapper/dists/gradle-2.2.1-all/c64ydeuardnfqctvr1gm30w53/gradle-2.2.1/lib/plugins/jarjar-maven-compat-3.0.4.jar
5eef0000-5eef2000 r--s 00006000 08:06 6822754    /home/hitesh/.gradle/wrapper/dists/gradle-2.2.1-all/c64ydeuardnfqctvr1gm30w53/gradle-2.2.1/lib/plugins/jarjar-aether-connector-wagon-1.13.1.jar
5eef2000-5eef4000 r--s 00000000 08:06 6822753    /home/hitesh/.gradle/wrapper/dists/gradle-2.2.1-all/c64ydeuardnfqctvr1gm30w53/gradle-2.2.1/lib/plugins/jarjar-plexus-component-annotations-1.5.5.jar
5eef4000-5eef6000 r--s 00006000 08:06 6822752    /home/hitesh/.gradle/wrapper/dists/gradle-2.2.1-all/c64ydeuardnfqctvr1gm30w53/gradle-2.2.1/lib/plugins/jarjar-plexus-sec-dispatcher-1.3.jar
5eef6000-5eefb000 r--s 00022000 08:06 6822751    /home/hitesh/.gradle/wrapper/dists/gradle-2.2.1-all/c64ydeuardnfqctvr1gm30w53/gradle-2.2.1/lib/plugins/jarjar-maven-model-builder-3.0.4.jar
5eefb000-5eefd000 r--s 0000b000 08:06 6822750    /home/hitesh/.gradle/wrapper/dists/gradle-2.2.1-all/c64ydeuardnfqctvr1gm30w53/gradle-2.2.1/lib/plugins/jarjar-maven-plugin-api-3.0.4.jar
5eefd000-5ef00000 r--s 0000a000 08:06 6822749    /home/hitesh/.gradle/wrapper/dists/gradle-2.2.1-all/c64ydeuardnfqctvr1gm30w53/gradle-2.2.1/lib/plugins/jarjar-plexus-classworlds-2.4.jar
5ef00000-5eff9000 rw-p 00000000 00:00 0 
5eff9000-5f000000 ---p 00000000 00:00 0 
5f000000-5f002000 r--s 00009000 08:06 6822839    /home/hitesh/.gradle/wrapper/dists/gradle-2.2.1-all/c64ydeuardnfqctvr1gm30w53/gradle-2.2.1/lib/plugins/hamcrest-core-1.3.jar
5f002000-5f006000 r--s 00035000 08:06 6822748    /home/hitesh/.gradle/wrapper/dists/gradle-2.2.1-all/c64ydeuardnfqctvr1gm30w53/gradle-2.2.1/lib/plugins/jarjar-plexus-utils-2.0.6.jar
5f006000-5f01e000 r--s 000b5000 08:06 6822797    /home/hitesh/.gradle/wrapper/dists/gradle-2.2.1-all/c64ydeuardnfqctvr1gm30w53/gradle-2.2.1/lib/plugins/gradle-dependency-management-2.2.1.jar
5f01e000-5f02f000 r-xp 00000000 08:05 6298840    /usr/lib/jvm/java-7-openjdk-i386/jre/lib/i386/libnio.so
5f02f000-5f030000 r--p 00010000 08:05 6298840    /usr/lib/jvm/java-7-openjdk-i386/jre/lib/i386/libnio.so
5f030000-5f031000 rw-p 00011000 08:05 6298840    /usr/lib/jvm/java-7-openjdk-i386/jre/lib/i386/libnio.so
5f031000-5f06b000 r-xp 00000000 08:05 2753512    /lib/i386-linux-gnu/libpcre.so.3.12.1
5f06b000-5f06c000 r--p 00039000 08:05 2753512    /lib/i386-linux-gnu/libpcre.so.3.12.1
5f06c000-5f06d000 rw-p 0003a000 08:05 2753512    /lib/i386-linux-gnu/libpcre.so.3.12.1
5f06d000-5f072000 r-xp 00000000 08:05 6165119    /usr/lib/i386-linux-gnu/libffi.so.6.0.0
5f072000-5f073000 r--p 00004000 08:05 6165119    /usr/lib/i386-linux-gnu/libffi.so.6.0.0
5f073000-5f074000 rw-p 00005000 08:05 6165119    /usr/lib/i386-linux-gnu/libffi.so.6.0.0
5f074000-5f087000 r-xp 00000000 08:05 2756509    /lib/i386-linux-gnu/libresolv-2.15.so
5f087000-5f088000 ---p 00013000 08:05 2756509    /lib/i386-linux-gnu/libresolv-2.15.so
5f088000-5f089000 r--p 00013000 08:05 2756509    /lib/i386-linux-gnu/libresolv-2.15.so
5f089000-5f08a000 rw-p 00014000 08:05 2756509    /lib/i386-linux-gnu/libresolv-2.15.so
5f08a000-5f08c000 rw-p 00000000 00:00 0 
5f08c000-5f0a9000 r-xp 00000000 08:05 2753527    /lib/i386-linux-gnu/libselinux.so.1
5f0a9000-5f0aa000 r--p 0001c000 08:05 2753527    /lib/i386-linux-gnu/libselinux.so.1
5f0aa000-5f0ab000 rw-p 0001d000 08:05 2753527    /lib/i386-linux-gnu/libselinux.so.1
5f0ab000-5f0ae000 r-xp 00000000 08:05 6162854    /usr/lib/i386-linux-gnu/libgmodule-2.0.so.0.3200.4
5f0ae000-5f0af000 r--p 00002000 08:05 6162854    /usr/lib/i386-linux-gnu/libgmodule-2.0.so.0.3200.4
5f0af000-5f0b0000 rw-p 00003000 08:05 6162854    /usr/lib/i386-linux-gnu/libgmodule-2.0.so.0.3200.4
5f0b0000-5f1a7000 r-xp 00000000 08:05 2753444    /lib/i386-linux-gnu/libglib-2.0.so.0.3200.4
5f1a7000-5f1a8000 r--p 000f6000 08:05 2753444    /lib/i386-linux-gnu/libglib-2.0.so.0.3200.4
5f1a8000-5f1a9000 rw-p 000f7000 08:05 2753444    /lib/i386-linux-gnu/libglib-2.0.so.0.3200.4
5f1a9000-5f2fc000 r-xp 00000000 08:05 6162849    /usr/lib/i386-linux-gnu/libgio-2.0.so.0.3200.4
5f2fc000-5f2fe000 r--p 00153000 08:05 6162849    /usr/lib/i386-linux-gnu/libgio-2.0.so.0.3200.4
5f2fe000-5f2ff000 rw-p 00155000 08:05 6162849    /usr/lib/i386-linux-gnu/libgio-2.0.so.0.3200.4
5f2ff000-5f300000 rw-p 00000000 00:00 0 
5f300000-5f400000 rw-p 00000000 00:00 0 
5f400000-5f402000 r--s 0000e000 08:06 6822747    /home/hitesh/.gradle/wrapper/dists/gradle-2.2.1-all/c64ydeuardnfqctvr1gm30w53/gradle-2.2.1/lib/plugins/jarjar-plexus-interpolation-1.14.jar
5f402000-5f44f000 r-xp 00000000 08:05 6162848    /usr/lib/i386-linux-gnu/libgobject-2.0.so.0.3200.4
5f44f000-5f450000 r--p 0004c000 08:05 6162848    /usr/lib/i386-linux-gnu/libgobject-2.0.so.0.3200.4
5f450000-5f451000 rw-p 0004d000 08:05 6162848    /usr/lib/i386-linux-gnu/libgobject-2.0.so.0.3200.4
5f451000-5f452000 r--s 00002000 08:06 6822756    /home/hitesh/.gradle/wrapper/dists/gradle-2.2.1-all/c64ydeuardnfqctvr1gm30w53/gradle-2.2.1/lib/plugins/jarjar-wagon-http-2.4.jar
5f452000-5f454000 r--s 00002000 08:06 6822746    /home/hitesh/.gradle/wrapper/dists/gradle-2.2.1-all/c64ydeuardnfqctvr1gm30w53/gradle-2.2.1/lib/plugins/jarjar-plexus-cipher-1.7.jar
5f454000-5f456000 r--s 0000c000 08:06 6822745    /home/hitesh/.gradle/wrapper/dists/gradle-2.2.1-all/c64ydeuardnfqctvr1gm30w53/gradle-2.2.1/lib/plugins/jarjar-wagon-provider-api-2.4.jar
5f456000-5f458000 r--s 0000d000 08:06 6822744    /home/hitesh/.gradle/wrapper/dists/gradle-2.2.1-all/c64ydeuardnfqctvr1gm30w53/gradle-2.2.1/lib/plugins/jarjar-maven-aether-provider-3.0.4.jar
5f458000-5f460000 r--s 00031000 08:06 6822743    /home/hitesh/.gradle/wrapper/dists/gradle-2.2.1-all/c64ydeuardnfqctvr1gm30w53/gradle-2.2.1/lib/plugins/jarjar-plexus-container-default-1.5.5.jar
5f460000-5f461000 r--s 00007000 08:06 6822742    /home/hitesh/.gradle/wrapper/dists/gradle-2.2.1-all/c64ydeuardnfqctvr1gm30w53/gradle-2.2.1/lib/plugins/jarjar-maven-repository-metadata-3.0.4.jar
5f461000-5f462000 r--s 0000b000 08:06 6822741    /home/hitesh/.gradle/wrapper/dists/gradle-2.2.1-all/c64ydeuardnfqctvr1gm30w53/gradle-2.2.1/lib/plugins/jarjar-maven-settings-3.0.4.jar
5f462000-5f479000 r-xp 00000000 08:05 6298854    /usr/lib/jvm/java-7-openjdk-i386/jre/lib/i386/libnet.so
5f479000-5f47a000 r--p 00016000 08:05 6298854    /usr/lib/jvm/java-7-openjdk-i386/jre/lib/i386/libnet.so
5f47a000-5f47b000 rw-p 00017000 08:05 6298854    /usr/lib/jvm/java-7-openjdk-i386/jre/lib/i386/libnet.so
5f47b000-5f47c000 r--s 00005000 08:06 6686989    /home/hitesh/.gradle/wrapper/dists/gradle-2.2.1-all/c64ydeuardnfqctvr1gm30w53/gradle-2.2.1/lib/gradle-wrapper-2.2.1.jar
5f47c000-5f485000 r--s 0002c000 08:06 6686994    /home/hitesh/.gradle/wrapper/dists/gradle-2.2.1-all/c64ydeuardnfqctvr1gm30w53/gradle-2.2.1/lib/gradle-tooling-api-2.2.1.jar
5f485000-5f487000 r--s 00002000 08:06 6687018    /home/hitesh/.gradle/wrapper/dists/gradle-2.2.1-all/c64ydeuardnfqctvr1gm30w53/gradle-2.2.1/lib/gradle-open-api-2.2.1.jar
5f487000-5f48d000 r--s 00032000 08:06 6687020    /home/hitesh/.gradle/wrapper/dists/gradle-2.2.1-all/c64ydeuardnfqctvr1gm30w53/gradle-2.2.1/lib/jaxen-1.1.jar
5f48d000-5f492000 r--s 00048000 08:06 6687019    /home/hitesh/.gradle/wrapper/dists/gradle-2.2.1-all/c64ydeuardnfqctvr1gm30w53/gradle-2.2.1/lib/dom4j-1.6.1.jar
5f492000-5f49d000 r--s 00059000 08:06 6686993    /home/hitesh/.gradle/wrapper/dists/gradle-2.2.1-all/c64ydeuardnfqctvr1gm30w53/gradle-2.2.1/lib/gradle-ui-2.2.1.jar
5f49d000-5f49f000 r--s 00006000 08:06 6687014    /home/hitesh/.gradle/wrapper/dists/gradle-2.2.1-all/c64ydeuardnfqctvr1gm30w53/gradle-2.2.1/lib/gradle-resources-2.2.1.jar
5f49f000-5f4a1000 r--s 00007000 08:06 6687036    /home/hitesh/.gradle/wrapper/dists/gradle-2.2.1-all/c64ydeuardnfqctvr1gm30w53/gradle-2.2.1/lib/objenesis-1.2.jar
5f4a1000-5f4a3000 r--s 00000000 08:06 6687035    /home/hitesh/.gradle/wrapper/dists/gradle-2.2.1-all/c64ydeuardnfqctvr1gm30w53/gradle-2.2.1/lib/minlog-1.2.jar
5f4a3000-5f4a5000 r--s 0000f000 08:06 6687034    /home/hitesh/.gradle/wrapper/dists/gradle-2.2.1-all/c64ydeuardnfqctvr1gm30w53/gradle-2.2.1/lib/reflectasm-1.07-shaded.jar
5f4a5000-5f4a9000 r--s 00026000 08:06 6687025    /home/hitesh/.gradle/wrapper/dists/gradle-2.2.1-all/c64ydeuardnfqctvr1gm30w53/gradle-2.2.1/lib/kryo-2.20.jar
5f4a9000-5f4b2000 r--s 00039000 08:06 6687013    /home/hitesh/.gradle/wrapper/dists/gradle-2.2.1-all/c64ydeuardnfqctvr1gm30w53/gradle-2.2.1/lib/gradle-messaging-2.2.1.jar
5f4b2000-5f4b3000 r--s 00003000 08:06 6687033    /home/hitesh/.gradle/wrapper/dists/gradle-2.2.1-all/c64ydeuardnfqctvr1gm30w53/gradle-2.2.1/lib/native-platform-freebsd-amd64-0.10.jar
5f4b3000-5f4b4000 r--s 00003000 08:06 6687032    /home/hitesh/.gradle/wrapper/dists/gradle-2.2.1-all/c64ydeuardnfqctvr1gm30w53/gradle-2.2.1/lib/native-platform-freebsd-i386-0.10.jar
5f4b4000-5f4b5000 r--s 00005000 08:06 6687031    /home/hitesh/.gradle/wrapper/dists/gradle-2.2.1-all/c64ydeuardnfqctvr1gm30w53/gradle-2.2.1/lib/native-platform-windows-i386-0.10.jar
5f4b5000-5f4b6000 r--s 00005000 08:06 6687030    /home/hitesh/.gradle/wrapper/dists/gradle-2.2.1-all/c64ydeuardnfqctvr1gm30w53/gradle-2.2.1/lib/native-platform-windows-amd64-0.10.jar
5f4b6000-5f4b7000 r--s 00003000 08:06 6687029    /home/hitesh/.gradle/wrapper/dists/gradle-2.2.1-all/c64ydeuardnfqctvr1gm30w53/gradle-2.2.1/lib/native-platform-linux-i386-0.10.jar
5f4b7000-5f4b8000 r--s 00003000 08:06 6687028    /home/hitesh/.gradle/wrapper/dists/gradle-2.2.1-all/c64ydeuardnfqctvr1gm30w53/gradle-2.2.1/lib/native-platform-linux-amd64-0.10.jar
5f4b8000-5f4b9000 r--s 00002000 08:06 6687027    /home/hitesh/.gradle/wrapper/dists/gradle-2.2.1-all/c64ydeuardnfqctvr1gm30w53/gradle-2.2.1/lib/native-platform-osx-amd64-0.10.jar
5f4b9000-5f4bb000 r--s 00008000 08:06 6687023    /home/hitesh/.gradle/wrapper/dists/gradle-2.2.1-all/c64ydeuardnfqctvr1gm30w53/gradle-2.2.1/lib/jansi-1.2.1.jar
5f4bb000-5f4be000 r--s 0000d000 08:06 6687022    /home/hitesh/.gradle/wrapper/dists/gradle-2.2.1-all/c64ydeuardnfqctvr1gm30w53/gradle-2.2.1/lib/native-platform-0.10.jar
5f4be000-5f4c2000 r--s 000e4000 08:06 6687021    /home/hitesh/.gradle/wrapper/dists/gradle-2.2.1-all/c64ydeuardnfqctvr1gm30w53/gradle-2.2.1/lib/jna-3.2.7.jar
5f4c2000-5f4c4000 r--s 00008000 08:06 6686995    /home/hitesh/.gradle/wrapper/dists/gradle-2.2.1-all/c64ydeuardnfqctvr1gm30w53/gradle-2.2.1/lib/gradle-native-2.2.1.jar
5f4c4000-5f4c6000 r--s 00005000 08:06 6686992    /home/hitesh/.gradle/wrapper/dists/gradle-2.2.1-all/c64ydeuardnfqctvr1gm30w53/gradle-2.2.1/lib/gradle-cli-2.2.1.jar
5f4c6000-5f4c8000 r--s 00003000 08:06 6687012    /home/hitesh/.gradle/wrapper/dists/gradle-2.2.1-all/c64ydeuardnfqctvr1gm30w53/gradle-2.2.1/lib/gradle-base-services-groovy-2.2.1.jar
5f4c8000-5f4ca000 r--s 0000a000 08:06 6687000    /home/hitesh/.gradle/wrapper/dists/gradle-2.2.1-all/c64ydeuardnfqctvr1gm30w53/gradle-2.2.1/lib/gradle-model-groovy-2.2.1.jar
5f4ca000-5f4ce000 r--s 0001b000 08:06 6686999    /home/hitesh/.gradle/wrapper/dists/gradle-2.2.1-all/c64ydeuardnfqctvr1gm30w53/gradle-2.2.1/lib/gradle-model-core-2.2.1.jar
5f4ce000-5f4d1000 r--s 0001b000 08:06 6687010    /home/hitesh/.gradle/wrapper/dists/gradle-2.2.1-all/c64ydeuardnfqctvr1gm30w53/gradle-2.2.1/lib/jarjar-1.3.jar
5f4d1000-5f4d7000 r--s 0003b000 08:06 6687007    /home/hitesh/.gradle/wrapper/dists/gradle-2.2.1-all/c64ydeuardnfqctvr1gm30w53/gradle-2.2.1/lib/logback-classic-1.0.13.jar
5f4d7000-5f4e1000 r--s 0005d000 08:06 6687006    /home/hitesh/.gradle/wrapper/dists/gradle-2.2.1-all/c64ydeuardnfqctvr1gm30w53/gradle-2.2.1/lib/logback-core-1.0.13.jar
5f4e1000-5f4ef000 r--s 0007f000 08:06 6687003    /home/hitesh/.gradle/wrapper/dists/gradle-2.2.1-all/c64ydeuardnfqctvr1gm30w53/gradle-2.2.1/lib/commons-collections-3.2.1.jar
5f4ef000-5f4f4000 r--s 00036000 08:06 6687001    /home/hitesh/.gradle/wrapper/dists/gradle-2.2.1-all/c64ydeuardnfqctvr1gm30w53/gradle-2.2.1/lib/asm-all-5.0.3.jar
5f4f4000-5f55f000 r--s 00685000 08:06 6686998    /home/hitesh/.gradle/wrapper/dists/gradle-2.2.1-all/c64ydeuardnfqctvr1gm30w53/gradle-2.2.1/lib/groovy-all-2.3.6.jar
5f55f000-5f587000 r--s 001cf000 08:06 6686997    /home/hitesh/.gradle/wrapper/dists/gradle-2.2.1-all/c64ydeuardnfqctvr1gm30w53/gradle-2.2.1/lib/guava-jdk5-17.0.jar
5f587000-5f5b8000 r--s 00191000 08:06 6686991    /home/hitesh/.gradle/wrapper/dists/gradle-2.2.1-all/c64ydeuardnfqctvr1gm30w53/gradle-2.2.1/lib/gradle-core-2.2.1.jar
5f5b8000-5f5b9000 ---p 00000000 00:00 0 
5f5b9000-5f639000 rw-p 00000000 00:00 0 
5f639000-5f63c000 ---p 00000000 00:00 0 
5f63c000-5f68a000 rw-p 00000000 00:00 0 
5f68a000-5f68d000 ---p 00000000 00:00 0 
5f68d000-5f70b000 rw-p 00000000 00:00 0 
5f70b000-5f70e000 ---p 00000000 00:00 0 
5f70e000-5f78c000 rw-p 00000000 00:00 0 
5f78c000-5f78f000 ---p 00000000 00:00 0 
5f78f000-5f7dd000 rw-p 00000000 00:00 0 
5f7dd000-5f9dd000 r--p 00000000 08:05 6167624    /usr/lib/locale/locale-archive
5f9dd000-5f9e0000 ---p 00000000 00:00 0 
5f9e0000-5fa2e000 rw-p 00000000 00:00 0 
5fa2e000-5fa31000 ---p 00000000 00:00 0 
5fa31000-5fa7f000 rw-p 00000000 00:00 0 
5fa7f000-5fa80000 ---p 00000000 00:00 0 
5fa80000-5fb00000 rw-p 00000000 00:00 0 
5fb00000-5fbfe000 rw-p 00000000 00:00 0 
5fbfe000-5fc00000 ---p 00000000 00:00 0 
5fc00000-5fc01000 r--s 00002000 08:06 6687026    /home/hitesh/.gradle/wrapper/dists/gradle-2.2.1-all/c64ydeuardnfqctvr1gm30w53/gradle-2.2.1/lib/native-platform-osx-i386-0.10.jar
5fc01000-5fc06000 r--s 00041000 08:06 6687005    /home/hitesh/.gradle/wrapper/dists/gradle-2.2.1-all/c64ydeuardnfqctvr1gm30w53/gradle-2.2.1/lib/commons-lang-2.6.jar
5fc06000-5fc4f000 rw-p 00000000 00:00 0 
5fc4f000-5fe00000 r--s 01d23000 08:05 6298794    /usr/lib/jvm/java-7-openjdk-i386/jre/lib/rt.jar
5fe00000-62b00000 rw-p 00000000 00:00 0 
62b00000-62bfe000 rw-p 00000000 00:00 0 
62bfe000-62c00000 ---p 00000000 00:00 0 
62c00000-62c02000 r--s 00003000 08:06 6687017    /home/hitesh/.gradle/wrapper/dists/gradle-2.2.1-all/c64ydeuardnfqctvr1gm30w53/gradle-2.2.1/lib/jcl-over-slf4j-1.7.7.jar
62c02000-62c04000 r--s 00006000 08:06 6686996    /home/hitesh/.gradle/wrapper/dists/gradle-2.2.1-all/c64ydeuardnfqctvr1gm30w53/gradle-2.2.1/lib/slf4j-api-1.7.7.jar
62c04000-62c05000 r--s 00004000 08:06 6687024    /home/hitesh/.gradle/wrapper/dists/gradle-2.2.1-all/c64ydeuardnfqctvr1gm30w53/gradle-2.2.1/lib/ant-launcher-1.9.3.jar
62c05000-62c24000 r--s 001cc000 08:06 6687002    /home/hitesh/.gradle/wrapper/dists/gradle-2.2.1-all/c64ydeuardnfqctvr1gm30w53/gradle-2.2.1/lib/ant-1.9.3.jar
62c24000-62c7f000 rw-p 00000000 00:00 0 
62c7f000-62c80000 ---p 00000000 00:00 0 
62c80000-62d00000 rw-p 00000000 00:00 0 
62d00000-62dfc000 rw-p 00000000 00:00 0 
62dfc000-62e00000 ---p 00000000 00:00 0 
62e00000-62e01000 r--s 00000000 08:06 6687015    /home/hitesh/.gradle/wrapper/dists/gradle-2.2.1-all/c64ydeuardnfqctvr1gm30w53/gradle-2.2.1/lib/gradle-docs-2.2.1.jar
62e01000-62e02000 r--s 00005000 08:06 6687016    /home/hitesh/.gradle/wrapper/dists/gradle-2.2.1-all/c64ydeuardnfqctvr1gm30w53/gradle-2.2.1/lib/log4j-over-slf4j-1.7.7.jar
62e02000-62e04000 r--s 00000000 08:06 6687009    /home/hitesh/.gradle/wrapper/dists/gradle-2.2.1-all/c64ydeuardnfqctvr1gm30w53/gradle-2.2.1/lib/jul-to-slf4j-1.7.7.jar
62e04000-62e0a000 r--s 00026000 08:06 6686990    /home/hitesh/.gradle/wrapper/dists/gradle-2.2.1-all/c64ydeuardnfqctvr1gm30w53/gradle-2.2.1/lib/gradle-base-services-2.2.1.jar
62e0a000-62e28000 rw-p 00000000 00:00 0 
62e28000-62e29000 ---p 00000000 00:00 0 
62e29000-62f29000 rw-p 00000000 00:00 0 
62f29000-6302c000 rw-p 00000000 00:00 0 
6302c000-6306a000 ---p 00000000 00:00 0 
6306a000-6307f000 rw-p 00000000 00:00 0 
6307f000-630ff000 rw-p 00000000 00:00 0 
630ff000-63202000 rw-p 00000000 00:00 0 
63202000-63240000 ---p 00000000 00:00 0 
63240000-63254000 rw-p 00000000 00:00 0 
63254000-632cb000 rw-p 00000000 00:00 0 
632cb000-632ff000 ---p 00000000 00:00 0 
632ff000-73300000 rw-p 00000000 00:00 0 
73300000-93740000 rw-p 00000000 00:00 0 
9dd80000-acac0000 rw-p 00000000 00:00 0 
acac0000-b3300000 ---p 00000000 00:00 0 
b3300000-b3308000 r--s 0003c000 08:06 6686988    /home/hitesh/.gradle/wrapper/dists/gradle-2.2.1-all/c64ydeuardnfqctvr1gm30w53/gradle-2.2.1/lib/gradle-launcher-2.2.1.jar
b3308000-b330b000 r--s 0000f000 08:05 6298798    /usr/lib/jvm/java-7-openjdk-i386/jre/lib/ext/icedtea-sound.jar
b330b000-b330f000 r--s 0003c000 08:05 6298800    /usr/lib/jvm/java-7-openjdk-i386/jre/lib/ext/sunpkcs11.jar
b330f000-b3363000 rw-p 00000000 00:00 0 
b3363000-b33cf000 rw-p 00000000 00:00 0 
b33cf000-b48b7000 rwxp 00000000 00:00 0 
b48b7000-b63cf000 rw-p 00000000 00:00 0 
b63cf000-b63d7000 r-xp 00000000 08:05 6298833    /usr/lib/jvm/java-7-openjdk-i386/jre/lib/i386/libzip.so
b63d7000-b63d8000 r--p 00007000 08:05 6298833    /usr/lib/jvm/java-7-openjdk-i386/jre/lib/i386/libzip.so
b63d8000-b63d9000 rw-p 00008000 08:05 6298833    /usr/lib/jvm/java-7-openjdk-i386/jre/lib/i386/libzip.so
b63d9000-b63e4000 r-xp 00000000 08:05 2753623    /lib/i386-linux-gnu/libnss_files-2.15.so
b63e4000-b63e5000 r--p 0000a000 08:05 2753623    /lib/i386-linux-gnu/libnss_files-2.15.so
b63e5000-b63e6000 rw-p 0000b000 08:05 2753623    /lib/i386-linux-gnu/libnss_files-2.15.so
b63e6000-b63fc000 r-xp 00000000 08:05 2756633    /lib/i386-linux-gnu/libnsl-2.15.so
b63fc000-b63fd000 r--p 00015000 08:05 2756633    /lib/i386-linux-gnu/libnsl-2.15.so
b63fd000-b63fe000 rw-p 00016000 08:05 2756633    /lib/i386-linux-gnu/libnsl-2.15.so
b63fe000-b6400000 rw-p 00000000 00:00 0 
b6400000-b64fd000 rw-p 00000000 00:00 0 
b64fd000-b6500000 ---p 00000000 00:00 0 
b6500000-b6503000 r--s 00018000 08:06 6687004    /home/hitesh/.gradle/wrapper/dists/gradle-2.2.1-all/c64ydeuardnfqctvr1gm30w53/gradle-2.2.1/lib/commons-io-1.4.jar
b6503000-b6507000 r--s 00034000 08:05 6298802    /usr/lib/jvm/java-7-openjdk-i386/jre/lib/ext/sunjce_provider.jar
b6507000-b6511000 r-xp 00000000 08:05 2753595    /lib/i386-linux-gnu/libnss_nis-2.15.so
b6511000-b6512000 r--p 00009000 08:05 2753595    /lib/i386-linux-gnu/libnss_nis-2.15.so
b6512000-b6513000 rw-p 0000a000 08:05 2753595    /lib/i386-linux-gnu/libnss_nis-2.15.so
b6513000-b651a000 r-xp 00000000 08:05 2756637    /lib/i386-linux-gnu/libnss_compat-2.15.so
b651a000-b651b000 r--p 00006000 08:05 2756637    /lib/i386-linux-gnu/libnss_compat-2.15.so
b651b000-b651c000 rw-p 00007000 08:05 2756637    /lib/i386-linux-gnu/libnss_compat-2.15.so
b651c000-b651d000 r--s 00000000 08:06 6687011    /home/hitesh/.gradle/wrapper/dists/gradle-2.2.1-all/c64ydeuardnfqctvr1gm30w53/gradle-2.2.1/lib/javax.inject-1.jar
b651d000-b651e000 r--s 00000000 08:06 6687008    /home/hitesh/.gradle/wrapper/dists/gradle-2.2.1-all/c64ydeuardnfqctvr1gm30w53/gradle-2.2.1/lib/jcip-annotations-1.0.jar
b651e000-b6520000 r--s 00012000 08:05 6298803    /usr/lib/jvm/java-7-openjdk-i386/jre/lib/ext/zipfs.jar
b6520000-b6521000 r--s 00007000 08:05 1842       /usr/share/java/java-atk-wrapper.jar
b6521000-b6522000 r--s 00002000 08:05 6298799    /usr/lib/jvm/java-7-openjdk-i386/jre/lib/ext/dnsns.jar
b6522000-b6525000 r--s 00086000 08:05 6298801    /usr/lib/jvm/java-7-openjdk-i386/jre/lib/ext/localedata.jar
b6525000-b652d000 rw-s 00000000 08:05 3539025    /tmp/hsperfdata_hitesh/10573
b652d000-b6554000 r-xp 00000000 08:05 6298853    /usr/lib/jvm/java-7-openjdk-i386/jre/lib/i386/libjava.so
b6554000-b6555000 r--p 00026000 08:05 6298853    /usr/lib/jvm/java-7-openjdk-i386/jre/lib/i386/libjava.so
b6555000-b6556000 rw-p 00027000 08:05 6298853    /usr/lib/jvm/java-7-openjdk-i386/jre/lib/i386/libjava.so
b6556000-b655d000 r-xp 00000000 08:05 2753625    /lib/i386-linux-gnu/librt-2.15.so
b655d000-b655e000 r--p 00006000 08:05 2753625    /lib/i386-linux-gnu/librt-2.15.so
b655e000-b655f000 rw-p 00007000 08:05 2753625    /lib/i386-linux-gnu/librt-2.15.so
b655f000-b6562000 ---p 00000000 00:00 0 
b6562000-b65b0000 rw-p 00000000 00:00 0 
b65b0000-b65cc000 r-xp 00000000 08:05 2753460    /lib/i386-linux-gnu/libgcc_s.so.1
b65cc000-b65cd000 r--p 0001b000 08:05 2753460    /lib/i386-linux-gnu/libgcc_s.so.1
b65cd000-b65ce000 rw-p 0001c000 08:05 2753460    /lib/i386-linux-gnu/libgcc_s.so.1
b65ce000-b65f8000 r-xp 00000000 08:05 2756634    /lib/i386-linux-gnu/libm-2.15.so
b65f8000-b65f9000 r--p 00029000 08:05 2756634    /lib/i386-linux-gnu/libm-2.15.so
b65f9000-b65fa000 rw-p 0002a000 08:05 2756634    /lib/i386-linux-gnu/libm-2.15.so
b65fa000-b66d2000 r-xp 00000000 08:05 6165461    /usr/lib/i386-linux-gnu/libstdc++.so.6.0.16
b66d2000-b66d3000 ---p 000d8000 08:05 6165461    /usr/lib/i386-linux-gnu/libstdc++.so.6.0.16
b66d3000-b66d7000 r--p 000d8000 08:05 6165461    /usr/lib/i386-linux-gnu/libstdc++.so.6.0.16
b66d7000-b66d8000 rw-p 000dc000 08:05 6165461    /usr/lib/i386-linux-gnu/libstdc++.so.6.0.16
b66d8000-b66df000 rw-p 00000000 00:00 0 
b66df000-b70a1000 r-xp 00000000 08:05 139833     /usr/lib/jvm/java-7-openjdk-i386/jre/lib/i386/server/libjvm.so
b70a1000-b70f6000 r--p 009c2000 08:05 139833     /usr/lib/jvm/java-7-openjdk-i386/jre/lib/i386/server/libjvm.so
b70f6000-b710a000 rw-p 00a17000 08:05 139833     /usr/lib/jvm/java-7-openjdk-i386/jre/lib/i386/server/libjvm.so
b710a000-b7528000 rw-p 00000000 00:00 0 
b7528000-b753c000 r-xp 00000000 08:05 2753550    /lib/i386-linux-gnu/libz.so.1.2.3.4
b753c000-b753d000 r--p 00013000 08:05 2753550    /lib/i386-linux-gnu/libz.so.1.2.3.4
b753d000-b753e000 rw-p 00014000 08:05 2753550    /lib/i386-linux-gnu/libz.so.1.2.3.4
b753e000-b7555000 r-xp 00000000 08:05 2753621    /lib/i386-linux-gnu/libpthread-2.15.so
b7555000-b7556000 r--p 00016000 08:05 2753621    /lib/i386-linux-gnu/libpthread-2.15.so
b7556000-b7557000 rw-p 00017000 08:05 2753621    /lib/i386-linux-gnu/libpthread-2.15.so
b7557000-b7559000 rw-p 00000000 00:00 0 
b7559000-b755c000 r-xp 00000000 08:05 2756636    /lib/i386-linux-gnu/libdl-2.15.so
b755c000-b755d000 r--p 00002000 08:05 2756636    /lib/i386-linux-gnu/libdl-2.15.so
b755d000-b755e000 rw-p 00003000 08:05 2756636    /lib/i386-linux-gnu/libdl-2.15.so
b755e000-b7701000 r-xp 00000000 08:05 2756638    /lib/i386-linux-gnu/libc-2.15.so
b7701000-b7703000 r--p 001a3000 08:05 2756638    /lib/i386-linux-gnu/libc-2.15.so
b7703000-b7704000 rw-p 001a5000 08:05 2756638    /lib/i386-linux-gnu/libc-2.15.so
b7704000-b7707000 rw-p 00000000 00:00 0 
b7707000-b7708000 r--p 005e0000 08:05 6167624    /usr/lib/locale/locale-archive
b7708000-b7709000 rw-p 00000000 00:00 0 
b7709000-b770a000 ---p 00000000 00:00 0 
b770a000-b7716000 r-xp 00000000 08:05 6298850    /usr/lib/jvm/java-7-openjdk-i386/jre/lib/i386/libverify.so
b7716000-b7717000 r--p 0000b000 08:05 6298850    /usr/lib/jvm/java-7-openjdk-i386/jre/lib/i386/libverify.so
b7717000-b7718000 rw-p 0000c000 08:05 6298850    /usr/lib/jvm/java-7-openjdk-i386/jre/lib/i386/libverify.so
b7718000-b7725000 r-xp 00000000 08:05 6298825    /usr/lib/jvm/java-7-openjdk-i386/jre/lib/i386/jli/libjli.so
b7725000-b7726000 r--p 0000c000 08:05 6298825    /usr/lib/jvm/java-7-openjdk-i386/jre/lib/i386/jli/libjli.so
b7726000-b7727000 rw-p 0000d000 08:05 6298825    /usr/lib/jvm/java-7-openjdk-i386/jre/lib/i386/jli/libjli.so
b7727000-b772a000 rw-p 00000000 00:00 0 
b772a000-b772b000 r-xp 00000000 00:00 0          [vdso]
b772b000-b774b000 r-xp 00000000 08:05 2756487    /lib/i386-linux-gnu/ld-2.15.so
b774b000-b774c000 r--p 0001f000 08:05 2756487    /lib/i386-linux-gnu/ld-2.15.so
b774c000-b774d000 rw-p 00020000 08:05 2756487    /lib/i386-linux-gnu/ld-2.15.so
bff6f000-bff70000 rwxp 00000000 00:00 0 
bffa2000-bffc3000 rw-p 00000000 00:00 0          [stack]

VM Arguments:
jvm_args: -XX:MaxPermSize=256m -XX:+HeapDumpOnOutOfMemoryError -Xmx1024m -Dfile.encoding=UTF-8 -Duser.country=US -Duser.language=en -Duser.variant 
java_command: org.gradle.launcher.daemon.bootstrap.GradleDaemon 2.2.1 /home/hitesh/.gradle/daemon 10800000 1b7dde14-17d2-4aa1-bf56-402c50db7f19 -XX:MaxPermSize=256m -XX:+HeapDumpOnOutOfMemoryError -Xmx1024m -Dfile.encoding=UTF-8 -Duser.country=US -Duser.language=en -Duser.variant
Launcher Type: SUN_STANDARD

Environment Variables:
PATH=/usr/lib/lightdm/lightdm:/usr/local/sbin:/usr/local/bin:/usr/sbin:/usr/bin:/sbin:/bin:/usr/games
LD_LIBRARY_PATH=/home/hitesh/Desktop/Link to android-studio/bin:
SHELL=/bin/bash
DISPLAY=:0.0

Signal Handlers:
SIGSEGV: [libjvm.so+0x80b550], sa_mask[0]=0x7ffbfeff, sa_flags=0x10000004
SIGBUS: [libjvm.so+0x80b550], sa_mask[0]=0x7ffbfeff, sa_flags=0x10000004
SIGFPE: [libjvm.so+0x6753e0], sa_mask[0]=0x7ffbfeff, sa_flags=0x10000004
SIGPIPE: SIG_IGN, sa_mask[0]=0x00000000, sa_flags=0x00000000
SIGXFSZ: [libjvm.so+0x6753e0], sa_mask[0]=0x7ffbfeff, sa_flags=0x10000004
SIGILL: [libjvm.so+0x6753e0], sa_mask[0]=0x7ffbfeff, sa_flags=0x10000004
SIGUSR1: SIG_DFL, sa_mask[0]=0x00000000, sa_flags=0x00000000
SIGUSR2: [libjvm.so+0x675690], sa_mask[0]=0x00000004, sa_flags=0x10000004
SIGHUP: [libjvm.so+0x675850], sa_mask[0]=0x7ffbfeff, sa_flags=0x10000004
SIGINT: [libjvm.so+0x675850], sa_mask[0]=0x7ffbfeff, sa_flags=0x10000004
SIGTERM: [libjvm.so+0x675850], sa_mask[0]=0x7ffbfeff, sa_flags=0x10000004
SIGQUIT: [libjvm.so+0x675850], sa_mask[0]=0x7ffbfeff, sa_flags=0x10000004
SIGTRAP: SIG_DFL, sa_mask[0]=0x00000000, sa_flags=0x00000000


---------------  S Y S T E M  ---------------

OS:Ubuntu 12.04 (precise)
uname:Linux 3.2.0-29-generic-pae #46-Ubuntu SMP Fri Jul 27 17:25:43 UTC 2012 i686
libc:glibc 2.15 NPTL 2.15 
rlimit: STACK 8192k, CORE 0k, NPROC 31165, NOFILE 4096, AS infinity
load average:5.13 3.35 2.12

/proc/meminfo:
MemTotal:        4003760 kB
MemFree:          229260 kB
Buffers:           53196 kB
Cached:           550800 kB
SwapCached:            0 kB
Active:          3332652 kB
Inactive:         357500 kB
Active(anon):    3241888 kB
Inactive(anon):   275048 kB
Active(file):      90764 kB
Inactive(file):    82452 kB
Unevictable:         104 kB
Mlocked:             104 kB
HighTotal:       3158768 kB
HighFree:          40368 kB
LowTotal:         844992 kB
LowFree:          188892 kB
SwapTotal:             0 kB
SwapFree:              0 kB
Dirty:             13952 kB
Writeback:             0 kB
AnonPages:       3086412 kB
Mapped:            62416 kB
Shmem:            430636 kB
Slab:              43856 kB
SReclaimable:      23476 kB
SUnreclaim:        20380 kB
KernelStack:        4928 kB
PageTables:        18376 kB
NFS_Unstable:          0 kB
Bounce:                0 kB
WritebackTmp:          0 kB
CommitLimit:     2001880 kB
Committed_AS:    7536952 kB
VmallocTotal:     122880 kB
VmallocUsed:       16336 kB
VmallocChunk:     102756 kB
HardwareCorrupted:     0 kB
AnonHugePages:         0 kB
HugePages_Total:       0
HugePages_Free:        0
HugePages_Rsvd:        0
HugePages_Surp:        0
Hugepagesize:       2048 kB
DirectMap4k:       28664 kB
DirectMap2M:      884736 kB


CPU:total 2 (2 cores per cpu, 1 threads per core) family 6 model 58 stepping 9, cmov, cx8, fxsr, mmx, sse, sse2, sse3, ssse3, sse4.1, sse4.2, popcnt, erms, tsc, tscinvbit, tscinv

/proc/cpuinfo:
processor	: 0
vendor_id	: GenuineIntel
cpu family	: 6
model		: 58
model name	: Intel(R) Pentium(R) CPU G2020 @ 2.90GHz
stepping	: 9
microcode	: 0x17
cpu MHz		: 2900.000
cache size	: 3072 KB
physical id	: 0
siblings	: 2
core id		: 0
cpu cores	: 2
apicid		: 0
initial apicid	: 0
fdiv_bug	: no
hlt_bug		: no
f00f_bug	: no
coma_bug	: no
fpu		: yes
fpu_exception	: yes
cpuid level	: 13
wp		: yes
flags		: fpu vme de pse tsc msr pae mce cx8 apic sep mtrr pge mca cmov pat pse36 clflush dts acpi mmx fxsr sse sse2 ss ht tm pbe nx rdtscp lm constant_tsc arch_perfmon pebs bts xtopology nonstop_tsc aperfmperf pni pclmulqdq dtes64 monitor ds_cpl vmx est tm2 ssse3 cx16 xtpr pdcm pcid sse4_1 sse4_2 popcnt tsc_deadline_timer xsave lahf_lm arat epb xsaveopt pln pts dtherm tpr_shadow vnmi flexpriority ept vpid fsgsbase smep erms
bogomips	: 5786.94
clflush size	: 64
cache_alignment	: 64
address sizes	: 36 bits physical, 48 bits virtual
power management:

processor	: 1
vendor_id	: GenuineIntel
cpu family	: 6
model		: 58
model name	: Intel(R) Pentium(R) CPU G2020 @ 2.90GHz
stepping	: 9
microcode	: 0x17
cpu MHz		: 2900.000
cache size	: 3072 KB
physical id	: 0
siblings	: 2
core id		: 1
cpu cores	: 2
apicid		: 2
initial apicid	: 2
fdiv_bug	: no
hlt_bug		: no
f00f_bug	: no
coma_bug	: no
fpu		: yes
fpu_exception	: yes
cpuid level	: 13
wp		: yes
flags		: fpu vme de pse tsc msr pae mce cx8 apic sep mtrr pge mca cmov pat pse36 clflush dts acpi mmx fxsr sse sse2 ss ht tm pbe nx rdtscp lm constant_tsc arch_perfmon pebs bts xtopology nonstop_tsc aperfmperf pni pclmulqdq dtes64 monitor ds_cpl vmx est tm2 ssse3 cx16 xtpr pdcm pcid sse4_1 sse4_2 popcnt tsc_deadline_timer xsave lahf_lm arat epb xsaveopt pln pts dtherm tpr_shadow vnmi flexpriority ept vpid fsgsbase smep erms
bogomips	: 5786.58
clflush size	: 64
cache_alignment	: 64
address sizes	: 36 bits physical, 48 bits virtual
power management:



Memory: 4k page, physical 4003760k(229136k free), swap 0k(0k free)

vm_info: OpenJDK Server VM (24.75-b04) for linux-x86 JRE (1.7.0_75-b13), built on Jan 27 2015 16:24:35 by "buildd" with gcc 4.6.3

time: Tue Jul 14 21:31:56 2015
elapsed time: 7329 seconds

