#
# There is insufficient memory for the Java Runtime Environment to continue.
# Native memory allocation (malloc) failed to allocate 72351744 bytes for committing reserved memory.
# Possible reasons:
#   The system is out of physical RAM or swap space
#   In 32 bit mode, the process size limit was hit
# Possible solutions:
#   Reduce memory load on the system
#   Increase physical memory or swap space
#   Check if swap backing store is full
#   Use 64 bit Java on a 64 bit OS
#   Decrease Java heap size (-Xmx/-Xms)
#   Decrease number of Java threads
#   Decrease Java thread stack sizes (-Xss)
#   Set larger code cache with -XX:ReservedCodeCacheSize=
# This output file may be truncated or incomplete.
#
#  Out of Memory Error (os_linux.cpp:2798), pid=15387, tid=1745378112
#
# JRE version: OpenJDK Runtime Environment (7.0_75-b13) (build 1.7.0_75-b13)
# Java VM: OpenJDK Server VM (24.75-b04 mixed mode linux-x86 )
# Derivative: IcedTea 2.5.4
# Distribution: Ubuntu 12.04 LTS, package 7u75-2.5.4-1~precise1
# Failed to write core dump. Core dumps have been disabled. To enable core dumping, try "ulimit -c unlimited" before starting Java again
#

---------------  T H R E A D  ---------------

Current thread (0x67f10400):  VMThread [stack: 0x68005000,0x68086000] [id=15394]

Stack: [0x68005000,0x68086000]
[error occurred during error reporting (printing stack bounds), id 0xb]

VM_Operation (0xb659a948): ParallelGCFailedAllocation, mode: safepoint, requested by thread 0xb6407c00


---------------  P R O C E S S  ---------------

Java Threads: ( => current thread )
  0x67f2c400 JavaThread "Service Thread" daemon [_thread_blocked, id=15400, stack(0x67b5c000,0x67bad000)]
  0x67f2a800 JavaThread "C2 CompilerThread1" daemon [_thread_blocked, id=15399, stack(0x67bad000,0x67c2e000)]
  0x67f28800 JavaThread "C2 CompilerThread0" daemon [_thread_in_native, id=15398, stack(0x67c2e000,0x67caf000)]
  0x67f26c00 JavaThread "Signal Dispatcher" daemon [_thread_blocked, id=15397, stack(0x67caf000,0x67d00000)]
  0x67f14400 JavaThread "Finalizer" daemon [_thread_blocked, id=15396, stack(0x6ac03000,0x6ac54000)]
  0x67f12800 JavaThread "Reference Handler" daemon [_thread_blocked, id=15395, stack(0x6ac54000,0x6aca5000)]
  0xb6407c00 JavaThread "main" [_thread_blocked, id=15389, stack(0xb654b000,0xb659c000)]

Other Threads:
=>0x67f10400 VMThread [stack: 0x68005000,0x68086000] [id=15394]
  0x67f2e000 WatcherThread [stack: 0x67adb000,0x67b5c000] [id=15401]

VM state:at safepoint (normal execution)

VM Mutex/Monitor currently owned by a thread:  ([mutex/lock_event])
[0xb6405228] Threads_lock - owner thread: 0x67f10400
[0xb6405638] Heap_lock - owner thread: 0xb6407c00

Heap
 PSYoungGen      total 70400K, used 8436K [0x9dd80000, 0xa2c00000, 0xb3300000)
  eden space 61952K, 0% used [0x9dd80000,0x9dd80000,0xa1a00000)
  from space 8448K, 99% used [0xa1a00000,0xa223d390,0xa2240000)
  to   space 6912K, 0% used [0xa2240000,0xa2240000,0xa2900000)
 ParOldGen       total 41728K, used 22149K [0x73300000, 0x75bc0000, 0x9dd80000)
  object space 41728K, 53% used [0x73300000,0x748a1748,0x75bc0000)
 PSPermGen       total 16384K, used 4024K [0x6b300000, 0x6c300000, 0x73300000)
  object space 16384K, 24% used [0x6b300000,0x6b6ee2c8,0x6c300000)

Card table byte_map: [0x6b0bf000,0x6b300000] byte_map_base: 0x6ad65800

Polling page: 0xb76f2000

Code Cache  [0xb33c4000, 0xb3604000, 0xb63c4000)
 total_blobs=733 nmethods=614 adapters=73 free_code_cache=47059Kb largest_free_block=48142336

Compilation events (10 events):
Event: 6.831 Thread 0x67f2a800 nmethod 625 0xb34bdd88 code [0xb34bdf00, 0xb34be544]
Event: 6.831 Thread 0x67f2a800  626             com.android.dx.rop.type.Prototype::getDescriptor (5 bytes)
Event: 6.832 Thread 0x67f2a800 nmethod 626 0xb34bee08 code [0xb34beee0, 0xb34bef30]
Event: 6.832 Thread 0x67f2a800  627             com.android.dx.rop.cst.CstString::stringToUtf8Bytes (175 bytes)
Event: 6.855 Thread 0x67f2a800 nmethod 627 0xb34bfb48 code [0xb34bfc60, 0xb34c03b0]
Event: 6.855 Thread 0x67f2a800  628             com.android.dx.cf.code.RopperMachine::getPrimarySuccessorIndex (5 bytes)
Event: 6.856 Thread 0x67f2a800 nmethod 628 0xb34bec88 code [0xb34bed60, 0xb34bedb0]
Event: 6.856 Thread 0x67f2a800  629             com.android.dx.ssa.back.FirstFitLocalCombiningAllocator$1::processInsn (169 bytes)
Event: 6.889 Thread 0x67f2a800 nmethod 629 0xb34b9408 code [0xb34b9660, 0xb34ba3e0]
Event: 6.889 Thread 0x67f2a800  630             com.android.dx.dex.file.AnnotationUtils::makeSignature (251 bytes)

GC Heap History (10 events):
Event: 2.080 GC heap after
Heap after GC invocations=2 (full 0):
 PSYoungGen      total 18432K, used 2544K [0x9dd80000, 0x9f200000, 0xb3300000)
  eden space 15872K, 0% used [0x9dd80000,0x9dd80000,0x9ed00000)
  from space 2560K, 99% used [0x9ef80000,0x9f1fc068,0x9f200000)
  to   space 2560K, 0% used [0x9ed00000,0x9ed00000,0x9ef80000)
 ParOldGen       total 41728K, used 3563K [0x73300000, 0x75bc0000, 0x9dd80000)
  object space 41728K, 8% used [0x73300000,0x7367ae30,0x75bc0000)
 PSPermGen       total 16384K, used 3915K [0x6b300000, 0x6c300000, 0x73300000)
  object space 16384K, 23% used [0x6b300000,0x6b6d2d90,0x6c300000)
}
Event: 2.751 GC heap before
{Heap before GC invocations=3 (full 0):
 PSYoungGen      total 18432K, used 18416K [0x9dd80000, 0x9f200000, 0xb3300000)
  eden space 15872K, 100% used [0x9dd80000,0x9ed00000,0x9ed00000)
  from space 2560K, 99% used [0x9ef80000,0x9f1fc068,0x9f200000)
  to   space 2560K, 0% used [0x9ed00000,0x9ed00000,0x9ef80000)
 ParOldGen       total 41728K, used 3563K [0x73300000, 0x75bc0000, 0x9dd80000)
  object space 41728K, 8% used [0x73300000,0x7367ae30,0x75bc0000)
 PSPermGen       total 16384K, used 3945K [0x6b300000, 0x6c300000, 0x73300000)
  object space 16384K, 24% used [0x6b300000,0x6b6da658,0x6c300000)
Event: 2.769 GC heap after
Heap after GC invocations=3 (full 0):
 PSYoungGen      total 18432K, used 2553K [0x9dd80000, 0xa0180000, 0xb3300000)
  eden space 15872K, 0% used [0x9dd80000,0x9dd80000,0x9ed00000)
  from space 2560K, 99% used [0x9ed00000,0x9ef7e448,0x9ef80000)
  to   space 2560K, 0% used [0x9ff00000,0x9ff00000,0xa0180000)
 ParOldGen       total 41728K, used 5855K [0x73300000, 0x75bc0000, 0x9dd80000)
  object space 41728K, 14% used [0x73300000,0x738b7e28,0x75bc0000)
 PSPermGen       total 16384K, used 3945K [0x6b300000, 0x6c300000, 0x73300000)
  object space 16384K, 24% used [0x6b300000,0x6b6da658,0x6c300000)
}
Event: 3.159 GC heap before
{Heap before GC invocations=4 (full 0):
 PSYoungGen      total 18432K, used 18425K [0x9dd80000, 0xa0180000, 0xb3300000)
  eden space 15872K, 100% used [0x9dd80000,0x9ed00000,0x9ed00000)
  from space 2560K, 99% used [0x9ed00000,0x9ef7e448,0x9ef80000)
  to   space 2560K, 0% used [0x9ff00000,0x9ff00000,0xa0180000)
 ParOldGen       total 41728K, used 5855K [0x73300000, 0x75bc0000, 0x9dd80000)
  object space 41728K, 14% used [0x73300000,0x738b7e28,0x75bc0000)
 PSPermGen       total 16384K, used 3962K [0x6b300000, 0x6c300000, 0x73300000)
  object space 16384K, 24% used [0x6b300000,0x6b6dead0,0x6c300000)
Event: 3.177 GC heap after
Heap after GC invocations=4 (full 0):
 PSYoungGen      total 34304K, used 2546K [0x9dd80000, 0xa0180000, 0xb3300000)
  eden space 31744K, 0% used [0x9dd80000,0x9dd80000,0x9fc80000)
  from space 2560K, 99% used [0x9ff00000,0xa017cb38,0xa0180000)
  to   space 2560K, 0% used [0x9fc80000,0x9fc80000,0x9ff00000)
 ParOldGen       total 41728K, used 8174K [0x73300000, 0x75bc0000, 0x9dd80000)
  object space 41728K, 19% used [0x73300000,0x73afb950,0x75bc0000)
 PSPermGen       total 16384K, used 3962K [0x6b300000, 0x6c300000, 0x73300000)
  object space 16384K, 24% used [0x6b300000,0x6b6dead0,0x6c300000)
}
Event: 4.214 GC heap before
{Heap before GC invocations=5 (full 0):
 PSYoungGen      total 34304K, used 34290K [0x9dd80000, 0xa0180000, 0xb3300000)
  eden space 31744K, 100% used [0x9dd80000,0x9fc80000,0x9fc80000)
  from space 2560K, 99% used [0x9ff00000,0xa017cb38,0xa0180000)
  to   space 2560K, 0% used [0x9fc80000,0x9fc80000,0x9ff00000)
 ParOldGen       total 41728K, used 8174K [0x73300000, 0x75bc0000, 0x9dd80000)
  object space 41728K, 19% used [0x73300000,0x73afb950,0x75bc0000)
 PSPermGen       total 16384K, used 3983K [0x6b300000, 0x6c300000, 0x73300000)
  object space 16384K, 24% used [0x6b300000,0x6b6e3c98,0x6c300000)
Event: 4.245 GC heap after
Heap after GC invocations=5 (full 0):
 PSYoungGen      total 34304K, used 2549K [0x9dd80000, 0xa2900000, 0xb3300000)
  eden space 31744K, 0% used [0x9dd80000,0x9dd80000,0x9fc80000)
  from space 2560K, 99% used [0x9fc80000,0x9fefd750,0x9ff00000)
  to   space 6912K, 0% used [0xa2240000,0xa2240000,0xa2900000)
 ParOldGen       total 41728K, used 12483K [0x73300000, 0x75bc0000, 0x9dd80000)
  object space 41728K, 29% used [0x73300000,0x73f30ff8,0x75bc0000)
 PSPermGen       total 16384K, used 3983K [0x6b300000, 0x6c300000, 0x73300000)
  object space 16384K, 24% used [0x6b300000,0x6b6e3c98,0x6c300000)
}
Event: 5.148 GC heap before
{Heap before GC invocations=6 (full 0):
 PSYoungGen      total 34304K, used 34293K [0x9dd80000, 0xa2900000, 0xb3300000)
  eden space 31744K, 100% used [0x9dd80000,0x9fc80000,0x9fc80000)
  from space 2560K, 99% used [0x9fc80000,0x9fefd750,0x9ff00000)
  to   space 6912K, 0% used [0xa2240000,0xa2240000,0xa2900000)
 ParOldGen       total 41728K, used 12483K [0x73300000, 0x75bc0000, 0x9dd80000)
  object space 41728K, 29% used [0x73300000,0x73f30ff8,0x75bc0000)
 PSPermGen       total 16384K, used 4006K [0x6b300000, 0x6c300000, 0x73300000)
  object space 16384K, 24% used [0x6b300000,0x6b6e9978,0x6c300000)
Event: 5.182 GC heap after
Heap after GC invocations=6 (full 0):
 PSYoungGen      total 68864K, used 6910K [0x9dd80000, 0xa2c00000, 0xb3300000)
  eden space 61952K, 0% used [0x9dd80000,0x9dd80000,0xa1a00000)
  from space 6912K, 99% used [0xa2240000,0xa28ff818,0xa2900000)
  to   space 8448K, 0% used [0xa1a00000,0xa1a00000,0xa2240000)
 ParOldGen       total 41728K, used 13802K [0x73300000, 0x75bc0000, 0x9dd80000)
  object space 41728K, 33% used [0x73300000,0x7407a860,0x75bc0000)
 PSPermGen       total 16384K, used 4006K [0x6b300000, 0x6c300000, 0x73300000)
  object space 16384K, 24% used [0x6b300000,0x6b6e9978,0x6c300000)
}
Event: 6.916 GC heap before
{Heap before GC invocations=7 (full 0):
 PSYoungGen      total 68864K, used 68862K [0x9dd80000, 0xa2c00000, 0xb3300000)
  eden space 61952K, 100% used [0x9dd80000,0xa1a00000,0xa1a00000)
  from space 6912K, 99% used [0xa2240000,0xa28ff818,0xa2900000)
  to   space 8448K, 0% used [0xa1a00000,0xa1a00000,0xa2240000)
 ParOldGen       total 41728K, used 13802K [0x73300000, 0x75bc0000, 0x9dd80000)
  object space 41728K, 33% used [0x73300000,0x7407a860,0x75bc0000)
 PSPermGen       total 16384K, used 4024K [0x6b300000, 0x6c300000, 0x73300000)
  object space 16384K, 24% used [0x6b300000,0x6b6ee2c8,0x6c300000)

Deoptimization events (10 events):
Event: 5.836 Thread 0xb6407c00 Uncommon trap: reason=bimorphic action=maybe_recompile pc=0xb359a498 method=com.android.dx.cf.code.BytecodeArray.parseInstruction(ILcom/android/dx/cf/code/BytecodeArray$Visitor;)I @ 2135
Event: 5.836 Thread 0xb6407c00 Uncommon trap: reason=bimorphic action=maybe_recompile pc=0xb35980cc method=com.android.dx.cf.code.BytecodeArray.parseInstruction(ILcom/android/dx/cf/code/BytecodeArray$Visitor;)I @ 1501
Event: 5.861 Thread 0xb6407c00 Uncommon trap: reason=bimorphic action=maybe_recompile pc=0xb34c7f5c method=com.android.dx.ssa.LiteralOpUpgrader.tryReplacingWithConstant(Lcom/android/dx/ssa/NormalSsaInsn;)Z @ 62
Event: 5.871 Thread 0xb6407c00 Uncommon trap: reason=bimorphic action=maybe_recompile pc=0xb34c7f5c method=com.android.dx.ssa.LiteralOpUpgrader.tryReplacingWithConstant(Lcom/android/dx/ssa/NormalSsaInsn;)Z @ 62
Event: 6.013 Thread 0xb6407c00 Uncommon trap: reason=bimorphic action=maybe_recompile pc=0xb3538350 method=com.android.dx.cf.code.RopperMachine.run(Lcom/android/dx/cf/code/Frame;II)V @ 310
Event: 6.013 Thread 0xb6407c00 Uncommon trap: reason=bimorphic action=maybe_recompile pc=0xb3538350 method=com.android.dx.cf.code.RopperMachine.run(Lcom/android/dx/cf/code/Frame;II)V @ 310
Event: 6.014 Thread 0xb6407c00 Uncommon trap: reason=bimorphic action=maybe_recompile pc=0xb3538350 method=com.android.dx.cf.code.RopperMachine.run(Lcom/android/dx/cf/code/Frame;II)V @ 310
Event: 6.022 Thread 0xb6407c00 Uncommon trap: reason=bimorphic action=maybe_recompile pc=0xb3538350 method=com.android.dx.cf.code.RopperMachine.run(Lcom/android/dx/cf/code/Frame;II)V @ 310
Event: 6.379 Thread 0xb6407c00 Uncommon trap: reason=unloaded action=reinterpret pc=0xb358c44c method=com.android.dx.cf.code.Ropper.addReturnBlock()V @ 45
Event: 6.379 Thread 0xb6407c00 Uncommon trap: reason=unreached action=reinterpret pc=0xb34a4604 method=com.android.dx.ssa.MoveParamCombiner$1.visitNonMoveInsn(Lcom/android/dx/ssa/NormalSsaInsn;)V @ 27

Internal exceptions (10 events):
Event: 2.965 Thread 0xb6407c00 Threw 0x9e36b140 at /build/buildd/openjdk-7-7u75-2.5.4/build/openjdk/hotspot/src/share/vm/prims/jvm.cpp:1284
Event: 3.229 Thread 0xb6407c00 Implicit null exception at 0xb344922b to 0xb3449302
Event: 4.674 Thread 0xb6407c00 Threw 0x9ec00230 at /build/buildd/openjdk-7-7u75-2.5.4/build/openjdk/hotspot/src/share/vm/prims/jvm.cpp:1284
Event: 4.687 Thread 0xb6407c00 Threw 0x9ec8bb58 at /build/buildd/openjdk-7-7u75-2.5.4/build/openjdk/hotspot/src/share/vm/prims/jvm.cpp:1284
Event: 4.688 Thread 0xb6407c00 Implicit null exception at 0xb34d4759 to 0xb34d4e41
Event: 4.688 Thread 0xb6407c00 Implicit null exception at 0xb34d7fdf to 0xb34d8145
Event: 4.695 Thread 0xb6407c00 Threw 0x9ed1fa68 at /build/buildd/openjdk-7-7u75-2.5.4/build/openjdk/hotspot/src/share/vm/prims/jvm.cpp:1284
Event: 5.274 Thread 0xb6407c00 Implicit null exception at 0xb34d2244 to 0xb34d2b25
Event: 5.553 Thread 0xb6407c00 Threw 0x9e830cd8 at /build/buildd/openjdk-7-7u75-2.5.4/build/openjdk/hotspot/src/share/vm/prims/jvm.cpp:1284
Event: 5.937 Thread 0xb6407c00 Threw 0x9f3cab60 at /build/buildd/openjdk-7-7u75-2.5.4/build/openjdk/hotspot/src/share/vm/prims/jvm.cpp:1284

Events (10 events):
Event: 6.335 Thread 0x67f2a800 flushing nmethod 0xb3449108
Event: 6.379 Thread 0xb6407c00 Uncommon trap: trap_request=0x000000c9 fr.pc=0xb358c44c
Event: 6.379 Thread 0xb6407c00 DEOPT PACKING pc=0xb358c44c sp=0xb659aba0
Event: 6.379 Thread 0xb6407c00 DEOPT UNPACKING pc=0xb33f0bc8 sp=0xb659ab58 mode 2
Event: 6.379 Thread 0xb6407c00 Uncommon trap: trap_request=0xffffffad fr.pc=0xb34a4604
Event: 6.379 Thread 0xb6407c00 DEOPT PACKING pc=0xb34a4604 sp=0xb659aa60
Event: 6.379 Thread 0xb6407c00 DEOPT UNPACKING pc=0xb33f0bc8 sp=0xb659aa14 mode 2
Event: 6.422 Thread 0x67f28800 flushing nmethod 0xb3479708
Event: 6.447 Thread 0x67f28800 flushing nmethod 0xb34b4f88
Event: 6.916 Executing VM operation: ParallelGCFailedAllocation


Dynamic libraries:
08048000-08049000 r-xp 00000000 08:05 4983886    /usr/lib/jvm/java-7-openjdk-i386/jre/bin/java
08049000-0804a000 r--p 00000000 08:05 4983886    /usr/lib/jvm/java-7-openjdk-i386/jre/bin/java
0804a000-0804b000 rw-p 00001000 08:05 4983886    /usr/lib/jvm/java-7-openjdk-i386/jre/bin/java
09c19000-0a445000 rw-p 00000000 00:00 0          [heap]
66d62000-66e00000 rw-p 00000000 00:00 0 
66e00000-66eff000 rw-p 00000000 00:00 0 
66eff000-66f00000 ---p 00000000 00:00 0 
67000000-670fb000 rw-p 00000000 00:00 0 
670fb000-67100000 ---p 00000000 00:00 0 
67100000-671f1000 rw-p 00000000 00:00 0 
671f1000-67200000 ---p 00000000 00:00 0 
67200000-672f2000 rw-p 00000000 00:00 0 
672f2000-67300000 ---p 00000000 00:00 0 
67300000-673e2000 rw-p 00000000 00:00 0 
673e2000-67400000 ---p 00000000 00:00 0 
67400000-674fb000 rw-p 00000000 00:00 0 
674fb000-67500000 ---p 00000000 00:00 0 
67600000-67632000 rw-p 00000000 00:00 0 
67632000-67700000 ---p 00000000 00:00 0 
67763000-6779d000 r-xp 00000000 08:05 3802088    /lib/i386-linux-gnu/libpcre.so.3.12.1
6779d000-6779e000 r--p 00039000 08:05 3802088    /lib/i386-linux-gnu/libpcre.so.3.12.1
6779e000-6779f000 rw-p 0003a000 08:05 3802088    /lib/i386-linux-gnu/libpcre.so.3.12.1
6779f000-677a4000 r-xp 00000000 08:05 4985471    /usr/lib/i386-linux-gnu/libffi.so.6.0.0
677a4000-677a5000 r--p 00004000 08:05 4985471    /usr/lib/i386-linux-gnu/libffi.so.6.0.0
677a5000-677a6000 rw-p 00005000 08:05 4985471    /usr/lib/i386-linux-gnu/libffi.so.6.0.0
677a6000-677b9000 r-xp 00000000 08:05 3802099    /lib/i386-linux-gnu/libresolv-2.15.so
677b9000-677ba000 ---p 00013000 08:05 3802099    /lib/i386-linux-gnu/libresolv-2.15.so
677ba000-677bb000 r--p 00013000 08:05 3802099    /lib/i386-linux-gnu/libresolv-2.15.so
677bb000-677bc000 rw-p 00014000 08:05 3802099    /lib/i386-linux-gnu/libresolv-2.15.so
677bc000-677be000 rw-p 00000000 00:00 0 
677be000-677db000 r-xp 00000000 08:05 3802103    /lib/i386-linux-gnu/libselinux.so.1
677db000-677dc000 r--p 0001c000 08:05 3802103    /lib/i386-linux-gnu/libselinux.so.1
677dc000-677dd000 rw-p 0001d000 08:05 3802103    /lib/i386-linux-gnu/libselinux.so.1
677dd000-678d4000 r-xp 00000000 08:05 3802040    /lib/i386-linux-gnu/libglib-2.0.so.0.3200.3
678d4000-678d5000 r--p 000f6000 08:05 3802040    /lib/i386-linux-gnu/libglib-2.0.so.0.3200.3
678d5000-678d6000 rw-p 000f7000 08:05 3802040    /lib/i386-linux-gnu/libglib-2.0.so.0.3200.3
678d6000-67923000 r-xp 00000000 08:05 4985532    /usr/lib/i386-linux-gnu/libgobject-2.0.so.0.3200.3
67923000-67924000 r--p 0004c000 08:05 4985532    /usr/lib/i386-linux-gnu/libgobject-2.0.so.0.3200.3
67924000-67925000 rw-p 0004d000 08:05 4985532    /usr/lib/i386-linux-gnu/libgobject-2.0.so.0.3200.3
67925000-67a78000 r-xp 00000000 08:05 4985508    /usr/lib/i386-linux-gnu/libgio-2.0.so.0.3200.3
67a78000-67a7a000 r--p 00153000 08:05 4985508    /usr/lib/i386-linux-gnu/libgio-2.0.so.0.3200.3
67a7a000-67a7b000 rw-p 00155000 08:05 4985508    /usr/lib/i386-linux-gnu/libgio-2.0.so.0.3200.3
67a7b000-67a7c000 rw-p 00000000 00:00 0 
67a8e000-67aa5000 r-xp 00000000 08:05 4989135    /usr/lib/jvm/java-7-openjdk-i386/jre/lib/i386/libnet.so
67aa5000-67aa6000 r--p 00016000 08:05 4989135    /usr/lib/jvm/java-7-openjdk-i386/jre/lib/i386/libnet.so
67aa6000-67aa7000 rw-p 00017000 08:05 4989135    /usr/lib/jvm/java-7-openjdk-i386/jre/lib/i386/libnet.so
67aa7000-67ab8000 r-xp 00000000 08:05 4989121    /usr/lib/jvm/java-7-openjdk-i386/jre/lib/i386/libnio.so
67ab8000-67ab9000 r--p 00010000 08:05 4989121    /usr/lib/jvm/java-7-openjdk-i386/jre/lib/i386/libnio.so
67ab9000-67aba000 rw-p 00011000 08:05 4989121    /usr/lib/jvm/java-7-openjdk-i386/jre/lib/i386/libnio.so
67aba000-67acc000 r--s 000c6000 08:06 3145968    /home/ankit/Traafik latest/TraafikAppLatest/app/build/intermediates/exploded-aar/com.android.support/support-v4/22.2.0/jars/classes.jar
67acc000-67adb000 r--s 000dd000 08:06 21369266   /home/ankit/Ankitt Data/ECLIPSE/sdk/build-tools/22.0.1/lib/dx.jar
67adb000-67adc000 ---p 00000000 00:00 0 
67adc000-67b5c000 rw-p 00000000 00:00 0 
67b5c000-67b5f000 ---p 00000000 00:00 0 
67b5f000-67bad000 rw-p 00000000 00:00 0 
67bad000-67bb0000 ---p 00000000 00:00 0 
67bb0000-67c2e000 rw-p 00000000 00:00 0 
67c2e000-67c31000 ---p 00000000 00:00 0 
67c31000-67caf000 rw-p 00000000 00:00 0 
67caf000-67cb2000 ---p 00000000 00:00 0 
67cb2000-67d00000 rw-p 00000000 00:00 0 
67d00000-67f00000 r--p 00000000 08:05 4988066    /usr/lib/locale/locale-archive
67f00000-67ffd000 rw-p 00000000 00:00 0 
67ffd000-68000000 ---p 00000000 00:00 0 
68005000-68006000 ---p 00000000 00:00 0 
68006000-680cf000 rw-p 00000000 00:00 0 
680cf000-68280000 r--s 01d23000 08:05 4989042    /usr/lib/jvm/java-7-openjdk-i386/jre/lib/rt.jar
68280000-6ab00000 rw-p 00000000 00:00 0 
6ab00000-6abed000 rw-p 00000000 00:00 0 
6abed000-6ac00000 ---p 00000000 00:00 0 
6ac03000-6ac06000 ---p 00000000 00:00 0 
6ac06000-6ac54000 rw-p 00000000 00:00 0 
6ac54000-6ac57000 ---p 00000000 00:00 0 
6ac57000-6ad00000 rw-p 00000000 00:00 0 
6ad00000-6ad21000 rw-p 00000000 00:00 0 
6ad21000-6ae00000 ---p 00000000 00:00 0 
6ae01000-6ae04000 r-xp 00000000 08:05 4985518    /usr/lib/i386-linux-gnu/libgmodule-2.0.so.0.3200.3
6ae04000-6ae05000 r--p 00002000 08:05 4985518    /usr/lib/i386-linux-gnu/libgmodule-2.0.so.0.3200.3
6ae05000-6ae06000 rw-p 00003000 08:05 4985518    /usr/lib/i386-linux-gnu/libgmodule-2.0.so.0.3200.3
6ae06000-6ae07000 r--s 00007000 08:05 5246941    /usr/share/java/java-atk-wrapper.jar
6ae07000-6ae0a000 r--s 0000f000 08:05 4989079    /usr/lib/jvm/java-7-openjdk-i386/jre/lib/ext/icedtea-sound.jar
6ae0a000-6ae0c000 r--s 00012000 08:05 4989084    /usr/lib/jvm/java-7-openjdk-i386/jre/lib/ext/zipfs.jar
6ae0c000-6ae27000 rw-p 00000000 00:00 0 
6ae27000-6ae28000 ---p 00000000 00:00 0 
6ae28000-6aea8000 rw-p 00000000 00:00 0 
6aea8000-6aea9000 ---p 00000000 00:00 0 
6aea9000-6af31000 rw-p 00000000 00:00 0 
6af31000-6af69000 rw-p 00000000 00:00 0 
6af69000-6af7e000 rw-p 00000000 00:00 0 
6af7e000-6b0bf000 rw-p 00000000 00:00 0 
6b0bf000-6b0c7000 rw-p 00000000 00:00 0 
6b0c7000-6b0ff000 rw-p 00000000 00:00 0 
6b0ff000-6b114000 rw-p 00000000 00:00 0 
6b114000-6b254000 rw-p 00000000 00:00 0 
6b254000-6b27c000 rw-p 00000000 00:00 0 
6b27c000-6b2ff000 rw-p 00000000 00:00 0 
6b2ff000-6c300000 rw-p 00000000 00:00 0 
6c300000-73300000 rw-p 00000000 00:00 0 
73300000-75bc0000 rw-p 00000000 00:00 0 
75bc0000-9dd80000 rw-p 00000000 00:00 0 
9dd80000-a2c00000 rw-p 00000000 00:00 0 
a7100000-b3300000 rw-p 00000000 00:00 0 
b3300000-b3304000 r--s 00034000 08:05 4989083    /usr/lib/jvm/java-7-openjdk-i386/jre/lib/ext/sunjce_provider.jar
b3304000-b330d000 rw-p 00000000 00:00 0 
b330d000-b33c4000 rw-p 00000000 00:00 0 
b33c4000-b3604000 rwxp 00000000 00:00 0 
b3604000-b63c4000 rw-p 00000000 00:00 0 
b63c4000-b63cf000 r-xp 00000000 08:05 3802066    /lib/i386-linux-gnu/libnss_files-2.15.so
b63cf000-b63d0000 r--p 0000a000 08:05 3802066    /lib/i386-linux-gnu/libnss_files-2.15.so
b63d0000-b63d1000 rw-p 0000b000 08:05 3802066    /lib/i386-linux-gnu/libnss_files-2.15.so
b63d1000-b63db000 r-xp 00000000 08:05 3802070    /lib/i386-linux-gnu/libnss_nis-2.15.so
b63db000-b63dc000 r--p 00009000 08:05 3802070    /lib/i386-linux-gnu/libnss_nis-2.15.so
b63dc000-b63dd000 rw-p 0000a000 08:05 3802070    /lib/i386-linux-gnu/libnss_nis-2.15.so
b63dd000-b63f3000 r-xp 00000000 08:05 3802060    /lib/i386-linux-gnu/libnsl-2.15.so
b63f3000-b63f4000 r--p 00015000 08:05 3802060    /lib/i386-linux-gnu/libnsl-2.15.so
b63f4000-b63f5000 rw-p 00016000 08:05 3802060    /lib/i386-linux-gnu/libnsl-2.15.so
b63f5000-b63f7000 rw-p 00000000 00:00 0 
b63f7000-b63fe000 r-xp 00000000 08:05 3802062    /lib/i386-linux-gnu/libnss_compat-2.15.so
b63fe000-b63ff000 r--p 00006000 08:05 3802062    /lib/i386-linux-gnu/libnss_compat-2.15.so
b63ff000-b6400000 rw-p 00007000 08:05 3802062    /lib/i386-linux-gnu/libnss_compat-2.15.so
b6400000-b64fd000 rw-p 00000000 00:00 0 
b64fd000-b6500000 ---p 00000000 00:00 0 
b6500000-b6504000 r--s 0003c000 08:05 4989081    /usr/lib/jvm/java-7-openjdk-i386/jre/lib/ext/sunpkcs11.jar
b6504000-b6507000 r--s 00086000 08:05 4989082    /usr/lib/jvm/java-7-openjdk-i386/jre/lib/ext/localedata.jar
b6507000-b650f000 r-xp 00000000 08:05 4989114    /usr/lib/jvm/java-7-openjdk-i386/jre/lib/i386/libzip.so
b650f000-b6510000 r--p 00007000 08:05 4989114    /usr/lib/jvm/java-7-openjdk-i386/jre/lib/i386/libzip.so
b6510000-b6511000 rw-p 00008000 08:05 4989114    /usr/lib/jvm/java-7-openjdk-i386/jre/lib/i386/libzip.so
b6511000-b6519000 rw-s 00000000 08:05 145499     /tmp/hsperfdata_ankit/15387
b6519000-b6540000 r-xp 00000000 08:05 4989134    /usr/lib/jvm/java-7-openjdk-i386/jre/lib/i386/libjava.so
b6540000-b6541000 r--p 00026000 08:05 4989134    /usr/lib/jvm/java-7-openjdk-i386/jre/lib/i386/libjava.so
b6541000-b6542000 rw-p 00027000 08:05 4989134    /usr/lib/jvm/java-7-openjdk-i386/jre/lib/i386/libjava.so
b6542000-b6549000 r-xp 00000000 08:05 3802101    /lib/i386-linux-gnu/librt-2.15.so
b6549000-b654a000 r--p 00006000 08:05 3802101    /lib/i386-linux-gnu/librt-2.15.so
b654a000-b654b000 rw-p 00007000 08:05 3802101    /lib/i386-linux-gnu/librt-2.15.so
b654b000-b654e000 ---p 00000000 00:00 0 
b654e000-b659c000 rw-p 00000000 00:00 0 
b659c000-b65b8000 r-xp 00000000 08:05 3802036    /lib/i386-linux-gnu/libgcc_s.so.1
b65b8000-b65b9000 r--p 0001b000 08:05 3802036    /lib/i386-linux-gnu/libgcc_s.so.1
b65b9000-b65ba000 rw-p 0001c000 08:05 3802036    /lib/i386-linux-gnu/libgcc_s.so.1
b65ba000-b65e4000 r-xp 00000000 08:05 3802047    /lib/i386-linux-gnu/libm-2.15.so
b65e4000-b65e5000 r--p 00029000 08:05 3802047    /lib/i386-linux-gnu/libm-2.15.so
b65e5000-b65e6000 rw-p 0002a000 08:05 3802047    /lib/i386-linux-gnu/libm-2.15.so
b65e6000-b66be000 r-xp 00000000 08:05 4985813    /usr/lib/i386-linux-gnu/libstdc++.so.6.0.16
b66be000-b66bf000 ---p 000d8000 08:05 4985813    /usr/lib/i386-linux-gnu/libstdc++.so.6.0.16
b66bf000-b66c3000 r--p 000d8000 08:05 4985813    /usr/lib/i386-linux-gnu/libstdc++.so.6.0.16
b66c3000-b66c4000 rw-p 000dc000 08:05 4985813    /usr/lib/i386-linux-gnu/libstdc++.so.6.0.16
b66c4000-b66cb000 rw-p 00000000 00:00 0 
b66cb000-b708d000 r-xp 00000000 08:05 4989140    /usr/lib/jvm/java-7-openjdk-i386/jre/lib/i386/server/libjvm.so
b708d000-b70e2000 r--p 009c2000 08:05 4989140    /usr/lib/jvm/java-7-openjdk-i386/jre/lib/i386/server/libjvm.so
b70e2000-b70f6000 rw-p 00a17000 08:05 4989140    /usr/lib/jvm/java-7-openjdk-i386/jre/lib/i386/server/libjvm.so
b70f6000-b7514000 rw-p 00000000 00:00 0 
b7514000-b7528000 r-xp 00000000 08:05 3802126    /lib/i386-linux-gnu/libz.so.1.2.3.4
b7528000-b7529000 r--p 00013000 08:05 3802126    /lib/i386-linux-gnu/libz.so.1.2.3.4
b7529000-b752a000 rw-p 00014000 08:05 3802126    /lib/i386-linux-gnu/libz.so.1.2.3.4
b752a000-b7541000 r-xp 00000000 08:05 3802095    /lib/i386-linux-gnu/libpthread-2.15.so
b7541000-b7542000 r--p 00016000 08:05 3802095    /lib/i386-linux-gnu/libpthread-2.15.so
b7542000-b7543000 rw-p 00017000 08:05 3802095    /lib/i386-linux-gnu/libpthread-2.15.so
b7543000-b7545000 rw-p 00000000 00:00 0 
b7545000-b7548000 r-xp 00000000 08:05 3802028    /lib/i386-linux-gnu/libdl-2.15.so
b7548000-b7549000 r--p 00002000 08:05 3802028    /lib/i386-linux-gnu/libdl-2.15.so
b7549000-b754a000 rw-p 00003000 08:05 3802028    /lib/i386-linux-gnu/libdl-2.15.so
b754a000-b76e9000 r-xp 00000000 08:05 3802015    /lib/i386-linux-gnu/libc-2.15.so
b76e9000-b76eb000 r--p 0019f000 08:05 3802015    /lib/i386-linux-gnu/libc-2.15.so
b76eb000-b76ec000 rw-p 001a1000 08:05 3802015    /lib/i386-linux-gnu/libc-2.15.so
b76ec000-b76ef000 rw-p 00000000 00:00 0 
b76ef000-b76f0000 r--s 00002000 08:05 4989080    /usr/lib/jvm/java-7-openjdk-i386/jre/lib/ext/dnsns.jar
b76f0000-b76f1000 r--p 005db000 08:05 4988066    /usr/lib/locale/locale-archive
b76f1000-b76f2000 rw-p 00000000 00:00 0 
b76f2000-b76f3000 ---p 00000000 00:00 0 
b76f3000-b76ff000 r-xp 00000000 08:05 4989131    /usr/lib/jvm/java-7-openjdk-i386/jre/lib/i386/libverify.so
b76ff000-b7700000 r--p 0000b000 08:05 4989131    /usr/lib/jvm/java-7-openjdk-i386/jre/lib/i386/libverify.so
b7700000-b7701000 rw-p 0000c000 08:05 4989131    /usr/lib/jvm/java-7-openjdk-i386/jre/lib/i386/libverify.so
b7701000-b770e000 r-xp 00000000 08:05 4989106    /usr/lib/jvm/java-7-openjdk-i386/jre/lib/i386/jli/libjli.so
b770e000-b770f000 r--p 0000c000 08:05 4989106    /usr/lib/jvm/java-7-openjdk-i386/jre/lib/i386/jli/libjli.so
b770f000-b7710000 rw-p 0000d000 08:05 4989106    /usr/lib/jvm/java-7-openjdk-i386/jre/lib/i386/jli/libjli.so
b7710000-b7713000 rw-p 00000000 00:00 0 
b7713000-b7714000 r-xp 00000000 00:00 0          [vdso]
b7714000-b7734000 r-xp 00000000 08:05 3801995    /lib/i386-linux-gnu/ld-2.15.so
b7734000-b7735000 r--p 0001f000 08:05 3801995    /lib/i386-linux-gnu/ld-2.15.so
b7735000-b7736000 rw-p 00020000 08:05 3801995    /lib/i386-linux-gnu/ld-2.15.so
bfb39000-bfb3a000 rwxp 00000000 00:00 0 
bfb6c000-bfb8d000 rw-p 00000000 00:00 0          [stack]

VM Arguments:
jvm_args: -Xmx1024M -Dfile.encoding=UTF-8 -Duser.country=IN -Duser.language=en -Duser.variant 
java_command: com.android.dx.command.Main --dex --output /home/ankit/Traafik latest/TraafikAppLatest/app/build/intermediates/pre-dexed/debug/classes-2bba629e0bef0632f4eeb364fe3fdb145c429817.jar /home/ankit/Traafik latest/TraafikAppLatest/app/build/intermediates/exploded-aar/com.android.support/support-v4/22.2.0/jars/classes.jar
Launcher Type: SUN_STANDARD

Environment Variables:
PATH=/usr/lib/lightdm/lightdm:/usr/local/sbin:/usr/local/bin:/usr/sbin:/usr/bin:/sbin:/bin:/usr/games
LD_LIBRARY_PATH=/home/ankit/Android studio/android-studio/bin:
SHELL=/bin/bash
DISPLAY=:0.0

Signal Handlers:
SIGSEGV: [libjvm.so+0x80b550], sa_mask[0]=0x7ffbfeff, sa_flags=0x10000004
SIGBUS: [libjvm.so+0x80b550], sa_mask[0]=0x7ffbfeff, sa_flags=0x10000004
SIGFPE: [libjvm.so+0x6753e0], sa_mask[0]=0x7ffbfeff, sa_flags=0x10000004
SIGPIPE: [libjvm.so+0x6753e0], sa_mask[0]=0x7ffbfeff, sa_flags=0x10000004
SIGXFSZ: [libjvm.so+0x6753e0], sa_mask[0]=0x7ffbfeff, sa_flags=0x10000004
SIGILL: [libjvm.so+0x6753e0], sa_mask[0]=0x7ffbfeff, sa_flags=0x10000004
SIGUSR1: SIG_DFL, sa_mask[0]=0x00000000, sa_flags=0x00000000
SIGUSR2: [libjvm.so+0x675690], sa_mask[0]=0x00000004, sa_flags=0x10000004
SIGHUP: [libjvm.so+0x675850], sa_mask[0]=0x7ffbfeff, sa_flags=0x10000004
SIGINT: [libjvm.so+0x675850], sa_mask[0]=0x7ffbfeff, sa_flags=0x10000004
SIGTERM: [libjvm.so+0x675850], sa_mask[0]=0x7ffbfeff, sa_flags=0x10000004
SIGQUIT: [libjvm.so+0x675850], sa_mask[0]=0x7ffbfeff, sa_flags=0x10000004
SIGTRAP: SIG_DFL, sa_mask[0]=0x00000000, sa_flags=0x00000000


---------------  S Y S T E M  ---------------

OS:Ubuntu 12.04 (precise)
uname:Linux 3.2.0-29-generic-pae #46-Ubuntu SMP Fri Jul 27 17:25:43 UTC 2012 i686
libc:glibc 2.15 NPTL 2.15 
rlimit: STACK 8192k, CORE 0k, NPROC 31169, NOFILE 4096, AS infinity
load average:5.12 2.38 1.33

/proc/meminfo:
MemTotal:        4004304 kB
MemFree:          174740 kB
Buffers:            2544 kB
Cached:           558924 kB
SwapCached:            0 kB
Active:          3354732 kB
Inactive:         394032 kB
Active(anon):    3304908 kB
Inactive(anon):   353256 kB
Active(file):      49824 kB
Inactive(file):    40776 kB
Unevictable:          16 kB
Mlocked:              16 kB
HighTotal:       3159312 kB
HighFree:           5888 kB
LowTotal:         844992 kB
LowFree:          168852 kB
SwapTotal:             0 kB
SwapFree:              0 kB
Dirty:               152 kB
Writeback:             0 kB
AnonPages:       3187172 kB
Mapped:            76380 kB
Shmem:            470964 kB
Slab:              39268 kB
SReclaimable:      19216 kB
SUnreclaim:        20052 kB
KernelStack:        4896 kB
PageTables:        20148 kB
NFS_Unstable:          0 kB
Bounce:                0 kB
WritebackTmp:          0 kB
CommitLimit:     2002152 kB
Committed_AS:    7563028 kB
VmallocTotal:     122880 kB
VmallocUsed:       15196 kB
VmallocChunk:     106104 kB
HardwareCorrupted:     0 kB
AnonHugePages:         0 kB
HugePages_Total:       0
HugePages_Free:        0
HugePages_Rsvd:        0
HugePages_Surp:        0
Hugepagesize:       2048 kB
DirectMap4k:       10232 kB
DirectMap2M:      903168 kB


CPU:total 2 (2 cores per cpu, 1 threads per core) family 6 model 58 stepping 9, cmov, cx8, fxsr, mmx, sse, sse2, sse3, ssse3, sse4.1, sse4.2, popcnt, erms, tsc, tscinvbit, tscinv

/proc/cpuinfo:
processor	: 0
vendor_id	: GenuineIntel
cpu family	: 6
model		: 58
model name	: Intel(R) Pentium(R) CPU G2030 @ 3.00GHz
stepping	: 9
microcode	: 0x17
cpu MHz		: 3000.000
cache size	: 3072 KB
physical id	: 0
siblings	: 2
core id		: 0
cpu cores	: 2
apicid		: 0
initial apicid	: 0
fdiv_bug	: no
hlt_bug		: no
f00f_bug	: no
coma_bug	: no
fpu		: yes
fpu_exception	: yes
cpuid level	: 13
wp		: yes
flags		: fpu vme de pse tsc msr pae mce cx8 apic sep mtrr pge mca cmov pat pse36 clflush dts acpi mmx fxsr sse sse2 ss ht tm pbe nx rdtscp lm constant_tsc arch_perfmon pebs bts xtopology nonstop_tsc aperfmperf pni pclmulqdq dtes64 monitor ds_cpl vmx est tm2 ssse3 cx16 xtpr pdcm pcid sse4_1 sse4_2 popcnt tsc_deadline_timer xsave lahf_lm arat epb xsaveopt pln pts dtherm tpr_shadow vnmi flexpriority ept vpid fsgsbase smep erms
bogomips	: 5986.47
clflush size	: 64
cache_alignment	: 64
address sizes	: 36 bits physical, 48 bits virtual
power management:

processor	: 1
vendor_id	: GenuineIntel
cpu family	: 6
model		: 58
model name	: Intel(R) Pentium(R) CPU G2030 @ 3.00GHz
stepping	: 9
microcode	: 0x17
cpu MHz		: 3000.000
cache size	: 3072 KB
physical id	: 0
siblings	: 2
core id		: 1
cpu cores	: 2
apicid		: 2
initial apicid	: 2
fdiv_bug	: no
hlt_bug		: no
f00f_bug	: no
coma_bug	: no
fpu		: yes
fpu_exception	: yes
cpuid level	: 13
wp		: yes
flags		: fpu vme de pse tsc msr pae mce cx8 apic sep mtrr pge mca cmov pat pse36 clflush dts acpi mmx fxsr sse sse2 ss ht tm pbe nx rdtscp lm constant_tsc arch_perfmon pebs bts xtopology nonstop_tsc aperfmperf pni pclmulqdq dtes64 monitor ds_cpl vmx est tm2 ssse3 cx16 xtpr pdcm pcid sse4_1 sse4_2 popcnt tsc_deadline_timer xsave lahf_lm arat epb xsaveopt pln pts dtherm tpr_shadow vnmi flexpriority ept vpid fsgsbase smep erms
bogomips	: 5986.36
clflush size	: 64
cache_alignment	: 64
address sizes	: 36 bits physical, 48 bits virtual
power management:



Memory: 4k page, physical 4004304k(174740k free), swap 0k(0k free)

vm_info: OpenJDK Server VM (24.75-b04) for linux-x86 JRE (1.7.0_75-b13), built on Jan 27 2015 16:24:35 by "buildd" with gcc 4.6.3

time: Fri Jul 17 17:07:06 2015
elapsed time: 6 seconds

