#
# There is insufficient memory for the Java Runtime Environment to continue.
# Native memory allocation (malloc) failed to allocate 423112 bytes for Chunk::new
# Possible reasons:
#   The system is out of physical RAM or swap space
#   In 32 bit mode, the process size limit was hit
# Possible solutions:
#   Reduce memory load on the system
#   Increase physical memory or swap space
#   Check if swap backing store is full
#   Use 64 bit Java on a 64 bit OS
#   Decrease Java heap size (-Xmx/-Xms)
#   Decrease number of Java threads
#   Decrease Java thread stack sizes (-Xss)
#   Set larger code cache with -XX:ReservedCodeCacheSize=
# This output file may be truncated or incomplete.
#
#  Out of Memory Error (allocation.cpp:326), pid=15489, tid=1741351744
#
# JRE version: OpenJDK Runtime Environment (7.0_75-b13) (build 1.7.0_75-b13)
# Java VM: OpenJDK Server VM (24.75-b04 mixed mode linux-x86 )
# Derivative: IcedTea 2.5.4
# Distribution: Ubuntu 12.04 LTS, package 7u75-2.5.4-1~precise1
# Failed to write core dump. Core dumps have been disabled. To enable core dumping, try "ulimit -c unlimited" before starting Java again
#

---------------  T H R E A D  ---------------

Current thread (0x67f28800):  JavaThread "C2 CompilerThread0" daemon [_thread_in_native, id=15500, stack(0x67c2e000,0x67caf000)]

Stack: [0x67c2e000,0x67caf000]
[error occurred during error reporting (printing stack bounds), id 0xb]


Current CompileTask:
C2:   2240  164             com.android.dx.ssa.Dominators::run (506 bytes)


---------------  P R O C E S S  ---------------

Java Threads: ( => current thread )
  0x67f2c400 JavaThread "Service Thread" daemon [_thread_blocked, id=15502, stack(0x67b5c000,0x67bad000)]
  0x67f2a800 JavaThread "C2 CompilerThread1" daemon [_thread_in_native, id=15501, stack(0x67bad000,0x67c2e000)]
=>0x67f28800 JavaThread "C2 CompilerThread0" daemon [_thread_in_native, id=15500, stack(0x67c2e000,0x67caf000)]
  0x67f26c00 JavaThread "Signal Dispatcher" daemon [_thread_blocked, id=15499, stack(0x67caf000,0x67d00000)]
  0x67f14400 JavaThread "Finalizer" daemon [_thread_blocked, id=15498, stack(0x6ac03000,0x6ac54000)]
  0x67f12800 JavaThread "Reference Handler" daemon [_thread_blocked, id=15497, stack(0x6ac54000,0x6aca5000)]
  0xb6407c00 JavaThread "main" [_thread_in_vm, id=15493, stack(0xb6595000,0xb65e6000)]

Other Threads:
  0x67f10400 VMThread [stack: 0x68005000,0x68086000] [id=15496]
  0x67f2e000 WatcherThread [stack: 0x67adb000,0x67b5c000] [id=15503]

VM state:not at safepoint (normal execution)

VM Mutex/Monitor currently owned by a thread:  ([mutex/lock_event])
[0xb64055c0] AdapterHandlerLibrary_lock - owner thread: 0xb6407c00

Heap
 PSYoungGen      total 18432K, used 10414K [0x9ddc0000, 0x9f240000, 0xb3340000)
  eden space 15872K, 49% used [0x9ddc0000,0x9e56d8f8,0x9ed40000)
  from space 2560K, 99% used [0x9ed40000,0x9efbe0d0,0x9efc0000)
  to   space 2560K, 0% used [0x9efc0000,0x9efc0000,0x9f240000)
 ParOldGen       total 41728K, used 1185K [0x73340000, 0x75c00000, 0x9ddc0000)
  object space 41728K, 2% used [0x73340000,0x734686d0,0x75c00000)
 PSPermGen       total 16384K, used 3875K [0x6b340000, 0x6c340000, 0x73340000)
  object space 16384K, 23% used [0x6b340000,0x6b708e20,0x6c340000)

Card table byte_map: [0x6b0ff000,0x6b340000] byte_map_base: 0x6ada5600

Polling page: 0xb773c000

Code Cache  [0xb3400000, 0xb3640000, 0xb6400000)
 total_blobs=316 nmethods=197 adapters=73 free_code_cache=48489Kb largest_free_block=49620864

Compilation events (10 events):
Event: 2.106 Thread 0x67f2a800 nmethod 166 0xb3478708 code [0xb3478800, 0xb34789b0]
Event: 2.106 Thread 0x67f2a800  167             java.lang.Object::equals (11 bytes)
Event: 2.106 Thread 0x67f2a800 nmethod 167 0xb3478588 code [0xb3478660, 0xb34786b0]
Event: 2.106 Thread 0x67f2a800  168             com.android.dx.rop.code.RegisterSpecSet::size (49 bytes)
Event: 2.108 Thread 0x67f2a800 nmethod 168 0xb347b4c8 code [0xb347b5c0, 0xb347b710]
Event: 2.108 Thread 0x67f2a800  169             com.android.dx.dex.code.DalvInsn::<init> (67 bytes)
Event: 2.109 Thread 0x67f2a800 nmethod 169 0xb347b248 code [0xb347b340, 0xb347b410]
Event: 2.109 Thread 0x67f2a800  170             com.android.dx.util.Bits::clear (21 bytes)
Event: 2.109 Thread 0x67f2a800 nmethod 170 0xb347b008 code [0xb347b100, 0xb347b190]
Event: 2.109 Thread 0x67f2a800  171             com.android.dx.ssa.SCCP::simulateBranch (666 bytes)

GC Heap History (2 events):
Event: 1.517 GC heap before
{Heap before GC invocations=1 (full 0):
 PSYoungGen      total 18432K, used 15872K [0x9ddc0000, 0x9f240000, 0xb3340000)
  eden space 15872K, 100% used [0x9ddc0000,0x9ed40000,0x9ed40000)
  from space 2560K, 0% used [0x9efc0000,0x9efc0000,0x9f240000)
  to   space 2560K, 0% used [0x9ed40000,0x9ed40000,0x9efc0000)
 ParOldGen       total 41728K, used 0K [0x73340000, 0x75c00000, 0x9ddc0000)
  object space 41728K, 0% used [0x73340000,0x73340000,0x75c00000)
 PSPermGen       total 16384K, used 3832K [0x6b340000, 0x6c340000, 0x73340000)
  object space 16384K, 23% used [0x6b340000,0x6b6fe090,0x6c340000)
Event: 1.525 GC heap after
Heap after GC invocations=1 (full 0):
 PSYoungGen      total 18432K, used 2552K [0x9ddc0000, 0x9f240000, 0xb3340000)
  eden space 15872K, 0% used [0x9ddc0000,0x9ddc0000,0x9ed40000)
  from space 2560K, 99% used [0x9ed40000,0x9efbe0d0,0x9efc0000)
  to   space 2560K, 0% used [0x9efc0000,0x9efc0000,0x9f240000)
 ParOldGen       total 41728K, used 1185K [0x73340000, 0x75c00000, 0x9ddc0000)
  object space 41728K, 2% used [0x73340000,0x734686d0,0x75c00000)
 PSPermGen       total 16384K, used 3832K [0x6b340000, 0x6c340000, 0x73340000)
  object space 16384K, 23% used [0x6b340000,0x6b6fe090,0x6c340000)
}

Deoptimization events (8 events):
Event: 0.933 Thread 0xb6407c00 Uncommon trap: reason=class_check action=maybe_recompile pc=0xb3454e50 method=com.android.dx.ssa.NormalSsaInsn.accept(Lcom/android/dx/ssa/SsaInsn$Visitor;)V @ 9
Event: 0.933 Thread 0xb6407c00 Uncommon trap: reason=class_check action=maybe_recompile pc=0xb3454e50 method=com.android.dx.ssa.NormalSsaInsn.accept(Lcom/android/dx/ssa/SsaInsn$Visitor;)V @ 9
Event: 0.933 Thread 0xb6407c00 Uncommon trap: reason=class_check action=maybe_recompile pc=0xb3454e50 method=com.android.dx.ssa.NormalSsaInsn.accept(Lcom/android/dx/ssa/SsaInsn$Visitor;)V @ 9
Event: 0.934 Thread 0xb6407c00 Uncommon trap: reason=class_check action=maybe_recompile pc=0xb3454e50 method=com.android.dx.ssa.NormalSsaInsn.accept(Lcom/android/dx/ssa/SsaInsn$Visitor;)V @ 9
Event: 1.349 Thread 0xb6407c00 Uncommon trap: reason=null_check action=make_not_entrant pc=0xb346a628 method=com.android.dx.rop.code.LocalItem.equals(Ljava/lang/Object;)Z @ 1
Event: 1.743 Thread 0xb6407c00 Uncommon trap: reason=unreached action=reinterpret pc=0xb347d06c method=com.android.dx.ssa.SsaConverter.placePhiFunctions(Lcom/android/dx/ssa/SsaMethod;Lcom/android/dx/ssa/LocalVariableInfo;I)V @ 327
Event: 1.822 Thread 0xb6407c00 Uncommon trap: reason=null_check action=make_not_entrant pc=0xb3484b1c method=com.android.dx.rop.code.RegisterSpec.equals(Ljava/lang/Object;)Z @ 1
Event: 2.000 Thread 0xb6407c00 Uncommon trap: reason=null_check action=make_not_entrant pc=0xb3474150 method=com.android.dx.rop.type.Type.equals(Ljava/lang/Object;)Z @ 8

Internal exceptions (10 events):
Event: 0.920 Thread 0xb6407c00 Threw 0x9e6f0678 at /build/buildd/openjdk-7-7u75-2.5.4/build/openjdk/hotspot/src/share/vm/prims/jvm.cpp:1284
Event: 0.921 Thread 0xb6407c00 Threw 0x9e6f4788 at /build/buildd/openjdk-7-7u75-2.5.4/build/openjdk/hotspot/src/share/vm/prims/jvm.cpp:1284
Event: 0.926 Thread 0xb6407c00 Threw 0x9e71d2e8 at /build/buildd/openjdk-7-7u75-2.5.4/build/openjdk/hotspot/src/share/vm/prims/jvm.cpp:1284
Event: 1.349 Thread 0xb6407c00 Implicit null exception at 0xb346a44c to 0xb346a619
Event: 1.511 Thread 0xb6407c00 Threw 0x9ed24c30 at /build/buildd/openjdk-7-7u75-2.5.4/build/openjdk/hotspot/src/share/vm/prims/jvm.cpp:1284
Event: 1.513 Thread 0xb6407c00 Threw 0x9ed2f0c0 at /build/buildd/openjdk-7-7u75-2.5.4/build/openjdk/hotspot/src/share/vm/prims/jvm.cpp:1284
Event: 1.514 Thread 0xb6407c00 Threw 0x9ed3ea40 at /build/buildd/openjdk-7-7u75-2.5.4/build/openjdk/hotspot/src/share/vm/prims/jvm.cpp:1284
Event: 1.525 Thread 0xb6407c00 Threw 0x9ddc15b0 at /build/buildd/openjdk-7-7u75-2.5.4/build/openjdk/hotspot/src/share/vm/prims/jvm.cpp:1284
Event: 1.822 Thread 0xb6407c00 Implicit null exception at 0xb3483dd7 to 0xb3484b0d
Event: 2.000 Thread 0xb6407c00 Implicit null exception at 0xb347406b to 0xb3474142

Events (10 events):
Event: 1.525 loading class 0x67605670 done
Event: 1.743 Thread 0xb6407c00 Uncommon trap: trap_request=0xffffffad fr.pc=0xb347d06c
Event: 1.743 Thread 0xb6407c00 DEOPT PACKING pc=0xb347d06c sp=0xb65e4a90
Event: 1.743 Thread 0xb6407c00 DEOPT UNPACKING pc=0xb342cbc8 sp=0xb65e4a98 mode 2
Event: 1.822 Thread 0xb6407c00 Uncommon trap: trap_request=0xfffffff4 fr.pc=0xb3484b1c
Event: 1.822 Thread 0xb6407c00 DEOPT PACKING pc=0xb3484b1c sp=0xb65e4aa0
Event: 1.822 Thread 0xb6407c00 DEOPT UNPACKING pc=0xb342cbc8 sp=0xb65e4a54 mode 2
Event: 2.000 Thread 0xb6407c00 Uncommon trap: trap_request=0xfffffff4 fr.pc=0xb3474150
Event: 2.000 Thread 0xb6407c00 DEOPT PACKING pc=0xb3474150 sp=0xb65e49a0
Event: 2.000 Thread 0xb6407c00 DEOPT UNPACKING pc=0xb342cbc8 sp=0xb65e4974 mode 2


Dynamic libraries:
08048000-08049000 r-xp 00000000 08:05 4983886    /usr/lib/jvm/java-7-openjdk-i386/jre/bin/java
08049000-0804a000 r--p 00000000 08:05 4983886    /usr/lib/jvm/java-7-openjdk-i386/jre/bin/java
0804a000-0804b000 rw-p 00001000 08:05 4983886    /usr/lib/jvm/java-7-openjdk-i386/jre/bin/java
0854f000-088a9000 rw-p 00000000 00:00 0          [heap]
67400000-674fd000 rw-p 00000000 00:00 0 
674fd000-67500000 ---p 00000000 00:00 0 
67500000-675fb000 rw-p 00000000 00:00 0 
675fb000-67600000 ---p 00000000 00:00 0 
67600000-67624000 rw-p 00000000 00:00 0 
67624000-67700000 ---p 00000000 00:00 0 
677b7000-677f1000 r-xp 00000000 08:05 3802088    /lib/i386-linux-gnu/libpcre.so.3.12.1
677f1000-677f2000 r--p 00039000 08:05 3802088    /lib/i386-linux-gnu/libpcre.so.3.12.1
677f2000-677f3000 rw-p 0003a000 08:05 3802088    /lib/i386-linux-gnu/libpcre.so.3.12.1
677f3000-67806000 r-xp 00000000 08:05 3802099    /lib/i386-linux-gnu/libresolv-2.15.so
67806000-67807000 ---p 00013000 08:05 3802099    /lib/i386-linux-gnu/libresolv-2.15.so
67807000-67808000 r--p 00013000 08:05 3802099    /lib/i386-linux-gnu/libresolv-2.15.so
67808000-67809000 rw-p 00014000 08:05 3802099    /lib/i386-linux-gnu/libresolv-2.15.so
67809000-6780b000 rw-p 00000000 00:00 0 
6780b000-67828000 r-xp 00000000 08:05 3802103    /lib/i386-linux-gnu/libselinux.so.1
67828000-67829000 r--p 0001c000 08:05 3802103    /lib/i386-linux-gnu/libselinux.so.1
67829000-6782a000 rw-p 0001d000 08:05 3802103    /lib/i386-linux-gnu/libselinux.so.1
6782a000-67921000 r-xp 00000000 08:05 3802040    /lib/i386-linux-gnu/libglib-2.0.so.0.3200.3
67921000-67922000 r--p 000f6000 08:05 3802040    /lib/i386-linux-gnu/libglib-2.0.so.0.3200.3
67922000-67923000 rw-p 000f7000 08:05 3802040    /lib/i386-linux-gnu/libglib-2.0.so.0.3200.3
67923000-67970000 r-xp 00000000 08:05 4985532    /usr/lib/i386-linux-gnu/libgobject-2.0.so.0.3200.3
67970000-67971000 r--p 0004c000 08:05 4985532    /usr/lib/i386-linux-gnu/libgobject-2.0.so.0.3200.3
67971000-67972000 rw-p 0004d000 08:05 4985532    /usr/lib/i386-linux-gnu/libgobject-2.0.so.0.3200.3
67972000-67ac5000 r-xp 00000000 08:05 4985508    /usr/lib/i386-linux-gnu/libgio-2.0.so.0.3200.3
67ac5000-67ac7000 r--p 00153000 08:05 4985508    /usr/lib/i386-linux-gnu/libgio-2.0.so.0.3200.3
67ac7000-67ac8000 rw-p 00155000 08:05 4985508    /usr/lib/i386-linux-gnu/libgio-2.0.so.0.3200.3
67ac8000-67ac9000 rw-p 00000000 00:00 0 
67adb000-67adc000 ---p 00000000 00:00 0 
67adc000-67b5c000 rw-p 00000000 00:00 0 
67b5c000-67b5f000 ---p 00000000 00:00 0 
67b5f000-67bad000 rw-p 00000000 00:00 0 
67bad000-67bb0000 ---p 00000000 00:00 0 
67bb0000-67c2e000 rw-p 00000000 00:00 0 
67c2e000-67c31000 ---p 00000000 00:00 0 
67c31000-67caf000 rw-p 00000000 00:00 0 
67caf000-67cb2000 ---p 00000000 00:00 0 
67cb2000-67d00000 rw-p 00000000 00:00 0 
67d00000-67f00000 r--p 00000000 08:05 4988066    /usr/lib/locale/locale-archive
67f00000-68000000 rw-p 00000000 00:00 0 
68005000-68006000 ---p 00000000 00:00 0 
68006000-680cf000 rw-p 00000000 00:00 0 
680cf000-68280000 r--s 01d23000 08:05 4989042    /usr/lib/jvm/java-7-openjdk-i386/jre/lib/rt.jar
68280000-6ab00000 rw-p 00000000 00:00 0 
6ab00000-6abf8000 rw-p 00000000 00:00 0 
6abf8000-6ac00000 ---p 00000000 00:00 0 
6ac03000-6ac06000 ---p 00000000 00:00 0 
6ac06000-6ac54000 rw-p 00000000 00:00 0 
6ac54000-6ac57000 ---p 00000000 00:00 0 
6ac57000-6ad00000 rw-p 00000000 00:00 0 
6ad00000-6ad21000 rw-p 00000000 00:00 0 
6ad21000-6ae00000 ---p 00000000 00:00 0 
6ae02000-6ae07000 r-xp 00000000 08:05 4985471    /usr/lib/i386-linux-gnu/libffi.so.6.0.0
6ae07000-6ae08000 r--p 00004000 08:05 4985471    /usr/lib/i386-linux-gnu/libffi.so.6.0.0
6ae08000-6ae09000 rw-p 00005000 08:05 4985471    /usr/lib/i386-linux-gnu/libffi.so.6.0.0
6ae09000-6ae0c000 r-xp 00000000 08:05 4985518    /usr/lib/i386-linux-gnu/libgmodule-2.0.so.0.3200.3
6ae0c000-6ae0d000 r--p 00002000 08:05 4985518    /usr/lib/i386-linux-gnu/libgmodule-2.0.so.0.3200.3
6ae0d000-6ae0e000 rw-p 00003000 08:05 4985518    /usr/lib/i386-linux-gnu/libgmodule-2.0.so.0.3200.3
6ae0e000-6ae25000 r-xp 00000000 08:05 4989135    /usr/lib/jvm/java-7-openjdk-i386/jre/lib/i386/libnet.so
6ae25000-6ae26000 r--p 00016000 08:05 4989135    /usr/lib/jvm/java-7-openjdk-i386/jre/lib/i386/libnet.so
6ae26000-6ae27000 rw-p 00017000 08:05 4989135    /usr/lib/jvm/java-7-openjdk-i386/jre/lib/i386/libnet.so
6ae27000-6ae38000 r-xp 00000000 08:05 4989121    /usr/lib/jvm/java-7-openjdk-i386/jre/lib/i386/libnio.so
6ae38000-6ae39000 r--p 00010000 08:05 4989121    /usr/lib/jvm/java-7-openjdk-i386/jre/lib/i386/libnio.so
6ae39000-6ae3a000 rw-p 00011000 08:05 4989121    /usr/lib/jvm/java-7-openjdk-i386/jre/lib/i386/libnio.so
6ae3a000-6ae3d000 r--s 00020000 08:06 3804345    /home/ankit/.gradle/caches/modules-2/files-2.1/ch.acra/acra/4.6.2/b99297996579b72496c9f81b0c12d8404c74e618/acra-4.6.2.jar
6ae3d000-6ae4c000 r--s 000dd000 08:06 21369266   /home/ankit/Ankitt Data/ECLIPSE/sdk/build-tools/22.0.1/lib/dx.jar
6ae4c000-6ae67000 rw-p 00000000 00:00 0 
6ae67000-6ae68000 ---p 00000000 00:00 0 
6ae68000-6aee8000 rw-p 00000000 00:00 0 
6aee8000-6aee9000 ---p 00000000 00:00 0 
6aee9000-6af71000 rw-p 00000000 00:00 0 
6af71000-6afa9000 rw-p 00000000 00:00 0 
6afa9000-6afbe000 rw-p 00000000 00:00 0 
6afbe000-6b0ff000 rw-p 00000000 00:00 0 
6b0ff000-6b107000 rw-p 00000000 00:00 0 
6b107000-6b13f000 rw-p 00000000 00:00 0 
6b13f000-6b154000 rw-p 00000000 00:00 0 
6b154000-6b294000 rw-p 00000000 00:00 0 
6b294000-6b29f000 rw-p 00000000 00:00 0 
6b29f000-6b33f000 rw-p 00000000 00:00 0 
6b33f000-6c340000 rw-p 00000000 00:00 0 
6c340000-73340000 rw-p 00000000 00:00 0 
73340000-75c00000 rw-p 00000000 00:00 0 
75c00000-9ddc0000 rw-p 00000000 00:00 0 
9ddc0000-9f240000 rw-p 00000000 00:00 0 
9f240000-b3340000 rw-p 00000000 00:00 0 
b3340000-b3349000 rw-p 00000000 00:00 0 
b3349000-b3400000 rw-p 00000000 00:00 0 
b3400000-b3640000 rwxp 00000000 00:00 0 
b3640000-b64fd000 rw-p 00000000 00:00 0 
b64fd000-b6500000 ---p 00000000 00:00 0 
b6504000-b6505000 r--s 00007000 08:05 5246941    /usr/share/java/java-atk-wrapper.jar
b6505000-b6508000 r--s 0000f000 08:05 4989079    /usr/lib/jvm/java-7-openjdk-i386/jre/lib/ext/icedtea-sound.jar
b6508000-b650a000 r--s 00012000 08:05 4989084    /usr/lib/jvm/java-7-openjdk-i386/jre/lib/ext/zipfs.jar
b650a000-b650e000 r--s 00034000 08:05 4989083    /usr/lib/jvm/java-7-openjdk-i386/jre/lib/ext/sunjce_provider.jar
b650e000-b6512000 r--s 0003c000 08:05 4989081    /usr/lib/jvm/java-7-openjdk-i386/jre/lib/ext/sunpkcs11.jar
b6512000-b6515000 r--s 00086000 08:05 4989082    /usr/lib/jvm/java-7-openjdk-i386/jre/lib/ext/localedata.jar
b6515000-b6520000 r-xp 00000000 08:05 3802066    /lib/i386-linux-gnu/libnss_files-2.15.so
b6520000-b6521000 r--p 0000a000 08:05 3802066    /lib/i386-linux-gnu/libnss_files-2.15.so
b6521000-b6522000 rw-p 0000b000 08:05 3802066    /lib/i386-linux-gnu/libnss_files-2.15.so
b6522000-b652c000 r-xp 00000000 08:05 3802070    /lib/i386-linux-gnu/libnss_nis-2.15.so
b652c000-b652d000 r--p 00009000 08:05 3802070    /lib/i386-linux-gnu/libnss_nis-2.15.so
b652d000-b652e000 rw-p 0000a000 08:05 3802070    /lib/i386-linux-gnu/libnss_nis-2.15.so
b652e000-b6544000 r-xp 00000000 08:05 3802060    /lib/i386-linux-gnu/libnsl-2.15.so
b6544000-b6545000 r--p 00015000 08:05 3802060    /lib/i386-linux-gnu/libnsl-2.15.so
b6545000-b6546000 rw-p 00016000 08:05 3802060    /lib/i386-linux-gnu/libnsl-2.15.so
b6546000-b6548000 rw-p 00000000 00:00 0 
b6548000-b654f000 r-xp 00000000 08:05 3802062    /lib/i386-linux-gnu/libnss_compat-2.15.so
b654f000-b6550000 r--p 00006000 08:05 3802062    /lib/i386-linux-gnu/libnss_compat-2.15.so
b6550000-b6551000 rw-p 00007000 08:05 3802062    /lib/i386-linux-gnu/libnss_compat-2.15.so
b6551000-b6559000 r-xp 00000000 08:05 4989114    /usr/lib/jvm/java-7-openjdk-i386/jre/lib/i386/libzip.so
b6559000-b655a000 r--p 00007000 08:05 4989114    /usr/lib/jvm/java-7-openjdk-i386/jre/lib/i386/libzip.so
b655a000-b655b000 rw-p 00008000 08:05 4989114    /usr/lib/jvm/java-7-openjdk-i386/jre/lib/i386/libzip.so
b655b000-b6563000 rw-s 00000000 08:05 145499     /tmp/hsperfdata_ankit/15489
b6563000-b658a000 r-xp 00000000 08:05 4989134    /usr/lib/jvm/java-7-openjdk-i386/jre/lib/i386/libjava.so
b658a000-b658b000 r--p 00026000 08:05 4989134    /usr/lib/jvm/java-7-openjdk-i386/jre/lib/i386/libjava.so
b658b000-b658c000 rw-p 00027000 08:05 4989134    /usr/lib/jvm/java-7-openjdk-i386/jre/lib/i386/libjava.so
b658c000-b6593000 r-xp 00000000 08:05 3802101    /lib/i386-linux-gnu/librt-2.15.so
b6593000-b6594000 r--p 00006000 08:05 3802101    /lib/i386-linux-gnu/librt-2.15.so
b6594000-b6595000 rw-p 00007000 08:05 3802101    /lib/i386-linux-gnu/librt-2.15.so
b6595000-b6598000 ---p 00000000 00:00 0 
b6598000-b65e6000 rw-p 00000000 00:00 0 
b65e6000-b6602000 r-xp 00000000 08:05 3802036    /lib/i386-linux-gnu/libgcc_s.so.1
b6602000-b6603000 r--p 0001b000 08:05 3802036    /lib/i386-linux-gnu/libgcc_s.so.1
b6603000-b6604000 rw-p 0001c000 08:05 3802036    /lib/i386-linux-gnu/libgcc_s.so.1
b6604000-b662e000 r-xp 00000000 08:05 3802047    /lib/i386-linux-gnu/libm-2.15.so
b662e000-b662f000 r--p 00029000 08:05 3802047    /lib/i386-linux-gnu/libm-2.15.so
b662f000-b6630000 rw-p 0002a000 08:05 3802047    /lib/i386-linux-gnu/libm-2.15.so
b6630000-b6708000 r-xp 00000000 08:05 4985813    /usr/lib/i386-linux-gnu/libstdc++.so.6.0.16
b6708000-b6709000 ---p 000d8000 08:05 4985813    /usr/lib/i386-linux-gnu/libstdc++.so.6.0.16
b6709000-b670d000 r--p 000d8000 08:05 4985813    /usr/lib/i386-linux-gnu/libstdc++.so.6.0.16
b670d000-b670e000 rw-p 000dc000 08:05 4985813    /usr/lib/i386-linux-gnu/libstdc++.so.6.0.16
b670e000-b6715000 rw-p 00000000 00:00 0 
b6715000-b70d7000 r-xp 00000000 08:05 4989140    /usr/lib/jvm/java-7-openjdk-i386/jre/lib/i386/server/libjvm.so
b70d7000-b712c000 r--p 009c2000 08:05 4989140    /usr/lib/jvm/java-7-openjdk-i386/jre/lib/i386/server/libjvm.so
b712c000-b7140000 rw-p 00a17000 08:05 4989140    /usr/lib/jvm/java-7-openjdk-i386/jre/lib/i386/server/libjvm.so
b7140000-b755e000 rw-p 00000000 00:00 0 
b755e000-b7572000 r-xp 00000000 08:05 3802126    /lib/i386-linux-gnu/libz.so.1.2.3.4
b7572000-b7573000 r--p 00013000 08:05 3802126    /lib/i386-linux-gnu/libz.so.1.2.3.4
b7573000-b7574000 rw-p 00014000 08:05 3802126    /lib/i386-linux-gnu/libz.so.1.2.3.4
b7574000-b758b000 r-xp 00000000 08:05 3802095    /lib/i386-linux-gnu/libpthread-2.15.so
b758b000-b758c000 r--p 00016000 08:05 3802095    /lib/i386-linux-gnu/libpthread-2.15.so
b758c000-b758d000 rw-p 00017000 08:05 3802095    /lib/i386-linux-gnu/libpthread-2.15.so
b758d000-b758f000 rw-p 00000000 00:00 0 
b758f000-b7592000 r-xp 00000000 08:05 3802028    /lib/i386-linux-gnu/libdl-2.15.so
b7592000-b7593000 r--p 00002000 08:05 3802028    /lib/i386-linux-gnu/libdl-2.15.so
b7593000-b7594000 rw-p 00003000 08:05 3802028    /lib/i386-linux-gnu/libdl-2.15.so
b7594000-b7733000 r-xp 00000000 08:05 3802015    /lib/i386-linux-gnu/libc-2.15.so
b7733000-b7735000 r--p 0019f000 08:05 3802015    /lib/i386-linux-gnu/libc-2.15.so
b7735000-b7736000 rw-p 001a1000 08:05 3802015    /lib/i386-linux-gnu/libc-2.15.so
b7736000-b7739000 rw-p 00000000 00:00 0 
b7739000-b773a000 r--s 00002000 08:05 4989080    /usr/lib/jvm/java-7-openjdk-i386/jre/lib/ext/dnsns.jar
b773a000-b773b000 r--p 005db000 08:05 4988066    /usr/lib/locale/locale-archive
b773b000-b773c000 rw-p 00000000 00:00 0 
b773c000-b773d000 r--p 00000000 00:00 0 
b773d000-b7749000 r-xp 00000000 08:05 4989131    /usr/lib/jvm/java-7-openjdk-i386/jre/lib/i386/libverify.so
b7749000-b774a000 r--p 0000b000 08:05 4989131    /usr/lib/jvm/java-7-openjdk-i386/jre/lib/i386/libverify.so
b774a000-b774b000 rw-p 0000c000 08:05 4989131    /usr/lib/jvm/java-7-openjdk-i386/jre/lib/i386/libverify.so
b774b000-b7758000 r-xp 00000000 08:05 4989106    /usr/lib/jvm/java-7-openjdk-i386/jre/lib/i386/jli/libjli.so
b7758000-b7759000 r--p 0000c000 08:05 4989106    /usr/lib/jvm/java-7-openjdk-i386/jre/lib/i386/jli/libjli.so
b7759000-b775a000 rw-p 0000d000 08:05 4989106    /usr/lib/jvm/java-7-openjdk-i386/jre/lib/i386/jli/libjli.so
b775a000-b775d000 rw-p 00000000 00:00 0 
b775d000-b775e000 r-xp 00000000 00:00 0          [vdso]
b775e000-b777e000 r-xp 00000000 08:05 3801995    /lib/i386-linux-gnu/ld-2.15.so
b777e000-b777f000 r--p 0001f000 08:05 3801995    /lib/i386-linux-gnu/ld-2.15.so
b777f000-b7780000 rw-p 00020000 08:05 3801995    /lib/i386-linux-gnu/ld-2.15.so
bfb34000-bfb35000 rwxp 00000000 00:00 0 
bfb67000-bfb88000 rw-p 00000000 00:00 0          [stack]

VM Arguments:
jvm_args: -Xmx1024M -Dfile.encoding=UTF-8 -Duser.country=IN -Duser.language=en -Duser.variant 
java_command: com.android.dx.command.Main --dex --output /home/ankit/Traafik latest/TraafikAppLatest/app/build/intermediates/pre-dexed/debug/acra-4.6.2-b0257ff32703033a53fe14ae53107821ac1ebc7b.jar /home/ankit/.gradle/caches/modules-2/files-2.1/ch.acra/acra/4.6.2/b99297996579b72496c9f81b0c12d8404c74e618/acra-4.6.2.jar
Launcher Type: SUN_STANDARD

Environment Variables:
PATH=/usr/lib/lightdm/lightdm:/usr/local/sbin:/usr/local/bin:/usr/sbin:/usr/bin:/sbin:/bin:/usr/games
LD_LIBRARY_PATH=/home/ankit/Android studio/android-studio/bin:
SHELL=/bin/bash
DISPLAY=:0.0

Signal Handlers:
SIGSEGV: 