#
# There is insufficient memory for the Java Runtime Environment to continue.
# Native memory allocation (malloc) failed to allocate 69206016 bytes for committing reserved memory.
# Possible reasons:
#   The system is out of physical RAM or swap space
#   In 32 bit mode, the process size limit was hit
# Possible solutions:
#   Reduce memory load on the system
#   Increase physical memory or swap space
#   Check if swap backing store is full
#   Use 64 bit Java on a 64 bit OS
#   Decrease Java heap size (-Xmx/-Xms)
#   Decrease number of Java threads
#   Decrease Java thread stack sizes (-Xss)
#   Set larger code cache with -XX:ReservedCodeCacheSize=
# This output file may be truncated or incomplete.
#
#  Out of Memory Error (os_linux.cpp:2798), pid=26386, tid=1745378112
#
# JRE version: OpenJDK Runtime Environment (7.0_75-b13) (build 1.7.0_75-b13)
# Java VM: OpenJDK Server VM (24.75-b04 mixed mode linux-x86 )
# Derivative: IcedTea 2.5.4
# Distribution: Ubuntu 12.04 LTS, package 7u75-2.5.4-1~precise1
# Failed to write core dump. Core dumps have been disabled. To enable core dumping, try "ulimit -c unlimited" before starting Java again
#

---------------  T H R E A D  ---------------

Current thread (0x67f10400):  VMThread [stack: 0x68005000,0x68086000] [id=26401]

Stack: [0x68005000,0x68086000]
[error occurred during error reporting (printing stack bounds), id 0xb]

VM_Operation (0xb6598ca8): ParallelGCFailedAllocation, mode: safepoint, requested by thread 0xb6409800


---------------  P R O C E S S  ---------------

Java Threads: ( => current thread )
  0x67f2b400 JavaThread "Service Thread" daemon [_thread_blocked, id=26407, stack(0x67b5c000,0x67bad000)]
  0x67f29800 JavaThread "C2 CompilerThread1" daemon [_thread_blocked, id=26406, stack(0x67bad000,0x67c2e000)]
  0x67f27400 JavaThread "C2 CompilerThread0" daemon [_thread_blocked, id=26405, stack(0x67c2e000,0x67caf000)]
  0x67f25c00 JavaThread "Signal Dispatcher" daemon [_thread_blocked, id=26404, stack(0x67caf000,0x67d00000)]
  0x67f14000 JavaThread "Finalizer" daemon [_thread_blocked, id=26403, stack(0x6ac03000,0x6ac54000)]
  0x67f12800 JavaThread "Reference Handler" daemon [_thread_blocked, id=26402, stack(0x6ac54000,0x6aca5000)]
  0xb6409800 JavaThread "main" [_thread_blocked, id=26398, stack(0xb6549000,0xb659a000)]

Other Threads:
=>0x67f10400 VMThread [stack: 0x68005000,0x68086000] [id=26401]
  0x67f2d400 WatcherThread [stack: 0x67adb000,0x67b5c000] [id=26408]

VM state:at safepoint (normal execution)

VM Mutex/Monitor currently owned by a thread:  ([mutex/lock_event])
[0xb64070e8] Threads_lock - owner thread: 0x67f10400
[0xb64074f8] Heap_lock - owner thread: 0xb6409800

Heap
 PSYoungGen      total 109824K, used 8440K [0x9dd80000, 0xa5100000, 0xb3300000)
  eden space 101376K, 0% used [0x9dd80000,0x9dd80000,0xa4080000)
  from space 8448K, 99% used [0xa4080000,0xa48be1b0,0xa48c0000)
  to   space 8192K, 0% used [0xa4900000,0xa4900000,0xa5100000)
 ParOldGen       total 41728K, used 25431K [0x73300000, 0x75bc0000, 0x9dd80000)
  object space 41728K, 60% used [0x73300000,0x74bd5e48,0x75bc0000)
 PSPermGen       total 16384K, used 5152K [0x6b300000, 0x6c300000, 0x73300000)
  object space 16384K, 31% used [0x6b300000,0x6b808160,0x6c300000)

Card table byte_map: [0x6b0bf000,0x6b300000] byte_map_base: 0x6ad65800

Polling page: 0xb76f0000

Code Cache  [0xb33c4000, 0xb3604000, 0xb63c4000)
 total_blobs=946 nmethods=814 adapters=86 free_code_cache=47075Kb largest_free_block=48164928

Compilation events (10 events):
Event: 5.076 Thread 0x67f29800  832             com.android.dx.io.instructions.InstructionCodec::access$700 (5 bytes)
Event: 5.077 Thread 0x67f29800 nmethod 832 0xb3561c08 code [0xb3561ce0, 0xb3561d10]
Event: 5.077 Thread 0x67f27400  833             com.android.dx.io.instructions.InstructionCodec::unit0 (3 bytes)
Event: 5.077 Thread 0x67f29800  834             com.android.dx.io.instructions.InstructionCodec::access$800 (5 bytes)
Event: 5.077 Thread 0x67f29800 nmethod 834 0xb3569188 code [0xb3569260, 0xb3569290]
Event: 5.077 Thread 0x67f29800  835             com.android.dx.io.instructions.InstructionCodec::unit1 (6 bytes)
Event: 5.077 Thread 0x67f27400 nmethod 833 0xb356e948 code [0xb356ea20, 0xb356ea50]
Event: 5.077 Thread 0x67f29800 nmethod 835 0xb3593b88 code [0xb3593c60, 0xb3593c90]
Event: 5.095 Thread 0x67f27400  836             com.android.dx.io.instructions.RegisterRangeDecodedInstruction::<init> (26 bytes)
Event: 5.096 Thread 0x67f27400 nmethod 836 0xb356a208 code [0xb356a300, 0xb356a3f0]

GC Heap History (10 events):
Event: 3.972 GC heap after
Heap after GC invocations=6 (full 0):
 PSYoungGen      total 39936K, used 5014K [0x9dd80000, 0xa0d00000, 0xb3300000)
  eden space 31744K, 0% used [0x9dd80000,0x9dd80000,0x9fc80000)
  from space 8192K, 61% used [0xa0500000,0xa09e5b78,0xa0d00000)
  to   space 8448K, 0% used [0x9fc80000,0x9fc80000,0xa04c0000)
 ParOldGen       total 41728K, used 16561K [0x73300000, 0x75bc0000, 0x9dd80000)
  object space 41728K, 39% used [0x73300000,0x7432c510,0x75bc0000)
 PSPermGen       total 16384K, used 5035K [0x6b300000, 0x6c300000, 0x73300000)
  object space 16384K, 30% used [0x6b300000,0x6b7eaf60,0x6c300000)
}
Event: 4.251 GC heap before
{Heap before GC invocations=7 (full 0):
 PSYoungGen      total 39936K, used 36758K [0x9dd80000, 0xa0d00000, 0xb3300000)
  eden space 31744K, 100% used [0x9dd80000,0x9fc80000,0x9fc80000)
  from space 8192K, 61% used [0xa0500000,0xa09e5b78,0xa0d00000)
  to   space 8448K, 0% used [0x9fc80000,0x9fc80000,0xa04c0000)
 ParOldGen       total 41728K, used 16561K [0x73300000, 0x75bc0000, 0x9dd80000)
  object space 41728K, 39% used [0x73300000,0x7432c510,0x75bc0000)
 PSPermGen       total 16384K, used 5065K [0x6b300000, 0x6c300000, 0x73300000)
  object space 16384K, 30% used [0x6b300000,0x6b7f2730,0x6c300000)
Event: 4.258 GC heap after
Heap after GC invocations=7 (full 0):
 PSYoungGen      total 40192K, used 6715K [0x9dd80000, 0xa2c00000, 0xb3300000)
  eden space 31744K, 0% used [0x9dd80000,0x9dd80000,0x9fc80000)
  from space 8448K, 79% used [0x9fc80000,0xa030ec48,0xa04c0000)
  to   space 8448K, 0% used [0xa23c0000,0xa23c0000,0xa2c00000)
 ParOldGen       total 41728K, used 17263K [0x73300000, 0x75bc0000, 0x9dd80000)
  object space 41728K, 41% used [0x73300000,0x743dbca8,0x75bc0000)
 PSPermGen       total 16384K, used 5065K [0x6b300000, 0x6c300000, 0x73300000)
  object space 16384K, 30% used [0x6b300000,0x6b7f2730,0x6c300000)
}
Event: 4.442 GC heap before
{Heap before GC invocations=8 (full 0):
 PSYoungGen      total 40192K, used 38459K [0x9dd80000, 0xa2c00000, 0xb3300000)
  eden space 31744K, 100% used [0x9dd80000,0x9fc80000,0x9fc80000)
  from space 8448K, 79% used [0x9fc80000,0xa030ec48,0xa04c0000)
  to   space 8448K, 0% used [0xa23c0000,0xa23c0000,0xa2c00000)
 ParOldGen       total 41728K, used 17263K [0x73300000, 0x75bc0000, 0x9dd80000)
  object space 41728K, 41% used [0x73300000,0x743dbca8,0x75bc0000)
 PSPermGen       total 16384K, used 5133K [0x6b300000, 0x6c300000, 0x73300000)
  object space 16384K, 31% used [0x6b300000,0x6b803790,0x6c300000)
Event: 4.448 GC heap after
Heap after GC invocations=8 (full 0):
 PSYoungGen      total 71680K, used 3529K [0x9dd80000, 0xa2c80000, 0xb3300000)
  eden space 63232K, 0% used [0x9dd80000,0x9dd80000,0xa1b40000)
  from space 8448K, 41% used [0xa23c0000,0xa2732610,0xa2c00000)
  to   space 8704K, 0% used [0xa1b40000,0xa1b40000,0xa23c0000)
 ParOldGen       total 41728K, used 18542K [0x73300000, 0x75bc0000, 0x9dd80000)
  object space 41728K, 44% used [0x73300000,0x7451bbb8,0x75bc0000)
 PSPermGen       total 16384K, used 5133K [0x6b300000, 0x6c300000, 0x73300000)
  object space 16384K, 31% used [0x6b300000,0x6b803790,0x6c300000)
}
Event: 4.689 GC heap before
{Heap before GC invocations=9 (full 0):
 PSYoungGen      total 71680K, used 66761K [0x9dd80000, 0xa2c80000, 0xb3300000)
  eden space 63232K, 100% used [0x9dd80000,0xa1b40000,0xa1b40000)
  from space 8448K, 41% used [0xa23c0000,0xa2732610,0xa2c00000)
  to   space 8704K, 0% used [0xa1b40000,0xa1b40000,0xa23c0000)
 ParOldGen       total 41728K, used 18542K [0x73300000, 0x75bc0000, 0x9dd80000)
  object space 41728K, 44% used [0x73300000,0x7451bbb8,0x75bc0000)
 PSPermGen       total 16384K, used 5145K [0x6b300000, 0x6c300000, 0x73300000)
  object space 16384K, 31% used [0x6b300000,0x6b806650,0x6c300000)
Event: 4.692 GC heap after
Heap after GC invocations=9 (full 0):
 PSYoungGen      total 71936K, used 4040K [0x9dd80000, 0xa5180000, 0xb3300000)
  eden space 63232K, 0% used [0x9dd80000,0x9dd80000,0xa1b40000)
  from space 8704K, 46% used [0xa1b40000,0xa1f32270,0xa23c0000)
  to   space 8704K, 0% used [0xa4900000,0xa4900000,0xa5180000)
 ParOldGen       total 41728K, used 19133K [0x73300000, 0x75bc0000, 0x9dd80000)
  object space 41728K, 45% used [0x73300000,0x745af738,0x75bc0000)
 PSPermGen       total 16384K, used 5145K [0x6b300000, 0x6c300000, 0x73300000)
  object space 16384K, 31% used [0x6b300000,0x6b806650,0x6c300000)
}
Event: 4.879 GC heap before
{Heap before GC invocations=10 (full 0):
 PSYoungGen      total 71936K, used 67272K [0x9dd80000, 0xa5180000, 0xb3300000)
  eden space 63232K, 100% used [0x9dd80000,0xa1b40000,0xa1b40000)
  from space 8704K, 46% used [0xa1b40000,0xa1f32270,0xa23c0000)
  to   space 8704K, 0% used [0xa4900000,0xa4900000,0xa5180000)
 ParOldGen       total 41728K, used 19133K [0x73300000, 0x75bc0000, 0x9dd80000)
  object space 41728K, 45% used [0x73300000,0x745af738,0x75bc0000)
 PSPermGen       total 16384K, used 5147K [0x6b300000, 0x6c300000, 0x73300000)
  object space 16384K, 31% used [0x6b300000,0x6b806c48,0x6c300000)
Event: 4.881 GC heap after
Heap after GC invocations=10 (full 0):
 PSYoungGen      total 109568K, used 4461K [0x9dd80000, 0xa5100000, 0xb3300000)
  eden space 101376K, 0% used [0x9dd80000,0x9dd80000,0xa4080000)
  from space 8192K, 54% used [0xa4900000,0xa4d5b480,0xa5100000)
  to   space 8448K, 0% used [0xa4080000,0xa4080000,0xa48c0000)
 ParOldGen       total 41728K, used 19141K [0x73300000, 0x75bc0000, 0x9dd80000)
  object space 41728K, 45% used [0x73300000,0x745b1738,0x75bc0000)
 PSPermGen       total 16384K, used 5147K [0x6b300000, 0x6c300000, 0x73300000)
  object space 16384K, 31% used [0x6b300000,0x6b806c48,0x6c300000)
}
Event: 5.101 GC heap before
{Heap before GC invocations=11 (full 0):
 PSYoungGen      total 109568K, used 105837K [0x9dd80000, 0xa5100000, 0xb3300000)
  eden space 101376K, 100% used [0x9dd80000,0xa4080000,0xa4080000)
  from space 8192K, 54% used [0xa4900000,0xa4d5b480,0xa5100000)
  to   space 8448K, 0% used [0xa4080000,0xa4080000,0xa48c0000)
 ParOldGen       total 41728K, used 19141K [0x73300000, 0x75bc0000, 0x9dd80000)
  object space 41728K, 45% used [0x73300000,0x745b1738,0x75bc0000)
 PSPermGen       total 16384K, used 5152K [0x6b300000, 0x6c300000, 0x73300000)
  object space 16384K, 31% used [0x6b300000,0x6b808160,0x6c300000)

Deoptimization events (10 events):
Event: 4.418 Thread 0xb6409800 Uncommon trap: reason=array_check action=maybe_recompile pc=0xb358807c method=java.util.ComparableTimSort.binarySort([Ljava/lang/Object;III)V @ 215
Event: 4.419 Thread 0xb6409800 Uncommon trap: reason=array_check action=maybe_recompile pc=0xb35880e0 method=java.util.ComparableTimSort.binarySort([Ljava/lang/Object;III)V @ 193
Event: 4.553 Thread 0xb6409800 Uncommon trap: reason=array_check action=maybe_recompile pc=0xb35a5520 method=java.util.TimSort.binarySort([Ljava/lang/Object;IIILjava/util/Comparator;)V @ 193
Event: 4.553 Thread 0xb6409800 Uncommon trap: reason=array_check action=maybe_recompile pc=0xb35a5520 method=java.util.TimSort.binarySort([Ljava/lang/Object;IIILjava/util/Comparator;)V @ 193
Event: 4.553 Thread 0xb6409800 Uncommon trap: reason=array_check action=maybe_recompile pc=0xb35a558c method=java.util.TimSort.binarySort([Ljava/lang/Object;IIILjava/util/Comparator;)V @ 183
Event: 4.553 Thread 0xb6409800 Uncommon trap: reason=array_check action=maybe_recompile pc=0xb35a5520 method=java.util.TimSort.binarySort([Ljava/lang/Object;IIILjava/util/Comparator;)V @ 193
Event: 4.606 Thread 0xb6409800 Uncommon trap: reason=array_check action=maybe_recompile pc=0xb35a2404 method=java.util.ComparableTimSort.binarySort([Ljava/lang/Object;III)V @ 183
Event: 4.616 Thread 0xb6409800 Uncommon trap: reason=array_check action=maybe_recompile pc=0xb35afdd0 method=java.util.TimSort.binarySort([Ljava/lang/Object;IIILjava/util/Comparator;)V @ 215
Event: 4.616 Thread 0xb6409800 Uncommon trap: reason=array_check action=maybe_recompile pc=0xb35afdd0 method=java.util.TimSort.binarySort([Ljava/lang/Object;IIILjava/util/Comparator;)V @ 215
Event: 4.654 Thread 0xb6409800 Uncommon trap: reason=array_check action=maybe_recompile pc=0xb35a2404 method=java.util.ComparableTimSort.binarySort([Ljava/lang/Object;III)V @ 183

Internal exceptions (10 events):
Event: 3.519 Thread 0xb6409800 Threw 0x9eb69dd0 at /build/buildd/openjdk-7-7u75-2.5.4/build/openjdk/hotspot/src/share/vm/prims/jvm.cpp:1284
Event: 3.520 Thread 0xb6409800 Threw 0x9eb70d60 at /build/buildd/openjdk-7-7u75-2.5.4/build/openjdk/hotspot/src/share/vm/prims/jvm.cpp:1284
Event: 3.521 Thread 0xb6409800 Threw 0x9eb73838 at /build/buildd/openjdk-7-7u75-2.5.4/build/openjdk/hotspot/src/share/vm/prims/jvm.cpp:1284
Event: 3.725 Thread 0xb6409800 Threw 0x9ec985f8 at /build/buildd/openjdk-7-7u75-2.5.4/build/openjdk/hotspot/src/share/vm/prims/jvm.cpp:1284
Event: 3.725 Thread 0xb6409800 Threw 0x9ec98710 at /build/buildd/openjdk-7-7u75-2.5.4/build/openjdk/hotspot/src/share/vm/prims/jvm.cpp:1284
Event: 3.725 Thread 0xb6409800 Threw 0x9ec9ab60 at /build/buildd/openjdk-7-7u75-2.5.4/build/openjdk/hotspot/src/share/vm/prims/jvm.cpp:1284
Event: 3.725 Thread 0xb6409800 Threw 0x9ec9ac78 at /build/buildd/openjdk-7-7u75-2.5.4/build/openjdk/hotspot/src/share/vm/prims/jvm.cpp:1284
Event: 3.725 Thread 0xb6409800 Threw 0x9ec9b5e8 at /build/buildd/openjdk-7-7u75-2.5.4/build/openjdk/hotspot/src/share/vm/prims/jvm.cpp:1284
Event: 3.725 Thread 0xb6409800 Threw 0x9ec9b700 at /build/buildd/openjdk-7-7u75-2.5.4/build/openjdk/hotspot/src/share/vm/prims/jvm.cpp:1284
Event: 4.039 Thread 0xb6409800 Threw 0x9e44d178 at /build/buildd/openjdk-7-7u75-2.5.4/build/openjdk/hotspot/src/share/vm/prims/jvm.cpp:1284

Events (10 events):
Event: 4.654 Thread 0xb6409800 DEOPT PACKING pc=0xb35a2404 sp=0xb6598d80
Event: 4.654 Thread 0xb6409800 DEOPT UNPACKING pc=0xb33f0bc8 sp=0xb6598d7c mode 2
Event: 4.688 Executing VM operation: ParallelGCFailedAllocation
Event: 4.692 Executing VM operation: ParallelGCFailedAllocation done
Event: 4.795 Thread 0x67f27400 flushing nmethod 0xb3569988
Event: 4.878 Executing VM operation: ParallelGCFailedAllocation
Event: 4.881 Executing VM operation: ParallelGCFailedAllocation done
Event: 5.022 Thread 0x67f27400 flushing nmethod 0xb3585348
Event: 5.022 Thread 0x67f27400 flushing nmethod 0xb3587a08
Event: 5.101 Executing VM operation: ParallelGCFailedAllocation


Dynamic libraries:
08048000-08049000 r-xp 00000000 08:05 4983886    /usr/lib/jvm/java-7-openjdk-i386/jre/bin/java
08049000-0804a000 r--p 00000000 08:05 4983886    /usr/lib/jvm/java-7-openjdk-i386/jre/bin/java
0804a000-0804b000 rw-p 00001000 08:05 4983886    /usr/lib/jvm/java-7-openjdk-i386/jre/bin/java
0911d000-095bb000 rw-p 00000000 00:00 0          [heap]
67000000-67049000 rw-p 00000000 00:00 0 
67049000-67100000 ---p 00000000 00:00 0 
671a9000-672fc000 r-xp 00000000 08:05 4985508    /usr/lib/i386-linux-gnu/libgio-2.0.so.0.3200.3
672fc000-672fe000 r--p 00153000 08:05 4985508    /usr/lib/i386-linux-gnu/libgio-2.0.so.0.3200.3
672fe000-672ff000 rw-p 00155000 08:05 4985508    /usr/lib/i386-linux-gnu/libgio-2.0.so.0.3200.3
672ff000-67300000 rw-p 00000000 00:00 0 
67300000-673fa000 rw-p 00000000 00:00 0 
673fa000-67400000 ---p 00000000 00:00 0 
67500000-675fe000 rw-p 00000000 00:00 0 
675fe000-67600000 ---p 00000000 00:00 0 
676c4000-676fe000 r-xp 00000000 08:05 3802088    /lib/i386-linux-gnu/libpcre.so.3.12.1
676fe000-676ff000 r--p 00039000 08:05 3802088    /lib/i386-linux-gnu/libpcre.so.3.12.1
676ff000-67700000 rw-p 0003a000 08:05 3802088    /lib/i386-linux-gnu/libpcre.so.3.12.1
67700000-677e3000 rw-p 00000000 00:00 0 
677e3000-67800000 ---p 00000000 00:00 0 
67807000-678fe000 r-xp 00000000 08:05 3802040    /lib/i386-linux-gnu/libglib-2.0.so.0.3200.3
678fe000-678ff000 r--p 000f6000 08:05 3802040    /lib/i386-linux-gnu/libglib-2.0.so.0.3200.3
678ff000-67900000 rw-p 000f7000 08:05 3802040    /lib/i386-linux-gnu/libglib-2.0.so.0.3200.3
67900000-679fe000 rw-p 00000000 00:00 0 
679fe000-67a00000 ---p 00000000 00:00 0 
67a01000-67a06000 r-xp 00000000 08:05 4985471    /usr/lib/i386-linux-gnu/libffi.so.6.0.0
67a06000-67a07000 r--p 00004000 08:05 4985471    /usr/lib/i386-linux-gnu/libffi.so.6.0.0
67a07000-67a08000 rw-p 00005000 08:05 4985471    /usr/lib/i386-linux-gnu/libffi.so.6.0.0
67a08000-67a1b000 r-xp 00000000 08:05 3802099    /lib/i386-linux-gnu/libresolv-2.15.so
67a1b000-67a1c000 ---p 00013000 08:05 3802099    /lib/i386-linux-gnu/libresolv-2.15.so
67a1c000-67a1d000 r--p 00013000 08:05 3802099    /lib/i386-linux-gnu/libresolv-2.15.so
67a1d000-67a1e000 rw-p 00014000 08:05 3802099    /lib/i386-linux-gnu/libresolv-2.15.so
67a1e000-67a20000 rw-p 00000000 00:00 0 
67a20000-67a3d000 r-xp 00000000 08:05 3802103    /lib/i386-linux-gnu/libselinux.so.1
67a3d000-67a3e000 r--p 0001c000 08:05 3802103    /lib/i386-linux-gnu/libselinux.so.1
67a3e000-67a3f000 rw-p 0001d000 08:05 3802103    /lib/i386-linux-gnu/libselinux.so.1
67a3f000-67a8c000 r-xp 00000000 08:05 4985532    /usr/lib/i386-linux-gnu/libgobject-2.0.so.0.3200.3
67a8c000-67a8d000 r--p 0004c000 08:05 4985532    /usr/lib/i386-linux-gnu/libgobject-2.0.so.0.3200.3
67a8d000-67a8e000 rw-p 0004d000 08:05 4985532    /usr/lib/i386-linux-gnu/libgobject-2.0.so.0.3200.3
67a9c000-67aa0000 r--s 0004d000 08:05 4989094    /usr/lib/jvm/java-7-openjdk-i386/jre/lib/jsse.jar
67aa0000-67ab7000 r-xp 00000000 08:05 4989135    /usr/lib/jvm/java-7-openjdk-i386/jre/lib/i386/libnet.so
67ab7000-67ab8000 r--p 00016000 08:05 4989135    /usr/lib/jvm/java-7-openjdk-i386/jre/lib/i386/libnet.so
67ab8000-67ab9000 rw-p 00017000 08:05 4989135    /usr/lib/jvm/java-7-openjdk-i386/jre/lib/i386/libnet.so
67ab9000-67aca000 r-xp 00000000 08:05 4989121    /usr/lib/jvm/java-7-openjdk-i386/jre/lib/i386/libnio.so
67aca000-67acb000 r--p 00010000 08:05 4989121    /usr/lib/jvm/java-7-openjdk-i386/jre/lib/i386/libnio.so
67acb000-67acc000 rw-p 00011000 08:05 4989121    /usr/lib/jvm/java-7-openjdk-i386/jre/lib/i386/libnio.so
67acc000-67adb000 r--s 000dd000 08:06 21369266   /home/ankit/Ankitt Data/ECLIPSE/sdk/build-tools/22.0.1/lib/dx.jar
67adb000-67adc000 ---p 00000000 00:00 0 
67adc000-67b5c000 rw-p 00000000 00:00 0 
67b5c000-67b5f000 ---p 00000000 00:00 0 
67b5f000-67bad000 rw-p 00000000 00:00 0 
67bad000-67bb0000 ---p 00000000 00:00 0 
67bb0000-67c2e000 rw-p 00000000 00:00 0 
67c2e000-67c31000 ---p 00000000 00:00 0 
67c31000-67caf000 rw-p 00000000 00:00 0 
67caf000-67cb2000 ---p 00000000 00:00 0 
67cb2000-67d00000 rw-p 00000000 00:00 0 
67d00000-67f00000 r--p 00000000 08:05 4988066    /usr/lib/locale/locale-archive
67f00000-67fef000 rw-p 00000000 00:00 0 
67fef000-68000000 ---p 00000000 00:00 0 
68000000-68003000 r-xp 00000000 08:05 4985518    /usr/lib/i386-linux-gnu/libgmodule-2.0.so.0.3200.3
68003000-68004000 r--p 00002000 08:05 4985518    /usr/lib/i386-linux-gnu/libgmodule-2.0.so.0.3200.3
68004000-68005000 rw-p 00003000 08:05 4985518    /usr/lib/i386-linux-gnu/libgmodule-2.0.so.0.3200.3
68005000-68006000 ---p 00000000 00:00 0 
68006000-680cf000 rw-p 00000000 00:00 0 
680cf000-68280000 r--s 01d23000 08:05 4989042    /usr/lib/jvm/java-7-openjdk-i386/jre/lib/rt.jar
68280000-6ab00000 rw-p 00000000 00:00 0 
6ab00000-6abea000 rw-p 00000000 00:00 0 
6abea000-6ac00000 ---p 00000000 00:00 0 
6ac03000-6ac06000 ---p 00000000 00:00 0 
6ac06000-6ac54000 rw-p 00000000 00:00 0 
6ac54000-6ac57000 ---p 00000000 00:00 0 
6ac57000-6ad00000 rw-p 00000000 00:00 0 
6ad00000-6ad21000 rw-p 00000000 00:00 0 
6ad21000-6ae00000 ---p 00000000 00:00 0 
6ae03000-6ae06000 r--s 0000f000 08:05 4989079    /usr/lib/jvm/java-7-openjdk-i386/jre/lib/ext/icedtea-sound.jar
6ae06000-6ae08000 r--s 00012000 08:05 4989084    /usr/lib/jvm/java-7-openjdk-i386/jre/lib/ext/zipfs.jar
6ae08000-6ae0c000 r--s 00034000 08:05 4989083    /usr/lib/jvm/java-7-openjdk-i386/jre/lib/ext/sunjce_provider.jar
6ae0c000-6ae27000 rw-p 00000000 00:00 0 
6ae27000-6ae28000 ---p 00000000 00:00 0 
6ae28000-6aea8000 rw-p 00000000 00:00 0 
6aea8000-6aea9000 ---p 00000000 00:00 0 
6aea9000-6af31000 rw-p 00000000 00:00 0 
6af31000-6af69000 rw-p 00000000 00:00 0 
6af69000-6af7e000 rw-p 00000000 00:00 0 
6af7e000-6b0bf000 rw-p 00000000 00:00 0 
6b0bf000-6b0c7000 rw-p 00000000 00:00 0 
6b0c7000-6b0ff000 rw-p 00000000 00:00 0 
6b0ff000-6b114000 rw-p 00000000 00:00 0 
6b114000-6b254000 rw-p 00000000 00:00 0 
6b254000-6b28e000 rw-p 00000000 00:00 0 
6b28e000-6b28f000 ---p 00000000 00:00 0 
6b28f000-6b2ff000 rw-p 00000000 00:00 0 
6b2ff000-6c300000 rw-p 00000000 00:00 0 
6c300000-73300000 rw-p 00000000 00:00 0 
73300000-75bc0000 rw-p 00000000 00:00 0 
75bc0000-9dd80000 rw-p 00000000 00:00 0 
9dd80000-a5100000 rw-p 00000000 00:00 0 
a9300000-b3300000 rw-p 00000000 00:00 0 
b3300000-b3304000 r--s 0003c000 08:05 4989081    /usr/lib/jvm/java-7-openjdk-i386/jre/lib/ext/sunpkcs11.jar
b3304000-b330d000 rw-p 00000000 00:00 0 
b330d000-b33c4000 rw-p 00000000 00:00 0 
b33c4000-b3604000 rwxp 00000000 00:00 0 
b3604000-b63c4000 rw-p 00000000 00:00 0 
b63c4000-b63cf000 r-xp 00000000 08:05 3802066    /lib/i386-linux-gnu/libnss_files-2.15.so
b63cf000-b63d0000 r--p 0000a000 08:05 3802066    /lib/i386-linux-gnu/libnss_files-2.15.so
b63d0000-b63d1000 rw-p 0000b000 08:05 3802066    /lib/i386-linux-gnu/libnss_files-2.15.so
b63d1000-b63db000 r-xp 00000000 08:05 3802070    /lib/i386-linux-gnu/libnss_nis-2.15.so
b63db000-b63dc000 r--p 00009000 08:05 3802070    /lib/i386-linux-gnu/libnss_nis-2.15.so
b63dc000-b63dd000 rw-p 0000a000 08:05 3802070    /lib/i386-linux-gnu/libnss_nis-2.15.so
b63dd000-b63f3000 r-xp 00000000 08:05 3802060    /lib/i386-linux-gnu/libnsl-2.15.so
b63f3000-b63f4000 r--p 00015000 08:05 3802060    /lib/i386-linux-gnu/libnsl-2.15.so
b63f4000-b63f5000 rw-p 00016000 08:05 3802060    /lib/i386-linux-gnu/libnsl-2.15.so
b63f5000-b63f7000 rw-p 00000000 00:00 0 
b63f7000-b63fe000 r-xp 00000000 08:05 3802062    /lib/i386-linux-gnu/libnss_compat-2.15.so
b63fe000-b63ff000 r--p 00006000 08:05 3802062    /lib/i386-linux-gnu/libnss_compat-2.15.so
b63ff000-b6400000 rw-p 00007000 08:05 3802062    /lib/i386-linux-gnu/libnss_compat-2.15.so
b6400000-b64ff000 rw-p 00000000 00:00 0 
b64ff000-b6500000 ---p 00000000 00:00 0 
b6501000-b6502000 r--s 00007000 08:05 5246941    /usr/share/java/java-atk-wrapper.jar
b6502000-b6505000 r--s 00086000 08:05 4989082    /usr/lib/jvm/java-7-openjdk-i386/jre/lib/ext/localedata.jar
b6505000-b650d000 r-xp 00000000 08:05 4989114    /usr/lib/jvm/java-7-openjdk-i386/jre/lib/i386/libzip.so
b650d000-b650e000 r--p 00007000 08:05 4989114    /usr/lib/jvm/java-7-openjdk-i386/jre/lib/i386/libzip.so
b650e000-b650f000 rw-p 00008000 08:05 4989114    /usr/lib/jvm/java-7-openjdk-i386/jre/lib/i386/libzip.so
b650f000-b6517000 rw-s 00000000 08:05 145545     /tmp/hsperfdata_ankit/26386
b6517000-b653e000 r-xp 00000000 08:05 4989134    /usr/lib/jvm/java-7-openjdk-i386/jre/lib/i386/libjava.so
b653e000-b653f000 r--p 00026000 08:05 4989134    /usr/lib/jvm/java-7-openjdk-i386/jre/lib/i386/libjava.so
b653f000-b6540000 rw-p 00027000 08:05 4989134    /usr/lib/jvm/java-7-openjdk-i386/jre/lib/i386/libjava.so
b6540000-b6547000 r-xp 00000000 08:05 3802101    /lib/i386-linux-gnu/librt-2.15.so
b6547000-b6548000 r--p 00006000 08:05 3802101    /lib/i386-linux-gnu/librt-2.15.so
b6548000-b6549000 rw-p 00007000 08:05 3802101    /lib/i386-linux-gnu/librt-2.15.so
b6549000-b654c000 ---p 00000000 00:00 0 
b654c000-b659a000 rw-p 00000000 00:00 0 
b659a000-b65b6000 r-xp 00000000 08:05 3802036    /lib/i386-linux-gnu/libgcc_s.so.1
b65b6000-b65b7000 r--p 0001b000 08:05 3802036    /lib/i386-linux-gnu/libgcc_s.so.1
b65b7000-b65b8000 rw-p 0001c000 08:05 3802036    /lib/i386-linux-gnu/libgcc_s.so.1
b65b8000-b65e2000 r-xp 00000000 08:05 3802047    /lib/i386-linux-gnu/libm-2.15.so
b65e2000-b65e3000 r--p 00029000 08:05 3802047    /lib/i386-linux-gnu/libm-2.15.so
b65e3000-b65e4000 rw-p 0002a000 08:05 3802047    /lib/i386-linux-gnu/libm-2.15.so
b65e4000-b66bc000 r-xp 00000000 08:05 4985813    /usr/lib/i386-linux-gnu/libstdc++.so.6.0.16
b66bc000-b66bd000 ---p 000d8000 08:05 4985813    /usr/lib/i386-linux-gnu/libstdc++.so.6.0.16
b66bd000-b66c1000 r--p 000d8000 08:05 4985813    /usr/lib/i386-linux-gnu/libstdc++.so.6.0.16
b66c1000-b66c2000 rw-p 000dc000 08:05 4985813    /usr/lib/i386-linux-gnu/libstdc++.so.6.0.16
b66c2000-b66c9000 rw-p 00000000 00:00 0 
b66c9000-b708b000 r-xp 00000000 08:05 4989140    /usr/lib/jvm/java-7-openjdk-i386/jre/lib/i386/server/libjvm.so
b708b000-b70e0000 r--p 009c2000 08:05 4989140    /usr/lib/jvm/java-7-openjdk-i386/jre/lib/i386/server/libjvm.so
b70e0000-b70f4000 rw-p 00a17000 08:05 4989140    /usr/lib/jvm/java-7-openjdk-i386/jre/lib/i386/server/libjvm.so
b70f4000-b7512000 rw-p 00000000 00:00 0 
b7512000-b7526000 r-xp 00000000 08:05 3802126    /lib/i386-linux-gnu/libz.so.1.2.3.4
b7526000-b7527000 r--p 00013000 08:05 3802126    /lib/i386-linux-gnu/libz.so.1.2.3.4
b7527000-b7528000 rw-p 00014000 08:05 3802126    /lib/i386-linux-gnu/libz.so.1.2.3.4
b7528000-b753f000 r-xp 00000000 08:05 3802095    /lib/i386-linux-gnu/libpthread-2.15.so
b753f000-b7540000 r--p 00016000 08:05 3802095    /lib/i386-linux-gnu/libpthread-2.15.so
b7540000-b7541000 rw-p 00017000 08:05 3802095    /lib/i386-linux-gnu/libpthread-2.15.so
b7541000-b7543000 rw-p 00000000 00:00 0 
b7543000-b7546000 r-xp 00000000 08:05 3802028    /lib/i386-linux-gnu/libdl-2.15.so
b7546000-b7547000 r--p 00002000 08:05 3802028    /lib/i386-linux-gnu/libdl-2.15.so
b7547000-b7548000 rw-p 00003000 08:05 3802028    /lib/i386-linux-gnu/libdl-2.15.so
b7548000-b76e7000 r-xp 00000000 08:05 3802015    /lib/i386-linux-gnu/libc-2.15.so
b76e7000-b76e9000 r--p 0019f000 08:05 3802015    /lib/i386-linux-gnu/libc-2.15.so
b76e9000-b76ea000 rw-p 001a1000 08:05 3802015    /lib/i386-linux-gnu/libc-2.15.so
b76ea000-b76ed000 rw-p 00000000 00:00 0 
b76ed000-b76ee000 r--s 00002000 08:05 4989080    /usr/lib/jvm/java-7-openjdk-i386/jre/lib/ext/dnsns.jar
b76ee000-b76ef000 r--p 005db000 08:05 4988066    /usr/lib/locale/locale-archive
b76ef000-b76f0000 rw-p 00000000 00:00 0 
b76f0000-b76f1000 ---p 00000000 00:00 0 
b76f1000-b76fd000 r-xp 00000000 08:05 4989131    /usr/lib/jvm/java-7-openjdk-i386/jre/lib/i386/libverify.so
b76fd000-b76fe000 r--p 0000b000 08:05 4989131    /usr/lib/jvm/java-7-openjdk-i386/jre/lib/i386/libverify.so
b76fe000-b76ff000 rw-p 0000c000 08:05 4989131    /usr/lib/jvm/java-7-openjdk-i386/jre/lib/i386/libverify.so
b76ff000-b770c000 r-xp 00000000 08:05 4989106    /usr/lib/jvm/java-7-openjdk-i386/jre/lib/i386/jli/libjli.so
b770c000-b770d000 r--p 0000c000 08:05 4989106    /usr/lib/jvm/java-7-openjdk-i386/jre/lib/i386/jli/libjli.so
b770d000-b770e000 rw-p 0000d000 08:05 4989106    /usr/lib/jvm/java-7-openjdk-i386/jre/lib/i386/jli/libjli.so
b770e000-b7711000 rw-p 00000000 00:00 0 
b7711000-b7712000 r-xp 00000000 00:00 0          [vdso]
b7712000-b7732000 r-xp 00000000 08:05 3801995    /lib/i386-linux-gnu/ld-2.15.so
b7732000-b7733000 r--p 0001f000 08:05 3801995    /lib/i386-linux-gnu/ld-2.15.so
b7733000-b7734000 rw-p 00020000 08:05 3801995    /lib/i386-linux-gnu/ld-2.15.so
bf9ed000-bf9ee000 rwxp 00000000 00:00 0 
bfa1f000-bfa41000 rw-p 00000000 00:00 0          [stack]

VM Arguments:
jvm_args: -Xmx1024M -Dfile.encoding=UTF-8 -Duser.country=IN -Duser.language=en -Duser.variant 
java_command: com.android.dx.command.Main --dex --output /home/ankit/Traafik latest/TraafikAppLatest/app/build/intermediates/dex/debug /home/ankit/Traafik latest/TraafikAppLatest/app/build/intermediates/classes/debug /home/ankit/Traafik latest/TraafikAppLatest/app/build/intermediates/pre-dexed/debug/support-annotations-22.2.0-28d7027a42f28bd6102d42421141ac4c439bdcba.jar /home/ankit/Traafik latest/TraafikAppLatest/app/build/intermediates/pre-dexed/debug/classes-3738216e6fc96e577c88b4313c8bfada63a4f847.jar /home/ankit/Traafik latest/TraafikAppLatest/app/build/intermediates/pre-dexed/debug/classes-6adb14698c36f217dbc8f44998dfb853cd0a1d53.jar /home/ankit/Traafik latest/TraafikAppLatest/app/build/intermediates/pre-dexed/debug/simple-side-drawer2-7c187662cd1383aba070f8109eee9f43ca311757.jar /home/ankit/Traafik latest/TraafikAppLatest/app/build/intermediates/pre-dexed/debug/classes-898b057db62618291972c52c147f2215def5d43e.jar /home/ankit/Traafik latest/TraafikAppLatest/app/build/intermediates/pre-dexed/debug/internal_impl-22.0.0-137508c80f2a10835c8bd34299b2142895c34add.jar /home/ankit/Traafik latest/TraafikAppLatest/app/build/intermediates/pre-dexed/debug/classes-8f1915b953beda78dc1ed1ca65fc463490162f66.jar /home/ankit/Traafik latest/TraafikAppLatest/app/build/intermediates/pre-dexed/debug/classes-d4a7aebef974cda66375665b223a04ae0cb3fa4c.jar /home/ankit/Traafik latest/TraafikAppLatest/app/build/intermediates/pre-dexed/debug/bolts-android-1.2.0-d25641ad2757a29dfe0c7ca50222a387b8134cd1.jar /home/ankit/Traafik latest/TraafikAppLatest/app/build/intermediates/pre-dexed/debug/classes-754b790782de93011173afded38fe936f74b280a.jar /home/ankit/Traafik latest/TraafikAppLatest/app/build/intermediates/pre-dexed/debug/classes-9e432d0ca84818278b94c58a5094398262a8ae09.jar /home/ankit/Traafik latest/TraafikAppLatest/app/build/intermediates/pre-dexed/debug/classes-527c408d13996ff107d27768e800c44d93fef79d.jar /home/ankit/Traafik latest/TraafikAppLatest/app/build/intermediates/pre-dexed/deb
Launcher Type: SUN_STANDARD

Environment Variables:
PATH=/usr/lib/lightdm/lightdm:/usr/local/sbin:/usr/local/bin:/usr/sbin:/usr/bin:/sbin:/bin:/usr/games
LD_LIBRARY_PATH=/home/ankit/Android studio/android-studio/bin:
SHELL=/bin/bash
DISPLAY=:0.0

Signal Handlers:
SIGSEGV: [libjvm.so+0x80b550], sa_mask[0]=0x7ffbfeff, sa_flags=0x10000004
SIGBUS: [libjvm.so+0x80b550], sa_mask[0]=0x7ffbfeff, sa_flags=0x10000004
SIGFPE: [libjvm.so+0x6753e0], sa_mask[0]=0x7ffbfeff, sa_flags=0x10000004
SIGPIPE: [libjvm.so+0x6753e0], sa_mask[0]=0x7ffbfeff, sa_flags=0x10000004
SIGXFSZ: [libjvm.so+0x6753e0], sa_mask[0]=0x7ffbfeff, sa_flags=0x10000004
SIGILL: [libjvm.so+0x6753e0], sa_mask[0]=0x7ffbfeff, sa_flags=0x10000004
SIGUSR1: SIG_DFL, sa_mask[0]=0x00000000, sa_flags=0x00000000
SIGUSR2: [libjvm.so+0x675690], sa_mask[0]=0x00000004, sa_flags=0x10000004
SIGHUP: [libjvm.so+0x675850], sa_mask[0]=0x7ffbfeff, sa_flags=0x10000004
SIGINT: [libjvm.so+0x675850], sa_mask[0]=0x7ffbfeff, sa_flags=0x10000004
SIGTERM: [libjvm.so+0x675850], sa_mask[0]=0x7ffbfeff, sa_flags=0x10000004
SIGQUIT: [libjvm.so+0x675850], sa_mask[0]=0x7ffbfeff, sa_flags=0x10000004
SIGTRAP: SIG_DFL, sa_mask[0]=0x00000000, sa_flags=0x00000000


---------------  S Y S T E M  ---------------

OS:Ubuntu 12.04 (precise)
uname:Linux 3.2.0-29-generic-pae #46-Ubuntu SMP Fri Jul 27 17:25:43 UTC 2012 i686
libc:glibc 2.15 NPTL 2.15 
rlimit: STACK 8192k, CORE 0k, NPROC 31169, NOFILE 4096, AS infinity
load average:1.03 0.41 0.49

/proc/meminfo:
MemTotal:        4004304 kB
MemFree:          189956 kB
Buffers:            9164 kB
Cached:           537204 kB
SwapCached:            0 kB
Active:          3431296 kB
Inactive:         301468 kB
Active(anon):    3377940 kB
Inactive(anon):   262028 kB
Active(file):      53356 kB
Inactive(file):    39440 kB
Unevictable:          32 kB
Mlocked:              32 kB
HighTotal:       3159312 kB
HighFree:          27500 kB
LowTotal:         844992 kB
LowFree:          162456 kB
SwapTotal:             0 kB
SwapFree:              0 kB
Dirty:                36 kB
Writeback:           240 kB
AnonPages:       3186408 kB
Mapped:            79956 kB
Shmem:            453596 kB
Slab:              39440 kB
SReclaimable:      19040 kB
SUnreclaim:        20400 kB
KernelStack:        4760 kB
PageTables:        20128 kB
NFS_Unstable:          0 kB
Bounce:                0 kB
WritebackTmp:          0 kB
CommitLimit:     2002152 kB
Committed_AS:    7587784 kB
VmallocTotal:     122880 kB
VmallocUsed:       15072 kB
VmallocChunk:     103196 kB
HardwareCorrupted:     0 kB
AnonHugePages:         0 kB
HugePages_Total:       0
HugePages_Free:        0
HugePages_Rsvd:        0
HugePages_Surp:        0
Hugepagesize:       2048 kB
DirectMap4k:       10232 kB
DirectMap2M:      903168 kB


CPU:total 2 (2 cores per cpu, 1 threads per core) family 6 model 58 stepping 9, cmov, cx8, fxsr, mmx, sse, sse2, sse3, ssse3, sse4.1, sse4.2, popcnt, erms, tsc, tscinvbit, tscinv

/proc/cpuinfo:
processor	: 0
vendor_id	: GenuineIntel
cpu family	: 6
model		: 58
model name	: Intel(R) Pentium(R) CPU G2030 @ 3.00GHz
stepping	: 9
microcode	: 0x17
cpu MHz		: 2700.000
cache size	: 3072 KB
physical id	: 0
siblings	: 2
core id		: 0
cpu cores	: 2
apicid		: 0
initial apicid	: 0
fdiv_bug	: no
hlt_bug		: no
f00f_bug	: no
coma_bug	: no
fpu		: yes
fpu_exception	: yes
cpuid level	: 13
wp		: yes
flags		: fpu vme de pse tsc msr pae mce cx8 apic sep mtrr pge mca cmov pat pse36 clflush dts acpi mmx fxsr sse sse2 ss ht tm pbe nx rdtscp lm constant_tsc arch_perfmon pebs bts xtopology nonstop_tsc aperfmperf pni pclmulqdq dtes64 monitor ds_cpl vmx est tm2 ssse3 cx16 xtpr pdcm pcid sse4_1 sse4_2 popcnt tsc_deadline_timer xsave lahf_lm arat epb xsaveopt pln pts dtherm tpr_shadow vnmi flexpriority ept vpid fsgsbase smep erms
bogomips	: 5986.59
clflush size	: 64
cache_alignment	: 64
address sizes	: 36 bits physical, 48 bits virtual
power management:

processor	: 1
vendor_id	: GenuineIntel
cpu family	: 6
model		: 58
model name	: Intel(R) Pentium(R) CPU G2030 @ 3.00GHz
stepping	: 9
microcode	: 0x17
cpu MHz		: 2600.000
cache size	: 3072 KB
physical id	: 0
siblings	: 2
core id		: 1
cpu cores	: 2
apicid		: 2
initial apicid	: 2
fdiv_bug	: no
hlt_bug		: no
f00f_bug	: no
coma_bug	: no
fpu		: yes
fpu_exception	: yes
cpuid level	: 13
wp		: yes
flags		: fpu vme de pse tsc msr pae mce cx8 apic sep mtrr pge mca cmov pat pse36 clflush dts acpi mmx fxsr sse sse2 ss ht tm pbe nx rdtscp lm constant_tsc arch_perfmon pebs bts xtopology nonstop_tsc aperfmperf pni pclmulqdq dtes64 monitor ds_cpl vmx est tm2 ssse3 cx16 xtpr pdcm pcid sse4_1 sse4_2 popcnt tsc_deadline_timer xsave lahf_lm arat epb xsaveopt pln pts dtherm tpr_shadow vnmi flexpriority ept vpid fsgsbase smep erms
bogomips	: 5986.36
clflush size	: 64
cache_alignment	: 64
address sizes	: 36 bits physical, 48 bits virtual
power management:



Memory: 4k page, physical 4004304k(189956k free), swap 0k(0k free)

vm_info: OpenJDK Server VM (24.75-b04) for linux-x86 JRE (1.7.0_75-b13), built on Jan 27 2015 16:24:35 by "buildd" with gcc 4.6.3

time: Wed Jul 15 19:31:32 2015
elapsed time: 5 seconds

