#
# There is insufficient memory for the Java Runtime Environment to continue.
# Native memory allocation (malloc) failed to allocate 124256256 bytes for committing reserved memory.
# Possible reasons:
#   The system is out of physical RAM or swap space
#   In 32 bit mode, the process size limit was hit
# Possible solutions:
#   Reduce memory load on the system
#   Increase physical memory or swap space
#   Check if swap backing store is full
#   Use 64 bit Java on a 64 bit OS
#   Decrease Java heap size (-Xmx/-Xms)
#   Decrease number of Java threads
#   Decrease Java thread stack sizes (-Xss)
#   Set larger code cache with -XX:ReservedCodeCacheSize=
# This output file may be truncated or incomplete.
#
#  Out of Memory Error (os_linux.cpp:2798), pid=7914, tid=1745378112
#
# JRE version: OpenJDK Runtime Environment (7.0_75-b13) (build 1.7.0_75-b13)
# Java VM: OpenJDK Server VM (24.75-b04 mixed mode linux-x86 )
# Derivative: IcedTea 2.5.4
# Distribution: Ubuntu 12.04 LTS, package 7u75-2.5.4-1~precise1
# Failed to write core dump. Core dumps have been disabled. To enable core dumping, try "ulimit -c unlimited" before starting Java again
#

---------------  T H R E A D  ---------------

Current thread (0x67f10400):  VMThread [stack: 0x68005000,0x68086000] [id=7922]

Stack: [0x68005000,0x68086000]
[error occurred during error reporting (printing stack bounds), id 0xb]

VM_Operation (0xb65d5cd8): ParallelGCFailedAllocation, mode: safepoint, requested by thread 0xb6409c00


---------------  P R O C E S S  ---------------

Java Threads: ( => current thread )
  0x67f2b400 JavaThread "Service Thread" daemon [_thread_blocked, id=7928, stack(0x67b5c000,0x67bad000)]
  0x67f29800 JavaThread "C2 CompilerThread1" daemon [_thread_blocked, id=7927, stack(0x67bad000,0x67c2e000)]
  0x67f27800 JavaThread "C2 CompilerThread0" daemon [_thread_blocked, id=7926, stack(0x67c2e000,0x67caf000)]
  0x67f25c00 JavaThread "Signal Dispatcher" daemon [_thread_blocked, id=7925, stack(0x67caf000,0x67d00000)]
  0x67f14400 JavaThread "Finalizer" daemon [_thread_blocked, id=7924, stack(0x6ac03000,0x6ac54000)]
  0x67f12800 JavaThread "Reference Handler" daemon [_thread_blocked, id=7923, stack(0x6ac54000,0x6aca5000)]
  0xb6409c00 JavaThread "main" [_thread_blocked, id=7919, stack(0xb6586000,0xb65d7000)]

Other Threads:
=>0x67f10400 VMThread [stack: 0x68005000,0x68086000] [id=7922]
  0x67f2d000 WatcherThread [stack: 0x67adb000,0x67b5c000] [id=7929]

VM state:at safepoint (normal execution)

VM Mutex/Monitor currently owned by a thread:  ([mutex/lock_event])
[0xb64071f8] Threads_lock - owner thread: 0x67f10400
[0xb6407608] Heap_lock - owner thread: 0xb6409c00

Heap
 PSYoungGen      total 212480K, used 6233K [0x9ddc0000, 0xab6c0000, 0xb3340000)
  eden space 202752K, 0% used [0x9ddc0000,0x9ddc0000,0xaa3c0000)
  from space 9728K, 64% used [0xaa3c0000,0xaa9d6680,0xaad40000)
  to   space 9728K, 0% used [0xaad40000,0xaad40000,0xab6c0000)
 ParOldGen       total 41728K, used 33247K [0x73340000, 0x75c00000, 0x9ddc0000)
  object space 41728K, 79% used [0x73340000,0x753b7fe0,0x75c00000)
 PSPermGen       total 16384K, used 5224K [0x6b340000, 0x6c340000, 0x73340000)
  object space 16384K, 31% used [0x6b340000,0x6b85a068,0x6c340000)

Card table byte_map: [0x6b0ff000,0x6b340000] byte_map_base: 0x6ada5600

Polling page: 0xb772d000

Code Cache  [0xb3400000, 0xb3688000, 0xb6400000)
 total_blobs=1110 nmethods=978 adapters=86 free_code_cache=46599Kb largest_free_block=47694080

Compilation events (10 events):
Event: 5.116 Thread 0x67f27800  999             com.android.dx.io.instructions.InstructionCodec::encodeRegisterRange (26 bytes)
Event: 5.117 Thread 0x67f27800 nmethod 999 0xb3681588 code [0xb36816a0, 0xb3681850]
Event: 5.117 Thread 0x67f27800 1000             com.android.dx.io.instructions.DecodedInstruction::getAUnit (46 bytes)
Event: 5.118 Thread 0x67f27800 nmethod 1000 0xb367dc88 code [0xb367dd80, 0xb367de10]
Event: 5.118 Thread 0x67f27800 1001             com.android.dx.io.instructions.RegisterRangeDecodedInstruction::withIndex (37 bytes)
Event: 5.120 Thread 0x67f27800 nmethod 1001 0xb35df788 code [0xb35df880, 0xb35dfa30]
Event: 5.157 Thread 0x67f29800 1002             java.nio.Buffer::hasRemaining (17 bytes)
Event: 5.157 Thread 0x67f29800 nmethod 1002 0xb3682608 code [0xb36826e0, 0xb3682730]
Event: 5.230 Thread 0x67f29800 1003             java.lang.Integer::highestOneBit (38 bytes)
Event: 5.230 Thread 0x67f29800 nmethod 1003 0xb367f6c8 code [0xb367f7a0, 0xb367f7f0]

GC Heap History (10 events):
Event: 3.533 GC heap after
Heap after GC invocations=6 (full 0):
 PSYoungGen      total 73472K, used 4256K [0x9ddc0000, 0xa2fc0000, 0xb3340000)
  eden space 63488K, 0% used [0x9ddc0000,0x9ddc0000,0xa1bc0000)
  from space 9984K, 42% used [0xa2600000,0xa2a28068,0xa2fc0000)
  to   space 10240K, 0% used [0xa1bc0000,0xa1bc0000,0xa25c0000)
 ParOldGen       total 41728K, used 17725K [0x73340000, 0x75c00000, 0x9ddc0000)
  object space 41728K, 42% used [0x73340000,0x7448f7f8,0x75c00000)
 PSPermGen       total 16384K, used 5115K [0x6b340000, 0x6c340000, 0x73340000)
  object space 16384K, 31% used [0x6b340000,0x6b83eea0,0x6c340000)
}
Event: 4.004 GC heap before
{Heap before GC invocations=7 (full 0):
 PSYoungGen      total 73472K, used 67744K [0x9ddc0000, 0xa2fc0000, 0xb3340000)
  eden space 63488K, 100% used [0x9ddc0000,0xa1bc0000,0xa1bc0000)
  from space 9984K, 42% used [0xa2600000,0xa2a28068,0xa2fc0000)
  to   space 10240K, 0% used [0xa1bc0000,0xa1bc0000,0xa25c0000)
 ParOldGen       total 41728K, used 17725K [0x73340000, 0x75c00000, 0x9ddc0000)
  object space 41728K, 42% used [0x73340000,0x7448f7f8,0x75c00000)
 PSPermGen       total 16384K, used 5202K [0x6b340000, 0x6c340000, 0x73340000)
  object space 16384K, 31% used [0x6b340000,0x6b854a08,0x6c340000)
Event: 4.019 GC heap after
Heap after GC invocations=7 (full 0):
 PSYoungGen      total 73728K, used 5997K [0x9ddc0000, 0xa6cc0000, 0xb3340000)
  eden space 63488K, 0% used [0x9ddc0000,0x9ddc0000,0xa1bc0000)
  from space 10240K, 58% used [0xa1bc0000,0xa219b7f0,0xa25c0000)
  to   space 9728K, 0% used [0xa6340000,0xa6340000,0xa6cc0000)
 ParOldGen       total 41728K, used 18531K [0x73340000, 0x75c00000, 0x9ddc0000)
  object space 41728K, 44% used [0x73340000,0x74558cd8,0x75c00000)
 PSPermGen       total 16384K, used 5202K [0x6b340000, 0x6c340000, 0x73340000)
  object space 16384K, 31% used [0x6b340000,0x6b854a08,0x6c340000)
}
Event: 4.270 GC heap before
{Heap before GC invocations=8 (full 0):
 PSYoungGen      total 73728K, used 69485K [0x9ddc0000, 0xa6cc0000, 0xb3340000)
  eden space 63488K, 100% used [0x9ddc0000,0xa1bc0000,0xa1bc0000)
  from space 10240K, 58% used [0xa1bc0000,0xa219b7f0,0xa25c0000)
  to   space 9728K, 0% used [0xa6340000,0xa6340000,0xa6cc0000)
 ParOldGen       total 41728K, used 18531K [0x73340000, 0x75c00000, 0x9ddc0000)
  object space 41728K, 44% used [0x73340000,0x74558cd8,0x75c00000)
 PSPermGen       total 16384K, used 5213K [0x6b340000, 0x6c340000, 0x73340000)
  object space 16384K, 31% used [0x6b340000,0x6b857488,0x6c340000)
Event: 4.279 GC heap after
Heap after GC invocations=8 (full 0):
 PSYoungGen      total 136448K, used 7643K [0x9ddc0000, 0xa6d40000, 0xb3340000)
  eden space 126720K, 0% used [0x9ddc0000,0x9ddc0000,0xa5980000)
  from space 9728K, 78% used [0xa6340000,0xa6ab6da8,0xa6cc0000)
  to   space 9984K, 0% used [0xa5980000,0xa5980000,0xa6340000)
 ParOldGen       total 41728K, used 19390K [0x73340000, 0x75c00000, 0x9ddc0000)
  object space 41728K, 46% used [0x73340000,0x7462f8c8,0x75c00000)
 PSPermGen       total 16384K, used 5213K [0x6b340000, 0x6c340000, 0x73340000)
  object space 16384K, 31% used [0x6b340000,0x6b857488,0x6c340000)
}
Event: 4.628 GC heap before
{Heap before GC invocations=9 (full 0):
 PSYoungGen      total 136448K, used 133678K [0x9ddc0000, 0xa6d40000, 0xb3340000)
  eden space 126720K, 99% used [0x9ddc0000,0xa58d4c50,0xa5980000)
  from space 9728K, 78% used [0xa6340000,0xa6ab6da8,0xa6cc0000)
  to   space 9984K, 0% used [0xa5980000,0xa5980000,0xa6340000)
 ParOldGen       total 41728K, used 19390K [0x73340000, 0x75c00000, 0x9ddc0000)
  object space 41728K, 46% used [0x73340000,0x7462f8c8,0x75c00000)
 PSPermGen       total 16384K, used 5218K [0x6b340000, 0x6c340000, 0x73340000)
  object space 16384K, 31% used [0x6b340000,0x6b858b80,0x6c340000)
Event: 4.634 GC heap after
Heap after GC invocations=9 (full 0):
 PSYoungGen      total 136704K, used 6287K [0x9ddc0000, 0xab6c0000, 0xb3340000)
  eden space 126720K, 0% used [0x9ddc0000,0x9ddc0000,0xa5980000)
  from space 9984K, 62% used [0xa5980000,0xa5fa3f10,0xa6340000)
  to   space 9728K, 0% used [0xaad40000,0xaad40000,0xab6c0000)
 ParOldGen       total 41728K, used 20636K [0x73340000, 0x75c00000, 0x9ddc0000)
  object space 41728K, 49% used [0x73340000,0x747672a0,0x75c00000)
 PSPermGen       total 16384K, used 5218K [0x6b340000, 0x6c340000, 0x73340000)
  object space 16384K, 31% used [0x6b340000,0x6b858b80,0x6c340000)
}
Event: 4.859 GC heap before
{Heap before GC invocations=10 (full 0):
 PSYoungGen      total 136704K, used 133007K [0x9ddc0000, 0xab6c0000, 0xb3340000)
  eden space 126720K, 100% used [0x9ddc0000,0xa5980000,0xa5980000)
  from space 9984K, 62% used [0xa5980000,0xa5fa3f10,0xa6340000)
  to   space 9728K, 0% used [0xaad40000,0xaad40000,0xab6c0000)
 ParOldGen       total 41728K, used 20636K [0x73340000, 0x75c00000, 0x9ddc0000)
  object space 41728K, 49% used [0x73340000,0x747672a0,0x75c00000)
 PSPermGen       total 16384K, used 5221K [0x6b340000, 0x6c340000, 0x73340000)
  object space 16384K, 31% used [0x6b340000,0x6b859708,0x6c340000)
Event: 4.862 GC heap after
Heap after GC invocations=10 (full 0):
 PSYoungGen      total 212480K, used 6841K [0x9ddc0000, 0xab6c0000, 0xb3340000)
  eden space 202752K, 0% used [0x9ddc0000,0x9ddc0000,0xaa3c0000)
  from space 9728K, 70% used [0xaad40000,0xab3ee4f0,0xab6c0000)
  to   space 9728K, 0% used [0xaa3c0000,0xaa3c0000,0xaad40000)
 ParOldGen       total 41728K, used 20644K [0x73340000, 0x75c00000, 0x9ddc0000)
  object space 41728K, 49% used [0x73340000,0x747692a0,0x75c00000)
 PSPermGen       total 16384K, used 5221K [0x6b340000, 0x6c340000, 0x73340000)
  object space 16384K, 31% used [0x6b340000,0x6b859708,0x6c340000)
}
Event: 5.232 GC heap before
{Heap before GC invocations=11 (full 0):
 PSYoungGen      total 212480K, used 209593K [0x9ddc0000, 0xab6c0000, 0xb3340000)
  eden space 202752K, 100% used [0x9ddc0000,0xaa3c0000,0xaa3c0000)
  from space 9728K, 70% used [0xaad40000,0xab3ee4f0,0xab6c0000)
  to   space 9728K, 0% used [0xaa3c0000,0xaa3c0000,0xaad40000)
 ParOldGen       total 41728K, used 20644K [0x73340000, 0x75c00000, 0x9ddc0000)
  object space 41728K, 49% used [0x73340000,0x747692a0,0x75c00000)
 PSPermGen       total 16384K, used 5224K [0x6b340000, 0x6c340000, 0x73340000)
  object space 16384K, 31% used [0x6b340000,0x6b85a068,0x6c340000)

Deoptimization events (10 events):
Event: 3.897 Thread 0xb6409c00 Uncommon trap: reason=array_check action=maybe_recompile pc=0xb3611050 method=java.util.ComparableTimSort.binarySort([Ljava/lang/Object;III)V @ 193
Event: 4.054 Thread 0xb6409c00 Uncommon trap: reason=array_check action=maybe_recompile pc=0xb3630da0 method=java.util.TimSort.binarySort([Ljava/lang/Object;IIILjava/util/Comparator;)V @ 193
Event: 4.054 Thread 0xb6409c00 Uncommon trap: reason=array_check action=maybe_recompile pc=0xb3630da0 method=java.util.TimSort.binarySort([Ljava/lang/Object;IIILjava/util/Comparator;)V @ 193
Event: 4.054 Thread 0xb6409c00 Uncommon trap: reason=array_check action=maybe_recompile pc=0xb3630da0 method=java.util.TimSort.binarySort([Ljava/lang/Object;IIILjava/util/Comparator;)V @ 193
Event: 4.054 Thread 0xb6409c00 Uncommon trap: reason=array_check action=maybe_recompile pc=0xb3630da0 method=java.util.TimSort.binarySort([Ljava/lang/Object;IIILjava/util/Comparator;)V @ 193
Event: 4.083 Thread 0xb6409c00 Uncommon trap: reason=array_check action=maybe_recompile pc=0xb36352f4 method=java.util.ComparableTimSort.binarySort([Ljava/lang/Object;III)V @ 183
Event: 4.124 Thread 0xb6409c00 Uncommon trap: reason=array_check action=maybe_recompile pc=0xb36352f4 method=java.util.ComparableTimSort.binarySort([Ljava/lang/Object;III)V @ 183
Event: 4.135 Thread 0xb6409c00 Uncommon trap: reason=array_check action=maybe_recompile pc=0xb363dae0 method=java.util.TimSort.binarySort([Ljava/lang/Object;IIILjava/util/Comparator;)V @ 215
Event: 4.135 Thread 0xb6409c00 Uncommon trap: reason=array_check action=maybe_recompile pc=0xb363db60 method=java.util.TimSort.binarySort([Ljava/lang/Object;IIILjava/util/Comparator;)V @ 183
Event: 4.135 Thread 0xb6409c00 Uncommon trap: reason=array_check action=maybe_recompile pc=0xb363dae0 method=java.util.TimSort.binarySort([Ljava/lang/Object;IIILjava/util/Comparator;)V @ 215

Internal exceptions (10 events):
Event: 3.184 Thread 0xb6409c00 Threw 0x9e1171a0 at /build/buildd/openjdk-7-7u75-2.5.4/build/openjdk/hotspot/src/share/vm/prims/jvm.cpp:1284
Event: 3.186 Thread 0xb6409c00 Threw 0x9e11e130 at /build/buildd/openjdk-7-7u75-2.5.4/build/openjdk/hotspot/src/share/vm/prims/jvm.cpp:1284
Event: 3.186 Thread 0xb6409c00 Threw 0x9e120c08 at /build/buildd/openjdk-7-7u75-2.5.4/build/openjdk/hotspot/src/share/vm/prims/jvm.cpp:1284
Event: 3.245 Thread 0xb6409c00 Threw 0x9e2b6b20 at /build/buildd/openjdk-7-7u75-2.5.4/build/openjdk/hotspot/src/share/vm/prims/jvm.cpp:1284
Event: 3.245 Thread 0xb6409c00 Threw 0x9e2b6c38 at /build/buildd/openjdk-7-7u75-2.5.4/build/openjdk/hotspot/src/share/vm/prims/jvm.cpp:1284
Event: 3.245 Thread 0xb6409c00 Threw 0x9e2b9088 at /build/buildd/openjdk-7-7u75-2.5.4/build/openjdk/hotspot/src/share/vm/prims/jvm.cpp:1284
Event: 3.245 Thread 0xb6409c00 Threw 0x9e2b91a0 at /build/buildd/openjdk-7-7u75-2.5.4/build/openjdk/hotspot/src/share/vm/prims/jvm.cpp:1284
Event: 3.245 Thread 0xb6409c00 Threw 0x9e2b9b10 at /build/buildd/openjdk-7-7u75-2.5.4/build/openjdk/hotspot/src/share/vm/prims/jvm.cpp:1284
Event: 3.245 Thread 0xb6409c00 Threw 0x9e2b9c28 at /build/buildd/openjdk-7-7u75-2.5.4/build/openjdk/hotspot/src/share/vm/prims/jvm.cpp:1284
Event: 3.439 Thread 0xb6409c00 Threw 0x9f33dcc8 at /build/buildd/openjdk-7-7u75-2.5.4/build/openjdk/hotspot/src/share/vm/prims/jvm.cpp:1284

Events (10 events):
Event: 4.628 Executing VM operation: ParallelGCFailedAllocation
Event: 4.634 Executing VM operation: ParallelGCFailedAllocation done
Event: 4.654 Thread 0x67f29800 flushing nmethod 0xb34a7748
Event: 4.681 Thread 0x67f27800 flushing nmethod 0xb35cf548
Event: 4.681 Thread 0x67f27800 flushing nmethod 0xb35d6108
Event: 4.681 Thread 0x67f27800 flushing nmethod 0xb35df788
Event: 4.859 Executing VM operation: ParallelGCFailedAllocation
Event: 4.862 Executing VM operation: ParallelGCFailedAllocation done
Event: 5.112 Thread 0x67f27800 flushing nmethod 0xb350fb08
Event: 5.232 Executing VM operation: ParallelGCFailedAllocation


Dynamic libraries:
08048000-08049000 r-xp 00000000 08:05 4983886    /usr/lib/jvm/java-7-openjdk-i386/jre/bin/java
08049000-0804a000 r--p 00000000 08:05 4983886    /usr/lib/jvm/java-7-openjdk-i386/jre/bin/java
0804a000-0804b000 rw-p 00001000 08:05 4983886    /usr/lib/jvm/java-7-openjdk-i386/jre/bin/java
09b21000-0a206000 rw-p 00000000 00:00 0          [heap]
66da9000-66efc000 r-xp 00000000 08:05 4985508    /usr/lib/i386-linux-gnu/libgio-2.0.so.0.3200.3
66efc000-66efe000 r--p 00153000 08:05 4985508    /usr/lib/i386-linux-gnu/libgio-2.0.so.0.3200.3
66efe000-66eff000 rw-p 00155000 08:05 4985508    /usr/lib/i386-linux-gnu/libgio-2.0.so.0.3200.3
66eff000-66f00000 rw-p 00000000 00:00 0 
66f00000-66ff9000 rw-p 00000000 00:00 0 
66ff9000-67000000 ---p 00000000 00:00 0 
67007000-670fe000 r-xp 00000000 08:05 3802040    /lib/i386-linux-gnu/libglib-2.0.so.0.3200.3
670fe000-670ff000 r--p 000f6000 08:05 3802040    /lib/i386-linux-gnu/libglib-2.0.so.0.3200.3
670ff000-67100000 rw-p 000f7000 08:05 3802040    /lib/i386-linux-gnu/libglib-2.0.so.0.3200.3
67100000-671f9000 rw-p 00000000 00:00 0 
671f9000-67200000 ---p 00000000 00:00 0 
67200000-672fb000 rw-p 00000000 00:00 0 
672fb000-67300000 ---p 00000000 00:00 0 
67300000-673fd000 rw-p 00000000 00:00 0 
673fd000-67400000 ---p 00000000 00:00 0 
67400000-674f9000 rw-p 00000000 00:00 0 
674f9000-67500000 ---p 00000000 00:00 0 
67500000-675ec000 rw-p 00000000 00:00 0 
675ec000-67600000 ---p 00000000 00:00 0 
67600000-676f9000 rw-p 00000000 00:00 0 
676f9000-67700000 ---p 00000000 00:00 0 
67700000-677ec000 rw-p 00000000 00:00 0 
677ec000-67800000 ---p 00000000 00:00 0 
67875000-678af000 r-xp 00000000 08:05 3802088    /lib/i386-linux-gnu/libpcre.so.3.12.1
678af000-678b0000 r--p 00039000 08:05 3802088    /lib/i386-linux-gnu/libpcre.so.3.12.1
678b0000-678b1000 rw-p 0003a000 08:05 3802088    /lib/i386-linux-gnu/libpcre.so.3.12.1
678b1000-678fe000 r-xp 00000000 08:05 4985532    /usr/lib/i386-linux-gnu/libgobject-2.0.so.0.3200.3
678fe000-678ff000 r--p 0004c000 08:05 4985532    /usr/lib/i386-linux-gnu/libgobject-2.0.so.0.3200.3
678ff000-67900000 rw-p 0004d000 08:05 4985532    /usr/lib/i386-linux-gnu/libgobject-2.0.so.0.3200.3
67900000-6796e000 rw-p 00000000 00:00 0 
6796e000-67a00000 ---p 00000000 00:00 0 
67a03000-67a08000 r-xp 00000000 08:05 4985471    /usr/lib/i386-linux-gnu/libffi.so.6.0.0
67a08000-67a09000 r--p 00004000 08:05 4985471    /usr/lib/i386-linux-gnu/libffi.so.6.0.0
67a09000-67a0a000 rw-p 00005000 08:05 4985471    /usr/lib/i386-linux-gnu/libffi.so.6.0.0
67a0a000-67a1d000 r-xp 00000000 08:05 3802099    /lib/i386-linux-gnu/libresolv-2.15.so
67a1d000-67a1e000 ---p 00013000 08:05 3802099    /lib/i386-linux-gnu/libresolv-2.15.so
67a1e000-67a1f000 r--p 00013000 08:05 3802099    /lib/i386-linux-gnu/libresolv-2.15.so
67a1f000-67a20000 rw-p 00014000 08:05 3802099    /lib/i386-linux-gnu/libresolv-2.15.so
67a20000-67a22000 rw-p 00000000 00:00 0 
67a22000-67a3f000 r-xp 00000000 08:05 3802103    /lib/i386-linux-gnu/libselinux.so.1
67a3f000-67a40000 r--p 0001c000 08:05 3802103    /lib/i386-linux-gnu/libselinux.so.1
67a40000-67a41000 rw-p 0001d000 08:05 3802103    /lib/i386-linux-gnu/libselinux.so.1
67adb000-67adc000 ---p 00000000 00:00 0 
67adc000-67b5c000 rw-p 00000000 00:00 0 
67b5c000-67b5f000 ---p 00000000 00:00 0 
67b5f000-67bad000 rw-p 00000000 00:00 0 
67bad000-67bb0000 ---p 00000000 00:00 0 
67bb0000-67c2e000 rw-p 00000000 00:00 0 
67c2e000-67c31000 ---p 00000000 00:00 0 
67c31000-67caf000 rw-p 00000000 00:00 0 
67caf000-67cb2000 ---p 00000000 00:00 0 
67cb2000-67d00000 rw-p 00000000 00:00 0 
67d00000-67f00000 r--p 00000000 08:05 4988066    /usr/lib/locale/locale-archive
67f00000-68000000 rw-p 00000000 00:00 0 
68000000-68003000 r-xp 00000000 08:05 4985518    /usr/lib/i386-linux-gnu/libgmodule-2.0.so.0.3200.3
68003000-68004000 r--p 00002000 08:05 4985518    /usr/lib/i386-linux-gnu/libgmodule-2.0.so.0.3200.3
68004000-68005000 rw-p 00003000 08:05 4985518    /usr/lib/i386-linux-gnu/libgmodule-2.0.so.0.3200.3
68005000-68006000 ---p 00000000 00:00 0 
68006000-680cf000 rw-p 00000000 00:00 0 
680cf000-68280000 r--s 01d23000 08:05 4989042    /usr/lib/jvm/java-7-openjdk-i386/jre/lib/rt.jar
68280000-6ab00000 rw-p 00000000 00:00 0 
6ab00000-6abfb000 rw-p 00000000 00:00 0 
6abfb000-6ac00000 ---p 00000000 00:00 0 
6ac03000-6ac06000 ---p 00000000 00:00 0 
6ac06000-6ac54000 rw-p 00000000 00:00 0 
6ac54000-6ac57000 ---p 00000000 00:00 0 
6ac57000-6ad00000 rw-p 00000000 00:00 0 
6ad00000-6ad21000 rw-p 00000000 00:00 0 
6ad21000-6ae00000 ---p 00000000 00:00 0 
6ae00000-6ae04000 r--s 0004d000 08:05 4989094    /usr/lib/jvm/java-7-openjdk-i386/jre/lib/jsse.jar
6ae04000-6ae1b000 r-xp 00000000 08:05 4989135    /usr/lib/jvm/java-7-openjdk-i386/jre/lib/i386/libnet.so
6ae1b000-6ae1c000 r--p 00016000 08:05 4989135    /usr/lib/jvm/java-7-openjdk-i386/jre/lib/i386/libnet.so
6ae1c000-6ae1d000 rw-p 00017000 08:05 4989135    /usr/lib/jvm/java-7-openjdk-i386/jre/lib/i386/libnet.so
6ae1d000-6ae2e000 r-xp 00000000 08:05 4989121    /usr/lib/jvm/java-7-openjdk-i386/jre/lib/i386/libnio.so
6ae2e000-6ae2f000 r--p 00010000 08:05 4989121    /usr/lib/jvm/java-7-openjdk-i386/jre/lib/i386/libnio.so
6ae2f000-6ae30000 rw-p 00011000 08:05 4989121    /usr/lib/jvm/java-7-openjdk-i386/jre/lib/i386/libnio.so
6ae30000-6ae3f000 r--s 000dd000 08:06 21369266   /home/ankit/Ankitt Data/ECLIPSE/sdk/build-tools/22.0.1/lib/dx.jar
6ae3f000-6ae42000 r--s 0000f000 08:05 4989079    /usr/lib/jvm/java-7-openjdk-i386/jre/lib/ext/icedtea-sound.jar
6ae42000-6ae44000 r--s 00012000 08:05 4989084    /usr/lib/jvm/java-7-openjdk-i386/jre/lib/ext/zipfs.jar
6ae44000-6ae48000 r--s 00034000 08:05 4989083    /usr/lib/jvm/java-7-openjdk-i386/jre/lib/ext/sunjce_provider.jar
6ae48000-6ae4c000 r--s 0003c000 08:05 4989081    /usr/lib/jvm/java-7-openjdk-i386/jre/lib/ext/sunpkcs11.jar
6ae4c000-6ae67000 rw-p 00000000 00:00 0 
6ae67000-6ae68000 ---p 00000000 00:00 0 
6ae68000-6aee8000 rw-p 00000000 00:00 0 
6aee8000-6aee9000 ---p 00000000 00:00 0 
6aee9000-6af71000 rw-p 00000000 00:00 0 
6af71000-6afa9000 rw-p 00000000 00:00 0 
6afa9000-6afbe000 rw-p 00000000 00:00 0 
6afbe000-6b0ff000 rw-p 00000000 00:00 0 
6b0ff000-6b107000 rw-p 00000000 00:00 0 
6b107000-6b13f000 rw-p 00000000 00:00 0 
6b13f000-6b154000 rw-p 00000000 00:00 0 
6b154000-6b294000 rw-p 00000000 00:00 0 
6b294000-6b301000 rw-p 00000000 00:00 0 
6b301000-6b33f000 rw-p 00000000 00:00 0 
6b33f000-6c340000 rw-p 00000000 00:00 0 
6c340000-73340000 rw-p 00000000 00:00 0 
73340000-75c00000 rw-p 00000000 00:00 0 
75c00000-9ddc0000 rw-p 00000000 00:00 0 
9ddc0000-ab6c0000 rw-p 00000000 00:00 0 
b2d40000-b3340000 rw-p 00000000 00:00 0 
b3340000-b334b000 rw-p 00000000 00:00 0 
b334b000-b3400000 rw-p 00000000 00:00 0 
b3400000-b3688000 rwxp 00000000 00:00 0 
b3688000-b64ff000 rw-p 00000000 00:00 0 
b64ff000-b6500000 ---p 00000000 00:00 0 
b6502000-b6503000 r--s 00007000 08:05 5246941    /usr/share/java/java-atk-wrapper.jar
b6503000-b6506000 r--s 00086000 08:05 4989082    /usr/lib/jvm/java-7-openjdk-i386/jre/lib/ext/localedata.jar
b6506000-b6511000 r-xp 00000000 08:05 3802066    /lib/i386-linux-gnu/libnss_files-2.15.so
b6511000-b6512000 r--p 0000a000 08:05 3802066    /lib/i386-linux-gnu/libnss_files-2.15.so
b6512000-b6513000 rw-p 0000b000 08:05 3802066    /lib/i386-linux-gnu/libnss_files-2.15.so
b6513000-b651d000 r-xp 00000000 08:05 3802070    /lib/i386-linux-gnu/libnss_nis-2.15.so
b651d000-b651e000 r--p 00009000 08:05 3802070    /lib/i386-linux-gnu/libnss_nis-2.15.so
b651e000-b651f000 rw-p 0000a000 08:05 3802070    /lib/i386-linux-gnu/libnss_nis-2.15.so
b651f000-b6535000 r-xp 00000000 08:05 3802060    /lib/i386-linux-gnu/libnsl-2.15.so
b6535000-b6536000 r--p 00015000 08:05 3802060    /lib/i386-linux-gnu/libnsl-2.15.so
b6536000-b6537000 rw-p 00016000 08:05 3802060    /lib/i386-linux-gnu/libnsl-2.15.so
b6537000-b6539000 rw-p 00000000 00:00 0 
b6539000-b6540000 r-xp 00000000 08:05 3802062    /lib/i386-linux-gnu/libnss_compat-2.15.so
b6540000-b6541000 r--p 00006000 08:05 3802062    /lib/i386-linux-gnu/libnss_compat-2.15.so
b6541000-b6542000 rw-p 00007000 08:05 3802062    /lib/i386-linux-gnu/libnss_compat-2.15.so
b6542000-b654a000 r-xp 00000000 08:05 4989114    /usr/lib/jvm/java-7-openjdk-i386/jre/lib/i386/libzip.so
b654a000-b654b000 r--p 00007000 08:05 4989114    /usr/lib/jvm/java-7-openjdk-i386/jre/lib/i386/libzip.so
b654b000-b654c000 rw-p 00008000 08:05 4989114    /usr/lib/jvm/java-7-openjdk-i386/jre/lib/i386/libzip.so
b654c000-b6554000 rw-s 00000000 08:05 145389     /tmp/hsperfdata_ankit/7914
b6554000-b657b000 r-xp 00000000 08:05 4989134    /usr/lib/jvm/java-7-openjdk-i386/jre/lib/i386/libjava.so
b657b000-b657c000 r--p 00026000 08:05 4989134    /usr/lib/jvm/java-7-openjdk-i386/jre/lib/i386/libjava.so
b657c000-b657d000 rw-p 00027000 08:05 4989134    /usr/lib/jvm/java-7-openjdk-i386/jre/lib/i386/libjava.so
b657d000-b6584000 r-xp 00000000 08:05 3802101    /lib/i386-linux-gnu/librt-2.15.so
b6584000-b6585000 r--p 00006000 08:05 3802101    /lib/i386-linux-gnu/librt-2.15.so
b6585000-b6586000 rw-p 00007000 08:05 3802101    /lib/i386-linux-gnu/librt-2.15.so
b6586000-b6589000 ---p 00000000 00:00 0 
b6589000-b65d7000 rw-p 00000000 00:00 0 
b65d7000-b65f3000 r-xp 00000000 08:05 3802036    /lib/i386-linux-gnu/libgcc_s.so.1
b65f3000-b65f4000 r--p 0001b000 08:05 3802036    /lib/i386-linux-gnu/libgcc_s.so.1
b65f4000-b65f5000 rw-p 0001c000 08:05 3802036    /lib/i386-linux-gnu/libgcc_s.so.1
b65f5000-b661f000 r-xp 00000000 08:05 3802047    /lib/i386-linux-gnu/libm-2.15.so
b661f000-b6620000 r--p 00029000 08:05 3802047    /lib/i386-linux-gnu/libm-2.15.so
b6620000-b6621000 rw-p 0002a000 08:05 3802047    /lib/i386-linux-gnu/libm-2.15.so
b6621000-b66f9000 r-xp 00000000 08:05 4985813    /usr/lib/i386-linux-gnu/libstdc++.so.6.0.16
b66f9000-b66fa000 ---p 000d8000 08:05 4985813    /usr/lib/i386-linux-gnu/libstdc++.so.6.0.16
b66fa000-b66fe000 r--p 000d8000 08:05 4985813    /usr/lib/i386-linux-gnu/libstdc++.so.6.0.16
b66fe000-b66ff000 rw-p 000dc000 08:05 4985813    /usr/lib/i386-linux-gnu/libstdc++.so.6.0.16
b66ff000-b6706000 rw-p 00000000 00:00 0 
b6706000-b70c8000 r-xp 00000000 08:05 4989140    /usr/lib/jvm/java-7-openjdk-i386/jre/lib/i386/server/libjvm.so
b70c8000-b711d000 r--p 009c2000 08:05 4989140    /usr/lib/jvm/java-7-openjdk-i386/jre/lib/i386/server/libjvm.so
b711d000-b7131000 rw-p 00a17000 08:05 4989140    /usr/lib/jvm/java-7-openjdk-i386/jre/lib/i386/server/libjvm.so
b7131000-b754f000 rw-p 00000000 00:00 0 
b754f000-b7563000 r-xp 00000000 08:05 3802126    /lib/i386-linux-gnu/libz.so.1.2.3.4
b7563000-b7564000 r--p 00013000 08:05 3802126    /lib/i386-linux-gnu/libz.so.1.2.3.4
b7564000-b7565000 rw-p 00014000 08:05 3802126    /lib/i386-linux-gnu/libz.so.1.2.3.4
b7565000-b757c000 r-xp 00000000 08:05 3802095    /lib/i386-linux-gnu/libpthread-2.15.so
b757c000-b757d000 r--p 00016000 08:05 3802095    /lib/i386-linux-gnu/libpthread-2.15.so
b757d000-b757e000 rw-p 00017000 08:05 3802095    /lib/i386-linux-gnu/libpthread-2.15.so
b757e000-b7580000 rw-p 00000000 00:00 0 
b7580000-b7583000 r-xp 00000000 08:05 3802028    /lib/i386-linux-gnu/libdl-2.15.so
b7583000-b7584000 r--p 00002000 08:05 3802028    /lib/i386-linux-gnu/libdl-2.15.so
b7584000-b7585000 rw-p 00003000 08:05 3802028    /lib/i386-linux-gnu/libdl-2.15.so
b7585000-b7724000 r-xp 00000000 08:05 3802015    /lib/i386-linux-gnu/libc-2.15.so
b7724000-b7726000 r--p 0019f000 08:05 3802015    /lib/i386-linux-gnu/libc-2.15.so
b7726000-b7727000 rw-p 001a1000 08:05 3802015    /lib/i386-linux-gnu/libc-2.15.so
b7727000-b772a000 rw-p 00000000 00:00 0 
b772a000-b772b000 r--s 00002000 08:05 4989080    /usr/lib/jvm/java-7-openjdk-i386/jre/lib/ext/dnsns.jar
b772b000-b772c000 r--p 005db000 08:05 4988066    /usr/lib/locale/locale-archive
b772c000-b772d000 rw-p 00000000 00:00 0 
b772d000-b772e000 ---p 00000000 00:00 0 
b772e000-b773a000 r-xp 00000000 08:05 4989131    /usr/lib/jvm/java-7-openjdk-i386/jre/lib/i386/libverify.so
b773a000-b773b000 r--p 0000b000 08:05 4989131    /usr/lib/jvm/java-7-openjdk-i386/jre/lib/i386/libverify.so
b773b000-b773c000 rw-p 0000c000 08:05 4989131    /usr/lib/jvm/java-7-openjdk-i386/jre/lib/i386/libverify.so
b773c000-b7749000 r-xp 00000000 08:05 4989106    /usr/lib/jvm/java-7-openjdk-i386/jre/lib/i386/jli/libjli.so
b7749000-b774a000 r--p 0000c000 08:05 4989106    /usr/lib/jvm/java-7-openjdk-i386/jre/lib/i386/jli/libjli.so
b774a000-b774b000 rw-p 0000d000 08:05 4989106    /usr/lib/jvm/java-7-openjdk-i386/jre/lib/i386/jli/libjli.so
b774b000-b774e000 rw-p 00000000 00:00 0 
b774e000-b774f000 r-xp 00000000 00:00 0          [vdso]
b774f000-b776f000 r-xp 00000000 08:05 3801995    /lib/i386-linux-gnu/ld-2.15.so
b776f000-b7770000 r--p 0001f000 08:05 3801995    /lib/i386-linux-gnu/ld-2.15.so
b7770000-b7771000 rw-p 00020000 08:05 3801995    /lib/i386-linux-gnu/ld-2.15.so
bfd2b000-bfd2c000 rwxp 00000000 00:00 0 
bfd5d000-bfd7f000 rw-p 00000000 00:00 0          [stack]

VM Arguments:
jvm_args: -Xmx1024M -Dfile.encoding=UTF-8 -Duser.country=IN -Duser.language=en -Duser.variant 
java_command: com.android.dx.command.Main --dex --output /home/ankit/Traafik latest/TraafikAppLatest/app/build/intermediates/dex/debug /home/ankit/Traafik latest/TraafikAppLatest/app/build/intermediates/classes/debug /home/ankit/Traafik latest/TraafikAppLatest/app/build/intermediates/pre-dexed/debug/support-annotations-22.2.1-7ec2d6bf9002678c75ac807ef4c903263d3b5fc8.jar /home/ankit/Traafik latest/TraafikAppLatest/app/build/intermediates/pre-dexed/debug/classes-3738216e6fc96e577c88b4313c8bfada63a4f847.jar /home/ankit/Traafik latest/TraafikAppLatest/app/build/intermediates/pre-dexed/debug/classes-6adb14698c36f217dbc8f44998dfb853cd0a1d53.jar /home/ankit/Traafik latest/TraafikAppLatest/app/build/intermediates/pre-dexed/debug/simple-side-drawer2-7c187662cd1383aba070f8109eee9f43ca311757.jar /home/ankit/Traafik latest/TraafikAppLatest/app/build/intermediates/pre-dexed/debug/classes-898b057db62618291972c52c147f2215def5d43e.jar /home/ankit/Traafik latest/TraafikAppLatest/app/build/intermediates/pre-dexed/debug/internal_impl-22.0.0-137508c80f2a10835c8bd34299b2142895c34add.jar /home/ankit/Traafik latest/TraafikAppLatest/app/build/intermediates/pre-dexed/debug/classes-8f1915b953beda78dc1ed1ca65fc463490162f66.jar /home/ankit/Traafik latest/TraafikAppLatest/app/build/intermediates/pre-dexed/debug/classes-d4a7aebef974cda66375665b223a04ae0cb3fa4c.jar /home/ankit/Traafik latest/TraafikAppLatest/app/build/intermediates/pre-dexed/debug/bolts-android-1.2.0-d25641ad2757a29dfe0c7ca50222a387b8134cd1.jar /home/ankit/Traafik latest/TraafikAppLatest/app/build/intermediates/pre-dexed/debug/classes-754b790782de93011173afded38fe936f74b280a.jar /home/ankit/Traafik latest/TraafikAppLatest/app/build/intermediates/pre-dexed/debug/classes-9e432d0ca84818278b94c58a5094398262a8ae09.jar /home/ankit/Traafik latest/TraafikAppLatest/app/build/intermediates/pre-dexed/debug/classes-527c408d13996ff107d27768e800c44d93fef79d.jar /home/ankit/Traafik latest/TraafikAppLatest/app/build/intermediates/pre-dexed/deb
Launcher Type: SUN_STANDARD

Environment Variables:
PATH=/usr/lib/lightdm/lightdm:/usr/local/sbin:/usr/local/bin:/usr/sbin:/usr/bin:/sbin:/bin:/usr/games
LD_LIBRARY_PATH=/home/ankit/Android studio/android-studio/bin:
SHELL=/bin/bash
DISPLAY=:0.0

Signal Handlers:
SIGSEGV: [libjvm.so+0x80b550], sa_mask[0]=0x7ffbfeff, sa_flags=0x10000004
SIGBUS: [libjvm.so+0x80b550], sa_mask[0]=0x7ffbfeff, sa_flags=0x10000004
SIGFPE: [libjvm.so+0x6753e0], sa_mask[0]=0x7ffbfeff, sa_flags=0x10000004
SIGPIPE: [libjvm.so+0x6753e0], sa_mask[0]=0x7ffbfeff, sa_flags=0x10000004
SIGXFSZ: [libjvm.so+0x6753e0], sa_mask[0]=0x7ffbfeff, sa_flags=0x10000004
SIGILL: [libjvm.so+0x6753e0], sa_mask[0]=0x7ffbfeff, sa_flags=0x10000004
SIGUSR1: SIG_DFL, sa_mask[0]=0x00000000, sa_flags=0x00000000
SIGUSR2: [libjvm.so+0x675690], sa_mask[0]=0x00000004, sa_flags=0x10000004
SIGHUP: [libjvm.so+0x675850], sa_mask[0]=0x7ffbfeff, sa_flags=0x10000004
SIGINT: [libjvm.so+0x675850], sa_mask[0]=0x7ffbfeff, sa_flags=0x10000004
SIGTERM: [libjvm.so+0x675850], sa_mask[0]=0x7ffbfeff, sa_flags=0x10000004
SIGQUIT: [libjvm.so+0x675850], sa_mask[0]=0x7ffbfeff, sa_flags=0x10000004
SIGTRAP: SIG_DFL, sa_mask[0]=0x00000000, sa_flags=0x00000000


---------------  S Y S T E M  ---------------

OS:Ubuntu 12.04 (precise)
uname:Linux 3.2.0-29-generic-pae #46-Ubuntu SMP Fri Jul 27 17:25:43 UTC 2012 i686
libc:glibc 2.15 NPTL 2.15 
rlimit: STACK 8192k, CORE 0k, NPROC 31169, NOFILE 4096, AS infinity
load average:0.62 0.37 0.43

/proc/meminfo:
MemTotal:        4004304 kB
MemFree:          172880 kB
Buffers:             836 kB
Cached:           521704 kB
SwapCached:            0 kB
Active:          3407424 kB
Inactive:         344024 kB
Active(anon):    3350616 kB
Inactive(anon):   305228 kB
Active(file):      56808 kB
Inactive(file):    38796 kB
Unevictable:          16 kB
Mlocked:              16 kB
HighTotal:       3159312 kB
HighFree:           4332 kB
LowTotal:         844992 kB
LowFree:          168548 kB
SwapTotal:             0 kB
SwapFree:              0 kB
Dirty:              4768 kB
Writeback:           308 kB
AnonPages:       3229448 kB
Mapped:            98984 kB
Shmem:            426664 kB
Slab:              39600 kB
SReclaimable:      20800 kB
SUnreclaim:        18800 kB
KernelStack:        4616 kB
PageTables:        19144 kB
NFS_Unstable:          0 kB
Bounce:                0 kB
WritebackTmp:          0 kB
CommitLimit:     2002152 kB
Committed_AS:    7402204 kB
VmallocTotal:     122880 kB
VmallocUsed:       15172 kB
VmallocChunk:     106584 kB
HardwareCorrupted:     0 kB
AnonHugePages:         0 kB
HugePages_Total:       0
HugePages_Free:        0
HugePages_Rsvd:        0
HugePages_Surp:        0
Hugepagesize:       2048 kB
DirectMap4k:       10232 kB
DirectMap2M:      903168 kB


CPU:total 2 (2 cores per cpu, 1 threads per core) family 6 model 58 stepping 9, cmov, cx8, fxsr, mmx, sse, sse2, sse3, ssse3, sse4.1, sse4.2, popcnt, erms, tsc, tscinvbit, tscinv

/proc/cpuinfo:
processor	: 0
vendor_id	: GenuineIntel
cpu family	: 6
model		: 58
model name	: Intel(R) Pentium(R) CPU G2030 @ 3.00GHz
stepping	: 9
microcode	: 0x17
cpu MHz		: 2900.000
cache size	: 3072 KB
physical id	: 0
siblings	: 2
core id		: 0
cpu cores	: 2
apicid		: 0
initial apicid	: 0
fdiv_bug	: no
hlt_bug		: no
f00f_bug	: no
coma_bug	: no
fpu		: yes
fpu_exception	: yes
cpuid level	: 13
wp		: yes
flags		: fpu vme de pse tsc msr pae mce cx8 apic sep mtrr pge mca cmov pat pse36 clflush dts acpi mmx fxsr sse sse2 ss ht tm pbe nx rdtscp lm constant_tsc arch_perfmon pebs bts xtopology nonstop_tsc aperfmperf pni pclmulqdq dtes64 monitor ds_cpl vmx est tm2 ssse3 cx16 xtpr pdcm pcid sse4_1 sse4_2 popcnt tsc_deadline_timer xsave lahf_lm arat epb xsaveopt pln pts dtherm tpr_shadow vnmi flexpriority ept vpid fsgsbase smep erms
bogomips	: 5986.77
clflush size	: 64
cache_alignment	: 64
address sizes	: 36 bits physical, 48 bits virtual
power management:

processor	: 1
vendor_id	: GenuineIntel
cpu family	: 6
model		: 58
model name	: Intel(R) Pentium(R) CPU G2030 @ 3.00GHz
stepping	: 9
microcode	: 0x17
cpu MHz		: 2700.000
cache size	: 3072 KB
physical id	: 0
siblings	: 2
core id		: 1
cpu cores	: 2
apicid		: 2
initial apicid	: 2
fdiv_bug	: no
hlt_bug		: no
f00f_bug	: no
coma_bug	: no
fpu		: yes
fpu_exception	: yes
cpuid level	: 13
wp		: yes
flags		: fpu vme de pse tsc msr pae mce cx8 apic sep mtrr pge mca cmov pat pse36 clflush dts acpi mmx fxsr sse sse2 ss ht tm pbe nx rdtscp lm constant_tsc arch_perfmon pebs bts xtopology nonstop_tsc aperfmperf pni pclmulqdq dtes64 monitor ds_cpl vmx est tm2 ssse3 cx16 xtpr pdcm pcid sse4_1 sse4_2 popcnt tsc_deadline_timer xsave lahf_lm arat epb xsaveopt pln pts dtherm tpr_shadow vnmi flexpriority ept vpid fsgsbase smep erms
bogomips	: 5986.12
clflush size	: 64
cache_alignment	: 64
address sizes	: 36 bits physical, 48 bits virtual
power management:



Memory: 4k page, physical 4004304k(172880k free), swap 0k(0k free)

vm_info: OpenJDK Server VM (24.75-b04) for linux-x86 JRE (1.7.0_75-b13), built on Jan 27 2015 16:24:35 by "buildd" with gcc 4.6.3

time: Mon Jul 20 12:32:29 2015
elapsed time: 5 seconds

