#
# There is insufficient memory for the Java Runtime Environment to continue.
# Native memory allocation (malloc) failed to allocate 42991616 bytes for committing reserved memory.
# Possible reasons:
#   The system is out of physical RAM or swap space
#   In 32 bit mode, the process size limit was hit
# Possible solutions:
#   Reduce memory load on the system
#   Increase physical memory or swap space
#   Check if swap backing store is full
#   Use 64 bit Java on a 64 bit OS
#   Decrease Java heap size (-Xmx/-Xms)
#   Decrease number of Java threads
#   Decrease Java thread stack sizes (-Xss)
#   Set larger code cache with -XX:ReservedCodeCacheSize=
# This output file may be truncated or incomplete.
#
#  Out of Memory Error (os_linux.cpp:2798), pid=18841, tid=1745378112
#
# JRE version: OpenJDK Runtime Environment (7.0_75-b13) (build 1.7.0_75-b13)
# Java VM: OpenJDK Server VM (24.75-b04 mixed mode linux-x86 )
# Derivative: IcedTea 2.5.4
# Distribution: Ubuntu 12.04 LTS, package 7u75-2.5.4-1~precise1
# Failed to write core dump. Core dumps have been disabled. To enable core dumping, try "ulimit -c unlimited" before starting Java again
#

---------------  T H R E A D  ---------------

Current thread (0x67f10400):  VMThread [stack: 0x68005000,0x68086000] [id=18849]

Stack: [0x68005000,0x68086000]
[error occurred during error reporting (printing stack bounds), id 0xb]

VM_Operation (0xb65b5948): ParallelGCFailedAllocation, mode: safepoint, requested by thread 0xb6407c00


---------------  P R O C E S S  ---------------

Java Threads: ( => current thread )
  0x67f2c400 JavaThread "Service Thread" daemon [_thread_blocked, id=18855, stack(0x67b5c000,0x67bad000)]
  0x67f2a800 JavaThread "C2 CompilerThread1" daemon [_thread_blocked, id=18854, stack(0x67bad000,0x67c2e000)]
  0x67f28800 JavaThread "C2 CompilerThread0" daemon [_thread_blocked, id=18853, stack(0x67c2e000,0x67caf000)]
  0x67f26c00 JavaThread "Signal Dispatcher" daemon [_thread_blocked, id=18852, stack(0x67caf000,0x67d00000)]
  0x67f14400 JavaThread "Finalizer" daemon [_thread_blocked, id=18851, stack(0x6ac03000,0x6ac54000)]
  0x67f12800 JavaThread "Reference Handler" daemon [_thread_blocked, id=18850, stack(0x6ac54000,0x6aca5000)]
  0xb6407c00 JavaThread "main" [_thread_blocked, id=18843, stack(0xb6566000,0xb65b7000)]

Other Threads:
=>0x67f10400 VMThread [stack: 0x68005000,0x68086000] [id=18849]
  0x67f2e000 WatcherThread [stack: 0x67adb000,0x67b5c000] [id=18856]

VM state:at safepoint (normal execution)

VM Mutex/Monitor currently owned by a thread:  ([mutex/lock_event])
[0xb6405248] Threads_lock - owner thread: 0x67f10400
[0xb6405658] Heap_lock - owner thread: 0xb6407c00

Heap
 PSYoungGen      total 151040K, used 44532K [0x9dd80000, 0xab500000, 0xb3300000)
  eden space 106496K, 0% used [0x9dd80000,0x9dd80000,0xa4580000)
  from space 44544K, 99% used [0xa8980000,0xab4fd138,0xab500000)
  to   space 31744K, 0% used [0xa4580000,0xa4580000,0xa6480000)
 ParOldGen       total 105216K, used 102847K [0x73300000, 0x799c0000, 0x9dd80000)
  object space 105216K, 97% used [0x73300000,0x7976ff50,0x799c0000)
 PSPermGen       total 16384K, used 4000K [0x6b300000, 0x6c300000, 0x73300000)
  object space 16384K, 24% used [0x6b300000,0x6b6e8298,0x6c300000)

Card table byte_map: [0x6b0bf000,0x6b300000] byte_map_base: 0x6ad65800

Polling page: 0xb770d000

Code Cache  [0xb33e6000, 0xb3666000, 0xb63e6000)
 total_blobs=761 nmethods=642 adapters=73 free_code_cache=46745Kb largest_free_block=47742272

Compilation events (10 events):
Event: 9.138 Thread 0x67f2a800 nmethod 647 0xb360d548 code [0xb360d640, 0xb360d69c]
Event: 9.138 Thread 0x67f2a800  648             com.android.dx.ssa.MoveParamCombiner$1::visitPhiInsn (1 bytes)
Event: 9.138 Thread 0x67f2a800 nmethod 648 0xb34e7608 code [0xb34e76e0, 0xb34e7730]
Event: 9.151 Thread 0x67f2a800  649             com.android.dx.ssa.back.SsaToRop::moveParametersToHighRegisters (88 bytes)
Event: 9.155 Thread 0x67f2a800 nmethod 649 0xb36017c8 code [0xb3601900, 0xb3601c10]
Event: 9.209 Thread 0x67f2a800  650             com.android.dx.rop.cst.TypedConstant::getFrameType (2 bytes)
Event: 9.209 Thread 0x67f2a800 nmethod 650 0xb3601608 code [0xb36016e0, 0xb3601730]
Event: 9.225 Thread 0x67f28800 nmethod 644 0xb34bbc48 code [0xb34bbf60, 0xb34bdb60]
Event: 9.322 Thread 0x67f2a800  651             com.android.dx.cf.code.Simulator$SimVisitor::visitNoArgs (2108 bytes)
Event: 9.385 Thread 0x67f2a800 nmethod 651 0xb3656c88 code [0xb36579a0, 0xb3659c0c]

GC Heap History (10 events):
Event: 4.666 GC heap after
Heap after GC invocations=6 (full 0):
 PSYoungGen      total 69888K, used 7672K [0x9dd80000, 0xa2d00000, 0xb3300000)
  eden space 62208K, 0% used [0x9dd80000,0x9dd80000,0xa1a40000)
  from space 7680K, 99% used [0xa2300000,0xa2a7e250,0xa2a80000)
  to   space 8960K, 0% used [0xa1a40000,0xa1a40000,0xa2300000)
 ParOldGen       total 41728K, used 14034K [0x73300000, 0x75bc0000, 0x9dd80000)
  object space 41728K, 33% used [0x73300000,0x740b4910,0x75bc0000)
 PSPermGen       total 16384K, used 3963K [0x6b300000, 0x6c300000, 0x73300000)
  object space 16384K, 24% used [0x6b300000,0x6b6dec38,0x6c300000)
}
Event: 5.975 GC heap before
{Heap before GC invocations=7 (full 0):
 PSYoungGen      total 69888K, used 69880K [0x9dd80000, 0xa2d00000, 0xb3300000)
  eden space 62208K, 100% used [0x9dd80000,0xa1a40000,0xa1a40000)
  from space 7680K, 99% used [0xa2300000,0xa2a7e250,0xa2a80000)
  to   space 8960K, 0% used [0xa1a40000,0xa1a40000,0xa2300000)
 ParOldGen       total 41728K, used 14034K [0x73300000, 0x75bc0000, 0x9dd80000)
  object space 41728K, 33% used [0x73300000,0x740b4910,0x75bc0000)
 PSPermGen       total 16384K, used 3985K [0x6b300000, 0x6c300000, 0x73300000)
  object space 16384K, 24% used [0x6b300000,0x6b6e47f8,0x6c300000)
Event: 6.047 GC heap after
Heap after GC invocations=7 (full 0):
 PSYoungGen      total 71168K, used 8954K [0x9dd80000, 0xa7200000, 0xb3300000)
  eden space 62208K, 0% used [0x9dd80000,0x9dd80000,0xa1a40000)
  from space 8960K, 99% used [0xa1a40000,0xa22febd8,0xa2300000)
  to   space 13824K, 0% used [0xa6480000,0xa6480000,0xa7200000)
 ParOldGen       total 41728K, used 21794K [0x73300000, 0x75bc0000, 0x9dd80000)
  object space 41728K, 52% used [0x73300000,0x74848af8,0x75bc0000)
 PSPermGen       total 16384K, used 3985K [0x6b300000, 0x6c300000, 0x73300000)
  object space 16384K, 24% used [0x6b300000,0x6b6e47f8,0x6c300000)
}
Event: 7.082 GC heap before
{Heap before GC invocations=8 (full 0):
 PSYoungGen      total 71168K, used 71162K [0x9dd80000, 0xa7200000, 0xb3300000)
  eden space 62208K, 100% used [0x9dd80000,0xa1a40000,0xa1a40000)
  from space 8960K, 99% used [0xa1a40000,0xa22febd8,0xa2300000)
  to   space 13824K, 0% used [0xa6480000,0xa6480000,0xa7200000)
 ParOldGen       total 41728K, used 21794K [0x73300000, 0x75bc0000, 0x9dd80000)
  object space 41728K, 52% used [0x73300000,0x74848af8,0x75bc0000)
 PSPermGen       total 16384K, used 3991K [0x6b300000, 0x6c300000, 0x73300000)
  object space 16384K, 24% used [0x6b300000,0x6b6e5d88,0x6c300000)
Event: 7.161 GC heap after
Heap after GC invocations=8 (full 0):
 PSYoungGen      total 120320K, used 13820K [0x9dd80000, 0xa9500000, 0xb3300000)
  eden space 106496K, 0% used [0x9dd80000,0x9dd80000,0xa4580000)
  from space 13824K, 99% used [0xa6480000,0xa71ff340,0xa7200000)
  to   space 31744K, 0% used [0xa4580000,0xa4580000,0xa6480000)
 ParOldGen       total 57856K, used 57584K [0x73300000, 0x76b80000, 0x9dd80000)
  object space 57856K, 99% used [0x73300000,0x76b3c040,0x76b80000)
 PSPermGen       total 16384K, used 3991K [0x6b300000, 0x6c300000, 0x73300000)
  object space 16384K, 24% used [0x6b300000,0x6b6e5d88,0x6c300000)
}
Event: 7.161 GC heap before
{Heap before GC invocations=9 (full 1):
 PSYoungGen      total 120320K, used 13820K [0x9dd80000, 0xa9500000, 0xb3300000)
  eden space 106496K, 0% used [0x9dd80000,0x9dd80000,0xa4580000)
  from space 13824K, 99% used [0xa6480000,0xa71ff340,0xa7200000)
  to   space 31744K, 0% used [0xa4580000,0xa4580000,0xa6480000)
 ParOldGen       total 57856K, used 57584K [0x73300000, 0x76b80000, 0x9dd80000)
  object space 57856K, 99% used [0x73300000,0x76b3c040,0x76b80000)
 PSPermGen       total 16384K, used 3991K [0x6b300000, 0x6c300000, 0x73300000)
  object space 16384K, 24% used [0x6b300000,0x6b6e5d88,0x6c300000)
Event: 7.724 GC heap after
Heap after GC invocations=9 (full 1):
 PSYoungGen      total 120320K, used 2252K [0x9dd80000, 0xa9500000, 0xb3300000)
  eden space 106496K, 0% used [0x9dd80000,0x9dd80000,0xa4580000)
  from space 13824K, 16% used [0xa6480000,0xa66b3320,0xa7200000)
  to   space 31744K, 0% used [0xa4580000,0xa4580000,0xa6480000)
 ParOldGen       total 105216K, used 57665K [0x73300000, 0x799c0000, 0x9dd80000)
  object space 105216K, 54% used [0x73300000,0x76b50690,0x799c0000)
 PSPermGen       total 16384K, used 3988K [0x6b300000, 0x6c300000, 0x73300000)
  object space 16384K, 24% used [0x6b300000,0x6b6e5368,0x6c300000)
}
Event: 8.651 GC heap before
{Heap before GC invocations=10 (full 1):
 PSYoungGen      total 120320K, used 108748K [0x9dd80000, 0xa9500000, 0xb3300000)
  eden space 106496K, 100% used [0x9dd80000,0xa4580000,0xa4580000)
  from space 13824K, 16% used [0xa6480000,0xa66b3320,0xa7200000)
  to   space 31744K, 0% used [0xa4580000,0xa4580000,0xa6480000)
 ParOldGen       total 105216K, used 57665K [0x73300000, 0x799c0000, 0x9dd80000)
  object space 105216K, 54% used [0x73300000,0x76b50690,0x799c0000)
 PSPermGen       total 16384K, used 3998K [0x6b300000, 0x6c300000, 0x73300000)
  object space 16384K, 24% used [0x6b300000,0x6b6e7960,0x6c300000)
Event: 8.742 GC heap after
Heap after GC invocations=10 (full 1):
 PSYoungGen      total 138240K, used 31728K [0x9dd80000, 0xab500000, 0xb3300000)
  eden space 106496K, 0% used [0x9dd80000,0x9dd80000,0xa4580000)
  from space 31744K, 99% used [0xa4580000,0xa647c190,0xa6480000)
  to   space 44544K, 0% used [0xa8980000,0xa8980000,0xab500000)
 ParOldGen       total 105216K, used 75216K [0x73300000, 0x799c0000, 0x9dd80000)
  object space 105216K, 71% used [0x73300000,0x77c74210,0x799c0000)
 PSPermGen       total 16384K, used 3998K [0x6b300000, 0x6c300000, 0x73300000)
  object space 16384K, 24% used [0x6b300000,0x6b6e7960,0x6c300000)
}
Event: 9.430 GC heap before
{Heap before GC invocations=11 (full 1):
 PSYoungGen      total 138240K, used 138224K [0x9dd80000, 0xab500000, 0xb3300000)
  eden space 106496K, 100% used [0x9dd80000,0xa4580000,0xa4580000)
  from space 31744K, 99% used [0xa4580000,0xa647c190,0xa6480000)
  to   space 44544K, 0% used [0xa8980000,0xa8980000,0xab500000)
 ParOldGen       total 105216K, used 75216K [0x73300000, 0x799c0000, 0x9dd80000)
  object space 105216K, 71% used [0x73300000,0x77c74210,0x799c0000)
 PSPermGen       total 16384K, used 4000K [0x6b300000, 0x6c300000, 0x73300000)
  object space 16384K, 24% used [0x6b300000,0x6b6e8298,0x6c300000)

Deoptimization events (10 events):
Event: 8.066 Thread 0xb6407c00 Uncommon trap: reason=class_check action=maybe_recompile pc=0xb35b8060 method=com.android.dx.util.BitIntSet.merge(Lcom/android/dx/util/IntSet;)V @ 1
Event: 8.066 Thread 0xb6407c00 Uncommon trap: reason=class_check action=maybe_recompile pc=0xb358abb8 method=com.android.dx.ssa.back.InterferenceGraph.mergeInterferenceSet(ILcom/android/dx/util/IntSet;)V @ 20
Event: 8.066 Thread 0xb6407c00 Uncommon trap: reason=class_check action=maybe_recompile pc=0xb35b8060 method=com.android.dx.util.BitIntSet.merge(Lcom/android/dx/util/IntSet;)V @ 1
Event: 8.090 Thread 0xb6407c00 Uncommon trap: reason=class_check action=maybe_recompile pc=0xb3523604 method=com.android.dx.ssa.back.InterferenceGraph.mergeInterferenceSet(ILcom/android/dx/util/IntSet;)V @ 20
Event: 8.090 Thread 0xb6407c00 Uncommon trap: reason=class_check action=maybe_recompile pc=0xb35b8060 method=com.android.dx.util.BitIntSet.merge(Lcom/android/dx/util/IntSet;)V @ 1
Event: 8.090 Thread 0xb6407c00 Uncommon trap: reason=class_check action=maybe_recompile pc=0xb358abb8 method=com.android.dx.ssa.back.InterferenceGraph.mergeInterferenceSet(ILcom/android/dx/util/IntSet;)V @ 20
Event: 8.090 Thread 0xb6407c00 Uncommon trap: reason=class_check action=maybe_recompile pc=0xb35b8700 method=com.android.dx.ssa.back.InterferenceGraph.mergeInterferenceSet(ILcom/android/dx/util/IntSet;)V @ 20
Event: 8.785 Thread 0xb6407c00 Uncommon trap: reason=class_check action=maybe_recompile pc=0xb3472ea8 method=com.android.dx.ssa.SsaConverter.placePhiFunctions(Lcom/android/dx/ssa/SsaMethod;Lcom/android/dx/ssa/LocalVariableInfo;I)V @ 257
Event: 8.864 Thread 0xb6407c00 Uncommon trap: reason=predicate action=maybe_recompile pc=0xb35444cc method=com.android.dx.ssa.back.InterferenceGraph.<init>(I)V @ 23
Event: 8.918 Thread 0xb6407c00 Uncommon trap: reason=class_check action=maybe_recompile pc=0xb356941c method=com.android.dx.ssa.back.InterferenceGraph.mergeInterferenceSet(ILcom/android/dx/util/IntSet;)V @ 20

Internal exceptions (10 events):
Event: 2.100 Thread 0xb6407c00 Threw 0x9df1d988 at /build/buildd/openjdk-7-7u75-2.5.4/build/openjdk/hotspot/src/share/vm/prims/jvm.cpp:1284
Event: 2.117 Thread 0xb6407c00 Threw 0x9df81110 at /build/buildd/openjdk-7-7u75-2.5.4/build/openjdk/hotspot/src/share/vm/prims/jvm.cpp:1284
Event: 2.813 Thread 0xb6407c00 Threw 0x9e660a98 at /build/buildd/openjdk-7-7u75-2.5.4/build/openjdk/hotspot/src/share/vm/prims/jvm.cpp:1284
Event: 3.132 Thread 0xb6407c00 Implicit null exception at 0xb350246a to 0xb3502a59
Event: 3.246 Thread 0xb6407c00 Threw 0x9e50ee68 at /build/buildd/openjdk-7-7u75-2.5.4/build/openjdk/hotspot/src/share/vm/prims/jvm.cpp:1284
Event: 6.053 Thread 0xb6407c00 Implicit null exception at 0xb35dbd70 to 0xb35dfaa1
Event: 6.217 Thread 0xb6407c00 Implicit null exception at 0xb35f020c to 0xb35f1519
Event: 6.293 Thread 0xb6407c00 Threw 0x9ed8c778 at /build/buildd/openjdk-7-7u75-2.5.4/build/openjdk/hotspot/src/share/vm/prims/jvm.cpp:1284
Event: 7.787 Thread 0xb6407c00 Threw 0x9fb0b498 at /build/buildd/openjdk-7-7u75-2.5.4/build/openjdk/hotspot/src/share/vm/prims/jvm.cpp:1284
Event: 7.812 Thread 0xb6407c00 Threw 0x9fbd39e0 at /build/buildd/openjdk-7-7u75-2.5.4/build/openjdk/hotspot/src/share/vm/prims/jvm.cpp:1284

Events (10 events):
Event: 8.864 Thread 0xb6407c00 Uncommon trap: trap_request=0xffffff86 fr.pc=0xb35444cc
Event: 8.864 Thread 0xb6407c00 DEOPT PACKING pc=0xb35444cc sp=0xb65b5ab0
Event: 8.864 Thread 0xb6407c00 DEOPT UNPACKING pc=0xb3412bc8 sp=0xb65b5aac mode 2
Event: 8.918 Thread 0xb6407c00 Uncommon trap: trap_request=0xffffffde fr.pc=0xb356941c
Event: 8.918 Thread 0xb6407c00 DEOPT PACKING pc=0xb356941c sp=0xb65b5aa0
Event: 8.918 Thread 0xb6407c00 DEOPT UNPACKING pc=0xb3412bc8 sp=0xb65b59e4 mode 2
Event: 9.138 Thread 0x67f2a800 flushing nmethod 0xb34b69c8
Event: 9.209 Thread 0x67f2a800 flushing nmethod 0xb3535b08
Event: 9.225 Thread 0x67f28800 flushing nmethod 0xb357bb48
Event: 9.429 Executing VM operation: ParallelGCFailedAllocation


Dynamic libraries:
08048000-08049000 r-xp 00000000 08:05 4983886    /usr/lib/jvm/java-7-openjdk-i386/jre/bin/java
08049000-0804a000 r--p 00000000 08:05 4983886    /usr/lib/jvm/java-7-openjdk-i386/jre/bin/java
0804a000-0804b000 rw-p 00001000 08:05 4983886    /usr/lib/jvm/java-7-openjdk-i386/jre/bin/java
09875000-09f61000 rw-p 00000000 00:00 0          [heap]
66c00000-66ce2000 rw-p 00000000 00:00 0 
66ce2000-66d00000 ---p 00000000 00:00 0 
66d00000-66df5000 rw-p 00000000 00:00 0 
66df5000-66e00000 ---p 00000000 00:00 0 
66f00000-66fd8000 rw-p 00000000 00:00 0 
66fd8000-67000000 ---p 00000000 00:00 0 
67000000-670ec000 rw-p 00000000 00:00 0 
670ec000-67100000 ---p 00000000 00:00 0 
67200000-672fc000 rw-p 00000000 00:00 0 
672fc000-67300000 ---p 00000000 00:00 0 
67300000-67400000 rw-p 00000000 00:00 0 
67400000-674fd000 rw-p 00000000 00:00 0 
674fd000-67500000 ---p 00000000 00:00 0 
67500000-675fa000 rw-p 00000000 00:00 0 
675fa000-67600000 ---p 00000000 00:00 0 
67600000-6762f000 rw-p 00000000 00:00 0 
6762f000-67700000 ---p 00000000 00:00 0 
67784000-677be000 r-xp 00000000 08:05 3802088    /lib/i386-linux-gnu/libpcre.so.3.12.1
677be000-677bf000 r--p 00039000 08:05 3802088    /lib/i386-linux-gnu/libpcre.so.3.12.1
677bf000-677c0000 rw-p 0003a000 08:05 3802088    /lib/i386-linux-gnu/libpcre.so.3.12.1
677c0000-677c5000 r-xp 00000000 08:05 4985471    /usr/lib/i386-linux-gnu/libffi.so.6.0.0
677c5000-677c6000 r--p 00004000 08:05 4985471    /usr/lib/i386-linux-gnu/libffi.so.6.0.0
677c6000-677c7000 rw-p 00005000 08:05 4985471    /usr/lib/i386-linux-gnu/libffi.so.6.0.0
677c7000-677da000 r-xp 00000000 08:05 3802099    /lib/i386-linux-gnu/libresolv-2.15.so
677da000-677db000 ---p 00013000 08:05 3802099    /lib/i386-linux-gnu/libresolv-2.15.so
677db000-677dc000 r--p 00013000 08:05 3802099    /lib/i386-linux-gnu/libresolv-2.15.so
677dc000-677dd000 rw-p 00014000 08:05 3802099    /lib/i386-linux-gnu/libresolv-2.15.so
677dd000-677df000 rw-p 00000000 00:00 0 
677df000-677fc000 r-xp 00000000 08:05 3802103    /lib/i386-linux-gnu/libselinux.so.1
677fc000-677fd000 r--p 0001c000 08:05 3802103    /lib/i386-linux-gnu/libselinux.so.1
677fd000-677fe000 rw-p 0001d000 08:05 3802103    /lib/i386-linux-gnu/libselinux.so.1
677fe000-678f5000 r-xp 00000000 08:05 3802040    /lib/i386-linux-gnu/libglib-2.0.so.0.3200.3
678f5000-678f6000 r--p 000f6000 08:05 3802040    /lib/i386-linux-gnu/libglib-2.0.so.0.3200.3
678f6000-678f7000 rw-p 000f7000 08:05 3802040    /lib/i386-linux-gnu/libglib-2.0.so.0.3200.3
678f7000-67944000 r-xp 00000000 08:05 4985532    /usr/lib/i386-linux-gnu/libgobject-2.0.so.0.3200.3
67944000-67945000 r--p 0004c000 08:05 4985532    /usr/lib/i386-linux-gnu/libgobject-2.0.so.0.3200.3
67945000-67946000 rw-p 0004d000 08:05 4985532    /usr/lib/i386-linux-gnu/libgobject-2.0.so.0.3200.3
67946000-67a99000 r-xp 00000000 08:05 4985508    /usr/lib/i386-linux-gnu/libgio-2.0.so.0.3200.3
67a99000-67a9b000 r--p 00153000 08:05 4985508    /usr/lib/i386-linux-gnu/libgio-2.0.so.0.3200.3
67a9b000-67a9c000 rw-p 00155000 08:05 4985508    /usr/lib/i386-linux-gnu/libgio-2.0.so.0.3200.3
67a9c000-67a9d000 rw-p 00000000 00:00 0 
67aaf000-67ac6000 r-xp 00000000 08:05 4989135    /usr/lib/jvm/java-7-openjdk-i386/jre/lib/i386/libnet.so
67ac6000-67ac7000 r--p 00016000 08:05 4989135    /usr/lib/jvm/java-7-openjdk-i386/jre/lib/i386/libnet.so
67ac7000-67ac8000 rw-p 00017000 08:05 4989135    /usr/lib/jvm/java-7-openjdk-i386/jre/lib/i386/libnet.so
67ac8000-67ad9000 r-xp 00000000 08:05 4989121    /usr/lib/jvm/java-7-openjdk-i386/jre/lib/i386/libnio.so
67ad9000-67ada000 r--p 00010000 08:05 4989121    /usr/lib/jvm/java-7-openjdk-i386/jre/lib/i386/libnio.so
67ada000-67adb000 rw-p 00011000 08:05 4989121    /usr/lib/jvm/java-7-openjdk-i386/jre/lib/i386/libnio.so
67adb000-67adc000 ---p 00000000 00:00 0 
67adc000-67b5c000 rw-p 00000000 00:00 0 
67b5c000-67b5f000 ---p 00000000 00:00 0 
67b5f000-67bad000 rw-p 00000000 00:00 0 
67bad000-67bb0000 ---p 00000000 00:00 0 
67bb0000-67c2e000 rw-p 00000000 00:00 0 
67c2e000-67c31000 ---p 00000000 00:00 0 
67c31000-67caf000 rw-p 00000000 00:00 0 
67caf000-67cb2000 ---p 00000000 00:00 0 
67cb2000-67d00000 rw-p 00000000 00:00 0 
67d00000-67f00000 r--p 00000000 08:05 4988066    /usr/lib/locale/locale-archive
67f00000-67ffc000 rw-p 00000000 00:00 0 
67ffc000-68000000 ---p 00000000 00:00 0 
68005000-68006000 ---p 00000000 00:00 0 
68006000-680cf000 rw-p 00000000 00:00 0 
680cf000-68280000 r--s 01d23000 08:05 4989042    /usr/lib/jvm/java-7-openjdk-i386/jre/lib/rt.jar
68280000-6ab00000 rw-p 00000000 00:00 0 
6ab00000-6abfd000 rw-p 00000000 00:00 0 
6abfd000-6ac00000 ---p 00000000 00:00 0 
6ac03000-6ac06000 ---p 00000000 00:00 0 
6ac06000-6ac54000 rw-p 00000000 00:00 0 
6ac54000-6ac57000 ---p 00000000 00:00 0 
6ac57000-6ad00000 rw-p 00000000 00:00 0 
6ad00000-6ad21000 rw-p 00000000 00:00 0 
6ad21000-6ae00000 ---p 00000000 00:00 0 
6ae02000-6ae05000 r-xp 00000000 08:05 4985518    /usr/lib/i386-linux-gnu/libgmodule-2.0.so.0.3200.3
6ae05000-6ae06000 r--p 00002000 08:05 4985518    /usr/lib/i386-linux-gnu/libgmodule-2.0.so.0.3200.3
6ae06000-6ae07000 rw-p 00003000 08:05 4985518    /usr/lib/i386-linux-gnu/libgmodule-2.0.so.0.3200.3
6ae07000-6ae12000 r--s 00079000 08:06 4200566    /home/ankit/Traafik latest/TraafikAppLatest/app/build/intermediates/exploded-aar/com.google.android.gms/play-services-analytics/7.5.0/jars/classes.jar
6ae12000-6ae21000 r--s 000dd000 08:06 21369266   /home/ankit/Ankitt Data/ECLIPSE/sdk/build-tools/22.0.1/lib/dx.jar
6ae21000-6ae22000 r--s 00007000 08:05 5246941    /usr/share/java/java-atk-wrapper.jar
6ae22000-6ae25000 r--s 0000f000 08:05 4989079    /usr/lib/jvm/java-7-openjdk-i386/jre/lib/ext/icedtea-sound.jar
6ae25000-6ae27000 r--s 00012000 08:05 4989084    /usr/lib/jvm/java-7-openjdk-i386/jre/lib/ext/zipfs.jar
6ae27000-6ae28000 ---p 00000000 00:00 0 
6ae28000-6aea8000 rw-p 00000000 00:00 0 
6aea8000-6aea9000 ---p 00000000 00:00 0 
6aea9000-6af31000 rw-p 00000000 00:00 0 
6af31000-6af69000 rw-p 00000000 00:00 0 
6af69000-6af9d000 rw-p 00000000 00:00 0 
6af9d000-6b0bf000 rw-p 00000000 00:00 0 
6b0bf000-6b0c7000 rw-p 00000000 00:00 0 
6b0c7000-6b0ff000 rw-p 00000000 00:00 0 
6b0ff000-6b133000 rw-p 00000000 00:00 0 
6b133000-6b254000 rw-p 00000000 00:00 0 
6b254000-6b2c0000 rw-p 00000000 00:00 0 
6b2c0000-6b2ff000 rw-p 00000000 00:00 0 
6b2ff000-6c300000 rw-p 00000000 00:00 0 
6c300000-73300000 rw-p 00000000 00:00 0 
73300000-799c0000 rw-p 00000000 00:00 0 
799c0000-9dd80000 rw-p 00000000 00:00 0 
9dd80000-ab500000 rw-p 00000000 00:00 0 
ade00000-b3300000 rw-p 00000000 00:00 0 
b3300000-b3304000 r--s 00034000 08:05 4989083    /usr/lib/jvm/java-7-openjdk-i386/jre/lib/ext/sunjce_provider.jar
b3304000-b3308000 r--s 0003c000 08:05 4989081    /usr/lib/jvm/java-7-openjdk-i386/jre/lib/ext/sunpkcs11.jar
b3308000-b330b000 r--s 00086000 08:05 4989082    /usr/lib/jvm/java-7-openjdk-i386/jre/lib/ext/localedata.jar
b330b000-b3330000 rw-p 00000000 00:00 0 
b3330000-b33e6000 rw-p 00000000 00:00 0 
b33e6000-b3666000 rwxp 00000000 00:00 0 
b3666000-b63e6000 rw-p 00000000 00:00 0 
b63e6000-b63fc000 r-xp 00000000 08:05 3802060    /lib/i386-linux-gnu/libnsl-2.15.so
b63fc000-b63fd000 r--p 00015000 08:05 3802060    /lib/i386-linux-gnu/libnsl-2.15.so
b63fd000-b63fe000 rw-p 00016000 08:05 3802060    /lib/i386-linux-gnu/libnsl-2.15.so
b63fe000-b6400000 rw-p 00000000 00:00 0 
b6400000-b64fd000 rw-p 00000000 00:00 0 
b64fd000-b6500000 ---p 00000000 00:00 0 
b6500000-b650b000 r-xp 00000000 08:05 3802066    /lib/i386-linux-gnu/libnss_files-2.15.so
b650b000-b650c000 r--p 0000a000 08:05 3802066    /lib/i386-linux-gnu/libnss_files-2.15.so
b650c000-b650d000 rw-p 0000b000 08:05 3802066    /lib/i386-linux-gnu/libnss_files-2.15.so
b650d000-b6517000 r-xp 00000000 08:05 3802070    /lib/i386-linux-gnu/libnss_nis-2.15.so
b6517000-b6518000 r--p 00009000 08:05 3802070    /lib/i386-linux-gnu/libnss_nis-2.15.so
b6518000-b6519000 rw-p 0000a000 08:05 3802070    /lib/i386-linux-gnu/libnss_nis-2.15.so
b6519000-b6520000 r-xp 00000000 08:05 3802062    /lib/i386-linux-gnu/libnss_compat-2.15.so
b6520000-b6521000 r--p 00006000 08:05 3802062    /lib/i386-linux-gnu/libnss_compat-2.15.so
b6521000-b6522000 rw-p 00007000 08:05 3802062    /lib/i386-linux-gnu/libnss_compat-2.15.so
b6522000-b652a000 r-xp 00000000 08:05 4989114    /usr/lib/jvm/java-7-openjdk-i386/jre/lib/i386/libzip.so
b652a000-b652b000 r--p 00007000 08:05 4989114    /usr/lib/jvm/java-7-openjdk-i386/jre/lib/i386/libzip.so
b652b000-b652c000 rw-p 00008000 08:05 4989114    /usr/lib/jvm/java-7-openjdk-i386/jre/lib/i386/libzip.so
b652c000-b6534000 rw-s 00000000 08:05 145391     /tmp/hsperfdata_ankit/18841
b6534000-b655b000 r-xp 00000000 08:05 4989134    /usr/lib/jvm/java-7-openjdk-i386/jre/lib/i386/libjava.so
b655b000-b655c000 r--p 00026000 08:05 4989134    /usr/lib/jvm/java-7-openjdk-i386/jre/lib/i386/libjava.so
b655c000-b655d000 rw-p 00027000 08:05 4989134    /usr/lib/jvm/java-7-openjdk-i386/jre/lib/i386/libjava.so
b655d000-b6564000 r-xp 00000000 08:05 3802101    /lib/i386-linux-gnu/librt-2.15.so
b6564000-b6565000 r--p 00006000 08:05 3802101    /lib/i386-linux-gnu/librt-2.15.so
b6565000-b6566000 rw-p 00007000 08:05 3802101    /lib/i386-linux-gnu/librt-2.15.so
b6566000-b6569000 ---p 00000000 00:00 0 
b6569000-b65b7000 rw-p 00000000 00:00 0 
b65b7000-b65d3000 r-xp 00000000 08:05 3802036    /lib/i386-linux-gnu/libgcc_s.so.1
b65d3000-b65d4000 r--p 0001b000 08:05 3802036    /lib/i386-linux-gnu/libgcc_s.so.1
b65d4000-b65d5000 rw-p 0001c000 08:05 3802036    /lib/i386-linux-gnu/libgcc_s.so.1
b65d5000-b65ff000 r-xp 00000000 08:05 3802047    /lib/i386-linux-gnu/libm-2.15.so
b65ff000-b6600000 r--p 00029000 08:05 3802047    /lib/i386-linux-gnu/libm-2.15.so
b6600000-b6601000 rw-p 0002a000 08:05 3802047    /lib/i386-linux-gnu/libm-2.15.so
b6601000-b66d9000 r-xp 00000000 08:05 4985813    /usr/lib/i386-linux-gnu/libstdc++.so.6.0.16
b66d9000-b66da000 ---p 000d8000 08:05 4985813    /usr/lib/i386-linux-gnu/libstdc++.so.6.0.16
b66da000-b66de000 r--p 000d8000 08:05 4985813    /usr/lib/i386-linux-gnu/libstdc++.so.6.0.16
b66de000-b66df000 rw-p 000dc000 08:05 4985813    /usr/lib/i386-linux-gnu/libstdc++.so.6.0.16
b66df000-b66e6000 rw-p 00000000 00:00 0 
b66e6000-b70a8000 r-xp 00000000 08:05 4989140    /usr/lib/jvm/java-7-openjdk-i386/jre/lib/i386/server/libjvm.so
b70a8000-b70fd000 r--p 009c2000 08:05 4989140    /usr/lib/jvm/java-7-openjdk-i386/jre/lib/i386/server/libjvm.so
b70fd000-b7111000 rw-p 00a17000 08:05 4989140    /usr/lib/jvm/java-7-openjdk-i386/jre/lib/i386/server/libjvm.so
b7111000-b752f000 rw-p 00000000 00:00 0 
b752f000-b7543000 r-xp 00000000 08:05 3802126    /lib/i386-linux-gnu/libz.so.1.2.3.4
b7543000-b7544000 r--p 00013000 08:05 3802126    /lib/i386-linux-gnu/libz.so.1.2.3.4
b7544000-b7545000 rw-p 00014000 08:05 3802126    /lib/i386-linux-gnu/libz.so.1.2.3.4
b7545000-b755c000 r-xp 00000000 08:05 3802095    /lib/i386-linux-gnu/libpthread-2.15.so
b755c000-b755d000 r--p 00016000 08:05 3802095    /lib/i386-linux-gnu/libpthread-2.15.so
b755d000-b755e000 rw-p 00017000 08:05 3802095    /lib/i386-linux-gnu/libpthread-2.15.so
b755e000-b7560000 rw-p 00000000 00:00 0 
b7560000-b7563000 r-xp 00000000 08:05 3802028    /lib/i386-linux-gnu/libdl-2.15.so
b7563000-b7564000 r--p 00002000 08:05 3802028    /lib/i386-linux-gnu/libdl-2.15.so
b7564000-b7565000 rw-p 00003000 08:05 3802028    /lib/i386-linux-gnu/libdl-2.15.so
b7565000-b7704000 r-xp 00000000 08:05 3802015    /lib/i386-linux-gnu/libc-2.15.so
b7704000-b7706000 r--p 0019f000 08:05 3802015    /lib/i386-linux-gnu/libc-2.15.so
b7706000-b7707000 rw-p 001a1000 08:05 3802015    /lib/i386-linux-gnu/libc-2.15.so
b7707000-b770a000 rw-p 00000000 00:00 0 
b770a000-b770b000 r--s 00002000 08:05 4989080    /usr/lib/jvm/java-7-openjdk-i386/jre/lib/ext/dnsns.jar
b770b000-b770c000 r--p 005db000 08:05 4988066    /usr/lib/locale/locale-archive
b770c000-b770d000 rw-p 00000000 00:00 0 
b770d000-b770e000 ---p 00000000 00:00 0 
b770e000-b771a000 r-xp 00000000 08:05 4989131    /usr/lib/jvm/java-7-openjdk-i386/jre/lib/i386/libverify.so
b771a000-b771b000 r--p 0000b000 08:05 4989131    /usr/lib/jvm/java-7-openjdk-i386/jre/lib/i386/libverify.so
b771b000-b771c000 rw-p 0000c000 08:05 4989131    /usr/lib/jvm/java-7-openjdk-i386/jre/lib/i386/libverify.so
b771c000-b7729000 r-xp 00000000 08:05 4989106    /usr/lib/jvm/java-7-openjdk-i386/jre/lib/i386/jli/libjli.so
b7729000-b772a000 r--p 0000c000 08:05 4989106    /usr/lib/jvm/java-7-openjdk-i386/jre/lib/i386/jli/libjli.so
b772a000-b772b000 rw-p 0000d000 08:05 4989106    /usr/lib/jvm/java-7-openjdk-i386/jre/lib/i386/jli/libjli.so
b772b000-b772e000 rw-p 00000000 00:00 0 
b772e000-b772f000 r-xp 00000000 00:00 0          [vdso]
b772f000-b774f000 r-xp 00000000 08:05 3801995    /lib/i386-linux-gnu/ld-2.15.so
b774f000-b7750000 r--p 0001f000 08:05 3801995    /lib/i386-linux-gnu/ld-2.15.so
b7750000-b7751000 rw-p 00020000 08:05 3801995    /lib/i386-linux-gnu/ld-2.15.so
bf92e000-bf92f000 rwxp 00000000 00:00 0 
bf961000-bf982000 rw-p 00000000 00:00 0          [stack]

VM Arguments:
jvm_args: -Xmx1024M -Dfile.encoding=UTF-8 -Duser.country=IN -Duser.language=en -Duser.variant 
java_command: com.android.dx.command.Main --dex --output /home/ankit/Traafik latest/TraafikAppLatest/app/build/intermediates/pre-dexed/debug/classes-60a7eb5bedd3ac059a03773ecb9be5aae7d1c35b.jar /home/ankit/Traafik latest/TraafikAppLatest/app/build/intermediates/exploded-aar/com.google.android.gms/play-services-analytics/7.5.0/jars/classes.jar
Launcher Type: SUN_STANDARD

Environment Variables:
PATH=/usr/lib/lightdm/lightdm:/usr/local/sbin:/usr/local/bin:/usr/sbin:/usr/bin:/sbin:/bin:/usr/games
LD_LIBRARY_PATH=/home/ankit/Android studio/android-studio/bin:
SHELL=/bin/bash
DISPLAY=:0.0

Signal Handlers:
SIGSEGV: [libjvm.so+0x80b550], sa_mask[0]=0x7ffbfeff, sa_flags=0x10000004
SIGBUS: [libjvm.so+0x80b550], sa_mask[0]=0x7ffbfeff, sa_flags=0x10000004
SIGFPE: [libjvm.so+0x6753e0], sa_mask[0]=0x7ffbfeff, sa_flags=0x10000004
SIGPIPE: [libjvm.so+0x6753e0], sa_mask[0]=0x7ffbfeff, sa_flags=0x10000004
SIGXFSZ: [libjvm.so+0x6753e0], sa_mask[0]=0x7ffbfeff, sa_flags=0x10000004
SIGILL: [libjvm.so+0x6753e0], sa_mask[0]=0x7ffbfeff, sa_flags=0x10000004
SIGUSR1: SIG_DFL, sa_mask[0]=0x00000000, sa_flags=0x00000000
SIGUSR2: [libjvm.so+0x675690], sa_mask[0]=0x00000004, sa_flags=0x10000004
SIGHUP: [libjvm.so+0x675850], sa_mask[0]=0x7ffbfeff, sa_flags=0x10000004
SIGINT: [libjvm.so+0x675850], sa_mask[0]=0x7ffbfeff, sa_flags=0x10000004
SIGTERM: [libjvm.so+0x675850], sa_mask[0]=0x7ffbfeff, sa_flags=0x10000004
SIGQUIT: [libjvm.so+0x675850], sa_mask[0]=0x7ffbfeff, sa_flags=0x10000004
SIGTRAP: SIG_DFL, sa_mask[0]=0x00000000, sa_flags=0x00000000


---------------  S Y S T E M  ---------------

OS:Ubuntu 12.04 (precise)
uname:Linux 3.2.0-29-generic-pae #46-Ubuntu SMP Fri Jul 27 17:25:43 UTC 2012 i686
libc:glibc 2.15 NPTL 2.15 
rlimit: STACK 8192k, CORE 0k, NPROC 31169, NOFILE 4096, AS infinity
load average:5.33 3.41 2.06

/proc/meminfo:
MemTotal:        4004304 kB
MemFree:          159040 kB
Buffers:             316 kB
Cached:           671112 kB
SwapCached:            0 kB
Active:          3301512 kB
Inactive:         462248 kB
Active(anon):    3243528 kB
Inactive(anon):   407140 kB
Active(file):      57984 kB
Inactive(file):    55108 kB
Unevictable:          16 kB
Mlocked:              16 kB
HighTotal:       3159312 kB
HighFree:           1448 kB
LowTotal:         844992 kB
LowFree:          157592 kB
SwapTotal:             0 kB
SwapFree:              0 kB
Dirty:               404 kB
Writeback:             0 kB
AnonPages:       3092352 kB
Mapped:            85680 kB
Shmem:            558368 kB
Slab:              40236 kB
SReclaimable:      20036 kB
SUnreclaim:        20200 kB
KernelStack:        5000 kB
PageTables:        20276 kB
NFS_Unstable:          0 kB
Bounce:                0 kB
WritebackTmp:          0 kB
CommitLimit:     2002152 kB
Committed_AS:    7891432 kB
VmallocTotal:     122880 kB
VmallocUsed:       15236 kB
VmallocChunk:     105324 kB
HardwareCorrupted:     0 kB
AnonHugePages:         0 kB
HugePages_Total:       0
HugePages_Free:        0
HugePages_Rsvd:        0
HugePages_Surp:        0
Hugepagesize:       2048 kB
DirectMap4k:       10232 kB
DirectMap2M:      903168 kB


CPU:total 2 (2 cores per cpu, 1 threads per core) family 6 model 58 stepping 9, cmov, cx8, fxsr, mmx, sse, sse2, sse3, ssse3, sse4.1, sse4.2, popcnt, erms, tsc, tscinvbit, tscinv

/proc/cpuinfo:
processor	: 0
vendor_id	: GenuineIntel
cpu family	: 6
model		: 58
model name	: Intel(R) Pentium(R) CPU G2030 @ 3.00GHz
stepping	: 9
microcode	: 0x17
cpu MHz		: 3000.000
cache size	: 3072 KB
physical id	: 0
siblings	: 2
core id		: 0
cpu cores	: 2
apicid		: 0
initial apicid	: 0
fdiv_bug	: no
hlt_bug		: no
f00f_bug	: no
coma_bug	: no
fpu		: yes
fpu_exception	: yes
cpuid level	: 13
wp		: yes
flags		: fpu vme de pse tsc msr pae mce cx8 apic sep mtrr pge mca cmov pat pse36 clflush dts acpi mmx fxsr sse sse2 ss ht tm pbe nx rdtscp lm constant_tsc arch_perfmon pebs bts xtopology nonstop_tsc aperfmperf pni pclmulqdq dtes64 monitor ds_cpl vmx est tm2 ssse3 cx16 xtpr pdcm pcid sse4_1 sse4_2 popcnt tsc_deadline_timer xsave lahf_lm arat epb xsaveopt pln pts dtherm tpr_shadow vnmi flexpriority ept vpid fsgsbase smep erms
bogomips	: 5986.47
clflush size	: 64
cache_alignment	: 64
address sizes	: 36 bits physical, 48 bits virtual
power management:

processor	: 1
vendor_id	: GenuineIntel
cpu family	: 6
model		: 58
model name	: Intel(R) Pentium(R) CPU G2030 @ 3.00GHz
stepping	: 9
microcode	: 0x17
cpu MHz		: 3000.000
cache size	: 3072 KB
physical id	: 0
siblings	: 2
core id		: 1
cpu cores	: 2
apicid		: 2
initial apicid	: 2
fdiv_bug	: no
hlt_bug		: no
f00f_bug	: no
coma_bug	: no
fpu		: yes
fpu_exception	: yes
cpuid level	: 13
wp		: yes
flags		: fpu vme de pse tsc msr pae mce cx8 apic sep mtrr pge mca cmov pat pse36 clflush dts acpi mmx fxsr sse sse2 ss ht tm pbe nx rdtscp lm constant_tsc arch_perfmon pebs bts xtopology nonstop_tsc aperfmperf pni pclmulqdq dtes64 monitor ds_cpl vmx est tm2 ssse3 cx16 xtpr pdcm pcid sse4_1 sse4_2 popcnt tsc_deadline_timer xsave lahf_lm arat epb xsaveopt pln pts dtherm tpr_shadow vnmi flexpriority ept vpid fsgsbase smep erms
bogomips	: 5986.36
clflush size	: 64
cache_alignment	: 64
address sizes	: 36 bits physical, 48 bits virtual
power management:



Memory: 4k page, physical 4004304k(159040k free), swap 0k(0k free)

vm_info: OpenJDK Server VM (24.75-b04) for linux-x86 JRE (1.7.0_75-b13), built on Jan 27 2015 16:24:35 by "buildd" with gcc 4.6.3

time: Fri Jul 17 17:44:05 2015
elapsed time: 9 seconds

