#
# There is insufficient memory for the Java Runtime Environment to continue.
# Native memory allocation (malloc) failed to allocate 51642368 bytes for committing reserved memory.
# Possible reasons:
#   The system is out of physical RAM or swap space
#   In 32 bit mode, the process size limit was hit
# Possible solutions:
#   Reduce memory load on the system
#   Increase physical memory or swap space
#   Check if swap backing store is full
#   Use 64 bit Java on a 64 bit OS
#   Decrease Java heap size (-Xmx/-Xms)
#   Decrease number of Java threads
#   Decrease Java thread stack sizes (-Xss)
#   Set larger code cache with -XX:ReservedCodeCacheSize=
# This output file may be truncated or incomplete.
#
#  Out of Memory Error (os_linux.cpp:2798), pid=15859, tid=1745378112
#
# JRE version: OpenJDK Runtime Environment (7.0_75-b13) (build 1.7.0_75-b13)
# Java VM: OpenJDK Server VM (24.75-b04 mixed mode linux-x86 )
# Derivative: IcedTea 2.5.4
# Distribution: Ubuntu 12.04 LTS, package 7u75-2.5.4-1~precise1
# Failed to write core dump. Core dumps have been disabled. To enable core dumping, try "ulimit -c unlimited" before starting Java again
#

---------------  T H R E A D  ---------------

Current thread (0x67f10400):  VMThread [stack: 0x68005000,0x68086000] [id=15866]

Stack: [0x68005000,0x68086000]
[error occurred during error reporting (printing stack bounds), id 0xb]

VM_Operation (0xb65ae968): ParallelGCFailedAllocation, mode: safepoint, requested by thread 0xb6407c00


---------------  P R O C E S S  ---------------

Java Threads: ( => current thread )
  0x67f2c400 JavaThread "Service Thread" daemon [_thread_blocked, id=15872, stack(0x67b5c000,0x67bad000)]
  0x67f2a800 JavaThread "C2 CompilerThread1" daemon [_thread_blocked, id=15871, stack(0x67bad000,0x67c2e000)]
  0x67f28800 JavaThread "C2 CompilerThread0" daemon [_thread_blocked, id=15870, stack(0x67c2e000,0x67caf000)]
  0x67f26c00 JavaThread "Signal Dispatcher" daemon [_thread_blocked, id=15869, stack(0x67caf000,0x67d00000)]
  0x67f14400 JavaThread "Finalizer" daemon [_thread_blocked, id=15868, stack(0x6ac03000,0x6ac54000)]
  0x67f12800 JavaThread "Reference Handler" daemon [_thread_blocked, id=15867, stack(0x6ac54000,0x6aca5000)]
  0xb6407c00 JavaThread "main" [_thread_blocked, id=15861, stack(0xb655f000,0xb65b0000)]

Other Threads:
=>0x67f10400 VMThread [stack: 0x68005000,0x68086000] [id=15866]
  0x67f2e000 WatcherThread [stack: 0x67adb000,0x67b5c000] [id=15873]

VM state:at safepoint (normal execution)

VM Mutex/Monitor currently owned by a thread:  ([mutex/lock_event])
[0xb6405248] Threads_lock - owner thread: 0x67f10400
[0xb6405658] Heap_lock - owner thread: 0xb6407c00

Heap
 PSYoungGen      total 115968K, used 30459K [0x9dd80000, 0xa7900000, 0xb3300000)
  eden space 85504K, 0% used [0x9dd80000,0x9dd80000,0xa3100000)
  from space 30464K, 99% used [0xa3100000,0xa4ebecc0,0xa4ec0000)
  to   space 17664K, 0% used [0xa4ec0000,0xa4ec0000,0xa6000000)
 ParOldGen       total 98560K, used 85324K [0x73300000, 0x79340000, 0x9dd80000)
  object space 98560K, 86% used [0x73300000,0x78653360,0x79340000)
 PSPermGen       total 16384K, used 3997K [0x6b300000, 0x6c300000, 0x73300000)
  object space 16384K, 24% used [0x6b300000,0x6b6e7658,0x6c300000)

Card table byte_map: [0x6b0bf000,0x6b300000] byte_map_base: 0x6ad65800

Polling page: 0xb7706000

Code Cache  [0xb33d9000, 0xb3621000, 0xb63d9000)
 total_blobs=755 nmethods=636 adapters=73 free_code_cache=46869Kb largest_free_block=47948672

Compilation events (10 events):
Event: 8.687 Thread 0x67f28800 nmethod 641 0xb34b29c8 code [0xb34b2b20, 0xb34b2f70]
Event: 8.688 Thread 0x67f28800  642             com.android.dx.ssa.back.FirstFitLocalCombiningAllocator::handleCheckCastResults (413 bytes)
Event: 8.730 Thread 0x67f2a800 nmethod 640 0xb3611c48 code [0xb3611e80, 0xb3612d2c]
Event: 8.730 Thread 0x67f2a800  643             com.android.dx.ssa.back.FirstFitLocalCombiningAllocator::handleNormalUnassociated (99 bytes)
Event: 8.779 Thread 0x67f28800 nmethod 642 0xb3613dc8 code [0xb36140a0, 0xb3615268]
Event: 8.779 Thread 0x67f28800  644 %           com.android.dx.dex.cf.CfTranslator::translate0 @ 141 (259 bytes)
Event: 8.808 Thread 0x67f2a800 nmethod 643 0xb3617c08 code [0xb3617ea0, 0xb3619078]
Event: 8.808 Thread 0x67f2a800  645             com.android.dx.rop.cst.CstNat::isCategory2 (2 bytes)
Event: 8.808 Thread 0x67f2a800 nmethod 645 0xb34df8c8 code [0xb34df9a0, 0xb34df9f0]
Event: 8.831 Thread 0x67f28800 nmethod 644% 0xb361b448 code [0xb361b740, 0xb361cc14]

GC Heap History (10 events):
Event: 5.253 GC heap after
Heap after GC invocations=7 (full 0):
 PSYoungGen      total 37632K, used 5884K [0x9dd80000, 0xa2c00000, 0xb3300000)
  eden space 31744K, 0% used [0x9dd80000,0x9dd80000,0x9fc80000)
  from space 5888K, 99% used [0x9fc80000,0xa023f110,0xa0240000)
  to   space 8448K, 0% used [0xa23c0000,0xa23c0000,0xa2c00000)
 ParOldGen       total 41728K, used 14917K [0x73300000, 0x75bc0000, 0x9dd80000)
  object space 41728K, 35% used [0x73300000,0x74191440,0x75bc0000)
 PSPermGen       total 16384K, used 3963K [0x6b300000, 0x6c300000, 0x73300000)
  object space 16384K, 24% used [0x6b300000,0x6b6ded18,0x6c300000)
}
Event: 5.914 GC heap before
{Heap before GC invocations=8 (full 0):
 PSYoungGen      total 37632K, used 37628K [0x9dd80000, 0xa2c00000, 0xb3300000)
  eden space 31744K, 100% used [0x9dd80000,0x9fc80000,0x9fc80000)
  from space 5888K, 99% used [0x9fc80000,0xa023f110,0xa0240000)
  to   space 8448K, 0% used [0xa23c0000,0xa23c0000,0xa2c00000)
 ParOldGen       total 41728K, used 14917K [0x73300000, 0x75bc0000, 0x9dd80000)
  object space 41728K, 35% used [0x73300000,0x74191440,0x75bc0000)
 PSPermGen       total 16384K, used 3977K [0x6b300000, 0x6c300000, 0x73300000)
  object space 16384K, 24% used [0x6b300000,0x6b6e2600,0x6c300000)
Event: 5.964 GC heap after
Heap after GC invocations=8 (full 0):
 PSYoungGen      total 69888K, used 8436K [0x9dd80000, 0xa3000000, 0xb3300000)
  eden space 61440K, 0% used [0x9dd80000,0x9dd80000,0xa1980000)
  from space 8448K, 99% used [0xa23c0000,0xa2bfd2d8,0xa2c00000)
  to   space 10496K, 0% used [0xa1980000,0xa1980000,0xa23c0000)
 ParOldGen       total 41728K, used 17446K [0x73300000, 0x75bc0000, 0x9dd80000)
  object space 41728K, 41% used [0x73300000,0x74409ad0,0x75bc0000)
 PSPermGen       total 16384K, used 3977K [0x6b300000, 0x6c300000, 0x73300000)
  object space 16384K, 24% used [0x6b300000,0x6b6e2600,0x6c300000)
}
Event: 7.435 GC heap before
{Heap before GC invocations=9 (full 0):
 PSYoungGen      total 69888K, used 69876K [0x9dd80000, 0xa3000000, 0xb3300000)
  eden space 61440K, 100% used [0x9dd80000,0xa1980000,0xa1980000)
  from space 8448K, 99% used [0xa23c0000,0xa2bfd2d8,0xa2c00000)
  to   space 10496K, 0% used [0xa1980000,0xa1980000,0xa23c0000)
 ParOldGen       total 41728K, used 17446K [0x73300000, 0x75bc0000, 0x9dd80000)
  object space 41728K, 41% used [0x73300000,0x74409ad0,0x75bc0000)
 PSPermGen       total 16384K, used 3990K [0x6b300000, 0x6c300000, 0x73300000)
  object space 16384K, 24% used [0x6b300000,0x6b6e5988,0x6c300000)
Event: 7.506 GC heap after
Heap after GC invocations=9 (full 0):
 PSYoungGen      total 71936K, used 10482K [0x9dd80000, 0xa6000000, 0xb3300000)
  eden space 61440K, 0% used [0x9dd80000,0x9dd80000,0xa1980000)
  from space 10496K, 99% used [0xa1980000,0xa23bc930,0xa23c0000)
  to   space 17664K, 0% used [0xa4ec0000,0xa4ec0000,0xa6000000)
 ParOldGen       total 41728K, used 32569K [0x73300000, 0x75bc0000, 0x9dd80000)
  object space 41728K, 78% used [0x73300000,0x752ce590,0x75bc0000)
 PSPermGen       total 16384K, used 3990K [0x6b300000, 0x6c300000, 0x73300000)
  object space 16384K, 24% used [0x6b300000,0x6b6e5988,0x6c300000)
}
Event: 7.574 GC heap before
{Heap before GC invocations=10 (full 0):
 PSYoungGen      total 71936K, used 71922K [0x9dd80000, 0xa6000000, 0xb3300000)
  eden space 61440K, 100% used [0x9dd80000,0xa1980000,0xa1980000)
  from space 10496K, 99% used [0xa1980000,0xa23bc930,0xa23c0000)
  to   space 17664K, 0% used [0xa4ec0000,0xa4ec0000,0xa6000000)
 ParOldGen       total 41728K, used 32569K [0x73300000, 0x75bc0000, 0x9dd80000)
  object space 41728K, 78% used [0x73300000,0x752ce590,0x75bc0000)
 PSPermGen       total 16384K, used 3993K [0x6b300000, 0x6c300000, 0x73300000)
  object space 16384K, 24% used [0x6b300000,0x6b6e6760,0x6c300000)
Event: 7.657 GC heap after
Heap after GC invocations=10 (full 0):
 PSYoungGen      total 103168K, used 17652K [0x9dd80000, 0xa7900000, 0xb3300000)
  eden space 85504K, 0% used [0x9dd80000,0x9dd80000,0xa3100000)
  from space 17664K, 99% used [0xa4ec0000,0xa5ffd2e0,0xa6000000)
  to   space 30464K, 0% used [0xa3100000,0xa3100000,0xa4ec0000)
 ParOldGen       total 60672K, used 60365K [0x73300000, 0x76e40000, 0x9dd80000)
  object space 60672K, 99% used [0x73300000,0x76df34e8,0x76e40000)
 PSPermGen       total 16384K, used 3993K [0x6b300000, 0x6c300000, 0x73300000)
  object space 16384K, 24% used [0x6b300000,0x6b6e6760,0x6c300000)
}
Event: 7.673 GC heap before
{Heap before GC invocations=11 (full 1):
 PSYoungGen      total 103168K, used 17652K [0x9dd80000, 0xa7900000, 0xb3300000)
  eden space 85504K, 0% used [0x9dd80000,0x9dd80000,0xa3100000)
  from space 17664K, 99% used [0xa4ec0000,0xa5ffd2e0,0xa6000000)
  to   space 30464K, 0% used [0xa3100000,0xa3100000,0xa4ec0000)
 ParOldGen       total 60672K, used 60365K [0x73300000, 0x76e40000, 0x9dd80000)
  object space 60672K, 99% used [0x73300000,0x76df34e8,0x76e40000)
 PSPermGen       total 16384K, used 3993K [0x6b300000, 0x6c300000, 0x73300000)
  object space 16384K, 24% used [0x6b300000,0x6b6e6760,0x6c300000)
Event: 8.264 GC heap after
Heap after GC invocations=11 (full 1):
 PSYoungGen      total 103168K, used 7800K [0x9dd80000, 0xa7900000, 0xb3300000)
  eden space 85504K, 0% used [0x9dd80000,0x9dd80000,0xa3100000)
  from space 17664K, 44% used [0xa4ec0000,0xa565e078,0xa6000000)
  to   space 30464K, 0% used [0xa3100000,0xa3100000,0xa4ec0000)
 ParOldGen       total 98560K, used 60476K [0x73300000, 0x79340000, 0x9dd80000)
  object space 98560K, 61% used [0x73300000,0x76e0f310,0x79340000)
 PSPermGen       total 16384K, used 3991K [0x6b300000, 0x6c300000, 0x73300000)
  object space 16384K, 24% used [0x6b300000,0x6b6e5d10,0x6c300000)
}
Event: 8.999 GC heap before
{Heap before GC invocations=12 (full 1):
 PSYoungGen      total 103168K, used 93304K [0x9dd80000, 0xa7900000, 0xb3300000)
  eden space 85504K, 100% used [0x9dd80000,0xa3100000,0xa3100000)
  from space 17664K, 44% used [0xa4ec0000,0xa565e078,0xa6000000)
  to   space 30464K, 0% used [0xa3100000,0xa3100000,0xa4ec0000)
 ParOldGen       total 98560K, used 60476K [0x73300000, 0x79340000, 0x9dd80000)
  object space 98560K, 61% used [0x73300000,0x76e0f310,0x79340000)
 PSPermGen       total 16384K, used 3997K [0x6b300000, 0x6c300000, 0x73300000)
  object space 16384K, 24% used [0x6b300000,0x6b6e7658,0x6c300000)

Deoptimization events (10 events):
Event: 8.540 Thread 0xb6407c00 Uncommon trap: reason=class_check action=maybe_recompile pc=0xb35a5d20 method=com.android.dx.util.BitIntSet.merge(Lcom/android/dx/util/IntSet;)V @ 1
Event: 8.554 Thread 0xb6407c00 Uncommon trap: reason=class_check action=maybe_recompile pc=0xb356def8 method=com.android.dx.ssa.back.InterferenceGraph.mergeInterferenceSet(ILcom/android/dx/util/IntSet;)V @ 20
Event: 8.554 Thread 0xb6407c00 Uncommon trap: reason=class_check action=maybe_recompile pc=0xb35a5d20 method=com.android.dx.util.BitIntSet.merge(Lcom/android/dx/util/IntSet;)V @ 1
Event: 8.554 Thread 0xb6407c00 Uncommon trap: reason=class_check action=maybe_recompile pc=0xb356def8 method=com.android.dx.ssa.back.InterferenceGraph.mergeInterferenceSet(ILcom/android/dx/util/IntSet;)V @ 20
Event: 8.554 Thread 0xb6407c00 Uncommon trap: reason=class_check action=maybe_recompile pc=0xb35a5d20 method=com.android.dx.util.BitIntSet.merge(Lcom/android/dx/util/IntSet;)V @ 1
Event: 8.568 Thread 0xb6407c00 Uncommon trap: reason=class_check action=maybe_recompile pc=0xb351ca1c method=com.android.dx.ssa.back.InterferenceGraph.mergeInterferenceSet(ILcom/android/dx/util/IntSet;)V @ 20
Event: 8.568 Thread 0xb6407c00 Uncommon trap: reason=class_check action=maybe_recompile pc=0xb35a5d20 method=com.android.dx.util.BitIntSet.merge(Lcom/android/dx/util/IntSet;)V @ 1
Event: 8.568 Thread 0xb6407c00 Uncommon trap: reason=class_check action=maybe_recompile pc=0xb356def8 method=com.android.dx.ssa.back.InterferenceGraph.mergeInterferenceSet(ILcom/android/dx/util/IntSet;)V @ 20
Event: 8.579 Thread 0xb6407c00 Uncommon trap: reason=class_check action=maybe_recompile pc=0xb35a63c0 method=com.android.dx.ssa.back.InterferenceGraph.mergeInterferenceSet(ILcom/android/dx/util/IntSet;)V @ 20
Event: 8.688 Thread 0xb6407c00 Uncommon trap: reason=null_check action=make_not_entrant pc=0xb35e60cc method=com.android.dx.dex.cf.AttributeTranslator.getSignature(Lcom/android/dx/cf/iface/AttributeList;)Lcom/android/dx/rop/annotation/Annotation; @ 8

Internal exceptions (10 events):
Event: 1.899 Thread 0xb6407c00 Implicit null exception at 0xb3482c4d to 0xb3483619
Event: 2.123 Thread 0xb6407c00 Threw 0x9df237b0 at /build/buildd/openjdk-7-7u75-2.5.4/build/openjdk/hotspot/src/share/vm/prims/jvm.cpp:1284
Event: 2.142 Thread 0xb6407c00 Threw 0x9df87ab0 at /build/buildd/openjdk-7-7u75-2.5.4/build/openjdk/hotspot/src/share/vm/prims/jvm.cpp:1284
Event: 3.060 Thread 0xb6407c00 Threw 0x9e626da0 at /build/buildd/openjdk-7-7u75-2.5.4/build/openjdk/hotspot/src/share/vm/prims/jvm.cpp:1284
Event: 3.623 Thread 0xb6407c00 Threw 0x9e4e1a18 at /build/buildd/openjdk-7-7u75-2.5.4/build/openjdk/hotspot/src/share/vm/prims/jvm.cpp:1284
Event: 3.645 Thread 0xb6407c00 Implicit null exception at 0xb34f07aa to 0xb34f0d99
Event: 6.802 Thread 0xb6407c00 Threw 0xa0b2b180 at /build/buildd/openjdk-7-7u75-2.5.4/build/openjdk/hotspot/src/share/vm/prims/jvm.cpp:1284
Event: 7.565 Thread 0xb6407c00 Threw 0xa1957be0 at /build/buildd/openjdk-7-7u75-2.5.4/build/openjdk/hotspot/src/share/vm/prims/jvm.cpp:1284
Event: 8.270 Thread 0xb6407c00 Threw 0x9de20140 at /build/buildd/openjdk-7-7u75-2.5.4/build/openjdk/hotspot/src/share/vm/prims/jvm.cpp:1284
Event: 8.688 Thread 0xb6407c00 Implicit null exception at 0xb35e3fd4 to 0xb35e60c1

Events (10 events):
Event: 8.568 Thread 0xb6407c00 Uncommon trap: trap_request=0xffffffde fr.pc=0xb356def8
Event: 8.568 Thread 0xb6407c00 DEOPT PACKING pc=0xb356def8 sp=0xb65aea10
Event: 8.568 Thread 0xb6407c00 DEOPT UNPACKING pc=0xb3405bc8 sp=0xb65ae9d0 mode 2
Event: 8.579 Thread 0xb6407c00 Uncommon trap: trap_request=0xffffffde fr.pc=0xb35a63c0
Event: 8.579 Thread 0xb6407c00 DEOPT PACKING pc=0xb35a63c0 sp=0xb65ae9d0
Event: 8.579 Thread 0xb6407c00 DEOPT UNPACKING pc=0xb3405bc8 sp=0xb65ae9c0 mode 2
Event: 8.688 Thread 0xb6407c00 Uncommon trap: trap_request=0xfffffff4 fr.pc=0xb35e60cc
Event: 8.688 Thread 0xb6407c00 DEOPT PACKING pc=0xb35e60cc sp=0xb65aec90
Event: 8.688 Thread 0xb6407c00 DEOPT UNPACKING pc=0xb3405bc8 sp=0xb65aebe0 mode 2
Event: 8.999 Executing VM operation: ParallelGCFailedAllocation


Dynamic libraries:
08048000-08049000 r-xp 00000000 08:05 4983886    /usr/lib/jvm/java-7-openjdk-i386/jre/bin/java
08049000-0804a000 r--p 00000000 08:05 4983886    /usr/lib/jvm/java-7-openjdk-i386/jre/bin/java
0804a000-0804b000 rw-p 00001000 08:05 4983886    /usr/lib/jvm/java-7-openjdk-i386/jre/bin/java
09653000-09c8e000 rw-p 00000000 00:00 0          [heap]
66800000-668ed000 rw-p 00000000 00:00 0 
668ed000-66900000 ---p 00000000 00:00 0 
66a00000-66af1000 rw-p 00000000 00:00 0 
66af1000-66b00000 ---p 00000000 00:00 0 
66c00000-66cf8000 rw-p 00000000 00:00 0 
66cf8000-66d00000 ---p 00000000 00:00 0 
66e00000-66ffd000 rw-p 00000000 00:00 0 
66ffd000-67000000 ---p 00000000 00:00 0 
67000000-670dd000 rw-p 00000000 00:00 0 
670dd000-67100000 ---p 00000000 00:00 0 
67200000-672fc000 rw-p 00000000 00:00 0 
672fc000-67300000 ---p 00000000 00:00 0 
67400000-674fd000 rw-p 00000000 00:00 0 
674fd000-67500000 ---p 00000000 00:00 0 
67500000-675fc000 rw-p 00000000 00:00 0 
675fc000-67600000 ---p 00000000 00:00 0 
67600000-67644000 rw-p 00000000 00:00 0 
67644000-67700000 ---p 00000000 00:00 0 
6777c000-677b6000 r-xp 00000000 08:05 3802088    /lib/i386-linux-gnu/libpcre.so.3.12.1
677b6000-677b7000 r--p 00039000 08:05 3802088    /lib/i386-linux-gnu/libpcre.so.3.12.1
677b7000-677b8000 rw-p 0003a000 08:05 3802088    /lib/i386-linux-gnu/libpcre.so.3.12.1
677b8000-677cb000 r-xp 00000000 08:05 3802099    /lib/i386-linux-gnu/libresolv-2.15.so
677cb000-677cc000 ---p 00013000 08:05 3802099    /lib/i386-linux-gnu/libresolv-2.15.so
677cc000-677cd000 r--p 00013000 08:05 3802099    /lib/i386-linux-gnu/libresolv-2.15.so
677cd000-677ce000 rw-p 00014000 08:05 3802099    /lib/i386-linux-gnu/libresolv-2.15.so
677ce000-677d0000 rw-p 00000000 00:00 0 
677d0000-677ed000 r-xp 00000000 08:05 3802103    /lib/i386-linux-gnu/libselinux.so.1
677ed000-677ee000 r--p 0001c000 08:05 3802103    /lib/i386-linux-gnu/libselinux.so.1
677ee000-677ef000 rw-p 0001d000 08:05 3802103    /lib/i386-linux-gnu/libselinux.so.1
677ef000-678e6000 r-xp 00000000 08:05 3802040    /lib/i386-linux-gnu/libglib-2.0.so.0.3200.3
678e6000-678e7000 r--p 000f6000 08:05 3802040    /lib/i386-linux-gnu/libglib-2.0.so.0.3200.3
678e7000-678e8000 rw-p 000f7000 08:05 3802040    /lib/i386-linux-gnu/libglib-2.0.so.0.3200.3
678e8000-67935000 r-xp 00000000 08:05 4985532    /usr/lib/i386-linux-gnu/libgobject-2.0.so.0.3200.3
67935000-67936000 r--p 0004c000 08:05 4985532    /usr/lib/i386-linux-gnu/libgobject-2.0.so.0.3200.3
67936000-67937000 rw-p 0004d000 08:05 4985532    /usr/lib/i386-linux-gnu/libgobject-2.0.so.0.3200.3
67937000-67a8a000 r-xp 00000000 08:05 4985508    /usr/lib/i386-linux-gnu/libgio-2.0.so.0.3200.3
67a8a000-67a8c000 r--p 00153000 08:05 4985508    /usr/lib/i386-linux-gnu/libgio-2.0.so.0.3200.3
67a8c000-67a8d000 rw-p 00155000 08:05 4985508    /usr/lib/i386-linux-gnu/libgio-2.0.so.0.3200.3
67a8d000-67a8e000 rw-p 00000000 00:00 0 
67aa0000-67ab7000 r-xp 00000000 08:05 4989135    /usr/lib/jvm/java-7-openjdk-i386/jre/lib/i386/libnet.so
67ab7000-67ab8000 r--p 00016000 08:05 4989135    /usr/lib/jvm/java-7-openjdk-i386/jre/lib/i386/libnet.so
67ab8000-67ab9000 rw-p 00017000 08:05 4989135    /usr/lib/jvm/java-7-openjdk-i386/jre/lib/i386/libnet.so
67ab9000-67aca000 r-xp 00000000 08:05 4989121    /usr/lib/jvm/java-7-openjdk-i386/jre/lib/i386/libnio.so
67aca000-67acb000 r--p 00010000 08:05 4989121    /usr/lib/jvm/java-7-openjdk-i386/jre/lib/i386/libnio.so
67acb000-67acc000 rw-p 00011000 08:05 4989121    /usr/lib/jvm/java-7-openjdk-i386/jre/lib/i386/libnio.so
67acc000-67adb000 r--s 000dd000 08:06 21369266   /home/ankit/Ankitt Data/ECLIPSE/sdk/build-tools/22.0.1/lib/dx.jar
67adb000-67adc000 ---p 00000000 00:00 0 
67adc000-67b5c000 rw-p 00000000 00:00 0 
67b5c000-67b5f000 ---p 00000000 00:00 0 
67b5f000-67bad000 rw-p 00000000 00:00 0 
67bad000-67bb0000 ---p 00000000 00:00 0 
67bb0000-67c2e000 rw-p 00000000 00:00 0 
67c2e000-67c31000 ---p 00000000 00:00 0 
67c31000-67caf000 rw-p 00000000 00:00 0 
67caf000-67cb2000 ---p 00000000 00:00 0 
67cb2000-67d00000 rw-p 00000000 00:00 0 
67d00000-67f00000 r--p 00000000 08:05 4988066    /usr/lib/locale/locale-archive
67f00000-67ffb000 rw-p 00000000 00:00 0 
67ffb000-68000000 ---p 00000000 00:00 0 
68005000-68006000 ---p 00000000 00:00 0 
68006000-680cf000 rw-p 00000000 00:00 0 
680cf000-68280000 r--s 01d23000 08:05 4989042    /usr/lib/jvm/java-7-openjdk-i386/jre/lib/rt.jar
68280000-6ab00000 rw-p 00000000 00:00 0 
6ab00000-6abe6000 rw-p 00000000 00:00 0 
6abe6000-6ac00000 ---p 00000000 00:00 0 
6ac03000-6ac06000 ---p 00000000 00:00 0 
6ac06000-6ac54000 rw-p 00000000 00:00 0 
6ac54000-6ac57000 ---p 00000000 00:00 0 
6ac57000-6ad00000 rw-p 00000000 00:00 0 
6ad00000-6ad21000 rw-p 00000000 00:00 0 
6ad21000-6ae00000 ---p 00000000 00:00 0 
6ae00000-6ae05000 r-xp 00000000 08:05 4985471    /usr/lib/i386-linux-gnu/libffi.so.6.0.0
6ae05000-6ae06000 r--p 00004000 08:05 4985471    /usr/lib/i386-linux-gnu/libffi.so.6.0.0
6ae06000-6ae07000 rw-p 00005000 08:05 4985471    /usr/lib/i386-linux-gnu/libffi.so.6.0.0
6ae07000-6ae0a000 r-xp 00000000 08:05 4985518    /usr/lib/i386-linux-gnu/libgmodule-2.0.so.0.3200.3
6ae0a000-6ae0b000 r--p 00002000 08:05 4985518    /usr/lib/i386-linux-gnu/libgmodule-2.0.so.0.3200.3
6ae0b000-6ae0c000 rw-p 00003000 08:05 4985518    /usr/lib/i386-linux-gnu/libgmodule-2.0.so.0.3200.3
6ae0c000-6ae27000 rw-p 00000000 00:00 0 
6ae27000-6ae28000 ---p 00000000 00:00 0 
6ae28000-6aea8000 rw-p 00000000 00:00 0 
6aea8000-6aea9000 ---p 00000000 00:00 0 
6aea9000-6af31000 rw-p 00000000 00:00 0 
6af31000-6af69000 rw-p 00000000 00:00 0 
6af69000-6af9a000 rw-p 00000000 00:00 0 
6af9a000-6b0bf000 rw-p 00000000 00:00 0 
6b0bf000-6b0c7000 rw-p 00000000 00:00 0 
6b0c7000-6b0ff000 rw-p 00000000 00:00 0 
6b0ff000-6b130000 rw-p 00000000 00:00 0 
6b130000-6b254000 rw-p 00000000 00:00 0 
6b254000-6b2a2000 rw-p 00000000 00:00 0 
6b2a2000-6b2ff000 rw-p 00000000 00:00 0 
6b2ff000-6c300000 rw-p 00000000 00:00 0 
6c300000-73300000 rw-p 00000000 00:00 0 
73300000-79340000 rw-p 00000000 00:00 0 
79340000-9dd80000 rw-p 00000000 00:00 0 
9dd80000-a7900000 rw-p 00000000 00:00 0 
aaa40000-b3300000 rw-p 00000000 00:00 0 
b3301000-b330c000 r--s 00079000 08:06 4587538    /home/ankit/Traafik latest/TraafikAppLatest/app/build/intermediates/exploded-aar/com.google.android.gms/play-services-analytics/7.5.0/jars/classes.jar
b330c000-b330f000 r--s 0000f000 08:05 4989079    /usr/lib/jvm/java-7-openjdk-i386/jre/lib/ext/icedtea-sound.jar
b330f000-b3311000 r--s 00012000 08:05 4989084    /usr/lib/jvm/java-7-openjdk-i386/jre/lib/ext/zipfs.jar
b3311000-b3315000 r--s 00034000 08:05 4989083    /usr/lib/jvm/java-7-openjdk-i386/jre/lib/ext/sunjce_provider.jar
b3315000-b3319000 r--s 0003c000 08:05 4989081    /usr/lib/jvm/java-7-openjdk-i386/jre/lib/ext/sunpkcs11.jar
b3319000-b3323000 rw-p 00000000 00:00 0 
b3323000-b33d9000 rw-p 00000000 00:00 0 
b33d9000-b3621000 rwxp 00000000 00:00 0 
b3621000-b63d9000 rw-p 00000000 00:00 0 
b63d9000-b63e4000 r-xp 00000000 08:05 3802066    /lib/i386-linux-gnu/libnss_files-2.15.so
b63e4000-b63e5000 r--p 0000a000 08:05 3802066    /lib/i386-linux-gnu/libnss_files-2.15.so
b63e5000-b63e6000 rw-p 0000b000 08:05 3802066    /lib/i386-linux-gnu/libnss_files-2.15.so
b63e6000-b63fc000 r-xp 00000000 08:05 3802060    /lib/i386-linux-gnu/libnsl-2.15.so
b63fc000-b63fd000 r--p 00015000 08:05 3802060    /lib/i386-linux-gnu/libnsl-2.15.so
b63fd000-b63fe000 rw-p 00016000 08:05 3802060    /lib/i386-linux-gnu/libnsl-2.15.so
b63fe000-b6400000 rw-p 00000000 00:00 0 
b6400000-b64fd000 rw-p 00000000 00:00 0 
b64fd000-b6500000 ---p 00000000 00:00 0 
b6502000-b6503000 r--s 00007000 08:05 5246941    /usr/share/java/java-atk-wrapper.jar
b6503000-b6506000 r--s 00086000 08:05 4989082    /usr/lib/jvm/java-7-openjdk-i386/jre/lib/ext/localedata.jar
b6506000-b6510000 r-xp 00000000 08:05 3802070    /lib/i386-linux-gnu/libnss_nis-2.15.so
b6510000-b6511000 r--p 00009000 08:05 3802070    /lib/i386-linux-gnu/libnss_nis-2.15.so
b6511000-b6512000 rw-p 0000a000 08:05 3802070    /lib/i386-linux-gnu/libnss_nis-2.15.so
b6512000-b6519000 r-xp 00000000 08:05 3802062    /lib/i386-linux-gnu/libnss_compat-2.15.so
b6519000-b651a000 r--p 00006000 08:05 3802062    /lib/i386-linux-gnu/libnss_compat-2.15.so
b651a000-b651b000 rw-p 00007000 08:05 3802062    /lib/i386-linux-gnu/libnss_compat-2.15.so
b651b000-b6523000 r-xp 00000000 08:05 4989114    /usr/lib/jvm/java-7-openjdk-i386/jre/lib/i386/libzip.so
b6523000-b6524000 r--p 00007000 08:05 4989114    /usr/lib/jvm/java-7-openjdk-i386/jre/lib/i386/libzip.so
b6524000-b6525000 rw-p 00008000 08:05 4989114    /usr/lib/jvm/java-7-openjdk-i386/jre/lib/i386/libzip.so
b6525000-b652d000 rw-s 00000000 08:05 145514     /tmp/hsperfdata_ankit/15859
b652d000-b6554000 r-xp 00000000 08:05 4989134    /usr/lib/jvm/java-7-openjdk-i386/jre/lib/i386/libjava.so
b6554000-b6555000 r--p 00026000 08:05 4989134    /usr/lib/jvm/java-7-openjdk-i386/jre/lib/i386/libjava.so
b6555000-b6556000 rw-p 00027000 08:05 4989134    /usr/lib/jvm/java-7-openjdk-i386/jre/lib/i386/libjava.so
b6556000-b655d000 r-xp 00000000 08:05 3802101    /lib/i386-linux-gnu/librt-2.15.so
b655d000-b655e000 r--p 00006000 08:05 3802101    /lib/i386-linux-gnu/librt-2.15.so
b655e000-b655f000 rw-p 00007000 08:05 3802101    /lib/i386-linux-gnu/librt-2.15.so
b655f000-b6562000 ---p 00000000 00:00 0 
b6562000-b65b0000 rw-p 00000000 00:00 0 
b65b0000-b65cc000 r-xp 00000000 08:05 3802036    /lib/i386-linux-gnu/libgcc_s.so.1
b65cc000-b65cd000 r--p 0001b000 08:05 3802036    /lib/i386-linux-gnu/libgcc_s.so.1
b65cd000-b65ce000 rw-p 0001c000 08:05 3802036    /lib/i386-linux-gnu/libgcc_s.so.1
b65ce000-b65f8000 r-xp 00000000 08:05 3802047    /lib/i386-linux-gnu/libm-2.15.so
b65f8000-b65f9000 r--p 00029000 08:05 3802047    /lib/i386-linux-gnu/libm-2.15.so
b65f9000-b65fa000 rw-p 0002a000 08:05 3802047    /lib/i386-linux-gnu/libm-2.15.so
b65fa000-b66d2000 r-xp 00000000 08:05 4985813    /usr/lib/i386-linux-gnu/libstdc++.so.6.0.16
b66d2000-b66d3000 ---p 000d8000 08:05 4985813    /usr/lib/i386-linux-gnu/libstdc++.so.6.0.16
b66d3000-b66d7000 r--p 000d8000 08:05 4985813    /usr/lib/i386-linux-gnu/libstdc++.so.6.0.16
b66d7000-b66d8000 rw-p 000dc000 08:05 4985813    /usr/lib/i386-linux-gnu/libstdc++.so.6.0.16
b66d8000-b66df000 rw-p 00000000 00:00 0 
b66df000-b70a1000 r-xp 00000000 08:05 4989140    /usr/lib/jvm/java-7-openjdk-i386/jre/lib/i386/server/libjvm.so
b70a1000-b70f6000 r--p 009c2000 08:05 4989140    /usr/lib/jvm/java-7-openjdk-i386/jre/lib/i386/server/libjvm.so
b70f6000-b710a000 rw-p 00a17000 08:05 4989140    /usr/lib/jvm/java-7-openjdk-i386/jre/lib/i386/server/libjvm.so
b710a000-b7528000 rw-p 00000000 00:00 0 
b7528000-b753c000 r-xp 00000000 08:05 3802126    /lib/i386-linux-gnu/libz.so.1.2.3.4
b753c000-b753d000 r--p 00013000 08:05 3802126    /lib/i386-linux-gnu/libz.so.1.2.3.4
b753d000-b753e000 rw-p 00014000 08:05 3802126    /lib/i386-linux-gnu/libz.so.1.2.3.4
b753e000-b7555000 r-xp 00000000 08:05 3802095    /lib/i386-linux-gnu/libpthread-2.15.so
b7555000-b7556000 r--p 00016000 08:05 3802095    /lib/i386-linux-gnu/libpthread-2.15.so
b7556000-b7557000 rw-p 00017000 08:05 3802095    /lib/i386-linux-gnu/libpthread-2.15.so
b7557000-b7559000 rw-p 00000000 00:00 0 
b7559000-b755c000 r-xp 00000000 08:05 3802028    /lib/i386-linux-gnu/libdl-2.15.so
b755c000-b755d000 r--p 00002000 08:05 3802028    /lib/i386-linux-gnu/libdl-2.15.so
b755d000-b755e000 rw-p 00003000 08:05 3802028    /lib/i386-linux-gnu/libdl-2.15.so
b755e000-b76fd000 r-xp 00000000 08:05 3802015    /lib/i386-linux-gnu/libc-2.15.so
b76fd000-b76ff000 r--p 0019f000 08:05 3802015    /lib/i386-linux-gnu/libc-2.15.so
b76ff000-b7700000 rw-p 001a1000 08:05 3802015    /lib/i386-linux-gnu/libc-2.15.so
b7700000-b7703000 rw-p 00000000 00:00 0 
b7703000-b7704000 r--s 00002000 08:05 4989080    /usr/lib/jvm/java-7-openjdk-i386/jre/lib/ext/dnsns.jar
b7704000-b7705000 r--p 005db000 08:05 4988066    /usr/lib/locale/locale-archive
b7705000-b7706000 rw-p 00000000 00:00 0 
b7706000-b7707000 ---p 00000000 00:00 0 
b7707000-b7713000 r-xp 00000000 08:05 4989131    /usr/lib/jvm/java-7-openjdk-i386/jre/lib/i386/libverify.so
b7713000-b7714000 r--p 0000b000 08:05 4989131    /usr/lib/jvm/java-7-openjdk-i386/jre/lib/i386/libverify.so
b7714000-b7715000 rw-p 0000c000 08:05 4989131    /usr/lib/jvm/java-7-openjdk-i386/jre/lib/i386/libverify.so
b7715000-b7722000 r-xp 00000000 08:05 4989106    /usr/lib/jvm/java-7-openjdk-i386/jre/lib/i386/jli/libjli.so
b7722000-b7723000 r--p 0000c000 08:05 4989106    /usr/lib/jvm/java-7-openjdk-i386/jre/lib/i386/jli/libjli.so
b7723000-b7724000 rw-p 0000d000 08:05 4989106    /usr/lib/jvm/java-7-openjdk-i386/jre/lib/i386/jli/libjli.so
b7724000-b7727000 rw-p 00000000 00:00 0 
b7727000-b7728000 r-xp 00000000 00:00 0          [vdso]
b7728000-b7748000 r-xp 00000000 08:05 3801995    /lib/i386-linux-gnu/ld-2.15.so
b7748000-b7749000 r--p 0001f000 08:05 3801995    /lib/i386-linux-gnu/ld-2.15.so
b7749000-b774a000 rw-p 00020000 08:05 3801995    /lib/i386-linux-gnu/ld-2.15.so
bfa07000-bfa08000 rwxp 00000000 00:00 0 
bfa3a000-bfa5b000 rw-p 00000000 00:00 0          [stack]

VM Arguments:
jvm_args: -Xmx1024M -Dfile.encoding=UTF-8 -Duser.country=IN -Duser.language=en -Duser.variant 
java_command: com.android.dx.command.Main --dex --output /home/ankit/Traafik latest/TraafikAppLatest/app/build/intermediates/pre-dexed/debug/classes-60a7eb5bedd3ac059a03773ecb9be5aae7d1c35b.jar /home/ankit/Traafik latest/TraafikAppLatest/app/build/intermediates/exploded-aar/com.google.android.gms/play-services-analytics/7.5.0/jars/classes.jar
Launcher Type: SUN_STANDARD

Environment Variables:
PATH=/usr/lib/lightdm/lightdm:/usr/local/sbin:/usr/local/bin:/usr/sbin:/usr/bin:/sbin:/bin:/usr/games
LD_LIBRARY_PATH=/home/ankit/Android studio/android-studio/bin:
SHELL=/bin/bash
DISPLAY=:0.0

Signal Handlers:
SIGSEGV: [libjvm.so+0x80b550], sa_mask[0]=0x7ffbfeff, sa_flags=0x10000004
SIGBUS: [libjvm.so+0x80b550], sa_mask[0]=0x7ffbfeff, sa_flags=0x10000004
SIGFPE: [libjvm.so+0x6753e0], sa_mask[0]=0x7ffbfeff, sa_flags=0x10000004
SIGPIPE: [libjvm.so+0x6753e0], sa_mask[0]=0x7ffbfeff, sa_flags=0x10000004
SIGXFSZ: [libjvm.so+0x6753e0], sa_mask[0]=0x7ffbfeff, sa_flags=0x10000004
SIGILL: [libjvm.so+0x6753e0], sa_mask[0]=0x7ffbfeff, sa_flags=0x10000004
SIGUSR1: SIG_DFL, sa_mask[0]=0x00000000, sa_flags=0x00000000
SIGUSR2: [libjvm.so+0x675690], sa_mask[0]=0x00000004, sa_flags=0x10000004
SIGHUP: [libjvm.so+0x675850], sa_mask[0]=0x7ffbfeff, sa_flags=0x10000004
SIGINT: [libjvm.so+0x675850], sa_mask[0]=0x7ffbfeff, sa_flags=0x10000004
SIGTERM: [libjvm.so+0x675850], sa_mask[0]=0x7ffbfeff, sa_flags=0x10000004
SIGQUIT: [libjvm.so+0x675850], sa_mask[0]=0x7ffbfeff, sa_flags=0x10000004
SIGTRAP: SIG_DFL, sa_mask[0]=0x00000000, sa_flags=0x00000000


---------------  S Y S T E M  ---------------

OS:Ubuntu 12.04 (precise)
uname:Linux 3.2.0-29-generic-pae #46-Ubuntu SMP Fri Jul 27 17:25:43 UTC 2012 i686
libc:glibc 2.15 NPTL 2.15 
rlimit: STACK 8192k, CORE 0k, NPROC 31169, NOFILE 4096, AS infinity
load average:4.45 2.24 1.23

/proc/meminfo:
MemTotal:        4004304 kB
MemFree:          179480 kB
Buffers:             308 kB
Cached:           549852 kB
SwapCached:            0 kB
Active:          3378180 kB
Inactive:         366180 kB
Active(anon):    3329044 kB
Inactive(anon):   309848 kB
Active(file):      49136 kB
Inactive(file):    56332 kB
Unevictable:          32 kB
Mlocked:              32 kB
HighTotal:       3159312 kB
HighFree:           2504 kB
LowTotal:         844992 kB
LowFree:          176976 kB
SwapTotal:             0 kB
SwapFree:              0 kB
Dirty:               484 kB
Writeback:             0 kB
AnonPages:       3194460 kB
Mapped:            70068 kB
Shmem:            444556 kB
Slab:              41200 kB
SReclaimable:      21460 kB
SUnreclaim:        19740 kB
KernelStack:        4648 kB
PageTables:        18144 kB
NFS_Unstable:          0 kB
Bounce:                0 kB
WritebackTmp:          0 kB
CommitLimit:     2002152 kB
Committed_AS:    7204688 kB
VmallocTotal:     122880 kB
VmallocUsed:       15336 kB
VmallocChunk:     105556 kB
HardwareCorrupted:     0 kB
AnonHugePages:         0 kB
HugePages_Total:       0
HugePages_Free:        0
HugePages_Rsvd:        0
HugePages_Surp:        0
Hugepagesize:       2048 kB
DirectMap4k:       10232 kB
DirectMap2M:      903168 kB


CPU:total 2 (2 cores per cpu, 1 threads per core) family 6 model 58 stepping 9, cmov, cx8, fxsr, mmx, sse, sse2, sse3, ssse3, sse4.1, sse4.2, popcnt, erms, tsc, tscinvbit, tscinv

/proc/cpuinfo:
processor	: 0
vendor_id	: GenuineIntel
cpu family	: 6
model		: 58
model name	: Intel(R) Pentium(R) CPU G2030 @ 3.00GHz
stepping	: 9
microcode	: 0x17
cpu MHz		: 3000.000
cache size	: 3072 KB
physical id	: 0
siblings	: 2
core id		: 0
cpu cores	: 2
apicid		: 0
initial apicid	: 0
fdiv_bug	: no
hlt_bug		: no
f00f_bug	: no
coma_bug	: no
fpu		: yes
fpu_exception	: yes
cpuid level	: 13
wp		: yes
flags		: fpu vme de pse tsc msr pae mce cx8 apic sep mtrr pge mca cmov pat pse36 clflush dts acpi mmx fxsr sse sse2 ss ht tm pbe nx rdtscp lm constant_tsc arch_perfmon pebs bts xtopology nonstop_tsc aperfmperf pni pclmulqdq dtes64 monitor ds_cpl vmx est tm2 ssse3 cx16 xtpr pdcm pcid sse4_1 sse4_2 popcnt tsc_deadline_timer xsave lahf_lm arat epb xsaveopt pln pts dtherm tpr_shadow vnmi flexpriority ept vpid fsgsbase smep erms
bogomips	: 5986.60
clflush size	: 64
cache_alignment	: 64
address sizes	: 36 bits physical, 48 bits virtual
power management:

processor	: 1
vendor_id	: GenuineIntel
cpu family	: 6
model		: 58
model name	: Intel(R) Pentium(R) CPU G2030 @ 3.00GHz
stepping	: 9
microcode	: 0x17
cpu MHz		: 3000.000
cache size	: 3072 KB
physical id	: 0
siblings	: 2
core id		: 1
cpu cores	: 2
apicid		: 2
initial apicid	: 2
fdiv_bug	: no
hlt_bug		: no
f00f_bug	: no
coma_bug	: no
fpu		: yes
fpu_exception	: yes
cpuid level	: 13
wp		: yes
flags		: fpu vme de pse tsc msr pae mce cx8 apic sep mtrr pge mca cmov pat pse36 clflush dts acpi mmx fxsr sse sse2 ss ht tm pbe nx rdtscp lm constant_tsc arch_perfmon pebs bts xtopology nonstop_tsc aperfmperf pni pclmulqdq dtes64 monitor ds_cpl vmx est tm2 ssse3 cx16 xtpr pdcm pcid sse4_1 sse4_2 popcnt tsc_deadline_timer xsave lahf_lm arat epb xsaveopt pln pts dtherm tpr_shadow vnmi flexpriority ept vpid fsgsbase smep erms
bogomips	: 5986.36
clflush size	: 64
cache_alignment	: 64
address sizes	: 36 bits physical, 48 bits virtual
power management:



Memory: 4k page, physical 4004304k(179480k free), swap 0k(0k free)

vm_info: OpenJDK Server VM (24.75-b04) for linux-x86 JRE (1.7.0_75-b13), built on Jan 27 2015 16:24:35 by "buildd" with gcc 4.6.3

time: Thu Jul 16 16:02:12 2015
elapsed time: 9 seconds

