#
# There is insufficient memory for the Java Runtime Environment to continue.
# Native memory allocation (malloc) failed to allocate 123994112 bytes for committing reserved memory.
# Possible reasons:
#   The system is out of physical RAM or swap space
#   In 32 bit mode, the process size limit was hit
# Possible solutions:
#   Reduce memory load on the system
#   Increase physical memory or swap space
#   Check if swap backing store is full
#   Use 64 bit Java on a 64 bit OS
#   Decrease Java heap size (-Xmx/-Xms)
#   Decrease number of Java threads
#   Decrease Java thread stack sizes (-Xss)
#   Set larger code cache with -XX:ReservedCodeCacheSize=
# This output file may be truncated or incomplete.
#
#  Out of Memory Error (os_linux.cpp:2798), pid=8023, tid=1745378112
#
# JRE version: OpenJDK Runtime Environment (7.0_75-b13) (build 1.7.0_75-b13)
# Java VM: OpenJDK Server VM (24.75-b04 mixed mode linux-x86 )
# Derivative: IcedTea 2.5.4
# Distribution: Ubuntu 12.04 LTS, package 7u75-2.5.4-1~precise1
# Failed to write core dump. Core dumps have been disabled. To enable core dumping, try "ulimit -c unlimited" before starting Java again
#

---------------  T H R E A D  ---------------

Current thread (0x67f10400):  VMThread [stack: 0x68005000,0x68086000] [id=8032]

Stack: [0x68005000,0x68086000]
[error occurred during error reporting (printing stack bounds), id 0xb]

VM_Operation (0xb6593c88): ParallelGCFailedAllocation, mode: safepoint, requested by thread 0xb6409c00


---------------  P R O C E S S  ---------------

Java Threads: ( => current thread )
  0x67f2b400 JavaThread "Service Thread" daemon [_thread_blocked, id=8038, stack(0x67b5c000,0x67bad000)]
  0x67f29800 JavaThread "C2 CompilerThread1" daemon [_thread_blocked, id=8037, stack(0x67bad000,0x67c2e000)]
  0x67f27800 JavaThread "C2 CompilerThread0" daemon [_thread_blocked, id=8036, stack(0x67c2e000,0x67caf000)]
  0x67f25c00 JavaThread "Signal Dispatcher" daemon [_thread_blocked, id=8035, stack(0x67caf000,0x67d00000)]
  0x67f14400 JavaThread "Finalizer" daemon [_thread_blocked, id=8034, stack(0x6ac03000,0x6ac54000)]
  0x67f12800 JavaThread "Reference Handler" daemon [_thread_blocked, id=8033, stack(0x6ac54000,0x6aca5000)]
  0xb6409c00 JavaThread "main" [_thread_blocked, id=8029, stack(0xb6544000,0xb6595000)]

Other Threads:
=>0x67f10400 VMThread [stack: 0x68005000,0x68086000] [id=8032]
  0x67f2d000 WatcherThread [stack: 0x67adb000,0x67b5c000] [id=8039]

VM state:at safepoint (normal execution)

VM Mutex/Monitor currently owned by a thread:  ([mutex/lock_event])
[0xb64071f8] Threads_lock - owner thread: 0x67f10400
[0xb6407608] Heap_lock - owner thread: 0xb6409c00

Heap
 PSYoungGen      total 213760K, used 6233K [0x9dd80000, 0xab880000, 0xb3300000)
  eden space 203264K, 0% used [0x9dd80000,0x9dd80000,0xaa400000)
  from space 10496K, 59% used [0xaa400000,0xaaa16680,0xaae40000)
  to   space 10496K, 0% used [0xaae40000,0xaae40000,0xab880000)
 ParOldGen       total 41728K, used 27129K [0x73300000, 0x75bc0000, 0x9dd80000)
  object space 41728K, 65% used [0x73300000,0x74d7e5c8,0x75bc0000)
 PSPermGen       total 16384K, used 5223K [0x6b300000, 0x6c300000, 0x73300000)
  object space 16384K, 31% used [0x6b300000,0x6b819eb0,0x6c300000)

Card table byte_map: [0x6b0bf000,0x6b300000] byte_map_base: 0x6ad65800

Polling page: 0xb76eb000

Code Cache  [0xb33c4000, 0xb3644000, 0xb63c4000)
 total_blobs=1115 nmethods=983 adapters=86 free_code_cache=46642Kb largest_free_block=47713216

Compilation events (10 events):
Event: 6.619 Thread 0x67f29800 nmethod 1002 0xb3639f48 code [0xb363a060, 0xb363a250]
Event: 6.619 Thread 0x67f29800 1004             com.android.dx.io.instructions.InstructionCodec::encodeRegisterRange (26 bytes)
Event: 6.621 Thread 0x67f27800 nmethod 1003 0xb363ff08 code [0xb3640020, 0xb36401d0]
Event: 6.621 Thread 0x67f27800 1005             com.android.dx.io.instructions.RegisterRangeDecodedInstruction::getRegisterCount (5 bytes)
Event: 6.621 Thread 0x67f27800 nmethod 1005 0xb363d188 code [0xb363d260, 0xb363d2b0]
Event: 6.621 Thread 0x67f27800 1006             com.android.dx.io.instructions.DecodedInstruction::getAUnit (46 bytes)
Event: 6.622 Thread 0x67f27800 nmethod 1006 0xb363bc48 code [0xb363bd40, 0xb363bdd0]
Event: 6.622 Thread 0x67f27800 1007             com.android.dx.io.instructions.RegisterRangeDecodedInstruction::getA (5 bytes)
Event: 6.622 Thread 0x67f27800 nmethod 1007 0xb35de4c8 code [0xb35de5a0, 0xb35de5f0]
Event: 6.623 Thread 0x67f29800 nmethod 1004 0xb35ddfc8 code [0xb35de0e0, 0xb35de290]

GC Heap History (10 events):
Event: 4.662 GC heap after
Heap after GC invocations=6 (full 0):
 PSYoungGen      total 73984K, used 3717K [0x9dd80000, 0xa3000000, 0xb3300000)
  eden space 63488K, 0% used [0x9dd80000,0x9dd80000,0xa1b80000)
  from space 10496K, 35% used [0xa25c0000,0xa29616c0,0xa3000000)
  to   space 10496K, 0% used [0xa1b80000,0xa1b80000,0xa25c0000)
 ParOldGen       total 41728K, used 17860K [0x73300000, 0x75bc0000, 0x9dd80000)
  object space 41728K, 42% used [0x73300000,0x744710b8,0x75bc0000)
 PSPermGen       total 16384K, used 5115K [0x6b300000, 0x6c300000, 0x73300000)
  object space 16384K, 31% used [0x6b300000,0x6b7fed60,0x6c300000)
}
Event: 5.161 GC heap before
{Heap before GC invocations=7 (full 0):
 PSYoungGen      total 73984K, used 67205K [0x9dd80000, 0xa3000000, 0xb3300000)
  eden space 63488K, 100% used [0x9dd80000,0xa1b80000,0xa1b80000)
  from space 10496K, 35% used [0xa25c0000,0xa29616c0,0xa3000000)
  to   space 10496K, 0% used [0xa1b80000,0xa1b80000,0xa25c0000)
 ParOldGen       total 41728K, used 17860K [0x73300000, 0x75bc0000, 0x9dd80000)
  object space 41728K, 42% used [0x73300000,0x744710b8,0x75bc0000)
 PSPermGen       total 16384K, used 5202K [0x6b300000, 0x6c300000, 0x73300000)
  object space 16384K, 31% used [0x6b300000,0x6b814838,0x6c300000)
Event: 5.170 GC heap after
Heap after GC invocations=7 (full 0):
 PSYoungGen      total 73984K, used 8702K [0x9dd80000, 0xa6f80000, 0xb3300000)
  eden space 63488K, 0% used [0x9dd80000,0x9dd80000,0xa1b80000)
  from space 10496K, 82% used [0xa1b80000,0xa23ffac0,0xa25c0000)
  to   space 11264K, 0% used [0xa6480000,0xa6480000,0xa6f80000)
 ParOldGen       total 41728K, used 18043K [0x73300000, 0x75bc0000, 0x9dd80000)
  object space 41728K, 43% used [0x73300000,0x7449efd8,0x75bc0000)
 PSPermGen       total 16384K, used 5202K [0x6b300000, 0x6c300000, 0x73300000)
  object space 16384K, 31% used [0x6b300000,0x6b814838,0x6c300000)
}
Event: 5.427 GC heap before
{Heap before GC invocations=8 (full 0):
 PSYoungGen      total 73984K, used 72190K [0x9dd80000, 0xa6f80000, 0xb3300000)
  eden space 63488K, 100% used [0x9dd80000,0xa1b80000,0xa1b80000)
  from space 10496K, 82% used [0xa1b80000,0xa23ffac0,0xa25c0000)
  to   space 11264K, 0% used [0xa6480000,0xa6480000,0xa6f80000)
 ParOldGen       total 41728K, used 18043K [0x73300000, 0x75bc0000, 0x9dd80000)
  object space 41728K, 43% used [0x73300000,0x7449efd8,0x75bc0000)
 PSPermGen       total 16384K, used 5212K [0x6b300000, 0x6c300000, 0x73300000)
  object space 16384K, 31% used [0x6b300000,0x6b817348,0x6c300000)
Event: 5.433 GC heap after
Heap after GC invocations=8 (full 0):
 PSYoungGen      total 137216K, used 5838K [0x9dd80000, 0xa6e80000, 0xb3300000)
  eden space 126976K, 0% used [0x9dd80000,0x9dd80000,0xa5980000)
  from space 10240K, 57% used [0xa6480000,0xa6a33bd0,0xa6e80000)
  to   space 10752K, 0% used [0xa5980000,0xa5980000,0xa6400000)
 ParOldGen       total 41728K, used 19712K [0x73300000, 0x75bc0000, 0x9dd80000)
  object space 41728K, 47% used [0x73300000,0x746401d8,0x75bc0000)
 PSPermGen       total 16384K, used 5212K [0x6b300000, 0x6c300000, 0x73300000)
  object space 16384K, 31% used [0x6b300000,0x6b817348,0x6c300000)
}
Event: 6.127 GC heap before
{Heap before GC invocations=9 (full 0):
 PSYoungGen      total 137216K, used 132676K [0x9dd80000, 0xa6e80000, 0xb3300000)
  eden space 126976K, 99% used [0x9dd80000,0xa595d490,0xa5980000)
  from space 10240K, 57% used [0xa6480000,0xa6a33bd0,0xa6e80000)
  to   space 10752K, 0% used [0xa5980000,0xa5980000,0xa6400000)
 ParOldGen       total 41728K, used 19712K [0x73300000, 0x75bc0000, 0x9dd80000)
  object space 41728K, 47% used [0x73300000,0x746401d8,0x75bc0000)
 PSPermGen       total 16384K, used 5218K [0x6b300000, 0x6c300000, 0x73300000)
  object space 16384K, 31% used [0x6b300000,0x6b818a40,0x6c300000)
Event: 6.134 GC heap after
Heap after GC invocations=9 (full 0):
 PSYoungGen      total 137728K, used 4412K [0x9dd80000, 0xab880000, 0xb3300000)
  eden space 126976K, 0% used [0x9dd80000,0x9dd80000,0xa5980000)
  from space 10752K, 41% used [0xa5980000,0xa5dcf140,0xa6400000)
  to   space 10496K, 0% used [0xaae40000,0xaae40000,0xab880000)
 ParOldGen       total 41728K, used 20817K [0x73300000, 0x75bc0000, 0x9dd80000)
  object space 41728K, 49% used [0x73300000,0x74754728,0x75bc0000)
 PSPermGen       total 16384K, used 5218K [0x6b300000, 0x6c300000, 0x73300000)
  object space 16384K, 31% used [0x6b300000,0x6b818a40,0x6c300000)
}
Event: 6.360 GC heap before
{Heap before GC invocations=10 (full 0):
 PSYoungGen      total 137728K, used 131388K [0x9dd80000, 0xab880000, 0xb3300000)
  eden space 126976K, 100% used [0x9dd80000,0xa5980000,0xa5980000)
  from space 10752K, 41% used [0xa5980000,0xa5dcf140,0xa6400000)
  to   space 10496K, 0% used [0xaae40000,0xaae40000,0xab880000)
 ParOldGen       total 41728K, used 20817K [0x73300000, 0x75bc0000, 0x9dd80000)
  object space 41728K, 49% used [0x73300000,0x74754728,0x75bc0000)
 PSPermGen       total 16384K, used 5221K [0x6b300000, 0x6c300000, 0x73300000)
  object space 16384K, 31% used [0x6b300000,0x6b8195c8,0x6c300000)
Event: 6.363 GC heap after
Heap after GC invocations=10 (full 0):
 PSYoungGen      total 213760K, used 6841K [0x9dd80000, 0xab880000, 0xb3300000)
  eden space 203264K, 0% used [0x9dd80000,0x9dd80000,0xaa400000)
  from space 10496K, 65% used [0xaae40000,0xab4ee4f0,0xab880000)
  to   space 10496K, 0% used [0xaa400000,0xaa400000,0xaae40000)
 ParOldGen       total 41728K, used 20825K [0x73300000, 0x75bc0000, 0x9dd80000)
  object space 41728K, 49% used [0x73300000,0x74756728,0x75bc0000)
 PSPermGen       total 16384K, used 5221K [0x6b300000, 0x6c300000, 0x73300000)
  object space 16384K, 31% used [0x6b300000,0x6b8195c8,0x6c300000)
}
Event: 6.732 GC heap before
{Heap before GC invocations=11 (full 0):
 PSYoungGen      total 213760K, used 210105K [0x9dd80000, 0xab880000, 0xb3300000)
  eden space 203264K, 100% used [0x9dd80000,0xaa400000,0xaa400000)
  from space 10496K, 65% used [0xaae40000,0xab4ee4f0,0xab880000)
  to   space 10496K, 0% used [0xaa400000,0xaa400000,0xaae40000)
 ParOldGen       total 41728K, used 20825K [0x73300000, 0x75bc0000, 0x9dd80000)
  object space 41728K, 49% used [0x73300000,0x74756728,0x75bc0000)
 PSPermGen       total 16384K, used 5223K [0x6b300000, 0x6c300000, 0x73300000)
  object space 16384K, 31% used [0x6b300000,0x6b819eb0,0x6c300000)

Deoptimization events (10 events):
Event: 5.019 Thread 0xb6409c00 Uncommon trap: reason=array_check action=maybe_recompile pc=0xb35bda90 method=java.util.ComparableTimSort.binarySort([Ljava/lang/Object;III)V @ 193
Event: 5.155 Thread 0xb6409c00 Uncommon trap: reason=array_check action=maybe_recompile pc=0xb35f4460 method=java.util.TimSort.binarySort([Ljava/lang/Object;IIILjava/util/Comparator;)V @ 193
Event: 5.155 Thread 0xb6409c00 Uncommon trap: reason=array_check action=maybe_recompile pc=0xb35f4460 method=java.util.TimSort.binarySort([Ljava/lang/Object;IIILjava/util/Comparator;)V @ 193
Event: 5.155 Thread 0xb6409c00 Uncommon trap: reason=array_check action=maybe_recompile pc=0xb35f4460 method=java.util.TimSort.binarySort([Ljava/lang/Object;IIILjava/util/Comparator;)V @ 193
Event: 5.155 Thread 0xb6409c00 Uncommon trap: reason=array_check action=maybe_recompile pc=0xb35f4460 method=java.util.TimSort.binarySort([Ljava/lang/Object;IIILjava/util/Comparator;)V @ 193
Event: 5.233 Thread 0xb6409c00 Uncommon trap: reason=array_check action=maybe_recompile pc=0xb35f5eb4 method=java.util.ComparableTimSort.binarySort([Ljava/lang/Object;III)V @ 183
Event: 5.276 Thread 0xb6409c00 Uncommon trap: reason=array_check action=maybe_recompile pc=0xb35f5eb4 method=java.util.ComparableTimSort.binarySort([Ljava/lang/Object;III)V @ 183
Event: 5.287 Thread 0xb6409c00 Uncommon trap: reason=array_check action=maybe_recompile pc=0xb35f8020 method=java.util.TimSort.binarySort([Ljava/lang/Object;IIILjava/util/Comparator;)V @ 215
Event: 5.288 Thread 0xb6409c00 Uncommon trap: reason=array_check action=maybe_recompile pc=0xb35f80a0 method=java.util.TimSort.binarySort([Ljava/lang/Object;IIILjava/util/Comparator;)V @ 183
Event: 5.288 Thread 0xb6409c00 Uncommon trap: reason=array_check action=maybe_recompile pc=0xb35f8020 method=java.util.TimSort.binarySort([Ljava/lang/Object;IIILjava/util/Comparator;)V @ 215

Internal exceptions (10 events):
Event: 4.224 Thread 0xb6409c00 Threw 0x9e0e5748 at /build/buildd/openjdk-7-7u75-2.5.4/build/openjdk/hotspot/src/share/vm/prims/jvm.cpp:1284
Event: 4.225 Thread 0xb6409c00 Threw 0x9e0ec6d8 at /build/buildd/openjdk-7-7u75-2.5.4/build/openjdk/hotspot/src/share/vm/prims/jvm.cpp:1284
Event: 4.226 Thread 0xb6409c00 Threw 0x9e0ef1b0 at /build/buildd/openjdk-7-7u75-2.5.4/build/openjdk/hotspot/src/share/vm/prims/jvm.cpp:1284
Event: 4.307 Thread 0xb6409c00 Threw 0x9e284da8 at /build/buildd/openjdk-7-7u75-2.5.4/build/openjdk/hotspot/src/share/vm/prims/jvm.cpp:1284
Event: 4.307 Thread 0xb6409c00 Threw 0x9e284ec0 at /build/buildd/openjdk-7-7u75-2.5.4/build/openjdk/hotspot/src/share/vm/prims/jvm.cpp:1284
Event: 4.307 Thread 0xb6409c00 Threw 0x9e287310 at /build/buildd/openjdk-7-7u75-2.5.4/build/openjdk/hotspot/src/share/vm/prims/jvm.cpp:1284
Event: 4.307 Thread 0xb6409c00 Threw 0x9e287428 at /build/buildd/openjdk-7-7u75-2.5.4/build/openjdk/hotspot/src/share/vm/prims/jvm.cpp:1284
Event: 4.307 Thread 0xb6409c00 Threw 0x9e287d98 at /build/buildd/openjdk-7-7u75-2.5.4/build/openjdk/hotspot/src/share/vm/prims/jvm.cpp:1284
Event: 4.307 Thread 0xb6409c00 Threw 0x9e287eb0 at /build/buildd/openjdk-7-7u75-2.5.4/build/openjdk/hotspot/src/share/vm/prims/jvm.cpp:1284
Event: 4.570 Thread 0xb6409c00 Threw 0x9f3068c0 at /build/buildd/openjdk-7-7u75-2.5.4/build/openjdk/hotspot/src/share/vm/prims/jvm.cpp:1284

Events (10 events):
Event: 6.137 Thread 0x67f27800 flushing nmethod 0xb3474d88
Event: 6.137 Thread 0x67f27800 flushing nmethod 0xb3485a48
Event: 6.158 Thread 0x67f27800 flushing nmethod 0xb357d508
Event: 6.360 Executing VM operation: ParallelGCFailedAllocation
Event: 6.363 Executing VM operation: ParallelGCFailedAllocation done
Event: 6.621 Thread 0x67f27800 flushing nmethod 0xb35b3a48
Event: 6.621 Thread 0x67f27800 flushing nmethod 0xb35bd488
Event: 6.621 Thread 0x67f27800 flushing nmethod 0xb35ddbc8
Event: 6.622 Thread 0x67f27800 flushing nmethod 0xb35f3d48
Event: 6.732 Executing VM operation: ParallelGCFailedAllocation


Dynamic libraries:
08048000-08049000 r-xp 00000000 08:05 4983886    /usr/lib/jvm/java-7-openjdk-i386/jre/bin/java
08049000-0804a000 r--p 00000000 08:05 4983886    /usr/lib/jvm/java-7-openjdk-i386/jre/bin/java
0804a000-0804b000 rw-p 00001000 08:05 4983886    /usr/lib/jvm/java-7-openjdk-i386/jre/bin/java
0850c000-08e41000 rw-p 00000000 00:00 0          [heap]
669a9000-66afc000 r-xp 00000000 08:05 4985508    /usr/lib/i386-linux-gnu/libgio-2.0.so.0.3200.3
66afc000-66afe000 r--p 00153000 08:05 4985508    /usr/lib/i386-linux-gnu/libgio-2.0.so.0.3200.3
66afe000-66aff000 rw-p 00155000 08:05 4985508    /usr/lib/i386-linux-gnu/libgio-2.0.so.0.3200.3
66aff000-66b00000 rw-p 00000000 00:00 0 
66b00000-66bf3000 rw-p 00000000 00:00 0 
66bf3000-66c00000 ---p 00000000 00:00 0 
66cc4000-66cfe000 r-xp 00000000 08:05 3802088    /lib/i386-linux-gnu/libpcre.so.3.12.1
66cfe000-66cff000 r--p 00039000 08:05 3802088    /lib/i386-linux-gnu/libpcre.so.3.12.1
66cff000-66d00000 rw-p 0003a000 08:05 3802088    /lib/i386-linux-gnu/libpcre.so.3.12.1
66d00000-66dd9000 rw-p 00000000 00:00 0 
66dd9000-66e00000 ---p 00000000 00:00 0 
66e00000-66eea000 rw-p 00000000 00:00 0 
66eea000-66f00000 ---p 00000000 00:00 0 
66f00000-66ff1000 rw-p 00000000 00:00 0 
66ff1000-67000000 ---p 00000000 00:00 0 
67000000-670f1000 rw-p 00000000 00:00 0 
670f1000-67100000 ---p 00000000 00:00 0 
67100000-671fc000 rw-p 00000000 00:00 0 
671fc000-67200000 ---p 00000000 00:00 0 
67200000-672fd000 rw-p 00000000 00:00 0 
672fd000-67300000 ---p 00000000 00:00 0 
67300000-674e8000 rw-p 00000000 00:00 0 
674e8000-67500000 ---p 00000000 00:00 0 
67500000-675fa000 rw-p 00000000 00:00 0 
675fa000-67600000 ---p 00000000 00:00 0 
67600000-676fb000 rw-p 00000000 00:00 0 
676fb000-67700000 ---p 00000000 00:00 0 
67700000-677fc000 rw-p 00000000 00:00 0 
677fc000-67800000 ---p 00000000 00:00 0 
67807000-678fe000 r-xp 00000000 08:05 3802040    /lib/i386-linux-gnu/libglib-2.0.so.0.3200.3
678fe000-678ff000 r--p 000f6000 08:05 3802040    /lib/i386-linux-gnu/libglib-2.0.so.0.3200.3
678ff000-67900000 rw-p 000f7000 08:05 3802040    /lib/i386-linux-gnu/libglib-2.0.so.0.3200.3
67900000-6796a000 rw-p 00000000 00:00 0 
6796a000-67a00000 ---p 00000000 00:00 0 
67a01000-67a06000 r-xp 00000000 08:05 4985471    /usr/lib/i386-linux-gnu/libffi.so.6.0.0
67a06000-67a07000 r--p 00004000 08:05 4985471    /usr/lib/i386-linux-gnu/libffi.so.6.0.0
67a07000-67a08000 rw-p 00005000 08:05 4985471    /usr/lib/i386-linux-gnu/libffi.so.6.0.0
67a08000-67a1b000 r-xp 00000000 08:05 3802099    /lib/i386-linux-gnu/libresolv-2.15.so
67a1b000-67a1c000 ---p 00013000 08:05 3802099    /lib/i386-linux-gnu/libresolv-2.15.so
67a1c000-67a1d000 r--p 00013000 08:05 3802099    /lib/i386-linux-gnu/libresolv-2.15.so
67a1d000-67a1e000 rw-p 00014000 08:05 3802099    /lib/i386-linux-gnu/libresolv-2.15.so
67a1e000-67a20000 rw-p 00000000 00:00 0 
67a20000-67a3d000 r-xp 00000000 08:05 3802103    /lib/i386-linux-gnu/libselinux.so.1
67a3d000-67a3e000 r--p 0001c000 08:05 3802103    /lib/i386-linux-gnu/libselinux.so.1
67a3e000-67a3f000 rw-p 0001d000 08:05 3802103    /lib/i386-linux-gnu/libselinux.so.1
67a3f000-67a8c000 r-xp 00000000 08:05 4985532    /usr/lib/i386-linux-gnu/libgobject-2.0.so.0.3200.3
67a8c000-67a8d000 r--p 0004c000 08:05 4985532    /usr/lib/i386-linux-gnu/libgobject-2.0.so.0.3200.3
67a8d000-67a8e000 rw-p 0004d000 08:05 4985532    /usr/lib/i386-linux-gnu/libgobject-2.0.so.0.3200.3
67a9c000-67aa0000 r--s 0004d000 08:05 4989094    /usr/lib/jvm/java-7-openjdk-i386/jre/lib/jsse.jar
67aa0000-67ab7000 r-xp 00000000 08:05 4989135    /usr/lib/jvm/java-7-openjdk-i386/jre/lib/i386/libnet.so
67ab7000-67ab8000 r--p 00016000 08:05 4989135    /usr/lib/jvm/java-7-openjdk-i386/jre/lib/i386/libnet.so
67ab8000-67ab9000 rw-p 00017000 08:05 4989135    /usr/lib/jvm/java-7-openjdk-i386/jre/lib/i386/libnet.so
67ab9000-67aca000 r-xp 00000000 08:05 4989121    /usr/lib/jvm/java-7-openjdk-i386/jre/lib/i386/libnio.so
67aca000-67acb000 r--p 00010000 08:05 4989121    /usr/lib/jvm/java-7-openjdk-i386/jre/lib/i386/libnio.so
67acb000-67acc000 rw-p 00011000 08:05 4989121    /usr/lib/jvm/java-7-openjdk-i386/jre/lib/i386/libnio.so
67acc000-67adb000 r--s 000dd000 08:06 21369266   /home/ankit/Ankitt Data/ECLIPSE/sdk/build-tools/22.0.1/lib/dx.jar
67adb000-67adc000 ---p 00000000 00:00 0 
67adc000-67b5c000 rw-p 00000000 00:00 0 
67b5c000-67b5f000 ---p 00000000 00:00 0 
67b5f000-67bad000 rw-p 00000000 00:00 0 
67bad000-67bb0000 ---p 00000000 00:00 0 
67bb0000-67c2e000 rw-p 00000000 00:00 0 
67c2e000-67c31000 ---p 00000000 00:00 0 
67c31000-67caf000 rw-p 00000000 00:00 0 
67caf000-67cb2000 ---p 00000000 00:00 0 
67cb2000-67d00000 rw-p 00000000 00:00 0 
67d00000-67f00000 r--p 00000000 08:05 4988066    /usr/lib/locale/locale-archive
67f00000-67ffe000 rw-p 00000000 00:00 0 
67ffe000-68000000 ---p 00000000 00:00 0 
68000000-68003000 r-xp 00000000 08:05 4985518    /usr/lib/i386-linux-gnu/libgmodule-2.0.so.0.3200.3
68003000-68004000 r--p 00002000 08:05 4985518    /usr/lib/i386-linux-gnu/libgmodule-2.0.so.0.3200.3
68004000-68005000 rw-p 00003000 08:05 4985518    /usr/lib/i386-linux-gnu/libgmodule-2.0.so.0.3200.3
68005000-68006000 ---p 00000000 00:00 0 
68006000-680cf000 rw-p 00000000 00:00 0 
680cf000-68280000 r--s 01d23000 08:05 4989042    /usr/lib/jvm/java-7-openjdk-i386/jre/lib/rt.jar
68280000-6ab00000 rw-p 00000000 00:00 0 
6ab00000-6abfe000 rw-p 00000000 00:00 0 
6abfe000-6ac00000 ---p 00000000 00:00 0 
6ac00000-6ac03000 r--s 0000f000 08:05 4989079    /usr/lib/jvm/java-7-openjdk-i386/jre/lib/ext/icedtea-sound.jar
6ac03000-6ac06000 ---p 00000000 00:00 0 
6ac06000-6ac54000 rw-p 00000000 00:00 0 
6ac54000-6ac57000 ---p 00000000 00:00 0 
6ac57000-6ad00000 rw-p 00000000 00:00 0 
6ad00000-6ad21000 rw-p 00000000 00:00 0 
6ad21000-6ae00000 ---p 00000000 00:00 0 
6ae02000-6ae04000 r--s 00012000 08:05 4989084    /usr/lib/jvm/java-7-openjdk-i386/jre/lib/ext/zipfs.jar
6ae04000-6ae08000 r--s 00034000 08:05 4989083    /usr/lib/jvm/java-7-openjdk-i386/jre/lib/ext/sunjce_provider.jar
6ae08000-6ae0c000 r--s 0003c000 08:05 4989081    /usr/lib/jvm/java-7-openjdk-i386/jre/lib/ext/sunpkcs11.jar
6ae0c000-6ae27000 rw-p 00000000 00:00 0 
6ae27000-6ae28000 ---p 00000000 00:00 0 
6ae28000-6aea8000 rw-p 00000000 00:00 0 
6aea8000-6aea9000 ---p 00000000 00:00 0 
6aea9000-6af31000 rw-p 00000000 00:00 0 
6af31000-6af69000 rw-p 00000000 00:00 0 
6af69000-6af7e000 rw-p 00000000 00:00 0 
6af7e000-6b0bf000 rw-p 00000000 00:00 0 
6b0bf000-6b0c7000 rw-p 00000000 00:00 0 
6b0c7000-6b0ff000 rw-p 00000000 00:00 0 
6b0ff000-6b114000 rw-p 00000000 00:00 0 
6b114000-6b254000 rw-p 00000000 00:00 0 
6b254000-6b2c2000 rw-p 00000000 00:00 0 
6b2c2000-6b2ff000 rw-p 00000000 00:00 0 
6b2ff000-6c300000 rw-p 00000000 00:00 0 
6c300000-73300000 rw-p 00000000 00:00 0 
73300000-75bc0000 rw-p 00000000 00:00 0 
75bc0000-9dd80000 rw-p 00000000 00:00 0 
9dd80000-ab880000 rw-p 00000000 00:00 0 
b2ec0000-b3300000 rw-p 00000000 00:00 0 
b3300000-b3301000 r--s 00007000 08:05 5246941    /usr/share/java/java-atk-wrapper.jar
b3301000-b3304000 r--s 00086000 08:05 4989082    /usr/lib/jvm/java-7-openjdk-i386/jre/lib/ext/localedata.jar
b3304000-b330e000 rw-p 00000000 00:00 0 
b330e000-b33c4000 rw-p 00000000 00:00 0 
b33c4000-b3644000 rwxp 00000000 00:00 0 
b3644000-b63c4000 rw-p 00000000 00:00 0 
b63c4000-b63cf000 r-xp 00000000 08:05 3802066    /lib/i386-linux-gnu/libnss_files-2.15.so
b63cf000-b63d0000 r--p 0000a000 08:05 3802066    /lib/i386-linux-gnu/libnss_files-2.15.so
b63d0000-b63d1000 rw-p 0000b000 08:05 3802066    /lib/i386-linux-gnu/libnss_files-2.15.so
b63d1000-b63db000 r-xp 00000000 08:05 3802070    /lib/i386-linux-gnu/libnss_nis-2.15.so
b63db000-b63dc000 r--p 00009000 08:05 3802070    /lib/i386-linux-gnu/libnss_nis-2.15.so
b63dc000-b63dd000 rw-p 0000a000 08:05 3802070    /lib/i386-linux-gnu/libnss_nis-2.15.so
b63dd000-b63f3000 r-xp 00000000 08:05 3802060    /lib/i386-linux-gnu/libnsl-2.15.so
b63f3000-b63f4000 r--p 00015000 08:05 3802060    /lib/i386-linux-gnu/libnsl-2.15.so
b63f4000-b63f5000 rw-p 00016000 08:05 3802060    /lib/i386-linux-gnu/libnsl-2.15.so
b63f5000-b63f7000 rw-p 00000000 00:00 0 
b63f7000-b63fe000 r-xp 00000000 08:05 3802062    /lib/i386-linux-gnu/libnss_compat-2.15.so
b63fe000-b63ff000 r--p 00006000 08:05 3802062    /lib/i386-linux-gnu/libnss_compat-2.15.so
b63ff000-b6400000 rw-p 00007000 08:05 3802062    /lib/i386-linux-gnu/libnss_compat-2.15.so
b6400000-b64ff000 rw-p 00000000 00:00 0 
b64ff000-b6500000 ---p 00000000 00:00 0 
b6500000-b6508000 r-xp 00000000 08:05 4989114    /usr/lib/jvm/java-7-openjdk-i386/jre/lib/i386/libzip.so
b6508000-b6509000 r--p 00007000 08:05 4989114    /usr/lib/jvm/java-7-openjdk-i386/jre/lib/i386/libzip.so
b6509000-b650a000 rw-p 00008000 08:05 4989114    /usr/lib/jvm/java-7-openjdk-i386/jre/lib/i386/libzip.so
b650a000-b6512000 rw-s 00000000 08:05 145392     /tmp/hsperfdata_ankit/8023
b6512000-b6539000 r-xp 00000000 08:05 4989134    /usr/lib/jvm/java-7-openjdk-i386/jre/lib/i386/libjava.so
b6539000-b653a000 r--p 00026000 08:05 4989134    /usr/lib/jvm/java-7-openjdk-i386/jre/lib/i386/libjava.so
b653a000-b653b000 rw-p 00027000 08:05 4989134    /usr/lib/jvm/java-7-openjdk-i386/jre/lib/i386/libjava.so
b653b000-b6542000 r-xp 00000000 08:05 3802101    /lib/i386-linux-gnu/librt-2.15.so
b6542000-b6543000 r--p 00006000 08:05 3802101    /lib/i386-linux-gnu/librt-2.15.so
b6543000-b6544000 rw-p 00007000 08:05 3802101    /lib/i386-linux-gnu/librt-2.15.so
b6544000-b6547000 ---p 00000000 00:00 0 
b6547000-b6595000 rw-p 00000000 00:00 0 
b6595000-b65b1000 r-xp 00000000 08:05 3802036    /lib/i386-linux-gnu/libgcc_s.so.1
b65b1000-b65b2000 r--p 0001b000 08:05 3802036    /lib/i386-linux-gnu/libgcc_s.so.1
b65b2000-b65b3000 rw-p 0001c000 08:05 3802036    /lib/i386-linux-gnu/libgcc_s.so.1
b65b3000-b65dd000 r-xp 00000000 08:05 3802047    /lib/i386-linux-gnu/libm-2.15.so
b65dd000-b65de000 r--p 00029000 08:05 3802047    /lib/i386-linux-gnu/libm-2.15.so
b65de000-b65df000 rw-p 0002a000 08:05 3802047    /lib/i386-linux-gnu/libm-2.15.so
b65df000-b66b7000 r-xp 00000000 08:05 4985813    /usr/lib/i386-linux-gnu/libstdc++.so.6.0.16
b66b7000-b66b8000 ---p 000d8000 08:05 4985813    /usr/lib/i386-linux-gnu/libstdc++.so.6.0.16
b66b8000-b66bc000 r--p 000d8000 08:05 4985813    /usr/lib/i386-linux-gnu/libstdc++.so.6.0.16
b66bc000-b66bd000 rw-p 000dc000 08:05 4985813    /usr/lib/i386-linux-gnu/libstdc++.so.6.0.16
b66bd000-b66c4000 rw-p 00000000 00:00 0 
b66c4000-b7086000 r-xp 00000000 08:05 4989140    /usr/lib/jvm/java-7-openjdk-i386/jre/lib/i386/server/libjvm.so
b7086000-b70db000 r--p 009c2000 08:05 4989140    /usr/lib/jvm/java-7-openjdk-i386/jre/lib/i386/server/libjvm.so
b70db000-b70ef000 rw-p 00a17000 08:05 4989140    /usr/lib/jvm/java-7-openjdk-i386/jre/lib/i386/server/libjvm.so
b70ef000-b750d000 rw-p 00000000 00:00 0 
b750d000-b7521000 r-xp 00000000 08:05 3802126    /lib/i386-linux-gnu/libz.so.1.2.3.4
b7521000-b7522000 r--p 00013000 08:05 3802126    /lib/i386-linux-gnu/libz.so.1.2.3.4
b7522000-b7523000 rw-p 00014000 08:05 3802126    /lib/i386-linux-gnu/libz.so.1.2.3.4
b7523000-b753a000 r-xp 00000000 08:05 3802095    /lib/i386-linux-gnu/libpthread-2.15.so
b753a000-b753b000 r--p 00016000 08:05 3802095    /lib/i386-linux-gnu/libpthread-2.15.so
b753b000-b753c000 rw-p 00017000 08:05 3802095    /lib/i386-linux-gnu/libpthread-2.15.so
b753c000-b753e000 rw-p 00000000 00:00 0 
b753e000-b7541000 r-xp 00000000 08:05 3802028    /lib/i386-linux-gnu/libdl-2.15.so
b7541000-b7542000 r--p 00002000 08:05 3802028    /lib/i386-linux-gnu/libdl-2.15.so
b7542000-b7543000 rw-p 00003000 08:05 3802028    /lib/i386-linux-gnu/libdl-2.15.so
b7543000-b76e2000 r-xp 00000000 08:05 3802015    /lib/i386-linux-gnu/libc-2.15.so
b76e2000-b76e4000 r--p 0019f000 08:05 3802015    /lib/i386-linux-gnu/libc-2.15.so
b76e4000-b76e5000 rw-p 001a1000 08:05 3802015    /lib/i386-linux-gnu/libc-2.15.so
b76e5000-b76e8000 rw-p 00000000 00:00 0 
b76e8000-b76e9000 r--s 00002000 08:05 4989080    /usr/lib/jvm/java-7-openjdk-i386/jre/lib/ext/dnsns.jar
b76e9000-b76ea000 r--p 005db000 08:05 4988066    /usr/lib/locale/locale-archive
b76ea000-b76eb000 rw-p 00000000 00:00 0 
b76eb000-b76ec000 ---p 00000000 00:00 0 
b76ec000-b76f8000 r-xp 00000000 08:05 4989131    /usr/lib/jvm/java-7-openjdk-i386/jre/lib/i386/libverify.so
b76f8000-b76f9000 r--p 0000b000 08:05 4989131    /usr/lib/jvm/java-7-openjdk-i386/jre/lib/i386/libverify.so
b76f9000-b76fa000 rw-p 0000c000 08:05 4989131    /usr/lib/jvm/java-7-openjdk-i386/jre/lib/i386/libverify.so
b76fa000-b7707000 r-xp 00000000 08:05 4989106    /usr/lib/jvm/java-7-openjdk-i386/jre/lib/i386/jli/libjli.so
b7707000-b7708000 r--p 0000c000 08:05 4989106    /usr/lib/jvm/java-7-openjdk-i386/jre/lib/i386/jli/libjli.so
b7708000-b7709000 rw-p 0000d000 08:05 4989106    /usr/lib/jvm/java-7-openjdk-i386/jre/lib/i386/jli/libjli.so
b7709000-b770c000 rw-p 00000000 00:00 0 
b770c000-b770d000 r-xp 00000000 00:00 0          [vdso]
b770d000-b772d000 r-xp 00000000 08:05 3801995    /lib/i386-linux-gnu/ld-2.15.so
b772d000-b772e000 r--p 0001f000 08:05 3801995    /lib/i386-linux-gnu/ld-2.15.so
b772e000-b772f000 rw-p 00020000 08:05 3801995    /lib/i386-linux-gnu/ld-2.15.so
bfbc5000-bfbc6000 rwxp 00000000 00:00 0 
bfbf7000-bfc19000 rw-p 00000000 00:00 0          [stack]

VM Arguments:
jvm_args: -Xmx1024M -Dfile.encoding=UTF-8 -Duser.country=IN -Duser.language=en -Duser.variant 
java_command: com.android.dx.command.Main --dex --output /home/ankit/Traafik latest/TraafikAppLatest/app/build/intermediates/dex/debug /home/ankit/Traafik latest/TraafikAppLatest/app/build/intermediates/classes/debug /home/ankit/Traafik latest/TraafikAppLatest/app/build/intermediates/pre-dexed/debug/support-annotations-22.2.1-7ec2d6bf9002678c75ac807ef4c903263d3b5fc8.jar /home/ankit/Traafik latest/TraafikAppLatest/app/build/intermediates/pre-dexed/debug/classes-3738216e6fc96e577c88b4313c8bfada63a4f847.jar /home/ankit/Traafik latest/TraafikAppLatest/app/build/intermediates/pre-dexed/debug/classes-6adb14698c36f217dbc8f44998dfb853cd0a1d53.jar /home/ankit/Traafik latest/TraafikAppLatest/app/build/intermediates/pre-dexed/debug/simple-side-drawer2-7c187662cd1383aba070f8109eee9f43ca311757.jar /home/ankit/Traafik latest/TraafikAppLatest/app/build/intermediates/pre-dexed/debug/classes-898b057db62618291972c52c147f2215def5d43e.jar /home/ankit/Traafik latest/TraafikAppLatest/app/build/intermediates/pre-dexed/debug/internal_impl-22.0.0-137508c80f2a10835c8bd34299b2142895c34add.jar /home/ankit/Traafik latest/TraafikAppLatest/app/build/intermediates/pre-dexed/debug/classes-8f1915b953beda78dc1ed1ca65fc463490162f66.jar /home/ankit/Traafik latest/TraafikAppLatest/app/build/intermediates/pre-dexed/debug/classes-d4a7aebef974cda66375665b223a04ae0cb3fa4c.jar /home/ankit/Traafik latest/TraafikAppLatest/app/build/intermediates/pre-dexed/debug/bolts-android-1.2.0-d25641ad2757a29dfe0c7ca50222a387b8134cd1.jar /home/ankit/Traafik latest/TraafikAppLatest/app/build/intermediates/pre-dexed/debug/classes-754b790782de93011173afded38fe936f74b280a.jar /home/ankit/Traafik latest/TraafikAppLatest/app/build/intermediates/pre-dexed/debug/classes-9e432d0ca84818278b94c58a5094398262a8ae09.jar /home/ankit/Traafik latest/TraafikAppLatest/app/build/intermediates/pre-dexed/debug/classes-527c408d13996ff107d27768e800c44d93fef79d.jar /home/ankit/Traafik latest/TraafikAppLatest/app/build/intermediates/pre-dexed/deb
Launcher Type: SUN_STANDARD

Environment Variables:
PATH=/usr/lib/lightdm/lightdm:/usr/local/sbin:/usr/local/bin:/usr/sbin:/usr/bin:/sbin:/bin:/usr/games
LD_LIBRARY_PATH=/home/ankit/Android studio/android-studio/bin:
SHELL=/bin/bash
DISPLAY=:0.0

Signal Handlers:
SIGSEGV: [libjvm.so+0x80b550], sa_mask[0]=0x7ffbfeff, sa_flags=0x10000004
SIGBUS: [libjvm.so+0x80b550], sa_mask[0]=0x7ffbfeff, sa_flags=0x10000004
SIGFPE: [libjvm.so+0x6753e0], sa_mask[0]=0x7ffbfeff, sa_flags=0x10000004
SIGPIPE: [libjvm.so+0x6753e0], sa_mask[0]=0x7ffbfeff, sa_flags=0x10000004
SIGXFSZ: [libjvm.so+0x6753e0], sa_mask[0]=0x7ffbfeff, sa_flags=0x10000004
SIGILL: [libjvm.so+0x6753e0], sa_mask[0]=0x7ffbfeff, sa_flags=0x10000004
SIGUSR1: SIG_DFL, sa_mask[0]=0x00000000, sa_flags=0x00000000
SIGUSR2: [libjvm.so+0x675690], sa_mask[0]=0x00000004, sa_flags=0x10000004
SIGHUP: [libjvm.so+0x675850], sa_mask[0]=0x7ffbfeff, sa_flags=0x10000004
SIGINT: [libjvm.so+0x675850], sa_mask[0]=0x7ffbfeff, sa_flags=0x10000004
SIGTERM: [libjvm.so+0x675850], sa_mask[0]=0x7ffbfeff, sa_flags=0x10000004
SIGQUIT: [libjvm.so+0x675850], sa_mask[0]=0x7ffbfeff, sa_flags=0x10000004
SIGTRAP: SIG_DFL, sa_mask[0]=0x00000000, sa_flags=0x00000000


---------------  S Y S T E M  ---------------

OS:Ubuntu 12.04 (precise)
uname:Linux 3.2.0-29-generic-pae #46-Ubuntu SMP Fri Jul 27 17:25:43 UTC 2012 i686
libc:glibc 2.15 NPTL 2.15 
rlimit: STACK 8192k, CORE 0k, NPROC 31169, NOFILE 4096, AS infinity
load average:0.44 0.37 0.42

/proc/meminfo:
MemTotal:        4004304 kB
MemFree:          163256 kB
Buffers:             544 kB
Cached:           555960 kB
SwapCached:            0 kB
Active:          3392188 kB
Inactive:         369560 kB
Active(anon):    3326684 kB
Inactive(anon):   303732 kB
Active(file):      65504 kB
Inactive(file):    65828 kB
Unevictable:          16 kB
Mlocked:              16 kB
HighTotal:       3159312 kB
HighFree:            736 kB
LowTotal:         844992 kB
LowFree:          162520 kB
SwapTotal:             0 kB
SwapFree:              0 kB
Dirty:                44 kB
Writeback:             0 kB
AnonPages:       3205468 kB
Mapped:           100948 kB
Shmem:            425036 kB
Slab:              39728 kB
SReclaimable:      20632 kB
SUnreclaim:        19096 kB
KernelStack:        4608 kB
PageTables:        19096 kB
NFS_Unstable:          0 kB
Bounce:                0 kB
WritebackTmp:          0 kB
CommitLimit:     2002152 kB
Committed_AS:    7377456 kB
VmallocTotal:     122880 kB
VmallocUsed:       15172 kB
VmallocChunk:     106584 kB
HardwareCorrupted:     0 kB
AnonHugePages:         0 kB
HugePages_Total:       0
HugePages_Free:        0
HugePages_Rsvd:        0
HugePages_Surp:        0
Hugepagesize:       2048 kB
DirectMap4k:       10232 kB
DirectMap2M:      903168 kB


CPU:total 2 (2 cores per cpu, 1 threads per core) family 6 model 58 stepping 9, cmov, cx8, fxsr, mmx, sse, sse2, sse3, ssse3, sse4.1, sse4.2, popcnt, erms, tsc, tscinvbit, tscinv

/proc/cpuinfo:
processor	: 0
vendor_id	: GenuineIntel
cpu family	: 6
model		: 58
model name	: Intel(R) Pentium(R) CPU G2030 @ 3.00GHz
stepping	: 9
microcode	: 0x17
cpu MHz		: 3000.000
cache size	: 3072 KB
physical id	: 0
siblings	: 2
core id		: 0
cpu cores	: 2
apicid		: 0
initial apicid	: 0
fdiv_bug	: no
hlt_bug		: no
f00f_bug	: no
coma_bug	: no
fpu		: yes
fpu_exception	: yes
cpuid level	: 13
wp		: yes
flags		: fpu vme de pse tsc msr pae mce cx8 apic sep mtrr pge mca cmov pat pse36 clflush dts acpi mmx fxsr sse sse2 ss ht tm pbe nx rdtscp lm constant_tsc arch_perfmon pebs bts xtopology nonstop_tsc aperfmperf pni pclmulqdq dtes64 monitor ds_cpl vmx est tm2 ssse3 cx16 xtpr pdcm pcid sse4_1 sse4_2 popcnt tsc_deadline_timer xsave lahf_lm arat epb xsaveopt pln pts dtherm tpr_shadow vnmi flexpriority ept vpid fsgsbase smep erms
bogomips	: 5986.77
clflush size	: 64
cache_alignment	: 64
address sizes	: 36 bits physical, 48 bits virtual
power management:

processor	: 1
vendor_id	: GenuineIntel
cpu family	: 6
model		: 58
model name	: Intel(R) Pentium(R) CPU G2030 @ 3.00GHz
stepping	: 9
microcode	: 0x17
cpu MHz		: 3000.000
cache size	: 3072 KB
physical id	: 0
siblings	: 2
core id		: 1
cpu cores	: 2
apicid		: 2
initial apicid	: 2
fdiv_bug	: no
hlt_bug		: no
f00f_bug	: no
coma_bug	: no
fpu		: yes
fpu_exception	: yes
cpuid level	: 13
wp		: yes
flags		: fpu vme de pse tsc msr pae mce cx8 apic sep mtrr pge mca cmov pat pse36 clflush dts acpi mmx fxsr sse sse2 ss ht tm pbe nx rdtscp lm constant_tsc arch_perfmon pebs bts xtopology nonstop_tsc aperfmperf pni pclmulqdq dtes64 monitor ds_cpl vmx est tm2 ssse3 cx16 xtpr pdcm pcid sse4_1 sse4_2 popcnt tsc_deadline_timer xsave lahf_lm arat epb xsaveopt pln pts dtherm tpr_shadow vnmi flexpriority ept vpid fsgsbase smep erms
bogomips	: 5986.12
clflush size	: 64
cache_alignment	: 64
address sizes	: 36 bits physical, 48 bits virtual
power management:



Memory: 4k page, physical 4004304k(163256k free), swap 0k(0k free)

vm_info: OpenJDK Server VM (24.75-b04) for linux-x86 JRE (1.7.0_75-b13), built on Jan 27 2015 16:24:35 by "buildd" with gcc 4.6.3

time: Mon Jul 20 12:36:24 2015
elapsed time: 6 seconds

