#
# There is insufficient memory for the Java Runtime Environment to continue.
# Native memory allocation (malloc) failed to allocate 132120576 bytes for committing reserved memory.
# Possible reasons:
#   The system is out of physical RAM or swap space
#   In 32 bit mode, the process size limit was hit
# Possible solutions:
#   Reduce memory load on the system
#   Increase physical memory or swap space
#   Check if swap backing store is full
#   Use 64 bit Java on a 64 bit OS
#   Decrease Java heap size (-Xmx/-Xms)
#   Decrease number of Java threads
#   Decrease Java thread stack sizes (-Xss)
#   Set larger code cache with -XX:ReservedCodeCacheSize=
# This output file may be truncated or incomplete.
#
#  Out of Memory Error (os_linux.cpp:2798), pid=14394, tid=1745378112
#
# JRE version: OpenJDK Runtime Environment (7.0_75-b13) (build 1.7.0_75-b13)
# Java VM: OpenJDK Server VM (24.75-b04 mixed mode linux-x86 )
# Derivative: IcedTea 2.5.4
# Distribution: Ubuntu 12.04 LTS, package 7u75-2.5.4-1~precise1
# Failed to write core dump. Core dumps have been disabled. To enable core dumping, try "ulimit -c unlimited" before starting Java again
#

---------------  T H R E A D  ---------------

Current thread (0x67f10400):  VMThread [stack: 0x68005000,0x68086000] [id=14401]

Stack: [0x68005000,0x68086000]
[error occurred during error reporting (printing stack bounds), id 0xb]

VM_Operation (0xb65d8bf8): ParallelGCFailedAllocation, mode: safepoint, requested by thread 0xb6409c00


---------------  P R O C E S S  ---------------

Java Threads: ( => current thread )
  0x67f2b400 JavaThread "Service Thread" daemon [_thread_blocked, id=14407, stack(0x67b5c000,0x67bad000)]
  0x67f29800 JavaThread "C2 CompilerThread1" daemon [_thread_blocked, id=14406, stack(0x67bad000,0x67c2e000)]
  0x67f27800 JavaThread "C2 CompilerThread0" daemon [_thread_blocked, id=14405, stack(0x67c2e000,0x67caf000)]
  0x67f25c00 JavaThread "Signal Dispatcher" daemon [_thread_blocked, id=14404, stack(0x67caf000,0x67d00000)]
  0x67f14400 JavaThread "Finalizer" daemon [_thread_blocked, id=14403, stack(0x6ac03000,0x6ac54000)]
  0x67f12800 JavaThread "Reference Handler" daemon [_thread_blocked, id=14402, stack(0x6ac54000,0x6aca5000)]
  0xb6409c00 JavaThread "main" [_thread_blocked, id=14398, stack(0xb6589000,0xb65da000)]

Other Threads:
=>0x67f10400 VMThread [stack: 0x68005000,0x68086000] [id=14401]
  0x67f2d000 WatcherThread [stack: 0x67adb000,0x67b5c000] [id=14408]

VM state:at safepoint (normal execution)

VM Mutex/Monitor currently owned by a thread:  ([mutex/lock_event])
[0xb64071f8] Threads_lock - owner thread: 0x67f10400
[0xb6407608] Heap_lock - owner thread: 0xb6409c00

Heap
 PSYoungGen      total 139264K, used 10768K [0x9ddc0000, 0xa71c0000, 0xb3340000)
  eden space 126976K, 0% used [0x9ddc0000,0x9ddc0000,0xa59c0000)
  from space 12288K, 87% used [0xa59c0000,0xa6444250,0xa65c0000)
  to   space 12032K, 0% used [0xa6600000,0xa6600000,0xa71c0000)
 ParOldGen       total 41728K, used 25964K [0x73340000, 0x75c00000, 0x9ddc0000)
  object space 41728K, 62% used [0x73340000,0x74c9b080,0x75c00000)
 PSPermGen       total 16384K, used 5210K [0x6b340000, 0x6c340000, 0x73340000)
  object space 16384K, 31% used [0x6b340000,0x6b856ab0,0x6c340000)

Card table byte_map: [0x6b0ff000,0x6b340000] byte_map_base: 0x6ada5600

Polling page: 0xb7730000

Code Cache  [0xb3400000, 0xb3670000, 0xb6400000)
 total_blobs=1042 nmethods=910 adapters=86 free_code_cache=46689Kb largest_free_block=47780608

Compilation events (10 events):
Event: 5.647 Thread 0x67f29800 nmethod 919 0xb36666c8 code [0xb3666820, 0xb366713c]
Event: 5.647 Thread 0x67f29800  921             com.android.dx.merge.DexMerger::transformEncodedCatchHandler (105 bytes)
Event: 5.664 Thread 0x67f27800 nmethod 920 0xb3665a88 code [0xb3665be0, 0xb36661b0]
Event: 5.664 Thread 0x67f27800  922             com.android.dex.Dex$Section::findCatchHandlerIndex (38 bytes)
Event: 5.665 Thread 0x67f29800 nmethod 921 0xb366b4c8 code [0xb366b640, 0xb366bc50]
Event: 5.665 Thread 0x67f29800  923             com.android.dex.Code$CatchHandler::getOffset (5 bytes)
Event: 5.665 Thread 0x67f29800 nmethod 923 0xb363d448 code [0xb363d520, 0xb363d570]
Event: 5.666 Thread 0x67f27800 nmethod 922 0xb3649d48 code [0xb3649e40, 0xb3649ef0]
Event: 5.676 Thread 0x67f29800  924             java.util.ComparableTimSort::mergeLo (652 bytes)
Event: 5.696 Thread 0x67f29800 nmethod 924 0xb3668388 code [0xb3668540, 0xb3669770]

GC Heap History (10 events):
Event: 1.017 GC heap after
Heap after GC invocations=2 (full 0):
 PSYoungGen      total 34304K, used 2552K [0x9ddc0000, 0xa01c0000, 0xb3340000)
  eden space 31744K, 0% used [0x9ddc0000,0x9ddc0000,0x9fcc0000)
  from space 2560K, 99% used [0x9ff40000,0xa01be018,0xa01c0000)
  to   space 2560K, 0% used [0x9fcc0000,0x9fcc0000,0x9ff40000)
 ParOldGen       total 41728K, used 3005K [0x73340000, 0x75c00000, 0x9ddc0000)
  object space 41728K, 7% used [0x73340000,0x7362f4f0,0x75c00000)
 PSPermGen       total 16384K, used 3631K [0x6b340000, 0x6c340000, 0x73340000)
  object space 16384K, 22% used [0x6b340000,0x6b6cbc08,0x6c340000)
}
Event: 2.788 GC heap before
{Heap before GC invocations=3 (full 0):
 PSYoungGen      total 34304K, used 34194K [0x9ddc0000, 0xa01c0000, 0xb3340000)
  eden space 31744K, 99% used [0x9ddc0000,0x9fca6808,0x9fcc0000)
  from space 2560K, 99% used [0x9ff40000,0xa01be018,0xa01c0000)
  to   space 2560K, 0% used [0x9fcc0000,0x9fcc0000,0x9ff40000)
 ParOldGen       total 41728K, used 3005K [0x73340000, 0x75c00000, 0x9ddc0000)
  object space 41728K, 7% used [0x73340000,0x7362f4f0,0x75c00000)
 PSPermGen       total 16384K, used 3956K [0x6b340000, 0x6c340000, 0x73340000)
  object space 16384K, 24% used [0x6b340000,0x6b71d078,0x6c340000)
Event: 2.813 GC heap after
Heap after GC invocations=3 (full 0):
 PSYoungGen      total 34304K, used 2555K [0x9ddc0000, 0xa20c0000, 0xb3340000)
  eden space 31744K, 0% used [0x9ddc0000,0x9ddc0000,0x9fcc0000)
  from space 2560K, 99% used [0x9fcc0000,0x9ff3ee48,0x9ff40000)
  to   space 2560K, 0% used [0xa1e40000,0xa1e40000,0xa20c0000)
 ParOldGen       total 41728K, used 10569K [0x73340000, 0x75c00000, 0x9ddc0000)
  object space 41728K, 25% used [0x73340000,0x73d92430,0x75c00000)
 PSPermGen       total 16384K, used 3956K [0x6b340000, 0x6c340000, 0x73340000)
  object space 16384K, 24% used [0x6b340000,0x6b71d078,0x6c340000)
}
Event: 4.438 GC heap before
{Heap before GC invocations=4 (full 0):
 PSYoungGen      total 34304K, used 34299K [0x9ddc0000, 0xa20c0000, 0xb3340000)
  eden space 31744K, 100% used [0x9ddc0000,0x9fcc0000,0x9fcc0000)
  from space 2560K, 99% used [0x9fcc0000,0x9ff3ee48,0x9ff40000)
  to   space 2560K, 0% used [0xa1e40000,0xa1e40000,0xa20c0000)
 ParOldGen       total 41728K, used 10569K [0x73340000, 0x75c00000, 0x9ddc0000)
  object space 41728K, 25% used [0x73340000,0x73d92430,0x75c00000)
 PSPermGen       total 16384K, used 5077K [0x6b340000, 0x6c340000, 0x73340000)
  object space 16384K, 30% used [0x6b340000,0x6b835508,0x6c340000)
Event: 4.448 GC heap after
Heap after GC invocations=4 (full 0):
 PSYoungGen      total 66048K, used 2555K [0x9ddc0000, 0xa20c0000, 0xb3340000)
  eden space 63488K, 0% used [0x9ddc0000,0x9ddc0000,0xa1bc0000)
  from space 2560K, 99% used [0xa1e40000,0xa20bec38,0xa20c0000)
  to   space 2560K, 0% used [0xa1bc0000,0xa1bc0000,0xa1e40000)
 ParOldGen       total 41728K, used 18686K [0x73340000, 0x75c00000, 0x9ddc0000)
  object space 41728K, 44% used [0x73340000,0x7457fa38,0x75c00000)
 PSPermGen       total 16384K, used 5077K [0x6b340000, 0x6c340000, 0x73340000)
  object space 16384K, 30% used [0x6b340000,0x6b835508,0x6c340000)
}
Event: 5.002 GC heap before
{Heap before GC invocations=5 (full 0):
 PSYoungGen      total 66048K, used 66043K [0x9ddc0000, 0xa20c0000, 0xb3340000)
  eden space 63488K, 100% used [0x9ddc0000,0xa1bc0000,0xa1bc0000)
  from space 2560K, 99% used [0xa1e40000,0xa20bec38,0xa20c0000)
  to   space 2560K, 0% used [0xa1bc0000,0xa1bc0000,0xa1e40000)
 ParOldGen       total 41728K, used 18686K [0x73340000, 0x75c00000, 0x9ddc0000)
  object space 41728K, 44% used [0x73340000,0x7457fa38,0x75c00000)
 PSPermGen       total 16384K, used 5132K [0x6b340000, 0x6c340000, 0x73340000)
  object space 16384K, 31% used [0x6b340000,0x6b843158,0x6c340000)
Event: 5.011 GC heap after
Heap after GC invocations=5 (full 0):
 PSYoungGen      total 66048K, used 2559K [0x9ddc0000, 0xa7240000, 0xb3340000)
  eden space 63488K, 0% used [0x9ddc0000,0x9ddc0000,0xa1bc0000)
  from space 2560K, 99% used [0xa1bc0000,0xa1e3fe48,0xa1e40000)
  to   space 12544K, 0% used [0xa6600000,0xa6600000,0xa7240000)
 ParOldGen       total 41728K, used 21517K [0x73340000, 0x75c00000, 0x9ddc0000)
  object space 41728K, 51% used [0x73340000,0x74843600,0x75c00000)
 PSPermGen       total 16384K, used 5132K [0x6b340000, 0x6c340000, 0x73340000)
  object space 16384K, 31% used [0x6b340000,0x6b843158,0x6c340000)
}
Event: 5.354 GC heap before
{Heap before GC invocations=6 (full 0):
 PSYoungGen      total 66048K, used 66047K [0x9ddc0000, 0xa7240000, 0xb3340000)
  eden space 63488K, 100% used [0x9ddc0000,0xa1bc0000,0xa1bc0000)
  from space 2560K, 99% used [0xa1bc0000,0xa1e3fe48,0xa1e40000)
  to   space 12544K, 0% used [0xa6600000,0xa6600000,0xa7240000)
 ParOldGen       total 41728K, used 21517K [0x73340000, 0x75c00000, 0x9ddc0000)
  object space 41728K, 51% used [0x73340000,0x74843600,0x75c00000)
 PSPermGen       total 16384K, used 5200K [0x6b340000, 0x6c340000, 0x73340000)
  object space 16384K, 31% used [0x6b340000,0x6b8543d0,0x6c340000)
Event: 5.362 GC heap after
Heap after GC invocations=6 (full 0):
 PSYoungGen      total 139008K, used 7631K [0x9ddc0000, 0xa71c0000, 0xb3340000)
  eden space 126976K, 0% used [0x9ddc0000,0x9ddc0000,0xa59c0000)
  from space 12032K, 63% used [0xa6600000,0xa6d73d30,0xa71c0000)
  to   space 12288K, 0% used [0xa59c0000,0xa59c0000,0xa65c0000)
 ParOldGen       total 41728K, used 21517K [0x73340000, 0x75c00000, 0x9ddc0000)
  object space 41728K, 51% used [0x73340000,0x74843600,0x75c00000)
 PSPermGen       total 16384K, used 5200K [0x6b340000, 0x6c340000, 0x73340000)
  object space 16384K, 31% used [0x6b340000,0x6b8543d0,0x6c340000)
}
Event: 5.747 GC heap before
{Heap before GC invocations=7 (full 0):
 PSYoungGen      total 139008K, used 134607K [0x9ddc0000, 0xa71c0000, 0xb3340000)
  eden space 126976K, 100% used [0x9ddc0000,0xa59c0000,0xa59c0000)
  from space 12032K, 63% used [0xa6600000,0xa6d73d30,0xa71c0000)
  to   space 12288K, 0% used [0xa59c0000,0xa59c0000,0xa65c0000)
 ParOldGen       total 41728K, used 21517K [0x73340000, 0x75c00000, 0x9ddc0000)
  object space 41728K, 51% used [0x73340000,0x74843600,0x75c00000)
 PSPermGen       total 16384K, used 5210K [0x6b340000, 0x6c340000, 0x73340000)
  object space 16384K, 31% used [0x6b340000,0x6b856ab0,0x6c340000)

Deoptimization events (10 events):
Event: 5.266 Thread 0xb6409c00 Uncommon trap: reason=array_check action=maybe_recompile pc=0xb362f660 method=java.util.TimSort.binarySort([Ljava/lang/Object;IIILjava/util/Comparator;)V @ 193
Event: 5.266 Thread 0xb6409c00 Uncommon trap: reason=array_check action=maybe_recompile pc=0xb362f660 method=java.util.TimSort.binarySort([Ljava/lang/Object;IIILjava/util/Comparator;)V @ 193
Event: 5.266 Thread 0xb6409c00 Uncommon trap: reason=array_check action=maybe_recompile pc=0xb362f660 method=java.util.TimSort.binarySort([Ljava/lang/Object;IIILjava/util/Comparator;)V @ 193
Event: 5.292 Thread 0xb6409c00 Uncommon trap: reason=array_check action=maybe_recompile pc=0xb35f7df4 method=java.util.ComparableTimSort.binarySort([Ljava/lang/Object;III)V @ 215
Event: 5.293 Thread 0xb6409c00 Uncommon trap: reason=array_check action=maybe_recompile pc=0xb35f7e50 method=java.util.ComparableTimSort.binarySort([Ljava/lang/Object;III)V @ 193
Event: 5.342 Thread 0xb6409c00 Uncommon trap: reason=array_check action=maybe_recompile pc=0xb363b9a0 method=java.util.TimSort.binarySort([Ljava/lang/Object;IIILjava/util/Comparator;)V @ 215
Event: 5.343 Thread 0xb6409c00 Uncommon trap: reason=array_check action=maybe_recompile pc=0xb363ba20 method=java.util.TimSort.binarySort([Ljava/lang/Object;IIILjava/util/Comparator;)V @ 183
Event: 5.343 Thread 0xb6409c00 Uncommon trap: reason=array_check action=maybe_recompile pc=0xb363ba20 method=java.util.TimSort.binarySort([Ljava/lang/Object;IIILjava/util/Comparator;)V @ 183
Event: 5.387 Thread 0xb6409c00 Uncommon trap: reason=array_check action=maybe_recompile pc=0xb363e3f4 method=java.util.ComparableTimSort.binarySort([Ljava/lang/Object;III)V @ 183
Event: 5.521 Thread 0xb6409c00 Uncommon trap: reason=array_check action=maybe_recompile pc=0xb363e3f4 method=java.util.ComparableTimSort.binarySort([Ljava/lang/Object;III)V @ 183

Internal exceptions (10 events):
Event: 4.313 Thread 0xb6409c00 Threw 0x9fa04250 at /build/buildd/openjdk-7-7u75-2.5.4/build/openjdk/hotspot/src/share/vm/prims/jvm.cpp:1284
Event: 4.315 Thread 0xb6409c00 Threw 0x9fa0b1e0 at /build/buildd/openjdk-7-7u75-2.5.4/build/openjdk/hotspot/src/share/vm/prims/jvm.cpp:1284
Event: 4.315 Thread 0xb6409c00 Threw 0x9fa0dcb8 at /build/buildd/openjdk-7-7u75-2.5.4/build/openjdk/hotspot/src/share/vm/prims/jvm.cpp:1284
Event: 4.379 Thread 0xb6409c00 Threw 0x9fb84880 at /build/buildd/openjdk-7-7u75-2.5.4/build/openjdk/hotspot/src/share/vm/prims/jvm.cpp:1284
Event: 4.379 Thread 0xb6409c00 Threw 0x9fb84998 at /build/buildd/openjdk-7-7u75-2.5.4/build/openjdk/hotspot/src/share/vm/prims/jvm.cpp:1284
Event: 4.379 Thread 0xb6409c00 Threw 0x9fb86de8 at /build/buildd/openjdk-7-7u75-2.5.4/build/openjdk/hotspot/src/share/vm/prims/jvm.cpp:1284
Event: 4.379 Thread 0xb6409c00 Threw 0x9fb86f00 at /build/buildd/openjdk-7-7u75-2.5.4/build/openjdk/hotspot/src/share/vm/prims/jvm.cpp:1284
Event: 4.379 Thread 0xb6409c00 Threw 0x9fb87870 at /build/buildd/openjdk-7-7u75-2.5.4/build/openjdk/hotspot/src/share/vm/prims/jvm.cpp:1284
Event: 4.379 Thread 0xb6409c00 Threw 0x9fb87988 at /build/buildd/openjdk-7-7u75-2.5.4/build/openjdk/hotspot/src/share/vm/prims/jvm.cpp:1284
Event: 4.638 Thread 0xb6409c00 Threw 0x9ec9bfe8 at /build/buildd/openjdk-7-7u75-2.5.4/build/openjdk/hotspot/src/share/vm/prims/jvm.cpp:1284

Events (10 events):
Event: 5.378 Thread 0x67f27800 flushing nmethod 0xb347e548
Event: 5.387 Thread 0xb6409c00 Uncommon trap: trap_request=0xffffffd6 fr.pc=0xb363e3f4
Event: 5.387 Thread 0xb6409c00 DEOPT PACKING pc=0xb363e3f4 sp=0xb65d8d80
Event: 5.387 Thread 0xb6409c00 DEOPT UNPACKING pc=0xb342cbc8 sp=0xb65d8d7c mode 2
Event: 5.489 Thread 0x67f29800 flushing nmethod 0xb351a508
Event: 5.506 Thread 0x67f29800 flushing nmethod 0xb358f7c8
Event: 5.521 Thread 0xb6409c00 Uncommon trap: trap_request=0xffffffd6 fr.pc=0xb363e3f4
Event: 5.521 Thread 0xb6409c00 DEOPT PACKING pc=0xb363e3f4 sp=0xb65d8d80
Event: 5.521 Thread 0xb6409c00 DEOPT UNPACKING pc=0xb342cbc8 sp=0xb65d8d7c mode 2
Event: 5.747 Executing VM operation: ParallelGCFailedAllocation


Dynamic libraries:
08048000-08049000 r-xp 00000000 08:05 4983886    /usr/lib/jvm/java-7-openjdk-i386/jre/bin/java
08049000-0804a000 r--p 00000000 08:05 4983886    /usr/lib/jvm/java-7-openjdk-i386/jre/bin/java
0804a000-0804b000 rw-p 00001000 08:05 4983886    /usr/lib/jvm/java-7-openjdk-i386/jre/bin/java
09d96000-0a551000 rw-p 00000000 00:00 0          [heap]
66eb0000-66fa7000 r-xp 00000000 08:05 3802040    /lib/i386-linux-gnu/libglib-2.0.so.0.3200.3
66fa7000-66fa8000 r--p 000f6000 08:05 3802040    /lib/i386-linux-gnu/libglib-2.0.so.0.3200.3
66fa8000-66fa9000 rw-p 000f7000 08:05 3802040    /lib/i386-linux-gnu/libglib-2.0.so.0.3200.3
66fa9000-670fc000 r-xp 00000000 08:05 4985508    /usr/lib/i386-linux-gnu/libgio-2.0.so.0.3200.3
670fc000-670fe000 r--p 00153000 08:05 4985508    /usr/lib/i386-linux-gnu/libgio-2.0.so.0.3200.3
670fe000-670ff000 rw-p 00155000 08:05 4985508    /usr/lib/i386-linux-gnu/libgio-2.0.so.0.3200.3
670ff000-67100000 rw-p 00000000 00:00 0 
67100000-671fa000 rw-p 00000000 00:00 0 
671fa000-67200000 ---p 00000000 00:00 0 
67200000-672fb000 rw-p 00000000 00:00 0 
672fb000-67300000 ---p 00000000 00:00 0 
67300000-67500000 rw-p 00000000 00:00 0 
67500000-675fe000 rw-p 00000000 00:00 0 
675fe000-67600000 ---p 00000000 00:00 0 
67600000-67700000 rw-p 00000000 00:00 0 
67700000-677fe000 rw-p 00000000 00:00 0 
677fe000-67800000 ---p 00000000 00:00 0 
67800000-678fe000 rw-p 00000000 00:00 0 
678fe000-67900000 ---p 00000000 00:00 0 
67900000-6796a000 rw-p 00000000 00:00 0 
6796a000-67a00000 ---p 00000000 00:00 0 
67a00000-67a3a000 r-xp 00000000 08:05 3802088    /lib/i386-linux-gnu/libpcre.so.3.12.1
67a3a000-67a3b000 r--p 00039000 08:05 3802088    /lib/i386-linux-gnu/libpcre.so.3.12.1
67a3b000-67a3c000 rw-p 0003a000 08:05 3802088    /lib/i386-linux-gnu/libpcre.so.3.12.1
67a3c000-67a41000 r-xp 00000000 08:05 4985471    /usr/lib/i386-linux-gnu/libffi.so.6.0.0
67a41000-67a42000 r--p 00004000 08:05 4985471    /usr/lib/i386-linux-gnu/libffi.so.6.0.0
67a42000-67a43000 rw-p 00005000 08:05 4985471    /usr/lib/i386-linux-gnu/libffi.so.6.0.0
67a43000-67a56000 r-xp 00000000 08:05 3802099    /lib/i386-linux-gnu/libresolv-2.15.so
67a56000-67a57000 ---p 00013000 08:05 3802099    /lib/i386-linux-gnu/libresolv-2.15.so
67a57000-67a58000 r--p 00013000 08:05 3802099    /lib/i386-linux-gnu/libresolv-2.15.so
67a58000-67a59000 rw-p 00014000 08:05 3802099    /lib/i386-linux-gnu/libresolv-2.15.so
67a59000-67a5b000 rw-p 00000000 00:00 0 
67a5b000-67a78000 r-xp 00000000 08:05 3802103    /lib/i386-linux-gnu/libselinux.so.1
67a78000-67a79000 r--p 0001c000 08:05 3802103    /lib/i386-linux-gnu/libselinux.so.1
67a79000-67a7a000 rw-p 0001d000 08:05 3802103    /lib/i386-linux-gnu/libselinux.so.1
67a7a000-67ac7000 r-xp 00000000 08:05 4985532    /usr/lib/i386-linux-gnu/libgobject-2.0.so.0.3200.3
67ac7000-67ac8000 r--p 0004c000 08:05 4985532    /usr/lib/i386-linux-gnu/libgobject-2.0.so.0.3200.3
67ac8000-67ac9000 rw-p 0004d000 08:05 4985532    /usr/lib/i386-linux-gnu/libgobject-2.0.so.0.3200.3
67adb000-67adc000 ---p 00000000 00:00 0 
67adc000-67b5c000 rw-p 00000000 00:00 0 
67b5c000-67b5f000 ---p 00000000 00:00 0 
67b5f000-67bad000 rw-p 00000000 00:00 0 
67bad000-67bb0000 ---p 00000000 00:00 0 
67bb0000-67c2e000 rw-p 00000000 00:00 0 
67c2e000-67c31000 ---p 00000000 00:00 0 
67c31000-67caf000 rw-p 00000000 00:00 0 
67caf000-67cb2000 ---p 00000000 00:00 0 
67cb2000-67d00000 rw-p 00000000 00:00 0 
67d00000-67f00000 r--p 00000000 08:05 4988066    /usr/lib/locale/locale-archive
67f00000-67ffe000 rw-p 00000000 00:00 0 
67ffe000-68000000 ---p 00000000 00:00 0 
68001000-68005000 r--s 0004d000 08:05 4989094    /usr/lib/jvm/java-7-openjdk-i386/jre/lib/jsse.jar
68005000-68006000 ---p 00000000 00:00 0 
68006000-680cf000 rw-p 00000000 00:00 0 
680cf000-68280000 r--s 01d23000 08:05 4989042    /usr/lib/jvm/java-7-openjdk-i386/jre/lib/rt.jar
68280000-6ab00000 rw-p 00000000 00:00 0 
6ab00000-6abe6000 rw-p 00000000 00:00 0 
6abe6000-6ac00000 ---p 00000000 00:00 0 
6ac03000-6ac06000 ---p 00000000 00:00 0 
6ac06000-6ac54000 rw-p 00000000 00:00 0 
6ac54000-6ac57000 ---p 00000000 00:00 0 
6ac57000-6ad00000 rw-p 00000000 00:00 0 
6ad00000-6ad21000 rw-p 00000000 00:00 0 
6ad21000-6ae00000 ---p 00000000 00:00 0 
6ae02000-6ae05000 r-xp 00000000 08:05 4985518    /usr/lib/i386-linux-gnu/libgmodule-2.0.so.0.3200.3
6ae05000-6ae06000 r--p 00002000 08:05 4985518    /usr/lib/i386-linux-gnu/libgmodule-2.0.so.0.3200.3
6ae06000-6ae07000 rw-p 00003000 08:05 4985518    /usr/lib/i386-linux-gnu/libgmodule-2.0.so.0.3200.3
6ae07000-6ae1e000 r-xp 00000000 08:05 4989135    /usr/lib/jvm/java-7-openjdk-i386/jre/lib/i386/libnet.so
6ae1e000-6ae1f000 r--p 00016000 08:05 4989135    /usr/lib/jvm/java-7-openjdk-i386/jre/lib/i386/libnet.so
6ae1f000-6ae20000 rw-p 00017000 08:05 4989135    /usr/lib/jvm/java-7-openjdk-i386/jre/lib/i386/libnet.so
6ae20000-6ae31000 r-xp 00000000 08:05 4989121    /usr/lib/jvm/java-7-openjdk-i386/jre/lib/i386/libnio.so
6ae31000-6ae32000 r--p 00010000 08:05 4989121    /usr/lib/jvm/java-7-openjdk-i386/jre/lib/i386/libnio.so
6ae32000-6ae33000 rw-p 00011000 08:05 4989121    /usr/lib/jvm/java-7-openjdk-i386/jre/lib/i386/libnio.so
6ae33000-6ae42000 r--s 000dd000 08:06 21369266   /home/ankit/Ankitt Data/ECLIPSE/sdk/build-tools/22.0.1/lib/dx.jar
6ae42000-6ae43000 r--s 00007000 08:05 5246941    /usr/share/java/java-atk-wrapper.jar
6ae43000-6ae46000 r--s 0000f000 08:05 4989079    /usr/lib/jvm/java-7-openjdk-i386/jre/lib/ext/icedtea-sound.jar
6ae46000-6ae48000 r--s 00012000 08:05 4989084    /usr/lib/jvm/java-7-openjdk-i386/jre/lib/ext/zipfs.jar
6ae48000-6ae4c000 r--s 00034000 08:05 4989083    /usr/lib/jvm/java-7-openjdk-i386/jre/lib/ext/sunjce_provider.jar
6ae4c000-6ae67000 rw-p 00000000 00:00 0 
6ae67000-6ae68000 ---p 00000000 00:00 0 
6ae68000-6aee8000 rw-p 00000000 00:00 0 
6aee8000-6aee9000 ---p 00000000 00:00 0 
6aee9000-6af71000 rw-p 00000000 00:00 0 
6af71000-6afa9000 rw-p 00000000 00:00 0 
6afa9000-6afbe000 rw-p 00000000 00:00 0 
6afbe000-6b0ff000 rw-p 00000000 00:00 0 
6b0ff000-6b107000 rw-p 00000000 00:00 0 
6b107000-6b13f000 rw-p 00000000 00:00 0 
6b13f000-6b154000 rw-p 00000000 00:00 0 
6b154000-6b294000 rw-p 00000000 00:00 0 
6b294000-6b2df000 rw-p 00000000 00:00 0 
6b2df000-6b33f000 rw-p 00000000 00:00 0 
6b33f000-6c340000 rw-p 00000000 00:00 0 
6c340000-73340000 rw-p 00000000 00:00 0 
73340000-75c00000 rw-p 00000000 00:00 0 
75c00000-9ddc0000 rw-p 00000000 00:00 0 
9ddc0000-a71c0000 rw-p 00000000 00:00 0 
aefc0000-b3340000 rw-p 00000000 00:00 0 
b3340000-b334a000 rw-p 00000000 00:00 0 
b334a000-b3400000 rw-p 00000000 00:00 0 
b3400000-b3670000 rwxp 00000000 00:00 0 
b3670000-b64ff000 rw-p 00000000 00:00 0 
b64ff000-b6500000 ---p 00000000 00:00 0 
b6502000-b6506000 r--s 0003c000 08:05 4989081    /usr/lib/jvm/java-7-openjdk-i386/jre/lib/ext/sunpkcs11.jar
b6506000-b6509000 r--s 00086000 08:05 4989082    /usr/lib/jvm/java-7-openjdk-i386/jre/lib/ext/localedata.jar
b6509000-b6514000 r-xp 00000000 08:05 3802066    /lib/i386-linux-gnu/libnss_files-2.15.so
b6514000-b6515000 r--p 0000a000 08:05 3802066    /lib/i386-linux-gnu/libnss_files-2.15.so
b6515000-b6516000 rw-p 0000b000 08:05 3802066    /lib/i386-linux-gnu/libnss_files-2.15.so
b6516000-b6520000 r-xp 00000000 08:05 3802070    /lib/i386-linux-gnu/libnss_nis-2.15.so
b6520000-b6521000 r--p 00009000 08:05 3802070    /lib/i386-linux-gnu/libnss_nis-2.15.so
b6521000-b6522000 rw-p 0000a000 08:05 3802070    /lib/i386-linux-gnu/libnss_nis-2.15.so
b6522000-b6538000 r-xp 00000000 08:05 3802060    /lib/i386-linux-gnu/libnsl-2.15.so
b6538000-b6539000 r--p 00015000 08:05 3802060    /lib/i386-linux-gnu/libnsl-2.15.so
b6539000-b653a000 rw-p 00016000 08:05 3802060    /lib/i386-linux-gnu/libnsl-2.15.so
b653a000-b653c000 rw-p 00000000 00:00 0 
b653c000-b6543000 r-xp 00000000 08:05 3802062    /lib/i386-linux-gnu/libnss_compat-2.15.so
b6543000-b6544000 r--p 00006000 08:05 3802062    /lib/i386-linux-gnu/libnss_compat-2.15.so
b6544000-b6545000 rw-p 00007000 08:05 3802062    /lib/i386-linux-gnu/libnss_compat-2.15.so
b6545000-b654d000 r-xp 00000000 08:05 4989114    /usr/lib/jvm/java-7-openjdk-i386/jre/lib/i386/libzip.so
b654d000-b654e000 r--p 00007000 08:05 4989114    /usr/lib/jvm/java-7-openjdk-i386/jre/lib/i386/libzip.so
b654e000-b654f000 rw-p 00008000 08:05 4989114    /usr/lib/jvm/java-7-openjdk-i386/jre/lib/i386/libzip.so
b654f000-b6557000 rw-s 00000000 08:05 145498     /tmp/hsperfdata_ankit/14394
b6557000-b657e000 r-xp 00000000 08:05 4989134    /usr/lib/jvm/java-7-openjdk-i386/jre/lib/i386/libjava.so
b657e000-b657f000 r--p 00026000 08:05 4989134    /usr/lib/jvm/java-7-openjdk-i386/jre/lib/i386/libjava.so
b657f000-b6580000 rw-p 00027000 08:05 4989134    /usr/lib/jvm/java-7-openjdk-i386/jre/lib/i386/libjava.so
b6580000-b6587000 r-xp 00000000 08:05 3802101    /lib/i386-linux-gnu/librt-2.15.so
b6587000-b6588000 r--p 00006000 08:05 3802101    /lib/i386-linux-gnu/librt-2.15.so
b6588000-b6589000 rw-p 00007000 08:05 3802101    /lib/i386-linux-gnu/librt-2.15.so
b6589000-b658c000 ---p 00000000 00:00 0 
b658c000-b65da000 rw-p 00000000 00:00 0 
b65da000-b65f6000 r-xp 00000000 08:05 3802036    /lib/i386-linux-gnu/libgcc_s.so.1
b65f6000-b65f7000 r--p 0001b000 08:05 3802036    /lib/i386-linux-gnu/libgcc_s.so.1
b65f7000-b65f8000 rw-p 0001c000 08:05 3802036    /lib/i386-linux-gnu/libgcc_s.so.1
b65f8000-b6622000 r-xp 00000000 08:05 3802047    /lib/i386-linux-gnu/libm-2.15.so
b6622000-b6623000 r--p 00029000 08:05 3802047    /lib/i386-linux-gnu/libm-2.15.so
b6623000-b6624000 rw-p 0002a000 08:05 3802047    /lib/i386-linux-gnu/libm-2.15.so
b6624000-b66fc000 r-xp 00000000 08:05 4985813    /usr/lib/i386-linux-gnu/libstdc++.so.6.0.16
b66fc000-b66fd000 ---p 000d8000 08:05 4985813    /usr/lib/i386-linux-gnu/libstdc++.so.6.0.16
b66fd000-b6701000 r--p 000d8000 08:05 4985813    /usr/lib/i386-linux-gnu/libstdc++.so.6.0.16
b6701000-b6702000 rw-p 000dc000 08:05 4985813    /usr/lib/i386-linux-gnu/libstdc++.so.6.0.16
b6702000-b6709000 rw-p 00000000 00:00 0 
b6709000-b70cb000 r-xp 00000000 08:05 4989140    /usr/lib/jvm/java-7-openjdk-i386/jre/lib/i386/server/libjvm.so
b70cb000-b7120000 r--p 009c2000 08:05 4989140    /usr/lib/jvm/java-7-openjdk-i386/jre/lib/i386/server/libjvm.so
b7120000-b7134000 rw-p 00a17000 08:05 4989140    /usr/lib/jvm/java-7-openjdk-i386/jre/lib/i386/server/libjvm.so
b7134000-b7552000 rw-p 00000000 00:00 0 
b7552000-b7566000 r-xp 00000000 08:05 3802126    /lib/i386-linux-gnu/libz.so.1.2.3.4
b7566000-b7567000 r--p 00013000 08:05 3802126    /lib/i386-linux-gnu/libz.so.1.2.3.4
b7567000-b7568000 rw-p 00014000 08:05 3802126    /lib/i386-linux-gnu/libz.so.1.2.3.4
b7568000-b757f000 r-xp 00000000 08:05 3802095    /lib/i386-linux-gnu/libpthread-2.15.so
b757f000-b7580000 r--p 00016000 08:05 3802095    /lib/i386-linux-gnu/libpthread-2.15.so
b7580000-b7581000 rw-p 00017000 08:05 3802095    /lib/i386-linux-gnu/libpthread-2.15.so
b7581000-b7583000 rw-p 00000000 00:00 0 
b7583000-b7586000 r-xp 00000000 08:05 3802028    /lib/i386-linux-gnu/libdl-2.15.so
b7586000-b7587000 r--p 00002000 08:05 3802028    /lib/i386-linux-gnu/libdl-2.15.so
b7587000-b7588000 rw-p 00003000 08:05 3802028    /lib/i386-linux-gnu/libdl-2.15.so
b7588000-b7727000 r-xp 00000000 08:05 3802015    /lib/i386-linux-gnu/libc-2.15.so
b7727000-b7729000 r--p 0019f000 08:05 3802015    /lib/i386-linux-gnu/libc-2.15.so
b7729000-b772a000 rw-p 001a1000 08:05 3802015    /lib/i386-linux-gnu/libc-2.15.so
b772a000-b772d000 rw-p 00000000 00:00 0 
b772d000-b772e000 r--s 00002000 08:05 4989080    /usr/lib/jvm/java-7-openjdk-i386/jre/lib/ext/dnsns.jar
b772e000-b772f000 r--p 005db000 08:05 4988066    /usr/lib/locale/locale-archive
b772f000-b7730000 rw-p 00000000 00:00 0 
b7730000-b7731000 ---p 00000000 00:00 0 
b7731000-b773d000 r-xp 00000000 08:05 4989131    /usr/lib/jvm/java-7-openjdk-i386/jre/lib/i386/libverify.so
b773d000-b773e000 r--p 0000b000 08:05 4989131    /usr/lib/jvm/java-7-openjdk-i386/jre/lib/i386/libverify.so
b773e000-b773f000 rw-p 0000c000 08:05 4989131    /usr/lib/jvm/java-7-openjdk-i386/jre/lib/i386/libverify.so
b773f000-b774c000 r-xp 00000000 08:05 4989106    /usr/lib/jvm/java-7-openjdk-i386/jre/lib/i386/jli/libjli.so
b774c000-b774d000 r--p 0000c000 08:05 4989106    /usr/lib/jvm/java-7-openjdk-i386/jre/lib/i386/jli/libjli.so
b774d000-b774e000 rw-p 0000d000 08:05 4989106    /usr/lib/jvm/java-7-openjdk-i386/jre/lib/i386/jli/libjli.so
b774e000-b7751000 rw-p 00000000 00:00 0 
b7751000-b7752000 r-xp 00000000 00:00 0          [vdso]
b7752000-b7772000 r-xp 00000000 08:05 3801995    /lib/i386-linux-gnu/ld-2.15.so
b7772000-b7773000 r--p 0001f000 08:05 3801995    /lib/i386-linux-gnu/ld-2.15.so
b7773000-b7774000 rw-p 00020000 08:05 3801995    /lib/i386-linux-gnu/ld-2.15.so
bfcaf000-bfcb0000 rwxp 00000000 00:00 0 
bfce1000-bfd03000 rw-p 00000000 00:00 0          [stack]

VM Arguments:
jvm_args: -Xmx1024M -Dfile.encoding=UTF-8 -Duser.country=IN -Duser.language=en -Duser.variant 
java_command: com.android.dx.command.Main --dex --output /home/ankit/Traafik latest/TraafikAppLatest/app/build/intermediates/dex/debug /home/ankit/Traafik latest/TraafikAppLatest/app/build/intermediates/classes/debug /home/ankit/Traafik latest/TraafikAppLatest/app/build/intermediates/pre-dexed/debug/support-annotations-22.2.0-28d7027a42f28bd6102d42421141ac4c439bdcba.jar /home/ankit/Traafik latest/TraafikAppLatest/app/build/intermediates/pre-dexed/debug/classes-3738216e6fc96e577c88b4313c8bfada63a4f847.jar /home/ankit/Traafik latest/TraafikAppLatest/app/build/intermediates/pre-dexed/debug/classes-6adb14698c36f217dbc8f44998dfb853cd0a1d53.jar /home/ankit/Traafik latest/TraafikAppLatest/app/build/intermediates/pre-dexed/debug/simple-side-drawer2-7c187662cd1383aba070f8109eee9f43ca311757.jar /home/ankit/Traafik latest/TraafikAppLatest/app/build/intermediates/pre-dexed/debug/classes-898b057db62618291972c52c147f2215def5d43e.jar /home/ankit/Traafik latest/TraafikAppLatest/app/build/intermediates/pre-dexed/debug/internal_impl-22.0.0-137508c80f2a10835c8bd34299b2142895c34add.jar /home/ankit/Traafik latest/TraafikAppLatest/app/build/intermediates/pre-dexed/debug/classes-8f1915b953beda78dc1ed1ca65fc463490162f66.jar /home/ankit/Traafik latest/TraafikAppLatest/app/build/intermediates/pre-dexed/debug/classes-d4a7aebef974cda66375665b223a04ae0cb3fa4c.jar /home/ankit/Traafik latest/TraafikAppLatest/app/build/intermediates/pre-dexed/debug/bolts-android-1.2.0-d25641ad2757a29dfe0c7ca50222a387b8134cd1.jar /home/ankit/Traafik latest/TraafikAppLatest/app/build/intermediates/pre-dexed/debug/classes-754b790782de93011173afded38fe936f74b280a.jar /home/ankit/Traafik latest/TraafikAppLatest/app/build/intermediates/pre-dexed/debug/classes-9e432d0ca84818278b94c58a5094398262a8ae09.jar /home/ankit/Traafik latest/TraafikAppLatest/app/build/intermediates/pre-dexed/debug/classes-527c408d13996ff107d27768e800c44d93fef79d.jar /home/ankit/Traafik latest/TraafikAppLatest/app/build/intermediates/pre-dexed/deb
Launcher Type: SUN_STANDARD

Environment Variables:
PATH=/usr/lib/lightdm/lightdm:/usr/local/sbin:/usr/local/bin:/usr/sbin:/usr/bin:/sbin:/bin:/usr/games
LD_LIBRARY_PATH=/home/ankit/Android studio/android-studio/bin:
SHELL=/bin/bash
DISPLAY=:0.0

Signal Handlers:
SIGSEGV: [libjvm.so+0x80b550], sa_mask[0]=0x7ffbfeff, sa_flags=0x10000004
SIGBUS: [libjvm.so+0x80b550], sa_mask[0]=0x7ffbfeff, sa_flags=0x10000004
SIGFPE: [libjvm.so+0x6753e0], sa_mask[0]=0x7ffbfeff, sa_flags=0x10000004
SIGPIPE: [libjvm.so+0x6753e0], sa_mask[0]=0x7ffbfeff, sa_flags=0x10000004
SIGXFSZ: [libjvm.so+0x6753e0], sa_mask[0]=0x7ffbfeff, sa_flags=0x10000004
SIGILL: [libjvm.so+0x6753e0], sa_mask[0]=0x7ffbfeff, sa_flags=0x10000004
SIGUSR1: SIG_DFL, sa_mask[0]=0x00000000, sa_flags=0x00000000
SIGUSR2: [libjvm.so+0x675690], sa_mask[0]=0x00000004, sa_flags=0x10000004
SIGHUP: [libjvm.so+0x675850], sa_mask[0]=0x7ffbfeff, sa_flags=0x10000004
SIGINT: [libjvm.so+0x675850], sa_mask[0]=0x7ffbfeff, sa_flags=0x10000004
SIGTERM: [libjvm.so+0x675850], sa_mask[0]=0x7ffbfeff, sa_flags=0x10000004
SIGQUIT: [libjvm.so+0x675850], sa_mask[0]=0x7ffbfeff, sa_flags=0x10000004
SIGTRAP: SIG_DFL, sa_mask[0]=0x00000000, sa_flags=0x00000000


---------------  S Y S T E M  ---------------

OS:Ubuntu 12.04 (precise)
uname:Linux 3.2.0-29-generic-pae #46-Ubuntu SMP Fri Jul 27 17:25:43 UTC 2012 i686
libc:glibc 2.15 NPTL 2.15 
rlimit: STACK 8192k, CORE 0k, NPROC 31169, NOFILE 4096, AS infinity
load average:1.47 0.85 0.76

/proc/meminfo:
MemTotal:        4004304 kB
MemFree:          160852 kB
Buffers:            9036 kB
Cached:           606700 kB
SwapCached:            0 kB
Active:          3335172 kB
Inactive:         427120 kB
Active(anon):    3260508 kB
Inactive(anon):   355756 kB
Active(file):      74664 kB
Inactive(file):    71364 kB
Unevictable:          16 kB
Mlocked:              16 kB
HighTotal:       3159312 kB
HighFree:           2932 kB
LowTotal:         844992 kB
LowFree:          157920 kB
SwapTotal:             0 kB
SwapFree:              0 kB
Dirty:              7600 kB
Writeback:             0 kB
AnonPages:       3146692 kB
Mapped:           112588 kB
Shmem:            469600 kB
Slab:              40120 kB
SReclaimable:      20052 kB
SUnreclaim:        20068 kB
KernelStack:        4808 kB
PageTables:        19960 kB
NFS_Unstable:          0 kB
Bounce:                0 kB
WritebackTmp:          0 kB
CommitLimit:     2002152 kB
Committed_AS:    7563580 kB
VmallocTotal:     122880 kB
VmallocUsed:       15220 kB
VmallocChunk:     106080 kB
HardwareCorrupted:     0 kB
AnonHugePages:         0 kB
HugePages_Total:       0
HugePages_Free:        0
HugePages_Rsvd:        0
HugePages_Surp:        0
Hugepagesize:       2048 kB
DirectMap4k:       10232 kB
DirectMap2M:      903168 kB


CPU:total 2 (2 cores per cpu, 1 threads per core) family 6 model 58 stepping 9, cmov, cx8, fxsr, mmx, sse, sse2, sse3, ssse3, sse4.1, sse4.2, popcnt, erms, tsc, tscinvbit, tscinv

/proc/cpuinfo:
processor	: 0
vendor_id	: GenuineIntel
cpu family	: 6
model		: 58
model name	: Intel(R) Pentium(R) CPU G2030 @ 3.00GHz
stepping	: 9
microcode	: 0x17
cpu MHz		: 3000.000
cache size	: 3072 KB
physical id	: 0
siblings	: 2
core id		: 0
cpu cores	: 2
apicid		: 0
initial apicid	: 0
fdiv_bug	: no
hlt_bug		: no
f00f_bug	: no
coma_bug	: no
fpu		: yes
fpu_exception	: yes
cpuid level	: 13
wp		: yes
flags		: fpu vme de pse tsc msr pae mce cx8 apic sep mtrr pge mca cmov pat pse36 clflush dts acpi mmx fxsr sse sse2 ss ht tm pbe nx rdtscp lm constant_tsc arch_perfmon pebs bts xtopology nonstop_tsc aperfmperf pni pclmulqdq dtes64 monitor ds_cpl vmx est tm2 ssse3 cx16 xtpr pdcm pcid sse4_1 sse4_2 popcnt tsc_deadline_timer xsave lahf_lm arat epb xsaveopt pln pts dtherm tpr_shadow vnmi flexpriority ept vpid fsgsbase smep erms
bogomips	: 5986.47
clflush size	: 64
cache_alignment	: 64
address sizes	: 36 bits physical, 48 bits virtual
power management:

processor	: 1
vendor_id	: GenuineIntel
cpu family	: 6
model		: 58
model name	: Intel(R) Pentium(R) CPU G2030 @ 3.00GHz
stepping	: 9
microcode	: 0x17
cpu MHz		: 2400.000
cache size	: 3072 KB
physical id	: 0
siblings	: 2
core id		: 1
cpu cores	: 2
apicid		: 2
initial apicid	: 2
fdiv_bug	: no
hlt_bug		: no
f00f_bug	: no
coma_bug	: no
fpu		: yes
fpu_exception	: yes
cpuid level	: 13
wp		: yes
flags		: fpu vme de pse tsc msr pae mce cx8 apic sep mtrr pge mca cmov pat pse36 clflush dts acpi mmx fxsr sse sse2 ss ht tm pbe nx rdtscp lm constant_tsc arch_perfmon pebs bts xtopology nonstop_tsc aperfmperf pni pclmulqdq dtes64 monitor ds_cpl vmx est tm2 ssse3 cx16 xtpr pdcm pcid sse4_1 sse4_2 popcnt tsc_deadline_timer xsave lahf_lm arat epb xsaveopt pln pts dtherm tpr_shadow vnmi flexpriority ept vpid fsgsbase smep erms
bogomips	: 5986.36
clflush size	: 64
cache_alignment	: 64
address sizes	: 36 bits physical, 48 bits virtual
power management:



Memory: 4k page, physical 4004304k(160852k free), swap 0k(0k free)

vm_info: OpenJDK Server VM (24.75-b04) for linux-x86 JRE (1.7.0_75-b13), built on Jan 27 2015 16:24:35 by "buildd" with gcc 4.6.3

time: Fri Jul 17 17:04:37 2015
elapsed time: 5 seconds

