#
# There is insufficient memory for the Java Runtime Environment to continue.
# Native memory allocation (malloc) failed to allocate 88080384 bytes for committing reserved memory.
# Possible reasons:
#   The system is out of physical RAM or swap space
#   In 32 bit mode, the process size limit was hit
# Possible solutions:
#   Reduce memory load on the system
#   Increase physical memory or swap space
#   Check if swap backing store is full
#   Use 64 bit Java on a 64 bit OS
#   Decrease Java heap size (-Xmx/-Xms)
#   Decrease number of Java threads
#   Decrease Java thread stack sizes (-Xss)
#   Set larger code cache with -XX:ReservedCodeCacheSize=
# This output file may be truncated or incomplete.
#
#  Out of Memory Error (os_linux.cpp:2798), pid=17755, tid=1746426688
#
# JRE version: OpenJDK Runtime Environment (7.0_75-b13) (build 1.7.0_75-b13)
# Java VM: OpenJDK Server VM (24.75-b04 mixed mode linux-x86 )
# Derivative: IcedTea 2.5.4
# Distribution: Ubuntu 12.04 LTS, package 7u75-2.5.4-1~precise1
# Failed to write core dump. Core dumps have been disabled. To enable core dumping, try "ulimit -c unlimited" before starting Java again
#

---------------  T H R E A D  ---------------

Current thread (0x68010400):  VMThread [stack: 0x68105000,0x68186000] [id=17762]

Stack: [0x68105000,0x68186000]
[error occurred during error reporting (printing stack bounds), id 0xb]

VM_Operation (0xb665a7c8): ParallelGCFailedAllocation, mode: safepoint, requested by thread 0xb6507c00


---------------  P R O C E S S  ---------------

Java Threads: ( => current thread )
  0x6802c400 JavaThread "Service Thread" daemon [_thread_blocked, id=17768, stack(0x67bba000,0x67c0b000)]
  0x6802a800 JavaThread "C2 CompilerThread1" daemon [_thread_blocked, id=17767, stack(0x67c0b000,0x67c8c000)]
  0x68028800 JavaThread "C2 CompilerThread0" daemon [_thread_blocked, id=17766, stack(0x67c8c000,0x67d0d000)]
  0x68026c00 JavaThread "Signal Dispatcher" daemon [_thread_blocked, id=17765, stack(0x67d0d000,0x67d5e000)]
  0x68014400 JavaThread "Finalizer" daemon [_thread_blocked, id=17764, stack(0x67f5e000,0x67faf000)]
  0x68012800 JavaThread "Reference Handler" daemon [_thread_blocked, id=17763, stack(0x67faf000,0x68000000)]
  0xb6507c00 JavaThread "main" [_thread_blocked, id=17759, stack(0xb660b000,0xb665c000)]

Other Threads:
=>0x68010400 VMThread [stack: 0x68105000,0x68186000] [id=17762]
  0x6802e000 WatcherThread [stack: 0x67b39000,0x67bba000] [id=17769]

VM state:at safepoint (normal execution)

VM Mutex/Monitor currently owned by a thread:  ([mutex/lock_event])
[0xb6505228] Threads_lock - owner thread: 0x68010400
[0xb6505638] Heap_lock - owner thread: 0xb6507c00

Heap
 PSYoungGen      total 138496K, used 17661K [0x9de40000, 0xa7a40000, 0xb33c0000)
  eden space 120832K, 0% used [0x9de40000,0x9de40000,0xa5440000)
  from space 17664K, 99% used [0xa5440000,0xa657f5e0,0xa6580000)
  to   space 14080K, 0% used [0xa6580000,0xa6580000,0xa7340000)
 ParOldGen       total 41728K, used 41132K [0x733c0000, 0x75c80000, 0x9de40000)
  object space 41728K, 98% used [0x733c0000,0x75beb3d0,0x75c80000)
 PSPermGen       total 16384K, used 4065K [0x6b3c0000, 0x6c3c0000, 0x733c0000)
  object space 16384K, 24% used [0x6b3c0000,0x6b7b8770,0x6c3c0000)

Card table byte_map: [0x6b17f000,0x6b3c0000] byte_map_base: 0x6ae25200

Polling page: 0xb77b2000

Code Cache  [0xb3489000, 0xb3721000, 0xb6489000)
 total_blobs=807 nmethods=686 adapters=73 free_code_cache=46558Kb largest_free_block=47628736

Compilation events (10 events):
Event: 9.447 Thread 0x6802a800  692             com.android.dx.rop.cst.CstBaseMethodRef::isClassInit (8 bytes)
Event: 9.448 Thread 0x6802a800 nmethod 692 0xb357f808 code [0xb357f900, 0xb357fa30]
Event: 9.448 Thread 0x6802a800  693             com.android.dx.rop.cst.CstNat::isClassInit (13 bytes)
Event: 9.458 Thread 0x6802a800 nmethod 693 0xb35b97c8 code [0xb35b98c0, 0xb35b99f0]
Event: 9.458 Thread 0x6802a800  694             java.util.HashMap::<init> (8 bytes)
Event: 9.459 Thread 0x6802a800 nmethod 694 0xb357f588 code [0xb357f680, 0xb357f750]
Event: 9.459 Thread 0x6802a800  695             java.util.TreeMap::values (27 bytes)
Event: 9.459 Thread 0x6802a800 nmethod 695 0xb3624048 code [0xb3624140, 0xb36241f0]
Event: 9.459 Thread 0x6802a800  696             com.android.dx.rop.cst.CstFloat::getType (4 bytes)
Event: 9.460 Thread 0x6802a800 nmethod 696 0xb3623ec8 code [0xb3623fc0, 0xb3624010]

GC Heap History (10 events):
Event: 3.644 GC heap after
Heap after GC invocations=4 (full 0):
 PSYoungGen      total 34304K, used 2547K [0x9de40000, 0xa0240000, 0xb33c0000)
  eden space 31744K, 0% used [0x9de40000,0x9de40000,0x9fd40000)
  from space 2560K, 99% used [0x9ffc0000,0xa023cc30,0xa0240000)
  to   space 2560K, 0% used [0x9fd40000,0x9fd40000,0x9ffc0000)
 ParOldGen       total 41728K, used 8863K [0x733c0000, 0x75c80000, 0x9de40000)
  object space 41728K, 21% used [0x733c0000,0x73c67ed8,0x75c80000)
 PSPermGen       total 16384K, used 3965K [0x6b3c0000, 0x6c3c0000, 0x733c0000)
  object space 16384K, 24% used [0x6b3c0000,0x6b79f608,0x6c3c0000)
}
Event: 4.802 GC heap before
{Heap before GC invocations=5 (full 0):
 PSYoungGen      total 34304K, used 34291K [0x9de40000, 0xa0240000, 0xb33c0000)
  eden space 31744K, 100% used [0x9de40000,0x9fd40000,0x9fd40000)
  from space 2560K, 99% used [0x9ffc0000,0xa023cc30,0xa0240000)
  to   space 2560K, 0% used [0x9fd40000,0x9fd40000,0x9ffc0000)
 ParOldGen       total 41728K, used 8863K [0x733c0000, 0x75c80000, 0x9de40000)
  object space 41728K, 21% used [0x733c0000,0x73c67ed8,0x75c80000)
 PSPermGen       total 16384K, used 3979K [0x6b3c0000, 0x6c3c0000, 0x733c0000)
  object space 16384K, 24% used [0x6b3c0000,0x6b7a2f98,0x6c3c0000)
Event: 4.850 GC heap after
Heap after GC invocations=5 (full 0):
 PSYoungGen      total 34304K, used 2558K [0x9de40000, 0xa2ac0000, 0xb33c0000)
  eden space 31744K, 0% used [0x9de40000,0x9de40000,0x9fd40000)
  from space 2560K, 99% used [0x9fd40000,0x9ffbf950,0x9ffc0000)
  to   space 7424K, 0% used [0xa2380000,0xa2380000,0xa2ac0000)
 ParOldGen       total 41728K, used 14052K [0x733c0000, 0x75c80000, 0x9de40000)
  object space 41728K, 33% used [0x733c0000,0x741793c8,0x75c80000)
 PSPermGen       total 16384K, used 3979K [0x6b3c0000, 0x6c3c0000, 0x733c0000)
  object space 16384K, 24% used [0x6b3c0000,0x6b7a2f98,0x6c3c0000)
}
Event: 5.498 GC heap before
{Heap before GC invocations=6 (full 0):
 PSYoungGen      total 34304K, used 34302K [0x9de40000, 0xa2ac0000, 0xb33c0000)
  eden space 31744K, 100% used [0x9de40000,0x9fd40000,0x9fd40000)
  from space 2560K, 99% used [0x9fd40000,0x9ffbf950,0x9ffc0000)
  to   space 7424K, 0% used [0xa2380000,0xa2380000,0xa2ac0000)
 ParOldGen       total 41728K, used 14052K [0x733c0000, 0x75c80000, 0x9de40000)
  object space 41728K, 33% used [0x733c0000,0x741793c8,0x75c80000)
 PSPermGen       total 16384K, used 3993K [0x6b3c0000, 0x6c3c0000, 0x733c0000)
  object space 16384K, 24% used [0x6b3c0000,0x6b7a65a0,0x6c3c0000)
Event: 5.519 GC heap after
Heap after GC invocations=6 (full 0):
 PSYoungGen      total 69632K, used 7422K [0x9de40000, 0xa2d40000, 0xb33c0000)
  eden space 62208K, 0% used [0x9de40000,0x9de40000,0xa1b00000)
  from space 7424K, 99% used [0xa2380000,0xa2abf9a0,0xa2ac0000)
  to   space 8704K, 0% used [0xa1b00000,0xa1b00000,0xa2380000)
 ParOldGen       total 41728K, used 14402K [0x733c0000, 0x75c80000, 0x9de40000)
  object space 41728K, 34% used [0x733c0000,0x741d0a90,0x75c80000)
 PSPermGen       total 16384K, used 3993K [0x6b3c0000, 0x6c3c0000, 0x733c0000)
  object space 16384K, 24% used [0x6b3c0000,0x6b7a65a0,0x6c3c0000)
}
Event: 6.287 GC heap before
{Heap before GC invocations=7 (full 0):
 PSYoungGen      total 69632K, used 69630K [0x9de40000, 0xa2d40000, 0xb33c0000)
  eden space 62208K, 100% used [0x9de40000,0xa1b00000,0xa1b00000)
  from space 7424K, 99% used [0xa2380000,0xa2abf9a0,0xa2ac0000)
  to   space 8704K, 0% used [0xa1b00000,0xa1b00000,0xa2380000)
 ParOldGen       total 41728K, used 14402K [0x733c0000, 0x75c80000, 0x9de40000)
  object space 41728K, 34% used [0x733c0000,0x741d0a90,0x75c80000)
 PSPermGen       total 16384K, used 4016K [0x6b3c0000, 0x6c3c0000, 0x733c0000)
  object space 16384K, 24% used [0x6b3c0000,0x6b7ac280,0x6c3c0000)
Event: 6.342 GC heap after
Heap after GC invocations=7 (full 0):
 PSYoungGen      total 70912K, used 8688K [0x9de40000, 0xa7340000, 0xb33c0000)
  eden space 62208K, 0% used [0x9de40000,0x9de40000,0xa1b00000)
  from space 8704K, 99% used [0xa1b00000,0xa237c118,0xa2380000)
  to   space 14080K, 0% used [0xa6580000,0xa6580000,0xa7340000)
 ParOldGen       total 41728K, used 23173K [0x733c0000, 0x75c80000, 0x9de40000)
  object space 41728K, 55% used [0x733c0000,0x74a61528,0x75c80000)
 PSPermGen       total 16384K, used 4016K [0x6b3c0000, 0x6c3c0000, 0x733c0000)
  object space 16384K, 24% used [0x6b3c0000,0x6b7ac280,0x6c3c0000)
}
Event: 7.293 GC heap before
{Heap before GC invocations=8 (full 0):
 PSYoungGen      total 70912K, used 70896K [0x9de40000, 0xa7340000, 0xb33c0000)
  eden space 62208K, 100% used [0x9de40000,0xa1b00000,0xa1b00000)
  from space 8704K, 99% used [0xa1b00000,0xa237c118,0xa2380000)
  to   space 14080K, 0% used [0xa6580000,0xa6580000,0xa7340000)
 ParOldGen       total 41728K, used 23173K [0x733c0000, 0x75c80000, 0x9de40000)
  object space 41728K, 55% used [0x733c0000,0x74a61528,0x75c80000)
 PSPermGen       total 16384K, used 4030K [0x6b3c0000, 0x6c3c0000, 0x733c0000)
  object space 16384K, 24% used [0x6b3c0000,0x6b7af8e8,0x6c3c0000)
Event: 7.410 GC heap after
Heap after GC invocations=8 (full 0):
 PSYoungGen      total 134912K, used 14068K [0x9de40000, 0xa7a40000, 0xb33c0000)
  eden space 120832K, 0% used [0x9de40000,0x9de40000,0xa5440000)
  from space 14080K, 99% used [0xa6580000,0xa733d1d8,0xa7340000)
  to   space 17664K, 0% used [0xa5440000,0xa5440000,0xa6580000)
 ParOldGen       total 41728K, used 26809K [0x733c0000, 0x75c80000, 0x9de40000)
  object space 41728K, 64% used [0x733c0000,0x74dee4b8,0x75c80000)
 PSPermGen       total 16384K, used 4030K [0x6b3c0000, 0x6c3c0000, 0x733c0000)
  object space 16384K, 24% used [0x6b3c0000,0x6b7af8e8,0x6c3c0000)
}
Event: 9.478 GC heap before
{Heap before GC invocations=9 (full 0):
 PSYoungGen      total 134912K, used 134900K [0x9de40000, 0xa7a40000, 0xb33c0000)
  eden space 120832K, 100% used [0x9de40000,0xa5440000,0xa5440000)
  from space 14080K, 99% used [0xa6580000,0xa733d1d8,0xa7340000)
  to   space 17664K, 0% used [0xa5440000,0xa5440000,0xa6580000)
 ParOldGen       total 41728K, used 26809K [0x733c0000, 0x75c80000, 0x9de40000)
  object space 41728K, 64% used [0x733c0000,0x74dee4b8,0x75c80000)
 PSPermGen       total 16384K, used 4065K [0x6b3c0000, 0x6c3c0000, 0x733c0000)
  object space 16384K, 24% used [0x6b3c0000,0x6b7b8770,0x6c3c0000)

Deoptimization events (10 events):
Event: 7.638 Thread 0xb6507c00 Uncommon trap: reason=bimorphic action=maybe_recompile pc=0xb36e53ec method=com.android.dx.cf.code.BytecodeArray.parseInstruction(ILcom/android/dx/cf/code/BytecodeArray$Visitor;)I @ 1357
Event: 9.072 Thread 0xb6507c00 Uncommon trap: reason=bimorphic action=maybe_recompile pc=0xb370fac8 method=com.android.dx.cf.code.BytecodeArray.parseInstruction(ILcom/android/dx/cf/code/BytecodeArray$Visitor;)I @ 1161
Event: 9.072 Thread 0xb6507c00 Uncommon trap: reason=bimorphic action=maybe_recompile pc=0xb370f5b0 method=com.android.dx.cf.code.BytecodeArray.parseInstruction(ILcom/android/dx/cf/code/BytecodeArray$Visitor;)I @ 971
Event: 9.072 Thread 0xb6507c00 Uncommon trap: reason=bimorphic action=maybe_recompile pc=0xb370f64c method=com.android.dx.cf.code.BytecodeArray.parseInstruction(ILcom/android/dx/cf/code/BytecodeArray$Visitor;)I @ 987
Event: 9.072 Thread 0xb6507c00 Uncommon trap: reason=bimorphic action=maybe_recompile pc=0xb370fac8 method=com.android.dx.cf.code.BytecodeArray.parseInstruction(ILcom/android/dx/cf/code/BytecodeArray$Visitor;)I @ 1161
Event: 9.368 Thread 0xb6507c00 Uncommon trap: reason=unloaded action=reinterpret pc=0xb35e1958 method=com.android.dx.cf.code.Ropper.addSetupBlocks()V @ 261
Event: 9.403 Thread 0xb6507c00 Uncommon trap: reason=class_check action=maybe_recompile pc=0xb36c68f4 method=com.android.dx.cf.code.RopperMachine.run(Lcom/android/dx/cf/code/Frame;II)V @ 1024
Event: 9.403 Thread 0xb6507c00 Uncommon trap: reason=class_check action=maybe_recompile pc=0xb36c68f4 method=com.android.dx.cf.code.RopperMachine.run(Lcom/android/dx/cf/code/Frame;II)V @ 1024
Event: 9.403 Thread 0xb6507c00 Uncommon trap: reason=class_check action=maybe_recompile pc=0xb36c68f4 method=com.android.dx.cf.code.RopperMachine.run(Lcom/android/dx/cf/code/Frame;II)V @ 1024
Event: 9.403 Thread 0xb6507c00 Uncommon trap: reason=class_check action=maybe_recompile pc=0xb36c68f4 method=com.android.dx.cf.code.RopperMachine.run(Lcom/android/dx/cf/code/Frame;II)V @ 1024

Internal exceptions (10 events):
Event: 1.499 Thread 0xb6507c00 Threw 0x9e3e6530 at /build/buildd/openjdk-7-7u75-2.5.4/build/openjdk/hotspot/src/share/vm/prims/jvm.cpp:1284
Event: 1.543 Thread 0xb6507c00 Threw 0x9e4a8180 at /build/buildd/openjdk-7-7u75-2.5.4/build/openjdk/hotspot/src/share/vm/prims/jvm.cpp:1284
Event: 1.544 Thread 0xb6507c00 Threw 0x9e4ae140 at /build/buildd/openjdk-7-7u75-2.5.4/build/openjdk/hotspot/src/share/vm/prims/jvm.cpp:1284
Event: 1.544 Thread 0xb6507c00 Threw 0x9e4b3ea0 at /build/buildd/openjdk-7-7u75-2.5.4/build/openjdk/hotspot/src/share/vm/prims/jvm.cpp:1284
Event: 1.782 Thread 0xb6507c00 Implicit null exception at 0xb351fafa to 0xb35200ed
Event: 4.650 Thread 0xb6507c00 Implicit null exception at 0xb3519f05 to 0xb351ad85
Event: 4.728 Thread 0xb6507c00 Threw 0x9fb857d8 at /build/buildd/openjdk-7-7u75-2.5.4/build/openjdk/hotspot/src/share/vm/prims/jvm.cpp:1284
Event: 5.684 Thread 0xb6507c00 Implicit null exception at 0xb360641f to 0xb3606585
Event: 5.684 Thread 0xb6507c00 Implicit null exception at 0xb35c3199 to 0xb35c3295
Event: 5.908 Thread 0xb6507c00 Threw 0x9fd8f698 at /build/buildd/openjdk-7-7u75-2.5.4/build/openjdk/hotspot/src/share/vm/prims/jvm.cpp:1284

Events (10 events):
Event: 9.403 Thread 0xb6507c00 Uncommon trap: trap_request=0xffffffde fr.pc=0xb36c68f4
Event: 9.403 Thread 0xb6507c00 DEOPT PACKING pc=0xb36c68f4 sp=0xb665a9e0
Event: 9.403 Thread 0xb6507c00 DEOPT UNPACKING pc=0xb34b5bc8 sp=0xb665a9ac mode 2
Event: 9.403 Thread 0xb6507c00 Uncommon trap: trap_request=0xffffffde fr.pc=0xb36c68f4
Event: 9.403 Thread 0xb6507c00 DEOPT PACKING pc=0xb36c68f4 sp=0xb665a9e0
Event: 9.403 Thread 0xb6507c00 DEOPT UNPACKING pc=0xb34b5bc8 sp=0xb665a9ac mode 2
Event: 9.403 Thread 0xb6507c00 Uncommon trap: trap_request=0xffffffde fr.pc=0xb36c68f4
Event: 9.403 Thread 0xb6507c00 DEOPT PACKING pc=0xb36c68f4 sp=0xb665a9e0
Event: 9.403 Thread 0xb6507c00 DEOPT UNPACKING pc=0xb34b5bc8 sp=0xb665a9ac mode 2
Event: 9.478 Executing VM operation: ParallelGCFailedAllocation


Dynamic libraries:
08048000-08049000 r-xp 00000000 08:05 4983886    /usr/lib/jvm/java-7-openjdk-i386/jre/bin/java
08049000-0804a000 r--p 00000000 08:05 4983886    /usr/lib/jvm/java-7-openjdk-i386/jre/bin/java
0804a000-0804b000 rw-p 00001000 08:05 4983886    /usr/lib/jvm/java-7-openjdk-i386/jre/bin/java
08aa8000-0936a000 rw-p 00000000 00:00 0          [heap]
66b00000-66bf6000 rw-p 00000000 00:00 0 
66bf6000-66c00000 ---p 00000000 00:00 0 
66d00000-66dfa000 rw-p 00000000 00:00 0 
66dfa000-66e00000 ---p 00000000 00:00 0 
66f00000-66ffa000 rw-p 00000000 00:00 0 
66ffa000-67000000 ---p 00000000 00:00 0 
67100000-671e4000 rw-p 00000000 00:00 0 
671e4000-67200000 ---p 00000000 00:00 0 
67300000-673ff000 rw-p 00000000 00:00 0 
673ff000-67400000 ---p 00000000 00:00 0 
67500000-675f9000 rw-p 00000000 00:00 0 
675f9000-67600000 ---p 00000000 00:00 0 
67600000-676fd000 rw-p 00000000 00:00 0 
676fd000-67700000 ---p 00000000 00:00 0 
67700000-67738000 rw-p 00000000 00:00 0 
67738000-67800000 ---p 00000000 00:00 0 
67815000-6784f000 r-xp 00000000 08:05 3802088    /lib/i386-linux-gnu/libpcre.so.3.12.1
6784f000-67850000 r--p 00039000 08:05 3802088    /lib/i386-linux-gnu/libpcre.so.3.12.1
67850000-67851000 rw-p 0003a000 08:05 3802088    /lib/i386-linux-gnu/libpcre.so.3.12.1
67851000-67864000 r-xp 00000000 08:05 3802099    /lib/i386-linux-gnu/libresolv-2.15.so
67864000-67865000 ---p 00013000 08:05 3802099    /lib/i386-linux-gnu/libresolv-2.15.so
67865000-67866000 r--p 00013000 08:05 3802099    /lib/i386-linux-gnu/libresolv-2.15.so
67866000-67867000 rw-p 00014000 08:05 3802099    /lib/i386-linux-gnu/libresolv-2.15.so
67867000-67869000 rw-p 00000000 00:00 0 
67869000-67886000 r-xp 00000000 08:05 3802103    /lib/i386-linux-gnu/libselinux.so.1
67886000-67887000 r--p 0001c000 08:05 3802103    /lib/i386-linux-gnu/libselinux.so.1
67887000-67888000 rw-p 0001d000 08:05 3802103    /lib/i386-linux-gnu/libselinux.so.1
67888000-6797f000 r-xp 00000000 08:05 3802040    /lib/i386-linux-gnu/libglib-2.0.so.0.3200.3
6797f000-67980000 r--p 000f6000 08:05 3802040    /lib/i386-linux-gnu/libglib-2.0.so.0.3200.3
67980000-67981000 rw-p 000f7000 08:05 3802040    /lib/i386-linux-gnu/libglib-2.0.so.0.3200.3
67981000-679ce000 r-xp 00000000 08:05 4985532    /usr/lib/i386-linux-gnu/libgobject-2.0.so.0.3200.3
679ce000-679cf000 r--p 0004c000 08:05 4985532    /usr/lib/i386-linux-gnu/libgobject-2.0.so.0.3200.3
679cf000-679d0000 rw-p 0004d000 08:05 4985532    /usr/lib/i386-linux-gnu/libgobject-2.0.so.0.3200.3
679d0000-67b23000 r-xp 00000000 08:05 4985508    /usr/lib/i386-linux-gnu/libgio-2.0.so.0.3200.3
67b23000-67b25000 r--p 00153000 08:05 4985508    /usr/lib/i386-linux-gnu/libgio-2.0.so.0.3200.3
67b25000-67b26000 rw-p 00155000 08:05 4985508    /usr/lib/i386-linux-gnu/libgio-2.0.so.0.3200.3
67b26000-67b27000 rw-p 00000000 00:00 0 
67b39000-67b3a000 ---p 00000000 00:00 0 
67b3a000-67bba000 rw-p 00000000 00:00 0 
67bba000-67bbd000 ---p 00000000 00:00 0 
67bbd000-67c0b000 rw-p 00000000 00:00 0 
67c0b000-67c0e000 ---p 00000000 00:00 0 
67c0e000-67c8c000 rw-p 00000000 00:00 0 
67c8c000-67c8f000 ---p 00000000 00:00 0 
67c8f000-67d0d000 rw-p 00000000 00:00 0 
67d0d000-67d10000 ---p 00000000 00:00 0 
67d10000-67d5e000 rw-p 00000000 00:00 0 
67d5e000-67f5e000 r--p 00000000 08:05 4988066    /usr/lib/locale/locale-archive
67f5e000-67f61000 ---p 00000000 00:00 0 
67f61000-67faf000 rw-p 00000000 00:00 0 
67faf000-67fb2000 ---p 00000000 00:00 0 
67fb2000-68000000 rw-p 00000000 00:00 0 
68000000-68100000 rw-p 00000000 00:00 0 
68105000-68106000 ---p 00000000 00:00 0 
68106000-681cf000 rw-p 00000000 00:00 0 
681cf000-68380000 r--s 01d23000 08:05 4989042    /usr/lib/jvm/java-7-openjdk-i386/jre/lib/rt.jar
68380000-6ac00000 rw-p 00000000 00:00 0 
6ac00000-6acfe000 rw-p 00000000 00:00 0 
6acfe000-6ad00000 ---p 00000000 00:00 0 
6ad0b000-6ad22000 r-xp 00000000 08:05 4989135    /usr/lib/jvm/java-7-openjdk-i386/jre/lib/i386/libnet.so
6ad22000-6ad23000 r--p 00016000 08:05 4989135    /usr/lib/jvm/java-7-openjdk-i386/jre/lib/i386/libnet.so
6ad23000-6ad24000 rw-p 00017000 08:05 4989135    /usr/lib/jvm/java-7-openjdk-i386/jre/lib/i386/libnet.so
6ad24000-6ad7f000 rw-p 00000000 00:00 0 
6ad7f000-6ad80000 ---p 00000000 00:00 0 
6ad80000-6ae00000 rw-p 00000000 00:00 0 
6ae00000-6ae21000 rw-p 00000000 00:00 0 
6ae21000-6af00000 ---p 00000000 00:00 0 
6af03000-6af08000 r-xp 00000000 08:05 4985471    /usr/lib/i386-linux-gnu/libffi.so.6.0.0
6af08000-6af09000 r--p 00004000 08:05 4985471    /usr/lib/i386-linux-gnu/libffi.so.6.0.0
6af09000-6af0a000 rw-p 00005000 08:05 4985471    /usr/lib/i386-linux-gnu/libffi.so.6.0.0
6af0a000-6af0d000 r-xp 00000000 08:05 4985518    /usr/lib/i386-linux-gnu/libgmodule-2.0.so.0.3200.3
6af0d000-6af0e000 r--p 00002000 08:05 4985518    /usr/lib/i386-linux-gnu/libgmodule-2.0.so.0.3200.3
6af0e000-6af0f000 rw-p 00003000 08:05 4985518    /usr/lib/i386-linux-gnu/libgmodule-2.0.so.0.3200.3
6af0f000-6af20000 r-xp 00000000 08:05 4989121    /usr/lib/jvm/java-7-openjdk-i386/jre/lib/i386/libnio.so
6af20000-6af21000 r--p 00010000 08:05 4989121    /usr/lib/jvm/java-7-openjdk-i386/jre/lib/i386/libnio.so
6af21000-6af22000 rw-p 00011000 08:05 4989121    /usr/lib/jvm/java-7-openjdk-i386/jre/lib/i386/libnio.so
6af22000-6af34000 r--s 000c6000 08:06 20972369   /home/ankit/Traafik latest/TraafikAppLatest/app/build/intermediates/exploded-aar/com.android.support/support-v4/22.2.1/jars/classes.jar
6af34000-6af43000 r--s 000dd000 08:06 21369266   /home/ankit/Ankitt Data/ECLIPSE/sdk/build-tools/22.0.1/lib/dx.jar
6af43000-6af44000 r--s 00007000 08:05 5246941    /usr/share/java/java-atk-wrapper.jar
6af44000-6af47000 r--s 0000f000 08:05 4989079    /usr/lib/jvm/java-7-openjdk-i386/jre/lib/ext/icedtea-sound.jar
6af47000-6af49000 r--s 00012000 08:05 4989084    /usr/lib/jvm/java-7-openjdk-i386/jre/lib/ext/zipfs.jar
6af49000-6af4d000 r--s 00034000 08:05 4989083    /usr/lib/jvm/java-7-openjdk-i386/jre/lib/ext/sunjce_provider.jar
6af4d000-6af68000 rw-p 00000000 00:00 0 
6af68000-6af69000 ---p 00000000 00:00 0 
6af69000-6aff1000 rw-p 00000000 00:00 0 
6aff1000-6b029000 rw-p 00000000 00:00 0 
6b029000-6b03e000 rw-p 00000000 00:00 0 
6b03e000-6b17f000 rw-p 00000000 00:00 0 
6b17f000-6b187000 rw-p 00000000 00:00 0 
6b187000-6b1bf000 rw-p 00000000 00:00 0 
6b1bf000-6b1d4000 rw-p 00000000 00:00 0 
6b1d4000-6b314000 rw-p 00000000 00:00 0 
6b314000-6b363000 rw-p 00000000 00:00 0 
6b363000-6b3bf000 rw-p 00000000 00:00 0 
6b3bf000-6c3c0000 rw-p 00000000 00:00 0 
6c3c0000-733c0000 rw-p 00000000 00:00 0 
733c0000-75c80000 rw-p 00000000 00:00 0 
75c80000-9de40000 rw-p 00000000 00:00 0 
9de40000-a7a40000 rw-p 00000000 00:00 0 
ace40000-b33c0000 rw-p 00000000 00:00 0 
b33c2000-b33c6000 r--s 0003c000 08:05 4989081    /usr/lib/jvm/java-7-openjdk-i386/jre/lib/ext/sunpkcs11.jar
b33c6000-b33c9000 r--s 00086000 08:05 4989082    /usr/lib/jvm/java-7-openjdk-i386/jre/lib/ext/localedata.jar
b33c9000-b33d4000 rw-p 00000000 00:00 0 
b33d4000-b3489000 rw-p 00000000 00:00 0 
b3489000-b3721000 rwxp 00000000 00:00 0 
b3721000-b6489000 rw-p 00000000 00:00 0 
b6489000-b6494000 r-xp 00000000 08:05 3802066    /lib/i386-linux-gnu/libnss_files-2.15.so
b6494000-b6495000 r--p 0000a000 08:05 3802066    /lib/i386-linux-gnu/libnss_files-2.15.so
b6495000-b6496000 rw-p 0000b000 08:05 3802066    /lib/i386-linux-gnu/libnss_files-2.15.so
b6496000-b64a0000 r-xp 00000000 08:05 3802070    /lib/i386-linux-gnu/libnss_nis-2.15.so
b64a0000-b64a1000 r--p 00009000 08:05 3802070    /lib/i386-linux-gnu/libnss_nis-2.15.so
b64a1000-b64a2000 rw-p 0000a000 08:05 3802070    /lib/i386-linux-gnu/libnss_nis-2.15.so
b64a2000-b64b8000 r-xp 00000000 08:05 3802060    /lib/i386-linux-gnu/libnsl-2.15.so
b64b8000-b64b9000 r--p 00015000 08:05 3802060    /lib/i386-linux-gnu/libnsl-2.15.so
b64b9000-b64ba000 rw-p 00016000 08:05 3802060    /lib/i386-linux-gnu/libnsl-2.15.so
b64ba000-b64bc000 rw-p 00000000 00:00 0 
b64bc000-b64c3000 r-xp 00000000 08:05 3802062    /lib/i386-linux-gnu/libnss_compat-2.15.so
b64c3000-b64c4000 r--p 00006000 08:05 3802062    /lib/i386-linux-gnu/libnss_compat-2.15.so
b64c4000-b64c5000 rw-p 00007000 08:05 3802062    /lib/i386-linux-gnu/libnss_compat-2.15.so
b64c5000-b64cd000 r-xp 00000000 08:05 4989114    /usr/lib/jvm/java-7-openjdk-i386/jre/lib/i386/libzip.so
b64cd000-b64ce000 r--p 00007000 08:05 4989114    /usr/lib/jvm/java-7-openjdk-i386/jre/lib/i386/libzip.so
b64ce000-b64cf000 rw-p 00008000 08:05 4989114    /usr/lib/jvm/java-7-openjdk-i386/jre/lib/i386/libzip.so
b64cf000-b64d7000 rw-s 00000000 08:05 145486     /tmp/hsperfdata_ankit/17755
b64d7000-b64fe000 r-xp 00000000 08:05 4989134    /usr/lib/jvm/java-7-openjdk-i386/jre/lib/i386/libjava.so
b64fe000-b64ff000 r--p 00026000 08:05 4989134    /usr/lib/jvm/java-7-openjdk-i386/jre/lib/i386/libjava.so
b64ff000-b6500000 rw-p 00027000 08:05 4989134    /usr/lib/jvm/java-7-openjdk-i386/jre/lib/i386/libjava.so
b6500000-b65fd000 rw-p 00000000 00:00 0 
b65fd000-b6600000 ---p 00000000 00:00 0 
b6602000-b6609000 r-xp 00000000 08:05 3802101    /lib/i386-linux-gnu/librt-2.15.so
b6609000-b660a000 r--p 00006000 08:05 3802101    /lib/i386-linux-gnu/librt-2.15.so
b660a000-b660b000 rw-p 00007000 08:05 3802101    /lib/i386-linux-gnu/librt-2.15.so
b660b000-b660e000 ---p 00000000 00:00 0 
b660e000-b665c000 rw-p 00000000 00:00 0 
b665c000-b6678000 r-xp 00000000 08:05 3802036    /lib/i386-linux-gnu/libgcc_s.so.1
b6678000-b6679000 r--p 0001b000 08:05 3802036    /lib/i386-linux-gnu/libgcc_s.so.1
b6679000-b667a000 rw-p 0001c000 08:05 3802036    /lib/i386-linux-gnu/libgcc_s.so.1
b667a000-b66a4000 r-xp 00000000 08:05 3802047    /lib/i386-linux-gnu/libm-2.15.so
b66a4000-b66a5000 r--p 00029000 08:05 3802047    /lib/i386-linux-gnu/libm-2.15.so
b66a5000-b66a6000 rw-p 0002a000 08:05 3802047    /lib/i386-linux-gnu/libm-2.15.so
b66a6000-b677e000 r-xp 00000000 08:05 4985813    /usr/lib/i386-linux-gnu/libstdc++.so.6.0.16
b677e000-b677f000 ---p 000d8000 08:05 4985813    /usr/lib/i386-linux-gnu/libstdc++.so.6.0.16
b677f000-b6783000 r--p 000d8000 08:05 4985813    /usr/lib/i386-linux-gnu/libstdc++.so.6.0.16
b6783000-b6784000 rw-p 000dc000 08:05 4985813    /usr/lib/i386-linux-gnu/libstdc++.so.6.0.16
b6784000-b678b000 rw-p 00000000 00:00 0 
b678b000-b714d000 r-xp 00000000 08:05 4989140    /usr/lib/jvm/java-7-openjdk-i386/jre/lib/i386/server/libjvm.so
b714d000-b71a2000 r--p 009c2000 08:05 4989140    /usr/lib/jvm/java-7-openjdk-i386/jre/lib/i386/server/libjvm.so
b71a2000-b71b6000 rw-p 00a17000 08:05 4989140    /usr/lib/jvm/java-7-openjdk-i386/jre/lib/i386/server/libjvm.so
b71b6000-b75d4000 rw-p 00000000 00:00 0 
b75d4000-b75e8000 r-xp 00000000 08:05 3802126    /lib/i386-linux-gnu/libz.so.1.2.3.4
b75e8000-b75e9000 r--p 00013000 08:05 3802126    /lib/i386-linux-gnu/libz.so.1.2.3.4
b75e9000-b75ea000 rw-p 00014000 08:05 3802126    /lib/i386-linux-gnu/libz.so.1.2.3.4
b75ea000-b7601000 r-xp 00000000 08:05 3802095    /lib/i386-linux-gnu/libpthread-2.15.so
b7601000-b7602000 r--p 00016000 08:05 3802095    /lib/i386-linux-gnu/libpthread-2.15.so
b7602000-b7603000 rw-p 00017000 08:05 3802095    /lib/i386-linux-gnu/libpthread-2.15.so
b7603000-b7605000 rw-p 00000000 00:00 0 
b7605000-b7608000 r-xp 00000000 08:05 3802028    /lib/i386-linux-gnu/libdl-2.15.so
b7608000-b7609000 r--p 00002000 08:05 3802028    /lib/i386-linux-gnu/libdl-2.15.so
b7609000-b760a000 rw-p 00003000 08:05 3802028    /lib/i386-linux-gnu/libdl-2.15.so
b760a000-b77a9000 r-xp 00000000 08:05 3802015    /lib/i386-linux-gnu/libc-2.15.so
b77a9000-b77ab000 r--p 0019f000 08:05 3802015    /lib/i386-linux-gnu/libc-2.15.so
b77ab000-b77ac000 rw-p 001a1000 08:05 3802015    /lib/i386-linux-gnu/libc-2.15.so
b77ac000-b77af000 rw-p 00000000 00:00 0 
b77af000-b77b0000 r--s 00002000 08:05 4989080    /usr/lib/jvm/java-7-openjdk-i386/jre/lib/ext/dnsns.jar
b77b0000-b77b1000 r--p 005db000 08:05 4988066    /usr/lib/locale/locale-archive
b77b1000-b77b2000 rw-p 00000000 00:00 0 
b77b2000-b77b3000 ---p 00000000 00:00 0 
b77b3000-b77bf000 r-xp 00000000 08:05 4989131    /usr/lib/jvm/java-7-openjdk-i386/jre/lib/i386/libverify.so
b77bf000-b77c0000 r--p 0000b000 08:05 4989131    /usr/lib/jvm/java-7-openjdk-i386/jre/lib/i386/libverify.so
b77c0000-b77c1000 rw-p 0000c000 08:05 4989131    /usr/lib/jvm/java-7-openjdk-i386/jre/lib/i386/libverify.so
b77c1000-b77ce000 r-xp 00000000 08:05 4989106    /usr/lib/jvm/java-7-openjdk-i386/jre/lib/i386/jli/libjli.so
b77ce000-b77cf000 r--p 0000c000 08:05 4989106    /usr/lib/jvm/java-7-openjdk-i386/jre/lib/i386/jli/libjli.so
b77cf000-b77d0000 rw-p 0000d000 08:05 4989106    /usr/lib/jvm/java-7-openjdk-i386/jre/lib/i386/jli/libjli.so
b77d0000-b77d3000 rw-p 00000000 00:00 0 
b77d3000-b77d4000 r-xp 00000000 00:00 0          [vdso]
b77d4000-b77f4000 r-xp 00000000 08:05 3801995    /lib/i386-linux-gnu/ld-2.15.so
b77f4000-b77f5000 r--p 0001f000 08:05 3801995    /lib/i386-linux-gnu/ld-2.15.so
b77f5000-b77f6000 rw-p 00020000 08:05 3801995    /lib/i386-linux-gnu/ld-2.15.so
bfcd8000-bfcd9000 rwxp 00000000 00:00 0 
bfd0b000-bfd2c000 rw-p 00000000 00:00 0          [stack]

VM Arguments:
jvm_args: -Xmx1024M -Dfile.encoding=UTF-8 -Duser.country=IN -Duser.language=en -Duser.variant 
java_command: com.android.dx.command.Main --dex --output /home/ankit/Traafik latest/TraafikAppLatest/app/build/intermediates/pre-dexed/debug/classes-088c7d0569eef61628ad5c4650d9fe3f4d48d29c.jar /home/ankit/Traafik latest/TraafikAppLatest/app/build/intermediates/exploded-aar/com.android.support/support-v4/22.2.1/jars/classes.jar
Launcher Type: SUN_STANDARD

Environment Variables:
PATH=/usr/lib/lightdm/lightdm:/usr/local/sbin:/usr/local/bin:/usr/sbin:/usr/bin:/sbin:/bin:/usr/games
LD_LIBRARY_PATH=/home/ankit/Android studio/android-studio/bin:
SHELL=/bin/bash
DISPLAY=:0.0

Signal Handlers:
SIGSEGV: [libjvm.so+0x80b550], sa_mask[0]=0x7ffbfeff, sa_flags=0x10000004
SIGBUS: [libjvm.so+0x80b550], sa_mask[0]=0x7ffbfeff, sa_flags=0x10000004
SIGFPE: [libjvm.so+0x6753e0], sa_mask[0]=0x7ffbfeff, sa_flags=0x10000004
SIGPIPE: [libjvm.so+0x6753e0], sa_mask[0]=0x7ffbfeff, sa_flags=0x10000004
SIGXFSZ: [libjvm.so+0x6753e0], sa_mask[0]=0x7ffbfeff, sa_flags=0x10000004
SIGILL: [libjvm.so+0x6753e0], sa_mask[0]=0x7ffbfeff, sa_flags=0x10000004
SIGUSR1: SIG_DFL, sa_mask[0]=0x00000000, sa_flags=0x00000000
SIGUSR2: [libjvm.so+0x675690], sa_mask[0]=0x00000004, sa_flags=0x10000004
SIGHUP: [libjvm.so+0x675850], sa_mask[0]=0x7ffbfeff, sa_flags=0x10000004
SIGINT: [libjvm.so+0x675850], sa_mask[0]=0x7ffbfeff, sa_flags=0x10000004
SIGTERM: [libjvm.so+0x675850], sa_mask[0]=0x7ffbfeff, sa_flags=0x10000004
SIGQUIT: [libjvm.so+0x675850], sa_mask[0]=0x7ffbfeff, sa_flags=0x10000004
SIGTRAP: SIG_DFL, sa_mask[0]=0x00000000, sa_flags=0x00000000


---------------  S Y S T E M  ---------------

OS:Ubuntu 12.04 (precise)
uname:Linux 3.2.0-29-generic-pae #46-Ubuntu SMP Fri Jul 27 17:25:43 UTC 2012 i686
libc:glibc 2.15 NPTL 2.15 
rlimit: STACK 8192k, CORE 0k, NPROC 31169, NOFILE 4096, AS infinity
load average:2.49 0.79 0.56

/proc/meminfo:
MemTotal:        4004304 kB
MemFree:          209972 kB
Buffers:            6668 kB
Cached:           546476 kB
SwapCached:            0 kB
Active:          3361244 kB
Inactive:         348760 kB
Active(anon):    3300916 kB
Inactive(anon):   287296 kB
Active(file):      60328 kB
Inactive(file):    61464 kB
Unevictable:          16 kB
Mlocked:              16 kB
HighTotal:       3159312 kB
HighFree:          21332 kB
LowTotal:         844992 kB
LowFree:          188640 kB
SwapTotal:             0 kB
SwapFree:              0 kB
Dirty:                80 kB
Writeback:          6020 kB
AnonPages:       3157232 kB
Mapped:            89872 kB
Shmem:            430996 kB
Slab:              41772 kB
SReclaimable:      21964 kB
SUnreclaim:        19808 kB
KernelStack:        4856 kB
PageTables:        20336 kB
NFS_Unstable:          0 kB
Bounce:                0 kB
WritebackTmp:          0 kB
CommitLimit:     2002152 kB
Committed_AS:    7677244 kB
VmallocTotal:     122880 kB
VmallocUsed:       15288 kB
VmallocChunk:     106584 kB
HardwareCorrupted:     0 kB
AnonHugePages:         0 kB
HugePages_Total:       0
HugePages_Free:        0
HugePages_Rsvd:        0
HugePages_Surp:        0
Hugepagesize:       2048 kB
DirectMap4k:       10232 kB
DirectMap2M:      903168 kB


CPU:total 2 (2 cores per cpu, 1 threads per core) family 6 model 58 stepping 9, cmov, cx8, fxsr, mmx, sse, sse2, sse3, ssse3, sse4.1, sse4.2, popcnt, erms, tsc, tscinvbit, tscinv

/proc/cpuinfo:
processor	: 0
vendor_id	: GenuineIntel
cpu family	: 6
model		: 58
model name	: Intel(R) Pentium(R) CPU G2030 @ 3.00GHz
stepping	: 9
microcode	: 0x17
cpu MHz		: 3000.000
cache size	: 3072 KB
physical id	: 0
siblings	: 2
core id		: 0
cpu cores	: 2
apicid		: 0
initial apicid	: 0
fdiv_bug	: no
hlt_bug		: no
f00f_bug	: no
coma_bug	: no
fpu		: yes
fpu_exception	: yes
cpuid level	: 13
wp		: yes
flags		: fpu vme de pse tsc msr pae mce cx8 apic sep mtrr pge mca cmov pat pse36 clflush dts acpi mmx fxsr sse sse2 ss ht tm pbe nx rdtscp lm constant_tsc arch_perfmon pebs bts xtopology nonstop_tsc aperfmperf pni pclmulqdq dtes64 monitor ds_cpl vmx est tm2 ssse3 cx16 xtpr pdcm pcid sse4_1 sse4_2 popcnt tsc_deadline_timer xsave lahf_lm arat epb xsaveopt pln pts dtherm tpr_shadow vnmi flexpriority ept vpid fsgsbase smep erms
bogomips	: 5986.77
clflush size	: 64
cache_alignment	: 64
address sizes	: 36 bits physical, 48 bits virtual
power management:

processor	: 1
vendor_id	: GenuineIntel
cpu family	: 6
model		: 58
model name	: Intel(R) Pentium(R) CPU G2030 @ 3.00GHz
stepping	: 9
microcode	: 0x17
cpu MHz		: 1600.000
cache size	: 3072 KB
physical id	: 0
siblings	: 2
core id		: 1
cpu cores	: 2
apicid		: 2
initial apicid	: 2
fdiv_bug	: no
hlt_bug		: no
f00f_bug	: no
coma_bug	: no
fpu		: yes
fpu_exception	: yes
cpuid level	: 13
wp		: yes
flags		: fpu vme de pse tsc msr pae mce cx8 apic sep mtrr pge mca cmov pat pse36 clflush dts acpi mmx fxsr sse sse2 ss ht tm pbe nx rdtscp lm constant_tsc arch_perfmon pebs bts xtopology nonstop_tsc aperfmperf pni pclmulqdq dtes64 monitor ds_cpl vmx est tm2 ssse3 cx16 xtpr pdcm pcid sse4_1 sse4_2 popcnt tsc_deadline_timer xsave lahf_lm arat epb xsaveopt pln pts dtherm tpr_shadow vnmi flexpriority ept vpid fsgsbase smep erms
bogomips	: 5986.12
clflush size	: 64
cache_alignment	: 64
address sizes	: 36 bits physical, 48 bits virtual
power management:



Memory: 4k page, physical 4004304k(209972k free), swap 0k(0k free)

vm_info: OpenJDK Server VM (24.75-b04) for linux-x86 JRE (1.7.0_75-b13), built on Jan 27 2015 16:24:35 by "buildd" with gcc 4.6.3

time: Mon Jul 20 18:19:18 2015
elapsed time: 9 seconds

