#
# There is insufficient memory for the Java Runtime Environment to continue.
# Native memory allocation (malloc) failed to allocate 72876032 bytes for committing reserved memory.
# Possible reasons:
#   The system is out of physical RAM or swap space
#   In 32 bit mode, the process size limit was hit
# Possible solutions:
#   Reduce memory load on the system
#   Increase physical memory or swap space
#   Check if swap backing store is full
#   Use 64 bit Java on a 64 bit OS
#   Decrease Java heap size (-Xmx/-Xms)
#   Decrease number of Java threads
#   Decrease Java thread stack sizes (-Xss)
#   Set larger code cache with -XX:ReservedCodeCacheSize=
# This output file may be truncated or incomplete.
#
#  Out of Memory Error (os_linux.cpp:2798), pid=22404, tid=1745378112
#
# JRE version: OpenJDK Runtime Environment (7.0_75-b13) (build 1.7.0_75-b13)
# Java VM: OpenJDK Server VM (24.75-b04 mixed mode linux-x86 )
# Derivative: IcedTea 2.5.4
# Distribution: Ubuntu 12.04 LTS, package 7u75-2.5.4-1~precise1
# Failed to write core dump. Core dumps have been disabled. To enable core dumping, try "ulimit -c unlimited" before starting Java again
#

---------------  T H R E A D  ---------------

Current thread (0x67f10400):  VMThread [stack: 0x68005000,0x68086000] [id=22411]

Stack: [0x68005000,0x68086000]
[error occurred during error reporting (printing stack bounds), id 0xb]

VM_Operation (0xb65be9c8): ParallelGCFailedAllocation, mode: safepoint, requested by thread 0xb6407c00


---------------  P R O C E S S  ---------------

Java Threads: ( => current thread )
  0x67f2c400 JavaThread "Service Thread" daemon [_thread_blocked, id=22417, stack(0x67b5c000,0x67bad000)]
  0x67f2a800 JavaThread "C2 CompilerThread1" daemon [_thread_blocked, id=22416, stack(0x67bad000,0x67c2e000)]
  0x67f28800 JavaThread "C2 CompilerThread0" daemon [_thread_blocked, id=22415, stack(0x67c2e000,0x67caf000)]
  0x67f26c00 JavaThread "Signal Dispatcher" daemon [_thread_blocked, id=22414, stack(0x67caf000,0x67d00000)]
  0x67f14400 JavaThread "Finalizer" daemon [_thread_blocked, id=22413, stack(0x6ac03000,0x6ac54000)]
  0x67f12800 JavaThread "Reference Handler" daemon [_thread_blocked, id=22412, stack(0x6ac54000,0x6aca5000)]
  0xb6407c00 JavaThread "main" [_thread_blocked, id=22406, stack(0xb656f000,0xb65c0000)]

Other Threads:
=>0x67f10400 VMThread [stack: 0x68005000,0x68086000] [id=22411]
  0x67f2e000 WatcherThread [stack: 0x67adb000,0x67b5c000] [id=22418]

VM state:at safepoint (normal execution)

VM Mutex/Monitor currently owned by a thread:  ([mutex/lock_event])
[0xb6405248] Threads_lock - owner thread: 0x67f10400
[0xb6405658] Heap_lock - owner thread: 0xb6407c00

Heap
 PSYoungGen      total 70912K, used 8432K [0x9dd80000, 0xa2c00000, 0xb3300000)
  eden space 62464K, 0% used [0x9dd80000,0x9dd80000,0xa1a80000)
  from space 8448K, 99% used [0xa1a80000,0xa22bc0a8,0xa22c0000)
  to   space 7424K, 0% used [0xa22c0000,0xa22c0000,0xa2a00000)
 ParOldGen       total 41728K, used 21674K [0x73300000, 0x75bc0000, 0x9dd80000)
  object space 41728K, 51% used [0x73300000,0x7482a950,0x75bc0000)
 PSPermGen       total 16384K, used 4000K [0x6b300000, 0x6c300000, 0x73300000)
  object space 16384K, 24% used [0x6b300000,0x6b6e8040,0x6c300000)

Card table byte_map: [0x6b0bf000,0x6b300000] byte_map_base: 0x6ad65800

Polling page: 0xb7716000

Code Cache  [0xb33e7000, 0xb3627000, 0xb63e7000)
 total_blobs=663 nmethods=544 adapters=73 free_code_cache=47273Kb largest_free_block=48311168

Compilation events (10 events):
Event: 6.482 Thread 0x67f28800 nmethod 550 0xb35bfec8 code [0xb35bffa0, 0xb35c0010]
Event: 6.482 Thread 0x67f28800  551             com.android.dx.rop.cst.CstString::hashCode (8 bytes)
Event: 6.484 Thread 0x67f28800 nmethod 551 0xb35bfb88 code [0xb35bfc80, 0xb35bfdf0]
Event: 6.484 Thread 0x67f28800  552             java.lang.String::substring (56 bytes)
Event: 6.487 Thread 0x67f28800 nmethod 552 0xb35c3948 code [0xb35c3a60, 0xb35c3d50]
Event: 6.513 Thread 0x67f28800  553             com.android.dx.ssa.LiteralOpUpgrader::tryReplacingWithConstant (161 bytes)
Event: 6.518 Thread 0x67f28800 nmethod 553 0xb35c2f08 code [0xb35c30a0, 0xb35c33cc]
Event: 6.518 Thread 0x67f28800  554   !         com.android.dx.cf.cst.ConstantPoolParser::parse0 (731 bytes)
Event: 6.519 Thread 0x67f2a800 nmethod 528 0xb35c9e48 code [0xb35ca4a0, 0xb35ce4b8]
Event: 6.519 Thread 0x67f2a800  555   !         com.android.dx.cf.code.Ropper::processBlock (1101 bytes)

GC Heap History (10 events):
Event: 1.744 GC heap after
Heap after GC invocations=2 (full 0):
 PSYoungGen      total 18432K, used 2552K [0x9dd80000, 0x9f200000, 0xb3300000)
  eden space 15872K, 0% used [0x9dd80000,0x9dd80000,0x9ed00000)
  from space 2560K, 99% used [0x9ef80000,0x9f1fe388,0x9f200000)
  to   space 2560K, 0% used [0x9ed00000,0x9ed00000,0x9ef80000)
 ParOldGen       total 41728K, used 3850K [0x73300000, 0x75bc0000, 0x9dd80000)
  object space 41728K, 9% used [0x73300000,0x736c2848,0x75bc0000)
 PSPermGen       total 16384K, used 3898K [0x6b300000, 0x6c300000, 0x73300000)
  object space 16384K, 23% used [0x6b300000,0x6b6ce9b8,0x6c300000)
}
Event: 2.387 GC heap before
{Heap before GC invocations=3 (full 0):
 PSYoungGen      total 18432K, used 18424K [0x9dd80000, 0x9f200000, 0xb3300000)
  eden space 15872K, 100% used [0x9dd80000,0x9ed00000,0x9ed00000)
  from space 2560K, 99% used [0x9ef80000,0x9f1fe388,0x9f200000)
  to   space 2560K, 0% used [0x9ed00000,0x9ed00000,0x9ef80000)
 ParOldGen       total 41728K, used 3850K [0x73300000, 0x75bc0000, 0x9dd80000)
  object space 41728K, 9% used [0x73300000,0x736c2848,0x75bc0000)
 PSPermGen       total 16384K, used 3923K [0x6b300000, 0x6c300000, 0x73300000)
  object space 16384K, 23% used [0x6b300000,0x6b6d4cd0,0x6c300000)
Event: 2.408 GC heap after
Heap after GC invocations=3 (full 0):
 PSYoungGen      total 18432K, used 2559K [0x9dd80000, 0xa0180000, 0xb3300000)
  eden space 15872K, 0% used [0x9dd80000,0x9dd80000,0x9ed00000)
  from space 2560K, 99% used [0x9ed00000,0x9ef7fe50,0x9ef80000)
  to   space 2560K, 0% used [0x9ff00000,0x9ff00000,0xa0180000)
 ParOldGen       total 41728K, used 6494K [0x73300000, 0x75bc0000, 0x9dd80000)
  object space 41728K, 15% used [0x73300000,0x73957a70,0x75bc0000)
 PSPermGen       total 16384K, used 3923K [0x6b300000, 0x6c300000, 0x73300000)
  object space 16384K, 23% used [0x6b300000,0x6b6d4cd0,0x6c300000)
}
Event: 3.084 GC heap before
{Heap before GC invocations=4 (full 0):
 PSYoungGen      total 18432K, used 18431K [0x9dd80000, 0xa0180000, 0xb3300000)
  eden space 15872K, 100% used [0x9dd80000,0x9ed00000,0x9ed00000)
  from space 2560K, 99% used [0x9ed00000,0x9ef7fe50,0x9ef80000)
  to   space 2560K, 0% used [0x9ff00000,0x9ff00000,0xa0180000)
 ParOldGen       total 41728K, used 6494K [0x73300000, 0x75bc0000, 0x9dd80000)
  object space 41728K, 15% used [0x73300000,0x73957a70,0x75bc0000)
 PSPermGen       total 16384K, used 3942K [0x6b300000, 0x6c300000, 0x73300000)
  object space 16384K, 24% used [0x6b300000,0x6b6d9b30,0x6c300000)
Event: 3.110 GC heap after
Heap after GC invocations=4 (full 0):
 PSYoungGen      total 34304K, used 2559K [0x9dd80000, 0xa0180000, 0xb3300000)
  eden space 31744K, 0% used [0x9dd80000,0x9dd80000,0x9fc80000)
  from space 2560K, 99% used [0x9ff00000,0xa017fe00,0xa0180000)
  to   space 2560K, 0% used [0x9fc80000,0x9fc80000,0x9ff00000)
 ParOldGen       total 41728K, used 9130K [0x73300000, 0x75bc0000, 0x9dd80000)
  object space 41728K, 21% used [0x73300000,0x73beaa78,0x75bc0000)
 PSPermGen       total 16384K, used 3942K [0x6b300000, 0x6c300000, 0x73300000)
  object space 16384K, 24% used [0x6b300000,0x6b6d9b30,0x6c300000)
}
Event: 4.230 GC heap before
{Heap before GC invocations=5 (full 0):
 PSYoungGen      total 34304K, used 34303K [0x9dd80000, 0xa0180000, 0xb3300000)
  eden space 31744K, 100% used [0x9dd80000,0x9fc80000,0x9fc80000)
  from space 2560K, 99% used [0x9ff00000,0xa017fe00,0xa0180000)
  to   space 2560K, 0% used [0x9fc80000,0x9fc80000,0x9ff00000)
 ParOldGen       total 41728K, used 9130K [0x73300000, 0x75bc0000, 0x9dd80000)
  object space 41728K, 21% used [0x73300000,0x73beaa78,0x75bc0000)
 PSPermGen       total 16384K, used 3960K [0x6b300000, 0x6c300000, 0x73300000)
  object space 16384K, 24% used [0x6b300000,0x6b6de1f8,0x6c300000)
Event: 4.270 GC heap after
Heap after GC invocations=5 (full 0):
 PSYoungGen      total 34304K, used 2559K [0x9dd80000, 0xa2a00000, 0xb3300000)
  eden space 31744K, 0% used [0x9dd80000,0x9dd80000,0x9fc80000)
  from space 2560K, 99% used [0x9fc80000,0x9feffc40,0x9ff00000)
  to   space 7424K, 0% used [0xa22c0000,0xa22c0000,0xa2a00000)
 ParOldGen       total 41728K, used 13885K [0x73300000, 0x75bc0000, 0x9dd80000)
  object space 41728K, 33% used [0x73300000,0x7408f760,0x75bc0000)
 PSPermGen       total 16384K, used 3960K [0x6b300000, 0x6c300000, 0x73300000)
  object space 16384K, 24% used [0x6b300000,0x6b6de1f8,0x6c300000)
}
Event: 5.221 GC heap before
{Heap before GC invocations=6 (full 0):
 PSYoungGen      total 34304K, used 34303K [0x9dd80000, 0xa2a00000, 0xb3300000)
  eden space 31744K, 100% used [0x9dd80000,0x9fc80000,0x9fc80000)
  from space 2560K, 99% used [0x9fc80000,0x9feffc40,0x9ff00000)
  to   space 7424K, 0% used [0xa22c0000,0xa22c0000,0xa2a00000)
 ParOldGen       total 41728K, used 13885K [0x73300000, 0x75bc0000, 0x9dd80000)
  object space 41728K, 33% used [0x73300000,0x7408f760,0x75bc0000)
 PSPermGen       total 16384K, used 3973K [0x6b300000, 0x6c300000, 0x73300000)
  object space 16384K, 24% used [0x6b300000,0x6b6e1530,0x6c300000)
Event: 5.268 GC heap after
Heap after GC invocations=6 (full 0):
 PSYoungGen      total 69888K, used 7414K [0x9dd80000, 0xa2c00000, 0xb3300000)
  eden space 62464K, 0% used [0x9dd80000,0x9dd80000,0xa1a80000)
  from space 7424K, 99% used [0xa22c0000,0xa29fd9a8,0xa2a00000)
  to   space 8448K, 0% used [0xa1a80000,0xa1a80000,0xa22c0000)
 ParOldGen       total 41728K, used 13972K [0x73300000, 0x75bc0000, 0x9dd80000)
  object space 41728K, 33% used [0x73300000,0x740a5390,0x75bc0000)
 PSPermGen       total 16384K, used 3973K [0x6b300000, 0x6c300000, 0x73300000)
  object space 16384K, 24% used [0x6b300000,0x6b6e1530,0x6c300000)
}
Event: 6.646 GC heap before
{Heap before GC invocations=7 (full 0):
 PSYoungGen      total 69888K, used 69878K [0x9dd80000, 0xa2c00000, 0xb3300000)
  eden space 62464K, 100% used [0x9dd80000,0xa1a80000,0xa1a80000)
  from space 7424K, 99% used [0xa22c0000,0xa29fd9a8,0xa2a00000)
  to   space 8448K, 0% used [0xa1a80000,0xa1a80000,0xa22c0000)
 ParOldGen       total 41728K, used 13972K [0x73300000, 0x75bc0000, 0x9dd80000)
  object space 41728K, 33% used [0x73300000,0x740a5390,0x75bc0000)
 PSPermGen       total 16384K, used 4000K [0x6b300000, 0x6c300000, 0x73300000)
  object space 16384K, 24% used [0x6b300000,0x6b6e8040,0x6c300000)

Deoptimization events (10 events):
Event: 3.817 Thread 0xb6407c00 Uncommon trap: reason=class_check action=maybe_recompile pc=0xb34b2d2c method=java.util.HashMap.put(Ljava/lang/Object;Ljava/lang/Object;)Ljava/lang/Object; @ 83
Event: 3.896 Thread 0xb6407c00 Uncommon trap: reason=unloaded action=reinterpret pc=0xb35147a4 method=com.android.dx.cf.cst.ConstantPoolParser.parse0(ILjava/util/BitSet;)Lcom/android/dx/rop/cst/Constant; @ 220
Event: 4.278 Thread 0xb6407c00 Uncommon trap: reason=null_check action=make_not_entrant pc=0xb354aefc method=com.android.dx.dex.file.FieldIdsSection.intern(Lcom/android/dx/rop/cst/CstFieldRef;)Lcom/android/dx/dex/file/FieldIdItem; @ 26
Event: 4.615 Thread 0xb6407c00 Uncommon trap: reason=bimorphic action=maybe_recompile pc=0xb34de690 method=com.android.dx.ssa.LiteralOpUpgrader.tryReplacingWithConstant(Lcom/android/dx/ssa/NormalSsaInsn;)Z @ 52
Event: 4.935 Thread 0xb6407c00 Uncommon trap: reason=bimorphic action=maybe_recompile pc=0xb34f8880 method=com.android.dx.ssa.LiteralOpUpgrader.tryReplacingWithConstant(Lcom/android/dx/ssa/NormalSsaInsn;)Z @ 52
Event: 5.080 Thread 0xb6407c00 Uncommon trap: reason=bimorphic action=maybe_recompile pc=0xb355f6d0 method=com.android.dx.cf.code.RopperMachine.run(Lcom/android/dx/cf/code/Frame;II)V @ 988
Event: 5.299 Thread 0xb6407c00 Uncommon trap: reason=null_check action=make_not_entrant pc=0xb3578adc method=com.android.dx.cf.code.Ropper$CatchInfo.getSetup(Lcom/android/dx/rop/type/Type;)Lcom/android/dx/cf/code/Ropper$ExceptionHandlerSetup; @ 10
Event: 5.512 Thread 0xb6407c00 Uncommon trap: reason=bimorphic action=maybe_recompile pc=0xb355f6d0 method=com.android.dx.cf.code.RopperMachine.run(Lcom/android/dx/cf/code/Frame;II)V @ 988
Event: 5.583 Thread 0xb6407c00 Uncommon trap: reason=bimorphic action=maybe_recompile pc=0xb355f6d0 method=com.android.dx.cf.code.RopperMachine.run(Lcom/android/dx/cf/code/Frame;II)V @ 988
Event: 5.881 Thread 0xb6407c00 Uncommon trap: reason=bimorphic action=maybe_recompile pc=0xb355f6d0 method=com.android.dx.cf.code.RopperMachine.run(Lcom/android/dx/cf/code/Frame;II)V @ 988

Internal exceptions (10 events):
Event: 0.636 Thread 0xb6407c00 Implicit null exception at 0xb3448e23 to 0xb3448ff9
Event: 0.777 Thread 0xb6407c00 Threw 0x9eb784d8 at /build/buildd/openjdk-7-7u75-2.5.4/build/openjdk/hotspot/src/share/vm/prims/jvm.cpp:1284
Event: 1.193 Thread 0xb6407c00 Implicit null exception at 0xb3477ee5 to 0xb34789f5
Event: 1.901 Thread 0xb6407c00 Implicit null exception at 0xb34abfe2 to 0xb34ac5d1
Event: 1.960 Thread 0xb6407c00 Implicit null exception at 0xb347d9ab to 0xb347da82
Event: 2.105 Thread 0xb6407c00 Threw 0x9e5f3e98 at /build/buildd/openjdk-7-7u75-2.5.4/build/openjdk/hotspot/src/share/vm/prims/jvm.cpp:1284
Event: 2.560 Thread 0xb6407c00 Threw 0x9e155920 at /build/buildd/openjdk-7-7u75-2.5.4/build/openjdk/hotspot/src/share/vm/prims/jvm.cpp:1284
Event: 2.835 Thread 0xb6407c00 Threw 0x9e784e38 at /build/buildd/openjdk-7-7u75-2.5.4/build/openjdk/hotspot/src/share/vm/prims/jvm.cpp:1284
Event: 3.914 Thread 0xb6407c00 Threw 0x9f35c9d0 at /build/buildd/openjdk-7-7u75-2.5.4/build/openjdk/hotspot/src/share/vm/prims/jvm.cpp:1284
Event: 5.299 Thread 0xb6407c00 Implicit null exception at 0xb3575b6c to 0xb3578ab9

Events (10 events):
Event: 5.512 Thread 0xb6407c00 DEOPT UNPACKING pc=0xb3413bc8 sp=0xb65be99c mode 2
Event: 5.583 Thread 0xb6407c00 Uncommon trap: trap_request=0xffffffc6 fr.pc=0xb355f6d0
Event: 5.583 Thread 0xb6407c00 DEOPT PACKING pc=0xb355f6d0 sp=0xb65be9b0
Event: 5.583 Thread 0xb6407c00 DEOPT UNPACKING pc=0xb3413bc8 sp=0xb65be99c mode 2
Event: 5.881 Thread 0xb6407c00 Uncommon trap: trap_request=0xffffffc6 fr.pc=0xb355f6d0
Event: 5.881 Thread 0xb6407c00 DEOPT PACKING pc=0xb355f6d0 sp=0xb65be9b0
Event: 5.881 Thread 0xb6407c00 DEOPT UNPACKING pc=0xb3413bc8 sp=0xb65be99c mode 2
Event: 6.479 Thread 0x67f28800 flushing nmethod 0xb34e25c8
Event: 6.479 Thread 0x67f28800 flushing nmethod 0xb34f3b08
Event: 6.646 Executing VM operation: ParallelGCFailedAllocation


Dynamic libraries:
08048000-08049000 r-xp 00000000 08:05 4983886    /usr/lib/jvm/java-7-openjdk-i386/jre/bin/java
08049000-0804a000 r--p 00000000 08:05 4983886    /usr/lib/jvm/java-7-openjdk-i386/jre/bin/java
0804a000-0804b000 rw-p 00001000 08:05 4983886    /usr/lib/jvm/java-7-openjdk-i386/jre/bin/java
097c8000-09e88000 rw-p 00000000 00:00 0          [heap]
66600000-666c8000 rw-p 00000000 00:00 0 
666c8000-66700000 ---p 00000000 00:00 0 
66800000-668fc000 rw-p 00000000 00:00 0 
668fc000-66900000 ---p 00000000 00:00 0 
66900000-669e0000 rw-p 00000000 00:00 0 
669e0000-66a00000 ---p 00000000 00:00 0 
66a00000-66ac1000 rw-p 00000000 00:00 0 
66ac1000-66b00000 ---p 00000000 00:00 0 
66c00000-66df9000 rw-p 00000000 00:00 0 
66df9000-66e00000 ---p 00000000 00:00 0 
66e00000-66ef9000 rw-p 00000000 00:00 0 
66ef9000-66f00000 ---p 00000000 00:00 0 
67000000-670fd000 rw-p 00000000 00:00 0 
670fd000-67100000 ---p 00000000 00:00 0 
67200000-672fe000 rw-p 00000000 00:00 0 
672fe000-67300000 ---p 00000000 00:00 0 
67400000-675ff000 rw-p 00000000 00:00 0 
675ff000-67600000 ---p 00000000 00:00 0 
67600000-67629000 rw-p 00000000 00:00 0 
67629000-67700000 ---p 00000000 00:00 0 
67784000-677be000 r-xp 00000000 08:05 3802088    /lib/i386-linux-gnu/libpcre.so.3.12.1
677be000-677bf000 r--p 00039000 08:05 3802088    /lib/i386-linux-gnu/libpcre.so.3.12.1
677bf000-677c0000 rw-p 0003a000 08:05 3802088    /lib/i386-linux-gnu/libpcre.so.3.12.1
677c0000-677c5000 r-xp 00000000 08:05 4985471    /usr/lib/i386-linux-gnu/libffi.so.6.0.0
677c5000-677c6000 r--p 00004000 08:05 4985471    /usr/lib/i386-linux-gnu/libffi.so.6.0.0
677c6000-677c7000 rw-p 00005000 08:05 4985471    /usr/lib/i386-linux-gnu/libffi.so.6.0.0
677c7000-677da000 r-xp 00000000 08:05 3802099    /lib/i386-linux-gnu/libresolv-2.15.so
677da000-677db000 ---p 00013000 08:05 3802099    /lib/i386-linux-gnu/libresolv-2.15.so
677db000-677dc000 r--p 00013000 08:05 3802099    /lib/i386-linux-gnu/libresolv-2.15.so
677dc000-677dd000 rw-p 00014000 08:05 3802099    /lib/i386-linux-gnu/libresolv-2.15.so
677dd000-677df000 rw-p 00000000 00:00 0 
677df000-677fc000 r-xp 00000000 08:05 3802103    /lib/i386-linux-gnu/libselinux.so.1
677fc000-677fd000 r--p 0001c000 08:05 3802103    /lib/i386-linux-gnu/libselinux.so.1
677fd000-677fe000 rw-p 0001d000 08:05 3802103    /lib/i386-linux-gnu/libselinux.so.1
677fe000-678f5000 r-xp 00000000 08:05 3802040    /lib/i386-linux-gnu/libglib-2.0.so.0.3200.3
678f5000-678f6000 r--p 000f6000 08:05 3802040    /lib/i386-linux-gnu/libglib-2.0.so.0.3200.3
678f6000-678f7000 rw-p 000f7000 08:05 3802040    /lib/i386-linux-gnu/libglib-2.0.so.0.3200.3
678f7000-67944000 r-xp 00000000 08:05 4985532    /usr/lib/i386-linux-gnu/libgobject-2.0.so.0.3200.3
67944000-67945000 r--p 0004c000 08:05 4985532    /usr/lib/i386-linux-gnu/libgobject-2.0.so.0.3200.3
67945000-67946000 rw-p 0004d000 08:05 4985532    /usr/lib/i386-linux-gnu/libgobject-2.0.so.0.3200.3
67946000-67a99000 r-xp 00000000 08:05 4985508    /usr/lib/i386-linux-gnu/libgio-2.0.so.0.3200.3
67a99000-67a9b000 r--p 00153000 08:05 4985508    /usr/lib/i386-linux-gnu/libgio-2.0.so.0.3200.3
67a9b000-67a9c000 rw-p 00155000 08:05 4985508    /usr/lib/i386-linux-gnu/libgio-2.0.so.0.3200.3
67a9c000-67a9d000 rw-p 00000000 00:00 0 
67aaf000-67ac6000 r-xp 00000000 08:05 4989135    /usr/lib/jvm/java-7-openjdk-i386/jre/lib/i386/libnet.so
67ac6000-67ac7000 r--p 00016000 08:05 4989135    /usr/lib/jvm/java-7-openjdk-i386/jre/lib/i386/libnet.so
67ac7000-67ac8000 rw-p 00017000 08:05 4989135    /usr/lib/jvm/java-7-openjdk-i386/jre/lib/i386/libnet.so
67ac8000-67ad9000 r-xp 00000000 08:05 4989121    /usr/lib/jvm/java-7-openjdk-i386/jre/lib/i386/libnio.so
67ad9000-67ada000 r--p 00010000 08:05 4989121    /usr/lib/jvm/java-7-openjdk-i386/jre/lib/i386/libnio.so
67ada000-67adb000 rw-p 00011000 08:05 4989121    /usr/lib/jvm/java-7-openjdk-i386/jre/lib/i386/libnio.so
67adb000-67adc000 ---p 00000000 00:00 0 
67adc000-67b5c000 rw-p 00000000 00:00 0 
67b5c000-67b5f000 ---p 00000000 00:00 0 
67b5f000-67bad000 rw-p 00000000 00:00 0 
67bad000-67bb0000 ---p 00000000 00:00 0 
67bb0000-67c2e000 rw-p 00000000 00:00 0 
67c2e000-67c31000 ---p 00000000 00:00 0 
67c31000-67caf000 rw-p 00000000 00:00 0 
67caf000-67cb2000 ---p 00000000 00:00 0 
67cb2000-67d00000 rw-p 00000000 00:00 0 
67d00000-67f00000 r--p 00000000 08:05 4988066    /usr/lib/locale/locale-archive
67f00000-67fff000 rw-p 00000000 00:00 0 
67fff000-68000000 ---p 00000000 00:00 0 
68005000-68006000 ---p 00000000 00:00 0 
68006000-680cf000 rw-p 00000000 00:00 0 
680cf000-68280000 r--s 01d23000 08:05 4989042    /usr/lib/jvm/java-7-openjdk-i386/jre/lib/rt.jar
68280000-6ab00000 rw-p 00000000 00:00 0 
6ab00000-6abff000 rw-p 00000000 00:00 0 
6abff000-6ac00000 ---p 00000000 00:00 0 
6ac03000-6ac06000 ---p 00000000 00:00 0 
6ac06000-6ac54000 rw-p 00000000 00:00 0 
6ac54000-6ac57000 ---p 00000000 00:00 0 
6ac57000-6ad00000 rw-p 00000000 00:00 0 
6ad00000-6ad21000 rw-p 00000000 00:00 0 
6ad21000-6ae00000 ---p 00000000 00:00 0 
6ae00000-6ae03000 r-xp 00000000 08:05 4985518    /usr/lib/i386-linux-gnu/libgmodule-2.0.so.0.3200.3
6ae03000-6ae04000 r--p 00002000 08:05 4985518    /usr/lib/i386-linux-gnu/libgmodule-2.0.so.0.3200.3
6ae04000-6ae05000 rw-p 00003000 08:05 4985518    /usr/lib/i386-linux-gnu/libgmodule-2.0.so.0.3200.3
6ae05000-6ae18000 r--s 000ae000 08:06 21772922   /home/ankit/Traafik latest/TraafikAppLatest/app/build/intermediates/exploded-aar/com.google.android.gms/play-services-ads/7.5.0/jars/classes.jar
6ae18000-6ae27000 r--s 000dd000 08:06 21369266   /home/ankit/Ankitt Data/ECLIPSE/sdk/build-tools/22.0.1/lib/dx.jar
6ae27000-6ae28000 ---p 00000000 00:00 0 
6ae28000-6aea8000 rw-p 00000000 00:00 0 
6aea8000-6aea9000 ---p 00000000 00:00 0 
6aea9000-6af31000 rw-p 00000000 00:00 0 
6af31000-6af69000 rw-p 00000000 00:00 0 
6af69000-6af7e000 rw-p 00000000 00:00 0 
6af7e000-6b0bf000 rw-p 00000000 00:00 0 
6b0bf000-6b0c7000 rw-p 00000000 00:00 0 
6b0c7000-6b0ff000 rw-p 00000000 00:00 0 
6b0ff000-6b114000 rw-p 00000000 00:00 0 
6b114000-6b254000 rw-p 00000000 00:00 0 
6b254000-6b27c000 rw-p 00000000 00:00 0 
6b27c000-6b2ff000 rw-p 00000000 00:00 0 
6b2ff000-6c300000 rw-p 00000000 00:00 0 
6c300000-73300000 rw-p 00000000 00:00 0 
73300000-75bc0000 rw-p 00000000 00:00 0 
75bc0000-9dd80000 rw-p 00000000 00:00 0 
9dd80000-a2c00000 rw-p 00000000 00:00 0 
a7180000-b3300000 rw-p 00000000 00:00 0 
b3302000-b3303000 r--s 00007000 08:05 5246941    /usr/share/java/java-atk-wrapper.jar
b3303000-b3306000 r--s 0000f000 08:05 4989079    /usr/lib/jvm/java-7-openjdk-i386/jre/lib/ext/icedtea-sound.jar
b3306000-b3308000 r--s 00012000 08:05 4989084    /usr/lib/jvm/java-7-openjdk-i386/jre/lib/ext/zipfs.jar
b3308000-b330c000 r--s 00034000 08:05 4989083    /usr/lib/jvm/java-7-openjdk-i386/jre/lib/ext/sunjce_provider.jar
b330c000-b3330000 rw-p 00000000 00:00 0 
b3330000-b33e7000 rw-p 00000000 00:00 0 
b33e7000-b3627000 rwxp 00000000 00:00 0 
b3627000-b63e7000 rw-p 00000000 00:00 0 
b63e7000-b63f2000 r-xp 00000000 08:05 3802066    /lib/i386-linux-gnu/libnss_files-2.15.so
b63f2000-b63f3000 r--p 0000a000 08:05 3802066    /lib/i386-linux-gnu/libnss_files-2.15.so
b63f3000-b63f4000 rw-p 0000b000 08:05 3802066    /lib/i386-linux-gnu/libnss_files-2.15.so
b63f4000-b63fe000 r-xp 00000000 08:05 3802070    /lib/i386-linux-gnu/libnss_nis-2.15.so
b63fe000-b63ff000 r--p 00009000 08:05 3802070    /lib/i386-linux-gnu/libnss_nis-2.15.so
b63ff000-b6400000 rw-p 0000a000 08:05 3802070    /lib/i386-linux-gnu/libnss_nis-2.15.so
b6400000-b64fd000 rw-p 00000000 00:00 0 
b64fd000-b6500000 ---p 00000000 00:00 0 
b6501000-b6505000 r--s 0003c000 08:05 4989081    /usr/lib/jvm/java-7-openjdk-i386/jre/lib/ext/sunpkcs11.jar
b6505000-b6508000 r--s 00086000 08:05 4989082    /usr/lib/jvm/java-7-openjdk-i386/jre/lib/ext/localedata.jar
b6508000-b651e000 r-xp 00000000 08:05 3802060    /lib/i386-linux-gnu/libnsl-2.15.so
b651e000-b651f000 r--p 00015000 08:05 3802060    /lib/i386-linux-gnu/libnsl-2.15.so
b651f000-b6520000 rw-p 00016000 08:05 3802060    /lib/i386-linux-gnu/libnsl-2.15.so
b6520000-b6522000 rw-p 00000000 00:00 0 
b6522000-b6529000 r-xp 00000000 08:05 3802062    /lib/i386-linux-gnu/libnss_compat-2.15.so
b6529000-b652a000 r--p 00006000 08:05 3802062    /lib/i386-linux-gnu/libnss_compat-2.15.so
b652a000-b652b000 rw-p 00007000 08:05 3802062    /lib/i386-linux-gnu/libnss_compat-2.15.so
b652b000-b6533000 r-xp 00000000 08:05 4989114    /usr/lib/jvm/java-7-openjdk-i386/jre/lib/i386/libzip.so
b6533000-b6534000 r--p 00007000 08:05 4989114    /usr/lib/jvm/java-7-openjdk-i386/jre/lib/i386/libzip.so
b6534000-b6535000 rw-p 00008000 08:05 4989114    /usr/lib/jvm/java-7-openjdk-i386/jre/lib/i386/libzip.so
b6535000-b653d000 rw-s 00000000 08:05 145567     /tmp/hsperfdata_ankit/22404
b653d000-b6564000 r-xp 00000000 08:05 4989134    /usr/lib/jvm/java-7-openjdk-i386/jre/lib/i386/libjava.so
b6564000-b6565000 r--p 00026000 08:05 4989134    /usr/lib/jvm/java-7-openjdk-i386/jre/lib/i386/libjava.so
b6565000-b6566000 rw-p 00027000 08:05 4989134    /usr/lib/jvm/java-7-openjdk-i386/jre/lib/i386/libjava.so
b6566000-b656d000 r-xp 00000000 08:05 3802101    /lib/i386-linux-gnu/librt-2.15.so
b656d000-b656e000 r--p 00006000 08:05 3802101    /lib/i386-linux-gnu/librt-2.15.so
b656e000-b656f000 rw-p 00007000 08:05 3802101    /lib/i386-linux-gnu/librt-2.15.so
b656f000-b6572000 ---p 00000000 00:00 0 
b6572000-b65c0000 rw-p 00000000 00:00 0 
b65c0000-b65dc000 r-xp 00000000 08:05 3802036    /lib/i386-linux-gnu/libgcc_s.so.1
b65dc000-b65dd000 r--p 0001b000 08:05 3802036    /lib/i386-linux-gnu/libgcc_s.so.1
b65dd000-b65de000 rw-p 0001c000 08:05 3802036    /lib/i386-linux-gnu/libgcc_s.so.1
b65de000-b6608000 r-xp 00000000 08:05 3802047    /lib/i386-linux-gnu/libm-2.15.so
b6608000-b6609000 r--p 00029000 08:05 3802047    /lib/i386-linux-gnu/libm-2.15.so
b6609000-b660a000 rw-p 0002a000 08:05 3802047    /lib/i386-linux-gnu/libm-2.15.so
b660a000-b66e2000 r-xp 00000000 08:05 4985813    /usr/lib/i386-linux-gnu/libstdc++.so.6.0.16
b66e2000-b66e3000 ---p 000d8000 08:05 4985813    /usr/lib/i386-linux-gnu/libstdc++.so.6.0.16
b66e3000-b66e7000 r--p 000d8000 08:05 4985813    /usr/lib/i386-linux-gnu/libstdc++.so.6.0.16
b66e7000-b66e8000 rw-p 000dc000 08:05 4985813    /usr/lib/i386-linux-gnu/libstdc++.so.6.0.16
b66e8000-b66ef000 rw-p 00000000 00:00 0 
b66ef000-b70b1000 r-xp 00000000 08:05 4989140    /usr/lib/jvm/java-7-openjdk-i386/jre/lib/i386/server/libjvm.so
b70b1000-b7106000 r--p 009c2000 08:05 4989140    /usr/lib/jvm/java-7-openjdk-i386/jre/lib/i386/server/libjvm.so
b7106000-b711a000 rw-p 00a17000 08:05 4989140    /usr/lib/jvm/java-7-openjdk-i386/jre/lib/i386/server/libjvm.so
b711a000-b7538000 rw-p 00000000 00:00 0 
b7538000-b754c000 r-xp 00000000 08:05 3802126    /lib/i386-linux-gnu/libz.so.1.2.3.4
b754c000-b754d000 r--p 00013000 08:05 3802126    /lib/i386-linux-gnu/libz.so.1.2.3.4
b754d000-b754e000 rw-p 00014000 08:05 3802126    /lib/i386-linux-gnu/libz.so.1.2.3.4
b754e000-b7565000 r-xp 00000000 08:05 3802095    /lib/i386-linux-gnu/libpthread-2.15.so
b7565000-b7566000 r--p 00016000 08:05 3802095    /lib/i386-linux-gnu/libpthread-2.15.so
b7566000-b7567000 rw-p 00017000 08:05 3802095    /lib/i386-linux-gnu/libpthread-2.15.so
b7567000-b7569000 rw-p 00000000 00:00 0 
b7569000-b756c000 r-xp 00000000 08:05 3802028    /lib/i386-linux-gnu/libdl-2.15.so
b756c000-b756d000 r--p 00002000 08:05 3802028    /lib/i386-linux-gnu/libdl-2.15.so
b756d000-b756e000 rw-p 00003000 08:05 3802028    /lib/i386-linux-gnu/libdl-2.15.so
b756e000-b770d000 r-xp 00000000 08:05 3802015    /lib/i386-linux-gnu/libc-2.15.so
b770d000-b770f000 r--p 0019f000 08:05 3802015    /lib/i386-linux-gnu/libc-2.15.so
b770f000-b7710000 rw-p 001a1000 08:05 3802015    /lib/i386-linux-gnu/libc-2.15.so
b7710000-b7713000 rw-p 00000000 00:00 0 
b7713000-b7714000 r--s 00002000 08:05 4989080    /usr/lib/jvm/java-7-openjdk-i386/jre/lib/ext/dnsns.jar
b7714000-b7715000 r--p 005db000 08:05 4988066    /usr/lib/locale/locale-archive
b7715000-b7716000 rw-p 00000000 00:00 0 
b7716000-b7717000 ---p 00000000 00:00 0 
b7717000-b7723000 r-xp 00000000 08:05 4989131    /usr/lib/jvm/java-7-openjdk-i386/jre/lib/i386/libverify.so
b7723000-b7724000 r--p 0000b000 08:05 4989131    /usr/lib/jvm/java-7-openjdk-i386/jre/lib/i386/libverify.so
b7724000-b7725000 rw-p 0000c000 08:05 4989131    /usr/lib/jvm/java-7-openjdk-i386/jre/lib/i386/libverify.so
b7725000-b7732000 r-xp 00000000 08:05 4989106    /usr/lib/jvm/java-7-openjdk-i386/jre/lib/i386/jli/libjli.so
b7732000-b7733000 r--p 0000c000 08:05 4989106    /usr/lib/jvm/java-7-openjdk-i386/jre/lib/i386/jli/libjli.so
b7733000-b7734000 rw-p 0000d000 08:05 4989106    /usr/lib/jvm/java-7-openjdk-i386/jre/lib/i386/jli/libjli.so
b7734000-b7737000 rw-p 00000000 00:00 0 
b7737000-b7738000 r-xp 00000000 00:00 0          [vdso]
b7738000-b7758000 r-xp 00000000 08:05 3801995    /lib/i386-linux-gnu/ld-2.15.so
b7758000-b7759000 r--p 0001f000 08:05 3801995    /lib/i386-linux-gnu/ld-2.15.so
b7759000-b775a000 rw-p 00020000 08:05 3801995    /lib/i386-linux-gnu/ld-2.15.so
bfd22000-bfd23000 rwxp 00000000 00:00 0 
bfd55000-bfd76000 rw-p 00000000 00:00 0          [stack]

VM Arguments:
jvm_args: -Xmx1024M -Dfile.encoding=UTF-8 -Duser.country=IN -Duser.language=en -Duser.variant 
java_command: com.android.dx.command.Main --dex --output /home/ankit/Traafik latest/TraafikAppLatest/app/build/intermediates/pre-dexed/debug/classes-901c07b1cf6c422b1263d94aa6103f6badba80ff.jar /home/ankit/Traafik latest/TraafikAppLatest/app/build/intermediates/exploded-aar/com.google.android.gms/play-services-ads/7.5.0/jars/classes.jar
Launcher Type: SUN_STANDARD

Environment Variables:
PATH=/usr/lib/lightdm/lightdm:/usr/local/sbin:/usr/local/bin:/usr/sbin:/usr/bin:/sbin:/bin:/usr/games
LD_LIBRARY_PATH=/home/ankit/Android studio/android-studio/bin:
SHELL=/bin/bash
DISPLAY=:0.0

Signal Handlers:
SIGSEGV: [libjvm.so+0x80b550], sa_mask[0]=0x7ffbfeff, sa_flags=0x10000004
SIGBUS: [libjvm.so+0x80b550], sa_mask[0]=0x7ffbfeff, sa_flags=0x10000004
SIGFPE: [libjvm.so+0x6753e0], sa_mask[0]=0x7ffbfeff, sa_flags=0x10000004
SIGPIPE: [libjvm.so+0x6753e0], sa_mask[0]=0x7ffbfeff, sa_flags=0x10000004
SIGXFSZ: [libjvm.so+0x6753e0], sa_mask[0]=0x7ffbfeff, sa_flags=0x10000004
SIGILL: [libjvm.so+0x6753e0], sa_mask[0]=0x7ffbfeff, sa_flags=0x10000004
SIGUSR1: SIG_DFL, sa_mask[0]=0x00000000, sa_flags=0x00000000
SIGUSR2: [libjvm.so+0x675690], sa_mask[0]=0x00000004, sa_flags=0x10000004
SIGHUP: [libjvm.so+0x675850], sa_mask[0]=0x7ffbfeff, sa_flags=0x10000004
SIGINT: [libjvm.so+0x675850], sa_mask[0]=0x7ffbfeff, sa_flags=0x10000004
SIGTERM: [libjvm.so+0x675850], sa_mask[0]=0x7ffbfeff, sa_flags=0x10000004
SIGQUIT: [libjvm.so+0x675850], sa_mask[0]=0x7ffbfeff, sa_flags=0x10000004
SIGTRAP: SIG_DFL, sa_mask[0]=0x00000000, sa_flags=0x00000000


---------------  S Y S T E M  ---------------

OS:Ubuntu 12.04 (precise)
uname:Linux 3.2.0-29-generic-pae #46-Ubuntu SMP Fri Jul 27 17:25:43 UTC 2012 i686
libc:glibc 2.15 NPTL 2.15 
rlimit: STACK 8192k, CORE 0k, NPROC 31169, NOFILE 4096, AS infinity
load average:5.16 2.65 1.33

/proc/meminfo:
MemTotal:        4004304 kB
MemFree:          182516 kB
Buffers:            3936 kB
Cached:           553364 kB
SwapCached:            0 kB
Active:          3421944 kB
Inactive:         322604 kB
Active(anon):    3386516 kB
Inactive(anon):   241796 kB
Active(file):      35428 kB
Inactive(file):    80808 kB
Unevictable:          32 kB
Mlocked:              32 kB
HighTotal:       3159312 kB
HighFree:          13692 kB
LowTotal:         844992 kB
LowFree:          168824 kB
SwapTotal:             0 kB
SwapFree:              0 kB
Dirty:              4724 kB
Writeback:             0 kB
AnonPages:       3187548 kB
Mapped:            62300 kB
Shmem:            440972 kB
Slab:              39064 kB
SReclaimable:      18872 kB
SUnreclaim:        20192 kB
KernelStack:        4496 kB
PageTables:        17676 kB
NFS_Unstable:          0 kB
Bounce:                0 kB
WritebackTmp:          0 kB
CommitLimit:     2002152 kB
Committed_AS:    7078152 kB
VmallocTotal:     122880 kB
VmallocUsed:       15040 kB
VmallocChunk:     103908 kB
HardwareCorrupted:     0 kB
AnonHugePages:         0 kB
HugePages_Total:       0
HugePages_Free:        0
HugePages_Rsvd:        0
HugePages_Surp:        0
Hugepagesize:       2048 kB
DirectMap4k:       10232 kB
DirectMap2M:      903168 kB


CPU:total 2 (2 cores per cpu, 1 threads per core) family 6 model 58 stepping 9, cmov, cx8, fxsr, mmx, sse, sse2, sse3, ssse3, sse4.1, sse4.2, popcnt, erms, tsc, tscinvbit, tscinv

/proc/cpuinfo:
processor	: 0
vendor_id	: GenuineIntel
cpu family	: 6
model		: 58
model name	: Intel(R) Pentium(R) CPU G2030 @ 3.00GHz
stepping	: 9
microcode	: 0x17
cpu MHz		: 3000.000
cache size	: 3072 KB
physical id	: 0
siblings	: 2
core id		: 0
cpu cores	: 2
apicid		: 0
initial apicid	: 0
fdiv_bug	: no
hlt_bug		: no
f00f_bug	: no
coma_bug	: no
fpu		: yes
fpu_exception	: yes
cpuid level	: 13
wp		: yes
flags		: fpu vme de pse tsc msr pae mce cx8 apic sep mtrr pge mca cmov pat pse36 clflush dts acpi mmx fxsr sse sse2 ss ht tm pbe nx rdtscp lm constant_tsc arch_perfmon pebs bts xtopology nonstop_tsc aperfmperf pni pclmulqdq dtes64 monitor ds_cpl vmx est tm2 ssse3 cx16 xtpr pdcm pcid sse4_1 sse4_2 popcnt tsc_deadline_timer xsave lahf_lm arat epb xsaveopt pln pts dtherm tpr_shadow vnmi flexpriority ept vpid fsgsbase smep erms
bogomips	: 5986.59
clflush size	: 64
cache_alignment	: 64
address sizes	: 36 bits physical, 48 bits virtual
power management:

processor	: 1
vendor_id	: GenuineIntel
cpu family	: 6
model		: 58
model name	: Intel(R) Pentium(R) CPU G2030 @ 3.00GHz
stepping	: 9
microcode	: 0x17
cpu MHz		: 3000.000
cache size	: 3072 KB
physical id	: 0
siblings	: 2
core id		: 1
cpu cores	: 2
apicid		: 2
initial apicid	: 2
fdiv_bug	: no
hlt_bug		: no
f00f_bug	: no
coma_bug	: no
fpu		: yes
fpu_exception	: yes
cpuid level	: 13
wp		: yes
flags		: fpu vme de pse tsc msr pae mce cx8 apic sep mtrr pge mca cmov pat pse36 clflush dts acpi mmx fxsr sse sse2 ss ht tm pbe nx rdtscp lm constant_tsc arch_perfmon pebs bts xtopology nonstop_tsc aperfmperf pni pclmulqdq dtes64 monitor ds_cpl vmx est tm2 ssse3 cx16 xtpr pdcm pcid sse4_1 sse4_2 popcnt tsc_deadline_timer xsave lahf_lm arat epb xsaveopt pln pts dtherm tpr_shadow vnmi flexpriority ept vpid fsgsbase smep erms
bogomips	: 5986.36
clflush size	: 64
cache_alignment	: 64
address sizes	: 36 bits physical, 48 bits virtual
power management:



Memory: 4k page, physical 4004304k(182516k free), swap 0k(0k free)

vm_info: OpenJDK Server VM (24.75-b04) for linux-x86 JRE (1.7.0_75-b13), built on Jan 27 2015 16:24:35 by "buildd" with gcc 4.6.3

time: Wed Jul 15 17:44:34 2015
elapsed time: 6 seconds

