#
# There is insufficient memory for the Java Runtime Environment to continue.
# Native memory allocation (malloc) failed to allocate 384128 bytes for Chunk::new
# Possible reasons:
#   The system is out of physical RAM or swap space
#   In 32 bit mode, the process size limit was hit
# Possible solutions:
#   Reduce memory load on the system
#   Increase physical memory or swap space
#   Check if swap backing store is full
#   Use 64 bit Java on a 64 bit OS
#   Decrease Java heap size (-Xmx/-Xms)
#   Decrease number of Java threads
#   Decrease Java thread stack sizes (-Xss)
#   Set larger code cache with -XX:ReservedCodeCacheSize=
# This output file may be truncated or incomplete.
#
#  Out of Memory Error (allocation.cpp:326), pid=20696, tid=1741736768
#
# JRE version: OpenJDK Runtime Environment (7.0_75-b13) (build 1.7.0_75-b13)
# Java VM: OpenJDK Server VM (24.75-b04 mixed mode linux-x86 )
# Derivative: IcedTea 2.5.4
# Distribution: Ubuntu 12.04 LTS, package 7u75-2.5.4-1~precise1
# Failed to write core dump. Core dumps have been disabled. To enable core dumping, try "ulimit -c unlimited" before starting Java again
#

---------------  T H R E A D  ---------------

Current thread (0x68028800):  JavaThread "C2 CompilerThread0" daemon [_thread_in_native, id=20707, stack(0x67c8c000,0x67d0d000)]

Stack: [0x67c8c000,0x67d0d000]
[error occurred during error reporting (printing stack bounds), id 0xb]


Current CompileTask:
C2:   2983  216             com.android.dx.ssa.SsaRenamer$BlockRenamer::process (191 bytes)


---------------  P R O C E S S  ---------------

Java Threads: ( => current thread )
  0x6802c400 JavaThread "Service Thread" daemon [_thread_blocked, id=20709, stack(0x67bba000,0x67c0b000)]
  0x6802a800 JavaThread "C2 CompilerThread1" daemon [_thread_in_native, id=20708, stack(0x67c0b000,0x67c8c000)]
=>0x68028800 JavaThread "C2 CompilerThread0" daemon [_thread_in_native, id=20707, stack(0x67c8c000,0x67d0d000)]
  0x68026c00 JavaThread "Signal Dispatcher" daemon [_thread_blocked, id=20706, stack(0x67d0d000,0x67d5e000)]
  0x68014400 JavaThread "Finalizer" daemon [_thread_blocked, id=20705, stack(0x67f5e000,0x67faf000)]
  0x68012800 JavaThread "Reference Handler" daemon [_thread_blocked, id=20704, stack(0x67faf000,0x68000000)]
  0xb6407c00 JavaThread "main" [_thread_in_vm, id=20699, stack(0xb65d1000,0xb6622000)]

Other Threads:
  0x68010400 VMThread [stack: 0x68105000,0x68186000] [id=20703]
  0x6802e000 WatcherThread [stack: 0x67b39000,0x67bba000] [id=20710]

VM state:not at safepoint (normal execution)

VM Mutex/Monitor currently owned by a thread: None

Heap
 PSYoungGen      total 18432K, used 12937K [0x9ddc0000, 0x9f240000, 0xb3340000)
  eden space 15872K, 65% used [0x9ddc0000,0x9e7e5bb0,0x9ed40000)
  from space 2560K, 99% used [0x9efc0000,0x9f23cc08,0x9f240000)
  to   space 2560K, 0% used [0x9ed40000,0x9ed40000,0x9efc0000)
 ParOldGen       total 41728K, used 3605K [0x73340000, 0x75c00000, 0x9ddc0000)
  object space 41728K, 8% used [0x73340000,0x736c5590,0x75c00000)
 PSPermGen       total 16384K, used 3934K [0x6b340000, 0x6c340000, 0x73340000)
  object space 16384K, 24% used [0x6b340000,0x6b717820,0x6c340000)

Card table byte_map: [0x6b0ff000,0x6b340000] byte_map_base: 0x6ada5600

Polling page: 0xb7778000

Code Cache  [0xb3400000, 0xb3640000, 0xb6400000)
 total_blobs=359 nmethods=240 adapters=73 free_code_cache=48323Kb largest_free_block=49463296

Compilation events (10 events):
Event: 2.619 Thread 0x6802a800 nmethod 222 0xb34a4808 code [0xb34a4920, 0xb34a4bf0]
Event: 2.619 Thread 0x6802a800  223   !         com.android.dx.rop.cst.StdConstantPool::getOrNull (13 bytes)
Event: 2.620 Thread 0x6802a800 nmethod 223 0xb34a4608 code [0xb34a4700, 0xb34a4770]
Event: 2.620 Thread 0x6802a800  224             com.android.dx.rop.code.CstInsn::getConstant (5 bytes)
Event: 2.620 Thread 0x6802a800 nmethod 224 0xb34a4488 code [0xb34a4560, 0xb34a45b0]
Event: 2.620 Thread 0x6802a800  225             java.util.Collections$UnmodifiableCollection$1::next (10 bytes)
Event: 2.626 Thread 0x6802a800 nmethod 225 0xb34bc388 code [0xb34bc4a0, 0xb34bc5dc]
Event: 2.626 Thread 0x6802a800  226   !         com.android.dx.rop.code.LocalVariableInfo::getStarts0 (18 bytes)
Event: 2.626 Thread 0x6802a800 nmethod 226 0xb34bc188 code [0xb34bc280, 0xb34bc2f0]
Event: 2.626 Thread 0x6802a800  227   !         com.android.dx.cf.code.Ropper::processBlock (1101 bytes)

GC Heap History (2 events):
Event: 1.370 GC heap before
{Heap before GC invocations=1 (full 0):
 PSYoungGen      total 18432K, used 15872K [0x9ddc0000, 0x9f240000, 0xb3340000)
  eden space 15872K, 100% used [0x9ddc0000,0x9ed40000,0x9ed40000)
  from space 2560K, 0% used [0x9efc0000,0x9efc0000,0x9f240000)
  to   space 2560K, 0% used [0x9ed40000,0x9ed40000,0x9efc0000)
 ParOldGen       total 41728K, used 0K [0x73340000, 0x75c00000, 0x9ddc0000)
  object space 41728K, 0% used [0x73340000,0x73340000,0x75c00000)
 PSPermGen       total 16384K, used 3821K [0x6b340000, 0x6c340000, 0x73340000)
  object space 16384K, 23% used [0x6b340000,0x6b6fb7e8,0x6c340000)
Event: 1.379 GC heap after
Heap after GC invocations=1 (full 0):
 PSYoungGen      total 18432K, used 2548K [0x9ddc0000, 0x9f240000, 0xb3340000)
  eden space 15872K, 0% used [0x9ddc0000,0x9ddc0000,0x9ed40000)
  from space 2560K, 99% used [0x9ed40000,0x9efbd2a8,0x9efc0000)
  to   space 2560K, 0% used [0x9efc0000,0x9efc0000,0x9f240000)
 ParOldGen       total 41728K, used 1355K [0x73340000, 0x75c00000, 0x9ddc0000)
  object space 41728K, 3% used [0x73340000,0x73492e68,0x75c00000)
 PSPermGen       total 16384K, used 3821K [0x6b340000, 0x6c340000, 0x73340000)
  object space 16384K, 23% used [0x6b340000,0x6b6fb7e8,0x6c340000)
}

Deoptimization events (3 events):
Event: 0.470 Thread 0xb6407c00 Uncommon trap: reason=null_check action=make_not_entrant pc=0xb3458724 method=com.android.dx.rop.code.LocalItem.equals(Ljava/lang/Object;)Z @ 1
Event: 1.736 Thread 0xb6407c00 Uncommon trap: reason=unreached action=reinterpret pc=0xb3465914 method=com.android.dx.rop.cst.Constant.compareTo(Lcom/android/dx/rop/cst/Constant;)I @ 12
Event: 2.079 Thread 0xb6407c00 Uncommon trap: reason=null_check action=make_not_entrant pc=0xb348fee0 method=com.android.dx.ssa.SsaRenamer.getLocalForNewReg(I)Lcom/android/dx/rop/code/LocalItem; @ 19

Internal exceptions (10 events):
Event: 0.470 Thread 0xb6407c00 Implicit null exception at 0xb345852c to 0xb3458705
Event: 1.187 Thread 0xb6407c00 Threw 0x9ea97768 at /build/buildd/openjdk-7-7u75-2.5.4/build/openjdk/hotspot/src/share/vm/prims/jvm.cpp:1284
Event: 1.248 Thread 0xb6407c00 Threw 0x9eb85748 at /build/buildd/openjdk-7-7u75-2.5.4/build/openjdk/hotspot/src/share/vm/prims/jvm.cpp:1284
Event: 2.079 Thread 0xb6407c00 Implicit null exception at 0xb348ef1d to 0xb348fed1
Event: 2.571 Thread 0xb6407c00 Threw 0x9e830060 at /build/buildd/openjdk-7-7u75-2.5.4/build/openjdk/hotspot/src/share/vm/prims/jvm.cpp:1284
Event: 2.578 Thread 0xb6407c00 Threw 0x9e83ad40 at /build/buildd/openjdk-7-7u75-2.5.4/build/openjdk/hotspot/src/share/vm/prims/jvm.cpp:1284
Event: 2.578 Thread 0xb6407c00 Threw 0x9e83db70 at /build/buildd/openjdk-7-7u75-2.5.4/build/openjdk/hotspot/src/share/vm/prims/jvm.cpp:1284
Event: 2.636 Thread 0xb6407c00 Threw 0x9e917948 at /build/buildd/openjdk-7-7u75-2.5.4/build/openjdk/hotspot/src/share/vm/prims/jvm.cpp:1284
Event: 2.636 Thread 0xb6407c00 Threw 0x9e91d908 at /build/buildd/openjdk-7-7u75-2.5.4/build/openjdk/hotspot/src/share/vm/prims/jvm.cpp:1284
Event: 2.636 Thread 0xb6407c00 Threw 0x9e924608 at /build/buildd/openjdk-7-7u75-2.5.4/build/openjdk/hotspot/src/share/vm/prims/jvm.cpp:1284

Events (10 events):
Event: 2.578 loading class 0x680799c8
Event: 2.578 loading class 0x680799c8 done
Event: 2.578 loading class 0x67611440
Event: 2.578 loading class 0x67611440 done
Event: 2.635 loading class 0x680bbd00
Event: 2.635 loading class 0x680bbd00 done
Event: 2.636 loading class 0x67611558
Event: 2.636 loading class 0x67611558 done
Event: 2.636 loading class 0x67611518
Event: 2.636 loading class 0x67611518 done


Dynamic libraries:
08048000-08049000 r-xp 00000000 08:05 4983886    /usr/lib/jvm/java-7-openjdk-i386/jre/bin/java
08049000-0804a000 r--p 00000000 08:05 4983886    /usr/lib/jvm/java-7-openjdk-i386/jre/bin/java
0804a000-0804b000 rw-p 00001000 08:05 4983886    /usr/lib/jvm/java-7-openjdk-i386/jre/bin/java
09b8b000-09fa4000 rw-p 00000000 00:00 0          [heap]
66f00000-66fd9000 rw-p 00000000 00:00 0 
66fd9000-67000000 ---p 00000000 00:00 0 
67100000-671f9000 rw-p 00000000 00:00 0 
671f9000-67200000 ---p 00000000 00:00 0 
67200000-672e3000 rw-p 00000000 00:00 0 
672e3000-67300000 ---p 00000000 00:00 0 
67400000-674ec000 rw-p 00000000 00:00 0 
674ec000-67500000 ---p 00000000 00:00 0 
67500000-675e0000 rw-p 00000000 00:00 0 
675e0000-67600000 ---p 00000000 00:00 0 
67600000-67624000 rw-p 00000000 00:00 0 
67624000-67700000 ---p 00000000 00:00 0 
677e9000-67823000 r-xp 00000000 08:05 3802088    /lib/i386-linux-gnu/libpcre.so.3.12.1
67823000-67824000 r--p 00039000 08:05 3802088    /lib/i386-linux-gnu/libpcre.so.3.12.1
67824000-67825000 rw-p 0003a000 08:05 3802088    /lib/i386-linux-gnu/libpcre.so.3.12.1
67825000-67838000 r-xp 00000000 08:05 3802099    /lib/i386-linux-gnu/libresolv-2.15.so
67838000-67839000 ---p 00013000 08:05 3802099    /lib/i386-linux-gnu/libresolv-2.15.so
67839000-6783a000 r--p 00013000 08:05 3802099    /lib/i386-linux-gnu/libresolv-2.15.so
6783a000-6783b000 rw-p 00014000 08:05 3802099    /lib/i386-linux-gnu/libresolv-2.15.so
6783b000-6783d000 rw-p 00000000 00:00 0 
6783d000-6785a000 r-xp 00000000 08:05 3802103    /lib/i386-linux-gnu/libselinux.so.1
6785a000-6785b000 r--p 0001c000 08:05 3802103    /lib/i386-linux-gnu/libselinux.so.1
6785b000-6785c000 rw-p 0001d000 08:05 3802103    /lib/i386-linux-gnu/libselinux.so.1
6785c000-67953000 r-xp 00000000 08:05 3802040    /lib/i386-linux-gnu/libglib-2.0.so.0.3200.3
67953000-67954000 r--p 000f6000 08:05 3802040    /lib/i386-linux-gnu/libglib-2.0.so.0.3200.3
67954000-67955000 rw-p 000f7000 08:05 3802040    /lib/i386-linux-gnu/libglib-2.0.so.0.3200.3
67955000-679a2000 r-xp 00000000 08:05 4985532    /usr/lib/i386-linux-gnu/libgobject-2.0.so.0.3200.3
679a2000-679a3000 r--p 0004c000 08:05 4985532    /usr/lib/i386-linux-gnu/libgobject-2.0.so.0.3200.3
679a3000-679a4000 rw-p 0004d000 08:05 4985532    /usr/lib/i386-linux-gnu/libgobject-2.0.so.0.3200.3
679a4000-67af7000 r-xp 00000000 08:05 4985508    /usr/lib/i386-linux-gnu/libgio-2.0.so.0.3200.3
67af7000-67af9000 r--p 00153000 08:05 4985508    /usr/lib/i386-linux-gnu/libgio-2.0.so.0.3200.3
67af9000-67afa000 rw-p 00155000 08:05 4985508    /usr/lib/i386-linux-gnu/libgio-2.0.so.0.3200.3
67afa000-67afb000 rw-p 00000000 00:00 0 
67b0d000-67b24000 r-xp 00000000 08:05 4989135    /usr/lib/jvm/java-7-openjdk-i386/jre/lib/i386/libnet.so
67b24000-67b25000 r--p 00016000 08:05 4989135    /usr/lib/jvm/java-7-openjdk-i386/jre/lib/i386/libnet.so
67b25000-67b26000 rw-p 00017000 08:05 4989135    /usr/lib/jvm/java-7-openjdk-i386/jre/lib/i386/libnet.so
67b26000-67b37000 r-xp 00000000 08:05 4989121    /usr/lib/jvm/java-7-openjdk-i386/jre/lib/i386/libnio.so
67b37000-67b38000 r--p 00010000 08:05 4989121    /usr/lib/jvm/java-7-openjdk-i386/jre/lib/i386/libnio.so
67b38000-67b39000 rw-p 00011000 08:05 4989121    /usr/lib/jvm/java-7-openjdk-i386/jre/lib/i386/libnio.so
67b39000-67b3a000 ---p 00000000 00:00 0 
67b3a000-67bba000 rw-p 00000000 00:00 0 
67bba000-67bbd000 ---p 00000000 00:00 0 
67bbd000-67c0b000 rw-p 00000000 00:00 0 
67c0b000-67c0e000 ---p 00000000 00:00 0 
67c0e000-67c8c000 rw-p 00000000 00:00 0 
67c8c000-67c8f000 ---p 00000000 00:00 0 
67c8f000-67d0d000 rw-p 00000000 00:00 0 
67d0d000-67d10000 ---p 00000000 00:00 0 
67d10000-67d5e000 rw-p 00000000 00:00 0 
67d5e000-67f5e000 r--p 00000000 08:05 4988066    /usr/lib/locale/locale-archive
67f5e000-67f61000 ---p 00000000 00:00 0 
67f61000-67faf000 rw-p 00000000 00:00 0 
67faf000-67fb2000 ---p 00000000 00:00 0 
67fb2000-68000000 rw-p 00000000 00:00 0 
68000000-680fe000 rw-p 00000000 00:00 0 
680fe000-68100000 ---p 00000000 00:00 0 
68105000-68106000 ---p 00000000 00:00 0 
68106000-681cf000 rw-p 00000000 00:00 0 
681cf000-68380000 r--s 01d23000 08:05 4989042    /usr/lib/jvm/java-7-openjdk-i386/jre/lib/rt.jar
68380000-6ac00000 rw-p 00000000 00:00 0 
6ac00000-6acf9000 rw-p 00000000 00:00 0 
6acf9000-6ad00000 ---p 00000000 00:00 0 
6ad11000-6ad15000 r--s 00024000 08:06 20841227   /home/ankit/Traafik latest/TraafikAppLatest/app/build/intermediates/exploded-aar/com.android.support/mediarouter-v7/22.0.0/jars/classes.jar
6ad15000-6ad24000 r--s 000dd000 08:06 21369266   /home/ankit/Ankitt Data/ECLIPSE/sdk/build-tools/22.0.1/lib/dx.jar
6ad24000-6ad7f000 rw-p 00000000 00:00 0 
6ad7f000-6ad80000 ---p 00000000 00:00 0 
6ad80000-6ae00000 rw-p 00000000 00:00 0 
6ae00000-6ae21000 rw-p 00000000 00:00 0 
6ae21000-6af00000 ---p 00000000 00:00 0 
6af01000-6af06000 r-xp 00000000 08:05 4985471    /usr/lib/i386-linux-gnu/libffi.so.6.0.0
6af06000-6af07000 r--p 00004000 08:05 4985471    /usr/lib/i386-linux-gnu/libffi.so.6.0.0
6af07000-6af08000 rw-p 00005000 08:05 4985471    /usr/lib/i386-linux-gnu/libffi.so.6.0.0
6af08000-6af0b000 r-xp 00000000 08:05 4985518    /usr/lib/i386-linux-gnu/libgmodule-2.0.so.0.3200.3
6af0b000-6af0c000 r--p 00002000 08:05 4985518    /usr/lib/i386-linux-gnu/libgmodule-2.0.so.0.3200.3
6af0c000-6af0d000 rw-p 00003000 08:05 4985518    /usr/lib/i386-linux-gnu/libgmodule-2.0.so.0.3200.3
6af0d000-6af28000 rw-p 00000000 00:00 0 
6af28000-6af29000 ---p 00000000 00:00 0 
6af29000-6afbe000 rw-p 00000000 00:00 0 
6afbe000-6b0ff000 rw-p 00000000 00:00 0 
6b0ff000-6b107000 rw-p 00000000 00:00 0 
6b107000-6b13f000 rw-p 00000000 00:00 0 
6b13f000-6b154000 rw-p 00000000 00:00 0 
6b154000-6b294000 rw-p 00000000 00:00 0 
6b294000-6b29f000 rw-p 00000000 00:00 0 
6b29f000-6b33f000 rw-p 00000000 00:00 0 
6b33f000-6c340000 rw-p 00000000 00:00 0 
6c340000-73340000 rw-p 00000000 00:00 0 
73340000-75c00000 rw-p 00000000 00:00 0 
75c00000-9ddc0000 rw-p 00000000 00:00 0 
9ddc0000-9f240000 rw-p 00000000 00:00 0 
9f240000-b3340000 rw-p 00000000 00:00 0 
b3340000-b3349000 rw-p 00000000 00:00 0 
b3349000-b3400000 rw-p 00000000 00:00 0 
b3400000-b3640000 rwxp 00000000 00:00 0 
b3640000-b64fd000 rw-p 00000000 00:00 0 
b64fd000-b6500000 ---p 00000000 00:00 0 
b6500000-b6501000 r--s 00007000 08:05 5246941    /usr/share/java/java-atk-wrapper.jar
b6501000-b6504000 r--s 0000f000 08:05 4989079    /usr/lib/jvm/java-7-openjdk-i386/jre/lib/ext/icedtea-sound.jar
b6504000-b6506000 r--s 00012000 08:05 4989084    /usr/lib/jvm/java-7-openjdk-i386/jre/lib/ext/zipfs.jar
b6506000-b650a000 r--s 00034000 08:05 4989083    /usr/lib/jvm/java-7-openjdk-i386/jre/lib/ext/sunjce_provider.jar
b650a000-b650e000 r--s 0003c000 08:05 4989081    /usr/lib/jvm/java-7-openjdk-i386/jre/lib/ext/sunpkcs11.jar
b650e000-b6511000 r--s 00086000 08:05 4989082    /usr/lib/jvm/java-7-openjdk-i386/jre/lib/ext/localedata.jar
b6511000-b6519000 rw-p 00000000 00:00 0 
b6519000-b6551000 rw-p 00000000 00:00 0 
b6551000-b655c000 r-xp 00000000 08:05 3802066    /lib/i386-linux-gnu/libnss_files-2.15.so
b655c000-b655d000 r--p 0000a000 08:05 3802066    /lib/i386-linux-gnu/libnss_files-2.15.so
b655d000-b655e000 rw-p 0000b000 08:05 3802066    /lib/i386-linux-gnu/libnss_files-2.15.so
b655e000-b6568000 r-xp 00000000 08:05 3802070    /lib/i386-linux-gnu/libnss_nis-2.15.so
b6568000-b6569000 r--p 00009000 08:05 3802070    /lib/i386-linux-gnu/libnss_nis-2.15.so
b6569000-b656a000 rw-p 0000a000 08:05 3802070    /lib/i386-linux-gnu/libnss_nis-2.15.so
b656a000-b6580000 r-xp 00000000 08:05 3802060    /lib/i386-linux-gnu/libnsl-2.15.so
b6580000-b6581000 r--p 00015000 08:05 3802060    /lib/i386-linux-gnu/libnsl-2.15.so
b6581000-b6582000 rw-p 00016000 08:05 3802060    /lib/i386-linux-gnu/libnsl-2.15.so
b6582000-b6584000 rw-p 00000000 00:00 0 
b6584000-b658b000 r-xp 00000000 08:05 3802062    /lib/i386-linux-gnu/libnss_compat-2.15.so
b658b000-b658c000 r--p 00006000 08:05 3802062    /lib/i386-linux-gnu/libnss_compat-2.15.so
b658c000-b658d000 rw-p 00007000 08:05 3802062    /lib/i386-linux-gnu/libnss_compat-2.15.so
b658d000-b6595000 r-xp 00000000 08:05 4989114    /usr/lib/jvm/java-7-openjdk-i386/jre/lib/i386/libzip.so
b6595000-b6596000 r--p 00007000 08:05 4989114    /usr/lib/jvm/java-7-openjdk-i386/jre/lib/i386/libzip.so
b6596000-b6597000 rw-p 00008000 08:05 4989114    /usr/lib/jvm/java-7-openjdk-i386/jre/lib/i386/libzip.so
b6597000-b659f000 rw-s 00000000 08:05 145497     /tmp/hsperfdata_ankit/20696
b659f000-b65c6000 r-xp 00000000 08:05 4989134    /usr/lib/jvm/java-7-openjdk-i386/jre/lib/i386/libjava.so
b65c6000-b65c7000 r--p 00026000 08:05 4989134    /usr/lib/jvm/java-7-openjdk-i386/jre/lib/i386/libjava.so
b65c7000-b65c8000 rw-p 00027000 08:05 4989134    /usr/lib/jvm/java-7-openjdk-i386/jre/lib/i386/libjava.so
b65c8000-b65cf000 r-xp 00000000 08:05 3802101    /lib/i386-linux-gnu/librt-2.15.so
b65cf000-b65d0000 r--p 00006000 08:05 3802101    /lib/i386-linux-gnu/librt-2.15.so
b65d0000-b65d1000 rw-p 00007000 08:05 3802101    /lib/i386-linux-gnu/librt-2.15.so
b65d1000-b65d4000 ---p 00000000 00:00 0 
b65d4000-b6622000 rw-p 00000000 00:00 0 
b6622000-b663e000 r-xp 00000000 08:05 3802036    /lib/i386-linux-gnu/libgcc_s.so.1
b663e000-b663f000 r--p 0001b000 08:05 3802036    /lib/i386-linux-gnu/libgcc_s.so.1
b663f000-b6640000 rw-p 0001c000 08:05 3802036    /lib/i386-linux-gnu/libgcc_s.so.1
b6640000-b666a000 r-xp 00000000 08:05 3802047    /lib/i386-linux-gnu/libm-2.15.so
b666a000-b666b000 r--p 00029000 08:05 3802047    /lib/i386-linux-gnu/libm-2.15.so
b666b000-b666c000 rw-p 0002a000 08:05 3802047    /lib/i386-linux-gnu/libm-2.15.so
b666c000-b6744000 r-xp 00000000 08:05 4985813    /usr/lib/i386-linux-gnu/libstdc++.so.6.0.16
b6744000-b6745000 ---p 000d8000 08:05 4985813    /usr/lib/i386-linux-gnu/libstdc++.so.6.0.16
b6745000-b6749000 r--p 000d8000 08:05 4985813    /usr/lib/i386-linux-gnu/libstdc++.so.6.0.16
b6749000-b674a000 rw-p 000dc000 08:05 4985813    /usr/lib/i386-linux-gnu/libstdc++.so.6.0.16
b674a000-b6751000 rw-p 00000000 00:00 0 
b6751000-b7113000 r-xp 00000000 08:05 4989140    /usr/lib/jvm/java-7-openjdk-i386/jre/lib/i386/server/libjvm.so
b7113000-b7168000 r--p 009c2000 08:05 4989140    /usr/lib/jvm/java-7-openjdk-i386/jre/lib/i386/server/libjvm.so
b7168000-b717c000 rw-p 00a17000 08:05 4989140    /usr/lib/jvm/java-7-openjdk-i386/jre/lib/i386/server/libjvm.so
b717c000-b759a000 rw-p 00000000 00:00 0 
b759a000-b75ae000 r-xp 00000000 08:05 3802126    /lib/i386-linux-gnu/libz.so.1.2.3.4
b75ae000-b75af000 r--p 00013000 08:05 3802126    /lib/i386-linux-gnu/libz.so.1.2.3.4
b75af000-b75b0000 rw-p 00014000 08:05 3802126    /lib/i386-linux-gnu/libz.so.1.2.3.4
b75b0000-b75c7000 r-xp 00000000 08:05 3802095    /lib/i386-linux-gnu/libpthread-2.15.so
b75c7000-b75c8000 r--p 00016000 08:05 3802095    /lib/i386-linux-gnu/libpthread-2.15.so
b75c8000-b75c9000 rw-p 00017000 08:05 3802095    /lib/i386-linux-gnu/libpthread-2.15.so
b75c9000-b75cb000 rw-p 00000000 00:00 0 
b75cb000-b75ce000 r-xp 00000000 08:05 3802028    /lib/i386-linux-gnu/libdl-2.15.so
b75ce000-b75cf000 r--p 00002000 08:05 3802028    /lib/i386-linux-gnu/libdl-2.15.so
b75cf000-b75d0000 rw-p 00003000 08:05 3802028    /lib/i386-linux-gnu/libdl-2.15.so
b75d0000-b776f000 r-xp 00000000 08:05 3802015    /lib/i386-linux-gnu/libc-2.15.so
b776f000-b7771000 r--p 0019f000 08:05 3802015    /lib/i386-linux-gnu/libc-2.15.so
b7771000-b7772000 rw-p 001a1000 08:05 3802015    /lib/i386-linux-gnu/libc-2.15.so
b7772000-b7775000 rw-p 00000000 00:00 0 
b7775000-b7776000 r--s 00002000 08:05 4989080    /usr/lib/jvm/java-7-openjdk-i386/jre/lib/ext/dnsns.jar
b7776000-b7777000 r--p 005db000 08:05 4988066    /usr/lib/locale/locale-archive
b7777000-b7778000 rw-p 00000000 00:00 0 
b7778000-b7779000 r--p 00000000 00:00 0 
b7779000-b7785000 r-xp 00000000 08:05 4989131    /usr/lib/jvm/java-7-openjdk-i386/jre/lib/i386/libverify.so
b7785000-b7786000 r--p 0000b000 08:05 4989131    /usr/lib/jvm/java-7-openjdk-i386/jre/lib/i386/libverify.so
b7786000-b7787000 rw-p 0000c000 08:05 4989131    /usr/lib/jvm/java-7-openjdk-i386/jre/lib/i386/libverify.so
b7787000-b7794000 r-xp 00000000 08:05 4989106    /usr/lib/jvm/java-7-openjdk-i386/jre/lib/i386/jli/libjli.so
b7794000-b7795000 r--p 0000c000 08:05 4989106    /usr/lib/jvm/java-7-openjdk-i386/jre/lib/i386/jli/libjli.so
b7795000-b7796000 rw-p 0000d000 08:05 4989106    /usr/lib/jvm/java-7-openjdk-i386/jre/lib/i386/jli/libjli.so
b7796000-b7799000 rw-p 00000000 00:00 0 
b7799000-b779a000 r-xp 00000000 00:00 0          [vdso]
b779a000-b77ba000 r-xp 00000000 08:05 3801995    /lib/i386-linux-gnu/ld-2.15.so
b77ba000-b77bb000 r--p 0001f000 08:05 3801995    /lib/i386-linux-gnu/ld-2.15.so
b77bb000-b77bc000 rw-p 00020000 08:05 3801995    /lib/i386-linux-gnu/ld-2.15.so
bfd38000-bfd39000 rwxp 00000000 00:00 0 
bfd6b000-bfd8c000 rw-p 00000000 00:00 0          [stack]

VM Arguments:
jvm_args: -Xmx1024M -Dfile.encoding=UTF-8 -Duser.country=IN -Duser.language=en -Duser.variant 
java_command: com.android.dx.command.Main --dex --output /home/ankit/Traafik latest/TraafikAppLatest/app/build/intermediates/pre-dexed/debug/classes-f3e6dfd437191661498ea60908a90ab90485adee.jar /home/ankit/Traafik latest/TraafikAppLatest/app/build/intermediates/exploded-aar/com.android.support/mediarouter-v7/22.0.0/jars/classes.jar
Launcher Type: SUN_STANDARD

Environment Variables:
PATH=/usr/lib/lightdm/lightdm:/usr/local/sbin:/usr/local/bin:/usr/sbin:/usr/bin:/sbin:/bin:/usr/games
LD_LIBRARY_PATH=/home/ankit/Android studio/android-studio/bin:
SHELL=/bin/bash
DISPLAY=:0.0

Signal Handlers:
SIGSEGV: [libjvm.so+0x80b550], sa_mask[0]=0x7ffbfeff, sa_flags=0x10000004
SIGBUS: [libjvm.so+0x80b550], sa_mask[0]=0x7ffbfeff, sa_flags=0x10000004
SIGFPE: [libjvm.so+0x6753e0], sa_mask[0]=0x7ffbfeff, sa_flags=0x10000004
SIGPIPE: [libjvm.so+0x6753e0], sa_mask[0]=0x7ffbfeff, sa_flags=0x10000004
SIGXFSZ: [libjvm.so+0x6753e0], sa_mask[0]=0x7ffbfeff, sa_flags=0x10000004
SIGILL: [libjvm.so+0x6753e0], sa_mask[0]=0x7ffbfeff, sa_flags=0x10000004
SIGUSR1: SIG_DFL, sa_mask[0]=0x00000000, sa_flags=0x00000000
SIGUSR2: [libjvm.so+0x675690], sa_mask[0]=0x00000004, sa_flags=0x10000004
SIGHUP: [libjvm.so+0x675850], sa_mask[0]=0x7ffbfeff, sa_flags=0x10000004
SIGINT: [libjvm.so+0x675850], sa_mask[0]=0x7ffbfeff, sa_flags=0x10000004
SIGTERM: [libjvm.so+0x675850], sa_mask[0]=0x7ffbfeff, sa_flags=0x10000004
SIGQUIT: [libjvm.so+0x675850], sa_mask[0]=0x7ffbfeff, sa_flags=0x10000004
SIGTRAP: SIG_DFL, sa_mask[0]=0x00000000, sa_flags=0x00000000


---------------  S Y S T E M  ---------------

OS:Ubuntu 12.04 (precise)
uname:Linux 3.2.0-29-generic-pae #46-Ubuntu SMP Fri Jul 27 17:25:43 UTC 2012 i686
libc:glibc 2.15 NPTL 2.15 
rlimit: STACK 8192k, CORE 0k, NPROC 31169, NOFILE 4096, AS infinity
load average:4.40 4.07 2.59

/proc/meminfo:
MemTotal:        4004304 kB
MemFree:          161184 kB
Buffers:             936 kB
Cached:           510604 kB
SwapCached:            0 kB
Active:          3463892 kB
Inactive:         299636 kB
Active(anon):    3433984 kB
Inactive(anon):   273032 kB
Active(file):      29908 kB
Inactive(file):    26604 kB
Unevictable:          16 kB
Mlocked:              16 kB
HighTotal:       3159312 kB
HighFree:           3772 kB
LowTotal:         844992 kB
LowFree:          157412 kB
SwapTotal:             0 kB
SwapFree:              0 kB
Dirty:              4432 kB
Writeback:           352 kB
AnonPages:       3252208 kB
Mapped:            66508 kB
Shmem:            454804 kB
Slab:              37688 kB
SReclaimable:      17772 kB
SUnreclaim:        19916 kB
KernelStack:        4984 kB
PageTables:        20660 kB
NFS_Unstable:          0 kB
Bounce:                0 kB
WritebackTmp:          0 kB
CommitLimit:     2002152 kB
Committed_AS:    7976692 kB
VmallocTotal:     122880 kB
VmallocUsed:       15228 kB
VmallocChunk:     106584 kB
HardwareCorrupted:     0 kB
AnonHugePages:         0 kB
HugePages_Total:       0
HugePages_Free:        0
HugePages_Rsvd:        0
HugePages_Surp:        0
Hugepagesize:       2048 kB
DirectMap4k:       10232 kB
DirectMap2M:      903168 kB


CPU:total 2 (2 cores per cpu, 1 threads per core) family 6 model 58 stepping 9, cmov, cx8, fxsr, mmx, sse, sse2, sse3, ssse3, sse4.1, sse4.2, popcnt, erms, tsc, tscinvbit, tscinv

/proc/cpuinfo:
processor	: 0
vendor_id	: GenuineIntel
cpu family	: 6
model		: 58
model name	: Intel(R) Pentium(R) CPU G2030 @ 3.00GHz
stepping	: 9
microcode	: 0x17
cpu MHz		: 3000.000
cache size	: 3072 KB
physical id	: 0
siblings	: 2
core id		: 0
cpu cores	: 2
apicid		: 0
initial apicid	: 0
fdiv_bug	: no
hlt_bug		: no
f00f_bug	: no
coma_bug	: no
fpu		: yes
fpu_exception	: yes
cpuid level	: 13
wp		: yes
flags		: fpu vme de pse tsc msr pae mce cx8 apic sep mtrr pge mca cmov pat pse36 clflush dts acpi mmx fxsr sse sse2 ss ht tm pbe nx rdtscp lm constant_tsc arch_perfmon pebs bts xtopology nonstop_tsc aperfmperf pni pclmulqdq dtes64 monitor ds_cpl vmx est tm2 ssse3 cx16 xtpr pdcm pcid sse4_1 sse4_2 popcnt tsc_deadline_timer xsave lahf_lm arat epb xsaveopt pln pts dtherm tpr_shadow vnmi flexpriority ept vpid fsgsbase smep erms
bogomips	: 5986.77
clflush size	: 64
cache_alignment	: 64
address sizes	: 36 bits physical, 48 bits virtual
power management:

processor	: 1
vendor_id	: GenuineIntel
cpu family	: 6
model		: 58
model name	: Intel(R) Pentium(R) CPU G2030 @ 3.00GHz
stepping	: 9
microcode	: 0x17
cpu MHz		: 3000.000
cache size	: 3072 KB
physical id	: 0
siblings	: 2
core id		: 1
cpu cores	: 2
apicid		: 2
initial apicid	: 2
fdiv_bug	: no
hlt_bug		: no
f00f_bug	: no
coma_bug	: no
fpu		: yes
fpu_exception	: yes
cpuid level	: 13
wp		: yes
flags		: fpu vme de pse tsc msr pae mce cx8 apic sep mtrr pge mca cmov pat pse36 clflush dts acpi mmx fxsr sse sse2 ss ht tm pbe nx rdtscp lm constant_tsc arch_perfmon pebs bts xtopology nonstop_tsc aperfmperf pni pclmulqdq dtes64 monitor ds_cpl vmx est tm2 ssse3 cx16 xtpr pdcm pcid sse4_1 sse4_2 popcnt tsc_deadline_timer xsave lahf_lm arat epb xsaveopt pln pts dtherm tpr_shadow vnmi flexpriority ept vpid fsgsbase smep erms
bogomips	: 5986.12
clflush size	: 64
cache_alignment	: 64
address sizes	: 36 bits physical, 48 bits virtual
power management:



Memory: 4k page, physical 4004304k(161184k free), swap 0k(0k free)

vm_info: OpenJDK Server VM (24.75-b04) for linux-x86 JRE (1.7.0_75-b13), built on Jan 27 2015 16:24:35 by "buildd" with gcc 4.6.3

time: Mon Jul 20 18:44:13 2015
elapsed time: 3 seconds

