#
# There is insufficient memory for the Java Runtime Environment to continue.
# Native memory allocation (malloc) failed to allocate 73924608 bytes for committing reserved memory.
# Possible reasons:
#   The system is out of physical RAM or swap space
#   In 32 bit mode, the process size limit was hit
# Possible solutions:
#   Reduce memory load on the system
#   Increase physical memory or swap space
#   Check if swap backing store is full
#   Use 64 bit Java on a 64 bit OS
#   Decrease Java heap size (-Xmx/-Xms)
#   Decrease number of Java threads
#   Decrease Java thread stack sizes (-Xss)
#   Set larger code cache with -XX:ReservedCodeCacheSize=
# This output file may be truncated or incomplete.
#
#  Out of Memory Error (os_linux.cpp:2798), pid=8183, tid=1745378112
#
# JRE version: OpenJDK Runtime Environment (7.0_75-b13) (build 1.7.0_75-b13)
# Java VM: OpenJDK Server VM (24.75-b04 mixed mode linux-x86 )
# Derivative: IcedTea 2.5.4
# Distribution: Ubuntu 12.04 LTS, package 7u75-2.5.4-1~precise1
# Failed to write core dump. Core dumps have been disabled. To enable core dumping, try "ulimit -c unlimited" before starting Java again
#

---------------  T H R E A D  ---------------

Current thread (0x6ac10400):  VMThread [stack: 0x68005000,0x68086000] [id=8190]

Stack: [0x68005000,0x68086000]
[error occurred during error reporting (printing stack bounds), id 0xb]

VM_Operation (0xb65fa928): ParallelGCFailedAllocation, mode: safepoint, requested by thread 0xb6407c00


---------------  P R O C E S S  ---------------

Java Threads: ( => current thread )
  0x6ac2c400 JavaThread "Service Thread" daemon [_thread_blocked, id=8196, stack(0x67bbf000,0x67c10000)]
  0x6ac2a800 JavaThread "C2 CompilerThread1" daemon [_thread_blocked, id=8195, stack(0x67c10000,0x67c91000)]
  0x6ac28800 JavaThread "C2 CompilerThread0" daemon [_thread_blocked, id=8194, stack(0x67c91000,0x67d12000)]
  0x6ac26c00 JavaThread "Signal Dispatcher" daemon [_thread_blocked, id=8193, stack(0x67d12000,0x67d63000)]
  0x6ac14400 JavaThread "Finalizer" daemon [_thread_blocked, id=8192, stack(0x67f63000,0x67fb4000)]
  0x6ac12800 JavaThread "Reference Handler" daemon [_thread_blocked, id=8191, stack(0x67fb4000,0x68005000)]
  0xb6407c00 JavaThread "main" [_thread_blocked, id=8185, stack(0xb65ab000,0xb65fc000)]

Other Threads:
=>0x6ac10400 VMThread [stack: 0x68005000,0x68086000] [id=8190]
  0x6ac2e000 WatcherThread [stack: 0x67b3e000,0x67bbf000] [id=8197]

VM state:at safepoint (normal execution)

VM Mutex/Monitor currently owned by a thread:  ([mutex/lock_event])
[0xb6405248] Threads_lock - owner thread: 0x6ac10400
[0xb6405658] Heap_lock - owner thread: 0xb6407c00

Heap
 PSYoungGen      total 71168K, used 8696K [0x9ddc0000, 0xa2cc0000, 0xb3340000)
  eden space 62464K, 0% used [0x9ddc0000,0x9ddc0000,0xa1ac0000)
  from space 8704K, 99% used [0xa1ac0000,0xa233e128,0xa2340000)
  to   space 7680K, 0% used [0xa2340000,0xa2340000,0xa2ac0000)
 ParOldGen       total 41728K, used 22136K [0x73340000, 0x75c00000, 0x9ddc0000)
  object space 41728K, 53% used [0x73340000,0x748de190,0x75c00000)
 PSPermGen       total 16384K, used 3986K [0x6b340000, 0x6c340000, 0x73340000)
  object space 16384K, 24% used [0x6b340000,0x6b724a38,0x6c340000)

Card table byte_map: [0x6b0ff000,0x6b340000] byte_map_base: 0x6ada5600

Polling page: 0xb7752000

Code Cache  [0xb3400000, 0xb3640000, 0xb6400000)
 total_blobs=673 nmethods=553 adapters=73 free_code_cache=47093Kb largest_free_block=48143552

Compilation events (10 events):
Event: 8.618 Thread 0x6ac2a800 nmethod 556 0xb3604e88 code [0xb3604f60, 0xb3604fb0]
Event: 8.618 Thread 0x6ac2a800  557             com.android.dx.cf.direct.DirectClassFile::parseToInterfacesIfNecessary (13 bytes)
Event: 8.618 Thread 0x6ac2a800 nmethod 557 0xb3604c08 code [0xb3604d00, 0xb3604d9c]
Event: 8.618 Thread 0x6ac2a800  558             com.android.dx.cf.code.Simulator$SimVisitor::visitLocal (329 bytes)
Event: 8.627 Thread 0x6ac28800 nmethod 554% 0xb35ffac8 code [0xb35ffd00, 0xb3600818]
Event: 8.627 Thread 0x6ac28800  559             com.android.dx.cf.code.Simulator::access$300 (5 bytes)
Event: 8.627 Thread 0x6ac28800 nmethod 559 0xb3604a48 code [0xb3604b40, 0xb3604b90]
Event: 8.627 Thread 0x6ac28800  560             com.android.dx.cf.code.BasicBlocker::visitLocal (34 bytes)
Event: 8.634 Thread 0x6ac28800 nmethod 560 0xb3601d88 code [0xb3601ea0, 0xb360205c]
Event: 8.634 Thread 0x6ac28800  561             com.android.dx.cf.code.Ropper::addOrReplaceBlock (66 bytes)

GC Heap History (10 events):
Event: 2.969 GC heap after
Heap after GC invocations=2 (full 0):
 PSYoungGen      total 18432K, used 2546K [0x9ddc0000, 0x9f240000, 0xb3340000)
  eden space 15872K, 0% used [0x9ddc0000,0x9ddc0000,0x9ed40000)
  from space 2560K, 99% used [0x9efc0000,0x9f23ca48,0x9f240000)
  to   space 2560K, 0% used [0x9ed40000,0x9ed40000,0x9efc0000)
 ParOldGen       total 41728K, used 3503K [0x73340000, 0x75c00000, 0x9ddc0000)
  object space 41728K, 8% used [0x73340000,0x736abde8,0x75c00000)
 PSPermGen       total 16384K, used 3895K [0x6b340000, 0x6c340000, 0x73340000)
  object space 16384K, 23% used [0x6b340000,0x6b70de50,0x6c340000)
}
Event: 3.582 GC heap before
{Heap before GC invocations=3 (full 0):
 PSYoungGen      total 18432K, used 18418K [0x9ddc0000, 0x9f240000, 0xb3340000)
  eden space 15872K, 100% used [0x9ddc0000,0x9ed40000,0x9ed40000)
  from space 2560K, 99% used [0x9efc0000,0x9f23ca48,0x9f240000)
  to   space 2560K, 0% used [0x9ed40000,0x9ed40000,0x9efc0000)
 ParOldGen       total 41728K, used 3503K [0x73340000, 0x75c00000, 0x9ddc0000)
  object space 41728K, 8% used [0x73340000,0x736abde8,0x75c00000)
 PSPermGen       total 16384K, used 3922K [0x6b340000, 0x6c340000, 0x73340000)
  object space 16384K, 23% used [0x6b340000,0x6b7148b8,0x6c340000)
Event: 3.597 GC heap after
Heap after GC invocations=3 (full 0):
 PSYoungGen      total 18432K, used 2554K [0x9ddc0000, 0xa01c0000, 0xb3340000)
  eden space 15872K, 0% used [0x9ddc0000,0x9ddc0000,0x9ed40000)
  from space 2560K, 99% used [0x9ed40000,0x9efbeae8,0x9efc0000)
  to   space 2560K, 0% used [0x9ff40000,0x9ff40000,0xa01c0000)
 ParOldGen       total 41728K, used 6022K [0x73340000, 0x75c00000, 0x9ddc0000)
  object space 41728K, 14% used [0x73340000,0x73921940,0x75c00000)
 PSPermGen       total 16384K, used 3922K [0x6b340000, 0x6c340000, 0x73340000)
  object space 16384K, 23% used [0x6b340000,0x6b7148b8,0x6c340000)
}
Event: 4.344 GC heap before
{Heap before GC invocations=4 (full 0):
 PSYoungGen      total 18432K, used 18426K [0x9ddc0000, 0xa01c0000, 0xb3340000)
  eden space 15872K, 100% used [0x9ddc0000,0x9ed40000,0x9ed40000)
  from space 2560K, 99% used [0x9ed40000,0x9efbeae8,0x9efc0000)
  to   space 2560K, 0% used [0x9ff40000,0x9ff40000,0xa01c0000)
 ParOldGen       total 41728K, used 6022K [0x73340000, 0x75c00000, 0x9ddc0000)
  object space 41728K, 14% used [0x73340000,0x73921940,0x75c00000)
 PSPermGen       total 16384K, used 3936K [0x6b340000, 0x6c340000, 0x73340000)
  object space 16384K, 24% used [0x6b340000,0x6b718240,0x6c340000)
Event: 4.373 GC heap after
Heap after GC invocations=4 (full 0):
 PSYoungGen      total 34304K, used 2556K [0x9ddc0000, 0xa01c0000, 0xb3340000)
  eden space 31744K, 0% used [0x9ddc0000,0x9ddc0000,0x9fcc0000)
  from space 2560K, 99% used [0x9ff40000,0xa01bf2e0,0xa01c0000)
  to   space 2560K, 0% used [0x9fcc0000,0x9fcc0000,0x9ff40000)
 ParOldGen       total 41728K, used 8364K [0x73340000, 0x75c00000, 0x9ddc0000)
  object space 41728K, 20% used [0x73340000,0x73b6b2b8,0x75c00000)
 PSPermGen       total 16384K, used 3936K [0x6b340000, 0x6c340000, 0x73340000)
  object space 16384K, 24% used [0x6b340000,0x6b718240,0x6c340000)
}
Event: 5.790 GC heap before
{Heap before GC invocations=5 (full 0):
 PSYoungGen      total 34304K, used 34300K [0x9ddc0000, 0xa01c0000, 0xb3340000)
  eden space 31744K, 100% used [0x9ddc0000,0x9fcc0000,0x9fcc0000)
  from space 2560K, 99% used [0x9ff40000,0xa01bf2e0,0xa01c0000)
  to   space 2560K, 0% used [0x9fcc0000,0x9fcc0000,0x9ff40000)
 ParOldGen       total 41728K, used 8364K [0x73340000, 0x75c00000, 0x9ddc0000)
  object space 41728K, 20% used [0x73340000,0x73b6b2b8,0x75c00000)
 PSPermGen       total 16384K, used 3953K [0x6b340000, 0x6c340000, 0x73340000)
  object space 16384K, 24% used [0x6b340000,0x6b71c5e8,0x6c340000)
Event: 5.837 GC heap after
Heap after GC invocations=5 (full 0):
 PSYoungGen      total 34304K, used 2558K [0x9ddc0000, 0xa2ac0000, 0xb3340000)
  eden space 31744K, 0% used [0x9ddc0000,0x9ddc0000,0x9fcc0000)
  from space 2560K, 99% used [0x9fcc0000,0x9ff3f888,0x9ff40000)
  to   space 7680K, 0% used [0xa2340000,0xa2340000,0xa2ac0000)
 ParOldGen       total 41728K, used 13639K [0x73340000, 0x75c00000, 0x9ddc0000)
  object space 41728K, 32% used [0x73340000,0x74091ca8,0x75c00000)
 PSPermGen       total 16384K, used 3953K [0x6b340000, 0x6c340000, 0x73340000)
  object space 16384K, 24% used [0x6b340000,0x6b71c5e8,0x6c340000)
}
Event: 7.335 GC heap before
{Heap before GC invocations=6 (full 0):
 PSYoungGen      total 34304K, used 34302K [0x9ddc0000, 0xa2ac0000, 0xb3340000)
  eden space 31744K, 100% used [0x9ddc0000,0x9fcc0000,0x9fcc0000)
  from space 2560K, 99% used [0x9fcc0000,0x9ff3f888,0x9ff40000)
  to   space 7680K, 0% used [0xa2340000,0xa2340000,0xa2ac0000)
 ParOldGen       total 41728K, used 13639K [0x73340000, 0x75c00000, 0x9ddc0000)
  object space 41728K, 32% used [0x73340000,0x74091ca8,0x75c00000)
 PSPermGen       total 16384K, used 3963K [0x6b340000, 0x6c340000, 0x73340000)
  object space 16384K, 24% used [0x6b340000,0x6b71ef10,0x6c340000)
Event: 7.401 GC heap after
Heap after GC invocations=6 (full 0):
 PSYoungGen      total 70144K, used 7677K [0x9ddc0000, 0xa2cc0000, 0xb3340000)
  eden space 62464K, 0% used [0x9ddc0000,0x9ddc0000,0xa1ac0000)
  from space 7680K, 99% used [0xa2340000,0xa2abf570,0xa2ac0000)
  to   space 8704K, 0% used [0xa1ac0000,0xa1ac0000,0xa2340000)
 ParOldGen       total 41728K, used 13934K [0x73340000, 0x75c00000, 0x9ddc0000)
  object space 41728K, 33% used [0x73340000,0x740db840,0x75c00000)
 PSPermGen       total 16384K, used 3963K [0x6b340000, 0x6c340000, 0x73340000)
  object space 16384K, 24% used [0x6b340000,0x6b71ef10,0x6c340000)
}
Event: 8.649 GC heap before
{Heap before GC invocations=7 (full 0):
 PSYoungGen      total 70144K, used 70141K [0x9ddc0000, 0xa2cc0000, 0xb3340000)
  eden space 62464K, 100% used [0x9ddc0000,0xa1ac0000,0xa1ac0000)
  from space 7680K, 99% used [0xa2340000,0xa2abf570,0xa2ac0000)
  to   space 8704K, 0% used [0xa1ac0000,0xa1ac0000,0xa2340000)
 ParOldGen       total 41728K, used 13934K [0x73340000, 0x75c00000, 0x9ddc0000)
  object space 41728K, 33% used [0x73340000,0x740db840,0x75c00000)
 PSPermGen       total 16384K, used 3986K [0x6b340000, 0x6c340000, 0x73340000)
  object space 16384K, 24% used [0x6b340000,0x6b724a38,0x6c340000)

Deoptimization events (10 events):
Event: 7.153 Thread 0xb6407c00 Uncommon trap: reason=bimorphic action=maybe_recompile pc=0xb3513688 method=com.android.dx.ssa.LiteralOpUpgrader.tryReplacingWithConstant(Lcom/android/dx/ssa/NormalSsaInsn;)Z @ 62
Event: 7.692 Thread 0xb6407c00 Uncommon trap: reason=bimorphic action=maybe_recompile pc=0xb3513688 method=com.android.dx.ssa.LiteralOpUpgrader.tryReplacingWithConstant(Lcom/android/dx/ssa/NormalSsaInsn;)Z @ 62
Event: 7.696 Thread 0xb6407c00 Uncommon trap: reason=bimorphic action=maybe_recompile pc=0xb3513688 method=com.android.dx.ssa.LiteralOpUpgrader.tryReplacingWithConstant(Lcom/android/dx/ssa/NormalSsaInsn;)Z @ 62
Event: 7.974 Thread 0xb6407c00 Uncommon trap: reason=bimorphic action=maybe_recompile pc=0xb35d59f8 method=com.android.dx.cf.code.BytecodeArray.parseInstruction(ILcom/android/dx/cf/code/BytecodeArray$Visitor;)I @ 2135
Event: 7.974 Thread 0xb6407c00 Uncommon trap: reason=bimorphic action=maybe_recompile pc=0xb35d59f8 method=com.android.dx.cf.code.BytecodeArray.parseInstruction(ILcom/android/dx/cf/code/BytecodeArray$Visitor;)I @ 2135
Event: 8.356 Thread 0xb6407c00 Uncommon trap: reason=bimorphic action=maybe_recompile pc=0xb3513688 method=com.android.dx.ssa.LiteralOpUpgrader.tryReplacingWithConstant(Lcom/android/dx/ssa/NormalSsaInsn;)Z @ 62
Event: 8.387 Thread 0xb6407c00 Uncommon trap: reason=bimorphic action=maybe_recompile pc=0xb3517264 method=com.android.dx.ssa.LiteralOpUpgrader.tryReplacingWithConstant(Lcom/android/dx/ssa/NormalSsaInsn;)Z @ 62
Event: 8.410 Thread 0xb6407c00 Uncommon trap: reason=bimorphic action=maybe_recompile pc=0xb34fed0c method=com.android.dx.ssa.LiteralOpUpgrader.tryReplacingWithConstant(Lcom/android/dx/ssa/NormalSsaInsn;)Z @ 62
Event: 8.474 Thread 0xb6407c00 Uncommon trap: reason=null_check action=make_not_entrant pc=0xb35f8220 method=com.android.dx.dex.cf.AttributeTranslator.getSignature(Lcom/android/dx/cf/iface/AttributeList;)Lcom/android/dx/rop/annotation/Annotation; @ 8
Event: 8.537 Thread 0xb6407c00 Uncommon trap: reason=null_check action=make_not_entrant pc=0xb360c694 method=com.android.dx.cf.code.Ropper$CatchInfo.getSetup(Lcom/android/dx/rop/type/Type;)Lcom/android/dx/cf/code/Ropper$ExceptionHandlerSetup; @ 10

Internal exceptions (10 events):
Event: 2.086 Thread 0xb6407c00 Threw 0x9e067b40 at /build/buildd/openjdk-7-7u75-2.5.4/build/openjdk/hotspot/src/share/vm/prims/jvm.cpp:1284
Event: 2.530 Thread 0xb6407c00 Threw 0x9e640028 at /build/buildd/openjdk-7-7u75-2.5.4/build/openjdk/hotspot/src/share/vm/prims/jvm.cpp:1284
Event: 2.728 Thread 0xb6407c00 Implicit null exception at 0xb34a8a0d to 0xb34a93d9
Event: 3.037 Thread 0xb6407c00 Threw 0x9df5dbc8 at /build/buildd/openjdk-7-7u75-2.5.4/build/openjdk/hotspot/src/share/vm/prims/jvm.cpp:1284
Event: 3.049 Thread 0xb6407c00 Threw 0x9dfc1eb0 at /build/buildd/openjdk-7-7u75-2.5.4/build/openjdk/hotspot/src/share/vm/prims/jvm.cpp:1284
Event: 3.984 Thread 0xb6407c00 Threw 0x9e663958 at /build/buildd/openjdk-7-7u75-2.5.4/build/openjdk/hotspot/src/share/vm/prims/jvm.cpp:1284
Event: 4.784 Thread 0xb6407c00 Threw 0x9e523d60 at /build/buildd/openjdk-7-7u75-2.5.4/build/openjdk/hotspot/src/share/vm/prims/jvm.cpp:1284
Event: 4.978 Thread 0xb6407c00 Implicit null exception at 0xb351f1aa to 0xb351f799
Event: 8.474 Thread 0xb6407c00 Implicit null exception at 0xb35f6198 to 0xb35f8215
Event: 8.537 Thread 0xb6407c00 Implicit null exception at 0xb3608d5c to 0xb360c671

Events (10 events):
Event: 8.410 Thread 0xb6407c00 DEOPT UNPACKING pc=0xb342cbc8 sp=0xb65fa9c8 mode 2
Event: 8.474 Thread 0xb6407c00 Uncommon trap: trap_request=0xfffffff4 fr.pc=0xb35f8220
Event: 8.474 Thread 0xb6407c00 DEOPT PACKING pc=0xb35f8220 sp=0xb65fac90
Event: 8.474 Thread 0xb6407c00 DEOPT UNPACKING pc=0xb342cbc8 sp=0xb65fabe0 mode 2
Event: 8.528 Thread 0x6ac2a800 flushing nmethod 0xb3500488
Event: 8.528 Thread 0x6ac2a800 flushing nmethod 0xb351eb48
Event: 8.537 Thread 0xb6407c00 Uncommon trap: trap_request=0xfffffff4 fr.pc=0xb360c694
Event: 8.537 Thread 0xb6407c00 DEOPT PACKING pc=0xb360c694 sp=0xb65faae0
Event: 8.537 Thread 0xb6407c00 DEOPT UNPACKING pc=0xb342cbc8 sp=0xb65faaac mode 2
Event: 8.649 Executing VM operation: ParallelGCFailedAllocation


Dynamic libraries:
08048000-08049000 r-xp 00000000 08:05 4983886    /usr/lib/jvm/java-7-openjdk-i386/jre/bin/java
08049000-0804a000 r--p 00000000 08:05 4983886    /usr/lib/jvm/java-7-openjdk-i386/jre/bin/java
0804a000-0804b000 rw-p 00001000 08:05 4983886    /usr/lib/jvm/java-7-openjdk-i386/jre/bin/java
08d53000-09633000 rw-p 00000000 00:00 0          [heap]
66a00000-66afe000 rw-p 00000000 00:00 0 
66afe000-66b00000 ---p 00000000 00:00 0 
66c00000-66d00000 rw-p 00000000 00:00 0 
66e00000-66efe000 rw-p 00000000 00:00 0 
66efe000-66f00000 ---p 00000000 00:00 0 
67000000-670e8000 rw-p 00000000 00:00 0 
670e8000-67100000 ---p 00000000 00:00 0 
67200000-672fe000 rw-p 00000000 00:00 0 
672fe000-67300000 ---p 00000000 00:00 0 
67400000-674fe000 rw-p 00000000 00:00 0 
674fe000-67500000 ---p 00000000 00:00 0 
67600000-6763b000 rw-p 00000000 00:00 0 
6763b000-67700000 ---p 00000000 00:00 0 
677d3000-6780d000 r-xp 00000000 08:05 3802088    /lib/i386-linux-gnu/libpcre.so.3.12.1
6780d000-6780e000 r--p 00039000 08:05 3802088    /lib/i386-linux-gnu/libpcre.so.3.12.1
6780e000-6780f000 rw-p 0003a000 08:05 3802088    /lib/i386-linux-gnu/libpcre.so.3.12.1
6780f000-67814000 r-xp 00000000 08:05 4985471    /usr/lib/i386-linux-gnu/libffi.so.6.0.0
67814000-67815000 r--p 00004000 08:05 4985471    /usr/lib/i386-linux-gnu/libffi.so.6.0.0
67815000-67816000 rw-p 00005000 08:05 4985471    /usr/lib/i386-linux-gnu/libffi.so.6.0.0
67816000-67829000 r-xp 00000000 08:05 3802099    /lib/i386-linux-gnu/libresolv-2.15.so
67829000-6782a000 ---p 00013000 08:05 3802099    /lib/i386-linux-gnu/libresolv-2.15.so
6782a000-6782b000 r--p 00013000 08:05 3802099    /lib/i386-linux-gnu/libresolv-2.15.so
6782b000-6782c000 rw-p 00014000 08:05 3802099    /lib/i386-linux-gnu/libresolv-2.15.so
6782c000-6782e000 rw-p 00000000 00:00 0 
6782e000-6784b000 r-xp 00000000 08:05 3802103    /lib/i386-linux-gnu/libselinux.so.1
6784b000-6784c000 r--p 0001c000 08:05 3802103    /lib/i386-linux-gnu/libselinux.so.1
6784c000-6784d000 rw-p 0001d000 08:05 3802103    /lib/i386-linux-gnu/libselinux.so.1
6784d000-67850000 r-xp 00000000 08:05 4985518    /usr/lib/i386-linux-gnu/libgmodule-2.0.so.0.3200.3
67850000-67851000 r--p 00002000 08:05 4985518    /usr/lib/i386-linux-gnu/libgmodule-2.0.so.0.3200.3
67851000-67852000 rw-p 00003000 08:05 4985518    /usr/lib/i386-linux-gnu/libgmodule-2.0.so.0.3200.3
67852000-67949000 r-xp 00000000 08:05 3802040    /lib/i386-linux-gnu/libglib-2.0.so.0.3200.3
67949000-6794a000 r--p 000f6000 08:05 3802040    /lib/i386-linux-gnu/libglib-2.0.so.0.3200.3
6794a000-6794b000 rw-p 000f7000 08:05 3802040    /lib/i386-linux-gnu/libglib-2.0.so.0.3200.3
6794b000-67998000 r-xp 00000000 08:05 4985532    /usr/lib/i386-linux-gnu/libgobject-2.0.so.0.3200.3
67998000-67999000 r--p 0004c000 08:05 4985532    /usr/lib/i386-linux-gnu/libgobject-2.0.so.0.3200.3
67999000-6799a000 rw-p 0004d000 08:05 4985532    /usr/lib/i386-linux-gnu/libgobject-2.0.so.0.3200.3
6799a000-67aed000 r-xp 00000000 08:05 4985508    /usr/lib/i386-linux-gnu/libgio-2.0.so.0.3200.3
67aed000-67aef000 r--p 00153000 08:05 4985508    /usr/lib/i386-linux-gnu/libgio-2.0.so.0.3200.3
67aef000-67af0000 rw-p 00155000 08:05 4985508    /usr/lib/i386-linux-gnu/libgio-2.0.so.0.3200.3
67af0000-67af1000 rw-p 00000000 00:00 0 
67b03000-67b1a000 r-xp 00000000 08:05 4989135    /usr/lib/jvm/java-7-openjdk-i386/jre/lib/i386/libnet.so
67b1a000-67b1b000 r--p 00016000 08:05 4989135    /usr/lib/jvm/java-7-openjdk-i386/jre/lib/i386/libnet.so
67b1b000-67b1c000 rw-p 00017000 08:05 4989135    /usr/lib/jvm/java-7-openjdk-i386/jre/lib/i386/libnet.so
67b1c000-67b2d000 r-xp 00000000 08:05 4989121    /usr/lib/jvm/java-7-openjdk-i386/jre/lib/i386/libnio.so
67b2d000-67b2e000 r--p 00010000 08:05 4989121    /usr/lib/jvm/java-7-openjdk-i386/jre/lib/i386/libnio.so
67b2e000-67b2f000 rw-p 00011000 08:05 4989121    /usr/lib/jvm/java-7-openjdk-i386/jre/lib/i386/libnio.so
67b2f000-67b3e000 r--s 000dd000 08:06 21369266   /home/ankit/Ankitt Data/ECLIPSE/sdk/build-tools/22.0.1/lib/dx.jar
67b3e000-67b3f000 ---p 00000000 00:00 0 
67b3f000-67bbf000 rw-p 00000000 00:00 0 
67bbf000-67bc2000 ---p 00000000 00:00 0 
67bc2000-67c10000 rw-p 00000000 00:00 0 
67c10000-67c13000 ---p 00000000 00:00 0 
67c13000-67c91000 rw-p 00000000 00:00 0 
67c91000-67c94000 ---p 00000000 00:00 0 
67c94000-67d12000 rw-p 00000000 00:00 0 
67d12000-67d15000 ---p 00000000 00:00 0 
67d15000-67d63000 rw-p 00000000 00:00 0 
67d63000-67f63000 r--p 00000000 08:05 4988066    /usr/lib/locale/locale-archive
67f63000-67f66000 ---p 00000000 00:00 0 
67f66000-67fb4000 rw-p 00000000 00:00 0 
67fb4000-67fb7000 ---p 00000000 00:00 0 
67fb7000-68005000 rw-p 00000000 00:00 0 
68005000-68006000 ---p 00000000 00:00 0 
68006000-680cf000 rw-p 00000000 00:00 0 
680cf000-68280000 r--s 01d23000 08:05 4989042    /usr/lib/jvm/java-7-openjdk-i386/jre/lib/rt.jar
68280000-6ab00000 rw-p 00000000 00:00 0 
6ab00000-6abfb000 rw-p 00000000 00:00 0 
6abfb000-6ac00000 ---p 00000000 00:00 0 
6ac00000-6ad00000 rw-p 00000000 00:00 0 
6ad00000-6ad21000 rw-p 00000000 00:00 0 
6ad21000-6ae00000 ---p 00000000 00:00 0 
6ae00000-6ae0b000 r--s 00079000 08:06 4459388    /home/ankit/Traafik latest/TraafikAppLatest/app/build/intermediates/exploded-aar/com.google.android.gms/play-services-analytics/7.5.0/jars/classes.jar
6ae0b000-6ae0c000 r--s 00007000 08:05 5246941    /usr/share/java/java-atk-wrapper.jar
6ae0c000-6ae67000 rw-p 00000000 00:00 0 
6ae67000-6ae68000 ---p 00000000 00:00 0 
6ae68000-6aee8000 rw-p 00000000 00:00 0 
6aee8000-6aee9000 ---p 00000000 00:00 0 
6aee9000-6af71000 rw-p 00000000 00:00 0 
6af71000-6afa9000 rw-p 00000000 00:00 0 
6afa9000-6afbe000 rw-p 00000000 00:00 0 
6afbe000-6b0ff000 rw-p 00000000 00:00 0 
6b0ff000-6b107000 rw-p 00000000 00:00 0 
6b107000-6b13f000 rw-p 00000000 00:00 0 
6b13f000-6b154000 rw-p 00000000 00:00 0 
6b154000-6b294000 rw-p 00000000 00:00 0 
6b294000-6b2bc000 rw-p 00000000 00:00 0 
6b2bc000-6b33f000 rw-p 00000000 00:00 0 
6b33f000-6c340000 rw-p 00000000 00:00 0 
6c340000-73340000 rw-p 00000000 00:00 0 
73340000-75c00000 rw-p 00000000 00:00 0 
75c00000-9ddc0000 rw-p 00000000 00:00 0 
9ddc0000-a2cc0000 rw-p 00000000 00:00 0 
a7340000-b3340000 rw-p 00000000 00:00 0 
b3340000-b3349000 rw-p 00000000 00:00 0 
b3349000-b3400000 rw-p 00000000 00:00 0 
b3400000-b3640000 rwxp 00000000 00:00 0 
b3640000-b64fd000 rw-p 00000000 00:00 0 
b64fd000-b6500000 ---p 00000000 00:00 0 
b6500000-b6503000 r--s 0000f000 08:05 4989079    /usr/lib/jvm/java-7-openjdk-i386/jre/lib/ext/icedtea-sound.jar
b6503000-b6505000 r--s 00012000 08:05 4989084    /usr/lib/jvm/java-7-openjdk-i386/jre/lib/ext/zipfs.jar
b6505000-b6509000 r--s 00034000 08:05 4989083    /usr/lib/jvm/java-7-openjdk-i386/jre/lib/ext/sunjce_provider.jar
b6509000-b650d000 r--s 0003c000 08:05 4989081    /usr/lib/jvm/java-7-openjdk-i386/jre/lib/ext/sunpkcs11.jar
b650d000-b6510000 r--s 00086000 08:05 4989082    /usr/lib/jvm/java-7-openjdk-i386/jre/lib/ext/localedata.jar
b6510000-b652b000 rw-p 00000000 00:00 0 
b652b000-b6536000 r-xp 00000000 08:05 3802066    /lib/i386-linux-gnu/libnss_files-2.15.so
b6536000-b6537000 r--p 0000a000 08:05 3802066    /lib/i386-linux-gnu/libnss_files-2.15.so
b6537000-b6538000 rw-p 0000b000 08:05 3802066    /lib/i386-linux-gnu/libnss_files-2.15.so
b6538000-b6542000 r-xp 00000000 08:05 3802070    /lib/i386-linux-gnu/libnss_nis-2.15.so
b6542000-b6543000 r--p 00009000 08:05 3802070    /lib/i386-linux-gnu/libnss_nis-2.15.so
b6543000-b6544000 rw-p 0000a000 08:05 3802070    /lib/i386-linux-gnu/libnss_nis-2.15.so
b6544000-b655a000 r-xp 00000000 08:05 3802060    /lib/i386-linux-gnu/libnsl-2.15.so
b655a000-b655b000 r--p 00015000 08:05 3802060    /lib/i386-linux-gnu/libnsl-2.15.so
b655b000-b655c000 rw-p 00016000 08:05 3802060    /lib/i386-linux-gnu/libnsl-2.15.so
b655c000-b655e000 rw-p 00000000 00:00 0 
b655e000-b6565000 r-xp 00000000 08:05 3802062    /lib/i386-linux-gnu/libnss_compat-2.15.so
b6565000-b6566000 r--p 00006000 08:05 3802062    /lib/i386-linux-gnu/libnss_compat-2.15.so
b6566000-b6567000 rw-p 00007000 08:05 3802062    /lib/i386-linux-gnu/libnss_compat-2.15.so
b6567000-b656f000 r-xp 00000000 08:05 4989114    /usr/lib/jvm/java-7-openjdk-i386/jre/lib/i386/libzip.so
b656f000-b6570000 r--p 00007000 08:05 4989114    /usr/lib/jvm/java-7-openjdk-i386/jre/lib/i386/libzip.so
b6570000-b6571000 rw-p 00008000 08:05 4989114    /usr/lib/jvm/java-7-openjdk-i386/jre/lib/i386/libzip.so
b6571000-b6579000 rw-s 00000000 08:05 145384     /tmp/hsperfdata_ankit/8183
b6579000-b65a0000 r-xp 00000000 08:05 4989134    /usr/lib/jvm/java-7-openjdk-i386/jre/lib/i386/libjava.so
b65a0000-b65a1000 r--p 00026000 08:05 4989134    /usr/lib/jvm/java-7-openjdk-i386/jre/lib/i386/libjava.so
b65a1000-b65a2000 rw-p 00027000 08:05 4989134    /usr/lib/jvm/java-7-openjdk-i386/jre/lib/i386/libjava.so
b65a2000-b65a9000 r-xp 00000000 08:05 3802101    /lib/i386-linux-gnu/librt-2.15.so
b65a9000-b65aa000 r--p 00006000 08:05 3802101    /lib/i386-linux-gnu/librt-2.15.so
b65aa000-b65ab000 rw-p 00007000 08:05 3802101    /lib/i386-linux-gnu/librt-2.15.so
b65ab000-b65ae000 ---p 00000000 00:00 0 
b65ae000-b65fc000 rw-p 00000000 00:00 0 
b65fc000-b6618000 r-xp 00000000 08:05 3802036    /lib/i386-linux-gnu/libgcc_s.so.1
b6618000-b6619000 r--p 0001b000 08:05 3802036    /lib/i386-linux-gnu/libgcc_s.so.1
b6619000-b661a000 rw-p 0001c000 08:05 3802036    /lib/i386-linux-gnu/libgcc_s.so.1
b661a000-b6644000 r-xp 00000000 08:05 3802047    /lib/i386-linux-gnu/libm-2.15.so
b6644000-b6645000 r--p 00029000 08:05 3802047    /lib/i386-linux-gnu/libm-2.15.so
b6645000-b6646000 rw-p 0002a000 08:05 3802047    /lib/i386-linux-gnu/libm-2.15.so
b6646000-b671e000 r-xp 00000000 08:05 4985813    /usr/lib/i386-linux-gnu/libstdc++.so.6.0.16
b671e000-b671f000 ---p 000d8000 08:05 4985813    /usr/lib/i386-linux-gnu/libstdc++.so.6.0.16
b671f000-b6723000 r--p 000d8000 08:05 4985813    /usr/lib/i386-linux-gnu/libstdc++.so.6.0.16
b6723000-b6724000 rw-p 000dc000 08:05 4985813    /usr/lib/i386-linux-gnu/libstdc++.so.6.0.16
b6724000-b672b000 rw-p 00000000 00:00 0 
b672b000-b70ed000 r-xp 00000000 08:05 4989140    /usr/lib/jvm/java-7-openjdk-i386/jre/lib/i386/server/libjvm.so
b70ed000-b7142000 r--p 009c2000 08:05 4989140    /usr/lib/jvm/java-7-openjdk-i386/jre/lib/i386/server/libjvm.so
b7142000-b7156000 rw-p 00a17000 08:05 4989140    /usr/lib/jvm/java-7-openjdk-i386/jre/lib/i386/server/libjvm.so
b7156000-b7574000 rw-p 00000000 00:00 0 
b7574000-b7588000 r-xp 00000000 08:05 3802126    /lib/i386-linux-gnu/libz.so.1.2.3.4
b7588000-b7589000 r--p 00013000 08:05 3802126    /lib/i386-linux-gnu/libz.so.1.2.3.4
b7589000-b758a000 rw-p 00014000 08:05 3802126    /lib/i386-linux-gnu/libz.so.1.2.3.4
b758a000-b75a1000 r-xp 00000000 08:05 3802095    /lib/i386-linux-gnu/libpthread-2.15.so
b75a1000-b75a2000 r--p 00016000 08:05 3802095    /lib/i386-linux-gnu/libpthread-2.15.so
b75a2000-b75a3000 rw-p 00017000 08:05 3802095    /lib/i386-linux-gnu/libpthread-2.15.so
b75a3000-b75a5000 rw-p 00000000 00:00 0 
b75a5000-b75a8000 r-xp 00000000 08:05 3802028    /lib/i386-linux-gnu/libdl-2.15.so
b75a8000-b75a9000 r--p 00002000 08:05 3802028    /lib/i386-linux-gnu/libdl-2.15.so
b75a9000-b75aa000 rw-p 00003000 08:05 3802028    /lib/i386-linux-gnu/libdl-2.15.so
b75aa000-b7749000 r-xp 00000000 08:05 3802015    /lib/i386-linux-gnu/libc-2.15.so
b7749000-b774b000 r--p 0019f000 08:05 3802015    /lib/i386-linux-gnu/libc-2.15.so
b774b000-b774c000 rw-p 001a1000 08:05 3802015    /lib/i386-linux-gnu/libc-2.15.so
b774c000-b774f000 rw-p 00000000 00:00 0 
b774f000-b7750000 r--s 00002000 08:05 4989080    /usr/lib/jvm/java-7-openjdk-i386/jre/lib/ext/dnsns.jar
b7750000-b7751000 r--p 005db000 08:05 4988066    /usr/lib/locale/locale-archive
b7751000-b7752000 rw-p 00000000 00:00 0 
b7752000-b7753000 ---p 00000000 00:00 0 
b7753000-b775f000 r-xp 00000000 08:05 4989131    /usr/lib/jvm/java-7-openjdk-i386/jre/lib/i386/libverify.so
b775f000-b7760000 r--p 0000b000 08:05 4989131    /usr/lib/jvm/java-7-openjdk-i386/jre/lib/i386/libverify.so
b7760000-b7761000 rw-p 0000c000 08:05 4989131    /usr/lib/jvm/java-7-openjdk-i386/jre/lib/i386/libverify.so
b7761000-b776e000 r-xp 00000000 08:05 4989106    /usr/lib/jvm/java-7-openjdk-i386/jre/lib/i386/jli/libjli.so
b776e000-b776f000 r--p 0000c000 08:05 4989106    /usr/lib/jvm/java-7-openjdk-i386/jre/lib/i386/jli/libjli.so
b776f000-b7770000 rw-p 0000d000 08:05 4989106    /usr/lib/jvm/java-7-openjdk-i386/jre/lib/i386/jli/libjli.so
b7770000-b7773000 rw-p 00000000 00:00 0 
b7773000-b7774000 r-xp 00000000 00:00 0          [vdso]
b7774000-b7794000 r-xp 00000000 08:05 3801995    /lib/i386-linux-gnu/ld-2.15.so
b7794000-b7795000 r--p 0001f000 08:05 3801995    /lib/i386-linux-gnu/ld-2.15.so
b7795000-b7796000 rw-p 00020000 08:05 3801995    /lib/i386-linux-gnu/ld-2.15.so
bfe33000-bfe34000 rwxp 00000000 00:00 0 
bfe66000-bfe87000 rw-p 00000000 00:00 0          [stack]

VM Arguments:
jvm_args: -Xmx1024M -Dfile.encoding=UTF-8 -Duser.country=IN -Duser.language=en -Duser.variant 
java_command: com.android.dx.command.Main --dex --output /home/ankit/Traafik latest/TraafikAppLatest/app/build/intermediates/pre-dexed/debug/classes-60a7eb5bedd3ac059a03773ecb9be5aae7d1c35b.jar /home/ankit/Traafik latest/TraafikAppLatest/app/build/intermediates/exploded-aar/com.google.android.gms/play-services-analytics/7.5.0/jars/classes.jar
Launcher Type: SUN_STANDARD

Environment Variables:
PATH=/usr/lib/lightdm/lightdm:/usr/local/sbin:/usr/local/bin:/usr/sbin:/usr/bin:/sbin:/bin:/usr/games
LD_LIBRARY_PATH=/home/ankit/Android studio/android-studio/bin:
SHELL=/bin/bash
DISPLAY=:0.0

Signal Handlers:
SIGSEGV: [libjvm.so+0x80b550], sa_mask[0]=0x7ffbfeff, sa_flags=0x10000004
SIGBUS: [libjvm.so+0x80b550], sa_mask[0]=0x7ffbfeff, sa_flags=0x10000004
SIGFPE: [libjvm.so+0x6753e0], sa_mask[0]=0x7ffbfeff, sa_flags=0x10000004
SIGPIPE: [libjvm.so+0x6753e0], sa_mask[0]=0x7ffbfeff, sa_flags=0x10000004
SIGXFSZ: [libjvm.so+0x6753e0], sa_mask[0]=0x7ffbfeff, sa_flags=0x10000004
SIGILL: [libjvm.so+0x6753e0], sa_mask[0]=0x7ffbfeff, sa_flags=0x10000004
SIGUSR1: SIG_DFL, sa_mask[0]=0x00000000, sa_flags=0x00000000
SIGUSR2: [libjvm.so+0x675690], sa_mask[0]=0x00000004, sa_flags=0x10000004
SIGHUP: [libjvm.so+0x675850], sa_mask[0]=0x7ffbfeff, sa_flags=0x10000004
SIGINT: [libjvm.so+0x675850], sa_mask[0]=0x7ffbfeff, sa_flags=0x10000004
SIGTERM: [libjvm.so+0x675850], sa_mask[0]=0x7ffbfeff, sa_flags=0x10000004
SIGQUIT: [libjvm.so+0x675850], sa_mask[0]=0x7ffbfeff, sa_flags=0x10000004
SIGTRAP: SIG_DFL, sa_mask[0]=0x00000000, sa_flags=0x00000000


---------------  S Y S T E M  ---------------

OS:Ubuntu 12.04 (precise)
uname:Linux 3.2.0-29-generic-pae #46-Ubuntu SMP Fri Jul 27 17:25:43 UTC 2012 i686
libc:glibc 2.15 NPTL 2.15 
rlimit: STACK 8192k, CORE 0k, NPROC 31169, NOFILE 4096, AS infinity
load average:4.25 1.72 1.19

/proc/meminfo:
MemTotal:        4004304 kB
MemFree:          158460 kB
Buffers:            7892 kB
Cached:           557272 kB
SwapCached:            0 kB
Active:          3435488 kB
Inactive:         329396 kB
Active(anon):    3367484 kB
Inactive(anon):   268252 kB
Active(file):      68004 kB
Inactive(file):    61144 kB
Unevictable:          32 kB
Mlocked:              32 kB
HighTotal:       3159312 kB
HighFree:            480 kB
LowTotal:         844992 kB
LowFree:          157980 kB
SwapTotal:             0 kB
SwapFree:              0 kB
Dirty:             12356 kB
Writeback:             0 kB
AnonPages:       3200076 kB
Mapped:            91360 kB
Shmem:            435888 kB
Slab:              40168 kB
SReclaimable:      20784 kB
SUnreclaim:        19384 kB
KernelStack:        4792 kB
PageTables:        20568 kB
NFS_Unstable:          0 kB
Bounce:                0 kB
WritebackTmp:          0 kB
CommitLimit:     2002152 kB
Committed_AS:    7581484 kB
VmallocTotal:     122880 kB
VmallocUsed:       15048 kB
VmallocChunk:     106800 kB
HardwareCorrupted:     0 kB
AnonHugePages:         0 kB
HugePages_Total:       0
HugePages_Free:        0
HugePages_Rsvd:        0
HugePages_Surp:        0
Hugepagesize:       2048 kB
DirectMap4k:       10232 kB
DirectMap2M:      903168 kB


CPU:total 2 (2 cores per cpu, 1 threads per core) family 6 model 58 stepping 9, cmov, cx8, fxsr, mmx, sse, sse2, sse3, ssse3, sse4.1, sse4.2, popcnt, erms, tsc, tscinvbit, tscinv

/proc/cpuinfo:
processor	: 0
vendor_id	: GenuineIntel
cpu family	: 6
model		: 58
model name	: Intel(R) Pentium(R) CPU G2030 @ 3.00GHz
stepping	: 9
microcode	: 0x17
cpu MHz		: 3000.000
cache size	: 3072 KB
physical id	: 0
siblings	: 2
core id		: 0
cpu cores	: 2
apicid		: 0
initial apicid	: 0
fdiv_bug	: no
hlt_bug		: no
f00f_bug	: no
coma_bug	: no
fpu		: yes
fpu_exception	: yes
cpuid level	: 13
wp		: yes
flags		: fpu vme de pse tsc msr pae mce cx8 apic sep mtrr pge mca cmov pat pse36 clflush dts acpi mmx fxsr sse sse2 ss ht tm pbe nx rdtscp lm constant_tsc arch_perfmon pebs bts xtopology nonstop_tsc aperfmperf pni pclmulqdq dtes64 monitor ds_cpl vmx est tm2 ssse3 cx16 xtpr pdcm pcid sse4_1 sse4_2 popcnt tsc_deadline_timer xsave lahf_lm arat epb xsaveopt pln pts dtherm tpr_shadow vnmi flexpriority ept vpid fsgsbase smep erms
bogomips	: 5986.59
clflush size	: 64
cache_alignment	: 64
address sizes	: 36 bits physical, 48 bits virtual
power management:

processor	: 1
vendor_id	: GenuineIntel
cpu family	: 6
model		: 58
model name	: Intel(R) Pentium(R) CPU G2030 @ 3.00GHz
stepping	: 9
microcode	: 0x17
cpu MHz		: 3000.000
cache size	: 3072 KB
physical id	: 0
siblings	: 2
core id		: 1
cpu cores	: 2
apicid		: 2
initial apicid	: 2
fdiv_bug	: no
hlt_bug		: no
f00f_bug	: no
coma_bug	: no
fpu		: yes
fpu_exception	: yes
cpuid level	: 13
wp		: yes
flags		: fpu vme de pse tsc msr pae mce cx8 apic sep mtrr pge mca cmov pat pse36 clflush dts acpi mmx fxsr sse sse2 ss ht tm pbe nx rdtscp lm constant_tsc arch_perfmon pebs bts xtopology nonstop_tsc aperfmperf pni pclmulqdq dtes64 monitor ds_cpl vmx est tm2 ssse3 cx16 xtpr pdcm pcid sse4_1 sse4_2 popcnt tsc_deadline_timer xsave lahf_lm arat epb xsaveopt pln pts dtherm tpr_shadow vnmi flexpriority ept vpid fsgsbase smep erms
bogomips	: 5986.36
clflush size	: 64
cache_alignment	: 64
address sizes	: 36 bits physical, 48 bits virtual
power management:



Memory: 4k page, physical 4004304k(158460k free), swap 0k(0k free)

vm_info: OpenJDK Server VM (24.75-b04) for linux-x86 JRE (1.7.0_75-b13), built on Jan 27 2015 16:24:35 by "buildd" with gcc 4.6.3

time: Wed Jul 15 12:35:35 2015
elapsed time: 8 seconds

