#
# There is insufficient memory for the Java Runtime Environment to continue.
# Native memory allocation (malloc) failed to allocate 41680896 bytes for committing reserved memory.
# Possible reasons:
#   The system is out of physical RAM or swap space
#   In 32 bit mode, the process size limit was hit
# Possible solutions:
#   Reduce memory load on the system
#   Increase physical memory or swap space
#   Check if swap backing store is full
#   Use 64 bit Java on a 64 bit OS
#   Decrease Java heap size (-Xmx/-Xms)
#   Decrease number of Java threads
#   Decrease Java thread stack sizes (-Xss)
#   Set larger code cache with -XX:ReservedCodeCacheSize=
# This output file may be truncated or incomplete.
#
#  Out of Memory Error (os_linux.cpp:2798), pid=21451, tid=1745378112
#
# JRE version: OpenJDK Runtime Environment (7.0_75-b13) (build 1.7.0_75-b13)
# Java VM: OpenJDK Server VM (24.75-b04 mixed mode linux-x86 )
# Derivative: IcedTea 2.5.4
# Distribution: Ubuntu 12.04 LTS, package 7u75-2.5.4-1~precise1
# Failed to write core dump. Core dumps have been disabled. To enable core dumping, try "ulimit -c unlimited" before starting Java again
#

---------------  T H R E A D  ---------------

Current thread (0x67f10400):  VMThread [stack: 0x68005000,0x68086000] [id=21458]

Stack: [0x68005000,0x68086000]
[error occurred during error reporting (printing stack bounds), id 0xb]

VM_Operation (0xb6586948): ParallelGCFailedAllocation, mode: safepoint, requested by thread 0xb6407c00


---------------  P R O C E S S  ---------------

Java Threads: ( => current thread )
  0x67f2c400 JavaThread "Service Thread" daemon [_thread_blocked, id=21464, stack(0x67b0b000,0x67b5c000)]
  0x67f2a800 JavaThread "C2 CompilerThread1" daemon [_thread_blocked, id=21463, stack(0x67b5c000,0x67bdd000)]
  0x67f28800 JavaThread "C2 CompilerThread0" daemon [_thread_blocked, id=21462, stack(0x67bdd000,0x67c5e000)]
  0x67f26c00 JavaThread "Signal Dispatcher" daemon [_thread_blocked, id=21461, stack(0x67c5e000,0x67caf000)]
  0x67f14400 JavaThread "Finalizer" daemon [_thread_blocked, id=21460, stack(0x67eaf000,0x67f00000)]
  0x67f12800 JavaThread "Reference Handler" daemon [_thread_blocked, id=21459, stack(0x6ac2e000,0x6ac7f000)]
  0xb6407c00 JavaThread "main" [_thread_blocked, id=21454, stack(0xb6537000,0xb6588000)]

Other Threads:
=>0x67f10400 VMThread [stack: 0x68005000,0x68086000] [id=21458]
  0x67f2e000 WatcherThread [stack: 0x67a8a000,0x67b0b000] [id=21465]

VM state:at safepoint (normal execution)

VM Mutex/Monitor currently owned by a thread:  ([mutex/lock_event])
[0xb6405248] Threads_lock - owner thread: 0x67f10400
[0xb6405658] Heap_lock - owner thread: 0xb6407c00

Heap
 PSYoungGen      total 215552K, used 41069K [0x9dd40000, 0xaf900000, 0xb32c0000)
  eden space 148480K, 0% used [0x9dd40000,0x9dd40000,0xa6e40000)
  from space 67072K, 61% used [0xa6e40000,0xa965b540,0xaafc0000)
  to   space 64256K, 0% used [0xaafc0000,0xaafc0000,0xaee80000)
 ParOldGen       total 130048K, used 100710K [0x732c0000, 0x7b1c0000, 0x9dd40000)
  object space 130048K, 77% used [0x732c0000,0x795198b0,0x7b1c0000)
 PSPermGen       total 16384K, used 4003K [0x6b2c0000, 0x6c2c0000, 0x732c0000)
  object space 16384K, 24% used [0x6b2c0000,0x6b6a8f08,0x6c2c0000)

Card table byte_map: [0x6b07f000,0x6b2c0000] byte_map_base: 0x6ad25a00

Polling page: 0xb76de000

Code Cache  [0xb33b2000, 0xb3632000, 0xb63b2000)
 total_blobs=796 nmethods=677 adapters=73 free_code_cache=46708Kb largest_free_block=47712768

Compilation events (10 events):
Event: 10.708 Thread 0x67f2a800  685             com.android.dx.rop.code.RegisterSpec::equals (60 bytes)
Event: 10.709 Thread 0x67f2a800 nmethod 685 0xb361de88 code [0xb361df80, 0xb361e01c]
Event: 10.844 Thread 0x67f28800  686             com.android.dx.ssa.SsaConverter::placePhiFunctions (394 bytes)
Event: 10.968 Thread 0x67f2a800  687             com.android.dx.cf.direct.DirectClassFile::getConstantPool (9 bytes)
Event: 10.969 Thread 0x67f2a800 nmethod 687 0xb3487808 code [0xb3487900, 0xb34879bc]
Event: 11.008 Thread 0x67f28800 nmethod 686 0xb362c608 code [0xb362c900, 0xb362eb64]
Event: 11.338 Thread 0x67f2a800  688             com.android.dx.rop.cst.TypedConstant::getBasicFrameType (8 bytes)
Event: 11.338 Thread 0x67f2a800 nmethod 688 0xb3487588 code [0xb3487680, 0xb3487710]
Event: 11.342 Thread 0x67f2a800  689             com.android.dx.rop.code.Rops::pickBinaryOp (158 bytes)
Event: 11.345 Thread 0x67f2a800 nmethod 689 0xb360c888 code [0xb360c9a0, 0xb360cb9c]

GC Heap History (10 events):
Event: 8.964 GC heap after
Heap after GC invocations=10 (full 1):
 PSYoungGen      total 138240K, used 31473K [0x9dd40000, 0xabb00000, 0xb32c0000)
  eden space 106752K, 0% used [0x9dd40000,0x9dd40000,0xa4580000)
  from space 31488K, 99% used [0xa4580000,0xa643c7b0,0xa6440000)
  to   space 45312K, 0% used [0xa8ec0000,0xa8ec0000,0xabb00000)
 ParOldGen       total 104192K, used 77930K [0x732c0000, 0x79880000, 0x9dd40000)
  object space 104192K, 74% used [0x732c0000,0x77eda838,0x79880000)
 PSPermGen       total 16384K, used 3998K [0x6b2c0000, 0x6c2c0000, 0x732c0000)
  object space 16384K, 24% used [0x6b2c0000,0x6b6a7970,0x6c2c0000)
}
Event: 9.775 GC heap before
{Heap before GC invocations=11 (full 1):
 PSYoungGen      total 138240K, used 138225K [0x9dd40000, 0xabb00000, 0xb32c0000)
  eden space 106752K, 100% used [0x9dd40000,0xa4580000,0xa4580000)
  from space 31488K, 99% used [0xa4580000,0xa643c7b0,0xa6440000)
  to   space 45312K, 0% used [0xa8ec0000,0xa8ec0000,0xabb00000)
 ParOldGen       total 104192K, used 77930K [0x732c0000, 0x79880000, 0x9dd40000)
  object space 104192K, 74% used [0x732c0000,0x77eda838,0x79880000)
 PSPermGen       total 16384K, used 4000K [0x6b2c0000, 0x6c2c0000, 0x732c0000)
  object space 16384K, 24% used [0x6b2c0000,0x6b6a82a8,0x6c2c0000)
Event: 9.874 GC heap after
Heap after GC invocations=11 (full 1):
 PSYoungGen      total 164864K, used 45307K [0x9dd40000, 0xadf00000, 0xb32c0000)
  eden space 119552K, 0% used [0x9dd40000,0x9dd40000,0xa5200000)
  from space 45312K, 99% used [0xa8ec0000,0xabafeea0,0xabb00000)
  to   space 62208K, 0% used [0xa5200000,0xa5200000,0xa8ec0000)
 ParOldGen       total 104192K, used 102613K [0x732c0000, 0x79880000, 0x9dd40000)
  object space 104192K, 98% used [0x732c0000,0x796f5730,0x79880000)
 PSPermGen       total 16384K, used 4000K [0x6b2c0000, 0x6c2c0000, 0x732c0000)
  object space 16384K, 24% used [0x6b2c0000,0x6b6a82a8,0x6c2c0000)
}
Event: 9.874 GC heap before
{Heap before GC invocations=12 (full 2):
 PSYoungGen      total 164864K, used 45307K [0x9dd40000, 0xadf00000, 0xb32c0000)
  eden space 119552K, 0% used [0x9dd40000,0x9dd40000,0xa5200000)
  from space 45312K, 99% used [0xa8ec0000,0xabafeea0,0xabb00000)
  to   space 62208K, 0% used [0xa5200000,0xa5200000,0xa8ec0000)
 ParOldGen       total 104192K, used 102613K [0x732c0000, 0x79880000, 0x9dd40000)
  object space 104192K, 98% used [0x732c0000,0x796f5730,0x79880000)
 PSPermGen       total 16384K, used 4000K [0x6b2c0000, 0x6c2c0000, 0x732c0000)
  object space 16384K, 24% used [0x6b2c0000,0x6b6a82a8,0x6c2c0000)
Event: 10.104 GC heap after
Heap after GC invocations=12 (full 2):
 PSYoungGen      total 164864K, used 0K [0x9dd40000, 0xadf00000, 0xb32c0000)
  eden space 119552K, 0% used [0x9dd40000,0x9dd40000,0xa5200000)
  from space 45312K, 0% used [0xa8ec0000,0xa8ec0000,0xabb00000)
  to   space 62208K, 0% used [0xa5200000,0xa5200000,0xa8ec0000)
 ParOldGen       total 130048K, used 61512K [0x732c0000, 0x7b1c0000, 0x9dd40000)
  object space 130048K, 47% used [0x732c0000,0x76ed22e0,0x7b1c0000)
 PSPermGen       total 16384K, used 4000K [0x6b2c0000, 0x6c2c0000, 0x732c0000)
  object space 16384K, 24% used [0x6b2c0000,0x6b6a81c8,0x6c2c0000)
}
Event: 10.587 GC heap before
{Heap before GC invocations=13 (full 2):
 PSYoungGen      total 164864K, used 119552K [0x9dd40000, 0xadf00000, 0xb32c0000)
  eden space 119552K, 100% used [0x9dd40000,0xa5200000,0xa5200000)
  from space 45312K, 0% used [0xa8ec0000,0xa8ec0000,0xabb00000)
  to   space 62208K, 0% used [0xa5200000,0xa5200000,0xa8ec0000)
 ParOldGen       total 130048K, used 61512K [0x732c0000, 0x7b1c0000, 0x9dd40000)
  object space 130048K, 47% used [0x732c0000,0x76ed22e0,0x7b1c0000)
 PSPermGen       total 16384K, used 4002K [0x6b2c0000, 0x6c2c0000, 0x732c0000)
  object space 16384K, 24% used [0x6b2c0000,0x6b6a8b10,0x6c2c0000)
Event: 10.623 GC heap after
Heap after GC invocations=13 (full 2):
 PSYoungGen      total 181760K, used 38363K [0x9dd40000, 0xaee80000, 0xb32c0000)
  eden space 119552K, 0% used [0x9dd40000,0x9dd40000,0xa5200000)
  from space 62208K, 61% used [0xa5200000,0xa7776f70,0xa8ec0000)
  to   space 64256K, 0% used [0xaafc0000,0xaafc0000,0xaee80000)
 ParOldGen       total 130048K, used 61512K [0x732c0000, 0x7b1c0000, 0x9dd40000)
  object space 130048K, 47% used [0x732c0000,0x76ed22e0,0x7b1c0000)
 PSPermGen       total 16384K, used 4002K [0x6b2c0000, 0x6c2c0000, 0x732c0000)
  object space 16384K, 24% used [0x6b2c0000,0x6b6a8b10,0x6c2c0000)
}
Event: 10.869 GC heap before
{Heap before GC invocations=14 (full 2):
 PSYoungGen      total 181760K, used 157915K [0x9dd40000, 0xaee80000, 0xb32c0000)
  eden space 119552K, 100% used [0x9dd40000,0xa5200000,0xa5200000)
  from space 62208K, 61% used [0xa5200000,0xa7776f70,0xa8ec0000)
  to   space 64256K, 0% used [0xaafc0000,0xaafc0000,0xaee80000)
 ParOldGen       total 130048K, used 61512K [0x732c0000, 0x7b1c0000, 0x9dd40000)
  object space 130048K, 47% used [0x732c0000,0x76ed22e0,0x7b1c0000)
 PSPermGen       total 16384K, used 4003K [0x6b2c0000, 0x6c2c0000, 0x732c0000)
  object space 16384K, 24% used [0x6b2c0000,0x6b6a8f08,0x6c2c0000)
Event: 10.964 GC heap after
Heap after GC invocations=14 (full 2):
 PSYoungGen      total 212736K, used 42397K [0x9dd40000, 0xaf900000, 0xb32c0000)
  eden space 148480K, 0% used [0x9dd40000,0x9dd40000,0xa6e40000)
  from space 64256K, 65% used [0xaafc0000,0xad9277b8,0xaee80000)
  to   space 67072K, 0% used [0xa6e40000,0xa6e40000,0xaafc0000)
 ParOldGen       total 130048K, used 61512K [0x732c0000, 0x7b1c0000, 0x9dd40000)
  object space 130048K, 47% used [0x732c0000,0x76ed22e0,0x7b1c0000)
 PSPermGen       total 16384K, used 4003K [0x6b2c0000, 0x6c2c0000, 0x732c0000)
  object space 16384K, 24% used [0x6b2c0000,0x6b6a8f08,0x6c2c0000)
}
Event: 11.493 GC heap before
{Heap before GC invocations=15 (full 2):
 PSYoungGen      total 212736K, used 190877K [0x9dd40000, 0xaf900000, 0xb32c0000)
  eden space 148480K, 100% used [0x9dd40000,0xa6e40000,0xa6e40000)
  from space 64256K, 65% used [0xaafc0000,0xad9277b8,0xaee80000)
  to   space 67072K, 0% used [0xa6e40000,0xa6e40000,0xaafc0000)
 ParOldGen       total 130048K, used 61512K [0x732c0000, 0x7b1c0000, 0x9dd40000)
  object space 130048K, 47% used [0x732c0000,0x76ed22e0,0x7b1c0000)
 PSPermGen       total 16384K, used 4003K [0x6b2c0000, 0x6c2c0000, 0x732c0000)
  object space 16384K, 24% used [0x6b2c0000,0x6b6a8f08,0x6c2c0000)

Deoptimization events (10 events):
Event: 9.194 Thread 0xb6407c00 Uncommon trap: reason=predicate action=maybe_recompile pc=0xb350ac4c method=com.android.dx.ssa.back.InterferenceGraph.<init>(I)V @ 23
Event: 9.239 Thread 0xb6407c00 Uncommon trap: reason=class_check action=maybe_recompile pc=0xb35314dc method=com.android.dx.ssa.back.InterferenceGraph.mergeInterferenceSet(ILcom/android/dx/util/IntSet;)V @ 20
Event: 9.370 Thread 0xb6407c00 Uncommon trap: reason=class_check action=maybe_recompile pc=0xb3608ef8 method=com.android.dx.ssa.back.LivenessAnalyzer.liveOutAtStatement()V @ 14
Event: 9.371 Thread 0xb6407c00 Uncommon trap: reason=class_check action=maybe_recompile pc=0xb3608ef8 method=com.android.dx.ssa.back.LivenessAnalyzer.liveOutAtStatement()V @ 14
Event: 9.371 Thread 0xb6407c00 Uncommon trap: reason=class_check action=maybe_recompile pc=0xb3608ef8 method=com.android.dx.ssa.back.LivenessAnalyzer.liveOutAtStatement()V @ 14
Event: 9.371 Thread 0xb6407c00 Uncommon trap: reason=class_check action=maybe_recompile pc=0xb3608ef8 method=com.android.dx.ssa.back.LivenessAnalyzer.liveOutAtStatement()V @ 14
Event: 9.371 Thread 0xb6407c00 Uncommon trap: reason=class_check action=maybe_recompile pc=0xb35d4350 method=com.android.dx.ssa.back.LivenessAnalyzer.liveOutAtStatement()V @ 14
Event: 10.165 Thread 0xb6407c00 Uncommon trap: reason=class_check action=maybe_recompile pc=0xb34392a8 method=com.android.dx.ssa.SsaConverter.placePhiFunctions(Lcom/android/dx/ssa/SsaMethod;Lcom/android/dx/ssa/LocalVariableInfo;I)V @ 257
Event: 10.706 Thread 0xb6407c00 Uncommon trap: reason=class_check action=maybe_recompile pc=0xb34392a8 method=com.android.dx.ssa.SsaConverter.placePhiFunctions(Lcom/android/dx/ssa/SsaMethod;Lcom/android/dx/ssa/LocalVariableInfo;I)V @ 257
Event: 10.865 Thread 0xb6407c00 Uncommon trap: reason=class_check action=maybe_recompile pc=0xb351ea08 method=com.android.dx.cf.code.RopperMachine.run(Lcom/android/dx/cf/code/Frame;II)V @ 1024

Internal exceptions (10 events):
Event: 1.923 Thread 0xb6407c00 Threw 0x9ded3bc0 at /build/buildd/openjdk-7-7u75-2.5.4/build/openjdk/hotspot/src/share/vm/prims/jvm.cpp:1284
Event: 1.946 Thread 0xb6407c00 Threw 0x9df37708 at /build/buildd/openjdk-7-7u75-2.5.4/build/openjdk/hotspot/src/share/vm/prims/jvm.cpp:1284
Event: 2.592 Thread 0xb6407c00 Threw 0x9e5d31f0 at /build/buildd/openjdk-7-7u75-2.5.4/build/openjdk/hotspot/src/share/vm/prims/jvm.cpp:1284
Event: 2.940 Thread 0xb6407c00 Implicit null exception at 0xb34ca5aa to 0xb34cab99
Event: 3.012 Thread 0xb6407c00 Threw 0x9e48a480 at /build/buildd/openjdk-7-7u75-2.5.4/build/openjdk/hotspot/src/share/vm/prims/jvm.cpp:1284
Event: 6.244 Thread 0xb6407c00 Implicit null exception at 0xb34abb4c to 0xb34ace59
Event: 6.322 Thread 0xb6407c00 Implicit null exception at 0xb35a56f0 to 0xb35a8ff5
Event: 6.323 Thread 0xb6407c00 Threw 0x9ed38290 at /build/buildd/openjdk-7-7u75-2.5.4/build/openjdk/hotspot/src/share/vm/prims/jvm.cpp:1284
Event: 7.839 Thread 0xb6407c00 Threw 0x9fabdbb8 at /build/buildd/openjdk-7-7u75-2.5.4/build/openjdk/hotspot/src/share/vm/prims/jvm.cpp:1284
Event: 7.855 Thread 0xb6407c00 Threw 0x9fb86100 at /build/buildd/openjdk-7-7u75-2.5.4/build/openjdk/hotspot/src/share/vm/prims/jvm.cpp:1284

Events (10 events):
Event: 10.706 Thread 0xb6407c00 Uncommon trap: trap_request=0xffffffde fr.pc=0xb34392a8
Event: 10.706 Thread 0xb6407c00 DEOPT PACKING pc=0xb34392a8 sp=0xb6586aa0
Event: 10.706 Thread 0xb6407c00 DEOPT UNPACKING pc=0xb33debc8 sp=0xb6586aa8 mode 2
Event: 10.865 Thread 0xb6407c00 Uncommon trap: trap_request=0xffffffde fr.pc=0xb351ea08
Event: 10.865 Thread 0xb6407c00 DEOPT PACKING pc=0xb351ea08 sp=0xb65869d0
Event: 10.865 Thread 0xb6407c00 DEOPT UNPACKING pc=0xb33debc8 sp=0xb65869ac mode 2
Event: 10.869 Executing VM operation: ParallelGCFailedAllocation
Event: 10.964 Executing VM operation: ParallelGCFailedAllocation done
Event: 11.338 Thread 0x67f2a800 flushing nmethod 0xb357da48
Event: 11.493 Executing VM operation: ParallelGCFailedAllocation


Dynamic libraries:
08048000-08049000 r-xp 00000000 08:05 4983886    /usr/lib/jvm/java-7-openjdk-i386/jre/bin/java
08049000-0804a000 r--p 00000000 08:05 4983886    /usr/lib/jvm/java-7-openjdk-i386/jre/bin/java
0804a000-0804b000 rw-p 00001000 08:05 4983886    /usr/lib/jvm/java-7-openjdk-i386/jre/bin/java
08f3c000-09638000 rw-p 00000000 00:00 0          [heap]
66a00000-66ac6000 rw-p 00000000 00:00 0 
66ac6000-66b00000 ---p 00000000 00:00 0 
66c00000-66cef000 rw-p 00000000 00:00 0 
66cef000-66d00000 ---p 00000000 00:00 0 
66d00000-66df6000 rw-p 00000000 00:00 0 
66df6000-66e00000 ---p 00000000 00:00 0 
66e00000-66f00000 rw-p 00000000 00:00 0 
67000000-670fe000 rw-p 00000000 00:00 0 
670fe000-67100000 ---p 00000000 00:00 0 
67200000-672ff000 rw-p 00000000 00:00 0 
672ff000-67300000 ---p 00000000 00:00 0 
67400000-67429000 rw-p 00000000 00:00 0 
67429000-67500000 ---p 00000000 00:00 0 
67500000-675e9000 rw-p 00000000 00:00 0 
675e9000-67600000 ---p 00000000 00:00 0 
67600000-676fc000 rw-p 00000000 00:00 0 
676fc000-67700000 ---p 00000000 00:00 0 
6774d000-67787000 r-xp 00000000 08:05 3802088    /lib/i386-linux-gnu/libpcre.so.3.12.1
67787000-67788000 r--p 00039000 08:05 3802088    /lib/i386-linux-gnu/libpcre.so.3.12.1
67788000-67789000 rw-p 0003a000 08:05 3802088    /lib/i386-linux-gnu/libpcre.so.3.12.1
67789000-6779c000 r-xp 00000000 08:05 3802099    /lib/i386-linux-gnu/libresolv-2.15.so
6779c000-6779d000 ---p 00013000 08:05 3802099    /lib/i386-linux-gnu/libresolv-2.15.so
6779d000-6779e000 r--p 00013000 08:05 3802099    /lib/i386-linux-gnu/libresolv-2.15.so
6779e000-6779f000 rw-p 00014000 08:05 3802099    /lib/i386-linux-gnu/libresolv-2.15.so
6779f000-677a1000 rw-p 00000000 00:00 0 
677a1000-677be000 r-xp 00000000 08:05 3802103    /lib/i386-linux-gnu/libselinux.so.1
677be000-677bf000 r--p 0001c000 08:05 3802103    /lib/i386-linux-gnu/libselinux.so.1
677bf000-677c0000 rw-p 0001d000 08:05 3802103    /lib/i386-linux-gnu/libselinux.so.1
677c0000-678b7000 r-xp 00000000 08:05 3802040    /lib/i386-linux-gnu/libglib-2.0.so.0.3200.3
678b7000-678b8000 r--p 000f6000 08:05 3802040    /lib/i386-linux-gnu/libglib-2.0.so.0.3200.3
678b8000-678b9000 rw-p 000f7000 08:05 3802040    /lib/i386-linux-gnu/libglib-2.0.so.0.3200.3
678b9000-67906000 r-xp 00000000 08:05 4985532    /usr/lib/i386-linux-gnu/libgobject-2.0.so.0.3200.3
67906000-67907000 r--p 0004c000 08:05 4985532    /usr/lib/i386-linux-gnu/libgobject-2.0.so.0.3200.3
67907000-67908000 rw-p 0004d000 08:05 4985532    /usr/lib/i386-linux-gnu/libgobject-2.0.so.0.3200.3
67908000-67a5b000 r-xp 00000000 08:05 4985508    /usr/lib/i386-linux-gnu/libgio-2.0.so.0.3200.3
67a5b000-67a5d000 r--p 00153000 08:05 4985508    /usr/lib/i386-linux-gnu/libgio-2.0.so.0.3200.3
67a5d000-67a5e000 rw-p 00155000 08:05 4985508    /usr/lib/i386-linux-gnu/libgio-2.0.so.0.3200.3
67a5e000-67a5f000 rw-p 00000000 00:00 0 
67a71000-67a88000 r-xp 00000000 08:05 4989135    /usr/lib/jvm/java-7-openjdk-i386/jre/lib/i386/libnet.so
67a88000-67a89000 r--p 00016000 08:05 4989135    /usr/lib/jvm/java-7-openjdk-i386/jre/lib/i386/libnet.so
67a89000-67a8a000 rw-p 00017000 08:05 4989135    /usr/lib/jvm/java-7-openjdk-i386/jre/lib/i386/libnet.so
67a8a000-67a8b000 ---p 00000000 00:00 0 
67a8b000-67b0b000 rw-p 00000000 00:00 0 
67b0b000-67b0e000 ---p 00000000 00:00 0 
67b0e000-67b5c000 rw-p 00000000 00:00 0 
67b5c000-67b5f000 ---p 00000000 00:00 0 
67b5f000-67bdd000 rw-p 00000000 00:00 0 
67bdd000-67be0000 ---p 00000000 00:00 0 
67be0000-67c5e000 rw-p 00000000 00:00 0 
67c5e000-67c61000 ---p 00000000 00:00 0 
67c61000-67caf000 rw-p 00000000 00:00 0 
67caf000-67eaf000 r--p 00000000 08:05 4988066    /usr/lib/locale/locale-archive
67eaf000-67eb2000 ---p 00000000 00:00 0 
67eb2000-67f00000 rw-p 00000000 00:00 0 
67f00000-67ffe000 rw-p 00000000 00:00 0 
67ffe000-68000000 ---p 00000000 00:00 0 
68005000-68006000 ---p 00000000 00:00 0 
68006000-680cf000 rw-p 00000000 00:00 0 
680cf000-68280000 r--s 01d23000 08:05 4989042    /usr/lib/jvm/java-7-openjdk-i386/jre/lib/rt.jar
68280000-6ab00000 rw-p 00000000 00:00 0 
6ab00000-6abfa000 rw-p 00000000 00:00 0 
6abfa000-6ac00000 ---p 00000000 00:00 0 
6ac05000-6ac0a000 r-xp 00000000 08:05 4985471    /usr/lib/i386-linux-gnu/libffi.so.6.0.0
6ac0a000-6ac0b000 r--p 00004000 08:05 4985471    /usr/lib/i386-linux-gnu/libffi.so.6.0.0
6ac0b000-6ac0c000 rw-p 00005000 08:05 4985471    /usr/lib/i386-linux-gnu/libffi.so.6.0.0
6ac0c000-6ac1d000 r-xp 00000000 08:05 4989121    /usr/lib/jvm/java-7-openjdk-i386/jre/lib/i386/libnio.so
6ac1d000-6ac1e000 r--p 00010000 08:05 4989121    /usr/lib/jvm/java-7-openjdk-i386/jre/lib/i386/libnio.so
6ac1e000-6ac1f000 rw-p 00011000 08:05 4989121    /usr/lib/jvm/java-7-openjdk-i386/jre/lib/i386/libnio.so
6ac1f000-6ac2e000 r--s 000dd000 08:06 21369266   /home/ankit/Ankitt Data/ECLIPSE/sdk/build-tools/22.0.1/lib/dx.jar
6ac2e000-6ac31000 ---p 00000000 00:00 0 
6ac31000-6ac7f000 rw-p 00000000 00:00 0 
6ac7f000-6ac80000 ---p 00000000 00:00 0 
6ac80000-6ad00000 rw-p 00000000 00:00 0 
6ad00000-6ad21000 rw-p 00000000 00:00 0 
6ad21000-6ae00000 ---p 00000000 00:00 0 
6ae02000-6ae0d000 r--s 00079000 08:06 4459389    /home/ankit/Traafik latest/TraafikAppLatest/app/build/intermediates/exploded-aar/com.google.android.gms/play-services-analytics/7.5.0/jars/classes.jar
6ae0d000-6ae68000 rw-p 00000000 00:00 0 
6ae68000-6ae69000 ---p 00000000 00:00 0 
6ae69000-6aef1000 rw-p 00000000 00:00 0 
6aef1000-6af29000 rw-p 00000000 00:00 0 
6af29000-6af69000 rw-p 00000000 00:00 0 
6af69000-6b07f000 rw-p 00000000 00:00 0 
6b07f000-6b087000 rw-p 00000000 00:00 0 
6b087000-6b0bf000 rw-p 00000000 00:00 0 
6b0bf000-6b0ff000 rw-p 00000000 00:00 0 
6b0ff000-6b214000 rw-p 00000000 00:00 0 
6b214000-6b2a3000 rw-p 00000000 00:00 0 
6b2a3000-6b2bf000 rw-p 00000000 00:00 0 
6b2bf000-6c2c0000 rw-p 00000000 00:00 0 
6c2c0000-732c0000 rw-p 00000000 00:00 0 
732c0000-7b1c0000 rw-p 00000000 00:00 0 
7b1c0000-9dd40000 rw-p 00000000 00:00 0 
9dd40000-af900000 rw-p 00000000 00:00 0 
b20c0000-b32c0000 rw-p 00000000 00:00 0 
b32c5000-b32c8000 r-xp 00000000 08:05 4985518    /usr/lib/i386-linux-gnu/libgmodule-2.0.so.0.3200.3
b32c8000-b32c9000 r--p 00002000 08:05 4985518    /usr/lib/i386-linux-gnu/libgmodule-2.0.so.0.3200.3
b32c9000-b32ca000 rw-p 00003000 08:05 4985518    /usr/lib/i386-linux-gnu/libgmodule-2.0.so.0.3200.3
b32ca000-b32cd000 r--s 0000f000 08:05 4989079    /usr/lib/jvm/java-7-openjdk-i386/jre/lib/ext/icedtea-sound.jar
b32cd000-b32cf000 r--s 00012000 08:05 4989084    /usr/lib/jvm/java-7-openjdk-i386/jre/lib/ext/zipfs.jar
b32cf000-b32d3000 r--s 00034000 08:05 4989083    /usr/lib/jvm/java-7-openjdk-i386/jre/lib/ext/sunjce_provider.jar
b32d3000-b32d7000 r--s 0003c000 08:05 4989081    /usr/lib/jvm/java-7-openjdk-i386/jre/lib/ext/sunpkcs11.jar
b32d7000-b32fc000 rw-p 00000000 00:00 0 
b32fc000-b33b2000 rw-p 00000000 00:00 0 
b33b2000-b3632000 rwxp 00000000 00:00 0 
b3632000-b63b2000 rw-p 00000000 00:00 0 
b63b2000-b63bd000 r-xp 00000000 08:05 3802066    /lib/i386-linux-gnu/libnss_files-2.15.so
b63bd000-b63be000 r--p 0000a000 08:05 3802066    /lib/i386-linux-gnu/libnss_files-2.15.so
b63be000-b63bf000 rw-p 0000b000 08:05 3802066    /lib/i386-linux-gnu/libnss_files-2.15.so
b63bf000-b63c9000 r-xp 00000000 08:05 3802070    /lib/i386-linux-gnu/libnss_nis-2.15.so
b63c9000-b63ca000 r--p 00009000 08:05 3802070    /lib/i386-linux-gnu/libnss_nis-2.15.so
b63ca000-b63cb000 rw-p 0000a000 08:05 3802070    /lib/i386-linux-gnu/libnss_nis-2.15.so
b63cb000-b63e1000 r-xp 00000000 08:05 3802060    /lib/i386-linux-gnu/libnsl-2.15.so
b63e1000-b63e2000 r--p 00015000 08:05 3802060    /lib/i386-linux-gnu/libnsl-2.15.so
b63e2000-b63e3000 rw-p 00016000 08:05 3802060    /lib/i386-linux-gnu/libnsl-2.15.so
b63e3000-b63e5000 rw-p 00000000 00:00 0 
b63e5000-b63ec000 r-xp 00000000 08:05 3802062    /lib/i386-linux-gnu/libnss_compat-2.15.so
b63ec000-b63ed000 r--p 00006000 08:05 3802062    /lib/i386-linux-gnu/libnss_compat-2.15.so
b63ed000-b63ee000 rw-p 00007000 08:05 3802062    /lib/i386-linux-gnu/libnss_compat-2.15.so
b63ee000-b63f6000 r-xp 00000000 08:05 4989114    /usr/lib/jvm/java-7-openjdk-i386/jre/lib/i386/libzip.so
b63f6000-b63f7000 r--p 00007000 08:05 4989114    /usr/lib/jvm/java-7-openjdk-i386/jre/lib/i386/libzip.so
b63f7000-b63f8000 rw-p 00008000 08:05 4989114    /usr/lib/jvm/java-7-openjdk-i386/jre/lib/i386/libzip.so
b63f8000-b6400000 rw-s 00000000 08:05 145564     /tmp/hsperfdata_ankit/21451
b6400000-b64fd000 rw-p 00000000 00:00 0 
b64fd000-b6500000 ---p 00000000 00:00 0 
b6501000-b6502000 r--s 00007000 08:05 5246941    /usr/share/java/java-atk-wrapper.jar
b6502000-b6505000 r--s 00086000 08:05 4989082    /usr/lib/jvm/java-7-openjdk-i386/jre/lib/ext/localedata.jar
b6505000-b652c000 r-xp 00000000 08:05 4989134    /usr/lib/jvm/java-7-openjdk-i386/jre/lib/i386/libjava.so
b652c000-b652d000 r--p 00026000 08:05 4989134    /usr/lib/jvm/java-7-openjdk-i386/jre/lib/i386/libjava.so
b652d000-b652e000 rw-p 00027000 08:05 4989134    /usr/lib/jvm/java-7-openjdk-i386/jre/lib/i386/libjava.so
b652e000-b6535000 r-xp 00000000 08:05 3802101    /lib/i386-linux-gnu/librt-2.15.so
b6535000-b6536000 r--p 00006000 08:05 3802101    /lib/i386-linux-gnu/librt-2.15.so
b6536000-b6537000 rw-p 00007000 08:05 3802101    /lib/i386-linux-gnu/librt-2.15.so
b6537000-b653a000 ---p 00000000 00:00 0 
b653a000-b6588000 rw-p 00000000 00:00 0 
b6588000-b65a4000 r-xp 00000000 08:05 3802036    /lib/i386-linux-gnu/libgcc_s.so.1
b65a4000-b65a5000 r--p 0001b000 08:05 3802036    /lib/i386-linux-gnu/libgcc_s.so.1
b65a5000-b65a6000 rw-p 0001c000 08:05 3802036    /lib/i386-linux-gnu/libgcc_s.so.1
b65a6000-b65d0000 r-xp 00000000 08:05 3802047    /lib/i386-linux-gnu/libm-2.15.so
b65d0000-b65d1000 r--p 00029000 08:05 3802047    /lib/i386-linux-gnu/libm-2.15.so
b65d1000-b65d2000 rw-p 0002a000 08:05 3802047    /lib/i386-linux-gnu/libm-2.15.so
b65d2000-b66aa000 r-xp 00000000 08:05 4985813    /usr/lib/i386-linux-gnu/libstdc++.so.6.0.16
b66aa000-b66ab000 ---p 000d8000 08:05 4985813    /usr/lib/i386-linux-gnu/libstdc++.so.6.0.16
b66ab000-b66af000 r--p 000d8000 08:05 4985813    /usr/lib/i386-linux-gnu/libstdc++.so.6.0.16
b66af000-b66b0000 rw-p 000dc000 08:05 4985813    /usr/lib/i386-linux-gnu/libstdc++.so.6.0.16
b66b0000-b66b7000 rw-p 00000000 00:00 0 
b66b7000-b7079000 r-xp 00000000 08:05 4989140    /usr/lib/jvm/java-7-openjdk-i386/jre/lib/i386/server/libjvm.so
b7079000-b70ce000 r--p 009c2000 08:05 4989140    /usr/lib/jvm/java-7-openjdk-i386/jre/lib/i386/server/libjvm.so
b70ce000-b70e2000 rw-p 00a17000 08:05 4989140    /usr/lib/jvm/java-7-openjdk-i386/jre/lib/i386/server/libjvm.so
b70e2000-b7500000 rw-p 00000000 00:00 0 
b7500000-b7514000 r-xp 00000000 08:05 3802126    /lib/i386-linux-gnu/libz.so.1.2.3.4
b7514000-b7515000 r--p 00013000 08:05 3802126    /lib/i386-linux-gnu/libz.so.1.2.3.4
b7515000-b7516000 rw-p 00014000 08:05 3802126    /lib/i386-linux-gnu/libz.so.1.2.3.4
b7516000-b752d000 r-xp 00000000 08:05 3802095    /lib/i386-linux-gnu/libpthread-2.15.so
b752d000-b752e000 r--p 00016000 08:05 3802095    /lib/i386-linux-gnu/libpthread-2.15.so
b752e000-b752f000 rw-p 00017000 08:05 3802095    /lib/i386-linux-gnu/libpthread-2.15.so
b752f000-b7531000 rw-p 00000000 00:00 0 
b7531000-b7534000 r-xp 00000000 08:05 3802028    /lib/i386-linux-gnu/libdl-2.15.so
b7534000-b7535000 r--p 00002000 08:05 3802028    /lib/i386-linux-gnu/libdl-2.15.so
b7535000-b7536000 rw-p 00003000 08:05 3802028    /lib/i386-linux-gnu/libdl-2.15.so
b7536000-b76d5000 r-xp 00000000 08:05 3802015    /lib/i386-linux-gnu/libc-2.15.so
b76d5000-b76d7000 r--p 0019f000 08:05 3802015    /lib/i386-linux-gnu/libc-2.15.so
b76d7000-b76d8000 rw-p 001a1000 08:05 3802015    /lib/i386-linux-gnu/libc-2.15.so
b76d8000-b76db000 rw-p 00000000 00:00 0 
b76db000-b76dc000 r--s 00002000 08:05 4989080    /usr/lib/jvm/java-7-openjdk-i386/jre/lib/ext/dnsns.jar
b76dc000-b76dd000 r--p 005db000 08:05 4988066    /usr/lib/locale/locale-archive
b76dd000-b76de000 rw-p 00000000 00:00 0 
b76de000-b76df000 ---p 00000000 00:00 0 
b76df000-b76eb000 r-xp 00000000 08:05 4989131    /usr/lib/jvm/java-7-openjdk-i386/jre/lib/i386/libverify.so
b76eb000-b76ec000 r--p 0000b000 08:05 4989131    /usr/lib/jvm/java-7-openjdk-i386/jre/lib/i386/libverify.so
b76ec000-b76ed000 rw-p 0000c000 08:05 4989131    /usr/lib/jvm/java-7-openjdk-i386/jre/lib/i386/libverify.so
b76ed000-b76fa000 r-xp 00000000 08:05 4989106    /usr/lib/jvm/java-7-openjdk-i386/jre/lib/i386/jli/libjli.so
b76fa000-b76fb000 r--p 0000c000 08:05 4989106    /usr/lib/jvm/java-7-openjdk-i386/jre/lib/i386/jli/libjli.so
b76fb000-b76fc000 rw-p 0000d000 08:05 4989106    /usr/lib/jvm/java-7-openjdk-i386/jre/lib/i386/jli/libjli.so
b76fc000-b76ff000 rw-p 00000000 00:00 0 
b76ff000-b7700000 r-xp 00000000 00:00 0          [vdso]
b7700000-b7720000 r-xp 00000000 08:05 3801995    /lib/i386-linux-gnu/ld-2.15.so
b7720000-b7721000 r--p 0001f000 08:05 3801995    /lib/i386-linux-gnu/ld-2.15.so
b7721000-b7722000 rw-p 00020000 08:05 3801995    /lib/i386-linux-gnu/ld-2.15.so
bfc66000-bfc67000 rwxp 00000000 00:00 0 
bfc99000-bfcba000 rw-p 00000000 00:00 0          [stack]

VM Arguments:
jvm_args: -Xmx1024M -Dfile.encoding=UTF-8 -Duser.country=IN -Duser.language=en -Duser.variant 
java_command: com.android.dx.command.Main --dex --output /home/ankit/Traafik latest/TraafikAppLatest/app/build/intermediates/pre-dexed/debug/classes-60a7eb5bedd3ac059a03773ecb9be5aae7d1c35b.jar /home/ankit/Traafik latest/TraafikAppLatest/app/build/intermediates/exploded-aar/com.google.android.gms/play-services-analytics/7.5.0/jars/classes.jar
Launcher Type: SUN_STANDARD

Environment Variables:
PATH=/usr/lib/lightdm/lightdm:/usr/local/sbin:/usr/local/bin:/usr/sbin:/usr/bin:/sbin:/bin:/usr/games
LD_LIBRARY_PATH=/home/ankit/Android studio/android-studio/bin:
SHELL=/bin/bash
DISPLAY=:0.0

Signal Handlers:
SIGSEGV: [libjvm.so+0x80b550], sa_mask[0]=0x7ffbfeff, sa_flags=0x10000004
SIGBUS: [libjvm.so+0x80b550], sa_mask[0]=0x7ffbfeff, sa_flags=0x10000004
SIGFPE: [libjvm.so+0x6753e0], sa_mask[0]=0x7ffbfeff, sa_flags=0x10000004
SIGPIPE: [libjvm.so+0x6753e0], sa_mask[0]=0x7ffbfeff, sa_flags=0x10000004
SIGXFSZ: [libjvm.so+0x6753e0], sa_mask[0]=0x7ffbfeff, sa_flags=0x10000004
SIGILL: [libjvm.so+0x6753e0], sa_mask[0]=0x7ffbfeff, sa_flags=0x10000004
SIGUSR1: SIG_DFL, sa_mask[0]=0x00000000, sa_flags=0x00000000
SIGUSR2: [libjvm.so+0x675690], sa_mask[0]=0x00000004, sa_flags=0x10000004
SIGHUP: [libjvm.so+0x675850], sa_mask[0]=0x7ffbfeff, sa_flags=0x10000004
SIGINT: [libjvm.so+0x675850], sa_mask[0]=0x7ffbfeff, sa_flags=0x10000004
SIGTERM: [libjvm.so+0x675850], sa_mask[0]=0x7ffbfeff, sa_flags=0x10000004
SIGQUIT: [libjvm.so+0x675850], sa_mask[0]=0x7ffbfeff, sa_flags=0x10000004
SIGTRAP: SIG_DFL, sa_mask[0]=0x00000000, sa_flags=0x00000000


---------------  S Y S T E M  ---------------

OS:Ubuntu 12.04 (precise)
uname:Linux 3.2.0-29-generic-pae #46-Ubuntu SMP Fri Jul 27 17:25:43 UTC 2012 i686
libc:glibc 2.15 NPTL 2.15 
rlimit: STACK 8192k, CORE 0k, NPROC 31169, NOFILE 4096, AS infinity
load average:2.98 1.11 0.68

/proc/meminfo:
MemTotal:        4004304 kB
MemFree:          171784 kB
Buffers:             300 kB
Cached:           509856 kB
SwapCached:            0 kB
Active:          3477684 kB
Inactive:         276220 kB
Active(anon):    3443044 kB
Inactive(anon):   241188 kB
Active(file):      34640 kB
Inactive(file):    35032 kB
Unevictable:          32 kB
Mlocked:              32 kB
HighTotal:       3159312 kB
HighFree:           2612 kB
LowTotal:         844992 kB
LowFree:          169172 kB
SwapTotal:             0 kB
SwapFree:              0 kB
Dirty:                 8 kB
Writeback:            20 kB
AnonPages:       3244108 kB
Mapped:            75232 kB
Shmem:            440344 kB
Slab:              39696 kB
SReclaimable:      19536 kB
SUnreclaim:        20160 kB
KernelStack:        4464 kB
PageTables:        17812 kB
NFS_Unstable:          0 kB
Bounce:                0 kB
WritebackTmp:          0 kB
CommitLimit:     2002152 kB
Committed_AS:    7240208 kB
VmallocTotal:     122880 kB
VmallocUsed:       15040 kB
VmallocChunk:     103908 kB
HardwareCorrupted:     0 kB
AnonHugePages:         0 kB
HugePages_Total:       0
HugePages_Free:        0
HugePages_Rsvd:        0
HugePages_Surp:        0
Hugepagesize:       2048 kB
DirectMap4k:       10232 kB
DirectMap2M:      903168 kB


CPU:total 2 (2 cores per cpu, 1 threads per core) family 6 model 58 stepping 9, cmov, cx8, fxsr, mmx, sse, sse2, sse3, ssse3, sse4.1, sse4.2, popcnt, erms, tsc, tscinvbit, tscinv

/proc/cpuinfo:
processor	: 0
vendor_id	: GenuineIntel
cpu family	: 6
model		: 58
model name	: Intel(R) Pentium(R) CPU G2030 @ 3.00GHz
stepping	: 9
microcode	: 0x17
cpu MHz		: 2300.000
cache size	: 3072 KB
physical id	: 0
siblings	: 2
core id		: 0
cpu cores	: 2
apicid		: 0
initial apicid	: 0
fdiv_bug	: no
hlt_bug		: no
f00f_bug	: no
coma_bug	: no
fpu		: yes
fpu_exception	: yes
cpuid level	: 13
wp		: yes
flags		: fpu vme de pse tsc msr pae mce cx8 apic sep mtrr pge mca cmov pat pse36 clflush dts acpi mmx fxsr sse sse2 ss ht tm pbe nx rdtscp lm constant_tsc arch_perfmon pebs bts xtopology nonstop_tsc aperfmperf pni pclmulqdq dtes64 monitor ds_cpl vmx est tm2 ssse3 cx16 xtpr pdcm pcid sse4_1 sse4_2 popcnt tsc_deadline_timer xsave lahf_lm arat epb xsaveopt pln pts dtherm tpr_shadow vnmi flexpriority ept vpid fsgsbase smep erms
bogomips	: 5986.59
clflush size	: 64
cache_alignment	: 64
address sizes	: 36 bits physical, 48 bits virtual
power management:

processor	: 1
vendor_id	: GenuineIntel
cpu family	: 6
model		: 58
model name	: Intel(R) Pentium(R) CPU G2030 @ 3.00GHz
stepping	: 9
microcode	: 0x17
cpu MHz		: 2300.000
cache size	: 3072 KB
physical id	: 0
siblings	: 2
core id		: 1
cpu cores	: 2
apicid		: 2
initial apicid	: 2
fdiv_bug	: no
hlt_bug		: no
f00f_bug	: no
coma_bug	: no
fpu		: yes
fpu_exception	: yes
cpuid level	: 13
wp		: yes
flags		: fpu vme de pse tsc msr pae mce cx8 apic sep mtrr pge mca cmov pat pse36 clflush dts acpi mmx fxsr sse sse2 ss ht tm pbe nx rdtscp lm constant_tsc arch_perfmon pebs bts xtopology nonstop_tsc aperfmperf pni pclmulqdq dtes64 monitor ds_cpl vmx est tm2 ssse3 cx16 xtpr pdcm pcid sse4_1 sse4_2 popcnt tsc_deadline_timer xsave lahf_lm arat epb xsaveopt pln pts dtherm tpr_shadow vnmi flexpriority ept vpid fsgsbase smep erms
bogomips	: 5986.36
clflush size	: 64
cache_alignment	: 64
address sizes	: 36 bits physical, 48 bits virtual
power management:



Memory: 4k page, physical 4004304k(171784k free), swap 0k(0k free)

vm_info: OpenJDK Server VM (24.75-b04) for linux-x86 JRE (1.7.0_75-b13), built on Jan 27 2015 16:24:35 by "buildd" with gcc 4.6.3

time: Wed Jul 15 17:41:57 2015
elapsed time: 11 seconds

