#
# There is insufficient memory for the Java Runtime Environment to continue.
# Native memory allocation (malloc) failed to allocate 42467328 bytes for committing reserved memory.
# Possible reasons:
#   The system is out of physical RAM or swap space
#   In 32 bit mode, the process size limit was hit
# Possible solutions:
#   Reduce memory load on the system
#   Increase physical memory or swap space
#   Check if swap backing store is full
#   Use 64 bit Java on a 64 bit OS
#   Decrease Java heap size (-Xmx/-Xms)
#   Decrease number of Java threads
#   Decrease Java thread stack sizes (-Xss)
#   Set larger code cache with -XX:ReservedCodeCacheSize=
# This output file may be truncated or incomplete.
#
#  Out of Memory Error (os_linux.cpp:2798), pid=15321, tid=1746426688
#
# JRE version: OpenJDK Runtime Environment (7.0_75-b13) (build 1.7.0_75-b13)
# Java VM: OpenJDK Server VM (24.75-b04 mixed mode linux-x86 )
# Derivative: IcedTea 2.5.4
# Distribution: Ubuntu 12.04 LTS, package 7u75-2.5.4-1~precise1
# Failed to write core dump. Core dumps have been disabled. To enable core dumping, try "ulimit -c unlimited" before starting Java again
#

---------------  T H R E A D  ---------------

Current thread (0x68010400):  VMThread [stack: 0x68105000,0x68186000] [id=15328]

Stack: [0x68105000,0x68186000]
[error occurred during error reporting (printing stack bounds), id 0xb]

VM_Operation (0xb6612918): ParallelGCFailedAllocation, mode: safepoint, requested by thread 0xb6407c00


---------------  P R O C E S S  ---------------

Java Threads: ( => current thread )
  0x6802c400 JavaThread "Service Thread" daemon [_thread_blocked, id=15334, stack(0x67bba000,0x67c0b000)]
  0x6802a800 JavaThread "C2 CompilerThread1" daemon [_thread_blocked, id=15333, stack(0x67c0b000,0x67c8c000)]
  0x68028800 JavaThread "C2 CompilerThread0" daemon [_thread_blocked, id=15332, stack(0x67c8c000,0x67d0d000)]
  0x68026c00 JavaThread "Signal Dispatcher" daemon [_thread_blocked, id=15331, stack(0x67d0d000,0x67d5e000)]
  0x68014400 JavaThread "Finalizer" daemon [_thread_blocked, id=15330, stack(0x67f5e000,0x67faf000)]
  0x68012800 JavaThread "Reference Handler" daemon [_thread_blocked, id=15329, stack(0x67faf000,0x68000000)]
  0xb6407c00 JavaThread "main" [_thread_blocked, id=15323, stack(0xb65c3000,0xb6614000)]

Other Threads:
=>0x68010400 VMThread [stack: 0x68105000,0x68186000] [id=15328]
  0x6802e000 WatcherThread [stack: 0x67b39000,0x67bba000] [id=15335]

VM state:at safepoint (normal execution)

VM Mutex/Monitor currently owned by a thread:  ([mutex/lock_event])
[0xb6405248] Threads_lock - owner thread: 0x68010400
[0xb6405658] Heap_lock - owner thread: 0xb6407c00

Heap
 PSYoungGen      total 34304K, used 2553K [0x9ddc0000, 0xa01c0000, 0xb3340000)
  eden space 31744K, 0% used [0x9ddc0000,0x9ddc0000,0x9fcc0000)
  from space 2560K, 99% used [0x9fcc0000,0x9ff3e760,0x9ff40000)
  to   space 2560K, 0% used [0x9ff40000,0x9ff40000,0xa01c0000)
 ParOldGen       total 41728K, used 13287K [0x73340000, 0x75c00000, 0x9ddc0000)
  object space 41728K, 31% used [0x73340000,0x74039d30,0x75c00000)
 PSPermGen       total 16384K, used 3956K [0x6b340000, 0x6c340000, 0x73340000)
  object space 16384K, 24% used [0x6b340000,0x6b71d290,0x6c340000)

Card table byte_map: [0x6b0ff000,0x6b340000] byte_map_base: 0x6ada5600

Polling page: 0xb776a000

Code Cache  [0xb3400000, 0xb3640000, 0xb6400000)
 total_blobs=490 nmethods=371 adapters=73 free_code_cache=47830Kb largest_free_block=48944256

Compilation events (10 events):
Event: 4.804 Thread 0x68028800 nmethod 372 0xb34aa788 code [0xb34aa8e0, 0xb34aad04]
Event: 4.804 Thread 0x68028800  373             java.lang.AbstractStringBuilder::expandCapacity (50 bytes)
Event: 4.807 Thread 0x68028800 nmethod 373 0xb353e708 code [0xb353e800, 0xb353ea50]
Event: 4.807 Thread 0x68028800  374             com.android.dx.ssa.SsaConverter::needsNewSuccessor (53 bytes)
Event: 4.828 Thread 0x68028800 nmethod 374 0xb34aa148 code [0xb34aa260, 0xb34aa450]
Event: 4.828 Thread 0x68028800  375             com.android.dx.ssa.SsaRenamer::access$800 (6 bytes)
Event: 4.828 Thread 0x68028800 nmethod 375 0xb352e408 code [0xb352e500, 0xb352e550]
Event: 4.828 Thread 0x68028800  376             com.android.dx.ssa.SsaRenamer::isBelowThresholdRegister (14 bytes)
Event: 4.828 Thread 0x68028800 nmethod 376 0xb349a548 code [0xb349a620, 0xb349a670]
Event: 4.828 Thread 0x68028800  377             com.android.dx.ssa.SsaConverter::edgeSplitMoveExceptionsAndResults (157 bytes)

GC Heap History (9 events):
Event: 1.141 GC heap before
{Heap before GC invocations=1 (full 0):
 PSYoungGen      total 18432K, used 15872K [0x9ddc0000, 0x9f240000, 0xb3340000)
  eden space 15872K, 100% used [0x9ddc0000,0x9ed40000,0x9ed40000)
  from space 2560K, 0% used [0x9efc0000,0x9efc0000,0x9f240000)
  to   space 2560K, 0% used [0x9ed40000,0x9ed40000,0x9efc0000)
 ParOldGen       total 41728K, used 0K [0x73340000, 0x75c00000, 0x9ddc0000)
  object space 41728K, 0% used [0x73340000,0x73340000,0x75c00000)
 PSPermGen       total 16384K, used 3815K [0x6b340000, 0x6c340000, 0x73340000)
  object space 16384K, 23% used [0x6b340000,0x6b6f9cb0,0x6c340000)
Event: 1.149 GC heap after
Heap after GC invocations=1 (full 0):
 PSYoungGen      total 18432K, used 2548K [0x9ddc0000, 0x9f240000, 0xb3340000)
  eden space 15872K, 0% used [0x9ddc0000,0x9ddc0000,0x9ed40000)
  from space 2560K, 99% used [0x9ed40000,0x9efbd328,0x9efc0000)
  to   space 2560K, 0% used [0x9efc0000,0x9efc0000,0x9f240000)
 ParOldGen       total 41728K, used 1334K [0x73340000, 0x75c00000, 0x9ddc0000)
  object space 41728K, 3% used [0x73340000,0x7348d8e0,0x75c00000)
 PSPermGen       total 16384K, used 3815K [0x6b340000, 0x6c340000, 0x73340000)
  object space 16384K, 23% used [0x6b340000,0x6b6f9cb0,0x6c340000)
}
Event: 1.884 GC heap before
{Heap before GC invocations=2 (full 0):
 PSYoungGen      total 18432K, used 18420K [0x9ddc0000, 0x9f240000, 0xb3340000)
  eden space 15872K, 100% used [0x9ddc0000,0x9ed40000,0x9ed40000)
  from space 2560K, 99% used [0x9ed40000,0x9efbd328,0x9efc0000)
  to   space 2560K, 0% used [0x9efc0000,0x9efc0000,0x9f240000)
 ParOldGen       total 41728K, used 1334K [0x73340000, 0x75c00000, 0x9ddc0000)
  object space 41728K, 3% used [0x73340000,0x7348d8e0,0x75c00000)
 PSPermGen       total 16384K, used 3896K [0x6b340000, 0x6c340000, 0x73340000)
  object space 16384K, 23% used [0x6b340000,0x6b70e388,0x6c340000)
Event: 1.895 GC heap after
Heap after GC invocations=2 (full 0):
 PSYoungGen      total 18432K, used 2549K [0x9ddc0000, 0xa01c0000, 0xb3340000)
  eden space 15872K, 0% used [0x9ddc0000,0x9ddc0000,0x9ed40000)
  from space 2560K, 99% used [0x9efc0000,0x9f23d450,0x9f240000)
  to   space 2560K, 0% used [0x9ed40000,0x9ed40000,0x9efc0000)
 ParOldGen       total 41728K, used 3532K [0x73340000, 0x75c00000, 0x9ddc0000)
  object space 41728K, 8% used [0x73340000,0x736b3268,0x75c00000)
 PSPermGen       total 16384K, used 3896K [0x6b340000, 0x6c340000, 0x73340000)
  object space 16384K, 23% used [0x6b340000,0x6b70e388,0x6c340000)
}
Event: 2.844 GC heap before
{Heap before GC invocations=3 (full 0):
 PSYoungGen      total 18432K, used 18421K [0x9ddc0000, 0xa01c0000, 0xb3340000)
  eden space 15872K, 100% used [0x9ddc0000,0x9ed40000,0x9ed40000)
  from space 2560K, 99% used [0x9efc0000,0x9f23d450,0x9f240000)
  to   space 2560K, 0% used [0x9ed40000,0x9ed40000,0x9efc0000)
 ParOldGen       total 41728K, used 3532K [0x73340000, 0x75c00000, 0x9ddc0000)
  object space 41728K, 8% used [0x73340000,0x736b3268,0x75c00000)
 PSPermGen       total 16384K, used 3924K [0x6b340000, 0x6c340000, 0x73340000)
  object space 16384K, 23% used [0x6b340000,0x6b715248,0x6c340000)
Event: 2.862 GC heap after
Heap after GC invocations=3 (full 0):
 PSYoungGen      total 18432K, used 2546K [0x9ddc0000, 0xa01c0000, 0xb3340000)
  eden space 15872K, 0% used [0x9ddc0000,0x9ddc0000,0x9ed40000)
  from space 2560K, 99% used [0x9ed40000,0x9efbcb80,0x9efc0000)
  to   space 2560K, 0% used [0x9ff40000,0x9ff40000,0xa01c0000)
 ParOldGen       total 41728K, used 5923K [0x73340000, 0x75c00000, 0x9ddc0000)
  object space 41728K, 14% used [0x73340000,0x73908f48,0x75c00000)
 PSPermGen       total 16384K, used 3924K [0x6b340000, 0x6c340000, 0x73340000)
  object space 16384K, 23% used [0x6b340000,0x6b715248,0x6c340000)
}
Event: 3.405 GC heap before
{Heap before GC invocations=4 (full 0):
 PSYoungGen      total 18432K, used 18418K [0x9ddc0000, 0xa01c0000, 0xb3340000)
  eden space 15872K, 100% used [0x9ddc0000,0x9ed40000,0x9ed40000)
  from space 2560K, 99% used [0x9ed40000,0x9efbcb80,0x9efc0000)
  to   space 2560K, 0% used [0x9ff40000,0x9ff40000,0xa01c0000)
 ParOldGen       total 41728K, used 5923K [0x73340000, 0x75c00000, 0x9ddc0000)
  object space 41728K, 14% used [0x73340000,0x73908f48,0x75c00000)
 PSPermGen       total 16384K, used 3938K [0x6b340000, 0x6c340000, 0x73340000)
  object space 16384K, 24% used [0x6b340000,0x6b718990,0x6c340000)
Event: 3.424 GC heap after
Heap after GC invocations=4 (full 0):
 PSYoungGen      total 34304K, used 2556K [0x9ddc0000, 0xa01c0000, 0xb3340000)
  eden space 31744K, 0% used [0x9ddc0000,0x9ddc0000,0x9fcc0000)
  from space 2560K, 99% used [0x9ff40000,0xa01bf2e0,0xa01c0000)
  to   space 2560K, 0% used [0x9fcc0000,0x9fcc0000,0x9ff40000)
 ParOldGen       total 41728K, used 8249K [0x73340000, 0x75c00000, 0x9ddc0000)
  object space 41728K, 19% used [0x73340000,0x73b4e548,0x75c00000)
 PSPermGen       total 16384K, used 3938K [0x6b340000, 0x6c340000, 0x73340000)
  object space 16384K, 24% used [0x6b340000,0x6b718990,0x6c340000)
}
Event: 4.860 GC heap before
{Heap before GC invocations=5 (full 0):
 PSYoungGen      total 34304K, used 34300K [0x9ddc0000, 0xa01c0000, 0xb3340000)
  eden space 31744K, 100% used [0x9ddc0000,0x9fcc0000,0x9fcc0000)
  from space 2560K, 99% used [0x9ff40000,0xa01bf2e0,0xa01c0000)
  to   space 2560K, 0% used [0x9fcc0000,0x9fcc0000,0x9ff40000)
 ParOldGen       total 41728K, used 8249K [0x73340000, 0x75c00000, 0x9ddc0000)
  object space 41728K, 19% used [0x73340000,0x73b4e548,0x75c00000)
 PSPermGen       total 16384K, used 3956K [0x6b340000, 0x6c340000, 0x73340000)
  object space 16384K, 24% used [0x6b340000,0x6b71d290,0x6c340000)

Deoptimization events (9 events):
Event: 0.924 Thread 0xb6407c00 Uncommon trap: reason=class_check action=maybe_recompile pc=0xb34587a4 method=com.android.dx.ssa.NormalSsaInsn.accept(Lcom/android/dx/ssa/SsaInsn$Visitor;)V @ 9
Event: 0.936 Thread 0xb6407c00 Uncommon trap: reason=class_check action=maybe_recompile pc=0xb34587a4 method=com.android.dx.ssa.NormalSsaInsn.accept(Lcom/android/dx/ssa/SsaInsn$Visitor;)V @ 9
Event: 0.936 Thread 0xb6407c00 Uncommon trap: reason=class_check action=maybe_recompile pc=0xb34587a4 method=com.android.dx.ssa.NormalSsaInsn.accept(Lcom/android/dx/ssa/SsaInsn$Visitor;)V @ 9
Event: 0.936 Thread 0xb6407c00 Uncommon trap: reason=class_check action=maybe_recompile pc=0xb34587a4 method=com.android.dx.ssa.NormalSsaInsn.accept(Lcom/android/dx/ssa/SsaInsn$Visitor;)V @ 9
Event: 1.119 Thread 0xb6407c00 Uncommon trap: reason=null_check action=make_not_entrant pc=0xb3465158 method=com.android.dx.rop.code.LocalItem.equals(Ljava/lang/Object;)Z @ 1
Event: 1.782 Thread 0xb6407c00 Uncommon trap: reason=null_check action=make_not_entrant pc=0xb34aabfc method=com.android.dx.rop.code.RegisterSpec.equals(Ljava/lang/Object;)Z @ 1
Event: 1.786 Thread 0xb6407c00 Uncommon trap: reason=unreached action=reinterpret pc=0xb349b238 method=com.android.dx.ssa.SCCP.simulateBranch(Lcom/android/dx/ssa/SsaInsn;)V @ 329
Event: 2.384 Thread 0xb6407c00 Uncommon trap: reason=null_check action=make_not_entrant pc=0xb34d9990 method=com.android.dx.cf.code.Ropper$CatchInfo.getSetup(Lcom/android/dx/rop/type/Type;)Lcom/android/dx/cf/code/Ropper$ExceptionHandlerSetup; @ 10
Event: 4.531 Thread 0xb6407c00 Uncommon trap: reason=null_check action=make_not_entrant pc=0xb352ce68 method=com.android.dx.rop.type.Type.putIntern(Lcom/android/dx/rop/type/Type;)Lcom/android/dx/rop/type/Type; @ 18

Internal exceptions (10 events):
Event: 1.157 Thread 0xb6407c00 Threw 0x9de25c78 at /build/buildd/openjdk-7-7u75-2.5.4/build/openjdk/hotspot/src/share/vm/prims/jvm.cpp:1284
Event: 1.229 Thread 0xb6407c00 Threw 0x9e06c190 at /build/buildd/openjdk-7-7u75-2.5.4/build/openjdk/hotspot/src/share/vm/prims/jvm.cpp:1284
Event: 1.559 Thread 0xb6407c00 Threw 0x9e64f730 at /build/buildd/openjdk-7-7u75-2.5.4/build/openjdk/hotspot/src/share/vm/prims/jvm.cpp:1284
Event: 1.782 Thread 0xb6407c00 Implicit null exception at 0xb34aa189 to 0xb34aabf1
Event: 1.964 Thread 0xb6407c00 Threw 0x9df74830 at /build/buildd/openjdk-7-7u75-2.5.4/build/openjdk/hotspot/src/share/vm/prims/jvm.cpp:1284
Event: 1.984 Thread 0xb6407c00 Threw 0x9dfd8b28 at /build/buildd/openjdk-7-7u75-2.5.4/build/openjdk/hotspot/src/share/vm/prims/jvm.cpp:1284
Event: 2.384 Thread 0xb6407c00 Implicit null exception at 0xb34d8374 to 0xb34d9985
Event: 3.032 Thread 0xb6407c00 Threw 0x9e6e6788 at /build/buildd/openjdk-7-7u75-2.5.4/build/openjdk/hotspot/src/share/vm/prims/jvm.cpp:1284
Event: 3.799 Thread 0xb6407c00 Threw 0x9e5c1ce8 at /build/buildd/openjdk-7-7u75-2.5.4/build/openjdk/hotspot/src/share/vm/prims/jvm.cpp:1284
Event: 4.531 Thread 0xb6407c00 Implicit null exception at 0xb352c86a to 0xb352ce59

Events (10 events):
Event: 3.798 loading class 0x680d1b40
Event: 3.798 loading class 0x680d1b40 done
Event: 4.531 Thread 0xb6407c00 Uncommon trap: trap_request=0xfffffff4 fr.pc=0xb352ce68
Event: 4.531 Thread 0xb6407c00 DEOPT PACKING pc=0xb352ce68 sp=0xb6612b30
Event: 4.531 Thread 0xb6407c00 DEOPT UNPACKING pc=0xb342cbc8 sp=0xb6612ac8 mode 2
Event: 4.596 Executing VM operation: EnableBiasedLocking
Event: 4.598 Executing VM operation: EnableBiasedLocking done
Event: 4.611 Thread 0x68028800 flushing nmethod 0xb349a548
Event: 4.626 Thread 0x68028800 flushing nmethod 0xb34a9c88
Event: 4.860 Executing VM operation: ParallelGCFailedAllocation


Dynamic libraries:
08048000-08049000 r-xp 00000000 08:05 4983886    /usr/lib/jvm/java-7-openjdk-i386/jre/bin/java
08049000-0804a000 r--p 00000000 08:05 4983886    /usr/lib/jvm/java-7-openjdk-i386/jre/bin/java
0804a000-0804b000 rw-p 00001000 08:05 4983886    /usr/lib/jvm/java-7-openjdk-i386/jre/bin/java
09f87000-0a499000 rw-p 00000000 00:00 0          [heap]
67000000-670e0000 rw-p 00000000 00:00 0 
670e0000-67100000 ---p 00000000 00:00 0 
67200000-672f9000 rw-p 00000000 00:00 0 
672f9000-67300000 ---p 00000000 00:00 0 
67400000-67429000 rw-p 00000000 00:00 0 
67429000-67500000 ---p 00000000 00:00 0 
67500000-675f8000 rw-p 00000000 00:00 0 
675f8000-67600000 ---p 00000000 00:00 0 
67600000-676fb000 rw-p 00000000 00:00 0 
676fb000-67700000 ---p 00000000 00:00 0 
677e2000-6781c000 r-xp 00000000 08:05 3802088    /lib/i386-linux-gnu/libpcre.so.3.12.1
6781c000-6781d000 r--p 00039000 08:05 3802088    /lib/i386-linux-gnu/libpcre.so.3.12.1
6781d000-6781e000 rw-p 0003a000 08:05 3802088    /lib/i386-linux-gnu/libpcre.so.3.12.1
6781e000-67823000 r-xp 00000000 08:05 4985471    /usr/lib/i386-linux-gnu/libffi.so.6.0.0
67823000-67824000 r--p 00004000 08:05 4985471    /usr/lib/i386-linux-gnu/libffi.so.6.0.0
67824000-67825000 rw-p 00005000 08:05 4985471    /usr/lib/i386-linux-gnu/libffi.so.6.0.0
67825000-67838000 r-xp 00000000 08:05 3802099    /lib/i386-linux-gnu/libresolv-2.15.so
67838000-67839000 ---p 00013000 08:05 3802099    /lib/i386-linux-gnu/libresolv-2.15.so
67839000-6783a000 r--p 00013000 08:05 3802099    /lib/i386-linux-gnu/libresolv-2.15.so
6783a000-6783b000 rw-p 00014000 08:05 3802099    /lib/i386-linux-gnu/libresolv-2.15.so
6783b000-6783d000 rw-p 00000000 00:00 0 
6783d000-6785a000 r-xp 00000000 08:05 3802103    /lib/i386-linux-gnu/libselinux.so.1
6785a000-6785b000 r--p 0001c000 08:05 3802103    /lib/i386-linux-gnu/libselinux.so.1
6785b000-6785c000 rw-p 0001d000 08:05 3802103    /lib/i386-linux-gnu/libselinux.so.1
6785c000-67953000 r-xp 00000000 08:05 3802040    /lib/i386-linux-gnu/libglib-2.0.so.0.3200.3
67953000-67954000 r--p 000f6000 08:05 3802040    /lib/i386-linux-gnu/libglib-2.0.so.0.3200.3
67954000-67955000 rw-p 000f7000 08:05 3802040    /lib/i386-linux-gnu/libglib-2.0.so.0.3200.3
67955000-679a2000 r-xp 00000000 08:05 4985532    /usr/lib/i386-linux-gnu/libgobject-2.0.so.0.3200.3
679a2000-679a3000 r--p 0004c000 08:05 4985532    /usr/lib/i386-linux-gnu/libgobject-2.0.so.0.3200.3
679a3000-679a4000 rw-p 0004d000 08:05 4985532    /usr/lib/i386-linux-gnu/libgobject-2.0.so.0.3200.3
679a4000-67af7000 r-xp 00000000 08:05 4985508    /usr/lib/i386-linux-gnu/libgio-2.0.so.0.3200.3
67af7000-67af9000 r--p 00153000 08:05 4985508    /usr/lib/i386-linux-gnu/libgio-2.0.so.0.3200.3
67af9000-67afa000 rw-p 00155000 08:05 4985508    /usr/lib/i386-linux-gnu/libgio-2.0.so.0.3200.3
67afa000-67afb000 rw-p 00000000 00:00 0 
67b0d000-67b24000 r-xp 00000000 08:05 4989135    /usr/lib/jvm/java-7-openjdk-i386/jre/lib/i386/libnet.so
67b24000-67b25000 r--p 00016000 08:05 4989135    /usr/lib/jvm/java-7-openjdk-i386/jre/lib/i386/libnet.so
67b25000-67b26000 rw-p 00017000 08:05 4989135    /usr/lib/jvm/java-7-openjdk-i386/jre/lib/i386/libnet.so
67b26000-67b37000 r-xp 00000000 08:05 4989121    /usr/lib/jvm/java-7-openjdk-i386/jre/lib/i386/libnio.so
67b37000-67b38000 r--p 00010000 08:05 4989121    /usr/lib/jvm/java-7-openjdk-i386/jre/lib/i386/libnio.so
67b38000-67b39000 rw-p 00011000 08:05 4989121    /usr/lib/jvm/java-7-openjdk-i386/jre/lib/i386/libnio.so
67b39000-67b3a000 ---p 00000000 00:00 0 
67b3a000-67bba000 rw-p 00000000 00:00 0 
67bba000-67bbd000 ---p 00000000 00:00 0 
67bbd000-67c0b000 rw-p 00000000 00:00 0 
67c0b000-67c0e000 ---p 00000000 00:00 0 
67c0e000-67c8c000 rw-p 00000000 00:00 0 
67c8c000-67c8f000 ---p 00000000 00:00 0 
67c8f000-67d0d000 rw-p 00000000 00:00 0 
67d0d000-67d10000 ---p 00000000 00:00 0 
67d10000-67d5e000 rw-p 00000000 00:00 0 
67d5e000-67f5e000 r--p 00000000 08:05 4988066    /usr/lib/locale/locale-archive
67f5e000-67f61000 ---p 00000000 00:00 0 
67f61000-67faf000 rw-p 00000000 00:00 0 
67faf000-67fb2000 ---p 00000000 00:00 0 
67fb2000-68000000 rw-p 00000000 00:00 0 
68000000-680fe000 rw-p 00000000 00:00 0 
680fe000-68100000 ---p 00000000 00:00 0 
68105000-68106000 ---p 00000000 00:00 0 
68106000-681cf000 rw-p 00000000 00:00 0 
681cf000-68380000 r--s 01d23000 08:05 4989042    /usr/lib/jvm/java-7-openjdk-i386/jre/lib/rt.jar
68380000-6ac00000 rw-p 00000000 00:00 0 
6ac00000-6acfa000 rw-p 00000000 00:00 0 
6acfa000-6ad00000 ---p 00000000 00:00 0 
6ad04000-6ad07000 r-xp 00000000 08:05 4985518    /usr/lib/i386-linux-gnu/libgmodule-2.0.so.0.3200.3
6ad07000-6ad08000 r--p 00002000 08:05 4985518    /usr/lib/i386-linux-gnu/libgmodule-2.0.so.0.3200.3
6ad08000-6ad09000 rw-p 00003000 08:05 4985518    /usr/lib/i386-linux-gnu/libgmodule-2.0.so.0.3200.3
6ad09000-6ad14000 r--s 00079000 08:06 4459080    /home/ankit/Traafik latest/TraafikAppLatest/app/build/intermediates/exploded-aar/com.google.android.gms/play-services-analytics/7.5.0/jars/classes.jar
6ad14000-6ad23000 r--s 000dd000 08:06 21369266   /home/ankit/Ankitt Data/ECLIPSE/sdk/build-tools/22.0.1/lib/dx.jar
6ad23000-6ad24000 r--s 00007000 08:05 5246941    /usr/share/java/java-atk-wrapper.jar
6ad24000-6ad7f000 rw-p 00000000 00:00 0 
6ad7f000-6ad80000 ---p 00000000 00:00 0 
6ad80000-6ae00000 rw-p 00000000 00:00 0 
6ae00000-6ae21000 rw-p 00000000 00:00 0 
6ae21000-6af00000 ---p 00000000 00:00 0 
6af00000-6af03000 r--s 0000f000 08:05 4989079    /usr/lib/jvm/java-7-openjdk-i386/jre/lib/ext/icedtea-sound.jar
6af03000-6af05000 r--s 00012000 08:05 4989084    /usr/lib/jvm/java-7-openjdk-i386/jre/lib/ext/zipfs.jar
6af05000-6af09000 r--s 00034000 08:05 4989083    /usr/lib/jvm/java-7-openjdk-i386/jre/lib/ext/sunjce_provider.jar
6af09000-6af0d000 r--s 0003c000 08:05 4989081    /usr/lib/jvm/java-7-openjdk-i386/jre/lib/ext/sunpkcs11.jar
6af0d000-6af28000 rw-p 00000000 00:00 0 
6af28000-6af29000 ---p 00000000 00:00 0 
6af29000-6afbe000 rw-p 00000000 00:00 0 
6afbe000-6b0ff000 rw-p 00000000 00:00 0 
6b0ff000-6b107000 rw-p 00000000 00:00 0 
6b107000-6b13f000 rw-p 00000000 00:00 0 
6b13f000-6b154000 rw-p 00000000 00:00 0 
6b154000-6b294000 rw-p 00000000 00:00 0 
6b294000-6b2a7000 rw-p 00000000 00:00 0 
6b2a7000-6b33f000 rw-p 00000000 00:00 0 
6b33f000-6c340000 rw-p 00000000 00:00 0 
6c340000-73340000 rw-p 00000000 00:00 0 
73340000-75c00000 rw-p 00000000 00:00 0 
75c00000-9ddc0000 rw-p 00000000 00:00 0 
9ddc0000-a01c0000 rw-p 00000000 00:00 0 
a2a40000-b3340000 rw-p 00000000 00:00 0 
b3340000-b3349000 rw-p 00000000 00:00 0 
b3349000-b3400000 rw-p 00000000 00:00 0 
b3400000-b3640000 rwxp 00000000 00:00 0 
b3640000-b64fd000 rw-p 00000000 00:00 0 
b64fd000-b6500000 ---p 00000000 00:00 0 
b6500000-b6503000 r--s 00086000 08:05 4989082    /usr/lib/jvm/java-7-openjdk-i386/jre/lib/ext/localedata.jar
b6503000-b650b000 rw-p 00000000 00:00 0 
b650b000-b6543000 rw-p 00000000 00:00 0 
b6543000-b654e000 r-xp 00000000 08:05 3802066    /lib/i386-linux-gnu/libnss_files-2.15.so
b654e000-b654f000 r--p 0000a000 08:05 3802066    /lib/i386-linux-gnu/libnss_files-2.15.so
b654f000-b6550000 rw-p 0000b000 08:05 3802066    /lib/i386-linux-gnu/libnss_files-2.15.so
b6550000-b655a000 r-xp 00000000 08:05 3802070    /lib/i386-linux-gnu/libnss_nis-2.15.so
b655a000-b655b000 r--p 00009000 08:05 3802070    /lib/i386-linux-gnu/libnss_nis-2.15.so
b655b000-b655c000 rw-p 0000a000 08:05 3802070    /lib/i386-linux-gnu/libnss_nis-2.15.so
b655c000-b6572000 r-xp 00000000 08:05 3802060    /lib/i386-linux-gnu/libnsl-2.15.so
b6572000-b6573000 r--p 00015000 08:05 3802060    /lib/i386-linux-gnu/libnsl-2.15.so
b6573000-b6574000 rw-p 00016000 08:05 3802060    /lib/i386-linux-gnu/libnsl-2.15.so
b6574000-b6576000 rw-p 00000000 00:00 0 
b6576000-b657d000 r-xp 00000000 08:05 3802062    /lib/i386-linux-gnu/libnss_compat-2.15.so
b657d000-b657e000 r--p 00006000 08:05 3802062    /lib/i386-linux-gnu/libnss_compat-2.15.so
b657e000-b657f000 rw-p 00007000 08:05 3802062    /lib/i386-linux-gnu/libnss_compat-2.15.so
b657f000-b6587000 r-xp 00000000 08:05 4989114    /usr/lib/jvm/java-7-openjdk-i386/jre/lib/i386/libzip.so
b6587000-b6588000 r--p 00007000 08:05 4989114    /usr/lib/jvm/java-7-openjdk-i386/jre/lib/i386/libzip.so
b6588000-b6589000 rw-p 00008000 08:05 4989114    /usr/lib/jvm/java-7-openjdk-i386/jre/lib/i386/libzip.so
b6589000-b6591000 rw-s 00000000 08:05 145500     /tmp/hsperfdata_ankit/15321
b6591000-b65b8000 r-xp 00000000 08:05 4989134    /usr/lib/jvm/java-7-openjdk-i386/jre/lib/i386/libjava.so
b65b8000-b65b9000 r--p 00026000 08:05 4989134    /usr/lib/jvm/java-7-openjdk-i386/jre/lib/i386/libjava.so
b65b9000-b65ba000 rw-p 00027000 08:05 4989134    /usr/lib/jvm/java-7-openjdk-i386/jre/lib/i386/libjava.so
b65ba000-b65c1000 r-xp 00000000 08:05 3802101    /lib/i386-linux-gnu/librt-2.15.so
b65c1000-b65c2000 r--p 00006000 08:05 3802101    /lib/i386-linux-gnu/librt-2.15.so
b65c2000-b65c3000 rw-p 00007000 08:05 3802101    /lib/i386-linux-gnu/librt-2.15.so
b65c3000-b65c6000 ---p 00000000 00:00 0 
b65c6000-b6614000 rw-p 00000000 00:00 0 
b6614000-b6630000 r-xp 00000000 08:05 3802036    /lib/i386-linux-gnu/libgcc_s.so.1
b6630000-b6631000 r--p 0001b000 08:05 3802036    /lib/i386-linux-gnu/libgcc_s.so.1
b6631000-b6632000 rw-p 0001c000 08:05 3802036    /lib/i386-linux-gnu/libgcc_s.so.1
b6632000-b665c000 r-xp 00000000 08:05 3802047    /lib/i386-linux-gnu/libm-2.15.so
b665c000-b665d000 r--p 00029000 08:05 3802047    /lib/i386-linux-gnu/libm-2.15.so
b665d000-b665e000 rw-p 0002a000 08:05 3802047    /lib/i386-linux-gnu/libm-2.15.so
b665e000-b6736000 r-xp 00000000 08:05 4985813    /usr/lib/i386-linux-gnu/libstdc++.so.6.0.16
b6736000-b6737000 ---p 000d8000 08:05 4985813    /usr/lib/i386-linux-gnu/libstdc++.so.6.0.16
b6737000-b673b000 r--p 000d8000 08:05 4985813    /usr/lib/i386-linux-gnu/libstdc++.so.6.0.16
b673b000-b673c000 rw-p 000dc000 08:05 4985813    /usr/lib/i386-linux-gnu/libstdc++.so.6.0.16
b673c000-b6743000 rw-p 00000000 00:00 0 
b6743000-b7105000 r-xp 00000000 08:05 4989140    /usr/lib/jvm/java-7-openjdk-i386/jre/lib/i386/server/libjvm.so
b7105000-b715a000 r--p 009c2000 08:05 4989140    /usr/lib/jvm/java-7-openjdk-i386/jre/lib/i386/server/libjvm.so
b715a000-b716e000 rw-p 00a17000 08:05 4989140    /usr/lib/jvm/java-7-openjdk-i386/jre/lib/i386/server/libjvm.so
b716e000-b758c000 rw-p 00000000 00:00 0 
b758c000-b75a0000 r-xp 00000000 08:05 3802126    /lib/i386-linux-gnu/libz.so.1.2.3.4
b75a0000-b75a1000 r--p 00013000 08:05 3802126    /lib/i386-linux-gnu/libz.so.1.2.3.4
b75a1000-b75a2000 rw-p 00014000 08:05 3802126    /lib/i386-linux-gnu/libz.so.1.2.3.4
b75a2000-b75b9000 r-xp 00000000 08:05 3802095    /lib/i386-linux-gnu/libpthread-2.15.so
b75b9000-b75ba000 r--p 00016000 08:05 3802095    /lib/i386-linux-gnu/libpthread-2.15.so
b75ba000-b75bb000 rw-p 00017000 08:05 3802095    /lib/i386-linux-gnu/libpthread-2.15.so
b75bb000-b75bd000 rw-p 00000000 00:00 0 
b75bd000-b75c0000 r-xp 00000000 08:05 3802028    /lib/i386-linux-gnu/libdl-2.15.so
b75c0000-b75c1000 r--p 00002000 08:05 3802028    /lib/i386-linux-gnu/libdl-2.15.so
b75c1000-b75c2000 rw-p 00003000 08:05 3802028    /lib/i386-linux-gnu/libdl-2.15.so
b75c2000-b7761000 r-xp 00000000 08:05 3802015    /lib/i386-linux-gnu/libc-2.15.so
b7761000-b7763000 r--p 0019f000 08:05 3802015    /lib/i386-linux-gnu/libc-2.15.so
b7763000-b7764000 rw-p 001a1000 08:05 3802015    /lib/i386-linux-gnu/libc-2.15.so
b7764000-b7767000 rw-p 00000000 00:00 0 
b7767000-b7768000 r--s 00002000 08:05 4989080    /usr/lib/jvm/java-7-openjdk-i386/jre/lib/ext/dnsns.jar
b7768000-b7769000 r--p 005db000 08:05 4988066    /usr/lib/locale/locale-archive
b7769000-b776a000 rw-p 00000000 00:00 0 
b776a000-b776b000 ---p 00000000 00:00 0 
b776b000-b7777000 r-xp 00000000 08:05 4989131    /usr/lib/jvm/java-7-openjdk-i386/jre/lib/i386/libverify.so
b7777000-b7778000 r--p 0000b000 08:05 4989131    /usr/lib/jvm/java-7-openjdk-i386/jre/lib/i386/libverify.so
b7778000-b7779000 rw-p 0000c000 08:05 4989131    /usr/lib/jvm/java-7-openjdk-i386/jre/lib/i386/libverify.so
b7779000-b7786000 r-xp 00000000 08:05 4989106    /usr/lib/jvm/java-7-openjdk-i386/jre/lib/i386/jli/libjli.so
b7786000-b7787000 r--p 0000c000 08:05 4989106    /usr/lib/jvm/java-7-openjdk-i386/jre/lib/i386/jli/libjli.so
b7787000-b7788000 rw-p 0000d000 08:05 4989106    /usr/lib/jvm/java-7-openjdk-i386/jre/lib/i386/jli/libjli.so
b7788000-b778b000 rw-p 00000000 00:00 0 
b778b000-b778c000 r-xp 00000000 00:00 0          [vdso]
b778c000-b77ac000 r-xp 00000000 08:05 3801995    /lib/i386-linux-gnu/ld-2.15.so
b77ac000-b77ad000 r--p 0001f000 08:05 3801995    /lib/i386-linux-gnu/ld-2.15.so
b77ad000-b77ae000 rw-p 00020000 08:05 3801995    /lib/i386-linux-gnu/ld-2.15.so
bfcc6000-bfcc7000 rwxp 00000000 00:00 0 
bfcf9000-bfd1a000 rw-p 00000000 00:00 0          [stack]

VM Arguments:
jvm_args: -Xmx1024M -Dfile.encoding=UTF-8 -Duser.country=IN -Duser.language=en -Duser.variant 
java_command: com.android.dx.command.Main --dex --output /home/ankit/Traafik latest/TraafikAppLatest/app/build/intermediates/pre-dexed/debug/classes-60a7eb5bedd3ac059a03773ecb9be5aae7d1c35b.jar /home/ankit/Traafik latest/TraafikAppLatest/app/build/intermediates/exploded-aar/com.google.android.gms/play-services-analytics/7.5.0/jars/classes.jar
Launcher Type: SUN_STANDARD

Environment Variables:
PATH=/usr/lib/lightdm/lightdm:/usr/local/sbin:/usr/local/bin:/usr/sbin:/usr/bin:/sbin:/bin:/usr/games
LD_LIBRARY_PATH=/home/ankit/Android studio/android-studio/bin:
SHELL=/bin/bash
DISPLAY=:0.0

Signal Handlers:
SIGSEGV: [libjvm.so+0x80b550], sa_mask[0]=0x7ffbfeff, sa_flags=0x10000004
SIGBUS: [libjvm.so+0x80b550], sa_mask[0]=0x7ffbfeff, sa_flags=0x10000004
SIGFPE: [libjvm.so+0x6753e0], sa_mask[0]=0x7ffbfeff, sa_flags=0x10000004
SIGPIPE: [libjvm.so+0x6753e0], sa_mask[0]=0x7ffbfeff, sa_flags=0x10000004
SIGXFSZ: [libjvm.so+0x6753e0], sa_mask[0]=0x7ffbfeff, sa_flags=0x10000004
SIGILL: [libjvm.so+0x6753e0], sa_mask[0]=0x7ffbfeff, sa_flags=0x10000004
SIGUSR1: SIG_DFL, sa_mask[0]=0x00000000, sa_flags=0x00000000
SIGUSR2: [libjvm.so+0x675690], sa_mask[0]=0x00000004, sa_flags=0x10000004
SIGHUP: [libjvm.so+0x675850], sa_mask[0]=0x7ffbfeff, sa_flags=0x10000004
SIGINT: [libjvm.so+0x675850], sa_mask[0]=0x7ffbfeff, sa_flags=0x10000004
SIGTERM: [libjvm.so+0x675850], sa_mask[0]=0x7ffbfeff, sa_flags=0x10000004
SIGQUIT: [libjvm.so+0x675850], sa_mask[0]=0x7ffbfeff, sa_flags=0x10000004
SIGTRAP: SIG_DFL, sa_mask[0]=0x00000000, sa_flags=0x00000000


---------------  S Y S T E M  ---------------

OS:Ubuntu 12.04 (precise)
uname:Linux 3.2.0-29-generic-pae #46-Ubuntu SMP Fri Jul 27 17:25:43 UTC 2012 i686
libc:glibc 2.15 NPTL 2.15 
rlimit: STACK 8192k, CORE 0k, NPROC 31169, NOFILE 4096, AS infinity
load average:4.52 2.17 1.25

/proc/meminfo:
MemTotal:        4004304 kB
MemFree:          160636 kB
Buffers:            5028 kB
Cached:           579952 kB
SwapCached:            0 kB
Active:          3348960 kB
Inactive:         412820 kB
Active(anon):    3294568 kB
Inactive(anon):   358260 kB
Active(file):      54392 kB
Inactive(file):    54560 kB
Unevictable:          16 kB
Mlocked:              16 kB
HighTotal:       3159312 kB
HighFree:            440 kB
LowTotal:         844992 kB
LowFree:          160196 kB
SwapTotal:             0 kB
SwapFree:              0 kB
Dirty:              4968 kB
Writeback:             0 kB
AnonPages:       3177000 kB
Mapped:            74388 kB
Shmem:            475956 kB
Slab:              39948 kB
SReclaimable:      19572 kB
SUnreclaim:        20376 kB
KernelStack:        4904 kB
PageTables:        20256 kB
NFS_Unstable:          0 kB
Bounce:                0 kB
WritebackTmp:          0 kB
CommitLimit:     2002152 kB
Committed_AS:    7674532 kB
VmallocTotal:     122880 kB
VmallocUsed:       15196 kB
VmallocChunk:     106104 kB
HardwareCorrupted:     0 kB
AnonHugePages:         0 kB
HugePages_Total:       0
HugePages_Free:        0
HugePages_Rsvd:        0
HugePages_Surp:        0
Hugepagesize:       2048 kB
DirectMap4k:       10232 kB
DirectMap2M:      903168 kB


CPU:total 2 (2 cores per cpu, 1 threads per core) family 6 model 58 stepping 9, cmov, cx8, fxsr, mmx, sse, sse2, sse3, ssse3, sse4.1, sse4.2, popcnt, erms, tsc, tscinvbit, tscinv

/proc/cpuinfo:
processor	: 0
vendor_id	: GenuineIntel
cpu family	: 6
model		: 58
model name	: Intel(R) Pentium(R) CPU G2030 @ 3.00GHz
stepping	: 9
microcode	: 0x17
cpu MHz		: 3000.000
cache size	: 3072 KB
physical id	: 0
siblings	: 2
core id		: 0
cpu cores	: 2
apicid		: 0
initial apicid	: 0
fdiv_bug	: no
hlt_bug		: no
f00f_bug	: no
coma_bug	: no
fpu		: yes
fpu_exception	: yes
cpuid level	: 13
wp		: yes
flags		: fpu vme de pse tsc msr pae mce cx8 apic sep mtrr pge mca cmov pat pse36 clflush dts acpi mmx fxsr sse sse2 ss ht tm pbe nx rdtscp lm constant_tsc arch_perfmon pebs bts xtopology nonstop_tsc aperfmperf pni pclmulqdq dtes64 monitor ds_cpl vmx est tm2 ssse3 cx16 xtpr pdcm pcid sse4_1 sse4_2 popcnt tsc_deadline_timer xsave lahf_lm arat epb xsaveopt pln pts dtherm tpr_shadow vnmi flexpriority ept vpid fsgsbase smep erms
bogomips	: 5986.47
clflush size	: 64
cache_alignment	: 64
address sizes	: 36 bits physical, 48 bits virtual
power management:

processor	: 1
vendor_id	: GenuineIntel
cpu family	: 6
model		: 58
model name	: Intel(R) Pentium(R) CPU G2030 @ 3.00GHz
stepping	: 9
microcode	: 0x17
cpu MHz		: 3000.000
cache size	: 3072 KB
physical id	: 0
siblings	: 2
core id		: 1
cpu cores	: 2
apicid		: 2
initial apicid	: 2
fdiv_bug	: no
hlt_bug		: no
f00f_bug	: no
coma_bug	: no
fpu		: yes
fpu_exception	: yes
cpuid level	: 13
wp		: yes
flags		: fpu vme de pse tsc msr pae mce cx8 apic sep mtrr pge mca cmov pat pse36 clflush dts acpi mmx fxsr sse sse2 ss ht tm pbe nx rdtscp lm constant_tsc arch_perfmon pebs bts xtopology nonstop_tsc aperfmperf pni pclmulqdq dtes64 monitor ds_cpl vmx est tm2 ssse3 cx16 xtpr pdcm pcid sse4_1 sse4_2 popcnt tsc_deadline_timer xsave lahf_lm arat epb xsaveopt pln pts dtherm tpr_shadow vnmi flexpriority ept vpid fsgsbase smep erms
bogomips	: 5986.36
clflush size	: 64
cache_alignment	: 64
address sizes	: 36 bits physical, 48 bits virtual
power management:



Memory: 4k page, physical 4004304k(160636k free), swap 0k(0k free)

vm_info: OpenJDK Server VM (24.75-b04) for linux-x86 JRE (1.7.0_75-b13), built on Jan 27 2015 16:24:35 by "buildd" with gcc 4.6.3

time: Fri Jul 17 17:06:56 2015
elapsed time: 4 seconds

