#
# There is insufficient memory for the Java Runtime Environment to continue.
# Native memory allocation (malloc) failed to allocate 49807360 bytes for committing reserved memory.
# Possible reasons:
#   The system is out of physical RAM or swap space
#   In 32 bit mode, the process size limit was hit
# Possible solutions:
#   Reduce memory load on the system
#   Increase physical memory or swap space
#   Check if swap backing store is full
#   Use 64 bit Java on a 64 bit OS
#   Decrease Java heap size (-Xmx/-Xms)
#   Decrease number of Java threads
#   Decrease Java thread stack sizes (-Xss)
#   Set larger code cache with -XX:ReservedCodeCacheSize=
# This output file may be truncated or incomplete.
#
#  Out of Memory Error (os_linux.cpp:2798), pid=12230, tid=1746426688
#
# JRE version: OpenJDK Runtime Environment (7.0_75-b13) (build 1.7.0_75-b13)
# Java VM: OpenJDK Server VM (24.75-b04 mixed mode linux-x86 )
# Derivative: IcedTea 2.5.4
# Distribution: Ubuntu 12.04 LTS, package 7u75-2.5.4-1~precise1
# Failed to write core dump. Core dumps have been disabled. To enable core dumping, try "ulimit -c unlimited" before starting Java again
#

---------------  T H R E A D  ---------------

Current thread (0x68010c00):  VMThread [stack: 0x68105000,0x68186000] [id=12237]

Stack: [0x68105000,0x68186000]
[error occurred during error reporting (printing stack bounds), id 0xb]

VM_Operation (0xb6638c48): ParallelGCFailedAllocation, mode: safepoint, requested by thread 0xb6409800


---------------  P R O C E S S  ---------------

Java Threads: ( => current thread )
  0x6802c000 JavaThread "Service Thread" daemon [_thread_blocked, id=12243, stack(0x67bba000,0x67c0b000)]
  0x6802a400 JavaThread "C2 CompilerThread1" daemon [_thread_blocked, id=12242, stack(0x67c0b000,0x67c8c000)]
  0x68028400 JavaThread "C2 CompilerThread0" daemon [_thread_blocked, id=12241, stack(0x67c8c000,0x67d0d000)]
  0x68026800 JavaThread "Signal Dispatcher" daemon [_thread_blocked, id=12240, stack(0x67d0d000,0x67d5e000)]
  0x68015000 JavaThread "Finalizer" daemon [_thread_blocked, id=12239, stack(0x67f5e000,0x67faf000)]
  0x68013800 JavaThread "Reference Handler" daemon [_thread_blocked, id=12238, stack(0x67faf000,0x68000000)]
  0xb6409800 JavaThread "main" [_thread_blocked, id=12234, stack(0xb65e9000,0xb663a000)]

Other Threads:
=>0x68010c00 VMThread [stack: 0x68105000,0x68186000] [id=12237]
  0x6802e400 WatcherThread [stack: 0x67b39000,0x67bba000] [id=12244]

VM state:at safepoint (normal execution)

VM Mutex/Monitor currently owned by a thread:  ([mutex/lock_event])
[0xb6406fb8] Threads_lock - owner thread: 0x68010c00
[0xb64073c8] Heap_lock - owner thread: 0xb6409800

Heap
 PSYoungGen      total 34304K, used 2551K [0x9ddc0000, 0xa01c0000, 0xb3340000)
  eden space 31744K, 0% used [0x9ddc0000,0x9ddc0000,0x9fcc0000)
  from space 2560K, 99% used [0x9fcc0000,0x9ff3def8,0x9ff40000)
  to   space 2560K, 0% used [0x9ff40000,0x9ff40000,0xa01c0000)
 ParOldGen       total 41728K, used 20906K [0x73340000, 0x75c00000, 0x9ddc0000)
  object space 41728K, 50% used [0x73340000,0x747aab08,0x75c00000)
 PSPermGen       total 16384K, used 5031K [0x6b340000, 0x6c340000, 0x73340000)
  object space 16384K, 30% used [0x6b340000,0x6b829d88,0x6c340000)

Card table byte_map: [0x6b0ff000,0x6b340000] byte_map_base: 0x6ada5600

Polling page: 0xb7790000

Code Cache  [0xb3400000, 0xb3640000, 0xb6400000)
 total_blobs=721 nmethods=589 adapters=86 free_code_cache=47627Kb largest_free_block=48741376

Compilation events (10 events):
Event: 3.514 Thread 0x6802a400  586             com.android.dx.io.instructions.ShortArrayCodeOutput::writeInt (16 bytes)
Event: 3.515 Thread 0x6802a400 nmethod 586 0xb357ab08 code [0xb357ac00, 0xb357acd0]
Event: 3.516 Thread 0x6802a400  587             com.android.dx.io.instructions.InstructionCodec$34::decode (314 bytes)
Event: 3.516 Thread 0x68028400  588             com.android.dx.io.instructions.ShortArrayCodeOutput::write (33 bytes)
Event: 3.527 Thread 0x68028400 nmethod 588 0xb357a588 code [0xb357a680, 0xb357a9d0]
Event: 3.527 Thread 0x68028400  589             com.android.dx.io.instructions.TwoRegisterDecodedInstruction::<init> (26 bytes)
Event: 3.528 Thread 0x68028400 nmethod 589 0xb357a2c8 code [0xb357a3c0, 0xb357a4b0]
Event: 3.528 Thread 0x68028400  590             com.android.dx.merge.IndexMap::adjustMethod (10 bytes)
Event: 3.529 Thread 0x68028400 nmethod 590 0xb357a0c8 code [0xb357a1c0, 0xb357a230]
Event: 3.535 Thread 0x6802a400 nmethod 587 0xb357ed88 code [0xb357ef20, 0xb357faac]

GC Heap History (9 events):
Event: 1.420 GC heap before
{Heap before GC invocations=1 (full 0):
 PSYoungGen      total 18432K, used 15872K [0x9ddc0000, 0x9f240000, 0xb3340000)
  eden space 15872K, 100% used [0x9ddc0000,0x9ed40000,0x9ed40000)
  from space 2560K, 0% used [0x9efc0000,0x9efc0000,0x9f240000)
  to   space 2560K, 0% used [0x9ed40000,0x9ed40000,0x9efc0000)
 ParOldGen       total 41728K, used 0K [0x73340000, 0x75c00000, 0x9ddc0000)
  object space 41728K, 0% used [0x73340000,0x73340000,0x75c00000)
 PSPermGen       total 16384K, used 3516K [0x6b340000, 0x6c340000, 0x73340000)
  object space 16384K, 21% used [0x6b340000,0x6b6af060,0x6c340000)
Event: 1.425 GC heap after
Heap after GC invocations=1 (full 0):
 PSYoungGen      total 18432K, used 2559K [0x9ddc0000, 0x9f240000, 0xb3340000)
  eden space 15872K, 0% used [0x9ddc0000,0x9ddc0000,0x9ed40000)
  from space 2560K, 99% used [0x9ed40000,0x9efbfe68,0x9efc0000)
  to   space 2560K, 0% used [0x9efc0000,0x9efc0000,0x9f240000)
 ParOldGen       total 41728K, used 1453K [0x73340000, 0x75c00000, 0x9ddc0000)
  object space 41728K, 3% used [0x73340000,0x734ab4e0,0x75c00000)
 PSPermGen       total 16384K, used 3516K [0x6b340000, 0x6c340000, 0x73340000)
  object space 16384K, 21% used [0x6b340000,0x6b6af060,0x6c340000)
}
Event: 2.087 GC heap before
{Heap before GC invocations=2 (full 0):
 PSYoungGen      total 18432K, used 18431K [0x9ddc0000, 0x9f240000, 0xb3340000)
  eden space 15872K, 100% used [0x9ddc0000,0x9ed40000,0x9ed40000)
  from space 2560K, 99% used [0x9ed40000,0x9efbfe68,0x9efc0000)
  to   space 2560K, 0% used [0x9efc0000,0x9efc0000,0x9f240000)
 ParOldGen       total 41728K, used 1453K [0x73340000, 0x75c00000, 0x9ddc0000)
  object space 41728K, 3% used [0x73340000,0x734ab4e0,0x75c00000)
 PSPermGen       total 16384K, used 3604K [0x6b340000, 0x6c340000, 0x73340000)
  object space 16384K, 22% used [0x6b340000,0x6b6c5260,0x6c340000)
Event: 2.095 GC heap after
Heap after GC invocations=2 (full 0):
 PSYoungGen      total 18432K, used 2556K [0x9ddc0000, 0x9f240000, 0xb3340000)
  eden space 15872K, 0% used [0x9ddc0000,0x9ddc0000,0x9ed40000)
  from space 2560K, 99% used [0x9efc0000,0x9f23f2c8,0x9f240000)
  to   space 2560K, 0% used [0x9ed40000,0x9ed40000,0x9efc0000)
 ParOldGen       total 41728K, used 4169K [0x73340000, 0x75c00000, 0x9ddc0000)
  object space 41728K, 9% used [0x73340000,0x737524b0,0x75c00000)
 PSPermGen       total 16384K, used 3604K [0x6b340000, 0x6c340000, 0x73340000)
  object space 16384K, 22% used [0x6b340000,0x6b6c5260,0x6c340000)
}
Event: 2.637 GC heap before
{Heap before GC invocations=3 (full 0):
 PSYoungGen      total 18432K, used 18337K [0x9ddc0000, 0x9f240000, 0xb3340000)
  eden space 15872K, 99% used [0x9ddc0000,0x9ed29190,0x9ed40000)
  from space 2560K, 99% used [0x9efc0000,0x9f23f2c8,0x9f240000)
  to   space 2560K, 0% used [0x9ed40000,0x9ed40000,0x9efc0000)
 ParOldGen       total 41728K, used 4169K [0x73340000, 0x75c00000, 0x9ddc0000)
  object space 41728K, 9% used [0x73340000,0x737524b0,0x75c00000)
 PSPermGen       total 16384K, used 3895K [0x6b340000, 0x6c340000, 0x73340000)
  object space 16384K, 23% used [0x6b340000,0x6b70dcd8,0x6c340000)
Event: 2.645 GC heap after
Heap after GC invocations=3 (full 0):
 PSYoungGen      total 18432K, used 2551K [0x9ddc0000, 0xa01c0000, 0xb3340000)
  eden space 15872K, 0% used [0x9ddc0000,0x9ddc0000,0x9ed40000)
  from space 2560K, 99% used [0x9ed40000,0x9efbdef8,0x9efc0000)
  to   space 2560K, 0% used [0x9ff40000,0x9ff40000,0xa01c0000)
 ParOldGen       total 41728K, used 8606K [0x73340000, 0x75c00000, 0x9ddc0000)
  object space 41728K, 20% used [0x73340000,0x73ba7a08,0x75c00000)
 PSPermGen       total 16384K, used 3895K [0x6b340000, 0x6c340000, 0x73340000)
  object space 16384K, 23% used [0x6b340000,0x6b70dcd8,0x6c340000)
}
Event: 2.678 GC heap before
{Heap before GC invocations=4 (full 0):
 PSYoungGen      total 18432K, used 18268K [0x9ddc0000, 0xa01c0000, 0xb3340000)
  eden space 15872K, 99% used [0x9ddc0000,0x9ed19320,0x9ed40000)
  from space 2560K, 99% used [0x9ed40000,0x9efbdef8,0x9efc0000)
  to   space 2560K, 0% used [0x9ff40000,0x9ff40000,0xa01c0000)
 ParOldGen       total 41728K, used 8606K [0x73340000, 0x75c00000, 0x9ddc0000)
  object space 41728K, 20% used [0x73340000,0x73ba7a08,0x75c00000)
 PSPermGen       total 16384K, used 3895K [0x6b340000, 0x6c340000, 0x73340000)
  object space 16384K, 23% used [0x6b340000,0x6b70dd80,0x6c340000)
Event: 2.684 GC heap after
Heap after GC invocations=4 (full 0):
 PSYoungGen      total 34304K, used 2558K [0x9ddc0000, 0xa01c0000, 0xb3340000)
  eden space 31744K, 0% used [0x9ddc0000,0x9ddc0000,0x9fcc0000)
  from space 2560K, 99% used [0x9ff40000,0xa01bfbb0,0xa01c0000)
  to   space 2560K, 0% used [0x9fcc0000,0x9fcc0000,0x9ff40000)
 ParOldGen       total 41728K, used 13492K [0x73340000, 0x75c00000, 0x9ddc0000)
  object space 41728K, 32% used [0x73340000,0x7406d248,0x75c00000)
 PSPermGen       total 16384K, used 3895K [0x6b340000, 0x6c340000, 0x73340000)
  object space 16384K, 23% used [0x6b340000,0x6b70dd80,0x6c340000)
}
Event: 3.546 GC heap before
{Heap before GC invocations=5 (full 0):
 PSYoungGen      total 34304K, used 34302K [0x9ddc0000, 0xa01c0000, 0xb3340000)
  eden space 31744K, 100% used [0x9ddc0000,0x9fcc0000,0x9fcc0000)
  from space 2560K, 99% used [0x9ff40000,0xa01bfbb0,0xa01c0000)
  to   space 2560K, 0% used [0x9fcc0000,0x9fcc0000,0x9ff40000)
 ParOldGen       total 41728K, used 13492K [0x73340000, 0x75c00000, 0x9ddc0000)
  object space 41728K, 32% used [0x73340000,0x7406d248,0x75c00000)
 PSPermGen       total 16384K, used 5031K [0x6b340000, 0x6c340000, 0x73340000)
  object space 16384K, 30% used [0x6b340000,0x6b829d88,0x6c340000)

Deoptimization events (10 events):
Event: 3.271 Thread 0xb6409800 Uncommon trap: reason=class_check action=maybe_recompile pc=0xb34ba9bc method=java.util.HashMap.<init>(IF)V @ 115
Event: 3.276 Thread 0xb6409800 Uncommon trap: reason=class_check action=maybe_recompile pc=0xb34b9348 method=java.util.ArrayList.<init>(Ljava/util/Collection;)V @ 6
Event: 3.304 Thread 0xb6409800 Uncommon trap: reason=class_check action=maybe_recompile pc=0xb34a85d0 method=java.util.HashMap.<init>(IF)V @ 115
Event: 3.304 Thread 0xb6409800 Uncommon trap: reason=class_check action=maybe_recompile pc=0xb34b9348 method=java.util.ArrayList.<init>(Ljava/util/Collection;)V @ 6
Event: 3.308 Thread 0xb6409800 Uncommon trap: reason=class_check action=maybe_recompile pc=0xb3557d68 method=com.android.dx.merge.DexMerger$IdMerger.mergeSorted()V @ 11
Event: 3.317 Thread 0xb6409800 Uncommon trap: reason=class_check action=maybe_recompile pc=0xb3557d68 method=com.android.dx.merge.DexMerger$IdMerger.mergeSorted()V @ 11
Event: 3.318 Thread 0xb6409800 Uncommon trap: reason=class_check action=maybe_recompile pc=0xb3557d68 method=com.android.dx.merge.DexMerger$IdMerger.mergeSorted()V @ 11
Event: 3.319 Thread 0xb6409800 Uncommon trap: reason=class_check action=maybe_recompile pc=0xb3557d68 method=com.android.dx.merge.DexMerger$IdMerger.mergeSorted()V @ 11
Event: 3.330 Thread 0xb6409800 Uncommon trap: reason=predicate action=maybe_recompile pc=0xb355a6c8 method=com.android.dex.Leb128.readUnsignedLeb128(Lcom/android/dex/util/ByteInput;)I @ 41
Event: 3.377 Thread 0xb6409800 Uncommon trap: reason=bimorphic action=maybe_recompile pc=0xb35566cc method=com.android.dx.merge.DexMerger$IdMerger.mergeSorted()V @ 372

Internal exceptions (10 events):
Event: 3.219 Thread 0xb6409800 Threw 0x9e729ce8 at /build/buildd/openjdk-7-7u75-2.5.4/build/openjdk/hotspot/src/share/vm/prims/jvm.cpp:1284
Event: 3.220 Thread 0xb6409800 Threw 0x9e72d648 at /build/buildd/openjdk-7-7u75-2.5.4/build/openjdk/hotspot/src/share/vm/prims/jvm.cpp:1284
Event: 3.221 Thread 0xb6409800 Threw 0x9e7345d8 at /build/buildd/openjdk-7-7u75-2.5.4/build/openjdk/hotspot/src/share/vm/prims/jvm.cpp:1284
Event: 3.222 Thread 0xb6409800 Threw 0x9e7370b0 at /build/buildd/openjdk-7-7u75-2.5.4/build/openjdk/hotspot/src/share/vm/prims/jvm.cpp:1284
Event: 3.274 Thread 0xb6409800 Threw 0x9e84da38 at /build/buildd/openjdk-7-7u75-2.5.4/build/openjdk/hotspot/src/share/vm/prims/jvm.cpp:1284
Event: 3.274 Thread 0xb6409800 Threw 0x9e84db50 at /build/buildd/openjdk-7-7u75-2.5.4/build/openjdk/hotspot/src/share/vm/prims/jvm.cpp:1284
Event: 3.274 Thread 0xb6409800 Threw 0x9e84ffa0 at /build/buildd/openjdk-7-7u75-2.5.4/build/openjdk/hotspot/src/share/vm/prims/jvm.cpp:1284
Event: 3.274 Thread 0xb6409800 Threw 0x9e8500b8 at /build/buildd/openjdk-7-7u75-2.5.4/build/openjdk/hotspot/src/share/vm/prims/jvm.cpp:1284
Event: 3.274 Thread 0xb6409800 Threw 0x9e850a28 at /build/buildd/openjdk-7-7u75-2.5.4/build/openjdk/hotspot/src/share/vm/prims/jvm.cpp:1284
Event: 3.274 Thread 0xb6409800 Threw 0x9e850b40 at /build/buildd/openjdk-7-7u75-2.5.4/build/openjdk/hotspot/src/share/vm/prims/jvm.cpp:1284

Events (10 events):
Event: 3.319 Thread 0xb6409800 DEOPT PACKING pc=0xb3557d68 sp=0xb6638e60
Event: 3.319 Thread 0xb6409800 DEOPT UNPACKING pc=0xb342cbc8 sp=0xb6638e58 mode 2
Event: 3.326 Thread 0x68028400 flushing nmethod 0xb3465488
Event: 3.330 Thread 0xb6409800 Uncommon trap: trap_request=0xffffff86 fr.pc=0xb355a6c8
Event: 3.330 Thread 0xb6409800 DEOPT PACKING pc=0xb355a6c8 sp=0xb6638c50
Event: 3.330 Thread 0xb6409800 DEOPT UNPACKING pc=0xb342cbc8 sp=0xb6638c3c mode 2
Event: 3.377 Thread 0xb6409800 Uncommon trap: trap_request=0xffffffc6 fr.pc=0xb35566cc
Event: 3.377 Thread 0xb6409800 DEOPT PACKING pc=0xb35566cc sp=0xb6638e70
Event: 3.377 Thread 0xb6409800 DEOPT UNPACKING pc=0xb342cbc8 sp=0xb6638e58 mode 2
Event: 3.546 Executing VM operation: ParallelGCFailedAllocation


Dynamic libraries:
08048000-08049000 r-xp 00000000 08:05 4983886    /usr/lib/jvm/java-7-openjdk-i386/jre/bin/java
08049000-0804a000 r--p 00000000 08:05 4983886    /usr/lib/jvm/java-7-openjdk-i386/jre/bin/java
0804a000-0804b000 rw-p 00001000 08:05 4983886    /usr/lib/jvm/java-7-openjdk-i386/jre/bin/java
08aa5000-08ff4000 rw-p 00000000 00:00 0          [heap]
67200000-67231000 rw-p 00000000 00:00 0 
67231000-67300000 ---p 00000000 00:00 0 
673b0000-674a7000 r-xp 00000000 08:05 3802040    /lib/i386-linux-gnu/libglib-2.0.so.0.3200.3
674a7000-674a8000 r--p 000f6000 08:05 3802040    /lib/i386-linux-gnu/libglib-2.0.so.0.3200.3
674a8000-674a9000 rw-p 000f7000 08:05 3802040    /lib/i386-linux-gnu/libglib-2.0.so.0.3200.3
674a9000-675fc000 r-xp 00000000 08:05 4985508    /usr/lib/i386-linux-gnu/libgio-2.0.so.0.3200.3
675fc000-675fe000 r--p 00153000 08:05 4985508    /usr/lib/i386-linux-gnu/libgio-2.0.so.0.3200.3
675fe000-675ff000 rw-p 00155000 08:05 4985508    /usr/lib/i386-linux-gnu/libgio-2.0.so.0.3200.3
675ff000-67600000 rw-p 00000000 00:00 0 
67600000-676d1000 rw-p 00000000 00:00 0 
676d1000-67700000 ---p 00000000 00:00 0 
6775d000-67797000 r-xp 00000000 08:05 3802088    /lib/i386-linux-gnu/libpcre.so.3.12.1
67797000-67798000 r--p 00039000 08:05 3802088    /lib/i386-linux-gnu/libpcre.so.3.12.1
67798000-67799000 rw-p 0003a000 08:05 3802088    /lib/i386-linux-gnu/libpcre.so.3.12.1
67799000-677ac000 r-xp 00000000 08:05 3802099    /lib/i386-linux-gnu/libresolv-2.15.so
677ac000-677ad000 ---p 00013000 08:05 3802099    /lib/i386-linux-gnu/libresolv-2.15.so
677ad000-677ae000 r--p 00013000 08:05 3802099    /lib/i386-linux-gnu/libresolv-2.15.so
677ae000-677af000 rw-p 00014000 08:05 3802099    /lib/i386-linux-gnu/libresolv-2.15.so
677af000-677b1000 rw-p 00000000 00:00 0 
677b1000-677fe000 r-xp 00000000 08:05 4985532    /usr/lib/i386-linux-gnu/libgobject-2.0.so.0.3200.3
677fe000-677ff000 r--p 0004c000 08:05 4985532    /usr/lib/i386-linux-gnu/libgobject-2.0.so.0.3200.3
677ff000-67800000 rw-p 0004d000 08:05 4985532    /usr/lib/i386-linux-gnu/libgobject-2.0.so.0.3200.3
67800000-679e3000 rw-p 00000000 00:00 0 
679e3000-67a00000 ---p 00000000 00:00 0 
67a00000-67afb000 rw-p 00000000 00:00 0 
67afb000-67b00000 ---p 00000000 00:00 0 
67b01000-67b06000 r-xp 00000000 08:05 4985471    /usr/lib/i386-linux-gnu/libffi.so.6.0.0
67b06000-67b07000 r--p 00004000 08:05 4985471    /usr/lib/i386-linux-gnu/libffi.so.6.0.0
67b07000-67b08000 rw-p 00005000 08:05 4985471    /usr/lib/i386-linux-gnu/libffi.so.6.0.0
67b08000-67b25000 r-xp 00000000 08:05 3802103    /lib/i386-linux-gnu/libselinux.so.1
67b25000-67b26000 r--p 0001c000 08:05 3802103    /lib/i386-linux-gnu/libselinux.so.1
67b26000-67b27000 rw-p 0001d000 08:05 3802103    /lib/i386-linux-gnu/libselinux.so.1
67b39000-67b3a000 ---p 00000000 00:00 0 
67b3a000-67bba000 rw-p 00000000 00:00 0 
67bba000-67bbd000 ---p 00000000 00:00 0 
67bbd000-67c0b000 rw-p 00000000 00:00 0 
67c0b000-67c0e000 ---p 00000000 00:00 0 
67c0e000-67c8c000 rw-p 00000000 00:00 0 
67c8c000-67c8f000 ---p 00000000 00:00 0 
67c8f000-67d0d000 rw-p 00000000 00:00 0 
67d0d000-67d10000 ---p 00000000 00:00 0 
67d10000-67d5e000 rw-p 00000000 00:00 0 
67d5e000-67f5e000 r--p 00000000 08:05 4988066    /usr/lib/locale/locale-archive
67f5e000-67f61000 ---p 00000000 00:00 0 
67f61000-67faf000 rw-p 00000000 00:00 0 
67faf000-67fb2000 ---p 00000000 00:00 0 
67fb2000-68000000 rw-p 00000000 00:00 0 
68000000-680fd000 rw-p 00000000 00:00 0 
680fd000-68100000 ---p 00000000 00:00 0 
68105000-68106000 ---p 00000000 00:00 0 
68106000-681cf000 rw-p 00000000 00:00 0 
681cf000-68380000 r--s 01d23000 08:05 4989042    /usr/lib/jvm/java-7-openjdk-i386/jre/lib/rt.jar
68380000-6ac00000 rw-p 00000000 00:00 0 
6ac00000-6acf4000 rw-p 00000000 00:00 0 
6acf4000-6ad00000 ---p 00000000 00:00 0 
6ad02000-6ad06000 r--s 0004d000 08:05 4989094    /usr/lib/jvm/java-7-openjdk-i386/jre/lib/jsse.jar
6ad06000-6ad09000 r-xp 00000000 08:05 4985518    /usr/lib/i386-linux-gnu/libgmodule-2.0.so.0.3200.3
6ad09000-6ad0a000 r--p 00002000 08:05 4985518    /usr/lib/i386-linux-gnu/libgmodule-2.0.so.0.3200.3
6ad0a000-6ad0b000 rw-p 00003000 08:05 4985518    /usr/lib/i386-linux-gnu/libgmodule-2.0.so.0.3200.3
6ad0b000-6ad22000 r-xp 00000000 08:05 4989135    /usr/lib/jvm/java-7-openjdk-i386/jre/lib/i386/libnet.so
6ad22000-6ad23000 r--p 00016000 08:05 4989135    /usr/lib/jvm/java-7-openjdk-i386/jre/lib/i386/libnet.so
6ad23000-6ad24000 rw-p 00017000 08:05 4989135    /usr/lib/jvm/java-7-openjdk-i386/jre/lib/i386/libnet.so
6ad24000-6ad7f000 rw-p 00000000 00:00 0 
6ad7f000-6ad80000 ---p 00000000 00:00 0 
6ad80000-6ae00000 rw-p 00000000 00:00 0 
6ae00000-6ae21000 rw-p 00000000 00:00 0 
6ae21000-6af00000 ---p 00000000 00:00 0 
6af02000-6af13000 r-xp 00000000 08:05 4989121    /usr/lib/jvm/java-7-openjdk-i386/jre/lib/i386/libnio.so
6af13000-6af14000 r--p 00010000 08:05 4989121    /usr/lib/jvm/java-7-openjdk-i386/jre/lib/i386/libnio.so
6af14000-6af15000 rw-p 00011000 08:05 4989121    /usr/lib/jvm/java-7-openjdk-i386/jre/lib/i386/libnio.so
6af16000-6af25000 r--s 000dd000 08:06 21369266   /home/ankit/Ankitt Data/ECLIPSE/sdk/build-tools/22.0.1/lib/dx.jar
6af25000-6af28000 r--s 0000f000 08:05 4989079    /usr/lib/jvm/java-7-openjdk-i386/jre/lib/ext/icedtea-sound.jar
6af28000-6af29000 ---p 00000000 00:00 0 
6af29000-6afbe000 rw-p 00000000 00:00 0 
6afbe000-6b0ff000 rw-p 00000000 00:00 0 
6b0ff000-6b107000 rw-p 00000000 00:00 0 
6b107000-6b13f000 rw-p 00000000 00:00 0 
6b13f000-6b154000 rw-p 00000000 00:00 0 
6b154000-6b294000 rw-p 00000000 00:00 0 
6b294000-6b2a7000 rw-p 00000000 00:00 0 
6b2a7000-6b33f000 rw-p 00000000 00:00 0 
6b33f000-6c340000 rw-p 00000000 00:00 0 
6c340000-73340000 rw-p 00000000 00:00 0 
73340000-75c00000 rw-p 00000000 00:00 0 
75c00000-9ddc0000 rw-p 00000000 00:00 0 
9ddc0000-a01c0000 rw-p 00000000 00:00 0 
a3140000-b3340000 rw-p 00000000 00:00 0 
b3340000-b3349000 rw-p 00000000 00:00 0 
b3349000-b3400000 rw-p 00000000 00:00 0 
b3400000-b3640000 rwxp 00000000 00:00 0 
b3640000-b64fe000 rw-p 00000000 00:00 0 
b64fe000-b6500000 ---p 00000000 00:00 0 
b6500000-b6501000 r--s 00007000 08:05 5246941    /usr/share/java/java-atk-wrapper.jar
b6501000-b6503000 r--s 00012000 08:05 4989084    /usr/lib/jvm/java-7-openjdk-i386/jre/lib/ext/zipfs.jar
b6503000-b6507000 r--s 00034000 08:05 4989083    /usr/lib/jvm/java-7-openjdk-i386/jre/lib/ext/sunjce_provider.jar
b6507000-b650b000 r--s 0003c000 08:05 4989081    /usr/lib/jvm/java-7-openjdk-i386/jre/lib/ext/sunpkcs11.jar
b650b000-b650e000 r--s 00086000 08:05 4989082    /usr/lib/jvm/java-7-openjdk-i386/jre/lib/ext/localedata.jar
b650e000-b6531000 rw-p 00000000 00:00 0 
b6531000-b6569000 rw-p 00000000 00:00 0 
b6569000-b6574000 r-xp 00000000 08:05 3802066    /lib/i386-linux-gnu/libnss_files-2.15.so
b6574000-b6575000 r--p 0000a000 08:05 3802066    /lib/i386-linux-gnu/libnss_files-2.15.so
b6575000-b6576000 rw-p 0000b000 08:05 3802066    /lib/i386-linux-gnu/libnss_files-2.15.so
b6576000-b6580000 r-xp 00000000 08:05 3802070    /lib/i386-linux-gnu/libnss_nis-2.15.so
b6580000-b6581000 r--p 00009000 08:05 3802070    /lib/i386-linux-gnu/libnss_nis-2.15.so
b6581000-b6582000 rw-p 0000a000 08:05 3802070    /lib/i386-linux-gnu/libnss_nis-2.15.so
b6582000-b6598000 r-xp 00000000 08:05 3802060    /lib/i386-linux-gnu/libnsl-2.15.so
b6598000-b6599000 r--p 00015000 08:05 3802060    /lib/i386-linux-gnu/libnsl-2.15.so
b6599000-b659a000 rw-p 00016000 08:05 3802060    /lib/i386-linux-gnu/libnsl-2.15.so
b659a000-b659c000 rw-p 00000000 00:00 0 
b659c000-b65a3000 r-xp 00000000 08:05 3802062    /lib/i386-linux-gnu/libnss_compat-2.15.so
b65a3000-b65a4000 r--p 00006000 08:05 3802062    /lib/i386-linux-gnu/libnss_compat-2.15.so
b65a4000-b65a5000 rw-p 00007000 08:05 3802062    /lib/i386-linux-gnu/libnss_compat-2.15.so
b65a5000-b65ad000 r-xp 00000000 08:05 4989114    /usr/lib/jvm/java-7-openjdk-i386/jre/lib/i386/libzip.so
b65ad000-b65ae000 r--p 00007000 08:05 4989114    /usr/lib/jvm/java-7-openjdk-i386/jre/lib/i386/libzip.so
b65ae000-b65af000 rw-p 00008000 08:05 4989114    /usr/lib/jvm/java-7-openjdk-i386/jre/lib/i386/libzip.so
b65af000-b65b7000 rw-s 00000000 08:05 145490     /tmp/hsperfdata_ankit/12230
b65b7000-b65de000 r-xp 00000000 08:05 4989134    /usr/lib/jvm/java-7-openjdk-i386/jre/lib/i386/libjava.so
b65de000-b65df000 r--p 00026000 08:05 4989134    /usr/lib/jvm/java-7-openjdk-i386/jre/lib/i386/libjava.so
b65df000-b65e0000 rw-p 00027000 08:05 4989134    /usr/lib/jvm/java-7-openjdk-i386/jre/lib/i386/libjava.so
b65e0000-b65e7000 r-xp 00000000 08:05 3802101    /lib/i386-linux-gnu/librt-2.15.so
b65e7000-b65e8000 r--p 00006000 08:05 3802101    /lib/i386-linux-gnu/librt-2.15.so
b65e8000-b65e9000 rw-p 00007000 08:05 3802101    /lib/i386-linux-gnu/librt-2.15.so
b65e9000-b65ec000 ---p 00000000 00:00 0 
b65ec000-b663a000 rw-p 00000000 00:00 0 
b663a000-b6656000 r-xp 00000000 08:05 3802036    /lib/i386-linux-gnu/libgcc_s.so.1
b6656000-b6657000 r--p 0001b000 08:05 3802036    /lib/i386-linux-gnu/libgcc_s.so.1
b6657000-b6658000 rw-p 0001c000 08:05 3802036    /lib/i386-linux-gnu/libgcc_s.so.1
b6658000-b6682000 r-xp 00000000 08:05 3802047    /lib/i386-linux-gnu/libm-2.15.so
b6682000-b6683000 r--p 00029000 08:05 3802047    /lib/i386-linux-gnu/libm-2.15.so
b6683000-b6684000 rw-p 0002a000 08:05 3802047    /lib/i386-linux-gnu/libm-2.15.so
b6684000-b675c000 r-xp 00000000 08:05 4985813    /usr/lib/i386-linux-gnu/libstdc++.so.6.0.16
b675c000-b675d000 ---p 000d8000 08:05 4985813    /usr/lib/i386-linux-gnu/libstdc++.so.6.0.16
b675d000-b6761000 r--p 000d8000 08:05 4985813    /usr/lib/i386-linux-gnu/libstdc++.so.6.0.16
b6761000-b6762000 rw-p 000dc000 08:05 4985813    /usr/lib/i386-linux-gnu/libstdc++.so.6.0.16
b6762000-b6769000 rw-p 00000000 00:00 0 
b6769000-b712b000 r-xp 00000000 08:05 4989140    /usr/lib/jvm/java-7-openjdk-i386/jre/lib/i386/server/libjvm.so
b712b000-b7180000 r--p 009c2000 08:05 4989140    /usr/lib/jvm/java-7-openjdk-i386/jre/lib/i386/server/libjvm.so
b7180000-b7194000 rw-p 00a17000 08:05 4989140    /usr/lib/jvm/java-7-openjdk-i386/jre/lib/i386/server/libjvm.so
b7194000-b75b2000 rw-p 00000000 00:00 0 
b75b2000-b75c6000 r-xp 00000000 08:05 3802126    /lib/i386-linux-gnu/libz.so.1.2.3.4
b75c6000-b75c7000 r--p 00013000 08:05 3802126    /lib/i386-linux-gnu/libz.so.1.2.3.4
b75c7000-b75c8000 rw-p 00014000 08:05 3802126    /lib/i386-linux-gnu/libz.so.1.2.3.4
b75c8000-b75df000 r-xp 00000000 08:05 3802095    /lib/i386-linux-gnu/libpthread-2.15.so
b75df000-b75e0000 r--p 00016000 08:05 3802095    /lib/i386-linux-gnu/libpthread-2.15.so
b75e0000-b75e1000 rw-p 00017000 08:05 3802095    /lib/i386-linux-gnu/libpthread-2.15.so
b75e1000-b75e3000 rw-p 00000000 00:00 0 
b75e3000-b75e6000 r-xp 00000000 08:05 3802028    /lib/i386-linux-gnu/libdl-2.15.so
b75e6000-b75e7000 r--p 00002000 08:05 3802028    /lib/i386-linux-gnu/libdl-2.15.so
b75e7000-b75e8000 rw-p 00003000 08:05 3802028    /lib/i386-linux-gnu/libdl-2.15.so
b75e8000-b7787000 r-xp 00000000 08:05 3802015    /lib/i386-linux-gnu/libc-2.15.so
b7787000-b7789000 r--p 0019f000 08:05 3802015    /lib/i386-linux-gnu/libc-2.15.so
b7789000-b778a000 rw-p 001a1000 08:05 3802015    /lib/i386-linux-gnu/libc-2.15.so
b778a000-b778d000 rw-p 00000000 00:00 0 
b778d000-b778e000 r--s 00002000 08:05 4989080    /usr/lib/jvm/java-7-openjdk-i386/jre/lib/ext/dnsns.jar
b778e000-b778f000 r--p 005db000 08:05 4988066    /usr/lib/locale/locale-archive
b778f000-b7790000 rw-p 00000000 00:00 0 
b7790000-b7791000 ---p 00000000 00:00 0 
b7791000-b779d000 r-xp 00000000 08:05 4989131    /usr/lib/jvm/java-7-openjdk-i386/jre/lib/i386/libverify.so
b779d000-b779e000 r--p 0000b000 08:05 4989131    /usr/lib/jvm/java-7-openjdk-i386/jre/lib/i386/libverify.so
b779e000-b779f000 rw-p 0000c000 08:05 4989131    /usr/lib/jvm/java-7-openjdk-i386/jre/lib/i386/libverify.so
b779f000-b77ac000 r-xp 00000000 08:05 4989106    /usr/lib/jvm/java-7-openjdk-i386/jre/lib/i386/jli/libjli.so
b77ac000-b77ad000 r--p 0000c000 08:05 4989106    /usr/lib/jvm/java-7-openjdk-i386/jre/lib/i386/jli/libjli.so
b77ad000-b77ae000 rw-p 0000d000 08:05 4989106    /usr/lib/jvm/java-7-openjdk-i386/jre/lib/i386/jli/libjli.so
b77ae000-b77b1000 rw-p 00000000 00:00 0 
b77b1000-b77b2000 r-xp 00000000 00:00 0          [vdso]
b77b2000-b77d2000 r-xp 00000000 08:05 3801995    /lib/i386-linux-gnu/ld-2.15.so
b77d2000-b77d3000 r--p 0001f000 08:05 3801995    /lib/i386-linux-gnu/ld-2.15.so
b77d3000-b77d4000 rw-p 00020000 08:05 3801995    /lib/i386-linux-gnu/ld-2.15.so
bfe77000-bfe78000 rwxp 00000000 00:00 0 
bfea9000-bfecb000 rw-p 00000000 00:00 0          [stack]

VM Arguments:
jvm_args: -Xmx1024M -Dfile.encoding=UTF-8 -Duser.country=IN -Duser.language=en -Duser.variant 
java_command: com.android.dx.command.Main --dex --output /home/ankit/Traafik latest/TraafikAppLatest/app/build/intermediates/dex/debug /home/ankit/Traafik latest/TraafikAppLatest/app/build/intermediates/classes/debug /home/ankit/Traafik latest/TraafikAppLatest/app/build/intermediates/pre-dexed/debug/support-annotations-22.2.0-28d7027a42f28bd6102d42421141ac4c439bdcba.jar /home/ankit/Traafik latest/TraafikAppLatest/app/build/intermediates/pre-dexed/debug/classes-3738216e6fc96e577c88b4313c8bfada63a4f847.jar /home/ankit/Traafik latest/TraafikAppLatest/app/build/intermediates/pre-dexed/debug/classes-6adb14698c36f217dbc8f44998dfb853cd0a1d53.jar /home/ankit/Traafik latest/TraafikAppLatest/app/build/intermediates/pre-dexed/debug/classes-898b057db62618291972c52c147f2215def5d43e.jar /home/ankit/Traafik latest/TraafikAppLatest/app/build/intermediates/pre-dexed/debug/internal_impl-22.0.0-137508c80f2a10835c8bd34299b2142895c34add.jar /home/ankit/Traafik latest/TraafikAppLatest/app/build/intermediates/pre-dexed/debug/classes-8f1915b953beda78dc1ed1ca65fc463490162f66.jar /home/ankit/Traafik latest/TraafikAppLatest/app/build/intermediates/pre-dexed/debug/classes-d4a7aebef974cda66375665b223a04ae0cb3fa4c.jar /home/ankit/Traafik latest/TraafikAppLatest/app/build/intermediates/pre-dexed/debug/bolts-android-1.2.0-d25641ad2757a29dfe0c7ca50222a387b8134cd1.jar /home/ankit/Traafik latest/TraafikAppLatest/app/build/intermediates/pre-dexed/debug/classes-754b790782de93011173afded38fe936f74b280a.jar /home/ankit/Traafik latest/TraafikAppLatest/app/build/intermediates/pre-dexed/debug/classes-9e432d0ca84818278b94c58a5094398262a8ae09.jar /home/ankit/Traafik latest/TraafikAppLatest/app/build/intermediates/pre-dexed/debug/classes-527c408d13996ff107d27768e800c44d93fef79d.jar /home/ankit/Traafik latest/TraafikAppLatest/app/build/intermediates/pre-dexed/debug/classes-3f8a627373c9a0442c7c1f6df82593b6ba8d3e8d.jar /home/ankit/Traafik latest/TraafikAppLatest/app/build/intermediates/pre-dexed/debug/classes-8
Launcher Type: SUN_STANDARD

Environment Variables:
PATH=/usr/lib/lightdm/lightdm:/usr/local/sbin:/usr/local/bin:/usr/sbin:/usr/bin:/sbin:/bin:/usr/games
LD_LIBRARY_PATH=/home/ankit/Android studio/android-studio/bin:
SHELL=/bin/bash
DISPLAY=:0.0

Signal Handlers:
SIGSEGV: [libjvm.so+0x80b550], sa_mask[0]=0x7ffbfeff, sa_flags=0x10000004
SIGBUS: [libjvm.so+0x80b550], sa_mask[0]=0x7ffbfeff, sa_flags=0x10000004
SIGFPE: [libjvm.so+0x6753e0], sa_mask[0]=0x7ffbfeff, sa_flags=0x10000004
SIGPIPE: [libjvm.so+0x6753e0], sa_mask[0]=0x7ffbfeff, sa_flags=0x10000004
SIGXFSZ: [libjvm.so+0x6753e0], sa_mask[0]=0x7ffbfeff, sa_flags=0x10000004
SIGILL: [libjvm.so+0x6753e0], sa_mask[0]=0x7ffbfeff, sa_flags=0x10000004
SIGUSR1: SIG_DFL, sa_mask[0]=0x00000000, sa_flags=0x00000000
SIGUSR2: [libjvm.so+0x675690], sa_mask[0]=0x00000004, sa_flags=0x10000004
SIGHUP: [libjvm.so+0x675850], sa_mask[0]=0x7ffbfeff, sa_flags=0x10000004
SIGINT: [libjvm.so+0x675850], sa_mask[0]=0x7ffbfeff, sa_flags=0x10000004
SIGTERM: [libjvm.so+0x675850], sa_mask[0]=0x7ffbfeff, sa_flags=0x10000004
SIGQUIT: [libjvm.so+0x675850], sa_mask[0]=0x7ffbfeff, sa_flags=0x10000004
SIGTRAP: SIG_DFL, sa_mask[0]=0x00000000, sa_flags=0x00000000


---------------  S Y S T E M  ---------------

OS:Ubuntu 12.04 (precise)
uname:Linux 3.2.0-29-generic-pae #46-Ubuntu SMP Fri Jul 27 17:25:43 UTC 2012 i686
libc:glibc 2.15 NPTL 2.15 
rlimit: STACK 8192k, CORE 0k, NPROC 31169, NOFILE 4096, AS infinity
load average:1.51 1.34 0.92

/proc/meminfo:
MemTotal:        4004304 kB
MemFree:          158304 kB
Buffers:            5516 kB
Cached:           552372 kB
SwapCached:            0 kB
Active:          3453288 kB
Inactive:         309480 kB
Active(anon):    3395548 kB
Inactive(anon):   251540 kB
Active(file):      57740 kB
Inactive(file):    57940 kB
Unevictable:          32 kB
Mlocked:              32 kB
HighTotal:       3159312 kB
HighFree:            428 kB
LowTotal:         844992 kB
LowFree:          157876 kB
SwapTotal:             0 kB
SwapFree:              0 kB
Dirty:              9232 kB
Writeback:            20 kB
AnonPages:       3204976 kB
Mapped:            77132 kB
Shmem:            442264 kB
Slab:              40240 kB
SReclaimable:      19732 kB
SUnreclaim:        20508 kB
KernelStack:        5328 kB
PageTables:        22320 kB
NFS_Unstable:          0 kB
Bounce:                0 kB
WritebackTmp:          0 kB
CommitLimit:     2002152 kB
Committed_AS:    8221988 kB
VmallocTotal:     122880 kB
VmallocUsed:       15060 kB
VmallocChunk:     105152 kB
HardwareCorrupted:     0 kB
AnonHugePages:         0 kB
HugePages_Total:       0
HugePages_Free:        0
HugePages_Rsvd:        0
HugePages_Surp:        0
Hugepagesize:       2048 kB
DirectMap4k:       10232 kB
DirectMap2M:      903168 kB


CPU:total 2 (2 cores per cpu, 1 threads per core) family 6 model 58 stepping 9, cmov, cx8, fxsr, mmx, sse, sse2, sse3, ssse3, sse4.1, sse4.2, popcnt, erms, tsc, tscinvbit, tscinv

/proc/cpuinfo:
processor	: 0
vendor_id	: GenuineIntel
cpu family	: 6
model		: 58
model name	: Intel(R) Pentium(R) CPU G2030 @ 3.00GHz
stepping	: 9
microcode	: 0x17
cpu MHz		: 3000.000
cache size	: 3072 KB
physical id	: 0
siblings	: 2
core id		: 0
cpu cores	: 2
apicid		: 0
initial apicid	: 0
fdiv_bug	: no
hlt_bug		: no
f00f_bug	: no
coma_bug	: no
fpu		: yes
fpu_exception	: yes
cpuid level	: 13
wp		: yes
flags		: fpu vme de pse tsc msr pae mce cx8 apic sep mtrr pge mca cmov pat pse36 clflush dts acpi mmx fxsr sse sse2 ss ht tm pbe nx rdtscp lm constant_tsc arch_perfmon pebs bts xtopology nonstop_tsc aperfmperf pni pclmulqdq dtes64 monitor ds_cpl vmx est tm2 ssse3 cx16 xtpr pdcm pcid sse4_1 sse4_2 popcnt tsc_deadline_timer xsave lahf_lm arat epb xsaveopt pln pts dtherm tpr_shadow vnmi flexpriority ept vpid fsgsbase smep erms
bogomips	: 5986.59
clflush size	: 64
cache_alignment	: 64
address sizes	: 36 bits physical, 48 bits virtual
power management:

processor	: 1
vendor_id	: GenuineIntel
cpu family	: 6
model		: 58
model name	: Intel(R) Pentium(R) CPU G2030 @ 3.00GHz
stepping	: 9
microcode	: 0x17
cpu MHz		: 1700.000
cache size	: 3072 KB
physical id	: 0
siblings	: 2
core id		: 1
cpu cores	: 2
apicid		: 2
initial apicid	: 2
fdiv_bug	: no
hlt_bug		: no
f00f_bug	: no
coma_bug	: no
fpu		: yes
fpu_exception	: yes
cpuid level	: 13
wp		: yes
flags		: fpu vme de pse tsc msr pae mce cx8 apic sep mtrr pge mca cmov pat pse36 clflush dts acpi mmx fxsr sse sse2 ss ht tm pbe nx rdtscp lm constant_tsc arch_perfmon pebs bts xtopology nonstop_tsc aperfmperf pni pclmulqdq dtes64 monitor ds_cpl vmx est tm2 ssse3 cx16 xtpr pdcm pcid sse4_1 sse4_2 popcnt tsc_deadline_timer xsave lahf_lm arat epb xsaveopt pln pts dtherm tpr_shadow vnmi flexpriority ept vpid fsgsbase smep erms
bogomips	: 5986.36
clflush size	: 64
cache_alignment	: 64
address sizes	: 36 bits physical, 48 bits virtual
power management:



Memory: 4k page, physical 4004304k(158304k free), swap 0k(0k free)

vm_info: OpenJDK Server VM (24.75-b04) for linux-x86 JRE (1.7.0_75-b13), built on Jan 27 2015 16:24:35 by "buildd" with gcc 4.6.3

time: Wed Jul 15 14:02:41 2015
elapsed time: 3 seconds

