#
# There is insufficient memory for the Java Runtime Environment to continue.
# Native memory allocation (malloc) failed to allocate 146276352 bytes for committing reserved memory.
# Possible reasons:
#   The system is out of physical RAM or swap space
#   In 32 bit mode, the process size limit was hit
# Possible solutions:
#   Reduce memory load on the system
#   Increase physical memory or swap space
#   Check if swap backing store is full
#   Use 64 bit Java on a 64 bit OS
#   Decrease Java heap size (-Xmx/-Xms)
#   Decrease number of Java threads
#   Decrease Java thread stack sizes (-Xss)
#   Set larger code cache with -XX:ReservedCodeCacheSize=
# This output file may be truncated or incomplete.
#
#  Out of Memory Error (os_linux.cpp:2798), pid=17440, tid=1745378112
#
# JRE version: OpenJDK Runtime Environment (7.0_75-b13) (build 1.7.0_75-b13)
# Java VM: OpenJDK Server VM (24.75-b04 mixed mode linux-x86 )
# Derivative: IcedTea 2.5.4
# Distribution: Ubuntu 12.04 LTS, package 7u75-2.5.4-1~precise1
# Failed to write core dump. Core dumps have been disabled. To enable core dumping, try "ulimit -c unlimited" before starting Java again
#

---------------  T H R E A D  ---------------

Current thread (0x67f10400):  VMThread [stack: 0x68005000,0x68086000] [id=17447]

Stack: [0x68005000,0x68086000]
[error occurred during error reporting (printing stack bounds), id 0xb]

VM_Operation (0xb65d7878): ParallelGCFailedAllocation, mode: safepoint, requested by thread 0xb6407c00


---------------  P R O C E S S  ---------------

Java Threads: ( => current thread )
  0x67f2b400 JavaThread "Service Thread" daemon [_thread_blocked, id=17453, stack(0x67b5c000,0x67bad000)]
  0x67f29800 JavaThread "C2 CompilerThread1" daemon [_thread_blocked, id=17452, stack(0x67bad000,0x67c2e000)]
  0x67f27800 JavaThread "C2 CompilerThread0" daemon [_thread_blocked, id=17451, stack(0x67c2e000,0x67caf000)]
  0x67f25c00 JavaThread "Signal Dispatcher" daemon [_thread_blocked, id=17450, stack(0x67caf000,0x67d00000)]
  0x67f14400 JavaThread "Finalizer" daemon [_thread_blocked, id=17449, stack(0x6ac03000,0x6ac54000)]
  0x67f12800 JavaThread "Reference Handler" daemon [_thread_blocked, id=17448, stack(0x6ac54000,0x6aca5000)]
  0xb6407c00 JavaThread "main" [_thread_blocked, id=17444, stack(0xb6588000,0xb65d9000)]

Other Threads:
=>0x67f10400 VMThread [stack: 0x68005000,0x68086000] [id=17447]
  0x67f2d000 WatcherThread [stack: 0x67adb000,0x67b5c000] [id=17454]

VM state:at safepoint (normal execution)

VM Mutex/Monitor currently owned by a thread:  ([mutex/lock_event])
[0xb6405228] Threads_lock - owner thread: 0x67f10400
[0xb6405638] Heap_lock - owner thread: 0xb6407c00

Heap
 PSYoungGen      total 140032K, used 15605K [0x9ddc0000, 0xa7840000, 0xb3340000)
  eden space 124416K, 0% used [0x9ddc0000,0x9ddc0000,0xa5740000)
  from space 15616K, 99% used [0xa5740000,0xa667d7d8,0xa6680000)
  to   space 13056K, 0% used [0xa6680000,0xa6680000,0xa7340000)
 ParOldGen       total 41728K, used 38980K [0x73340000, 0x75c00000, 0x9ddc0000)
  object space 41728K, 93% used [0x73340000,0x75951350,0x75c00000)
 PSPermGen       total 16384K, used 4066K [0x6b340000, 0x6c340000, 0x73340000)
  object space 16384K, 24% used [0x6b340000,0x6b738988,0x6c340000)

Card table byte_map: [0x6b0ff000,0x6b340000] byte_map_base: 0x6ada5600

Polling page: 0xb772f000

Code Cache  [0xb3400000, 0xb3698000, 0xb6400000)
 total_blobs=835 nmethods=716 adapters=73 free_code_cache=46571Kb largest_free_block=47638464

Compilation events (10 events):
Event: 5.774 Thread 0x67f29800  727             com.android.dx.rop.code.RegisterSpecList::make (17 bytes)
Event: 5.776 Thread 0x67f29800 nmethod 727 0xb36714c8 code [0xb36715c0, 0xb36716f0]
Event: 5.790 Thread 0x67f27800 nmethod 708 0xb3681ec8 code [0xb3682780, 0xb3686250]
Event: 5.806 Thread 0x67f29800  728             com.android.dx.rop.cst.CstKnownNull::getType (4 bytes)
Event: 5.806 Thread 0x67f29800 nmethod 728 0xb3671348 code [0xb3671440, 0xb3671490]
Event: 5.830 Thread 0x67f27800  729             com.android.dx.ssa.back.FirstFitLocalCombiningAllocator::processPhiInsn (255 bytes)
Event: 5.832 Thread 0x67f29800  730             com.android.dx.dex.code.RopTranslator$LocalVariableAwareTranslationVisitor::visitPlainCstInsn (11 bytes)
Event: 5.833 Thread 0x67f29800 nmethod 730 0xb3674048 code [0xb3674140, 0xb36741c4]
Event: 5.860 Thread 0x67f29800  731             com.android.dx.cf.code.Simulator$SimVisitor::visitNoArgs (2108 bytes)
Event: 5.880 Thread 0x67f27800 nmethod 729 0xb368e108 code [0xb368e3c0, 0xb368fa08]

GC Heap History (10 events):
Event: 1.399 GC heap after
Heap after GC invocations=2 (full 0):
 PSYoungGen      total 34304K, used 2544K [0x9ddc0000, 0xa01c0000, 0xb3340000)
  eden space 31744K, 0% used [0x9ddc0000,0x9ddc0000,0x9fcc0000)
  from space 2560K, 99% used [0x9ff40000,0xa01bc068,0xa01c0000)
  to   space 2560K, 0% used [0x9fcc0000,0x9fcc0000,0x9ff40000)
 ParOldGen       total 41728K, used 3512K [0x73340000, 0x75c00000, 0x9ddc0000)
  object space 41728K, 8% used [0x73340000,0x736ae328,0x75c00000)
 PSPermGen       total 16384K, used 3914K [0x6b340000, 0x6c340000, 0x73340000)
  object space 16384K, 23% used [0x6b340000,0x6b712ab8,0x6c340000)
}
Event: 2.153 GC heap before
{Heap before GC invocations=3 (full 0):
 PSYoungGen      total 34304K, used 34288K [0x9ddc0000, 0xa01c0000, 0xb3340000)
  eden space 31744K, 100% used [0x9ddc0000,0x9fcc0000,0x9fcc0000)
  from space 2560K, 99% used [0x9ff40000,0xa01bc068,0xa01c0000)
  to   space 2560K, 0% used [0x9fcc0000,0x9fcc0000,0x9ff40000)
 ParOldGen       total 41728K, used 3512K [0x73340000, 0x75c00000, 0x9ddc0000)
  object space 41728K, 8% used [0x73340000,0x736ae328,0x75c00000)
 PSPermGen       total 16384K, used 3960K [0x6b340000, 0x6c340000, 0x73340000)
  object space 16384K, 24% used [0x6b340000,0x6b71e038,0x6c340000)
Event: 2.176 GC heap after
Heap after GC invocations=3 (full 0):
 PSYoungGen      total 34304K, used 2559K [0x9ddc0000, 0xa20c0000, 0xb3340000)
  eden space 31744K, 0% used [0x9ddc0000,0x9ddc0000,0x9fcc0000)
  from space 2560K, 99% used [0x9fcc0000,0x9ff3fd38,0x9ff40000)
  to   space 2560K, 0% used [0xa1e40000,0xa1e40000,0xa20c0000)
 ParOldGen       total 41728K, used 8235K [0x73340000, 0x75c00000, 0x9ddc0000)
  object space 41728K, 19% used [0x73340000,0x73b4acc0,0x75c00000)
 PSPermGen       total 16384K, used 3960K [0x6b340000, 0x6c340000, 0x73340000)
  object space 16384K, 24% used [0x6b340000,0x6b71e038,0x6c340000)
}
Event: 2.798 GC heap before
{Heap before GC invocations=4 (full 0):
 PSYoungGen      total 34304K, used 34303K [0x9ddc0000, 0xa20c0000, 0xb3340000)
  eden space 31744K, 100% used [0x9ddc0000,0x9fcc0000,0x9fcc0000)
  from space 2560K, 99% used [0x9fcc0000,0x9ff3fd38,0x9ff40000)
  to   space 2560K, 0% used [0xa1e40000,0xa1e40000,0xa20c0000)
 ParOldGen       total 41728K, used 8235K [0x73340000, 0x75c00000, 0x9ddc0000)
  object space 41728K, 19% used [0x73340000,0x73b4acc0,0x75c00000)
 PSPermGen       total 16384K, used 3979K [0x6b340000, 0x6c340000, 0x73340000)
  object space 16384K, 24% used [0x6b340000,0x6b722f90,0x6c340000)
Event: 2.825 GC heap after
Heap after GC invocations=4 (full 0):
 PSYoungGen      total 66048K, used 2559K [0x9ddc0000, 0xa20c0000, 0xb3340000)
  eden space 63488K, 0% used [0x9ddc0000,0x9ddc0000,0xa1bc0000)
  from space 2560K, 99% used [0xa1e40000,0xa20bfd38,0xa20c0000)
  to   space 2560K, 0% used [0xa1bc0000,0xa1bc0000,0xa1e40000)
 ParOldGen       total 41728K, used 12654K [0x73340000, 0x75c00000, 0x9ddc0000)
  object space 41728K, 30% used [0x73340000,0x73f9b858,0x75c00000)
 PSPermGen       total 16384K, used 3979K [0x6b340000, 0x6c340000, 0x73340000)
  object space 16384K, 24% used [0x6b340000,0x6b722f90,0x6c340000)
}
Event: 3.970 GC heap before
{Heap before GC invocations=5 (full 0):
 PSYoungGen      total 66048K, used 66047K [0x9ddc0000, 0xa20c0000, 0xb3340000)
  eden space 63488K, 100% used [0x9ddc0000,0xa1bc0000,0xa1bc0000)
  from space 2560K, 99% used [0xa1e40000,0xa20bfd38,0xa20c0000)
  to   space 2560K, 0% used [0xa1bc0000,0xa1bc0000,0xa1e40000)
 ParOldGen       total 41728K, used 12654K [0x73340000, 0x75c00000, 0x9ddc0000)
  object space 41728K, 30% used [0x73340000,0x73f9b858,0x75c00000)
 PSPermGen       total 16384K, used 4014K [0x6b340000, 0x6c340000, 0x73340000)
  object space 16384K, 24% used [0x6b340000,0x6b72b860,0x6c340000)
Event: 4.031 GC heap after
Heap after GC invocations=5 (full 0):
 PSYoungGen      total 66048K, used 2547K [0x9ddc0000, 0xa7340000, 0xb3340000)
  eden space 63488K, 0% used [0x9ddc0000,0x9ddc0000,0xa1bc0000)
  from space 2560K, 99% used [0xa1bc0000,0xa1e3cc78,0xa1e40000)
  to   space 13056K, 0% used [0xa6680000,0xa6680000,0xa7340000)
 ParOldGen       total 41728K, used 23141K [0x73340000, 0x75c00000, 0x9ddc0000)
  object space 41728K, 55% used [0x73340000,0x749d9548,0x75c00000)
 PSPermGen       total 16384K, used 4014K [0x6b340000, 0x6c340000, 0x73340000)
  object space 16384K, 24% used [0x6b340000,0x6b72b860,0x6c340000)
}
Event: 5.020 GC heap before
{Heap before GC invocations=6 (full 0):
 PSYoungGen      total 66048K, used 66035K [0x9ddc0000, 0xa7340000, 0xb3340000)
  eden space 63488K, 100% used [0x9ddc0000,0xa1bc0000,0xa1bc0000)
  from space 2560K, 99% used [0xa1bc0000,0xa1e3cc78,0xa1e40000)
  to   space 13056K, 0% used [0xa6680000,0xa6680000,0xa7340000)
 ParOldGen       total 41728K, used 23141K [0x73340000, 0x75c00000, 0x9ddc0000)
  object space 41728K, 55% used [0x73340000,0x749d9548,0x75c00000)
 PSPermGen       total 16384K, used 4030K [0x6b340000, 0x6c340000, 0x73340000)
  object space 16384K, 24% used [0x6b340000,0x6b72fb68,0x6c340000)
Event: 5.080 GC heap after
Heap after GC invocations=6 (full 0):
 PSYoungGen      total 137472K, used 13051K [0x9ddc0000, 0xa7840000, 0xb3340000)
  eden space 124416K, 0% used [0x9ddc0000,0x9ddc0000,0xa5740000)
  from space 13056K, 99% used [0xa6680000,0xa733ee78,0xa7340000)
  to   space 15616K, 0% used [0xa5740000,0xa5740000,0xa6680000)
 ParOldGen       total 41728K, used 23267K [0x73340000, 0x75c00000, 0x9ddc0000)
  object space 41728K, 55% used [0x73340000,0x749f8fe8,0x75c00000)
 PSPermGen       total 16384K, used 4030K [0x6b340000, 0x6c340000, 0x73340000)
  object space 16384K, 24% used [0x6b340000,0x6b72fb68,0x6c340000)
}
Event: 5.885 GC heap before
{Heap before GC invocations=7 (full 0):
 PSYoungGen      total 137472K, used 137467K [0x9ddc0000, 0xa7840000, 0xb3340000)
  eden space 124416K, 100% used [0x9ddc0000,0xa5740000,0xa5740000)
  from space 13056K, 99% used [0xa6680000,0xa733ee78,0xa7340000)
  to   space 15616K, 0% used [0xa5740000,0xa5740000,0xa6680000)
 ParOldGen       total 41728K, used 23267K [0x73340000, 0x75c00000, 0x9ddc0000)
  object space 41728K, 55% used [0x73340000,0x749f8fe8,0x75c00000)
 PSPermGen       total 16384K, used 4066K [0x6b340000, 0x6c340000, 0x73340000)
  object space 16384K, 24% used [0x6b340000,0x6b738988,0x6c340000)

Deoptimization events (10 events):
Event: 5.136 Thread 0xb6407c00 Uncommon trap: reason=class_check action=maybe_recompile pc=0xb360f4c0 method=com.android.dx.rop.cst.CstKnownNull.equals(Ljava/lang/Object;)Z @ 1
Event: 5.283 Thread 0xb6407c00 Uncommon trap: reason=class_check action=maybe_recompile pc=0xb360f4c0 method=com.android.dx.rop.cst.CstKnownNull.equals(Ljava/lang/Object;)Z @ 1
Event: 5.285 Thread 0xb6407c00 Uncommon trap: reason=class_check action=maybe_recompile pc=0xb360f4c0 method=com.android.dx.rop.cst.CstKnownNull.equals(Ljava/lang/Object;)Z @ 1
Event: 5.306 Thread 0xb6407c00 Uncommon trap: reason=unreached action=reinterpret pc=0xb3640ca4 method=com.android.dx.cf.direct.StdAttributeFactory.parse0(Lcom/android/dx/cf/direct/DirectClassFile;ILjava/lang/String;IILcom/android/dx/cf/iface/ParseObserver;)Lcom/android/dx/cf/iface/Att
Event: 5.329 Thread 0xb6407c00 Uncommon trap: reason=class_check action=maybe_recompile pc=0xb360f4c0 method=com.android.dx.rop.cst.CstKnownNull.equals(Ljava/lang/Object;)Z @ 1
Event: 5.356 Thread 0xb6407c00 Uncommon trap: reason=class_check action=maybe_recompile pc=0xb3621ff4 method=com.android.dx.cf.code.RopperMachine.run(Lcom/android/dx/cf/code/Frame;II)V @ 1024
Event: 5.356 Thread 0xb6407c00 Uncommon trap: reason=class_check action=maybe_recompile pc=0xb3621ff4 method=com.android.dx.cf.code.RopperMachine.run(Lcom/android/dx/cf/code/Frame;II)V @ 1024
Event: 5.356 Thread 0xb6407c00 Uncommon trap: reason=class_check action=maybe_recompile pc=0xb3621ff4 method=com.android.dx.cf.code.RopperMachine.run(Lcom/android/dx/cf/code/Frame;II)V @ 1024
Event: 5.357 Thread 0xb6407c00 Uncommon trap: reason=class_check action=maybe_recompile pc=0xb3621ff4 method=com.android.dx.cf.code.RopperMachine.run(Lcom/android/dx/cf/code/Frame;II)V @ 1024
Event: 5.360 Thread 0xb6407c00 Uncommon trap: reason=unreached action=reinterpret pc=0xb35e97bc method=com.android.dx.ssa.SCCP.simulateBranch(Lcom/android/dx/ssa/SsaInsn;)V @ 334

Internal exceptions (10 events):
Event: 2.231 Thread 0xb6407c00 Implicit null exception at 0xb34834ab to 0xb3483582
Event: 2.730 Thread 0xb6407c00 Threw 0x9f90be20 at /build/buildd/openjdk-7-7u75-2.5.4/build/openjdk/hotspot/src/share/vm/prims/jvm.cpp:1284
Event: 3.053 Thread 0xb6407c00 Threw 0x9ed7a510 at /build/buildd/openjdk-7-7u75-2.5.4/build/openjdk/hotspot/src/share/vm/prims/jvm.cpp:1284
Event: 3.062 Thread 0xb6407c00 Threw 0x9ee06770 at /build/buildd/openjdk-7-7u75-2.5.4/build/openjdk/hotspot/src/share/vm/prims/jvm.cpp:1284
Event: 3.062 Thread 0xb6407c00 Implicit null exception at 0xb350565b to 0xb3505e59
Event: 3.062 Thread 0xb6407c00 Implicit null exception at 0xb34ea69f to 0xb34ea805
Event: 3.301 Thread 0xb6407c00 Implicit null exception at 0xb34d5659 to 0xb34d5755
Event: 3.487 Thread 0xb6407c00 Threw 0xa0923850 at /build/buildd/openjdk-7-7u75-2.5.4/build/openjdk/hotspot/src/share/vm/prims/jvm.cpp:1284
Event: 3.807 Thread 0xb6407c00 Threw 0xa14ed190 at /build/buildd/openjdk-7-7u75-2.5.4/build/openjdk/hotspot/src/share/vm/prims/jvm.cpp:1284
Event: 3.812 Thread 0xb6407c00 Implicit null exception at 0xb35d61c8 to 0xb35d9335

Events (10 events):
Event: 5.357 Thread 0xb6407c00 DEOPT PACKING pc=0xb3621ff4 sp=0xb65d79b0
Event: 5.357 Thread 0xb6407c00 DEOPT UNPACKING pc=0xb342cbc8 sp=0xb65d798c mode 2
Event: 5.359 Thread 0x67f29800 flushing nmethod 0xb3483388
Event: 5.360 Thread 0xb6407c00 Uncommon trap: trap_request=0xffffffad fr.pc=0xb35e97bc
Event: 5.360 Thread 0xb6407c00 DEOPT PACKING pc=0xb35e97bc sp=0xb65d7a20
Event: 5.360 Thread 0xb6407c00 DEOPT UNPACKING pc=0xb342cbc8 sp=0xb65d79e4 mode 2
Event: 5.364 Thread 0x67f29800 flushing nmethod 0xb34a9e08
Event: 5.369 Thread 0x67f29800 flushing nmethod 0xb34b8048
Event: 5.403 Thread 0x67f27800 flushing nmethod 0xb354fec8
Event: 5.885 Executing VM operation: ParallelGCFailedAllocation


Dynamic libraries:
08048000-08049000 r-xp 00000000 08:05 4983886    /usr/lib/jvm/java-7-openjdk-i386/jre/bin/java
08049000-0804a000 r--p 00000000 08:05 4983886    /usr/lib/jvm/java-7-openjdk-i386/jre/bin/java
0804a000-0804b000 rw-p 00001000 08:05 4983886    /usr/lib/jvm/java-7-openjdk-i386/jre/bin/java
08249000-08a96000 rw-p 00000000 00:00 0          [heap]
66800000-668ff000 rw-p 00000000 00:00 0 
668ff000-66900000 ---p 00000000 00:00 0 
66900000-66935000 rw-p 00000000 00:00 0 
66935000-66a00000 ---p 00000000 00:00 0 
66a00000-66afc000 rw-p 00000000 00:00 0 
66afc000-66b00000 ---p 00000000 00:00 0 
66c00000-66cfd000 rw-p 00000000 00:00 0 
66cfd000-66d00000 ---p 00000000 00:00 0 
66e00000-66ef8000 rw-p 00000000 00:00 0 
66ef8000-66f00000 ---p 00000000 00:00 0 
67000000-67100000 rw-p 00000000 00:00 0 
67200000-672ff000 rw-p 00000000 00:00 0 
672ff000-67300000 ---p 00000000 00:00 0 
67400000-674da000 rw-p 00000000 00:00 0 
674da000-67500000 ---p 00000000 00:00 0 
67500000-675fd000 rw-p 00000000 00:00 0 
675fd000-67600000 ---p 00000000 00:00 0 
67600000-67664000 rw-p 00000000 00:00 0 
67664000-67700000 ---p 00000000 00:00 0 
6779e000-677d8000 r-xp 00000000 08:05 3802088    /lib/i386-linux-gnu/libpcre.so.3.12.1
677d8000-677d9000 r--p 00039000 08:05 3802088    /lib/i386-linux-gnu/libpcre.so.3.12.1
677d9000-677da000 rw-p 0003a000 08:05 3802088    /lib/i386-linux-gnu/libpcre.so.3.12.1
677da000-677ed000 r-xp 00000000 08:05 3802099    /lib/i386-linux-gnu/libresolv-2.15.so
677ed000-677ee000 ---p 00013000 08:05 3802099    /lib/i386-linux-gnu/libresolv-2.15.so
677ee000-677ef000 r--p 00013000 08:05 3802099    /lib/i386-linux-gnu/libresolv-2.15.so
677ef000-677f0000 rw-p 00014000 08:05 3802099    /lib/i386-linux-gnu/libresolv-2.15.so
677f0000-677f2000 rw-p 00000000 00:00 0 
677f2000-6780f000 r-xp 00000000 08:05 3802103    /lib/i386-linux-gnu/libselinux.so.1
6780f000-67810000 r--p 0001c000 08:05 3802103    /lib/i386-linux-gnu/libselinux.so.1
67810000-67811000 rw-p 0001d000 08:05 3802103    /lib/i386-linux-gnu/libselinux.so.1
67811000-67908000 r-xp 00000000 08:05 3802040    /lib/i386-linux-gnu/libglib-2.0.so.0.3200.3
67908000-67909000 r--p 000f6000 08:05 3802040    /lib/i386-linux-gnu/libglib-2.0.so.0.3200.3
67909000-6790a000 rw-p 000f7000 08:05 3802040    /lib/i386-linux-gnu/libglib-2.0.so.0.3200.3
6790a000-67957000 r-xp 00000000 08:05 4985532    /usr/lib/i386-linux-gnu/libgobject-2.0.so.0.3200.3
67957000-67958000 r--p 0004c000 08:05 4985532    /usr/lib/i386-linux-gnu/libgobject-2.0.so.0.3200.3
67958000-67959000 rw-p 0004d000 08:05 4985532    /usr/lib/i386-linux-gnu/libgobject-2.0.so.0.3200.3
67959000-67aac000 r-xp 00000000 08:05 4985508    /usr/lib/i386-linux-gnu/libgio-2.0.so.0.3200.3
67aac000-67aae000 r--p 00153000 08:05 4985508    /usr/lib/i386-linux-gnu/libgio-2.0.so.0.3200.3
67aae000-67aaf000 rw-p 00155000 08:05 4985508    /usr/lib/i386-linux-gnu/libgio-2.0.so.0.3200.3
67aaf000-67ab0000 rw-p 00000000 00:00 0 
67ac2000-67ad9000 r-xp 00000000 08:05 4989135    /usr/lib/jvm/java-7-openjdk-i386/jre/lib/i386/libnet.so
67ad9000-67ada000 r--p 00016000 08:05 4989135    /usr/lib/jvm/java-7-openjdk-i386/jre/lib/i386/libnet.so
67ada000-67adb000 rw-p 00017000 08:05 4989135    /usr/lib/jvm/java-7-openjdk-i386/jre/lib/i386/libnet.so
67adb000-67adc000 ---p 00000000 00:00 0 
67adc000-67b5c000 rw-p 00000000 00:00 0 
67b5c000-67b5f000 ---p 00000000 00:00 0 
67b5f000-67bad000 rw-p 00000000 00:00 0 
67bad000-67bb0000 ---p 00000000 00:00 0 
67bb0000-67c2e000 rw-p 00000000 00:00 0 
67c2e000-67c31000 ---p 00000000 00:00 0 
67c31000-67caf000 rw-p 00000000 00:00 0 
67caf000-67cb2000 ---p 00000000 00:00 0 
67cb2000-67d00000 rw-p 00000000 00:00 0 
67d00000-67f00000 r--p 00000000 08:05 4988066    /usr/lib/locale/locale-archive
67f00000-67ffc000 rw-p 00000000 00:00 0 
67ffc000-68000000 ---p 00000000 00:00 0 
68005000-68006000 ---p 00000000 00:00 0 
68006000-680cf000 rw-p 00000000 00:00 0 
680cf000-68280000 r--s 01d23000 08:05 4989042    /usr/lib/jvm/java-7-openjdk-i386/jre/lib/rt.jar
68280000-6ab00000 rw-p 00000000 00:00 0 
6ab00000-6abfe000 rw-p 00000000 00:00 0 
6abfe000-6ac00000 ---p 00000000 00:00 0 
6ac03000-6ac06000 ---p 00000000 00:00 0 
6ac06000-6ac54000 rw-p 00000000 00:00 0 
6ac54000-6ac57000 ---p 00000000 00:00 0 
6ac57000-6ad00000 rw-p 00000000 00:00 0 
6ad00000-6ad21000 rw-p 00000000 00:00 0 
6ad21000-6ae00000 ---p 00000000 00:00 0 
6ae02000-6ae07000 r-xp 00000000 08:05 4985471    /usr/lib/i386-linux-gnu/libffi.so.6.0.0
6ae07000-6ae08000 r--p 00004000 08:05 4985471    /usr/lib/i386-linux-gnu/libffi.so.6.0.0
6ae08000-6ae09000 rw-p 00005000 08:05 4985471    /usr/lib/i386-linux-gnu/libffi.so.6.0.0
6ae09000-6ae0c000 r-xp 00000000 08:05 4985518    /usr/lib/i386-linux-gnu/libgmodule-2.0.so.0.3200.3
6ae0c000-6ae0d000 r--p 00002000 08:05 4985518    /usr/lib/i386-linux-gnu/libgmodule-2.0.so.0.3200.3
6ae0d000-6ae0e000 rw-p 00003000 08:05 4985518    /usr/lib/i386-linux-gnu/libgmodule-2.0.so.0.3200.3
6ae0e000-6ae1f000 r-xp 00000000 08:05 4989121    /usr/lib/jvm/java-7-openjdk-i386/jre/lib/i386/libnio.so
6ae1f000-6ae20000 r--p 00010000 08:05 4989121    /usr/lib/jvm/java-7-openjdk-i386/jre/lib/i386/libnio.so
6ae20000-6ae21000 rw-p 00011000 08:05 4989121    /usr/lib/jvm/java-7-openjdk-i386/jre/lib/i386/libnio.so
6ae21000-6ae33000 r--s 000c6000 08:06 4459152    /home/ankit/Traafik latest/TraafikAppLatest/app/build/intermediates/exploded-aar/com.android.support/support-v4/22.2.0/jars/classes.jar
6ae33000-6ae42000 r--s 000dd000 08:06 21369266   /home/ankit/Ankitt Data/ECLIPSE/sdk/build-tools/22.0.1/lib/dx.jar
6ae42000-6ae43000 r--s 00007000 08:05 5246941    /usr/share/java/java-atk-wrapper.jar
6ae43000-6ae46000 r--s 0000f000 08:05 4989079    /usr/lib/jvm/java-7-openjdk-i386/jre/lib/ext/icedtea-sound.jar
6ae46000-6ae48000 r--s 00012000 08:05 4989084    /usr/lib/jvm/java-7-openjdk-i386/jre/lib/ext/zipfs.jar
6ae48000-6ae4c000 r--s 00034000 08:05 4989083    /usr/lib/jvm/java-7-openjdk-i386/jre/lib/ext/sunjce_provider.jar
6ae4c000-6ae67000 rw-p 00000000 00:00 0 
6ae67000-6ae68000 ---p 00000000 00:00 0 
6ae68000-6aee8000 rw-p 00000000 00:00 0 
6aee8000-6aee9000 ---p 00000000 00:00 0 
6aee9000-6af71000 rw-p 00000000 00:00 0 
6af71000-6afa9000 rw-p 00000000 00:00 0 
6afa9000-6afbe000 rw-p 00000000 00:00 0 
6afbe000-6b0ff000 rw-p 00000000 00:00 0 
6b0ff000-6b107000 rw-p 00000000 00:00 0 
6b107000-6b13f000 rw-p 00000000 00:00 0 
6b13f000-6b154000 rw-p 00000000 00:00 0 
6b154000-6b294000 rw-p 00000000 00:00 0 
6b294000-6b2e2000 rw-p 00000000 00:00 0 
6b2e2000-6b33f000 rw-p 00000000 00:00 0 
6b33f000-6c340000 rw-p 00000000 00:00 0 
6c340000-73340000 rw-p 00000000 00:00 0 
73340000-75c00000 rw-p 00000000 00:00 0 
75c00000-9ddc0000 rw-p 00000000 00:00 0 
9ddc0000-a7840000 rw-p 00000000 00:00 0 
b03c0000-b3340000 rw-p 00000000 00:00 0 
b3340000-b334b000 rw-p 00000000 00:00 0 
b334b000-b3400000 rw-p 00000000 00:00 0 
b3400000-b3698000 rwxp 00000000 00:00 0 
b3698000-b64fd000 rw-p 00000000 00:00 0 
b64fd000-b6500000 ---p 00000000 00:00 0 
b6501000-b6505000 r--s 0003c000 08:05 4989081    /usr/lib/jvm/java-7-openjdk-i386/jre/lib/ext/sunpkcs11.jar
b6505000-b6508000 r--s 00086000 08:05 4989082    /usr/lib/jvm/java-7-openjdk-i386/jre/lib/ext/localedata.jar
b6508000-b6513000 r-xp 00000000 08:05 3802066    /lib/i386-linux-gnu/libnss_files-2.15.so
b6513000-b6514000 r--p 0000a000 08:05 3802066    /lib/i386-linux-gnu/libnss_files-2.15.so
b6514000-b6515000 rw-p 0000b000 08:05 3802066    /lib/i386-linux-gnu/libnss_files-2.15.so
b6515000-b651f000 r-xp 00000000 08:05 3802070    /lib/i386-linux-gnu/libnss_nis-2.15.so
b651f000-b6520000 r--p 00009000 08:05 3802070    /lib/i386-linux-gnu/libnss_nis-2.15.so
b6520000-b6521000 rw-p 0000a000 08:05 3802070    /lib/i386-linux-gnu/libnss_nis-2.15.so
b6521000-b6537000 r-xp 00000000 08:05 3802060    /lib/i386-linux-gnu/libnsl-2.15.so
b6537000-b6538000 r--p 00015000 08:05 3802060    /lib/i386-linux-gnu/libnsl-2.15.so
b6538000-b6539000 rw-p 00016000 08:05 3802060    /lib/i386-linux-gnu/libnsl-2.15.so
b6539000-b653b000 rw-p 00000000 00:00 0 
b653b000-b6542000 r-xp 00000000 08:05 3802062    /lib/i386-linux-gnu/libnss_compat-2.15.so
b6542000-b6543000 r--p 00006000 08:05 3802062    /lib/i386-linux-gnu/libnss_compat-2.15.so
b6543000-b6544000 rw-p 00007000 08:05 3802062    /lib/i386-linux-gnu/libnss_compat-2.15.so
b6544000-b654c000 r-xp 00000000 08:05 4989114    /usr/lib/jvm/java-7-openjdk-i386/jre/lib/i386/libzip.so
b654c000-b654d000 r--p 00007000 08:05 4989114    /usr/lib/jvm/java-7-openjdk-i386/jre/lib/i386/libzip.so
b654d000-b654e000 rw-p 00008000 08:05 4989114    /usr/lib/jvm/java-7-openjdk-i386/jre/lib/i386/libzip.so
b654e000-b6556000 rw-s 00000000 08:05 145521     /tmp/hsperfdata_ankit/17440
b6556000-b657d000 r-xp 00000000 08:05 4989134    /usr/lib/jvm/java-7-openjdk-i386/jre/lib/i386/libjava.so
b657d000-b657e000 r--p 00026000 08:05 4989134    /usr/lib/jvm/java-7-openjdk-i386/jre/lib/i386/libjava.so
b657e000-b657f000 rw-p 00027000 08:05 4989134    /usr/lib/jvm/java-7-openjdk-i386/jre/lib/i386/libjava.so
b657f000-b6586000 r-xp 00000000 08:05 3802101    /lib/i386-linux-gnu/librt-2.15.so
b6586000-b6587000 r--p 00006000 08:05 3802101    /lib/i386-linux-gnu/librt-2.15.so
b6587000-b6588000 rw-p 00007000 08:05 3802101    /lib/i386-linux-gnu/librt-2.15.so
b6588000-b658b000 ---p 00000000 00:00 0 
b658b000-b65d9000 rw-p 00000000 00:00 0 
b65d9000-b65f5000 r-xp 00000000 08:05 3802036    /lib/i386-linux-gnu/libgcc_s.so.1
b65f5000-b65f6000 r--p 0001b000 08:05 3802036    /lib/i386-linux-gnu/libgcc_s.so.1
b65f6000-b65f7000 rw-p 0001c000 08:05 3802036    /lib/i386-linux-gnu/libgcc_s.so.1
b65f7000-b6621000 r-xp 00000000 08:05 3802047    /lib/i386-linux-gnu/libm-2.15.so
b6621000-b6622000 r--p 00029000 08:05 3802047    /lib/i386-linux-gnu/libm-2.15.so
b6622000-b6623000 rw-p 0002a000 08:05 3802047    /lib/i386-linux-gnu/libm-2.15.so
b6623000-b66fb000 r-xp 00000000 08:05 4985813    /usr/lib/i386-linux-gnu/libstdc++.so.6.0.16
b66fb000-b66fc000 ---p 000d8000 08:05 4985813    /usr/lib/i386-linux-gnu/libstdc++.so.6.0.16
b66fc000-b6700000 r--p 000d8000 08:05 4985813    /usr/lib/i386-linux-gnu/libstdc++.so.6.0.16
b6700000-b6701000 rw-p 000dc000 08:05 4985813    /usr/lib/i386-linux-gnu/libstdc++.so.6.0.16
b6701000-b6708000 rw-p 00000000 00:00 0 
b6708000-b70ca000 r-xp 00000000 08:05 4989140    /usr/lib/jvm/java-7-openjdk-i386/jre/lib/i386/server/libjvm.so
b70ca000-b711f000 r--p 009c2000 08:05 4989140    /usr/lib/jvm/java-7-openjdk-i386/jre/lib/i386/server/libjvm.so
b711f000-b7133000 rw-p 00a17000 08:05 4989140    /usr/lib/jvm/java-7-openjdk-i386/jre/lib/i386/server/libjvm.so
b7133000-b7551000 rw-p 00000000 00:00 0 
b7551000-b7565000 r-xp 00000000 08:05 3802126    /lib/i386-linux-gnu/libz.so.1.2.3.4
b7565000-b7566000 r--p 00013000 08:05 3802126    /lib/i386-linux-gnu/libz.so.1.2.3.4
b7566000-b7567000 rw-p 00014000 08:05 3802126    /lib/i386-linux-gnu/libz.so.1.2.3.4
b7567000-b757e000 r-xp 00000000 08:05 3802095    /lib/i386-linux-gnu/libpthread-2.15.so
b757e000-b757f000 r--p 00016000 08:05 3802095    /lib/i386-linux-gnu/libpthread-2.15.so
b757f000-b7580000 rw-p 00017000 08:05 3802095    /lib/i386-linux-gnu/libpthread-2.15.so
b7580000-b7582000 rw-p 00000000 00:00 0 
b7582000-b7585000 r-xp 00000000 08:05 3802028    /lib/i386-linux-gnu/libdl-2.15.so
b7585000-b7586000 r--p 00002000 08:05 3802028    /lib/i386-linux-gnu/libdl-2.15.so
b7586000-b7587000 rw-p 00003000 08:05 3802028    /lib/i386-linux-gnu/libdl-2.15.so
b7587000-b7726000 r-xp 00000000 08:05 3802015    /lib/i386-linux-gnu/libc-2.15.so
b7726000-b7728000 r--p 0019f000 08:05 3802015    /lib/i386-linux-gnu/libc-2.15.so
b7728000-b7729000 rw-p 001a1000 08:05 3802015    /lib/i386-linux-gnu/libc-2.15.so
b7729000-b772c000 rw-p 00000000 00:00 0 
b772c000-b772d000 r--s 00002000 08:05 4989080    /usr/lib/jvm/java-7-openjdk-i386/jre/lib/ext/dnsns.jar
b772d000-b772e000 r--p 005db000 08:05 4988066    /usr/lib/locale/locale-archive
b772e000-b772f000 rw-p 00000000 00:00 0 
b772f000-b7730000 ---p 00000000 00:00 0 
b7730000-b773c000 r-xp 00000000 08:05 4989131    /usr/lib/jvm/java-7-openjdk-i386/jre/lib/i386/libverify.so
b773c000-b773d000 r--p 0000b000 08:05 4989131    /usr/lib/jvm/java-7-openjdk-i386/jre/lib/i386/libverify.so
b773d000-b773e000 rw-p 0000c000 08:05 4989131    /usr/lib/jvm/java-7-openjdk-i386/jre/lib/i386/libverify.so
b773e000-b774b000 r-xp 00000000 08:05 4989106    /usr/lib/jvm/java-7-openjdk-i386/jre/lib/i386/jli/libjli.so
b774b000-b774c000 r--p 0000c000 08:05 4989106    /usr/lib/jvm/java-7-openjdk-i386/jre/lib/i386/jli/libjli.so
b774c000-b774d000 rw-p 0000d000 08:05 4989106    /usr/lib/jvm/java-7-openjdk-i386/jre/lib/i386/jli/libjli.so
b774d000-b7750000 rw-p 00000000 00:00 0 
b7750000-b7751000 r-xp 00000000 00:00 0          [vdso]
b7751000-b7771000 r-xp 00000000 08:05 3801995    /lib/i386-linux-gnu/ld-2.15.so
b7771000-b7772000 r--p 0001f000 08:05 3801995    /lib/i386-linux-gnu/ld-2.15.so
b7772000-b7773000 rw-p 00020000 08:05 3801995    /lib/i386-linux-gnu/ld-2.15.so
bf7e2000-bf7e3000 rwxp 00000000 00:00 0 
bf815000-bf836000 rw-p 00000000 00:00 0          [stack]

VM Arguments:
jvm_args: -Xmx1024M -Dfile.encoding=UTF-8 -Duser.country=IN -Duser.language=en -Duser.variant 
java_command: com.android.dx.command.Main --dex --output /home/ankit/Traafik latest/TraafikAppLatest/app/build/intermediates/pre-dexed/debug/classes-2bba629e0bef0632f4eeb364fe3fdb145c429817.jar /home/ankit/Traafik latest/TraafikAppLatest/app/build/intermediates/exploded-aar/com.android.support/support-v4/22.2.0/jars/classes.jar
Launcher Type: SUN_STANDARD

Environment Variables:
PATH=/usr/lib/lightdm/lightdm:/usr/local/sbin:/usr/local/bin:/usr/sbin:/usr/bin:/sbin:/bin:/usr/games
LD_LIBRARY_PATH=/home/ankit/Android studio/android-studio/bin:
SHELL=/bin/bash
DISPLAY=:0.0

Signal Handlers:
SIGSEGV: [libjvm.so+0x80b550], sa_mask[0]=0x7ffbfeff, sa_flags=0x10000004
SIGBUS: [libjvm.so+0x80b550], sa_mask[0]=0x7ffbfeff, sa_flags=0x10000004
SIGFPE: [libjvm.so+0x6753e0], sa_mask[0]=0x7ffbfeff, sa_flags=0x10000004
SIGPIPE: [libjvm.so+0x6753e0], sa_mask[0]=0x7ffbfeff, sa_flags=0x10000004
SIGXFSZ: [libjvm.so+0x6753e0], sa_mask[0]=0x7ffbfeff, sa_flags=0x10000004
SIGILL: [libjvm.so+0x6753e0], sa_mask[0]=0x7ffbfeff, sa_flags=0x10000004
SIGUSR1: SIG_DFL, sa_mask[0]=0x00000000, sa_flags=0x00000000
SIGUSR2: [libjvm.so+0x675690], sa_mask[0]=0x00000004, sa_flags=0x10000004
SIGHUP: [libjvm.so+0x675850], sa_mask[0]=0x7ffbfeff, sa_flags=0x10000004
SIGINT: [libjvm.so+0x675850], sa_mask[0]=0x7ffbfeff, sa_flags=0x10000004
SIGTERM: [libjvm.so+0x675850], sa_mask[0]=0x7ffbfeff, sa_flags=0x10000004
SIGQUIT: [libjvm.so+0x675850], sa_mask[0]=0x7ffbfeff, sa_flags=0x10000004
SIGTRAP: SIG_DFL, sa_mask[0]=0x00000000, sa_flags=0x00000000


---------------  S Y S T E M  ---------------

OS:Ubuntu 12.04 (precise)
uname:Linux 3.2.0-29-generic-pae #46-Ubuntu SMP Fri Jul 27 17:25:43 UTC 2012 i686
libc:glibc 2.15 NPTL 2.15 
rlimit: STACK 8192k, CORE 0k, NPROC 31169, NOFILE 4096, AS infinity
load average:45.72 25.68 10.95

/proc/meminfo:
MemTotal:        4004304 kB
MemFree:          182680 kB
Buffers:             592 kB
Cached:           564408 kB
SwapCached:            0 kB
Active:          3379796 kB
Inactive:         362864 kB
Active(anon):    3359288 kB
Inactive(anon):   272376 kB
Active(file):      20508 kB
Inactive(file):    90488 kB
Unevictable:          32 kB
Mlocked:              32 kB
HighTotal:       3159312 kB
HighFree:           9660 kB
LowTotal:         844992 kB
LowFree:          173020 kB
SwapTotal:             0 kB
SwapFree:              0 kB
Dirty:                68 kB
Writeback:          2288 kB
AnonPages:       3177744 kB
Mapped:            79688 kB
Shmem:            453956 kB
Slab:              39280 kB
SReclaimable:      18688 kB
SUnreclaim:        20592 kB
KernelStack:        4688 kB
PageTables:        18392 kB
NFS_Unstable:          0 kB
Bounce:                0 kB
WritebackTmp:          0 kB
CommitLimit:     2002152 kB
Committed_AS:    7217300 kB
VmallocTotal:     122880 kB
VmallocUsed:       15060 kB
VmallocChunk:     104204 kB
HardwareCorrupted:     0 kB
AnonHugePages:         0 kB
HugePages_Total:       0
HugePages_Free:        0
HugePages_Rsvd:        0
HugePages_Surp:        0
Hugepagesize:       2048 kB
DirectMap4k:       10232 kB
DirectMap2M:      903168 kB


CPU:total 2 (2 cores per cpu, 1 threads per core) family 6 model 58 stepping 9, cmov, cx8, fxsr, mmx, sse, sse2, sse3, ssse3, sse4.1, sse4.2, popcnt, erms, tsc, tscinvbit, tscinv

/proc/cpuinfo:
processor	: 0
vendor_id	: GenuineIntel
cpu family	: 6
model		: 58
model name	: Intel(R) Pentium(R) CPU G2030 @ 3.00GHz
stepping	: 9
microcode	: 0x17
cpu MHz		: 2500.000
cache size	: 3072 KB
physical id	: 0
siblings	: 2
core id		: 0
cpu cores	: 2
apicid		: 0
initial apicid	: 0
fdiv_bug	: no
hlt_bug		: no
f00f_bug	: no
coma_bug	: no
fpu		: yes
fpu_exception	: yes
cpuid level	: 13
wp		: yes
flags		: fpu vme de pse tsc msr pae mce cx8 apic sep mtrr pge mca cmov pat pse36 clflush dts acpi mmx fxsr sse sse2 ss ht tm pbe nx rdtscp lm constant_tsc arch_perfmon pebs bts xtopology nonstop_tsc aperfmperf pni pclmulqdq dtes64 monitor ds_cpl vmx est tm2 ssse3 cx16 xtpr pdcm pcid sse4_1 sse4_2 popcnt tsc_deadline_timer xsave lahf_lm arat epb xsaveopt pln pts dtherm tpr_shadow vnmi flexpriority ept vpid fsgsbase smep erms
bogomips	: 5986.59
clflush size	: 64
cache_alignment	: 64
address sizes	: 36 bits physical, 48 bits virtual
power management:

processor	: 1
vendor_id	: GenuineIntel
cpu family	: 6
model		: 58
model name	: Intel(R) Pentium(R) CPU G2030 @ 3.00GHz
stepping	: 9
microcode	: 0x17
cpu MHz		: 2700.000
cache size	: 3072 KB
physical id	: 0
siblings	: 2
core id		: 1
cpu cores	: 2
apicid		: 2
initial apicid	: 2
fdiv_bug	: no
hlt_bug		: no
f00f_bug	: no
coma_bug	: no
fpu		: yes
fpu_exception	: yes
cpuid level	: 13
wp		: yes
flags		: fpu vme de pse tsc msr pae mce cx8 apic sep mtrr pge mca cmov pat pse36 clflush dts acpi mmx fxsr sse sse2 ss ht tm pbe nx rdtscp lm constant_tsc arch_perfmon pebs bts xtopology nonstop_tsc aperfmperf pni pclmulqdq dtes64 monitor ds_cpl vmx est tm2 ssse3 cx16 xtpr pdcm pcid sse4_1 sse4_2 popcnt tsc_deadline_timer xsave lahf_lm arat epb xsaveopt pln pts dtherm tpr_shadow vnmi flexpriority ept vpid fsgsbase smep erms
bogomips	: 5986.36
clflush size	: 64
cache_alignment	: 64
address sizes	: 36 bits physical, 48 bits virtual
power management:



Memory: 4k page, physical 4004304k(182680k free), swap 0k(0k free)

vm_info: OpenJDK Server VM (24.75-b04) for linux-x86 JRE (1.7.0_75-b13), built on Jan 27 2015 16:24:35 by "buildd" with gcc 4.6.3

time: Wed Jul 15 15:55:39 2015
elapsed time: 6 seconds

