#
# There is insufficient memory for the Java Runtime Environment to continue.
# Native memory allocation (malloc) failed to allocate 45088768 bytes for committing reserved memory.
# Possible reasons:
#   The system is out of physical RAM or swap space
#   In 32 bit mode, the process size limit was hit
# Possible solutions:
#   Reduce memory load on the system
#   Increase physical memory or swap space
#   Check if swap backing store is full
#   Use 64 bit Java on a 64 bit OS
#   Decrease Java heap size (-Xmx/-Xms)
#   Decrease number of Java threads
#   Decrease Java thread stack sizes (-Xss)
#   Set larger code cache with -XX:ReservedCodeCacheSize=
# This output file may be truncated or incomplete.
#
#  Out of Memory Error (os_linux.cpp:2798), pid=19408, tid=1746426688
#
# JRE version: OpenJDK Runtime Environment (7.0_75-b13) (build 1.7.0_75-b13)
# Java VM: OpenJDK Server VM (24.75-b04 mixed mode linux-x86 )
# Derivative: IcedTea 2.5.4
# Distribution: Ubuntu 12.04 LTS, package 7u75-2.5.4-1~precise1
# Failed to write core dump. Core dumps have been disabled. To enable core dumping, try "ulimit -c unlimited" before starting Java again
#

---------------  T H R E A D  ---------------

Current thread (0x68010400):  VMThread [stack: 0x68105000,0x68186000] [id=19415]

Stack: [0x68105000,0x68186000]
[error occurred during error reporting (printing stack bounds), id 0xb]

VM_Operation (0xb663d948): ParallelGCFailedAllocation, mode: safepoint, requested by thread 0xb6407c00


---------------  P R O C E S S  ---------------

Java Threads: ( => current thread )
  0x6802c400 JavaThread "Service Thread" daemon [_thread_blocked, id=19421, stack(0x67bba000,0x67c0b000)]
  0x6802a800 JavaThread "C2 CompilerThread1" daemon [_thread_blocked, id=19420, stack(0x67c0b000,0x67c8c000)]
  0x68028800 JavaThread "C2 CompilerThread0" daemon [_thread_blocked, id=19419, stack(0x67c8c000,0x67d0d000)]
  0x68026c00 JavaThread "Signal Dispatcher" daemon [_thread_blocked, id=19418, stack(0x67d0d000,0x67d5e000)]
  0x68014400 JavaThread "Finalizer" daemon [_thread_blocked, id=19417, stack(0x67f5e000,0x67faf000)]
  0x68012800 JavaThread "Reference Handler" daemon [_thread_blocked, id=19416, stack(0x67faf000,0x68000000)]
  0xb6407c00 JavaThread "main" [_thread_blocked, id=19410, stack(0xb65ee000,0xb663f000)]

Other Threads:
=>0x68010400 VMThread [stack: 0x68105000,0x68186000] [id=19415]
  0x6802e000 WatcherThread [stack: 0x67b39000,0x67bba000] [id=19422]

VM state:at safepoint (normal execution)

VM Mutex/Monitor currently owned by a thread:  ([mutex/lock_event])
[0xb6405248] Threads_lock - owner thread: 0x68010400
[0xb6405658] Heap_lock - owner thread: 0xb6407c00

Heap
 PSYoungGen      total 152064K, used 45054K [0x9ddc0000, 0xab740000, 0xb3340000)
  eden space 107008K, 0% used [0x9ddc0000,0x9ddc0000,0xa4640000)
  from space 45056K, 99% used [0xa8b40000,0xab73fbc0,0xab740000)
  to   space 32000K, 0% used [0xa4640000,0xa4640000,0xa6580000)
 ParOldGen       total 106752K, used 104505K [0x73340000, 0x79b80000, 0x9ddc0000)
  object space 106752K, 97% used [0x73340000,0x7994e498,0x79b80000)
 PSPermGen       total 16384K, used 4002K [0x6b340000, 0x6c340000, 0x73340000)
  object space 16384K, 24% used [0x6b340000,0x6b7288b8,0x6c340000)

Card table byte_map: [0x6b0ff000,0x6b340000] byte_map_base: 0x6ada5600

Polling page: 0xb7795000

Code Cache  [0xb3400000, 0xb3660000, 0xb6400000)
 total_blobs=773 nmethods=654 adapters=73 free_code_cache=46784Kb largest_free_block=47856256

Compilation events (10 events):
Event: 9.767 Thread 0x6802a800 nmethod 660 0xb3642548 code [0xb3642620, 0xb3642670]
Event: 9.782 Thread 0x6802a800  661             com.android.dx.ssa.back.SsaToRop::moveParametersToHighRegisters (88 bytes)
Event: 9.786 Thread 0x6802a800 nmethod 661 0xb3622b88 code [0xb3622cc0, 0xb3622fd0]
Event: 9.869 Thread 0x6802a800  662             com.android.dx.rop.cst.TypedConstant::getFrameType (2 bytes)
Event: 9.870 Thread 0x6802a800 nmethod 662 0xb36423c8 code [0xb36424a0, 0xb36424f0]
Event: 9.908 Thread 0x68028800 nmethod 656 0xb3650a08 code [0xb3650d20, 0xb3652920]
Event: 10.045 Thread 0x6802a800  663             com.android.dx.cf.code.Simulator$SimVisitor::visitNoArgs (2108 bytes)
Event: 10.090 Thread 0x68028800  664             com.android.dx.rop.code.RegisterSpecList::getType (12 bytes)
Event: 10.091 Thread 0x68028800 nmethod 664 0xb3641f88 code [0xb3642080, 0xb3642170]
Event: 10.115 Thread 0x6802a800 nmethod 663 0xb3654f48 code [0xb3655c60, 0xb3657ecc]

GC Heap History (10 events):
Event: 4.577 GC heap after
Heap after GC invocations=6 (full 0):
 PSYoungGen      total 70144K, used 7666K [0x9ddc0000, 0xa2cc0000, 0xb3340000)
  eden space 62464K, 0% used [0x9ddc0000,0x9ddc0000,0xa1ac0000)
  from space 7680K, 99% used [0xa2340000,0xa2abcb50,0xa2ac0000)
  to   space 8704K, 0% used [0xa1ac0000,0xa1ac0000,0xa2340000)
 ParOldGen       total 41728K, used 13982K [0x73340000, 0x75c00000, 0x9ddc0000)
  object space 41728K, 33% used [0x73340000,0x740e7bb8,0x75c00000)
 PSPermGen       total 16384K, used 3964K [0x6b340000, 0x6c340000, 0x73340000)
  object space 16384K, 24% used [0x6b340000,0x6b71f070,0x6c340000)
}
Event: 5.994 GC heap before
{Heap before GC invocations=7 (full 0):
 PSYoungGen      total 70144K, used 70130K [0x9ddc0000, 0xa2cc0000, 0xb3340000)
  eden space 62464K, 100% used [0x9ddc0000,0xa1ac0000,0xa1ac0000)
  from space 7680K, 99% used [0xa2340000,0xa2abcb50,0xa2ac0000)
  to   space 8704K, 0% used [0xa1ac0000,0xa1ac0000,0xa2340000)
 ParOldGen       total 41728K, used 13982K [0x73340000, 0x75c00000, 0x9ddc0000)
  object space 41728K, 33% used [0x73340000,0x740e7bb8,0x75c00000)
 PSPermGen       total 16384K, used 3987K [0x6b340000, 0x6c340000, 0x73340000)
  object space 16384K, 24% used [0x6b340000,0x6b724e08,0x6c340000)
Event: 6.084 GC heap after
Heap after GC invocations=7 (full 0):
 PSYoungGen      total 71168K, used 8688K [0x9ddc0000, 0xa7340000, 0xb3340000)
  eden space 62464K, 0% used [0x9ddc0000,0x9ddc0000,0xa1ac0000)
  from space 8704K, 99% used [0xa1ac0000,0xa233c368,0xa2340000)
  to   space 14080K, 0% used [0xa6580000,0xa6580000,0xa7340000)
 ParOldGen       total 41728K, used 22198K [0x73340000, 0x75c00000, 0x9ddc0000)
  object space 41728K, 53% used [0x73340000,0x748edb28,0x75c00000)
 PSPermGen       total 16384K, used 3987K [0x6b340000, 0x6c340000, 0x73340000)
  object space 16384K, 24% used [0x6b340000,0x6b724e08,0x6c340000)
}
Event: 7.126 GC heap before
{Heap before GC invocations=8 (full 0):
 PSYoungGen      total 71168K, used 71152K [0x9ddc0000, 0xa7340000, 0xb3340000)
  eden space 62464K, 100% used [0x9ddc0000,0xa1ac0000,0xa1ac0000)
  from space 8704K, 99% used [0xa1ac0000,0xa233c368,0xa2340000)
  to   space 14080K, 0% used [0xa6580000,0xa6580000,0xa7340000)
 ParOldGen       total 41728K, used 22198K [0x73340000, 0x75c00000, 0x9ddc0000)
  object space 41728K, 53% used [0x73340000,0x748edb28,0x75c00000)
 PSPermGen       total 16384K, used 3992K [0x6b340000, 0x6c340000, 0x73340000)
  object space 16384K, 24% used [0x6b340000,0x6b726320,0x6c340000)
Event: 7.221 GC heap after
Heap after GC invocations=8 (full 0):
 PSYoungGen      total 121088K, used 14074K [0x9ddc0000, 0xa9640000, 0xb3340000)
  eden space 107008K, 0% used [0x9ddc0000,0x9ddc0000,0xa4640000)
  from space 14080K, 99% used [0xa6580000,0xa733eb38,0xa7340000)
  to   space 32000K, 0% used [0xa4640000,0xa4640000,0xa6580000)
 ParOldGen       total 58624K, used 58524K [0x73340000, 0x76c80000, 0x9ddc0000)
  object space 58624K, 99% used [0x73340000,0x76c672a8,0x76c80000)
 PSPermGen       total 16384K, used 3992K [0x6b340000, 0x6c340000, 0x73340000)
  object space 16384K, 24% used [0x6b340000,0x6b726320,0x6c340000)
}
Event: 7.221 GC heap before
{Heap before GC invocations=9 (full 1):
 PSYoungGen      total 121088K, used 14074K [0x9ddc0000, 0xa9640000, 0xb3340000)
  eden space 107008K, 0% used [0x9ddc0000,0x9ddc0000,0xa4640000)
  from space 14080K, 99% used [0xa6580000,0xa733eb38,0xa7340000)
  to   space 32000K, 0% used [0xa4640000,0xa4640000,0xa6580000)
 ParOldGen       total 58624K, used 58524K [0x73340000, 0x76c80000, 0x9ddc0000)
  object space 58624K, 99% used [0x73340000,0x76c672a8,0x76c80000)
 PSPermGen       total 16384K, used 3992K [0x6b340000, 0x6c340000, 0x73340000)
  object space 16384K, 24% used [0x6b340000,0x6b726320,0x6c340000)
Event: 7.941 GC heap after
Heap after GC invocations=9 (full 1):
 PSYoungGen      total 121088K, used 1725K [0x9ddc0000, 0xa9640000, 0xb3340000)
  eden space 107008K, 0% used [0x9ddc0000,0x9ddc0000,0xa4640000)
  from space 14080K, 12% used [0xa6580000,0xa672f5e0,0xa7340000)
  to   space 32000K, 0% used [0xa4640000,0xa4640000,0xa6580000)
 ParOldGen       total 106752K, used 58569K [0x73340000, 0x79b80000, 0x9ddc0000)
  object space 106752K, 54% used [0x73340000,0x76c72488,0x79b80000)
 PSPermGen       total 16384K, used 3990K [0x6b340000, 0x6c340000, 0x73340000)
  object space 16384K, 24% used [0x6b340000,0x6b725950,0x6c340000)
}
Event: 9.059 GC heap before
{Heap before GC invocations=10 (full 1):
 PSYoungGen      total 121088K, used 108733K [0x9ddc0000, 0xa9640000, 0xb3340000)
  eden space 107008K, 100% used [0x9ddc0000,0xa4640000,0xa4640000)
  from space 14080K, 12% used [0xa6580000,0xa672f5e0,0xa7340000)
  to   space 32000K, 0% used [0xa4640000,0xa4640000,0xa6580000)
 ParOldGen       total 106752K, used 58569K [0x73340000, 0x79b80000, 0x9ddc0000)
  object space 106752K, 54% used [0x73340000,0x76c72488,0x79b80000)
 PSPermGen       total 16384K, used 3999K [0x6b340000, 0x6c340000, 0x73340000)
  object space 16384K, 24% used [0x6b340000,0x6b727eb8,0x6c340000)
Event: 9.236 GC heap after
Heap after GC invocations=10 (full 1):
 PSYoungGen      total 139008K, used 31991K [0x9ddc0000, 0xab740000, 0xb3340000)
  eden space 107008K, 0% used [0x9ddc0000,0x9ddc0000,0xa4640000)
  from space 32000K, 99% used [0xa4640000,0xa657dd10,0xa6580000)
  to   space 45056K, 0% used [0xa8b40000,0xa8b40000,0xab740000)
 ParOldGen       total 106752K, used 76913K [0x73340000, 0x79b80000, 0x9ddc0000)
  object space 106752K, 72% used [0x73340000,0x77e5c488,0x79b80000)
 PSPermGen       total 16384K, used 3999K [0x6b340000, 0x6c340000, 0x73340000)
  object space 16384K, 24% used [0x6b340000,0x6b727eb8,0x6c340000)
}
Event: 10.161 GC heap before
{Heap before GC invocations=11 (full 1):
 PSYoungGen      total 139008K, used 138999K [0x9ddc0000, 0xab740000, 0xb3340000)
  eden space 107008K, 100% used [0x9ddc0000,0xa4640000,0xa4640000)
  from space 32000K, 99% used [0xa4640000,0xa657dd10,0xa6580000)
  to   space 45056K, 0% used [0xa8b40000,0xa8b40000,0xab740000)
 ParOldGen       total 106752K, used 76913K [0x73340000, 0x79b80000, 0x9ddc0000)
  object space 106752K, 72% used [0x73340000,0x77e5c488,0x79b80000)
 PSPermGen       total 16384K, used 4002K [0x6b340000, 0x6c340000, 0x73340000)
  object space 16384K, 24% used [0x6b340000,0x6b7288b8,0x6c340000)

Deoptimization events (10 events):
Event: 8.322 Thread 0xb6407c00 Uncommon trap: reason=class_check action=maybe_recompile pc=0xb35ceb60 method=com.android.dx.util.BitIntSet.merge(Lcom/android/dx/util/IntSet;)V @ 1
Event: 8.322 Thread 0xb6407c00 Uncommon trap: reason=class_check action=maybe_recompile pc=0xb35abab8 method=com.android.dx.ssa.back.InterferenceGraph.mergeInterferenceSet(ILcom/android/dx/util/IntSet;)V @ 20
Event: 8.322 Thread 0xb6407c00 Uncommon trap: reason=class_check action=maybe_recompile pc=0xb35ceb60 method=com.android.dx.util.BitIntSet.merge(Lcom/android/dx/util/IntSet;)V @ 1
Event: 8.345 Thread 0xb6407c00 Uncommon trap: reason=class_check action=maybe_recompile pc=0xb3539ea4 method=com.android.dx.ssa.back.InterferenceGraph.mergeInterferenceSet(ILcom/android/dx/util/IntSet;)V @ 20
Event: 8.345 Thread 0xb6407c00 Uncommon trap: reason=class_check action=maybe_recompile pc=0xb35ceb60 method=com.android.dx.util.BitIntSet.merge(Lcom/android/dx/util/IntSet;)V @ 1
Event: 8.345 Thread 0xb6407c00 Uncommon trap: reason=class_check action=maybe_recompile pc=0xb35abab8 method=com.android.dx.ssa.back.InterferenceGraph.mergeInterferenceSet(ILcom/android/dx/util/IntSet;)V @ 20
Event: 8.357 Thread 0xb6407c00 Uncommon trap: reason=class_check action=maybe_recompile pc=0xb35c23c0 method=com.android.dx.ssa.back.InterferenceGraph.mergeInterferenceSet(ILcom/android/dx/util/IntSet;)V @ 20
Event: 9.329 Thread 0xb6407c00 Uncommon trap: reason=class_check action=maybe_recompile pc=0xb3488f68 method=com.android.dx.ssa.SsaConverter.placePhiFunctions(Lcom/android/dx/ssa/SsaMethod;Lcom/android/dx/ssa/LocalVariableInfo;I)V @ 257
Event: 9.494 Thread 0xb6407c00 Uncommon trap: reason=predicate action=maybe_recompile pc=0xb3565fcc method=com.android.dx.ssa.back.InterferenceGraph.<init>(I)V @ 23
Event: 9.556 Thread 0xb6407c00 Uncommon trap: reason=class_check action=maybe_recompile pc=0xb3582e5c method=com.android.dx.ssa.back.InterferenceGraph.mergeInterferenceSet(ILcom/android/dx/util/IntSet;)V @ 20

Internal exceptions (10 events):
Event: 1.589 Thread 0xb6407c00 Threw 0x9e642b18 at /build/buildd/openjdk-7-7u75-2.5.4/build/openjdk/hotspot/src/share/vm/prims/jvm.cpp:1284
Event: 1.707 Thread 0xb6407c00 Implicit null exception at 0xb34a1dcd to 0xb34a2799
Event: 2.008 Thread 0xb6407c00 Threw 0x9df60328 at /build/buildd/openjdk-7-7u75-2.5.4/build/openjdk/hotspot/src/share/vm/prims/jvm.cpp:1284
Event: 2.035 Thread 0xb6407c00 Threw 0x9dfc4620 at /build/buildd/openjdk-7-7u75-2.5.4/build/openjdk/hotspot/src/share/vm/prims/jvm.cpp:1284
Event: 2.935 Thread 0xb6407c00 Threw 0x9e663710 at /build/buildd/openjdk-7-7u75-2.5.4/build/openjdk/hotspot/src/share/vm/prims/jvm.cpp:1284
Event: 3.317 Thread 0xb6407c00 Threw 0x9e524718 at /build/buildd/openjdk-7-7u75-2.5.4/build/openjdk/hotspot/src/share/vm/prims/jvm.cpp:1284
Event: 3.407 Thread 0xb6407c00 Implicit null exception at 0xb352dcea to 0xb352e2d9
Event: 6.327 Thread 0xb6407c00 Threw 0x9ed842e8 at /build/buildd/openjdk-7-7u75-2.5.4/build/openjdk/hotspot/src/share/vm/prims/jvm.cpp:1284
Event: 8.000 Thread 0xb6407c00 Threw 0x9fac5bf8 at /build/buildd/openjdk-7-7u75-2.5.4/build/openjdk/hotspot/src/share/vm/prims/jvm.cpp:1284
Event: 8.028 Thread 0xb6407c00 Threw 0x9fb8e158 at /build/buildd/openjdk-7-7u75-2.5.4/build/openjdk/hotspot/src/share/vm/prims/jvm.cpp:1284

Events (10 events):
Event: 9.329 Thread 0xb6407c00 DEOPT PACKING pc=0xb3488f68 sp=0xb663dad0
Event: 9.329 Thread 0xb6407c00 DEOPT UNPACKING pc=0xb342cbc8 sp=0xb663dad8 mode 2
Event: 9.494 Thread 0xb6407c00 Uncommon trap: trap_request=0xffffff86 fr.pc=0xb3565fcc
Event: 9.494 Thread 0xb6407c00 DEOPT PACKING pc=0xb3565fcc sp=0xb663dab0
Event: 9.494 Thread 0xb6407c00 DEOPT UNPACKING pc=0xb342cbc8 sp=0xb663daac mode 2
Event: 9.556 Thread 0xb6407c00 Uncommon trap: trap_request=0xffffffde fr.pc=0xb3582e5c
Event: 9.556 Thread 0xb6407c00 DEOPT PACKING pc=0xb3582e5c sp=0xb663daa0
Event: 9.556 Thread 0xb6407c00 DEOPT UNPACKING pc=0xb342cbc8 sp=0xb663d9e4 mode 2
Event: 9.786 Thread 0x6802a800 flushing nmethod 0xb359c448
Event: 10.161 Executing VM operation: ParallelGCFailedAllocation


Dynamic libraries:
08048000-08049000 r-xp 00000000 08:05 4983886    /usr/lib/jvm/java-7-openjdk-i386/jre/bin/java
08049000-0804a000 r--p 00000000 08:05 4983886    /usr/lib/jvm/java-7-openjdk-i386/jre/bin/java
0804a000-0804b000 rw-p 00001000 08:05 4983886    /usr/lib/jvm/java-7-openjdk-i386/jre/bin/java
08942000-08dd5000 rw-p 00000000 00:00 0          [heap]
66800000-668dc000 rw-p 00000000 00:00 0 
668dc000-66900000 ---p 00000000 00:00 0 
66a00000-66af7000 rw-p 00000000 00:00 0 
66af7000-66b00000 ---p 00000000 00:00 0 
66c00000-66cf6000 rw-p 00000000 00:00 0 
66cf6000-66d00000 ---p 00000000 00:00 0 
66e00000-66ef4000 rw-p 00000000 00:00 0 
66ef4000-66f00000 ---p 00000000 00:00 0 
67000000-67100000 rw-p 00000000 00:00 0 
67200000-672fc000 rw-p 00000000 00:00 0 
672fc000-67300000 ---p 00000000 00:00 0 
67400000-675fb000 rw-p 00000000 00:00 0 
675fb000-67600000 ---p 00000000 00:00 0 
67600000-67645000 rw-p 00000000 00:00 0 
67645000-67700000 ---p 00000000 00:00 0 
677fc000-67836000 r-xp 00000000 08:05 3802088    /lib/i386-linux-gnu/libpcre.so.3.12.1
67836000-67837000 r--p 00039000 08:05 3802088    /lib/i386-linux-gnu/libpcre.so.3.12.1
67837000-67838000 rw-p 0003a000 08:05 3802088    /lib/i386-linux-gnu/libpcre.so.3.12.1
67838000-6784b000 r-xp 00000000 08:05 3802099    /lib/i386-linux-gnu/libresolv-2.15.so
6784b000-6784c000 ---p 00013000 08:05 3802099    /lib/i386-linux-gnu/libresolv-2.15.so
6784c000-6784d000 r--p 00013000 08:05 3802099    /lib/i386-linux-gnu/libresolv-2.15.so
6784d000-6784e000 rw-p 00014000 08:05 3802099    /lib/i386-linux-gnu/libresolv-2.15.so
6784e000-67850000 rw-p 00000000 00:00 0 
67850000-6786d000 r-xp 00000000 08:05 3802103    /lib/i386-linux-gnu/libselinux.so.1
6786d000-6786e000 r--p 0001c000 08:05 3802103    /lib/i386-linux-gnu/libselinux.so.1
6786e000-6786f000 rw-p 0001d000 08:05 3802103    /lib/i386-linux-gnu/libselinux.so.1
6786f000-67966000 r-xp 00000000 08:05 3802040    /lib/i386-linux-gnu/libglib-2.0.so.0.3200.3
67966000-67967000 r--p 000f6000 08:05 3802040    /lib/i386-linux-gnu/libglib-2.0.so.0.3200.3
67967000-67968000 rw-p 000f7000 08:05 3802040    /lib/i386-linux-gnu/libglib-2.0.so.0.3200.3
67968000-679b5000 r-xp 00000000 08:05 4985532    /usr/lib/i386-linux-gnu/libgobject-2.0.so.0.3200.3
679b5000-679b6000 r--p 0004c000 08:05 4985532    /usr/lib/i386-linux-gnu/libgobject-2.0.so.0.3200.3
679b6000-679b7000 rw-p 0004d000 08:05 4985532    /usr/lib/i386-linux-gnu/libgobject-2.0.so.0.3200.3
679b7000-67b0a000 r-xp 00000000 08:05 4985508    /usr/lib/i386-linux-gnu/libgio-2.0.so.0.3200.3
67b0a000-67b0c000 r--p 00153000 08:05 4985508    /usr/lib/i386-linux-gnu/libgio-2.0.so.0.3200.3
67b0c000-67b0d000 rw-p 00155000 08:05 4985508    /usr/lib/i386-linux-gnu/libgio-2.0.so.0.3200.3
67b0d000-67b0e000 rw-p 00000000 00:00 0 
67b20000-67b37000 r-xp 00000000 08:05 4989135    /usr/lib/jvm/java-7-openjdk-i386/jre/lib/i386/libnet.so
67b37000-67b38000 r--p 00016000 08:05 4989135    /usr/lib/jvm/java-7-openjdk-i386/jre/lib/i386/libnet.so
67b38000-67b39000 rw-p 00017000 08:05 4989135    /usr/lib/jvm/java-7-openjdk-i386/jre/lib/i386/libnet.so
67b39000-67b3a000 ---p 00000000 00:00 0 
67b3a000-67bba000 rw-p 00000000 00:00 0 
67bba000-67bbd000 ---p 00000000 00:00 0 
67bbd000-67c0b000 rw-p 00000000 00:00 0 
67c0b000-67c0e000 ---p 00000000 00:00 0 
67c0e000-67c8c000 rw-p 00000000 00:00 0 
67c8c000-67c8f000 ---p 00000000 00:00 0 
67c8f000-67d0d000 rw-p 00000000 00:00 0 
67d0d000-67d10000 ---p 00000000 00:00 0 
67d10000-67d5e000 rw-p 00000000 00:00 0 
67d5e000-67f5e000 r--p 00000000 08:05 4988066    /usr/lib/locale/locale-archive
67f5e000-67f61000 ---p 00000000 00:00 0 
67f61000-67faf000 rw-p 00000000 00:00 0 
67faf000-67fb2000 ---p 00000000 00:00 0 
67fb2000-68000000 rw-p 00000000 00:00 0 
68000000-680fb000 rw-p 00000000 00:00 0 
680fb000-68100000 ---p 00000000 00:00 0 
68105000-68106000 ---p 00000000 00:00 0 
68106000-681cf000 rw-p 00000000 00:00 0 
681cf000-68380000 r--s 01d23000 08:05 4989042    /usr/lib/jvm/java-7-openjdk-i386/jre/lib/rt.jar
68380000-6ac00000 rw-p 00000000 00:00 0 
6ac00000-6ad00000 rw-p 00000000 00:00 0 
6ad11000-6ad22000 r-xp 00000000 08:05 4989121    /usr/lib/jvm/java-7-openjdk-i386/jre/lib/i386/libnio.so
6ad22000-6ad23000 r--p 00010000 08:05 4989121    /usr/lib/jvm/java-7-openjdk-i386/jre/lib/i386/libnio.so
6ad23000-6ad24000 rw-p 00011000 08:05 4989121    /usr/lib/jvm/java-7-openjdk-i386/jre/lib/i386/libnio.so
6ad24000-6ad7f000 rw-p 00000000 00:00 0 
6ad7f000-6ad80000 ---p 00000000 00:00 0 
6ad80000-6ae00000 rw-p 00000000 00:00 0 
6ae00000-6ae21000 rw-p 00000000 00:00 0 
6ae21000-6af00000 ---p 00000000 00:00 0 
6af02000-6af07000 r-xp 00000000 08:05 4985471    /usr/lib/i386-linux-gnu/libffi.so.6.0.0
6af07000-6af08000 r--p 00004000 08:05 4985471    /usr/lib/i386-linux-gnu/libffi.so.6.0.0
6af08000-6af09000 rw-p 00005000 08:05 4985471    /usr/lib/i386-linux-gnu/libffi.so.6.0.0
6af09000-6af0c000 r-xp 00000000 08:05 4985518    /usr/lib/i386-linux-gnu/libgmodule-2.0.so.0.3200.3
6af0c000-6af0d000 r--p 00002000 08:05 4985518    /usr/lib/i386-linux-gnu/libgmodule-2.0.so.0.3200.3
6af0d000-6af0e000 rw-p 00003000 08:05 4985518    /usr/lib/i386-linux-gnu/libgmodule-2.0.so.0.3200.3
6af0e000-6af19000 r--s 00079000 08:06 4200566    /home/ankit/Traafik latest/TraafikAppLatest/app/build/intermediates/exploded-aar/com.google.android.gms/play-services-analytics/7.5.0/jars/classes.jar
6af19000-6af28000 r--s 000dd000 08:06 21369266   /home/ankit/Ankitt Data/ECLIPSE/sdk/build-tools/22.0.1/lib/dx.jar
6af28000-6af29000 ---p 00000000 00:00 0 
6af29000-6afde000 rw-p 00000000 00:00 0 
6afde000-6b0ff000 rw-p 00000000 00:00 0 
6b0ff000-6b107000 rw-p 00000000 00:00 0 
6b107000-6b13f000 rw-p 00000000 00:00 0 
6b13f000-6b174000 rw-p 00000000 00:00 0 
6b174000-6b294000 rw-p 00000000 00:00 0 
6b294000-6b301000 rw-p 00000000 00:00 0 
6b301000-6b33f000 rw-p 00000000 00:00 0 
6b33f000-6c340000 rw-p 00000000 00:00 0 
6c340000-73340000 rw-p 00000000 00:00 0 
73340000-79b80000 rw-p 00000000 00:00 0 
79b80000-9ddc0000 rw-p 00000000 00:00 0 
9ddc0000-ab740000 rw-p 00000000 00:00 0 
ae240000-b3340000 rw-p 00000000 00:00 0 
b3340000-b334a000 rw-p 00000000 00:00 0 
b334a000-b3400000 rw-p 00000000 00:00 0 
b3400000-b3660000 rwxp 00000000 00:00 0 
b3660000-b64fd000 rw-p 00000000 00:00 0 
b64fd000-b6500000 ---p 00000000 00:00 0 
b6502000-b6503000 r--s 00007000 08:05 5246941    /usr/share/java/java-atk-wrapper.jar
b6503000-b6506000 r--s 0000f000 08:05 4989079    /usr/lib/jvm/java-7-openjdk-i386/jre/lib/ext/icedtea-sound.jar
b6506000-b6508000 r--s 00012000 08:05 4989084    /usr/lib/jvm/java-7-openjdk-i386/jre/lib/ext/zipfs.jar
b6508000-b650c000 r--s 00034000 08:05 4989083    /usr/lib/jvm/java-7-openjdk-i386/jre/lib/ext/sunjce_provider.jar
b650c000-b6510000 r--s 0003c000 08:05 4989081    /usr/lib/jvm/java-7-openjdk-i386/jre/lib/ext/sunpkcs11.jar
b6510000-b6513000 r--s 00086000 08:05 4989082    /usr/lib/jvm/java-7-openjdk-i386/jre/lib/ext/localedata.jar
b6513000-b6536000 rw-p 00000000 00:00 0 
b6536000-b656e000 rw-p 00000000 00:00 0 
b656e000-b6579000 r-xp 00000000 08:05 3802066    /lib/i386-linux-gnu/libnss_files-2.15.so
b6579000-b657a000 r--p 0000a000 08:05 3802066    /lib/i386-linux-gnu/libnss_files-2.15.so
b657a000-b657b000 rw-p 0000b000 08:05 3802066    /lib/i386-linux-gnu/libnss_files-2.15.so
b657b000-b6585000 r-xp 00000000 08:05 3802070    /lib/i386-linux-gnu/libnss_nis-2.15.so
b6585000-b6586000 r--p 00009000 08:05 3802070    /lib/i386-linux-gnu/libnss_nis-2.15.so
b6586000-b6587000 rw-p 0000a000 08:05 3802070    /lib/i386-linux-gnu/libnss_nis-2.15.so
b6587000-b659d000 r-xp 00000000 08:05 3802060    /lib/i386-linux-gnu/libnsl-2.15.so
b659d000-b659e000 r--p 00015000 08:05 3802060    /lib/i386-linux-gnu/libnsl-2.15.so
b659e000-b659f000 rw-p 00016000 08:05 3802060    /lib/i386-linux-gnu/libnsl-2.15.so
b659f000-b65a1000 rw-p 00000000 00:00 0 
b65a1000-b65a8000 r-xp 00000000 08:05 3802062    /lib/i386-linux-gnu/libnss_compat-2.15.so
b65a8000-b65a9000 r--p 00006000 08:05 3802062    /lib/i386-linux-gnu/libnss_compat-2.15.so
b65a9000-b65aa000 rw-p 00007000 08:05 3802062    /lib/i386-linux-gnu/libnss_compat-2.15.so
b65aa000-b65b2000 r-xp 00000000 08:05 4989114    /usr/lib/jvm/java-7-openjdk-i386/jre/lib/i386/libzip.so
b65b2000-b65b3000 r--p 00007000 08:05 4989114    /usr/lib/jvm/java-7-openjdk-i386/jre/lib/i386/libzip.so
b65b3000-b65b4000 rw-p 00008000 08:05 4989114    /usr/lib/jvm/java-7-openjdk-i386/jre/lib/i386/libzip.so
b65b4000-b65bc000 rw-s 00000000 08:05 145394     /tmp/hsperfdata_ankit/19408
b65bc000-b65e3000 r-xp 00000000 08:05 4989134    /usr/lib/jvm/java-7-openjdk-i386/jre/lib/i386/libjava.so
b65e3000-b65e4000 r--p 00026000 08:05 4989134    /usr/lib/jvm/java-7-openjdk-i386/jre/lib/i386/libjava.so
b65e4000-b65e5000 rw-p 00027000 08:05 4989134    /usr/lib/jvm/java-7-openjdk-i386/jre/lib/i386/libjava.so
b65e5000-b65ec000 r-xp 00000000 08:05 3802101    /lib/i386-linux-gnu/librt-2.15.so
b65ec000-b65ed000 r--p 00006000 08:05 3802101    /lib/i386-linux-gnu/librt-2.15.so
b65ed000-b65ee000 rw-p 00007000 08:05 3802101    /lib/i386-linux-gnu/librt-2.15.so
b65ee000-b65f1000 ---p 00000000 00:00 0 
b65f1000-b663f000 rw-p 00000000 00:00 0 
b663f000-b665b000 r-xp 00000000 08:05 3802036    /lib/i386-linux-gnu/libgcc_s.so.1
b665b000-b665c000 r--p 0001b000 08:05 3802036    /lib/i386-linux-gnu/libgcc_s.so.1
b665c000-b665d000 rw-p 0001c000 08:05 3802036    /lib/i386-linux-gnu/libgcc_s.so.1
b665d000-b6687000 r-xp 00000000 08:05 3802047    /lib/i386-linux-gnu/libm-2.15.so
b6687000-b6688000 r--p 00029000 08:05 3802047    /lib/i386-linux-gnu/libm-2.15.so
b6688000-b6689000 rw-p 0002a000 08:05 3802047    /lib/i386-linux-gnu/libm-2.15.so
b6689000-b6761000 r-xp 00000000 08:05 4985813    /usr/lib/i386-linux-gnu/libstdc++.so.6.0.16
b6761000-b6762000 ---p 000d8000 08:05 4985813    /usr/lib/i386-linux-gnu/libstdc++.so.6.0.16
b6762000-b6766000 r--p 000d8000 08:05 4985813    /usr/lib/i386-linux-gnu/libstdc++.so.6.0.16
b6766000-b6767000 rw-p 000dc000 08:05 4985813    /usr/lib/i386-linux-gnu/libstdc++.so.6.0.16
b6767000-b676e000 rw-p 00000000 00:00 0 
b676e000-b7130000 r-xp 00000000 08:05 4989140    /usr/lib/jvm/java-7-openjdk-i386/jre/lib/i386/server/libjvm.so
b7130000-b7185000 r--p 009c2000 08:05 4989140    /usr/lib/jvm/java-7-openjdk-i386/jre/lib/i386/server/libjvm.so
b7185000-b7199000 rw-p 00a17000 08:05 4989140    /usr/lib/jvm/java-7-openjdk-i386/jre/lib/i386/server/libjvm.so
b7199000-b75b7000 rw-p 00000000 00:00 0 
b75b7000-b75cb000 r-xp 00000000 08:05 3802126    /lib/i386-linux-gnu/libz.so.1.2.3.4
b75cb000-b75cc000 r--p 00013000 08:05 3802126    /lib/i386-linux-gnu/libz.so.1.2.3.4
b75cc000-b75cd000 rw-p 00014000 08:05 3802126    /lib/i386-linux-gnu/libz.so.1.2.3.4
b75cd000-b75e4000 r-xp 00000000 08:05 3802095    /lib/i386-linux-gnu/libpthread-2.15.so
b75e4000-b75e5000 r--p 00016000 08:05 3802095    /lib/i386-linux-gnu/libpthread-2.15.so
b75e5000-b75e6000 rw-p 00017000 08:05 3802095    /lib/i386-linux-gnu/libpthread-2.15.so
b75e6000-b75e8000 rw-p 00000000 00:00 0 
b75e8000-b75eb000 r-xp 00000000 08:05 3802028    /lib/i386-linux-gnu/libdl-2.15.so
b75eb000-b75ec000 r--p 00002000 08:05 3802028    /lib/i386-linux-gnu/libdl-2.15.so
b75ec000-b75ed000 rw-p 00003000 08:05 3802028    /lib/i386-linux-gnu/libdl-2.15.so
b75ed000-b778c000 r-xp 00000000 08:05 3802015    /lib/i386-linux-gnu/libc-2.15.so
b778c000-b778e000 r--p 0019f000 08:05 3802015    /lib/i386-linux-gnu/libc-2.15.so
b778e000-b778f000 rw-p 001a1000 08:05 3802015    /lib/i386-linux-gnu/libc-2.15.so
b778f000-b7792000 rw-p 00000000 00:00 0 
b7792000-b7793000 r--s 00002000 08:05 4989080    /usr/lib/jvm/java-7-openjdk-i386/jre/lib/ext/dnsns.jar
b7793000-b7794000 r--p 005db000 08:05 4988066    /usr/lib/locale/locale-archive
b7794000-b7795000 rw-p 00000000 00:00 0 
b7795000-b7796000 ---p 00000000 00:00 0 
b7796000-b77a2000 r-xp 00000000 08:05 4989131    /usr/lib/jvm/java-7-openjdk-i386/jre/lib/i386/libverify.so
b77a2000-b77a3000 r--p 0000b000 08:05 4989131    /usr/lib/jvm/java-7-openjdk-i386/jre/lib/i386/libverify.so
b77a3000-b77a4000 rw-p 0000c000 08:05 4989131    /usr/lib/jvm/java-7-openjdk-i386/jre/lib/i386/libverify.so
b77a4000-b77b1000 r-xp 00000000 08:05 4989106    /usr/lib/jvm/java-7-openjdk-i386/jre/lib/i386/jli/libjli.so
b77b1000-b77b2000 r--p 0000c000 08:05 4989106    /usr/lib/jvm/java-7-openjdk-i386/jre/lib/i386/jli/libjli.so
b77b2000-b77b3000 rw-p 0000d000 08:05 4989106    /usr/lib/jvm/java-7-openjdk-i386/jre/lib/i386/jli/libjli.so
b77b3000-b77b6000 rw-p 00000000 00:00 0 
b77b6000-b77b7000 r-xp 00000000 00:00 0          [vdso]
b77b7000-b77d7000 r-xp 00000000 08:05 3801995    /lib/i386-linux-gnu/ld-2.15.so
b77d7000-b77d8000 r--p 0001f000 08:05 3801995    /lib/i386-linux-gnu/ld-2.15.so
b77d8000-b77d9000 rw-p 00020000 08:05 3801995    /lib/i386-linux-gnu/ld-2.15.so
bf8f3000-bf8f4000 rwxp 00000000 00:00 0 
bf926000-bf947000 rw-p 00000000 00:00 0          [stack]

VM Arguments:
jvm_args: -Xmx1024M -Dfile.encoding=UTF-8 -Duser.country=IN -Duser.language=en -Duser.variant 
java_command: com.android.dx.command.Main --dex --output /home/ankit/Traafik latest/TraafikAppLatest/app/build/intermediates/pre-dexed/debug/classes-60a7eb5bedd3ac059a03773ecb9be5aae7d1c35b.jar /home/ankit/Traafik latest/TraafikAppLatest/app/build/intermediates/exploded-aar/com.google.android.gms/play-services-analytics/7.5.0/jars/classes.jar
Launcher Type: SUN_STANDARD

Environment Variables:
PATH=/usr/lib/lightdm/lightdm:/usr/local/sbin:/usr/local/bin:/usr/sbin:/usr/bin:/sbin:/bin:/usr/games
LD_LIBRARY_PATH=/home/ankit/Android studio/android-studio/bin:
SHELL=/bin/bash
DISPLAY=:0.0

Signal Handlers:
SIGSEGV: [libjvm.so+0x80b550], sa_mask[0]=0x7ffbfeff, sa_flags=0x10000004
SIGBUS: [libjvm.so+0x80b550], sa_mask[0]=0x7ffbfeff, sa_flags=0x10000004
SIGFPE: [libjvm.so+0x6753e0], sa_mask[0]=0x7ffbfeff, sa_flags=0x10000004
SIGPIPE: [libjvm.so+0x6753e0], sa_mask[0]=0x7ffbfeff, sa_flags=0x10000004
SIGXFSZ: [libjvm.so+0x6753e0], sa_mask[0]=0x7ffbfeff, sa_flags=0x10000004
SIGILL: [libjvm.so+0x6753e0], sa_mask[0]=0x7ffbfeff, sa_flags=0x10000004
SIGUSR1: SIG_DFL, sa_mask[0]=0x00000000, sa_flags=0x00000000
SIGUSR2: [libjvm.so+0x675690], sa_mask[0]=0x00000004, sa_flags=0x10000004
SIGHUP: [libjvm.so+0x675850], sa_mask[0]=0x7ffbfeff, sa_flags=0x10000004
SIGINT: [libjvm.so+0x675850], sa_mask[0]=0x7ffbfeff, sa_flags=0x10000004
SIGTERM: [libjvm.so+0x675850], sa_mask[0]=0x7ffbfeff, sa_flags=0x10000004
SIGQUIT: [libjvm.so+0x675850], sa_mask[0]=0x7ffbfeff, sa_flags=0x10000004
SIGTRAP: SIG_DFL, sa_mask[0]=0x00000000, sa_flags=0x00000000


---------------  S Y S T E M  ---------------

OS:Ubuntu 12.04 (precise)
uname:Linux 3.2.0-29-generic-pae #46-Ubuntu SMP Fri Jul 27 17:25:43 UTC 2012 i686
libc:glibc 2.15 NPTL 2.15 
rlimit: STACK 8192k, CORE 0k, NPROC 31169, NOFILE 4096, AS infinity
load average:4.33 3.43 2.32

/proc/meminfo:
MemTotal:        4004304 kB
MemFree:          366128 kB
Buffers:             576 kB
Cached:           560664 kB
SwapCached:            0 kB
Active:          3195508 kB
Inactive:         362192 kB
Active(anon):    3170396 kB
Inactive(anon):   335740 kB
Active(file):      25112 kB
Inactive(file):    26452 kB
Unevictable:          16 kB
Mlocked:              16 kB
HighTotal:       3159312 kB
HighFree:         174652 kB
LowTotal:         844992 kB
LowFree:          191476 kB
SwapTotal:             0 kB
SwapFree:              0 kB
Dirty:                56 kB
Writeback:            36 kB
AnonPages:       2996496 kB
Mapped:            64176 kB
Shmem:            509436 kB
Slab:              40012 kB
SReclaimable:      19792 kB
SUnreclaim:        20220 kB
KernelStack:        4824 kB
PageTables:        19252 kB
NFS_Unstable:          0 kB
Bounce:                0 kB
WritebackTmp:          0 kB
CommitLimit:     2002152 kB
Committed_AS:    7423888 kB
VmallocTotal:     122880 kB
VmallocUsed:       15224 kB
VmallocChunk:     105324 kB
HardwareCorrupted:     0 kB
AnonHugePages:         0 kB
HugePages_Total:       0
HugePages_Free:        0
HugePages_Rsvd:        0
HugePages_Surp:        0
Hugepagesize:       2048 kB
DirectMap4k:       10232 kB
DirectMap2M:      903168 kB


CPU:total 2 (2 cores per cpu, 1 threads per core) family 6 model 58 stepping 9, cmov, cx8, fxsr, mmx, sse, sse2, sse3, ssse3, sse4.1, sse4.2, popcnt, erms, tsc, tscinvbit, tscinv

/proc/cpuinfo:
processor	: 0
vendor_id	: GenuineIntel
cpu family	: 6
model		: 58
model name	: Intel(R) Pentium(R) CPU G2030 @ 3.00GHz
stepping	: 9
microcode	: 0x17
cpu MHz		: 3000.000
cache size	: 3072 KB
physical id	: 0
siblings	: 2
core id		: 0
cpu cores	: 2
apicid		: 0
initial apicid	: 0
fdiv_bug	: no
hlt_bug		: no
f00f_bug	: no
coma_bug	: no
fpu		: yes
fpu_exception	: yes
cpuid level	: 13
wp		: yes
flags		: fpu vme de pse tsc msr pae mce cx8 apic sep mtrr pge mca cmov pat pse36 clflush dts acpi mmx fxsr sse sse2 ss ht tm pbe nx rdtscp lm constant_tsc arch_perfmon pebs bts xtopology nonstop_tsc aperfmperf pni pclmulqdq dtes64 monitor ds_cpl vmx est tm2 ssse3 cx16 xtpr pdcm pcid sse4_1 sse4_2 popcnt tsc_deadline_timer xsave lahf_lm arat epb xsaveopt pln pts dtherm tpr_shadow vnmi flexpriority ept vpid fsgsbase smep erms
bogomips	: 5986.47
clflush size	: 64
cache_alignment	: 64
address sizes	: 36 bits physical, 48 bits virtual
power management:

processor	: 1
vendor_id	: GenuineIntel
cpu family	: 6
model		: 58
model name	: Intel(R) Pentium(R) CPU G2030 @ 3.00GHz
stepping	: 9
microcode	: 0x17
cpu MHz		: 3000.000
cache size	: 3072 KB
physical id	: 0
siblings	: 2
core id		: 1
cpu cores	: 2
apicid		: 2
initial apicid	: 2
fdiv_bug	: no
hlt_bug		: no
f00f_bug	: no
coma_bug	: no
fpu		: yes
fpu_exception	: yes
cpuid level	: 13
wp		: yes
flags		: fpu vme de pse tsc msr pae mce cx8 apic sep mtrr pge mca cmov pat pse36 clflush dts acpi mmx fxsr sse sse2 ss ht tm pbe nx rdtscp lm constant_tsc arch_perfmon pebs bts xtopology nonstop_tsc aperfmperf pni pclmulqdq dtes64 monitor ds_cpl vmx est tm2 ssse3 cx16 xtpr pdcm pcid sse4_1 sse4_2 popcnt tsc_deadline_timer xsave lahf_lm arat epb xsaveopt pln pts dtherm tpr_shadow vnmi flexpriority ept vpid fsgsbase smep erms
bogomips	: 5986.36
clflush size	: 64
cache_alignment	: 64
address sizes	: 36 bits physical, 48 bits virtual
power management:



Memory: 4k page, physical 4004304k(368484k free), swap 0k(0k free)

vm_info: OpenJDK Server VM (24.75-b04) for linux-x86 JRE (1.7.0_75-b13), built on Jan 27 2015 16:24:35 by "buildd" with gcc 4.6.3

time: Fri Jul 17 17:47:13 2015
elapsed time: 10 seconds

