#
# There is insufficient memory for the Java Runtime Environment to continue.
# Native memory allocation (malloc) failed to allocate 78905344 bytes for committing reserved memory.
# Possible reasons:
#   The system is out of physical RAM or swap space
#   In 32 bit mode, the process size limit was hit
# Possible solutions:
#   Reduce memory load on the system
#   Increase physical memory or swap space
#   Check if swap backing store is full
#   Use 64 bit Java on a 64 bit OS
#   Decrease Java heap size (-Xmx/-Xms)
#   Decrease number of Java threads
#   Decrease Java thread stack sizes (-Xss)
#   Set larger code cache with -XX:ReservedCodeCacheSize=
# This output file may be truncated or incomplete.
#
#  Out of Memory Error (os_linux.cpp:2798), pid=18060, tid=1746426688
#
# JRE version: OpenJDK Runtime Environment (7.0_75-b13) (build 1.7.0_75-b13)
# Java VM: OpenJDK Server VM (24.75-b04 mixed mode linux-x86 )
# Derivative: IcedTea 2.5.4
# Distribution: Ubuntu 12.04 LTS, package 7u75-2.5.4-1~precise1
# Failed to write core dump. Core dumps have been disabled. To enable core dumping, try "ulimit -c unlimited" before starting Java again
#

---------------  T H R E A D  ---------------

Current thread (0x68010400):  VMThread [stack: 0x68105000,0x68186000] [id=18067]

Stack: [0x68105000,0x68186000]
[error occurred during error reporting (printing stack bounds), id 0xb]

VM_Operation (0xb6621978): ParallelGCFailedAllocation, mode: safepoint, requested by thread 0xb6407c00


---------------  P R O C E S S  ---------------

Java Threads: ( => current thread )
  0x6802c400 JavaThread "Service Thread" daemon [_thread_blocked, id=18073, stack(0x67bba000,0x67c0b000)]
  0x6802a800 JavaThread "C2 CompilerThread1" daemon [_thread_blocked, id=18072, stack(0x67c0b000,0x67c8c000)]
  0x68028800 JavaThread "C2 CompilerThread0" daemon [_thread_blocked, id=18071, stack(0x67c8c000,0x67d0d000)]
  0x68026c00 JavaThread "Signal Dispatcher" daemon [_thread_blocked, id=18070, stack(0x67d0d000,0x67d5e000)]
  0x68014400 JavaThread "Finalizer" daemon [_thread_blocked, id=18069, stack(0x67f5e000,0x67faf000)]
  0x68012800 JavaThread "Reference Handler" daemon [_thread_blocked, id=18068, stack(0x67faf000,0x68000000)]
  0xb6407c00 JavaThread "main" [_thread_blocked, id=18062, stack(0xb65d2000,0xb6623000)]

Other Threads:
=>0x68010400 VMThread [stack: 0x68105000,0x68186000] [id=18067]
  0x6802e000 WatcherThread [stack: 0x67b39000,0x67bba000] [id=18074]

VM state:at safepoint (normal execution)

VM Mutex/Monitor currently owned by a thread:  ([mutex/lock_event])
[0xb6404d00] ExpandHeap_lock - owner thread: 0x68010400
[0xb6405248] Threads_lock - owner thread: 0x68010400
[0xb6405658] Heap_lock - owner thread: 0xb6407c00

Heap
 PSYoungGen      total 211200K, used 0K [0x9ddc0000, 0xb3340000, 0xb3340000)
  eden space 138240K, 0% used [0x9ddc0000,0x9ddc0000,0xa64c0000)
  from space 72960K, 0% used [0xacc00000,0xacc00000,0xb1340000)
  to   space 105728K, 0% used [0xa64c0000,0xa64c0000,0xacc00000)
 ParOldGen       total 134656K, used 113767K [0x73340000, 0x7b6c0000, 0x9ddc0000)
  object space 134656K, 84% used [0x73340000,0x7a259e20,0x7b6c0000)
 PSPermGen       total 16384K, used 4004K [0x6b340000, 0x6c340000, 0x73340000)
  object space 16384K, 24% used [0x6b340000,0x6b729288,0x6c340000)

Card table byte_map: [0x6b0ff000,0x6b340000] byte_map_base: 0x6ada5600

Polling page: 0xb7779000

Code Cache  [0xb3400000, 0xb3680000, 0xb6400000)
 total_blobs=783 nmethods=664 adapters=73 free_code_cache=46712Kb largest_free_block=47737984

Compilation events (10 events):
Event: 12.572 Thread 0x6802a800  668             com.android.dx.ssa.SsaConverter::placePhiFunctions (394 bytes)
Event: 12.637 Thread 0x68028800  669             com.android.dx.util.BitIntSet$1::hasNext (13 bytes)
Event: 12.637 Thread 0x68028800 nmethod 669 0xb34a25c8 code [0xb34a26a0, 0xb34a26f0]
Event: 12.638 Thread 0x68028800  670             com.android.dx.cf.direct.DirectClassFile::getConstantPool (9 bytes)
Event: 12.639 Thread 0x68028800 nmethod 670 0xb34a2308 code [0xb34a2400, 0xb34a24bc]
Event: 12.692 Thread 0x6802a800 nmethod 668 0xb3674388 code [0xb3674680, 0xb36768e4]
Event: 13.127 Thread 0x68028800  671             com.android.dx.rop.code.Rops::pickBinaryOp (158 bytes)
Event: 13.130 Thread 0x68028800 nmethod 671 0xb34d2a48 code [0xb34d2b60, 0xb34d2d5c]
Event: 13.551 Thread 0x6802a800  672             com.android.dx.ssa.SsaRenamer::dupArray (17 bytes)
Event: 13.552 Thread 0x6802a800 nmethod 672 0xb34d27c8 code [0xb34d28c0, 0xb34d2990]

GC Heap History (10 events):
Event: 11.902 GC heap after
Heap after GC invocations=12 (full 2):
 PSYoungGen      total 162048K, used 37879K [0x9ddc0000, 0xab840000, 0xb3340000)
  eden space 122368K, 0% used [0x9ddc0000,0x9ddc0000,0xa5540000)
  from space 39680K, 95% used [0xa9180000,0xab67dda8,0xab840000)
  to   space 50688K, 0% used [0xa5540000,0xa5540000,0xa86c0000)
 ParOldGen       total 134656K, used 65293K [0x73340000, 0x7b6c0000, 0x9ddc0000)
  object space 134656K, 48% used [0x73340000,0x77303480,0x7b6c0000)
 PSPermGen       total 16384K, used 4001K [0x6b340000, 0x6c340000, 0x73340000)
  object space 16384K, 24% used [0x6b340000,0x6b728618,0x6c340000)
}
Event: 12.326 GC heap before
{Heap before GC invocations=13 (full 2):
 PSYoungGen      total 162048K, used 160247K [0x9ddc0000, 0xab840000, 0xb3340000)
  eden space 122368K, 100% used [0x9ddc0000,0xa5540000,0xa5540000)
  from space 39680K, 95% used [0xa9180000,0xab67dda8,0xab840000)
  to   space 50688K, 0% used [0xa5540000,0xa5540000,0xa86c0000)
 ParOldGen       total 134656K, used 65293K [0x73340000, 0x7b6c0000, 0x9ddc0000)
  object space 134656K, 48% used [0x73340000,0x77303480,0x7b6c0000)
 PSPermGen       total 16384K, used 4003K [0x6b340000, 0x6c340000, 0x73340000)
  object space 16384K, 24% used [0x6b340000,0x6b728d08,0x6c340000)
Event: 12.379 GC heap after
Heap after GC invocations=13 (full 2):
 PSYoungGen      total 173056K, used 36687K [0x9ddc0000, 0xad340000, 0xb3340000)
  eden space 122368K, 0% used [0x9ddc0000,0x9ddc0000,0xa5540000)
  from space 50688K, 72% used [0xa5540000,0xa7913d48,0xa86c0000)
  to   space 54272K, 0% used [0xa9e40000,0xa9e40000,0xad340000)
 ParOldGen       total 134656K, used 65293K [0x73340000, 0x7b6c0000, 0x9ddc0000)
  object space 134656K, 48% used [0x73340000,0x77303480,0x7b6c0000)
 PSPermGen       total 16384K, used 4003K [0x6b340000, 0x6c340000, 0x73340000)
  object space 16384K, 24% used [0x6b340000,0x6b728d08,0x6c340000)
}
Event: 12.829 GC heap before
{Heap before GC invocations=14 (full 2):
 PSYoungGen      total 173056K, used 159055K [0x9ddc0000, 0xad340000, 0xb3340000)
  eden space 122368K, 100% used [0x9ddc0000,0xa5540000,0xa5540000)
  from space 50688K, 72% used [0xa5540000,0xa7913d48,0xa86c0000)
  to   space 54272K, 0% used [0xa9e40000,0xa9e40000,0xad340000)
 ParOldGen       total 134656K, used 65293K [0x73340000, 0x7b6c0000, 0x9ddc0000)
  object space 134656K, 48% used [0x73340000,0x77303480,0x7b6c0000)
 PSPermGen       total 16384K, used 4004K [0x6b340000, 0x6c340000, 0x73340000)
  object space 16384K, 24% used [0x6b340000,0x6b7291b8,0x6c340000)
Event: 12.898 GC heap after
Heap after GC invocations=14 (full 2):
 PSYoungGen      total 192512K, used 42123K [0x9ddc0000, 0xadfc0000, 0xb3340000)
  eden space 138240K, 0% used [0x9ddc0000,0x9ddc0000,0xa64c0000)
  from space 54272K, 77% used [0xa9e40000,0xac762c70,0xad340000)
  to   space 58880K, 0% used [0xa64c0000,0xa64c0000,0xa9e40000)
 ParOldGen       total 134656K, used 65293K [0x73340000, 0x7b6c0000, 0x9ddc0000)
  object space 134656K, 48% used [0x73340000,0x77303480,0x7b6c0000)
 PSPermGen       total 16384K, used 4004K [0x6b340000, 0x6c340000, 0x73340000)
  object space 16384K, 24% used [0x6b340000,0x6b7291b8,0x6c340000)
}
Event: 13.279 GC heap before
{Heap before GC invocations=15 (full 2):
 PSYoungGen      total 192512K, used 180363K [0x9ddc0000, 0xadfc0000, 0xb3340000)
  eden space 138240K, 100% used [0x9ddc0000,0xa64c0000,0xa64c0000)
  from space 54272K, 77% used [0xa9e40000,0xac762c70,0xad340000)
  to   space 58880K, 0% used [0xa64c0000,0xa64c0000,0xa9e40000)
 ParOldGen       total 134656K, used 65293K [0x73340000, 0x7b6c0000, 0x9ddc0000)
  object space 134656K, 48% used [0x73340000,0x77303480,0x7b6c0000)
 PSPermGen       total 16384K, used 4004K [0x6b340000, 0x6c340000, 0x73340000)
  object space 16384K, 24% used [0x6b340000,0x6b7291b8,0x6c340000)
Event: 13.372 GC heap after
Heap after GC invocations=15 (full 2):
 PSYoungGen      total 197120K, used 58869K [0x9ddc0000, 0xb1340000, 0xb3340000)
  eden space 138240K, 0% used [0x9ddc0000,0x9ddc0000,0xa64c0000)
  from space 58880K, 99% used [0xa64c0000,0xa9e3d7a0,0xa9e40000)
  to   space 72960K, 0% used [0xacc00000,0xacc00000,0xb1340000)
 ParOldGen       total 134656K, used 77403K [0x73340000, 0x7b6c0000, 0x9ddc0000)
  object space 134656K, 57% used [0x73340000,0x77ed6f68,0x7b6c0000)
 PSPermGen       total 16384K, used 4004K [0x6b340000, 0x6c340000, 0x73340000)
  object space 16384K, 24% used [0x6b340000,0x6b7291b8,0x6c340000)
}
Event: 13.738 GC heap before
{Heap before GC invocations=16 (full 2):
 PSYoungGen      total 197120K, used 197109K [0x9ddc0000, 0xb1340000, 0xb3340000)
  eden space 138240K, 100% used [0x9ddc0000,0xa64c0000,0xa64c0000)
  from space 58880K, 99% used [0xa64c0000,0xa9e3d7a0,0xa9e40000)
  to   space 72960K, 0% used [0xacc00000,0xacc00000,0xb1340000)
 ParOldGen       total 134656K, used 77403K [0x73340000, 0x7b6c0000, 0x9ddc0000)
  object space 134656K, 57% used [0x73340000,0x77ed6f68,0x7b6c0000)
 PSPermGen       total 16384K, used 4004K [0x6b340000, 0x6c340000, 0x73340000)
  object space 16384K, 24% used [0x6b340000,0x6b729308,0x6c340000)
Event: 13.904 GC heap after
Heap after GC invocations=16 (full 2):
 PSYoungGen      total 211200K, used 72956K [0x9ddc0000, 0xb3340000, 0xb3340000)
  eden space 138240K, 0% used [0x9ddc0000,0x9ddc0000,0xa64c0000)
  from space 72960K, 99% used [0xacc00000,0xb133f050,0xb1340000)
  to   space 105728K, 0% used [0xa64c0000,0xa64c0000,0xacc00000)
 ParOldGen       total 134656K, used 132780K [0x73340000, 0x7b6c0000, 0x9ddc0000)
  object space 134656K, 98% used [0x73340000,0x7b4eb190,0x7b6c0000)
 PSPermGen       total 16384K, used 4004K [0x6b340000, 0x6c340000, 0x73340000)
  object space 16384K, 24% used [0x6b340000,0x6b729308,0x6c340000)
}
Event: 13.904 GC heap before
{Heap before GC invocations=17 (full 3):
 PSYoungGen      total 211200K, used 72956K [0x9ddc0000, 0xb3340000, 0xb3340000)
  eden space 138240K, 0% used [0x9ddc0000,0x9ddc0000,0xa64c0000)
  from space 72960K, 99% used [0xacc00000,0xb133f050,0xb1340000)
  to   space 105728K, 0% used [0xa64c0000,0xa64c0000,0xacc00000)
 ParOldGen       total 134656K, used 132780K [0x73340000, 0x7b6c0000, 0x9ddc0000)
  object space 134656K, 98% used [0x73340000,0x7b4eb190,0x7b6c0000)
 PSPermGen       total 16384K, used 4004K [0x6b340000, 0x6c340000, 0x73340000)
  object space 16384K, 24% used [0x6b340000,0x6b729308,0x6c340000)

Deoptimization events (10 events):
Event: 10.050 Thread 0xb6407c00 Uncommon trap: reason=class_check action=maybe_recompile pc=0xb3536b6c method=com.android.dx.ssa.back.InterferenceGraph.mergeInterferenceSet(ILcom/android/dx/util/IntSet;)V @ 20
Event: 10.050 Thread 0xb6407c00 Uncommon trap: reason=class_check action=maybe_recompile pc=0xb35c8120 method=com.android.dx.util.BitIntSet.merge(Lcom/android/dx/util/IntSet;)V @ 1
Event: 10.050 Thread 0xb6407c00 Uncommon trap: reason=class_check action=maybe_recompile pc=0xb35a9478 method=com.android.dx.ssa.back.InterferenceGraph.mergeInterferenceSet(ILcom/android/dx/util/IntSet;)V @ 20
Event: 10.057 Thread 0xb6407c00 Uncommon trap: reason=class_check action=maybe_recompile pc=0xb35c87c0 method=com.android.dx.ssa.back.InterferenceGraph.mergeInterferenceSet(ILcom/android/dx/util/IntSet;)V @ 20
Event: 11.163 Thread 0xb6407c00 Uncommon trap: reason=class_check action=maybe_recompile pc=0xb3487828 method=com.android.dx.ssa.SsaConverter.placePhiFunctions(Lcom/android/dx/ssa/SsaMethod;Lcom/android/dx/ssa/LocalVariableInfo;I)V @ 257
Event: 11.337 Thread 0xb6407c00 Uncommon trap: reason=predicate action=maybe_recompile pc=0xb3565d0c method=com.android.dx.ssa.back.InterferenceGraph.<init>(I)V @ 23
Event: 11.386 Thread 0xb6407c00 Uncommon trap: reason=class_check action=maybe_recompile pc=0xb3588a5c method=com.android.dx.ssa.back.InterferenceGraph.mergeInterferenceSet(ILcom/android/dx/util/IntSet;)V @ 20
Event: 11.948 Thread 0xb6407c00 Uncommon trap: reason=class_check action=maybe_recompile pc=0xb3487828 method=com.android.dx.ssa.SsaConverter.placePhiFunctions(Lcom/android/dx/ssa/SsaMethod;Lcom/android/dx/ssa/LocalVariableInfo;I)V @ 257
Event: 12.428 Thread 0xb6407c00 Uncommon trap: reason=class_check action=maybe_recompile pc=0xb3487828 method=com.android.dx.ssa.SsaConverter.placePhiFunctions(Lcom/android/dx/ssa/SsaMethod;Lcom/android/dx/ssa/LocalVariableInfo;I)V @ 257
Event: 12.619 Thread 0xb6407c00 Uncommon trap: reason=class_check action=maybe_recompile pc=0xb356bd30 method=com.android.dx.cf.code.RopperMachine.run(Lcom/android/dx/cf/code/Frame;II)V @ 1024

Internal exceptions (10 events):
Event: 2.981 Thread 0xb6407c00 Implicit null exception at 0xb34a030d to 0xb34a0cd9
Event: 3.405 Thread 0xb6407c00 Threw 0x9df5f8e0 at /build/buildd/openjdk-7-7u75-2.5.4/build/openjdk/hotspot/src/share/vm/prims/jvm.cpp:1284
Event: 3.424 Thread 0xb6407c00 Threw 0x9dfc3bd8 at /build/buildd/openjdk-7-7u75-2.5.4/build/openjdk/hotspot/src/share/vm/prims/jvm.cpp:1284
Event: 4.672 Thread 0xb6407c00 Implicit null exception at 0xb3519e2a to 0xb351a419
Event: 4.719 Thread 0xb6407c00 Threw 0x9e50c7c8 at /build/buildd/openjdk-7-7u75-2.5.4/build/openjdk/hotspot/src/share/vm/prims/jvm.cpp:1284
Event: 4.913 Thread 0xb6407c00 Threw 0x9ea59928 at /build/buildd/openjdk-7-7u75-2.5.4/build/openjdk/hotspot/src/share/vm/prims/jvm.cpp:1284
Event: 8.066 Thread 0xb6407c00 Implicit null exception at 0xb35fabc0 to 0xb35fe8c1
Event: 8.243 Thread 0xb6407c00 Threw 0x9ed5fa58 at /build/buildd/openjdk-7-7u75-2.5.4/build/openjdk/hotspot/src/share/vm/prims/jvm.cpp:1284
Event: 9.720 Thread 0xb6407c00 Threw 0x9faa2400 at /build/buildd/openjdk-7-7u75-2.5.4/build/openjdk/hotspot/src/share/vm/prims/jvm.cpp:1284
Event: 9.739 Thread 0xb6407c00 Threw 0x9fb6a960 at /build/buildd/openjdk-7-7u75-2.5.4/build/openjdk/hotspot/src/share/vm/prims/jvm.cpp:1284

Events (10 events):
Event: 12.428 Thread 0xb6407c00 DEOPT PACKING pc=0xb3487828 sp=0xb6621aa0
Event: 12.428 Thread 0xb6407c00 DEOPT UNPACKING pc=0xb342cbc8 sp=0xb6621aa8 mode 2
Event: 12.619 Thread 0xb6407c00 Uncommon trap: trap_request=0xffffffde fr.pc=0xb356bd30
Event: 12.619 Thread 0xb6407c00 DEOPT PACKING pc=0xb356bd30 sp=0xb66219d0
Event: 12.619 Thread 0xb6407c00 DEOPT UNPACKING pc=0xb342cbc8 sp=0xb66219ac mode 2
Event: 12.829 Executing VM operation: ParallelGCFailedAllocation
Event: 12.898 Executing VM operation: ParallelGCFailedAllocation done
Event: 13.279 Executing VM operation: ParallelGCFailedAllocation
Event: 13.372 Executing VM operation: ParallelGCFailedAllocation done
Event: 13.738 Executing VM operation: ParallelGCFailedAllocation


Dynamic libraries:
08048000-08049000 r-xp 00000000 08:05 4983886    /usr/lib/jvm/java-7-openjdk-i386/jre/bin/java
08049000-0804a000 r--p 00000000 08:05 4983886    /usr/lib/jvm/java-7-openjdk-i386/jre/bin/java
0804a000-0804b000 rw-p 00001000 08:05 4983886    /usr/lib/jvm/java-7-openjdk-i386/jre/bin/java
0842d000-08c37000 rw-p 00000000 00:00 0          [heap]
66d00000-66dfd000 rw-p 00000000 00:00 0 
66dfd000-66e00000 ---p 00000000 00:00 0 
66e00000-66ecf000 rw-p 00000000 00:00 0 
66ecf000-66f00000 ---p 00000000 00:00 0 
66f00000-67000000 rw-p 00000000 00:00 0 
67000000-670f6000 rw-p 00000000 00:00 0 
670f6000-67100000 ---p 00000000 00:00 0 
67200000-672ef000 rw-p 00000000 00:00 0 
672ef000-67300000 ---p 00000000 00:00 0 
67300000-673f9000 rw-p 00000000 00:00 0 
673f9000-67400000 ---p 00000000 00:00 0 
67400000-674f6000 rw-p 00000000 00:00 0 
674f6000-67500000 ---p 00000000 00:00 0 
67500000-675f8000 rw-p 00000000 00:00 0 
675f8000-67600000 ---p 00000000 00:00 0 
67600000-6762c000 rw-p 00000000 00:00 0 
6762c000-67700000 ---p 00000000 00:00 0 
677e9000-67823000 r-xp 00000000 08:05 3802088    /lib/i386-linux-gnu/libpcre.so.3.12.1
67823000-67824000 r--p 00039000 08:05 3802088    /lib/i386-linux-gnu/libpcre.so.3.12.1
67824000-67825000 rw-p 0003a000 08:05 3802088    /lib/i386-linux-gnu/libpcre.so.3.12.1
67825000-67838000 r-xp 00000000 08:05 3802099    /lib/i386-linux-gnu/libresolv-2.15.so
67838000-67839000 ---p 00013000 08:05 3802099    /lib/i386-linux-gnu/libresolv-2.15.so
67839000-6783a000 r--p 00013000 08:05 3802099    /lib/i386-linux-gnu/libresolv-2.15.so
6783a000-6783b000 rw-p 00014000 08:05 3802099    /lib/i386-linux-gnu/libresolv-2.15.so
6783b000-6783d000 rw-p 00000000 00:00 0 
6783d000-6785a000 r-xp 00000000 08:05 3802103    /lib/i386-linux-gnu/libselinux.so.1
6785a000-6785b000 r--p 0001c000 08:05 3802103    /lib/i386-linux-gnu/libselinux.so.1
6785b000-6785c000 rw-p 0001d000 08:05 3802103    /lib/i386-linux-gnu/libselinux.so.1
6785c000-67953000 r-xp 00000000 08:05 3802040    /lib/i386-linux-gnu/libglib-2.0.so.0.3200.3
67953000-67954000 r--p 000f6000 08:05 3802040    /lib/i386-linux-gnu/libglib-2.0.so.0.3200.3
67954000-67955000 rw-p 000f7000 08:05 3802040    /lib/i386-linux-gnu/libglib-2.0.so.0.3200.3
67955000-679a2000 r-xp 00000000 08:05 4985532    /usr/lib/i386-linux-gnu/libgobject-2.0.so.0.3200.3
679a2000-679a3000 r--p 0004c000 08:05 4985532    /usr/lib/i386-linux-gnu/libgobject-2.0.so.0.3200.3
679a3000-679a4000 rw-p 0004d000 08:05 4985532    /usr/lib/i386-linux-gnu/libgobject-2.0.so.0.3200.3
679a4000-67af7000 r-xp 00000000 08:05 4985508    /usr/lib/i386-linux-gnu/libgio-2.0.so.0.3200.3
67af7000-67af9000 r--p 00153000 08:05 4985508    /usr/lib/i386-linux-gnu/libgio-2.0.so.0.3200.3
67af9000-67afa000 rw-p 00155000 08:05 4985508    /usr/lib/i386-linux-gnu/libgio-2.0.so.0.3200.3
67afa000-67afb000 rw-p 00000000 00:00 0 
67b0d000-67b24000 r-xp 00000000 08:05 4989135    /usr/lib/jvm/java-7-openjdk-i386/jre/lib/i386/libnet.so
67b24000-67b25000 r--p 00016000 08:05 4989135    /usr/lib/jvm/java-7-openjdk-i386/jre/lib/i386/libnet.so
67b25000-67b26000 rw-p 00017000 08:05 4989135    /usr/lib/jvm/java-7-openjdk-i386/jre/lib/i386/libnet.so
67b26000-67b37000 r-xp 00000000 08:05 4989121    /usr/lib/jvm/java-7-openjdk-i386/jre/lib/i386/libnio.so
67b37000-67b38000 r--p 00010000 08:05 4989121    /usr/lib/jvm/java-7-openjdk-i386/jre/lib/i386/libnio.so
67b38000-67b39000 rw-p 00011000 08:05 4989121    /usr/lib/jvm/java-7-openjdk-i386/jre/lib/i386/libnio.so
67b39000-67b3a000 ---p 00000000 00:00 0 
67b3a000-67bba000 rw-p 00000000 00:00 0 
67bba000-67bbd000 ---p 00000000 00:00 0 
67bbd000-67c0b000 rw-p 00000000 00:00 0 
67c0b000-67c0e000 ---p 00000000 00:00 0 
67c0e000-67c8c000 rw-p 00000000 00:00 0 
67c8c000-67c8f000 ---p 00000000 00:00 0 
67c8f000-67d0d000 rw-p 00000000 00:00 0 
67d0d000-67d10000 ---p 00000000 00:00 0 
67d10000-67d5e000 rw-p 00000000 00:00 0 
67d5e000-67f5e000 r--p 00000000 08:05 4988066    /usr/lib/locale/locale-archive
67f5e000-67f61000 ---p 00000000 00:00 0 
67f61000-67faf000 rw-p 00000000 00:00 0 
67faf000-67fb2000 ---p 00000000 00:00 0 
67fb2000-68000000 rw-p 00000000 00:00 0 
68000000-680fe000 rw-p 00000000 00:00 0 
680fe000-68100000 ---p 00000000 00:00 0 
68105000-68106000 ---p 00000000 00:00 0 
68106000-681cf000 rw-p 00000000 00:00 0 
681cf000-68380000 r--s 01d23000 08:05 4989042    /usr/lib/jvm/java-7-openjdk-i386/jre/lib/rt.jar
68380000-6ac00000 rw-p 00000000 00:00 0 
6ac00000-6acfb000 rw-p 00000000 00:00 0 
6acfb000-6ad00000 ---p 00000000 00:00 0 
6ad0a000-6ad15000 r--s 00079000 08:06 4200566    /home/ankit/Traafik latest/TraafikAppLatest/app/build/intermediates/exploded-aar/com.google.android.gms/play-services-analytics/7.5.0/jars/classes.jar
6ad15000-6ad24000 r--s 000dd000 08:06 21369266   /home/ankit/Ankitt Data/ECLIPSE/sdk/build-tools/22.0.1/lib/dx.jar
6ad24000-6ad7f000 rw-p 00000000 00:00 0 
6ad7f000-6ad80000 ---p 00000000 00:00 0 
6ad80000-6ae00000 rw-p 00000000 00:00 0 
6ae00000-6ae21000 rw-p 00000000 00:00 0 
6ae21000-6af00000 ---p 00000000 00:00 0 
6af01000-6af06000 r-xp 00000000 08:05 4985471    /usr/lib/i386-linux-gnu/libffi.so.6.0.0
6af06000-6af07000 r--p 00004000 08:05 4985471    /usr/lib/i386-linux-gnu/libffi.so.6.0.0
6af07000-6af08000 rw-p 00005000 08:05 4985471    /usr/lib/i386-linux-gnu/libffi.so.6.0.0
6af08000-6af0b000 r-xp 00000000 08:05 4985518    /usr/lib/i386-linux-gnu/libgmodule-2.0.so.0.3200.3
6af0b000-6af0c000 r--p 00002000 08:05 4985518    /usr/lib/i386-linux-gnu/libgmodule-2.0.so.0.3200.3
6af0c000-6af0d000 rw-p 00003000 08:05 4985518    /usr/lib/i386-linux-gnu/libgmodule-2.0.so.0.3200.3
6af0d000-6af28000 rw-p 00000000 00:00 0 
6af28000-6af29000 ---p 00000000 00:00 0 
6af29000-6afeb000 rw-p 00000000 00:00 0 
6afeb000-6b0ff000 rw-p 00000000 00:00 0 
6b0ff000-6b107000 rw-p 00000000 00:00 0 
6b107000-6b13f000 rw-p 00000000 00:00 0 
6b13f000-6b181000 rw-p 00000000 00:00 0 
6b181000-6b294000 rw-p 00000000 00:00 0 
6b294000-6b33f000 rw-p 00000000 00:00 0 
6b33f000-6c340000 rw-p 00000000 00:00 0 
6c340000-73340000 rw-p 00000000 00:00 0 
73340000-7b6c0000 rw-p 00000000 00:00 0 
80200000-9ddc0000 rw-p 00000000 00:00 0 
9ddc0000-b3340000 rw-p 00000000 00:00 0 
b3340000-b334a000 rw-p 00000000 00:00 0 
b334a000-b3400000 rw-p 00000000 00:00 0 
b3400000-b3680000 rwxp 00000000 00:00 0 
b3680000-b64fd000 rw-p 00000000 00:00 0 
b64fd000-b6500000 ---p 00000000 00:00 0 
b6501000-b6502000 r--s 00007000 08:05 5246941    /usr/share/java/java-atk-wrapper.jar
b6502000-b6505000 r--s 0000f000 08:05 4989079    /usr/lib/jvm/java-7-openjdk-i386/jre/lib/ext/icedtea-sound.jar
b6505000-b6507000 r--s 00012000 08:05 4989084    /usr/lib/jvm/java-7-openjdk-i386/jre/lib/ext/zipfs.jar
b6507000-b650b000 r--s 00034000 08:05 4989083    /usr/lib/jvm/java-7-openjdk-i386/jre/lib/ext/sunjce_provider.jar
b650b000-b650f000 r--s 0003c000 08:05 4989081    /usr/lib/jvm/java-7-openjdk-i386/jre/lib/ext/sunpkcs11.jar
b650f000-b6512000 r--s 00086000 08:05 4989082    /usr/lib/jvm/java-7-openjdk-i386/jre/lib/ext/localedata.jar
b6512000-b651a000 rw-p 00000000 00:00 0 
b651a000-b6552000 rw-p 00000000 00:00 0 
b6552000-b655d000 r-xp 00000000 08:05 3802066    /lib/i386-linux-gnu/libnss_files-2.15.so
b655d000-b655e000 r--p 0000a000 08:05 3802066    /lib/i386-linux-gnu/libnss_files-2.15.so
b655e000-b655f000 rw-p 0000b000 08:05 3802066    /lib/i386-linux-gnu/libnss_files-2.15.so
b655f000-b6569000 r-xp 00000000 08:05 3802070    /lib/i386-linux-gnu/libnss_nis-2.15.so
b6569000-b656a000 r--p 00009000 08:05 3802070    /lib/i386-linux-gnu/libnss_nis-2.15.so
b656a000-b656b000 rw-p 0000a000 08:05 3802070    /lib/i386-linux-gnu/libnss_nis-2.15.so
b656b000-b6581000 r-xp 00000000 08:05 3802060    /lib/i386-linux-gnu/libnsl-2.15.so
b6581000-b6582000 r--p 00015000 08:05 3802060    /lib/i386-linux-gnu/libnsl-2.15.so
b6582000-b6583000 rw-p 00016000 08:05 3802060    /lib/i386-linux-gnu/libnsl-2.15.so
b6583000-b6585000 rw-p 00000000 00:00 0 
b6585000-b658c000 r-xp 00000000 08:05 3802062    /lib/i386-linux-gnu/libnss_compat-2.15.so
b658c000-b658d000 r--p 00006000 08:05 3802062    /lib/i386-linux-gnu/libnss_compat-2.15.so
b658d000-b658e000 rw-p 00007000 08:05 3802062    /lib/i386-linux-gnu/libnss_compat-2.15.so
b658e000-b6596000 r-xp 00000000 08:05 4989114    /usr/lib/jvm/java-7-openjdk-i386/jre/lib/i386/libzip.so
b6596000-b6597000 r--p 00007000 08:05 4989114    /usr/lib/jvm/java-7-openjdk-i386/jre/lib/i386/libzip.so
b6597000-b6598000 rw-p 00008000 08:05 4989114    /usr/lib/jvm/java-7-openjdk-i386/jre/lib/i386/libzip.so
b6598000-b65a0000 rw-s 00000000 08:05 145389     /tmp/hsperfdata_ankit/18060
b65a0000-b65c7000 r-xp 00000000 08:05 4989134    /usr/lib/jvm/java-7-openjdk-i386/jre/lib/i386/libjava.so
b65c7000-b65c8000 r--p 00026000 08:05 4989134    /usr/lib/jvm/java-7-openjdk-i386/jre/lib/i386/libjava.so
b65c8000-b65c9000 rw-p 00027000 08:05 4989134    /usr/lib/jvm/java-7-openjdk-i386/jre/lib/i386/libjava.so
b65c9000-b65d0000 r-xp 00000000 08:05 3802101    /lib/i386-linux-gnu/librt-2.15.so
b65d0000-b65d1000 r--p 00006000 08:05 3802101    /lib/i386-linux-gnu/librt-2.15.so
b65d1000-b65d2000 rw-p 00007000 08:05 3802101    /lib/i386-linux-gnu/librt-2.15.so
b65d2000-b65d5000 ---p 00000000 00:00 0 
b65d5000-b6623000 rw-p 00000000 00:00 0 
b6623000-b663f000 r-xp 00000000 08:05 3802036    /lib/i386-linux-gnu/libgcc_s.so.1
b663f000-b6640000 r--p 0001b000 08:05 3802036    /lib/i386-linux-gnu/libgcc_s.so.1
b6640000-b6641000 rw-p 0001c000 08:05 3802036    /lib/i386-linux-gnu/libgcc_s.so.1
b6641000-b666b000 r-xp 00000000 08:05 3802047    /lib/i386-linux-gnu/libm-2.15.so
b666b000-b666c000 r--p 00029000 08:05 3802047    /lib/i386-linux-gnu/libm-2.15.so
b666c000-b666d000 rw-p 0002a000 08:05 3802047    /lib/i386-linux-gnu/libm-2.15.so
b666d000-b6745000 r-xp 00000000 08:05 4985813    /usr/lib/i386-linux-gnu/libstdc++.so.6.0.16
b6745000-b6746000 ---p 000d8000 08:05 4985813    /usr/lib/i386-linux-gnu/libstdc++.so.6.0.16
b6746000-b674a000 r--p 000d8000 08:05 4985813    /usr/lib/i386-linux-gnu/libstdc++.so.6.0.16
b674a000-b674b000 rw-p 000dc000 08:05 4985813    /usr/lib/i386-linux-gnu/libstdc++.so.6.0.16
b674b000-b6752000 rw-p 00000000 00:00 0 
b6752000-b7114000 r-xp 00000000 08:05 4989140    /usr/lib/jvm/java-7-openjdk-i386/jre/lib/i386/server/libjvm.so
b7114000-b7169000 r--p 009c2000 08:05 4989140    /usr/lib/jvm/java-7-openjdk-i386/jre/lib/i386/server/libjvm.so
b7169000-b717d000 rw-p 00a17000 08:05 4989140    /usr/lib/jvm/java-7-openjdk-i386/jre/lib/i386/server/libjvm.so
b717d000-b759b000 rw-p 00000000 00:00 0 
b759b000-b75af000 r-xp 00000000 08:05 3802126    /lib/i386-linux-gnu/libz.so.1.2.3.4
b75af000-b75b0000 r--p 00013000 08:05 3802126    /lib/i386-linux-gnu/libz.so.1.2.3.4
b75b0000-b75b1000 rw-p 00014000 08:05 3802126    /lib/i386-linux-gnu/libz.so.1.2.3.4
b75b1000-b75c8000 r-xp 00000000 08:05 3802095    /lib/i386-linux-gnu/libpthread-2.15.so
b75c8000-b75c9000 r--p 00016000 08:05 3802095    /lib/i386-linux-gnu/libpthread-2.15.so
b75c9000-b75ca000 rw-p 00017000 08:05 3802095    /lib/i386-linux-gnu/libpthread-2.15.so
b75ca000-b75cc000 rw-p 00000000 00:00 0 
b75cc000-b75cf000 r-xp 00000000 08:05 3802028    /lib/i386-linux-gnu/libdl-2.15.so
b75cf000-b75d0000 r--p 00002000 08:05 3802028    /lib/i386-linux-gnu/libdl-2.15.so
b75d0000-b75d1000 rw-p 00003000 08:05 3802028    /lib/i386-linux-gnu/libdl-2.15.so
b75d1000-b7770000 r-xp 00000000 08:05 3802015    /lib/i386-linux-gnu/libc-2.15.so
b7770000-b7772000 r--p 0019f000 08:05 3802015    /lib/i386-linux-gnu/libc-2.15.so
b7772000-b7773000 rw-p 001a1000 08:05 3802015    /lib/i386-linux-gnu/libc-2.15.so
b7773000-b7776000 rw-p 00000000 00:00 0 
b7776000-b7777000 r--s 00002000 08:05 4989080    /usr/lib/jvm/java-7-openjdk-i386/jre/lib/ext/dnsns.jar
b7777000-b7778000 r--p 005db000 08:05 4988066    /usr/lib/locale/locale-archive
b7778000-b7779000 rw-p 00000000 00:00 0 
b7779000-b777a000 ---p 00000000 00:00 0 
b777a000-b7786000 r-xp 00000000 08:05 4989131    /usr/lib/jvm/java-7-openjdk-i386/jre/lib/i386/libverify.so
b7786000-b7787000 r--p 0000b000 08:05 4989131    /usr/lib/jvm/java-7-openjdk-i386/jre/lib/i386/libverify.so
b7787000-b7788000 rw-p 0000c000 08:05 4989131    /usr/lib/jvm/java-7-openjdk-i386/jre/lib/i386/libverify.so
b7788000-b7795000 r-xp 00000000 08:05 4989106    /usr/lib/jvm/java-7-openjdk-i386/jre/lib/i386/jli/libjli.so
b7795000-b7796000 r--p 0000c000 08:05 4989106    /usr/lib/jvm/java-7-openjdk-i386/jre/lib/i386/jli/libjli.so
b7796000-b7797000 rw-p 0000d000 08:05 4989106    /usr/lib/jvm/java-7-openjdk-i386/jre/lib/i386/jli/libjli.so
b7797000-b779a000 rw-p 00000000 00:00 0 
b779a000-b779b000 r-xp 00000000 00:00 0          [vdso]
b779b000-b77bb000 r-xp 00000000 08:05 3801995    /lib/i386-linux-gnu/ld-2.15.so
b77bb000-b77bc000 r--p 0001f000 08:05 3801995    /lib/i386-linux-gnu/ld-2.15.so
b77bc000-b77bd000 rw-p 00020000 08:05 3801995    /lib/i386-linux-gnu/ld-2.15.so
bfa07000-bfa08000 rwxp 00000000 00:00 0 
bfa3a000-bfa5b000 rw-p 00000000 00:00 0          [stack]

VM Arguments:
jvm_args: -Xmx1024M -Dfile.encoding=UTF-8 -Duser.country=IN -Duser.language=en -Duser.variant 
java_command: com.android.dx.command.Main --dex --output /home/ankit/Traafik latest/TraafikAppLatest/app/build/intermediates/pre-dexed/debug/classes-60a7eb5bedd3ac059a03773ecb9be5aae7d1c35b.jar /home/ankit/Traafik latest/TraafikAppLatest/app/build/intermediates/exploded-aar/com.google.android.gms/play-services-analytics/7.5.0/jars/classes.jar
Launcher Type: SUN_STANDARD

Environment Variables:
PATH=/usr/lib/lightdm/lightdm:/usr/local/sbin:/usr/local/bin:/usr/sbin:/usr/bin:/sbin:/bin:/usr/games
LD_LIBRARY_PATH=/home/ankit/Android studio/android-studio/bin:
SHELL=/bin/bash
DISPLAY=:0.0

Signal Handlers:
SIGSEGV: [libjvm.so+0x80b550], sa_mask[0]=0x7ffbfeff, sa_flags=0x10000004
SIGBUS: [libjvm.so+0x80b550], sa_mask[0]=0x7ffbfeff, sa_flags=0x10000004
SIGFPE: [libjvm.so+0x6753e0], sa_mask[0]=0x7ffbfeff, sa_flags=0x10000004
SIGPIPE: [libjvm.so+0x6753e0], sa_mask[0]=0x7ffbfeff, sa_flags=0x10000004
SIGXFSZ: [libjvm.so+0x6753e0], sa_mask[0]=0x7ffbfeff, sa_flags=0x10000004
SIGILL: [libjvm.so+0x6753e0], sa_mask[0]=0x7ffbfeff, sa_flags=0x10000004
SIGUSR1: SIG_DFL, sa_mask[0]=0x00000000, sa_flags=0x00000000
SIGUSR2: [libjvm.so+0x675690], sa_mask[0]=0x00000004, sa_flags=0x10000004
SIGHUP: [libjvm.so+0x675850], sa_mask[0]=0x7ffbfeff, sa_flags=0x10000004
SIGINT: [libjvm.so+0x675850], sa_mask[0]=0x7ffbfeff, sa_flags=0x10000004
SIGTERM: [libjvm.so+0x675850], sa_mask[0]=0x7ffbfeff, sa_flags=0x10000004
SIGQUIT: [libjvm.so+0x675850], sa_mask[0]=0x7ffbfeff, sa_flags=0x10000004
SIGTRAP: SIG_DFL, sa_mask[0]=0x00000000, sa_flags=0x00000000


---------------  S Y S T E M  ---------------

OS:Ubuntu 12.04 (precise)
uname:Linux 3.2.0-29-generic-pae #46-Ubuntu SMP Fri Jul 27 17:25:43 UTC 2012 i686
libc:glibc 2.15 NPTL 2.15 
rlimit: STACK 8192k, CORE 0k, NPROC 31169, NOFILE 4096, AS infinity
load average:4.56 2.24 1.54

/proc/meminfo:
MemTotal:        4004304 kB
MemFree:          164832 kB
Buffers:             364 kB
Cached:           666968 kB
SwapCached:            0 kB
Active:          3305168 kB
Inactive:         453200 kB
Active(anon):    3242548 kB
Inactive(anon):   394944 kB
Active(file):      62620 kB
Inactive(file):    58256 kB
Unevictable:          16 kB
Mlocked:              16 kB
HighTotal:       3159312 kB
HighFree:           7188 kB
LowTotal:         844992 kB
LowFree:          157644 kB
SwapTotal:             0 kB
SwapFree:              0 kB
Dirty:                48 kB
Writeback:             0 kB
AnonPages:       3091092 kB
Mapped:            77060 kB
Shmem:            546476 kB
Slab:              39940 kB
SReclaimable:      19520 kB
SUnreclaim:        20420 kB
KernelStack:        4864 kB
PageTables:        20252 kB
NFS_Unstable:          0 kB
Bounce:                0 kB
WritebackTmp:          0 kB
CommitLimit:     2002152 kB
Committed_AS:    7957216 kB
VmallocTotal:     122880 kB
VmallocUsed:       15236 kB
VmallocChunk:     105324 kB
HardwareCorrupted:     0 kB
AnonHugePages:         0 kB
HugePages_Total:       0
HugePages_Free:        0
HugePages_Rsvd:        0
HugePages_Surp:        0
Hugepagesize:       2048 kB
DirectMap4k:       10232 kB
DirectMap2M:      903168 kB


CPU:total 2 (2 cores per cpu, 1 threads per core) family 6 model 58 stepping 9, cmov, cx8, fxsr, mmx, sse, sse2, sse3, ssse3, sse4.1, sse4.2, popcnt, erms, tsc, tscinvbit, tscinv

/proc/cpuinfo:
processor	: 0
vendor_id	: GenuineIntel
cpu family	: 6
model		: 58
model name	: Intel(R) Pentium(R) CPU G2030 @ 3.00GHz
stepping	: 9
microcode	: 0x17
cpu MHz		: 3000.000
cache size	: 3072 KB
physical id	: 0
siblings	: 2
core id		: 0
cpu cores	: 2
apicid		: 0
initial apicid	: 0
fdiv_bug	: no
hlt_bug		: no
f00f_bug	: no
coma_bug	: no
fpu		: yes
fpu_exception	: yes
cpuid level	: 13
wp		: yes
flags		: fpu vme de pse tsc msr pae mce cx8 apic sep mtrr pge mca cmov pat pse36 clflush dts acpi mmx fxsr sse sse2 ss ht tm pbe nx rdtscp lm constant_tsc arch_perfmon pebs bts xtopology nonstop_tsc aperfmperf pni pclmulqdq dtes64 monitor ds_cpl vmx est tm2 ssse3 cx16 xtpr pdcm pcid sse4_1 sse4_2 popcnt tsc_deadline_timer xsave lahf_lm arat epb xsaveopt pln pts dtherm tpr_shadow vnmi flexpriority ept vpid fsgsbase smep erms
bogomips	: 5986.47
clflush size	: 64
cache_alignment	: 64
address sizes	: 36 bits physical, 48 bits virtual
power management:

processor	: 1
vendor_id	: GenuineIntel
cpu family	: 6
model		: 58
model name	: Intel(R) Pentium(R) CPU G2030 @ 3.00GHz
stepping	: 9
microcode	: 0x17
cpu MHz		: 3000.000
cache size	: 3072 KB
physical id	: 0
siblings	: 2
core id		: 1
cpu cores	: 2
apicid		: 2
initial apicid	: 2
fdiv_bug	: no
hlt_bug		: no
f00f_bug	: no
coma_bug	: no
fpu		: yes
fpu_exception	: yes
cpuid level	: 13
wp		: yes
flags		: fpu vme de pse tsc msr pae mce cx8 apic sep mtrr pge mca cmov pat pse36 clflush dts acpi mmx fxsr sse sse2 ss ht tm pbe nx rdtscp lm constant_tsc arch_perfmon pebs bts xtopology nonstop_tsc aperfmperf pni pclmulqdq dtes64 monitor ds_cpl vmx est tm2 ssse3 cx16 xtpr pdcm pcid sse4_1 sse4_2 popcnt tsc_deadline_timer xsave lahf_lm arat epb xsaveopt pln pts dtherm tpr_shadow vnmi flexpriority ept vpid fsgsbase smep erms
bogomips	: 5986.36
clflush size	: 64
cache_alignment	: 64
address sizes	: 36 bits physical, 48 bits virtual
power management:



Memory: 4k page, physical 4004304k(164832k free), swap 0k(0k free)

vm_info: OpenJDK Server VM (24.75-b04) for linux-x86 JRE (1.7.0_75-b13), built on Jan 27 2015 16:24:35 by "buildd" with gcc 4.6.3

time: Fri Jul 17 17:42:09 2015
elapsed time: 14 seconds

