#
# There is insufficient memory for the Java Runtime Environment to continue.
# Native memory allocation (malloc) failed to allocate 81264640 bytes for committing reserved memory.
# Possible reasons:
#   The system is out of physical RAM or swap space
#   In 32 bit mode, the process size limit was hit
# Possible solutions:
#   Reduce memory load on the system
#   Increase physical memory or swap space
#   Check if swap backing store is full
#   Use 64 bit Java on a 64 bit OS
#   Decrease Java heap size (-Xmx/-Xms)
#   Decrease number of Java threads
#   Decrease Java thread stack sizes (-Xss)
#   Set larger code cache with -XX:ReservedCodeCacheSize=
# This output file may be truncated or incomplete.
#
#  Out of Memory Error (os_linux.cpp:2798), pid=15503, tid=1746426688
#
# JRE version: OpenJDK Runtime Environment (7.0_75-b13) (build 1.7.0_75-b13)
# Java VM: OpenJDK Server VM (24.75-b04 mixed mode linux-x86 )
# Derivative: IcedTea 2.5.4
# Distribution: Ubuntu 12.04 LTS, package 7u75-2.5.4-1~precise1
# Failed to write core dump. Core dumps have been disabled. To enable core dumping, try "ulimit -c unlimited" before starting Java again
#

---------------  T H R E A D  ---------------

Current thread (0x68010400):  VMThread [stack: 0x68105000,0x68186000] [id=15513]

Stack: [0x68105000,0x68186000]
[error occurred during error reporting (printing stack bounds), id 0xb]

VM_Operation (0xb6641c6c): ParallelGCFailedAllocation, mode: safepoint, requested by thread 0xb6407c00


---------------  P R O C E S S  ---------------

Java Threads: ( => current thread )
  0x6802c400 JavaThread "Service Thread" daemon [_thread_blocked, id=15524, stack(0x67bba000,0x67c0b000)]
  0x6802a800 JavaThread "C2 CompilerThread1" daemon [_thread_blocked, id=15523, stack(0x67c0b000,0x67c8c000)]
  0x68028800 JavaThread "C2 CompilerThread0" daemon [_thread_blocked, id=15522, stack(0x67c8c000,0x67d0d000)]
  0x68026c00 JavaThread "Signal Dispatcher" daemon [_thread_blocked, id=15521, stack(0x67d0d000,0x67d5e000)]
  0x68014400 JavaThread "Finalizer" daemon [_thread_blocked, id=15515, stack(0x67f5e000,0x67faf000)]
  0x68012800 JavaThread "Reference Handler" daemon [_thread_blocked, id=15514, stack(0x67faf000,0x68000000)]
  0xb6407c00 JavaThread "main" [_thread_blocked, id=15505, stack(0xb65f2000,0xb6643000)]

Other Threads:
=>0x68010400 VMThread [stack: 0x68105000,0x68186000] [id=15513]
  0x6802e000 WatcherThread [stack: 0x67b39000,0x67bba000] [id=15525]

VM state:at safepoint (normal execution)

VM Mutex/Monitor currently owned by a thread:  ([mutex/lock_event])
[0xb6405248] Threads_lock - owner thread: 0x68010400
[0xb6405658] Heap_lock - owner thread: 0xb6407c00

Heap
 PSYoungGen      total 138240K, used 17399K [0x9ddc0000, 0xa79c0000, 0xb3340000)
  eden space 120832K, 0% used [0x9ddc0000,0x9ddc0000,0xa53c0000)
  from space 17408K, 99% used [0xa53c0000,0xa64bded0,0xa64c0000)
  to   space 13312K, 0% used [0xa64c0000,0xa64c0000,0xa71c0000)
 ParOldGen       total 41728K, used 33169K [0x73340000, 0x75c00000, 0x9ddc0000)
  object space 41728K, 79% used [0x73340000,0x753a47b0,0x75c00000)
 PSPermGen       total 16384K, used 4172K [0x6b340000, 0x6c340000, 0x73340000)
  object space 16384K, 25% used [0x6b340000,0x6b7532b0,0x6c340000)

Card table byte_map: [0x6b0ff000,0x6b340000] byte_map_base: 0x6ada5600

Polling page: 0xb7799000

Code Cache  [0xb3400000, 0xb3680000, 0xb6400000)
 total_blobs=904 nmethods=785 adapters=73 free_code_cache=46658Kb largest_free_block=47717248

Compilation events (10 events):
Event: 8.695 Thread 0x6802a800  801             com.android.dx.dex.code.CstInsn::getIndex (42 bytes)
Event: 8.695 Thread 0x6802a800 nmethod 801 0xb3584f48 code [0xb3585040, 0xb3585090]
Event: 8.700 Thread 0x6802a800  802             com.android.dx.dex.code.CstInsn::setClassIndex (37 bytes)
Event: 8.700 Thread 0x6802a800 nmethod 802 0xb357b248 code [0xb357b340, 0xb357b3b0]
Event: 8.713 Thread 0x6802a800  803             com.android.dx.dex.code.InsnFormat::unsignedFitsInByte (15 bytes)
Event: 8.713 Thread 0x6802a800 nmethod 803 0xb357b008 code [0xb357b0e0, 0xb357b130]
Event: 8.720 Thread 0x6802a800  804             com.android.dx.dex.code.LocalList$MakeState::aboutToProcess (127 bytes)
Event: 8.724 Thread 0x6802a800 nmethod 804 0xb3598448 code [0xb3598560, 0xb3598870]
Event: 8.822 Thread 0x6802a800  805             com.android.dx.dex.code.OutputFinisher::reserveRegisters (119 bytes)
Event: 8.822 Thread 0x68028800  806             com.android.dx.dex.code.form.Form35c::codeSize (2 bytes)

GC Heap History (10 events):
Event: 2.921 GC heap after
Heap after GC invocations=4 (full 0):
 PSYoungGen      total 34304K, used 2559K [0x9ddc0000, 0xa01c0000, 0xb3340000)
  eden space 31744K, 0% used [0x9ddc0000,0x9ddc0000,0x9fcc0000)
  from space 2560K, 99% used [0x9ff40000,0xa01bfe00,0xa01c0000)
  to   space 2560K, 0% used [0x9fcc0000,0x9fcc0000,0x9ff40000)
 ParOldGen       total 41728K, used 9083K [0x73340000, 0x75c00000, 0x9ddc0000)
  object space 41728K, 21% used [0x73340000,0x73c1ee88,0x75c00000)
 PSPermGen       total 16384K, used 3941K [0x6b340000, 0x6c340000, 0x73340000)
  object space 16384K, 24% used [0x6b340000,0x6b7195e0,0x6c340000)
}
Event: 4.004 GC heap before
{Heap before GC invocations=5 (full 0):
 PSYoungGen      total 34304K, used 34303K [0x9ddc0000, 0xa01c0000, 0xb3340000)
  eden space 31744K, 100% used [0x9ddc0000,0x9fcc0000,0x9fcc0000)
  from space 2560K, 99% used [0x9ff40000,0xa01bfe00,0xa01c0000)
  to   space 2560K, 0% used [0x9fcc0000,0x9fcc0000,0x9ff40000)
 ParOldGen       total 41728K, used 9083K [0x73340000, 0x75c00000, 0x9ddc0000)
  object space 41728K, 21% used [0x73340000,0x73c1ee88,0x75c00000)
 PSPermGen       total 16384K, used 3958K [0x6b340000, 0x6c340000, 0x73340000)
  object space 16384K, 24% used [0x6b340000,0x6b71d9b8,0x6c340000)
Event: 4.028 GC heap after
Heap after GC invocations=5 (full 0):
 PSYoungGen      total 34304K, used 2554K [0x9ddc0000, 0xa2a40000, 0xb3340000)
  eden space 31744K, 0% used [0x9ddc0000,0x9ddc0000,0x9fcc0000)
  from space 2560K, 99% used [0x9fcc0000,0x9ff3ea80,0x9ff40000)
  to   space 7424K, 0% used [0xa2300000,0xa2300000,0xa2a40000)
 ParOldGen       total 41728K, used 13875K [0x73340000, 0x75c00000, 0x9ddc0000)
  object space 41728K, 33% used [0x73340000,0x740ccf18,0x75c00000)
 PSPermGen       total 16384K, used 3958K [0x6b340000, 0x6c340000, 0x73340000)
  object space 16384K, 24% used [0x6b340000,0x6b71d9b8,0x6c340000)
}
Event: 4.995 GC heap before
{Heap before GC invocations=6 (full 0):
 PSYoungGen      total 34304K, used 34298K [0x9ddc0000, 0xa2a40000, 0xb3340000)
  eden space 31744K, 100% used [0x9ddc0000,0x9fcc0000,0x9fcc0000)
  from space 2560K, 99% used [0x9fcc0000,0x9ff3ea80,0x9ff40000)
  to   space 7424K, 0% used [0xa2300000,0xa2300000,0xa2a40000)
 ParOldGen       total 41728K, used 13875K [0x73340000, 0x75c00000, 0x9ddc0000)
  object space 41728K, 33% used [0x73340000,0x740ccf18,0x75c00000)
 PSPermGen       total 16384K, used 3971K [0x6b340000, 0x6c340000, 0x73340000)
  object space 16384K, 24% used [0x6b340000,0x6b720f18,0x6c340000)
Event: 5.034 GC heap after
Heap after GC invocations=6 (full 0):
 PSYoungGen      total 69888K, used 7414K [0x9ddc0000, 0xa2c40000, 0xb3340000)
  eden space 62464K, 0% used [0x9ddc0000,0x9ddc0000,0xa1ac0000)
  from space 7424K, 99% used [0xa2300000,0xa2a3d838,0xa2a40000)
  to   space 8448K, 0% used [0xa1ac0000,0xa1ac0000,0xa2300000)
 ParOldGen       total 41728K, used 13978K [0x73340000, 0x75c00000, 0x9ddc0000)
  object space 41728K, 33% used [0x73340000,0x740e68a0,0x75c00000)
 PSPermGen       total 16384K, used 3971K [0x6b340000, 0x6c340000, 0x73340000)
  object space 16384K, 24% used [0x6b340000,0x6b720f18,0x6c340000)
}
Event: 6.432 GC heap before
{Heap before GC invocations=7 (full 0):
 PSYoungGen      total 69888K, used 69878K [0x9ddc0000, 0xa2c40000, 0xb3340000)
  eden space 62464K, 100% used [0x9ddc0000,0xa1ac0000,0xa1ac0000)
  from space 7424K, 99% used [0xa2300000,0xa2a3d838,0xa2a40000)
  to   space 8448K, 0% used [0xa1ac0000,0xa1ac0000,0xa2300000)
 ParOldGen       total 41728K, used 13978K [0x73340000, 0x75c00000, 0x9ddc0000)
  object space 41728K, 33% used [0x73340000,0x740e68a0,0x75c00000)
 PSPermGen       total 16384K, used 3997K [0x6b340000, 0x6c340000, 0x73340000)
  object space 16384K, 24% used [0x6b340000,0x6b7274a8,0x6c340000)
Event: 6.508 GC heap after
Heap after GC invocations=7 (full 0):
 PSYoungGen      total 70912K, used 8438K [0x9ddc0000, 0xa71c0000, 0xb3340000)
  eden space 62464K, 0% used [0x9ddc0000,0x9ddc0000,0xa1ac0000)
  from space 8448K, 99% used [0xa1ac0000,0xa22fdb20,0xa2300000)
  to   space 13312K, 0% used [0xa64c0000,0xa64c0000,0xa71c0000)
 ParOldGen       total 41728K, used 21687K [0x73340000, 0x75c00000, 0x9ddc0000)
  object space 41728K, 51% used [0x73340000,0x7486dcd8,0x75c00000)
 PSPermGen       total 16384K, used 3997K [0x6b340000, 0x6c340000, 0x73340000)
  object space 16384K, 24% used [0x6b340000,0x6b7274a8,0x6c340000)
}
Event: 7.349 GC heap before
{Heap before GC invocations=8 (full 0):
 PSYoungGen      total 70912K, used 70902K [0x9ddc0000, 0xa71c0000, 0xb3340000)
  eden space 62464K, 100% used [0x9ddc0000,0xa1ac0000,0xa1ac0000)
  from space 8448K, 99% used [0xa1ac0000,0xa22fdb20,0xa2300000)
  to   space 13312K, 0% used [0xa64c0000,0xa64c0000,0xa71c0000)
 ParOldGen       total 41728K, used 21687K [0x73340000, 0x75c00000, 0x9ddc0000)
  object space 41728K, 51% used [0x73340000,0x7486dcd8,0x75c00000)
 PSPermGen       total 16384K, used 4006K [0x6b340000, 0x6c340000, 0x73340000)
  object space 16384K, 24% used [0x6b340000,0x6b729960,0x6c340000)
Event: 7.397 GC heap after
Heap after GC invocations=8 (full 0):
 PSYoungGen      total 134144K, used 13305K [0x9ddc0000, 0xa79c0000, 0xb3340000)
  eden space 120832K, 0% used [0x9ddc0000,0x9ddc0000,0xa53c0000)
  from space 13312K, 99% used [0xa64c0000,0xa71be7e8,0xa71c0000)
  to   space 17408K, 0% used [0xa53c0000,0xa53c0000,0xa64c0000)
 ParOldGen       total 41728K, used 26489K [0x73340000, 0x75c00000, 0x9ddc0000)
  object space 41728K, 63% used [0x73340000,0x74d1e690,0x75c00000)
 PSPermGen       total 16384K, used 4006K [0x6b340000, 0x6c340000, 0x73340000)
  object space 16384K, 24% used [0x6b340000,0x6b729960,0x6c340000)
}
Event: 8.871 GC heap before
{Heap before GC invocations=9 (full 0):
 PSYoungGen      total 134144K, used 134137K [0x9ddc0000, 0xa79c0000, 0xb3340000)
  eden space 120832K, 100% used [0x9ddc0000,0xa53c0000,0xa53c0000)
  from space 13312K, 99% used [0xa64c0000,0xa71be7e8,0xa71c0000)
  to   space 17408K, 0% used [0xa53c0000,0xa53c0000,0xa64c0000)
 ParOldGen       total 41728K, used 26489K [0x73340000, 0x75c00000, 0x9ddc0000)
  object space 41728K, 63% used [0x73340000,0x74d1e690,0x75c00000)
 PSPermGen       total 16384K, used 4172K [0x6b340000, 0x6c340000, 0x73340000)
  object space 16384K, 25% used [0x6b340000,0x6b7532b0,0x6c340000)

Deoptimization events (10 events):
Event: 6.910 Thread 0xb6407c00 Uncommon trap: reason=unloaded action=reinterpret pc=0xb34a20bc method=com.android.dx.cf.code.Ropper.addReturnBlock()V @ 45
Event: 6.910 Thread 0xb6407c00 Uncommon trap: reason=unreached action=reinterpret pc=0xb34eb544 method=com.android.dx.ssa.MoveParamCombiner$1.visitNonMoveInsn(Lcom/android/dx/ssa/NormalSsaInsn;)V @ 27
Event: 7.301 Thread 0xb6407c00 Uncommon trap: reason=bimorphic action=maybe_recompile pc=0xb35cad24 method=com.android.dx.cf.code.BytecodeArray.parseInstruction(ILcom/android/dx/cf/code/BytecodeArray$Visitor;)I @ 1501
Event: 7.301 Thread 0xb6407c00 Uncommon trap: reason=bimorphic action=maybe_recompile pc=0xb35cad24 method=com.android.dx.cf.code.BytecodeArray.parseInstruction(ILcom/android/dx/cf/code/BytecodeArray$Visitor;)I @ 1501
Event: 8.293 Thread 0xb6407c00 Uncommon trap: reason=unreached action=reinterpret pc=0xb3666368 method=com.android.dx.dex.file.ValueEncoder.addContents(Lcom/android/dx/dex/file/DexFile;Lcom/android/dx/rop/cst/Constant;)V @ 4
Event: 8.293 Thread 0xb6407c00 Uncommon trap: reason=unreached action=reinterpret pc=0xb366f8f8 method=com.android.dx.dex.file.DexFile.internIfAppropriate(Lcom/android/dx/rop/cst/Constant;)V @ 92
Event: 8.363 Thread 0xb6407c00 Uncommon trap: reason=bimorphic action=maybe_recompile pc=0xb3674c4c method=com.android.dx.dex.file.UniformItemSection.prepare0()V @ 6
Event: 8.374 Thread 0xb6407c00 Uncommon trap: reason=bimorphic action=maybe_recompile pc=0xb3674c4c method=com.android.dx.dex.file.UniformItemSection.prepare0()V @ 6
Event: 8.421 Thread 0xb6407c00 Uncommon trap: reason=unreached action=reinterpret pc=0xb3678aa4 method=com.android.dx.dex.code.LocalList$MakeState.snapshot(ILcom/android/dx/rop/code/RegisterSpecSet;)V @ 66
Event: 8.461 Thread 0xb6407c00 Uncommon trap: reason=unreached action=reinterpret pc=0xb3678034 method=com.android.dx.dex.code.OutputFinisher.findOpcodeForInsn(Lcom/android/dx/dex/code/DalvInsn;Lcom/android/dx/dex/code/Dop;)Lcom/android/dx/dex/code/Dop; @ 1

Internal exceptions (10 events):
Event: 8.383 Thread 0xb6407c00 Threw 0xa4e0bc60 at /build/buildd/openjdk-7-7u75-2.5.4/build/openjdk/hotspot/src/share/vm/prims/jvm.cpp:1284
Event: 8.383 Thread 0xb6407c00 Threw 0xa4e114b0 at /build/buildd/openjdk-7-7u75-2.5.4/build/openjdk/hotspot/src/share/vm/prims/jvm.cpp:1284
Event: 8.384 Thread 0xb6407c00 Threw 0xa4e183c0 at /build/buildd/openjdk-7-7u75-2.5.4/build/openjdk/hotspot/src/share/vm/prims/jvm.cpp:1284
Event: 8.384 Thread 0xb6407c00 Threw 0xa4e1cf90 at /build/buildd/openjdk-7-7u75-2.5.4/build/openjdk/hotspot/src/share/vm/prims/jvm.cpp:1284
Event: 8.385 Thread 0xb6407c00 Threw 0xa4e20798 at /build/buildd/openjdk-7-7u75-2.5.4/build/openjdk/hotspot/src/share/vm/prims/jvm.cpp:1284
Event: 8.385 Thread 0xb6407c00 Threw 0xa4e23c70 at /build/buildd/openjdk-7-7u75-2.5.4/build/openjdk/hotspot/src/share/vm/prims/jvm.cpp:1284
Event: 8.393 Thread 0xb6407c00 Threw 0xa4e3e880 at /build/buildd/openjdk-7-7u75-2.5.4/build/openjdk/hotspot/src/share/vm/prims/jvm.cpp:1284
Event: 8.394 Thread 0xb6407c00 Threw 0xa4e421a0 at /build/buildd/openjdk-7-7u75-2.5.4/build/openjdk/hotspot/src/share/vm/prims/jvm.cpp:1284
Event: 8.394 Thread 0xb6407c00 Threw 0xa4e459c0 at /build/buildd/openjdk-7-7u75-2.5.4/build/openjdk/hotspot/src/share/vm/prims/jvm.cpp:1284
Event: 8.461 Thread 0xb6407c00 Threw 0xa4e9e160 at /build/buildd/openjdk-7-7u75-2.5.4/build/openjdk/hotspot/src/share/vm/prims/jvm.cpp:1284

Events (10 events):
Event: 8.448 Thread 0x6802a800 flushing nmethod 0xb350bc88
Event: 8.457 Thread 0x68028800 flushing nmethod 0xb355ac88
Event: 8.461 Thread 0xb6407c00 Uncommon trap: trap_request=0xffffffad fr.pc=0xb3678034
Event: 8.461 Thread 0xb6407c00 DEOPT PACKING pc=0xb3678034 sp=0xb6641d20
Event: 8.461 Thread 0xb6407c00 DEOPT UNPACKING pc=0xb342cbc8 sp=0xb6641ccc mode 2
Event: 8.461 loading class 0x680d5c40
Event: 8.461 loading class 0x680d5c40 done
Event: 8.465 Thread 0x6802a800 flushing nmethod 0xb357b008
Event: 8.483 Thread 0x68028800 flushing nmethod 0xb358f908
Event: 8.738 Executing VM operation: ParallelGCFailedAllocation


Dynamic libraries:
08048000-08049000 r-xp 00000000 08:05 4983886    /usr/lib/jvm/java-7-openjdk-i386/jre/bin/java
08049000-0804a000 r--p 00000000 08:05 4983886    /usr/lib/jvm/java-7-openjdk-i386/jre/bin/java
0804a000-0804b000 rw-p 00001000 08:05 4983886    /usr/lib/jvm/java-7-openjdk-i386/jre/bin/java
088dd000-09346000 rw-p 00000000 00:00 0          [heap]
66e00000-66f00000 rw-p 00000000 00:00 0 
67000000-670fa000 rw-p 00000000 00:00 0 
670fa000-67100000 ---p 00000000 00:00 0 
67200000-672cb000 rw-p 00000000 00:00 0 
672cb000-67300000 ---p 00000000 00:00 0 
67300000-673ea000 rw-p 00000000 00:00 0 
673ea000-67400000 ---p 00000000 00:00 0 
67400000-674fe000 rw-p 00000000 00:00 0 
674fe000-67500000 ---p 00000000 00:00 0 
67600000-67629000 rw-p 00000000 00:00 0 
67629000-67700000 ---p 00000000 00:00 0 
677fc000-67836000 r-xp 00000000 08:05 3802088    /lib/i386-linux-gnu/libpcre.so.3.12.1
67836000-67837000 r--p 00039000 08:05 3802088    /lib/i386-linux-gnu/libpcre.so.3.12.1
67837000-67838000 rw-p 0003a000 08:05 3802088    /lib/i386-linux-gnu/libpcre.so.3.12.1
67838000-6784b000 r-xp 00000000 08:05 3802099    /lib/i386-linux-gnu/libresolv-2.15.so
6784b000-6784c000 ---p 00013000 08:05 3802099    /lib/i386-linux-gnu/libresolv-2.15.so
6784c000-6784d000 r--p 00013000 08:05 3802099    /lib/i386-linux-gnu/libresolv-2.15.so
6784d000-6784e000 rw-p 00014000 08:05 3802099    /lib/i386-linux-gnu/libresolv-2.15.so
6784e000-67850000 rw-p 00000000 00:00 0 
67850000-6786d000 r-xp 00000000 08:05 3802103    /lib/i386-linux-gnu/libselinux.so.1
6786d000-6786e000 r--p 0001c000 08:05 3802103    /lib/i386-linux-gnu/libselinux.so.1
6786e000-6786f000 rw-p 0001d000 08:05 3802103    /lib/i386-linux-gnu/libselinux.so.1
6786f000-67966000 r-xp 00000000 08:05 3802040    /lib/i386-linux-gnu/libglib-2.0.so.0.3200.3
67966000-67967000 r--p 000f6000 08:05 3802040    /lib/i386-linux-gnu/libglib-2.0.so.0.3200.3
67967000-67968000 rw-p 000f7000 08:05 3802040    /lib/i386-linux-gnu/libglib-2.0.so.0.3200.3
67968000-679b5000 r-xp 00000000 08:05 4985532    /usr/lib/i386-linux-gnu/libgobject-2.0.so.0.3200.3
679b5000-679b6000 r--p 0004c000 08:05 4985532    /usr/lib/i386-linux-gnu/libgobject-2.0.so.0.3200.3
679b6000-679b7000 rw-p 0004d000 08:05 4985532    /usr/lib/i386-linux-gnu/libgobject-2.0.so.0.3200.3
679b7000-67b0a000 r-xp 00000000 08:05 4985508    /usr/lib/i386-linux-gnu/libgio-2.0.so.0.3200.3
67b0a000-67b0c000 r--p 00153000 08:05 4985508    /usr/lib/i386-linux-gnu/libgio-2.0.so.0.3200.3
67b0c000-67b0d000 rw-p 00155000 08:05 4985508    /usr/lib/i386-linux-gnu/libgio-2.0.so.0.3200.3
67b0d000-67b0e000 rw-p 00000000 00:00 0 
67b20000-67b37000 r-xp 00000000 08:05 4989135    /usr/lib/jvm/java-7-openjdk-i386/jre/lib/i386/libnet.so
67b37000-67b38000 r--p 00016000 08:05 4989135    /usr/lib/jvm/java-7-openjdk-i386/jre/lib/i386/libnet.so
67b38000-67b39000 rw-p 00017000 08:05 4989135    /usr/lib/jvm/java-7-openjdk-i386/jre/lib/i386/libnet.so
67b39000-67b3a000 ---p 00000000 00:00 0 
67b3a000-67bba000 rw-p 00000000 00:00 0 
67bba000-67bbd000 ---p 00000000 00:00 0 
67bbd000-67c0b000 rw-p 00000000 00:00 0 
67c0b000-67c0e000 ---p 00000000 00:00 0 
67c0e000-67c8c000 rw-p 00000000 00:00 0 
67c8c000-67c8f000 ---p 00000000 00:00 0 
67c8f000-67d0d000 rw-p 00000000 00:00 0 
67d0d000-67d10000 ---p 00000000 00:00 0 
67d10000-67d5e000 rw-p 00000000 00:00 0 
67d5e000-67f5e000 r--p 00000000 08:05 4988066    /usr/lib/locale/locale-archive
67f5e000-67f61000 ---p 00000000 00:00 0 
67f61000-67faf000 rw-p 00000000 00:00 0 
67faf000-67fb2000 ---p 00000000 00:00 0 
67fb2000-68000000 rw-p 00000000 00:00 0 
68000000-68100000 rw-p 00000000 00:00 0 
68105000-68106000 ---p 00000000 00:00 0 
68106000-681cf000 rw-p 00000000 00:00 0 
681cf000-68380000 r--s 01d23000 08:05 4989042    /usr/lib/jvm/java-7-openjdk-i386/jre/lib/rt.jar
68380000-6ac00000 rw-p 00000000 00:00 0 
6ac00000-6acfb000 rw-p 00000000 00:00 0 
6acfb000-6ad00000 ---p 00000000 00:00 0 
6ad0a000-6ad0f000 r-xp 00000000 08:05 4985471    /usr/lib/i386-linux-gnu/libffi.so.6.0.0
6ad0f000-6ad10000 r--p 00004000 08:05 4985471    /usr/lib/i386-linux-gnu/libffi.so.6.0.0
6ad10000-6ad11000 rw-p 00005000 08:05 4985471    /usr/lib/i386-linux-gnu/libffi.so.6.0.0
6ad11000-6ad22000 r-xp 00000000 08:05 4989121    /usr/lib/jvm/java-7-openjdk-i386/jre/lib/i386/libnio.so
6ad22000-6ad23000 r--p 00010000 08:05 4989121    /usr/lib/jvm/java-7-openjdk-i386/jre/lib/i386/libnio.so
6ad23000-6ad24000 rw-p 00011000 08:05 4989121    /usr/lib/jvm/java-7-openjdk-i386/jre/lib/i386/libnio.so
6ad24000-6ad7f000 rw-p 00000000 00:00 0 
6ad7f000-6ad80000 ---p 00000000 00:00 0 
6ad80000-6ae00000 rw-p 00000000 00:00 0 
6ae00000-6ae21000 rw-p 00000000 00:00 0 
6ae21000-6af00000 ---p 00000000 00:00 0 
6af19000-6af28000 r--s 000dd000 08:06 21369266   /home/ankit/Ankitt Data/ECLIPSE/sdk/build-tools/22.0.1/lib/dx.jar
6af28000-6af29000 ---p 00000000 00:00 0 
6af29000-6afbe000 rw-p 00000000 00:00 0 
6afbe000-6b0ff000 rw-p 00000000 00:00 0 
6b0ff000-6b107000 rw-p 00000000 00:00 0 
6b107000-6b13f000 rw-p 00000000 00:00 0 
6b13f000-6b154000 rw-p 00000000 00:00 0 
6b154000-6b294000 rw-p 00000000 00:00 0 
6b294000-6b2e3000 rw-p 00000000 00:00 0 
6b2e3000-6b33f000 rw-p 00000000 00:00 0 
6b33f000-6c340000 rw-p 00000000 00:00 0 
6c340000-73340000 rw-p 00000000 00:00 0 
73340000-75c00000 rw-p 00000000 00:00 0 
75c00000-9ddc0000 rw-p 00000000 00:00 0 
9ddc0000-a79c0000 rw-p 00000000 00:00 0 
ac740000-b3340000 rw-p 00000000 00:00 0 
b3340000-b334a000 rw-p 00000000 00:00 0 
b334a000-b3400000 rw-p 00000000 00:00 0 
b3400000-b3680000 rwxp 00000000 00:00 0 
b3680000-b64fd000 rw-p 00000000 00:00 0 
b64fd000-b6500000 ---p 00000000 00:00 0 
b6501000-b6504000 r-xp 00000000 08:05 4985518    /usr/lib/i386-linux-gnu/libgmodule-2.0.so.0.3200.3
b6504000-b6505000 r--p 00002000 08:05 4985518    /usr/lib/i386-linux-gnu/libgmodule-2.0.so.0.3200.3
b6505000-b6506000 rw-p 00003000 08:05 4985518    /usr/lib/i386-linux-gnu/libgmodule-2.0.so.0.3200.3
b6506000-b6507000 r--s 00007000 08:05 5246941    /usr/share/java/java-atk-wrapper.jar
b6507000-b650a000 r--s 0000f000 08:05 4989079    /usr/lib/jvm/java-7-openjdk-i386/jre/lib/ext/icedtea-sound.jar
b650a000-b650c000 r--s 00012000 08:05 4989084    /usr/lib/jvm/java-7-openjdk-i386/jre/lib/ext/zipfs.jar
b650c000-b6510000 r--s 00034000 08:05 4989083    /usr/lib/jvm/java-7-openjdk-i386/jre/lib/ext/sunjce_provider.jar
b6510000-b6514000 r--s 0003c000 08:05 4989081    /usr/lib/jvm/java-7-openjdk-i386/jre/lib/ext/sunpkcs11.jar
b6514000-b6517000 r--s 00086000 08:05 4989082    /usr/lib/jvm/java-7-openjdk-i386/jre/lib/ext/localedata.jar
b6517000-b653a000 rw-p 00000000 00:00 0 
b653a000-b6572000 rw-p 00000000 00:00 0 
b6572000-b657d000 r-xp 00000000 08:05 3802066    /lib/i386-linux-gnu/libnss_files-2.15.so
b657d000-b657e000 r--p 0000a000 08:05 3802066    /lib/i386-linux-gnu/libnss_files-2.15.so
b657e000-b657f000 rw-p 0000b000 08:05 3802066    /lib/i386-linux-gnu/libnss_files-2.15.so
b657f000-b6589000 r-xp 00000000 08:05 3802070    /lib/i386-linux-gnu/libnss_nis-2.15.so
b6589000-b658a000 r--p 00009000 08:05 3802070    /lib/i386-linux-gnu/libnss_nis-2.15.so
b658a000-b658b000 rw-p 0000a000 08:05 3802070    /lib/i386-linux-gnu/libnss_nis-2.15.so
b658b000-b65a1000 r-xp 00000000 08:05 3802060    /lib/i386-linux-gnu/libnsl-2.15.so
b65a1000-b65a2000 r--p 00015000 08:05 3802060    /lib/i386-linux-gnu/libnsl-2.15.so
b65a2000-b65a3000 rw-p 00016000 08:05 3802060    /lib/i386-linux-gnu/libnsl-2.15.so
b65a3000-b65a5000 rw-p 00000000 00:00 0 
b65a5000-b65ac000 r-xp 00000000 08:05 3802062    /lib/i386-linux-gnu/libnss_compat-2.15.so
b65ac000-b65ad000 r--p 00006000 08:05 3802062    /lib/i386-linux-gnu/libnss_compat-2.15.so
b65ad000-b65ae000 rw-p 00007000 08:05 3802062    /lib/i386-linux-gnu/libnss_compat-2.15.so
b65ae000-b65b6000 r-xp 00000000 08:05 4989114    /usr/lib/jvm/java-7-openjdk-i386/jre/lib/i386/libzip.so
b65b6000-b65b7000 r--p 00007000 08:05 4989114    /usr/lib/jvm/java-7-openjdk-i386/jre/lib/i386/libzip.so
b65b7000-b65b8000 rw-p 00008000 08:05 4989114    /usr/lib/jvm/java-7-openjdk-i386/jre/lib/i386/libzip.so
b65b8000-b65c0000 rw-s 00000000 08:05 145511     /tmp/hsperfdata_ankit/15503
b65c0000-b65e7000 r-xp 00000000 08:05 4989134    /usr/lib/jvm/java-7-openjdk-i386/jre/lib/i386/libjava.so
b65e7000-b65e8000 r--p 00026000 08:05 4989134    /usr/lib/jvm/java-7-openjdk-i386/jre/lib/i386/libjava.so
b65e8000-b65e9000 rw-p 00027000 08:05 4989134    /usr/lib/jvm/java-7-openjdk-i386/jre/lib/i386/libjava.so
b65e9000-b65f0000 r-xp 00000000 08:05 3802101    /lib/i386-linux-gnu/librt-2.15.so
b65f0000-b65f1000 r--p 00006000 08:05 3802101    /lib/i386-linux-gnu/librt-2.15.so
b65f1000-b65f2000 rw-p 00007000 08:05 3802101    /lib/i386-linux-gnu/librt-2.15.so
b65f2000-b65f5000 ---p 00000000 00:00 0 
b65f5000-b6643000 rw-p 00000000 00:00 0 
b6643000-b665f000 r-xp 00000000 08:05 3802036    /lib/i386-linux-gnu/libgcc_s.so.1
b665f000-b6660000 r--p 0001b000 08:05 3802036    /lib/i386-linux-gnu/libgcc_s.so.1
b6660000-b6661000 rw-p 0001c000 08:05 3802036    /lib/i386-linux-gnu/libgcc_s.so.1
b6661000-b668b000 r-xp 00000000 08:05 3802047    /lib/i386-linux-gnu/libm-2.15.so
b668b000-b668c000 r--p 00029000 08:05 3802047    /lib/i386-linux-gnu/libm-2.15.so
b668c000-b668d000 rw-p 0002a000 08:05 3802047    /lib/i386-linux-gnu/libm-2.15.so
b668d000-b6765000 r-xp 00000000 08:05 4985813    /usr/lib/i386-linux-gnu/libstdc++.so.6.0.16
b6765000-b6766000 ---p 000d8000 08:05 4985813    /usr/lib/i386-linux-gnu/libstdc++.so.6.0.16
b6766000-b676a000 r--p 000d8000 08:05 4985813    /usr/lib/i386-linux-gnu/libstdc++.so.6.0.16
b676a000-b676b000 rw-p 000dc000 08:05 4985813    /usr/lib/i386-linux-gnu/libstdc++.so.6.0.16
b676b000-b6772000 rw-p 00000000 00:00 0 
b6772000-b7134000 r-xp 00000000 08:05 4989140    /usr/lib/jvm/java-7-openjdk-i386/jre/lib/i386/server/libjvm.so
b7134000-b7189000 r--p 009c2000 08:05 4989140    /usr/lib/jvm/java-7-openjdk-i386/jre/lib/i386/server/libjvm.so
b7189000-b719d000 rw-p 00a17000 08:05 4989140    /usr/lib/jvm/java-7-openjdk-i386/jre/lib/i386/server/libjvm.so
b719d000-b75bb000 rw-p 00000000 00:00 0 
b75bb000-b75cf000 r-xp 00000000 08:05 3802126    /lib/i386-linux-gnu/libz.so.1.2.3.4
b75cf000-b75d0000 r--p 00013000 08:05 3802126    /lib/i386-linux-gnu/libz.so.1.2.3.4
b75d0000-b75d1000 rw-p 00014000 08:05 3802126    /lib/i386-linux-gnu/libz.so.1.2.3.4
b75d1000-b75e8000 r-xp 00000000 08:05 3802095    /lib/i386-linux-gnu/libpthread-2.15.so
b75e8000-b75e9000 r--p 00016000 08:05 3802095    /lib/i386-linux-gnu/libpthread-2.15.so
b75e9000-b75ea000 rw-p 00017000 08:05 3802095    /lib/i386-linux-gnu/libpthread-2.15.so
b75ea000-b75ec000 rw-p 00000000 00:00 0 
b75ec000-b75ef000 r-xp 00000000 08:05 3802028    /lib/i386-linux-gnu/libdl-2.15.so
b75ef000-b75f0000 r--p 00002000 08:05 3802028    /lib/i386-linux-gnu/libdl-2.15.so
b75f0000-b75f1000 rw-p 00003000 08:05 3802028    /lib/i386-linux-gnu/libdl-2.15.so
b75f1000-b7790000 r-xp 00000000 08:05 3802015    /lib/i386-linux-gnu/libc-2.15.so
b7790000-b7792000 r--p 0019f000 08:05 3802015    /lib/i386-linux-gnu/libc-2.15.so
b7792000-b7793000 rw-p 001a1000 08:05 3802015    /lib/i386-linux-gnu/libc-2.15.so
b7793000-b7796000 rw-p 00000000 00:00 0 
b7796000-b7797000 r--s 00002000 08:05 4989080    /usr/lib/jvm/java-7-openjdk-i386/jre/lib/ext/dnsns.jar
b7797000-b7798000 r--p 005db000 08:05 4988066    /usr/lib/locale/locale-archive
b7798000-b7799000 rw-p 00000000 00:00 0 
b7799000-b779a000 ---p 00000000 00:00 0 
b779a000-b77a6000 r-xp 00000000 08:05 4989131    /usr/lib/jvm/java-7-openjdk-i386/jre/lib/i386/libverify.so
b77a6000-b77a7000 r--p 0000b000 08:05 4989131    /usr/lib/jvm/java-7-openjdk-i386/jre/lib/i386/libverify.so
b77a7000-b77a8000 rw-p 0000c000 08:05 4989131    /usr/lib/jvm/java-7-openjdk-i386/jre/lib/i386/libverify.so
b77a8000-b77b5000 r-xp 00000000 08:05 4989106    /usr/lib/jvm/java-7-openjdk-i386/jre/lib/i386/jli/libjli.so
b77b5000-b77b6000 r--p 0000c000 08:05 4989106    /usr/lib/jvm/java-7-openjdk-i386/jre/lib/i386/jli/libjli.so
b77b6000-b77b7000 rw-p 0000d000 08:05 4989106    /usr/lib/jvm/java-7-openjdk-i386/jre/lib/i386/jli/libjli.so
b77b7000-b77ba000 rw-p 00000000 00:00 0 
b77ba000-b77bb000 r-xp 00000000 00:00 0          [vdso]
b77bb000-b77db000 r-xp 00000000 08:05 3801995    /lib/i386-linux-gnu/ld-2.15.so
b77db000-b77dc000 r--p 0001f000 08:05 3801995    /lib/i386-linux-gnu/ld-2.15.so
b77dc000-b77dd000 rw-p 00020000 08:05 3801995    /lib/i386-linux-gnu/ld-2.15.so
bf838000-bf839000 rwxp 00000000 00:00 0 
bf86b000-bf88c000 rw-p 00000000 00:00 0          [stack]

VM Arguments:
jvm_args: -Xmx1024M -Dfile.encoding=UTF-8 -Duser.country=IN -Duser.language=en -Duser.variant 
java_command: com.android.dx.command.Main --dex --output /home/ankit/Traafik latest/TraafikAppLatest/app/build/intermediates/pre-dexed/debug/classes-901c07b1cf6c422b1263d94aa6103f6badba80ff.jar /home/ankit/Traafik latest/TraafikAppLatest/app/build/intermediates/exploded-aar/com.google.android.gms/play-services-ads/7.5.0/jars/classes.jar
Launcher Type: SUN_STANDARD

Environment Variables:
PATH=/usr/lib/lightdm/lightdm:/usr/local/sbin:/usr/local/bin:/usr/sbin:/usr/bin:/sbin:/bin:/usr/games
LD_LIBRARY_PATH=/home/ankit/Android studio/android-studio/bin:
SHELL=/bin/bash
DISPLAY=:0.0

Signal Handlers:
SIGSEGV: [libjvm.so+0x80b550], sa_mask[0]=0x7ffbfeff, sa_flags=0x10000004
SIGBUS: [libjvm.so+0x80b550], sa_mask[0]=0x7ffbfeff, sa_flags=0x10000004
SIGFPE: [libjvm.so+0x6753e0], sa_mask[0]=0x7ffbfeff, sa_flags=0x10000004
SIGPIPE: [libjvm.so+0x6753e0], sa_mask[0]=0x7ffbfeff, sa_flags=0x10000004
SIGXFSZ: [libjvm.so+0x6753e0], sa_mask[0]=0x7ffbfeff, sa_flags=0x10000004
SIGILL: [libjvm.so+0x6753e0], sa_mask[0]=0x7ffbfeff, sa_flags=0x10000004
SIGUSR1: SIG_DFL, sa_mask[0]=0x00000000, sa_flags=0x00000000
SIGUSR2: [libjvm.so+0x675690], sa_mask[0]=0x00000004, sa_flags=0x10000004
SIGHUP: [libjvm.so+0x675850], sa_mask[0]=0x7ffbfeff, sa_flags=0x10000004
SIGINT: [libjvm.so+0x675850], sa_mask[0]=0x7ffbfeff, sa_flags=0x10000004
SIGTERM: [libjvm.so+0x675850], sa_mask[0]=0x7ffbfeff, sa_flags=0x10000004
SIGQUIT: [libjvm.so+0x675850], sa_mask[0]=0x7ffbfeff, sa_flags=0x10000004
SIGTRAP: SIG_DFL, sa_mask[0]=0x00000000, sa_flags=0x00000000


---------------  S Y S T E M  ---------------

OS:Ubuntu 12.04 (precise)
uname:Linux 3.2.0-29-generic-pae #46-Ubuntu SMP Fri Jul 27 17:25:43 UTC 2012 i686
libc:glibc 2.15 NPTL 2.15 
rlimit: STACK 8192k, CORE 0k, NPROC 31169, NOFILE 4096, AS infinity
load average:3.98 1.69 0.99

/proc/meminfo:
MemTotal:        4004304 kB
MemFree:          185660 kB
Buffers:             208 kB
Cached:           520948 kB
SwapCached:            0 kB
Active:          3390228 kB
Inactive:         347292 kB
Active(anon):    3351224 kB
Inactive(anon):   308856 kB
Active(file):      39004 kB
Inactive(file):    38436 kB
Unevictable:          32 kB
Mlocked:              32 kB
HighTotal:       3159312 kB
HighFree:           1304 kB
LowTotal:         844992 kB
LowFree:          184356 kB
SwapTotal:             0 kB
SwapFree:              0 kB
Dirty:                68 kB
Writeback:             0 kB
AnonPages:       3216624 kB
Mapped:            61016 kB
Shmem:            443628 kB
Slab:              41636 kB
SReclaimable:      21780 kB
SUnreclaim:        19856 kB
KernelStack:        4608 kB
PageTables:        18232 kB
NFS_Unstable:          0 kB
Bounce:                0 kB
WritebackTmp:          0 kB
CommitLimit:     2002152 kB
Committed_AS:    7238276 kB
VmallocTotal:     122880 kB
VmallocUsed:       15336 kB
VmallocChunk:     105556 kB
HardwareCorrupted:     0 kB
AnonHugePages:         0 kB
HugePages_Total:       0
HugePages_Free:        0
HugePages_Rsvd:        0
HugePages_Surp:        0
Hugepagesize:       2048 kB
DirectMap4k:       10232 kB
DirectMap2M:      903168 kB


CPU:total 2 (2 cores per cpu, 1 threads per core) family 6 model 58 stepping 9, cmov, cx8, fxsr, mmx, sse, sse2, sse3, ssse3, sse4.1, sse4.2, popcnt, erms, tsc, tscinvbit, tscinv

/proc/cpuinfo:
processor	: 0
vendor_id	: GenuineIntel
cpu family	: 6
model		: 58
model name	: Intel(R) Pentium(R) CPU G2030 @ 3.00GHz
stepping	: 9
microcode	: 0x17
cpu MHz		: 2800.000
cache size	: 3072 KB
physical id	: 0
siblings	: 2
core id		: 0
cpu cores	: 2
apicid		: 0
initial apicid	: 0
fdiv_bug	: no
hlt_bug		: no
f00f_bug	: no
coma_bug	: no
fpu		: yes
fpu_exception	: yes
cpuid level	: 13
wp		: yes
flags		: fpu vme de pse tsc msr pae mce cx8 apic sep mtrr pge mca cmov pat pse36 clflush dts acpi mmx fxsr sse sse2 ss ht tm pbe nx rdtscp lm constant_tsc arch_perfmon pebs bts xtopology nonstop_tsc aperfmperf pni pclmulqdq dtes64 monitor ds_cpl vmx est tm2 ssse3 cx16 xtpr pdcm pcid sse4_1 sse4_2 popcnt tsc_deadline_timer xsave lahf_lm arat epb xsaveopt pln pts dtherm tpr_shadow vnmi flexpriority ept vpid fsgsbase smep erms
bogomips	: 5986.60
clflush size	: 64
cache_alignment	: 64
address sizes	: 36 bits physical, 48 bits virtual
power management:

processor	: 1
vendor_id	: GenuineIntel
cpu family	: 6
model		: 58
model name	: Intel(R) Pentium(R) CPU G2030 @ 3.00GHz
stepping	: 9
microcode	: 0x17
cpu MHz		: 3000.000
cache size	: 3072 KB
physical id	: 0
siblings	: 2
core id		: 1
cpu cores	: 2
apicid		: 2
initial apicid	: 2
fdiv_bug	: no
hlt_bug		: no
f00f_bug	: no
coma_bug	: no
fpu		: yes
fpu_exception	: yes
cpuid level	: 13
wp		: yes
flags		: fpu vme de pse tsc msr pae mce cx8 apic sep mtrr pge mca cmov pat pse36 clflush dts acpi mmx fxsr sse sse2 ss ht tm pbe nx rdtscp lm constant_tsc arch_perfmon pebs bts xtopology nonstop_tsc aperfmperf pni pclmulqdq dtes64 monitor ds_cpl vmx est tm2 ssse3 cx16 xtpr pdcm pcid sse4_1 sse4_2 popcnt tsc_deadline_timer xsave lahf_lm arat epb xsaveopt pln pts dtherm tpr_shadow vnmi flexpriority ept vpid fsgsbase smep erms
bogomips	: 5986.36
clflush size	: 64
cache_alignment	: 64
address sizes	: 36 bits physical, 48 bits virtual
power management:



Memory: 4k page, physical 4004304k(185660k free), swap 0k(0k free)

vm_info: OpenJDK Server VM (24.75-b04) for linux-x86 JRE (1.7.0_75-b13), built on Jan 27 2015 16:24:35 by "buildd" with gcc 4.6.3

time: Thu Jul 16 16:01:00 2015
elapsed time: 9 seconds

