#
# There is insufficient memory for the Java Runtime Environment to continue.
# Native memory allocation (malloc) failed to allocate 70254592 bytes for committing reserved memory.
# Possible reasons:
#   The system is out of physical RAM or swap space
#   In 32 bit mode, the process size limit was hit
# Possible solutions:
#   Reduce memory load on the system
#   Increase physical memory or swap space
#   Check if swap backing store is full
#   Use 64 bit Java on a 64 bit OS
#   Decrease Java heap size (-Xmx/-Xms)
#   Decrease number of Java threads
#   Decrease Java thread stack sizes (-Xss)
#   Set larger code cache with -XX:ReservedCodeCacheSize=
# This output file may be truncated or incomplete.
#
#  Out of Memory Error (os_linux.cpp:2798), pid=17285, tid=1745378112
#
# JRE version: OpenJDK Runtime Environment (7.0_75-b13) (build 1.7.0_75-b13)
# Java VM: OpenJDK Server VM (24.75-b04 mixed mode linux-x86 )
# Derivative: IcedTea 2.5.4
# Distribution: Ubuntu 12.04 LTS, package 7u75-2.5.4-1~precise1
# Failed to write core dump. Core dumps have been disabled. To enable core dumping, try "ulimit -c unlimited" before starting Java again
#

---------------  T H R E A D  ---------------

Current thread (0x67f10400):  VMThread [stack: 0x68005000,0x68086000] [id=17292]

Stack: [0x68005000,0x68086000]
[error occurred during error reporting (printing stack bounds), id 0xb]

VM_Operation (0xb659fcf8): ParallelGCFailedAllocation, mode: safepoint, requested by thread 0xb6409c00


---------------  P R O C E S S  ---------------

Java Threads: ( => current thread )
  0x67f2b400 JavaThread "Service Thread" daemon [_thread_blocked, id=17298, stack(0x67b5c000,0x67bad000)]
  0x67f29800 JavaThread "C2 CompilerThread1" daemon [_thread_blocked, id=17297, stack(0x67bad000,0x67c2e000)]
  0x67f27800 JavaThread "C2 CompilerThread0" daemon [_thread_blocked, id=17296, stack(0x67c2e000,0x67caf000)]
  0x67f25c00 JavaThread "Signal Dispatcher" daemon [_thread_blocked, id=17295, stack(0x67caf000,0x67d00000)]
  0x67f14400 JavaThread "Finalizer" daemon [_thread_blocked, id=17294, stack(0x6ac03000,0x6ac54000)]
  0x67f12800 JavaThread "Reference Handler" daemon [_thread_blocked, id=17293, stack(0x6ac54000,0x6aca5000)]
  0xb6409c00 JavaThread "main" [_thread_blocked, id=17289, stack(0xb6550000,0xb65a1000)]

Other Threads:
=>0x67f10400 VMThread [stack: 0x68005000,0x68086000] [id=17292]
  0x67f2d000 WatcherThread [stack: 0x67adb000,0x67b5c000] [id=17299]

VM state:at safepoint (normal execution)

VM Mutex/Monitor currently owned by a thread:  ([mutex/lock_event])
[0xb64071f8] Threads_lock - owner thread: 0x67f10400
[0xb6407608] Heap_lock - owner thread: 0xb6409c00

Heap
 PSYoungGen      total 267264K, used 12433K [0x9dd80000, 0xaf000000, 0xb3300000)
  eden space 253440K, 0% used [0x9dd80000,0x9dd80000,0xad500000)
  from space 13824K, 89% used [0xad500000,0xae124678,0xae280000)
  to   space 13312K, 0% used [0xae300000,0xae300000,0xaf000000)
 ParOldGen       total 41728K, used 33776K [0x73300000, 0x75bc0000, 0x9dd80000)
  object space 41728K, 80% used [0x73300000,0x753fc2f0,0x75bc0000)
 PSPermGen       total 16384K, used 5216K [0x6b300000, 0x6c300000, 0x73300000)
  object space 16384K, 31% used [0x6b300000,0x6b818218,0x6c300000)

Card table byte_map: [0x6b0bf000,0x6b300000] byte_map_base: 0x6ad65800

Polling page: 0xb76f7000

Code Cache  [0xb33cd000, 0xb364d000, 0xb63cd000)
 total_blobs=1087 nmethods=955 adapters=86 free_code_cache=46643Kb largest_free_block=47727616

Compilation events (10 events):
Event: 5.460 Thread 0x67f27800 nmethod 974 0xb3583408 code [0xb3583500, 0xb3583590]
Event: 5.460 Thread 0x67f27800  975             com.android.dx.io.instructions.RegisterRangeDecodedInstruction::getA (5 bytes)
Event: 5.460 Thread 0x67f27800 nmethod 975 0xb35831c8 code [0xb35832a0, 0xb35832f0]
Event: 5.462 Thread 0x67f29800 nmethod 971 0xb35d1dc8 code [0xb35d1ee0, 0xb35d2090]
Event: 5.589 Thread 0x67f27800  976             com.android.dx.io.instructions.DecodedInstruction::getLiteralByte (58 bytes)
Event: 5.590 Thread 0x67f27800 nmethod 976 0xb35d1c08 code [0xb35d1d00, 0xb35d1d70]
Event: 5.596 Thread 0x67f27800  977             com.android.dx.io.instructions.InstructionCodec$15::decode (54 bytes)
Event: 5.597 Thread 0x67f27800 nmethod 977 0xb3644fc8 code [0xb36450e0, 0xb36452b0]
Event: 5.597 Thread 0x67f27800  978             com.android.dx.io.instructions.InstructionCodec$15::encode (29 bytes)
Event: 5.599 Thread 0x67f27800 nmethod 978 0xb3644a08 code [0xb3644b20, 0xb3644d10]

GC Heap History (10 events):
Event: 3.520 GC heap after
Heap after GC invocations=4 (full 0):
 PSYoungGen      total 66048K, used 2546K [0x9dd80000, 0xa2080000, 0xb3300000)
  eden space 63488K, 0% used [0x9dd80000,0x9dd80000,0xa1b80000)
  from space 2560K, 99% used [0xa1e00000,0xa207cbc0,0xa2080000)
  to   space 2560K, 0% used [0xa1b80000,0xa1b80000,0xa1e00000)
 ParOldGen       total 41728K, used 18673K [0x73300000, 0x75bc0000, 0x9dd80000)
  object space 41728K, 44% used [0x73300000,0x7453c588,0x75bc0000)
 PSPermGen       total 16384K, used 5076K [0x6b300000, 0x6c300000, 0x73300000)
  object space 16384K, 30% used [0x6b300000,0x6b7f53d0,0x6c300000)
}
Event: 4.172 GC heap before
{Heap before GC invocations=5 (full 0):
 PSYoungGen      total 66048K, used 66034K [0x9dd80000, 0xa2080000, 0xb3300000)
  eden space 63488K, 100% used [0x9dd80000,0xa1b80000,0xa1b80000)
  from space 2560K, 99% used [0xa1e00000,0xa207cbc0,0xa2080000)
  to   space 2560K, 0% used [0xa1b80000,0xa1b80000,0xa1e00000)
 ParOldGen       total 41728K, used 18673K [0x73300000, 0x75bc0000, 0x9dd80000)
  object space 41728K, 44% used [0x73300000,0x7453c588,0x75bc0000)
 PSPermGen       total 16384K, used 5131K [0x6b300000, 0x6c300000, 0x73300000)
  object space 16384K, 31% used [0x6b300000,0x6b802f40,0x6c300000)
Event: 4.180 GC heap after
Heap after GC invocations=5 (full 0):
 PSYoungGen      total 66048K, used 2556K [0x9dd80000, 0xa7280000, 0xb3300000)
  eden space 63488K, 0% used [0x9dd80000,0x9dd80000,0xa1b80000)
  from space 2560K, 99% used [0xa1b80000,0xa1dff188,0xa1e00000)
  to   space 12800K, 0% used [0xa6600000,0xa6600000,0xa7280000)
 ParOldGen       total 41728K, used 20608K [0x73300000, 0x75bc0000, 0x9dd80000)
  object space 41728K, 49% used [0x73300000,0x74720060,0x75bc0000)
 PSPermGen       total 16384K, used 5131K [0x6b300000, 0x6c300000, 0x73300000)
  object space 16384K, 31% used [0x6b300000,0x6b802f40,0x6c300000)
}
Event: 4.478 GC heap before
{Heap before GC invocations=6 (full 0):
 PSYoungGen      total 66048K, used 66044K [0x9dd80000, 0xa7280000, 0xb3300000)
  eden space 63488K, 100% used [0x9dd80000,0xa1b80000,0xa1b80000)
  from space 2560K, 99% used [0xa1b80000,0xa1dff188,0xa1e00000)
  to   space 12800K, 0% used [0xa6600000,0xa6600000,0xa7280000)
 ParOldGen       total 41728K, used 20608K [0x73300000, 0x75bc0000, 0x9dd80000)
  object space 41728K, 49% used [0x73300000,0x74720060,0x75bc0000)
 PSPermGen       total 16384K, used 5200K [0x6b300000, 0x6c300000, 0x73300000)
  object space 16384K, 31% used [0x6b300000,0x6b8141b8,0x6c300000)
Event: 4.487 GC heap after
Heap after GC invocations=6 (full 0):
 PSYoungGen      total 139520K, used 8790K [0x9dd80000, 0xa7300000, 0xb3300000)
  eden space 126720K, 0% used [0x9dd80000,0x9dd80000,0xa5940000)
  from space 12800K, 68% used [0xa6600000,0xa6e95940,0xa7280000)
  to   space 13056K, 0% used [0xa5940000,0xa5940000,0xa6600000)
 ParOldGen       total 41728K, used 20608K [0x73300000, 0x75bc0000, 0x9dd80000)
  object space 41728K, 49% used [0x73300000,0x74720060,0x75bc0000)
 PSPermGen       total 16384K, used 5200K [0x6b300000, 0x6c300000, 0x73300000)
  object space 16384K, 31% used [0x6b300000,0x6b8141b8,0x6c300000)
}
Event: 4.907 GC heap before
{Heap before GC invocations=7 (full 0):
 PSYoungGen      total 139520K, used 135510K [0x9dd80000, 0xa7300000, 0xb3300000)
  eden space 126720K, 100% used [0x9dd80000,0xa5940000,0xa5940000)
  from space 12800K, 68% used [0xa6600000,0xa6e95940,0xa7280000)
  to   space 13056K, 0% used [0xa5940000,0xa5940000,0xa6600000)
 ParOldGen       total 41728K, used 20608K [0x73300000, 0x75bc0000, 0x9dd80000)
  object space 41728K, 49% used [0x73300000,0x74720060,0x75bc0000)
 PSPermGen       total 16384K, used 5210K [0x6b300000, 0x6c300000, 0x73300000)
  object space 16384K, 31% used [0x6b300000,0x6b816898,0x6c300000)
Event: 4.920 GC heap after
Heap after GC invocations=7 (full 0):
 PSYoungGen      total 139776K, used 11003K [0x9dd80000, 0xaf100000, 0xb3300000)
  eden space 126720K, 0% used [0x9dd80000,0x9dd80000,0xa5940000)
  from space 13056K, 84% used [0xa5940000,0xa63fedc0,0xa6600000)
  to   space 14336K, 0% used [0xae300000,0xae300000,0xaf100000)
 ParOldGen       total 41728K, used 21318K [0x73300000, 0x75bc0000, 0x9dd80000)
  object space 41728K, 51% used [0x73300000,0x747d1aa0,0x75bc0000)
 PSPermGen       total 16384K, used 5210K [0x6b300000, 0x6c300000, 0x73300000)
  object space 16384K, 31% used [0x6b300000,0x6b816898,0x6c300000)
}
Event: 5.161 GC heap before
{Heap before GC invocations=8 (full 0):
 PSYoungGen      total 139776K, used 137723K [0x9dd80000, 0xaf100000, 0xb3300000)
  eden space 126720K, 100% used [0x9dd80000,0xa5940000,0xa5940000)
  from space 13056K, 84% used [0xa5940000,0xa63fedc0,0xa6600000)
  to   space 14336K, 0% used [0xae300000,0xae300000,0xaf100000)
 ParOldGen       total 41728K, used 21318K [0x73300000, 0x75bc0000, 0x9dd80000)
  object space 41728K, 51% used [0x73300000,0x747d1aa0,0x75bc0000)
 PSPermGen       total 16384K, used 5212K [0x6b300000, 0x6c300000, 0x73300000)
  object space 16384K, 31% used [0x6b300000,0x6b8173e8,0x6c300000)
Event: 5.171 GC heap after
Heap after GC invocations=8 (full 0):
 PSYoungGen      total 266752K, used 6006K [0x9dd80000, 0xaf000000, 0xb3300000)
  eden space 253440K, 0% used [0x9dd80000,0x9dd80000,0xad500000)
  from space 13312K, 45% used [0xae300000,0xae8dd990,0xaf000000)
  to   space 13824K, 0% used [0xad500000,0xad500000,0xae280000)
 ParOldGen       total 41728K, used 23124K [0x73300000, 0x75bc0000, 0x9dd80000)
  object space 41728K, 55% used [0x73300000,0x74995260,0x75bc0000)
 PSPermGen       total 16384K, used 5212K [0x6b300000, 0x6c300000, 0x73300000)
  object space 16384K, 31% used [0x6b300000,0x6b8173e8,0x6c300000)
}
Event: 5.665 GC heap before
{Heap before GC invocations=9 (full 0):
 PSYoungGen      total 266752K, used 259446K [0x9dd80000, 0xaf000000, 0xb3300000)
  eden space 253440K, 100% used [0x9dd80000,0xad500000,0xad500000)
  from space 13312K, 45% used [0xae300000,0xae8dd990,0xaf000000)
  to   space 13824K, 0% used [0xad500000,0xad500000,0xae280000)
 ParOldGen       total 41728K, used 23124K [0x73300000, 0x75bc0000, 0x9dd80000)
  object space 41728K, 55% used [0x73300000,0x74995260,0x75bc0000)
 PSPermGen       total 16384K, used 5216K [0x6b300000, 0x6c300000, 0x73300000)
  object space 16384K, 31% used [0x6b300000,0x6b818218,0x6c300000)

Deoptimization events (10 events):
Event: 4.385 Thread 0xb6409c00 Uncommon trap: reason=array_check action=maybe_recompile pc=0xb360abe0 method=java.util.TimSort.binarySort([Ljava/lang/Object;IIILjava/util/Comparator;)V @ 193
Event: 4.385 Thread 0xb6409c00 Uncommon trap: reason=array_check action=maybe_recompile pc=0xb360abe0 method=java.util.TimSort.binarySort([Ljava/lang/Object;IIILjava/util/Comparator;)V @ 193
Event: 4.385 Thread 0xb6409c00 Uncommon trap: reason=array_check action=maybe_recompile pc=0xb360abe0 method=java.util.TimSort.binarySort([Ljava/lang/Object;IIILjava/util/Comparator;)V @ 193
Event: 4.385 Thread 0xb6409c00 Uncommon trap: reason=array_check action=maybe_recompile pc=0xb360abe0 method=java.util.TimSort.binarySort([Ljava/lang/Object;IIILjava/util/Comparator;)V @ 193
Event: 4.410 Thread 0xb6409c00 Uncommon trap: reason=array_check action=maybe_recompile pc=0xb35fe5b4 method=java.util.ComparableTimSort.binarySort([Ljava/lang/Object;III)V @ 183
Event: 4.451 Thread 0xb6409c00 Uncommon trap: reason=array_check action=maybe_recompile pc=0xb35fe5b4 method=java.util.ComparableTimSort.binarySort([Ljava/lang/Object;III)V @ 183
Event: 4.562 Thread 0xb6409c00 Uncommon trap: reason=array_check action=maybe_recompile pc=0xb3613c20 method=java.util.TimSort.binarySort([Ljava/lang/Object;IIILjava/util/Comparator;)V @ 215
Event: 4.562 Thread 0xb6409c00 Uncommon trap: reason=array_check action=maybe_recompile pc=0xb3613c20 method=java.util.TimSort.binarySort([Ljava/lang/Object;IIILjava/util/Comparator;)V @ 215
Event: 4.706 Thread 0xb6409c00 Uncommon trap: reason=array_check action=maybe_recompile pc=0xb3623acc method=java.util.TimSort.binarySort([Ljava/lang/Object;IIILjava/util/Comparator;)V @ 183
Event: 4.706 Thread 0xb6409c00 Uncommon trap: reason=array_check action=maybe_recompile pc=0xb3623acc method=java.util.TimSort.binarySort([Ljava/lang/Object;IIILjava/util/Comparator;)V @ 183

Internal exceptions (10 events):
Event: 3.356 Thread 0xb6409c00 Threw 0x9f99b5d8 at /build/buildd/openjdk-7-7u75-2.5.4/build/openjdk/hotspot/src/share/vm/prims/jvm.cpp:1284
Event: 3.357 Thread 0xb6409c00 Threw 0x9f9e2578 at /build/buildd/openjdk-7-7u75-2.5.4/build/openjdk/hotspot/src/share/vm/prims/jvm.cpp:1284
Event: 3.358 Thread 0xb6409c00 Threw 0x9f9e5050 at /build/buildd/openjdk-7-7u75-2.5.4/build/openjdk/hotspot/src/share/vm/prims/jvm.cpp:1284
Event: 3.467 Thread 0xb6409c00 Threw 0x9fb1bc70 at /build/buildd/openjdk-7-7u75-2.5.4/build/openjdk/hotspot/src/share/vm/prims/jvm.cpp:1284
Event: 3.467 Thread 0xb6409c00 Threw 0x9fb1bd88 at /build/buildd/openjdk-7-7u75-2.5.4/build/openjdk/hotspot/src/share/vm/prims/jvm.cpp:1284
Event: 3.467 Thread 0xb6409c00 Threw 0x9fb1e1d8 at /build/buildd/openjdk-7-7u75-2.5.4/build/openjdk/hotspot/src/share/vm/prims/jvm.cpp:1284
Event: 3.467 Thread 0xb6409c00 Threw 0x9fb1e2f0 at /build/buildd/openjdk-7-7u75-2.5.4/build/openjdk/hotspot/src/share/vm/prims/jvm.cpp:1284
Event: 3.467 Thread 0xb6409c00 Threw 0x9fb1ec60 at /build/buildd/openjdk-7-7u75-2.5.4/build/openjdk/hotspot/src/share/vm/prims/jvm.cpp:1284
Event: 3.467 Thread 0xb6409c00 Threw 0x9fb1ed78 at /build/buildd/openjdk-7-7u75-2.5.4/build/openjdk/hotspot/src/share/vm/prims/jvm.cpp:1284
Event: 3.721 Thread 0xb6409c00 Threw 0x9ec31b20 at /build/buildd/openjdk-7-7u75-2.5.4/build/openjdk/hotspot/src/share/vm/prims/jvm.cpp:1284

Events (10 events):
Event: 4.994 Thread 0x67f29800 flushing nmethod 0xb35898c8
Event: 4.994 Thread 0x67f29800 flushing nmethod 0xb358c108
Event: 5.161 Executing VM operation: ParallelGCFailedAllocation
Event: 5.171 Executing VM operation: ParallelGCFailedAllocation done
Event: 5.191 Thread 0x67f29800 flushing nmethod 0xb3441c88
Event: 5.215 Thread 0x67f27800 flushing nmethod 0xb3465408
Event: 5.451 Thread 0x67f27800 flushing nmethod 0xb35831c8
Event: 5.455 Thread 0x67f29800 flushing nmethod 0xb3599e48
Event: 5.458 Thread 0x67f27800 flushing nmethod 0xb35d1848
Event: 5.665 Executing VM operation: ParallelGCFailedAllocation


Dynamic libraries:
08048000-08049000 r-xp 00000000 08:05 4983886    /usr/lib/jvm/java-7-openjdk-i386/jre/bin/java
08049000-0804a000 r--p 00000000 08:05 4983886    /usr/lib/jvm/java-7-openjdk-i386/jre/bin/java
0804a000-0804b000 rw-p 00001000 08:05 4983886    /usr/lib/jvm/java-7-openjdk-i386/jre/bin/java
08138000-089ff000 rw-p 00000000 00:00 0          [heap]
66da9000-66efc000 r-xp 00000000 08:05 4985508    /usr/lib/i386-linux-gnu/libgio-2.0.so.0.3200.3
66efc000-66efe000 r--p 00153000 08:05 4985508    /usr/lib/i386-linux-gnu/libgio-2.0.so.0.3200.3
66efe000-66eff000 rw-p 00155000 08:05 4985508    /usr/lib/i386-linux-gnu/libgio-2.0.so.0.3200.3
66eff000-66f00000 rw-p 00000000 00:00 0 
66f00000-66fed000 rw-p 00000000 00:00 0 
66fed000-67000000 ---p 00000000 00:00 0 
670c4000-670fe000 r-xp 00000000 08:05 3802088    /lib/i386-linux-gnu/libpcre.so.3.12.1
670fe000-670ff000 r--p 00039000 08:05 3802088    /lib/i386-linux-gnu/libpcre.so.3.12.1
670ff000-67100000 rw-p 0003a000 08:05 3802088    /lib/i386-linux-gnu/libpcre.so.3.12.1
67100000-671fa000 rw-p 00000000 00:00 0 
671fa000-67200000 ---p 00000000 00:00 0 
67207000-672fe000 r-xp 00000000 08:05 3802040    /lib/i386-linux-gnu/libglib-2.0.so.0.3200.3
672fe000-672ff000 r--p 000f6000 08:05 3802040    /lib/i386-linux-gnu/libglib-2.0.so.0.3200.3
672ff000-67300000 rw-p 000f7000 08:05 3802040    /lib/i386-linux-gnu/libglib-2.0.so.0.3200.3
67300000-673fd000 rw-p 00000000 00:00 0 
673fd000-67400000 ---p 00000000 00:00 0 
67400000-674da000 rw-p 00000000 00:00 0 
674da000-67500000 ---p 00000000 00:00 0 
67500000-675f0000 rw-p 00000000 00:00 0 
675f0000-67600000 ---p 00000000 00:00 0 
67600000-676fc000 rw-p 00000000 00:00 0 
676fc000-67700000 ---p 00000000 00:00 0 
67700000-677f4000 rw-p 00000000 00:00 0 
677f4000-67800000 ---p 00000000 00:00 0 
67800000-678ff000 rw-p 00000000 00:00 0 
678ff000-67900000 ---p 00000000 00:00 0 
67900000-67985000 rw-p 00000000 00:00 0 
67985000-67a00000 ---p 00000000 00:00 0 
67a01000-67a06000 r-xp 00000000 08:05 4985471    /usr/lib/i386-linux-gnu/libffi.so.6.0.0
67a06000-67a07000 r--p 00004000 08:05 4985471    /usr/lib/i386-linux-gnu/libffi.so.6.0.0
67a07000-67a08000 rw-p 00005000 08:05 4985471    /usr/lib/i386-linux-gnu/libffi.so.6.0.0
67a08000-67a1b000 r-xp 00000000 08:05 3802099    /lib/i386-linux-gnu/libresolv-2.15.so
67a1b000-67a1c000 ---p 00013000 08:05 3802099    /lib/i386-linux-gnu/libresolv-2.15.so
67a1c000-67a1d000 r--p 00013000 08:05 3802099    /lib/i386-linux-gnu/libresolv-2.15.so
67a1d000-67a1e000 rw-p 00014000 08:05 3802099    /lib/i386-linux-gnu/libresolv-2.15.so
67a1e000-67a20000 rw-p 00000000 00:00 0 
67a20000-67a3d000 r-xp 00000000 08:05 3802103    /lib/i386-linux-gnu/libselinux.so.1
67a3d000-67a3e000 r--p 0001c000 08:05 3802103    /lib/i386-linux-gnu/libselinux.so.1
67a3e000-67a3f000 rw-p 0001d000 08:05 3802103    /lib/i386-linux-gnu/libselinux.so.1
67a3f000-67a8c000 r-xp 00000000 08:05 4985532    /usr/lib/i386-linux-gnu/libgobject-2.0.so.0.3200.3
67a8c000-67a8d000 r--p 0004c000 08:05 4985532    /usr/lib/i386-linux-gnu/libgobject-2.0.so.0.3200.3
67a8d000-67a8e000 rw-p 0004d000 08:05 4985532    /usr/lib/i386-linux-gnu/libgobject-2.0.so.0.3200.3
67aa0000-67ab7000 r-xp 00000000 08:05 4989135    /usr/lib/jvm/java-7-openjdk-i386/jre/lib/i386/libnet.so
67ab7000-67ab8000 r--p 00016000 08:05 4989135    /usr/lib/jvm/java-7-openjdk-i386/jre/lib/i386/libnet.so
67ab8000-67ab9000 rw-p 00017000 08:05 4989135    /usr/lib/jvm/java-7-openjdk-i386/jre/lib/i386/libnet.so
67ab9000-67aca000 r-xp 00000000 08:05 4989121    /usr/lib/jvm/java-7-openjdk-i386/jre/lib/i386/libnio.so
67aca000-67acb000 r--p 00010000 08:05 4989121    /usr/lib/jvm/java-7-openjdk-i386/jre/lib/i386/libnio.so
67acb000-67acc000 rw-p 00011000 08:05 4989121    /usr/lib/jvm/java-7-openjdk-i386/jre/lib/i386/libnio.so
67acc000-67adb000 r--s 000dd000 08:06 21369266   /home/ankit/Ankitt Data/ECLIPSE/sdk/build-tools/22.0.1/lib/dx.jar
67adb000-67adc000 ---p 00000000 00:00 0 
67adc000-67b5c000 rw-p 00000000 00:00 0 
67b5c000-67b5f000 ---p 00000000 00:00 0 
67b5f000-67bad000 rw-p 00000000 00:00 0 
67bad000-67bb0000 ---p 00000000 00:00 0 
67bb0000-67c2e000 rw-p 00000000 00:00 0 
67c2e000-67c31000 ---p 00000000 00:00 0 
67c31000-67caf000 rw-p 00000000 00:00 0 
67caf000-67cb2000 ---p 00000000 00:00 0 
67cb2000-67d00000 rw-p 00000000 00:00 0 
67d00000-67f00000 r--p 00000000 08:05 4988066    /usr/lib/locale/locale-archive
67f00000-68000000 rw-p 00000000 00:00 0 
68005000-68006000 ---p 00000000 00:00 0 
68006000-680cf000 rw-p 00000000 00:00 0 
680cf000-68280000 r--s 01d23000 08:05 4989042    /usr/lib/jvm/java-7-openjdk-i386/jre/lib/rt.jar
68280000-6ab00000 rw-p 00000000 00:00 0 
6ab00000-6abf9000 rw-p 00000000 00:00 0 
6abf9000-6ac00000 ---p 00000000 00:00 0 
6ac03000-6ac06000 ---p 00000000 00:00 0 
6ac06000-6ac54000 rw-p 00000000 00:00 0 
6ac54000-6ac57000 ---p 00000000 00:00 0 
6ac57000-6ad00000 rw-p 00000000 00:00 0 
6ad00000-6ad21000 rw-p 00000000 00:00 0 
6ad21000-6ae00000 ---p 00000000 00:00 0 
6ae01000-6ae05000 r--s 0004d000 08:05 4989094    /usr/lib/jvm/java-7-openjdk-i386/jre/lib/jsse.jar
6ae05000-6ae08000 r-xp 00000000 08:05 4985518    /usr/lib/i386-linux-gnu/libgmodule-2.0.so.0.3200.3
6ae08000-6ae09000 r--p 00002000 08:05 4985518    /usr/lib/i386-linux-gnu/libgmodule-2.0.so.0.3200.3
6ae09000-6ae0a000 rw-p 00003000 08:05 4985518    /usr/lib/i386-linux-gnu/libgmodule-2.0.so.0.3200.3
6ae0b000-6ae0c000 r--s 00007000 08:05 5246941    /usr/share/java/java-atk-wrapper.jar
6ae0c000-6ae27000 rw-p 00000000 00:00 0 
6ae27000-6ae28000 ---p 00000000 00:00 0 
6ae28000-6aea8000 rw-p 00000000 00:00 0 
6aea8000-6aea9000 ---p 00000000 00:00 0 
6aea9000-6af31000 rw-p 00000000 00:00 0 
6af31000-6af69000 rw-p 00000000 00:00 0 
6af69000-6af7e000 rw-p 00000000 00:00 0 
6af7e000-6b0bf000 rw-p 00000000 00:00 0 
6b0bf000-6b0c7000 rw-p 00000000 00:00 0 
6b0c7000-6b0ff000 rw-p 00000000 00:00 0 
6b0ff000-6b114000 rw-p 00000000 00:00 0 
6b114000-6b254000 rw-p 00000000 00:00 0 
6b254000-6b2de000 rw-p 00000000 00:00 0 
6b2de000-6b2ff000 rw-p 00000000 00:00 0 
6b2ff000-6c300000 rw-p 00000000 00:00 0 
6c300000-73300000 rw-p 00000000 00:00 0 
73300000-75bc0000 rw-p 00000000 00:00 0 
75bc0000-9dd80000 rw-p 00000000 00:00 0 
9dd80000-af000000 rw-p 00000000 00:00 0 
b3300000-b3303000 r--s 0000f000 08:05 4989079    /usr/lib/jvm/java-7-openjdk-i386/jre/lib/ext/icedtea-sound.jar
b3303000-b3305000 r--s 00012000 08:05 4989084    /usr/lib/jvm/java-7-openjdk-i386/jre/lib/ext/zipfs.jar
b3305000-b3309000 r--s 00034000 08:05 4989083    /usr/lib/jvm/java-7-openjdk-i386/jre/lib/ext/sunjce_provider.jar
b3309000-b330d000 r--s 0003c000 08:05 4989081    /usr/lib/jvm/java-7-openjdk-i386/jre/lib/ext/sunpkcs11.jar
b330d000-b3317000 rw-p 00000000 00:00 0 
b3317000-b33cd000 rw-p 00000000 00:00 0 
b33cd000-b364d000 rwxp 00000000 00:00 0 
b364d000-b63cd000 rw-p 00000000 00:00 0 
b63cd000-b63d8000 r-xp 00000000 08:05 3802066    /lib/i386-linux-gnu/libnss_files-2.15.so
b63d8000-b63d9000 r--p 0000a000 08:05 3802066    /lib/i386-linux-gnu/libnss_files-2.15.so
b63d9000-b63da000 rw-p 0000b000 08:05 3802066    /lib/i386-linux-gnu/libnss_files-2.15.so
b63da000-b63e4000 r-xp 00000000 08:05 3802070    /lib/i386-linux-gnu/libnss_nis-2.15.so
b63e4000-b63e5000 r--p 00009000 08:05 3802070    /lib/i386-linux-gnu/libnss_nis-2.15.so
b63e5000-b63e6000 rw-p 0000a000 08:05 3802070    /lib/i386-linux-gnu/libnss_nis-2.15.so
b63e6000-b63fc000 r-xp 00000000 08:05 3802060    /lib/i386-linux-gnu/libnsl-2.15.so
b63fc000-b63fd000 r--p 00015000 08:05 3802060    /lib/i386-linux-gnu/libnsl-2.15.so
b63fd000-b63fe000 rw-p 00016000 08:05 3802060    /lib/i386-linux-gnu/libnsl-2.15.so
b63fe000-b6400000 rw-p 00000000 00:00 0 
b6400000-b64ff000 rw-p 00000000 00:00 0 
b64ff000-b6500000 ---p 00000000 00:00 0 
b6500000-b6503000 r--s 00086000 08:05 4989082    /usr/lib/jvm/java-7-openjdk-i386/jre/lib/ext/localedata.jar
b6503000-b650a000 r-xp 00000000 08:05 3802062    /lib/i386-linux-gnu/libnss_compat-2.15.so
b650a000-b650b000 r--p 00006000 08:05 3802062    /lib/i386-linux-gnu/libnss_compat-2.15.so
b650b000-b650c000 rw-p 00007000 08:05 3802062    /lib/i386-linux-gnu/libnss_compat-2.15.so
b650c000-b6514000 r-xp 00000000 08:05 4989114    /usr/lib/jvm/java-7-openjdk-i386/jre/lib/i386/libzip.so
b6514000-b6515000 r--p 00007000 08:05 4989114    /usr/lib/jvm/java-7-openjdk-i386/jre/lib/i386/libzip.so
b6515000-b6516000 rw-p 00008000 08:05 4989114    /usr/lib/jvm/java-7-openjdk-i386/jre/lib/i386/libzip.so
b6516000-b651e000 rw-s 00000000 08:05 145399     /tmp/hsperfdata_ankit/17285
b651e000-b6545000 r-xp 00000000 08:05 4989134    /usr/lib/jvm/java-7-openjdk-i386/jre/lib/i386/libjava.so
b6545000-b6546000 r--p 00026000 08:05 4989134    /usr/lib/jvm/java-7-openjdk-i386/jre/lib/i386/libjava.so
b6546000-b6547000 rw-p 00027000 08:05 4989134    /usr/lib/jvm/java-7-openjdk-i386/jre/lib/i386/libjava.so
b6547000-b654e000 r-xp 00000000 08:05 3802101    /lib/i386-linux-gnu/librt-2.15.so
b654e000-b654f000 r--p 00006000 08:05 3802101    /lib/i386-linux-gnu/librt-2.15.so
b654f000-b6550000 rw-p 00007000 08:05 3802101    /lib/i386-linux-gnu/librt-2.15.so
b6550000-b6553000 ---p 00000000 00:00 0 
b6553000-b65a1000 rw-p 00000000 00:00 0 
b65a1000-b65bd000 r-xp 00000000 08:05 3802036    /lib/i386-linux-gnu/libgcc_s.so.1
b65bd000-b65be000 r--p 0001b000 08:05 3802036    /lib/i386-linux-gnu/libgcc_s.so.1
b65be000-b65bf000 rw-p 0001c000 08:05 3802036    /lib/i386-linux-gnu/libgcc_s.so.1
b65bf000-b65e9000 r-xp 00000000 08:05 3802047    /lib/i386-linux-gnu/libm-2.15.so
b65e9000-b65ea000 r--p 00029000 08:05 3802047    /lib/i386-linux-gnu/libm-2.15.so
b65ea000-b65eb000 rw-p 0002a000 08:05 3802047    /lib/i386-linux-gnu/libm-2.15.so
b65eb000-b66c3000 r-xp 00000000 08:05 4985813    /usr/lib/i386-linux-gnu/libstdc++.so.6.0.16
b66c3000-b66c4000 ---p 000d8000 08:05 4985813    /usr/lib/i386-linux-gnu/libstdc++.so.6.0.16
b66c4000-b66c8000 r--p 000d8000 08:05 4985813    /usr/lib/i386-linux-gnu/libstdc++.so.6.0.16
b66c8000-b66c9000 rw-p 000dc000 08:05 4985813    /usr/lib/i386-linux-gnu/libstdc++.so.6.0.16
b66c9000-b66d0000 rw-p 00000000 00:00 0 
b66d0000-b7092000 r-xp 00000000 08:05 4989140    /usr/lib/jvm/java-7-openjdk-i386/jre/lib/i386/server/libjvm.so
b7092000-b70e7000 r--p 009c2000 08:05 4989140    /usr/lib/jvm/java-7-openjdk-i386/jre/lib/i386/server/libjvm.so
b70e7000-b70fb000 rw-p 00a17000 08:05 4989140    /usr/lib/jvm/java-7-openjdk-i386/jre/lib/i386/server/libjvm.so
b70fb000-b7519000 rw-p 00000000 00:00 0 
b7519000-b752d000 r-xp 00000000 08:05 3802126    /lib/i386-linux-gnu/libz.so.1.2.3.4
b752d000-b752e000 r--p 00013000 08:05 3802126    /lib/i386-linux-gnu/libz.so.1.2.3.4
b752e000-b752f000 rw-p 00014000 08:05 3802126    /lib/i386-linux-gnu/libz.so.1.2.3.4
b752f000-b7546000 r-xp 00000000 08:05 3802095    /lib/i386-linux-gnu/libpthread-2.15.so
b7546000-b7547000 r--p 00016000 08:05 3802095    /lib/i386-linux-gnu/libpthread-2.15.so
b7547000-b7548000 rw-p 00017000 08:05 3802095    /lib/i386-linux-gnu/libpthread-2.15.so
b7548000-b754a000 rw-p 00000000 00:00 0 
b754a000-b754d000 r-xp 00000000 08:05 3802028    /lib/i386-linux-gnu/libdl-2.15.so
b754d000-b754e000 r--p 00002000 08:05 3802028    /lib/i386-linux-gnu/libdl-2.15.so
b754e000-b754f000 rw-p 00003000 08:05 3802028    /lib/i386-linux-gnu/libdl-2.15.so
b754f000-b76ee000 r-xp 00000000 08:05 3802015    /lib/i386-linux-gnu/libc-2.15.so
b76ee000-b76f0000 r--p 0019f000 08:05 3802015    /lib/i386-linux-gnu/libc-2.15.so
b76f0000-b76f1000 rw-p 001a1000 08:05 3802015    /lib/i386-linux-gnu/libc-2.15.so
b76f1000-b76f4000 rw-p 00000000 00:00 0 
b76f4000-b76f5000 r--s 00002000 08:05 4989080    /usr/lib/jvm/java-7-openjdk-i386/jre/lib/ext/dnsns.jar
b76f5000-b76f6000 r--p 005db000 08:05 4988066    /usr/lib/locale/locale-archive
b76f6000-b76f7000 rw-p 00000000 00:00 0 
b76f7000-b76f8000 ---p 00000000 00:00 0 
b76f8000-b7704000 r-xp 00000000 08:05 4989131    /usr/lib/jvm/java-7-openjdk-i386/jre/lib/i386/libverify.so
b7704000-b7705000 r--p 0000b000 08:05 4989131    /usr/lib/jvm/java-7-openjdk-i386/jre/lib/i386/libverify.so
b7705000-b7706000 rw-p 0000c000 08:05 4989131    /usr/lib/jvm/java-7-openjdk-i386/jre/lib/i386/libverify.so
b7706000-b7713000 r-xp 00000000 08:05 4989106    /usr/lib/jvm/java-7-openjdk-i386/jre/lib/i386/jli/libjli.so
b7713000-b7714000 r--p 0000c000 08:05 4989106    /usr/lib/jvm/java-7-openjdk-i386/jre/lib/i386/jli/libjli.so
b7714000-b7715000 rw-p 0000d000 08:05 4989106    /usr/lib/jvm/java-7-openjdk-i386/jre/lib/i386/jli/libjli.so
b7715000-b7718000 rw-p 00000000 00:00 0 
b7718000-b7719000 r-xp 00000000 00:00 0          [vdso]
b7719000-b7739000 r-xp 00000000 08:05 3801995    /lib/i386-linux-gnu/ld-2.15.so
b7739000-b773a000 r--p 0001f000 08:05 3801995    /lib/i386-linux-gnu/ld-2.15.so
b773a000-b773b000 rw-p 00020000 08:05 3801995    /lib/i386-linux-gnu/ld-2.15.so
bfe42000-bfe43000 rwxp 00000000 00:00 0 
bfe74000-bfe96000 rw-p 00000000 00:00 0          [stack]

VM Arguments:
jvm_args: -Xmx1024M -Dfile.encoding=UTF-8 -Duser.country=IN -Duser.language=en -Duser.variant 
java_command: com.android.dx.command.Main --dex --output /home/ankit/Traafik latest/TraafikAppLatest/app/build/intermediates/dex/debug /home/ankit/Traafik latest/TraafikAppLatest/app/build/intermediates/classes/debug /home/ankit/Traafik latest/TraafikAppLatest/app/build/intermediates/pre-dexed/debug/support-annotations-22.2.0-28d7027a42f28bd6102d42421141ac4c439bdcba.jar /home/ankit/Traafik latest/TraafikAppLatest/app/build/intermediates/pre-dexed/debug/classes-3738216e6fc96e577c88b4313c8bfada63a4f847.jar /home/ankit/Traafik latest/TraafikAppLatest/app/build/intermediates/pre-dexed/debug/classes-6adb14698c36f217dbc8f44998dfb853cd0a1d53.jar /home/ankit/Traafik latest/TraafikAppLatest/app/build/intermediates/pre-dexed/debug/simple-side-drawer2-7c187662cd1383aba070f8109eee9f43ca311757.jar /home/ankit/Traafik latest/TraafikAppLatest/app/build/intermediates/pre-dexed/debug/classes-898b057db62618291972c52c147f2215def5d43e.jar /home/ankit/Traafik latest/TraafikAppLatest/app/build/intermediates/pre-dexed/debug/internal_impl-22.0.0-137508c80f2a10835c8bd34299b2142895c34add.jar /home/ankit/Traafik latest/TraafikAppLatest/app/build/intermediates/pre-dexed/debug/classes-8f1915b953beda78dc1ed1ca65fc463490162f66.jar /home/ankit/Traafik latest/TraafikAppLatest/app/build/intermediates/pre-dexed/debug/classes-d4a7aebef974cda66375665b223a04ae0cb3fa4c.jar /home/ankit/Traafik latest/TraafikAppLatest/app/build/intermediates/pre-dexed/debug/bolts-android-1.2.0-d25641ad2757a29dfe0c7ca50222a387b8134cd1.jar /home/ankit/Traafik latest/TraafikAppLatest/app/build/intermediates/pre-dexed/debug/classes-754b790782de93011173afded38fe936f74b280a.jar /home/ankit/Traafik latest/TraafikAppLatest/app/build/intermediates/pre-dexed/debug/classes-9e432d0ca84818278b94c58a5094398262a8ae09.jar /home/ankit/Traafik latest/TraafikAppLatest/app/build/intermediates/pre-dexed/debug/classes-527c408d13996ff107d27768e800c44d93fef79d.jar /home/ankit/Traafik latest/TraafikAppLatest/app/build/intermediates/pre-dexed/deb
Launcher Type: SUN_STANDARD

Environment Variables:
PATH=/usr/lib/lightdm/lightdm:/usr/local/sbin:/usr/local/bin:/usr/sbin:/usr/bin:/sbin:/bin:/usr/games
LD_LIBRARY_PATH=/home/ankit/Android studio/android-studio/bin:
SHELL=/bin/bash
DISPLAY=:0.0

Signal Handlers:
SIGSEGV: [libjvm.so+0x80b550], sa_mask[0]=0x7ffbfeff, sa_flags=0x10000004
SIGBUS: [libjvm.so+0x80b550], sa_mask[0]=0x7ffbfeff, sa_flags=0x10000004
SIGFPE: [libjvm.so+0x6753e0], sa_mask[0]=0x7ffbfeff, sa_flags=0x10000004
SIGPIPE: [libjvm.so+0x6753e0], sa_mask[0]=0x7ffbfeff, sa_flags=0x10000004
SIGXFSZ: [libjvm.so+0x6753e0], sa_mask[0]=0x7ffbfeff, sa_flags=0x10000004
SIGILL: [libjvm.so+0x6753e0], sa_mask[0]=0x7ffbfeff, sa_flags=0x10000004
SIGUSR1: SIG_DFL, sa_mask[0]=0x00000000, sa_flags=0x00000000
SIGUSR2: [libjvm.so+0x675690], sa_mask[0]=0x00000004, sa_flags=0x10000004
SIGHUP: [libjvm.so+0x675850], sa_mask[0]=0x7ffbfeff, sa_flags=0x10000004
SIGINT: [libjvm.so+0x675850], sa_mask[0]=0x7ffbfeff, sa_flags=0x10000004
SIGTERM: [libjvm.so+0x675850], sa_mask[0]=0x7ffbfeff, sa_flags=0x10000004
SIGQUIT: [libjvm.so+0x675850], sa_mask[0]=0x7ffbfeff, sa_flags=0x10000004
SIGTRAP: SIG_DFL, sa_mask[0]=0x00000000, sa_flags=0x00000000


---------------  S Y S T E M  ---------------

OS:Ubuntu 12.04 (precise)
uname:Linux 3.2.0-29-generic-pae #46-Ubuntu SMP Fri Jul 27 17:25:43 UTC 2012 i686
libc:glibc 2.15 NPTL 2.15 
rlimit: STACK 8192k, CORE 0k, NPROC 31169, NOFILE 4096, AS infinity
load average:1.86 0.94 1.10

/proc/meminfo:
MemTotal:        4004304 kB
MemFree:          179820 kB
Buffers:             352 kB
Cached:           623952 kB
SwapCached:            0 kB
Active:          3302976 kB
Inactive:         438848 kB
Active(anon):    3269828 kB
Inactive(anon):   405732 kB
Active(file):      33148 kB
Inactive(file):    33116 kB
Unevictable:          16 kB
Mlocked:              16 kB
HighTotal:       3159312 kB
HighFree:          19620 kB
LowTotal:         844992 kB
LowFree:          160200 kB
SwapTotal:             0 kB
SwapFree:              0 kB
Dirty:                32 kB
Writeback:             0 kB
AnonPages:       3117352 kB
Mapped:            82656 kB
Shmem:            557944 kB
Slab:              40084 kB
SReclaimable:      19884 kB
SUnreclaim:        20200 kB
KernelStack:        4776 kB
PageTables:        20088 kB
NFS_Unstable:          0 kB
Bounce:                0 kB
WritebackTmp:          0 kB
CommitLimit:     2002152 kB
Committed_AS:    7794968 kB
VmallocTotal:     122880 kB
VmallocUsed:       15224 kB
VmallocChunk:     105324 kB
HardwareCorrupted:     0 kB
AnonHugePages:         0 kB
HugePages_Total:       0
HugePages_Free:        0
HugePages_Rsvd:        0
HugePages_Surp:        0
Hugepagesize:       2048 kB
DirectMap4k:       10232 kB
DirectMap2M:      903168 kB


CPU:total 2 (2 cores per cpu, 1 threads per core) family 6 model 58 stepping 9, cmov, cx8, fxsr, mmx, sse, sse2, sse3, ssse3, sse4.1, sse4.2, popcnt, erms, tsc, tscinvbit, tscinv

/proc/cpuinfo:
processor	: 0
vendor_id	: GenuineIntel
cpu family	: 6
model		: 58
model name	: Intel(R) Pentium(R) CPU G2030 @ 3.00GHz
stepping	: 9
microcode	: 0x17
cpu MHz		: 3000.000
cache size	: 3072 KB
physical id	: 0
siblings	: 2
core id		: 0
cpu cores	: 2
apicid		: 0
initial apicid	: 0
fdiv_bug	: no
hlt_bug		: no
f00f_bug	: no
coma_bug	: no
fpu		: yes
fpu_exception	: yes
cpuid level	: 13
wp		: yes
flags		: fpu vme de pse tsc msr pae mce cx8 apic sep mtrr pge mca cmov pat pse36 clflush dts acpi mmx fxsr sse sse2 ss ht tm pbe nx rdtscp lm constant_tsc arch_perfmon pebs bts xtopology nonstop_tsc aperfmperf pni pclmulqdq dtes64 monitor ds_cpl vmx est tm2 ssse3 cx16 xtpr pdcm pcid sse4_1 sse4_2 popcnt tsc_deadline_timer xsave lahf_lm arat epb xsaveopt pln pts dtherm tpr_shadow vnmi flexpriority ept vpid fsgsbase smep erms
bogomips	: 5986.47
clflush size	: 64
cache_alignment	: 64
address sizes	: 36 bits physical, 48 bits virtual
power management:

processor	: 1
vendor_id	: GenuineIntel
cpu family	: 6
model		: 58
model name	: Intel(R) Pentium(R) CPU G2030 @ 3.00GHz
stepping	: 9
microcode	: 0x17
cpu MHz		: 2800.000
cache size	: 3072 KB
physical id	: 0
siblings	: 2
core id		: 1
cpu cores	: 2
apicid		: 2
initial apicid	: 2
fdiv_bug	: no
hlt_bug		: no
f00f_bug	: no
coma_bug	: no
fpu		: yes
fpu_exception	: yes
cpuid level	: 13
wp		: yes
flags		: fpu vme de pse tsc msr pae mce cx8 apic sep mtrr pge mca cmov pat pse36 clflush dts acpi mmx fxsr sse sse2 ss ht tm pbe nx rdtscp lm constant_tsc arch_perfmon pebs bts xtopology nonstop_tsc aperfmperf pni pclmulqdq dtes64 monitor ds_cpl vmx est tm2 ssse3 cx16 xtpr pdcm pcid sse4_1 sse4_2 popcnt tsc_deadline_timer xsave lahf_lm arat epb xsaveopt pln pts dtherm tpr_shadow vnmi flexpriority ept vpid fsgsbase smep erms
bogomips	: 5986.36
clflush size	: 64
cache_alignment	: 64
address sizes	: 36 bits physical, 48 bits virtual
power management:



Memory: 4k page, physical 4004304k(179820k free), swap 0k(0k free)

vm_info: OpenJDK Server VM (24.75-b04) for linux-x86 JRE (1.7.0_75-b13), built on Jan 27 2015 16:24:35 by "buildd" with gcc 4.6.3

time: Fri Jul 17 17:38:33 2015
elapsed time: 6 seconds

