#
# There is insufficient memory for the Java Runtime Environment to continue.
# Native memory allocation (malloc) failed to allocate 41943040 bytes for committing reserved memory.
# Possible reasons:
#   The system is out of physical RAM or swap space
#   In 32 bit mode, the process size limit was hit
# Possible solutions:
#   Reduce memory load on the system
#   Increase physical memory or swap space
#   Check if swap backing store is full
#   Use 64 bit Java on a 64 bit OS
#   Decrease Java heap size (-Xmx/-Xms)
#   Decrease number of Java threads
#   Decrease Java thread stack sizes (-Xss)
#   Set larger code cache with -XX:ReservedCodeCacheSize=
# This output file may be truncated or incomplete.
#
#  Out of Memory Error (os_linux.cpp:2798), pid=15361, tid=1745378112
#
# JRE version: OpenJDK Runtime Environment (7.0_75-b13) (build 1.7.0_75-b13)
# Java VM: OpenJDK Server VM (24.75-b04 mixed mode linux-x86 )
# Derivative: IcedTea 2.5.4
# Distribution: Ubuntu 12.04 LTS, package 7u75-2.5.4-1~precise1
# Failed to write core dump. Core dumps have been disabled. To enable core dumping, try "ulimit -c unlimited" before starting Java again
#

---------------  T H R E A D  ---------------

Current thread (0x67f10400):  VMThread [stack: 0x68005000,0x68086000] [id=15368]

Stack: [0x68005000,0x68086000]
[error occurred during error reporting (printing stack bounds), id 0xb]

VM_Operation (0xb65d9948): ParallelGCFailedAllocation, mode: safepoint, requested by thread 0xb6407c00


---------------  P R O C E S S  ---------------

Java Threads: ( => current thread )
  0x67f2c400 JavaThread "Service Thread" daemon [_thread_blocked, id=15374, stack(0x67b5c000,0x67bad000)]
  0x67f2a800 JavaThread "C2 CompilerThread1" daemon [_thread_blocked, id=15373, stack(0x67bad000,0x67c2e000)]
  0x67f28800 JavaThread "C2 CompilerThread0" daemon [_thread_blocked, id=15372, stack(0x67c2e000,0x67caf000)]
  0x67f26c00 JavaThread "Signal Dispatcher" daemon [_thread_blocked, id=15371, stack(0x67caf000,0x67d00000)]
  0x67f14400 JavaThread "Finalizer" daemon [_thread_blocked, id=15370, stack(0x6ac03000,0x6ac54000)]
  0x67f12800 JavaThread "Reference Handler" daemon [_thread_blocked, id=15369, stack(0x6ac54000,0x6aca5000)]
  0xb6407c00 JavaThread "main" [_thread_blocked, id=15363, stack(0xb658a000,0xb65db000)]

Other Threads:
=>0x67f10400 VMThread [stack: 0x68005000,0x68086000] [id=15368]
  0x67f2e000 WatcherThread [stack: 0x67adb000,0x67b5c000] [id=15375]

VM state:at safepoint (normal execution)

VM Mutex/Monitor currently owned by a thread:  ([mutex/lock_event])
[0xb6405248] Threads_lock - owner thread: 0x67f10400
[0xb6405658] Heap_lock - owner thread: 0xb6407c00

Heap
 PSYoungGen      total 152064K, used 45311K [0x9ddc0000, 0xaba80000, 0xb3340000)
  eden space 106752K, 0% used [0x9ddc0000,0x9ddc0000,0xa4600000)
  from space 45312K, 99% used [0xa8e40000,0xaba7fce8,0xaba80000)
  to   space 32000K, 0% used [0xa4600000,0xa4600000,0xa6540000)
 ParOldGen       total 105728K, used 102340K [0x73340000, 0x79a80000, 0x9ddc0000)
  object space 105728K, 96% used [0x73340000,0x79731258,0x79a80000)
 PSPermGen       total 16384K, used 4000K [0x6b340000, 0x6c340000, 0x73340000)
  object space 16384K, 24% used [0x6b340000,0x6b728358,0x6c340000)

Card table byte_map: [0x6b0ff000,0x6b340000] byte_map_base: 0x6ada5600

Polling page: 0xb7731000

Code Cache  [0xb3400000, 0xb3678000, 0xb6400000)
 total_blobs=771 nmethods=652 adapters=73 free_code_cache=46729Kb largest_free_block=47774592

Compilation events (10 events):
Event: 9.139 Thread 0x67f28800 nmethod 656 0xb35536c8 code [0xb3553800, 0xb3553b10]
Event: 9.147 Thread 0x67f28800  657             com.android.dx.cf.direct.AttributeListParser::parseIfNecessary (12 bytes)
Event: 9.151 Thread 0x67f28800 nmethod 657 0xb3552d88 code [0xb3552ec0, 0xb35531fc]
Event: 9.182 Thread 0x67f28800  658             com.android.dx.rop.cst.TypedConstant::getFrameType (2 bytes)
Event: 9.183 Thread 0x67f28800 nmethod 658 0xb34fd2c8 code [0xb34fd3a0, 0xb34fd3f0]
Event: 9.198 Thread 0x67f2a800 nmethod 651 0xb34d8f48 code [0xb34d9260, 0xb34dae40]
Event: 9.287 Thread 0x67f28800  659             com.android.dx.cf.code.Simulator$SimVisitor::visitNoArgs (2108 bytes)
Event: 9.343 Thread 0x67f28800 nmethod 659 0xb3668988 code [0xb36696e0, 0xb366ba48]
Event: 9.374 Thread 0x67f2a800  660             com.android.dx.rop.code.RegisterSpecList::getType (12 bytes)
Event: 9.375 Thread 0x67f2a800 nmethod 660 0xb3552a08 code [0xb3552b00, 0xb3552bf0]

GC Heap History (10 events):
Event: 5.083 GC heap after
Heap after GC invocations=6 (full 0):
 PSYoungGen      total 70144K, used 7664K [0x9ddc0000, 0xa2cc0000, 0xb3340000)
  eden space 62464K, 0% used [0x9ddc0000,0x9ddc0000,0xa1ac0000)
  from space 7680K, 99% used [0xa2340000,0xa2abc040,0xa2ac0000)
  to   space 8704K, 0% used [0xa1ac0000,0xa1ac0000,0xa2340000)
 ParOldGen       total 41728K, used 13890K [0x73340000, 0x75c00000, 0x9ddc0000)
  object space 41728K, 33% used [0x73340000,0x740d09d8,0x75c00000)
 PSPermGen       total 16384K, used 3963K [0x6b340000, 0x6c340000, 0x73340000)
  object space 16384K, 24% used [0x6b340000,0x6b71edd0,0x6c340000)
}
Event: 6.318 GC heap before
{Heap before GC invocations=7 (full 0):
 PSYoungGen      total 70144K, used 70128K [0x9ddc0000, 0xa2cc0000, 0xb3340000)
  eden space 62464K, 100% used [0x9ddc0000,0xa1ac0000,0xa1ac0000)
  from space 7680K, 99% used [0xa2340000,0xa2abc040,0xa2ac0000)
  to   space 8704K, 0% used [0xa1ac0000,0xa1ac0000,0xa2340000)
 ParOldGen       total 41728K, used 13890K [0x73340000, 0x75c00000, 0x9ddc0000)
  object space 41728K, 33% used [0x73340000,0x740d09d8,0x75c00000)
 PSPermGen       total 16384K, used 3986K [0x6b340000, 0x6c340000, 0x73340000)
  object space 16384K, 24% used [0x6b340000,0x6b724ac8,0x6c340000)
Event: 6.387 GC heap after
Heap after GC invocations=7 (full 0):
 PSYoungGen      total 71168K, used 8703K [0x9ddc0000, 0xa72c0000, 0xb3340000)
  eden space 62464K, 0% used [0x9ddc0000,0x9ddc0000,0xa1ac0000)
  from space 8704K, 99% used [0xa1ac0000,0xa233fd80,0xa2340000)
  to   space 13824K, 0% used [0xa6540000,0xa6540000,0xa72c0000)
 ParOldGen       total 41728K, used 22044K [0x73340000, 0x75c00000, 0x9ddc0000)
  object space 41728K, 52% used [0x73340000,0x748c70b8,0x75c00000)
 PSPermGen       total 16384K, used 3986K [0x6b340000, 0x6c340000, 0x73340000)
  object space 16384K, 24% used [0x6b340000,0x6b724ac8,0x6c340000)
}
Event: 7.375 GC heap before
{Heap before GC invocations=8 (full 0):
 PSYoungGen      total 71168K, used 71167K [0x9ddc0000, 0xa72c0000, 0xb3340000)
  eden space 62464K, 100% used [0x9ddc0000,0xa1ac0000,0xa1ac0000)
  from space 8704K, 99% used [0xa1ac0000,0xa233fd80,0xa2340000)
  to   space 13824K, 0% used [0xa6540000,0xa6540000,0xa72c0000)
 ParOldGen       total 41728K, used 22044K [0x73340000, 0x75c00000, 0x9ddc0000)
  object space 41728K, 52% used [0x73340000,0x748c70b8,0x75c00000)
 PSPermGen       total 16384K, used 3991K [0x6b340000, 0x6c340000, 0x73340000)
  object space 16384K, 24% used [0x6b340000,0x6b725f00,0x6c340000)
Event: 7.438 GC heap after
Heap after GC invocations=8 (full 0):
 PSYoungGen      total 120576K, used 13813K [0x9ddc0000, 0xa9640000, 0xb3340000)
  eden space 106752K, 0% used [0x9ddc0000,0x9ddc0000,0xa4600000)
  from space 13824K, 99% used [0xa6540000,0xa72bd7a0,0xa72c0000)
  to   space 32000K, 0% used [0xa4600000,0xa4600000,0xa6540000)
 ParOldGen       total 58624K, used 58553K [0x73340000, 0x76c80000, 0x9ddc0000)
  object space 58624K, 99% used [0x73340000,0x76c6e7c8,0x76c80000)
 PSPermGen       total 16384K, used 3991K [0x6b340000, 0x6c340000, 0x73340000)
  object space 16384K, 24% used [0x6b340000,0x6b725f00,0x6c340000)
}
Event: 7.438 GC heap before
{Heap before GC invocations=9 (full 1):
 PSYoungGen      total 120576K, used 13813K [0x9ddc0000, 0xa9640000, 0xb3340000)
  eden space 106752K, 0% used [0x9ddc0000,0x9ddc0000,0xa4600000)
  from space 13824K, 99% used [0xa6540000,0xa72bd7a0,0xa72c0000)
  to   space 32000K, 0% used [0xa4600000,0xa4600000,0xa6540000)
 ParOldGen       total 58624K, used 58553K [0x73340000, 0x76c80000, 0x9ddc0000)
  object space 58624K, 99% used [0x73340000,0x76c6e7c8,0x76c80000)
 PSPermGen       total 16384K, used 3991K [0x6b340000, 0x6c340000, 0x73340000)
  object space 16384K, 24% used [0x6b340000,0x6b725f00,0x6c340000)
Event: 7.915 GC heap after
Heap after GC invocations=9 (full 1):
 PSYoungGen      total 120576K, used 1704K [0x9ddc0000, 0xa9640000, 0xb3340000)
  eden space 106752K, 0% used [0x9ddc0000,0x9ddc0000,0xa4600000)
  from space 13824K, 12% used [0xa6540000,0xa66ea1c8,0xa72c0000)
  to   space 32000K, 0% used [0xa4600000,0xa4600000,0xa6540000)
 ParOldGen       total 105728K, used 58536K [0x73340000, 0x79a80000, 0x9ddc0000)
  object space 105728K, 55% used [0x73340000,0x76c6a208,0x79a80000)
 PSPermGen       total 16384K, used 3989K [0x6b340000, 0x6c340000, 0x73340000)
  object space 16384K, 24% used [0x6b340000,0x6b725540,0x6c340000)
}
Event: 8.760 GC heap before
{Heap before GC invocations=10 (full 1):
 PSYoungGen      total 120576K, used 108456K [0x9ddc0000, 0xa9640000, 0xb3340000)
  eden space 106752K, 100% used [0x9ddc0000,0xa4600000,0xa4600000)
  from space 13824K, 12% used [0xa6540000,0xa66ea1c8,0xa72c0000)
  to   space 32000K, 0% used [0xa4600000,0xa4600000,0xa6540000)
 ParOldGen       total 105728K, used 58536K [0x73340000, 0x79a80000, 0x9ddc0000)
  object space 105728K, 55% used [0x73340000,0x76c6a208,0x79a80000)
 PSPermGen       total 16384K, used 3998K [0x6b340000, 0x6c340000, 0x73340000)
  object space 16384K, 24% used [0x6b340000,0x6b727848,0x6c340000)
Event: 8.861 GC heap after
Heap after GC invocations=10 (full 1):
 PSYoungGen      total 138752K, used 31985K [0x9ddc0000, 0xaba80000, 0xb3340000)
  eden space 106752K, 0% used [0x9ddc0000,0x9ddc0000,0xa4600000)
  from space 32000K, 99% used [0xa4600000,0xa653c7a0,0xa6540000)
  to   space 45312K, 0% used [0xa8e40000,0xa8e40000,0xaba80000)
 ParOldGen       total 105728K, used 77476K [0x73340000, 0x79a80000, 0x9ddc0000)
  object space 105728K, 73% used [0x73340000,0x77ee9208,0x79a80000)
 PSPermGen       total 16384K, used 3998K [0x6b340000, 0x6c340000, 0x73340000)
  object space 16384K, 24% used [0x6b340000,0x6b727848,0x6c340000)
}
Event: 9.383 GC heap before
{Heap before GC invocations=11 (full 1):
 PSYoungGen      total 138752K, used 138737K [0x9ddc0000, 0xaba80000, 0xb3340000)
  eden space 106752K, 100% used [0x9ddc0000,0xa4600000,0xa4600000)
  from space 32000K, 99% used [0xa4600000,0xa653c7a0,0xa6540000)
  to   space 45312K, 0% used [0xa8e40000,0xa8e40000,0xaba80000)
 ParOldGen       total 105728K, used 77476K [0x73340000, 0x79a80000, 0x9ddc0000)
  object space 105728K, 73% used [0x73340000,0x77ee9208,0x79a80000)
 PSPermGen       total 16384K, used 4000K [0x6b340000, 0x6c340000, 0x73340000)
  object space 16384K, 24% used [0x6b340000,0x6b728358,0x6c340000)

Deoptimization events (10 events):
Event: 8.241 Thread 0xb6407c00 Uncommon trap: reason=class_check action=maybe_recompile pc=0xb3595338 method=com.android.dx.ssa.back.InterferenceGraph.mergeInterferenceSet(ILcom/android/dx/util/IntSet;)V @ 20
Event: 8.241 Thread 0xb6407c00 Uncommon trap: reason=class_check action=maybe_recompile pc=0xb35d03e0 method=com.android.dx.util.BitIntSet.merge(Lcom/android/dx/util/IntSet;)V @ 1
Event: 8.265 Thread 0xb6407c00 Uncommon trap: reason=class_check action=maybe_recompile pc=0xb353f574 method=com.android.dx.ssa.back.InterferenceGraph.mergeInterferenceSet(ILcom/android/dx/util/IntSet;)V @ 20
Event: 8.265 Thread 0xb6407c00 Uncommon trap: reason=class_check action=maybe_recompile pc=0xb35d03e0 method=com.android.dx.util.BitIntSet.merge(Lcom/android/dx/util/IntSet;)V @ 1
Event: 8.265 Thread 0xb6407c00 Uncommon trap: reason=class_check action=maybe_recompile pc=0xb3595338 method=com.android.dx.ssa.back.InterferenceGraph.mergeInterferenceSet(ILcom/android/dx/util/IntSet;)V @ 20
Event: 8.272 Thread 0xb6407c00 Uncommon trap: reason=class_check action=maybe_recompile pc=0xb35d0a80 method=com.android.dx.ssa.back.InterferenceGraph.mergeInterferenceSet(ILcom/android/dx/util/IntSet;)V @ 20
Event: 8.421 Thread 0xb6407c00 Uncommon trap: reason=null_check action=make_not_entrant pc=0xb360fc38 method=com.android.dx.dex.cf.AttributeTranslator.getSignature(Lcom/android/dx/cf/iface/AttributeList;)Lcom/android/dx/rop/annotation/Annotation; @ 8
Event: 8.902 Thread 0xb6407c00 Uncommon trap: reason=class_check action=maybe_recompile pc=0xb3487ba8 method=com.android.dx.ssa.SsaConverter.placePhiFunctions(Lcom/android/dx/ssa/SsaMethod;Lcom/android/dx/ssa/LocalVariableInfo;I)V @ 257
Event: 8.967 Thread 0xb6407c00 Uncommon trap: reason=predicate action=maybe_recompile pc=0xb35611cc method=com.android.dx.ssa.back.InterferenceGraph.<init>(I)V @ 23
Event: 8.993 Thread 0xb6407c00 Uncommon trap: reason=class_check action=maybe_recompile pc=0xb3582bdc method=com.android.dx.ssa.back.InterferenceGraph.mergeInterferenceSet(ILcom/android/dx/util/IntSet;)V @ 20

Internal exceptions (10 events):
Event: 2.074 Thread 0xb6407c00 Threw 0x9df5d908 at /build/buildd/openjdk-7-7u75-2.5.4/build/openjdk/hotspot/src/share/vm/prims/jvm.cpp:1284
Event: 2.096 Thread 0xb6407c00 Threw 0x9dfc1060 at /build/buildd/openjdk-7-7u75-2.5.4/build/openjdk/hotspot/src/share/vm/prims/jvm.cpp:1284
Event: 3.036 Thread 0xb6407c00 Threw 0x9e65a808 at /build/buildd/openjdk-7-7u75-2.5.4/build/openjdk/hotspot/src/share/vm/prims/jvm.cpp:1284
Event: 3.457 Thread 0xb6407c00 Implicit null exception at 0xb352ad2a to 0xb352b319
Event: 3.542 Thread 0xb6407c00 Threw 0x9e510d88 at /build/buildd/openjdk-7-7u75-2.5.4/build/openjdk/hotspot/src/share/vm/prims/jvm.cpp:1284
Event: 6.603 Thread 0xb6407c00 Implicit null exception at 0xb35f8a4c to 0xb35fc369
Event: 6.613 Thread 0xb6407c00 Threw 0x9ed57aa0 at /build/buildd/openjdk-7-7u75-2.5.4/build/openjdk/hotspot/src/share/vm/prims/jvm.cpp:1284
Event: 7.972 Thread 0xb6407c00 Threw 0x9faa18c8 at /build/buildd/openjdk-7-7u75-2.5.4/build/openjdk/hotspot/src/share/vm/prims/jvm.cpp:1284
Event: 7.989 Thread 0xb6407c00 Threw 0x9fb69e38 at /build/buildd/openjdk-7-7u75-2.5.4/build/openjdk/hotspot/src/share/vm/prims/jvm.cpp:1284
Event: 8.421 Thread 0xb6407c00 Implicit null exception at 0xb360db54 to 0xb360fc2d

Events (10 events):
Event: 8.902 Thread 0xb6407c00 DEOPT UNPACKING pc=0xb342cbc8 sp=0xb65d9ad8 mode 2
Event: 8.967 Thread 0xb6407c00 Uncommon trap: trap_request=0xffffff86 fr.pc=0xb35611cc
Event: 8.967 Thread 0xb6407c00 DEOPT PACKING pc=0xb35611cc sp=0xb65d9ab0
Event: 8.967 Thread 0xb6407c00 DEOPT UNPACKING pc=0xb342cbc8 sp=0xb65d9aac mode 2
Event: 8.993 Thread 0xb6407c00 Uncommon trap: trap_request=0xffffffde fr.pc=0xb3582bdc
Event: 8.993 Thread 0xb6407c00 DEOPT PACKING pc=0xb3582bdc sp=0xb65d9aa0
Event: 8.993 Thread 0xb6407c00 DEOPT UNPACKING pc=0xb342cbc8 sp=0xb65d99e4 mode 2
Event: 9.100 Thread 0x67f28800 flushing nmethod 0xb34d3c88
Event: 9.120 Thread 0x67f28800 flushing nmethod 0xb3552708
Event: 9.382 Executing VM operation: ParallelGCFailedAllocation


Dynamic libraries:
08048000-08049000 r-xp 00000000 08:05 4983886    /usr/lib/jvm/java-7-openjdk-i386/jre/bin/java
08049000-0804a000 r--p 00000000 08:05 4983886    /usr/lib/jvm/java-7-openjdk-i386/jre/bin/java
0804a000-0804b000 rw-p 00001000 08:05 4983886    /usr/lib/jvm/java-7-openjdk-i386/jre/bin/java
09d07000-0a4f7000 rw-p 00000000 00:00 0          [heap]
66a00000-66bf7000 rw-p 00000000 00:00 0 
66bf7000-66c00000 ---p 00000000 00:00 0 
66c00000-66cfb000 rw-p 00000000 00:00 0 
66cfb000-66d00000 ---p 00000000 00:00 0 
66e00000-66ef6000 rw-p 00000000 00:00 0 
66ef6000-66f00000 ---p 00000000 00:00 0 
66f00000-66ffb000 rw-p 00000000 00:00 0 
66ffb000-67000000 ---p 00000000 00:00 0 
67000000-670fe000 rw-p 00000000 00:00 0 
670fe000-67100000 ---p 00000000 00:00 0 
67200000-672fd000 rw-p 00000000 00:00 0 
672fd000-67300000 ---p 00000000 00:00 0 
67400000-67500000 rw-p 00000000 00:00 0 
67600000-67623000 rw-p 00000000 00:00 0 
67623000-67700000 ---p 00000000 00:00 0 
677a9000-677e3000 r-xp 00000000 08:05 3802088    /lib/i386-linux-gnu/libpcre.so.3.12.1
677e3000-677e4000 r--p 00039000 08:05 3802088    /lib/i386-linux-gnu/libpcre.so.3.12.1
677e4000-677e5000 rw-p 0003a000 08:05 3802088    /lib/i386-linux-gnu/libpcre.so.3.12.1
677e5000-677ea000 r-xp 00000000 08:05 4985471    /usr/lib/i386-linux-gnu/libffi.so.6.0.0
677ea000-677eb000 r--p 00004000 08:05 4985471    /usr/lib/i386-linux-gnu/libffi.so.6.0.0
677eb000-677ec000 rw-p 00005000 08:05 4985471    /usr/lib/i386-linux-gnu/libffi.so.6.0.0
677ec000-677ff000 r-xp 00000000 08:05 3802099    /lib/i386-linux-gnu/libresolv-2.15.so
677ff000-67800000 ---p 00013000 08:05 3802099    /lib/i386-linux-gnu/libresolv-2.15.so
67800000-67801000 r--p 00013000 08:05 3802099    /lib/i386-linux-gnu/libresolv-2.15.so
67801000-67802000 rw-p 00014000 08:05 3802099    /lib/i386-linux-gnu/libresolv-2.15.so
67802000-67804000 rw-p 00000000 00:00 0 
67804000-67821000 r-xp 00000000 08:05 3802103    /lib/i386-linux-gnu/libselinux.so.1
67821000-67822000 r--p 0001c000 08:05 3802103    /lib/i386-linux-gnu/libselinux.so.1
67822000-67823000 rw-p 0001d000 08:05 3802103    /lib/i386-linux-gnu/libselinux.so.1
67823000-6791a000 r-xp 00000000 08:05 3802040    /lib/i386-linux-gnu/libglib-2.0.so.0.3200.3
6791a000-6791b000 r--p 000f6000 08:05 3802040    /lib/i386-linux-gnu/libglib-2.0.so.0.3200.3
6791b000-6791c000 rw-p 000f7000 08:05 3802040    /lib/i386-linux-gnu/libglib-2.0.so.0.3200.3
6791c000-67969000 r-xp 00000000 08:05 4985532    /usr/lib/i386-linux-gnu/libgobject-2.0.so.0.3200.3
67969000-6796a000 r--p 0004c000 08:05 4985532    /usr/lib/i386-linux-gnu/libgobject-2.0.so.0.3200.3
6796a000-6796b000 rw-p 0004d000 08:05 4985532    /usr/lib/i386-linux-gnu/libgobject-2.0.so.0.3200.3
6796b000-67abe000 r-xp 00000000 08:05 4985508    /usr/lib/i386-linux-gnu/libgio-2.0.so.0.3200.3
67abe000-67ac0000 r--p 00153000 08:05 4985508    /usr/lib/i386-linux-gnu/libgio-2.0.so.0.3200.3
67ac0000-67ac1000 rw-p 00155000 08:05 4985508    /usr/lib/i386-linux-gnu/libgio-2.0.so.0.3200.3
67ac1000-67ac2000 rw-p 00000000 00:00 0 
67ac2000-67ad9000 r-xp 00000000 08:05 4989135    /usr/lib/jvm/java-7-openjdk-i386/jre/lib/i386/libnet.so
67ad9000-67ada000 r--p 00016000 08:05 4989135    /usr/lib/jvm/java-7-openjdk-i386/jre/lib/i386/libnet.so
67ada000-67adb000 rw-p 00017000 08:05 4989135    /usr/lib/jvm/java-7-openjdk-i386/jre/lib/i386/libnet.so
67adb000-67adc000 ---p 00000000 00:00 0 
67adc000-67b5c000 rw-p 00000000 00:00 0 
67b5c000-67b5f000 ---p 00000000 00:00 0 
67b5f000-67bad000 rw-p 00000000 00:00 0 
67bad000-67bb0000 ---p 00000000 00:00 0 
67bb0000-67c2e000 rw-p 00000000 00:00 0 
67c2e000-67c31000 ---p 00000000 00:00 0 
67c31000-67caf000 rw-p 00000000 00:00 0 
67caf000-67cb2000 ---p 00000000 00:00 0 
67cb2000-67d00000 rw-p 00000000 00:00 0 
67d00000-67f00000 r--p 00000000 08:05 4988066    /usr/lib/locale/locale-archive
67f00000-68000000 rw-p 00000000 00:00 0 
68000000-68003000 r-xp 00000000 08:05 4985518    /usr/lib/i386-linux-gnu/libgmodule-2.0.so.0.3200.3
68003000-68004000 r--p 00002000 08:05 4985518    /usr/lib/i386-linux-gnu/libgmodule-2.0.so.0.3200.3
68004000-68005000 rw-p 00003000 08:05 4985518    /usr/lib/i386-linux-gnu/libgmodule-2.0.so.0.3200.3
68005000-68006000 ---p 00000000 00:00 0 
68006000-680cf000 rw-p 00000000 00:00 0 
680cf000-68280000 r--s 01d23000 08:05 4989042    /usr/lib/jvm/java-7-openjdk-i386/jre/lib/rt.jar
68280000-6ab00000 rw-p 00000000 00:00 0 
6ab00000-6abf9000 rw-p 00000000 00:00 0 
6abf9000-6ac00000 ---p 00000000 00:00 0 
6ac03000-6ac06000 ---p 00000000 00:00 0 
6ac06000-6ac54000 rw-p 00000000 00:00 0 
6ac54000-6ac57000 ---p 00000000 00:00 0 
6ac57000-6ad00000 rw-p 00000000 00:00 0 
6ad00000-6ad21000 rw-p 00000000 00:00 0 
6ad21000-6ae00000 ---p 00000000 00:00 0 
6ae15000-6ae26000 r-xp 00000000 08:05 4989121    /usr/lib/jvm/java-7-openjdk-i386/jre/lib/i386/libnio.so
6ae26000-6ae27000 r--p 00010000 08:05 4989121    /usr/lib/jvm/java-7-openjdk-i386/jre/lib/i386/libnio.so
6ae27000-6ae28000 rw-p 00011000 08:05 4989121    /usr/lib/jvm/java-7-openjdk-i386/jre/lib/i386/libnio.so
6ae28000-6ae33000 r--s 00079000 08:06 4587538    /home/ankit/Traafik latest/TraafikAppLatest/app/build/intermediates/exploded-aar/com.google.android.gms/play-services-analytics/7.5.0/jars/classes.jar
6ae33000-6ae42000 r--s 000dd000 08:06 21369266   /home/ankit/Ankitt Data/ECLIPSE/sdk/build-tools/22.0.1/lib/dx.jar
6ae42000-6ae43000 r--s 00007000 08:05 5246941    /usr/share/java/java-atk-wrapper.jar
6ae43000-6ae46000 r--s 0000f000 08:05 4989079    /usr/lib/jvm/java-7-openjdk-i386/jre/lib/ext/icedtea-sound.jar
6ae46000-6ae48000 r--s 00012000 08:05 4989084    /usr/lib/jvm/java-7-openjdk-i386/jre/lib/ext/zipfs.jar
6ae48000-6ae4c000 r--s 00034000 08:05 4989083    /usr/lib/jvm/java-7-openjdk-i386/jre/lib/ext/sunjce_provider.jar
6ae4c000-6ae67000 rw-p 00000000 00:00 0 
6ae67000-6ae68000 ---p 00000000 00:00 0 
6ae68000-6aee8000 rw-p 00000000 00:00 0 
6aee8000-6aee9000 ---p 00000000 00:00 0 
6aee9000-6af71000 rw-p 00000000 00:00 0 
6af71000-6afa9000 rw-p 00000000 00:00 0 
6afa9000-6afdd000 rw-p 00000000 00:00 0 
6afdd000-6b0ff000 rw-p 00000000 00:00 0 
6b0ff000-6b107000 rw-p 00000000 00:00 0 
6b107000-6b13f000 rw-p 00000000 00:00 0 
6b13f000-6b173000 rw-p 00000000 00:00 0 
6b173000-6b294000 rw-p 00000000 00:00 0 
6b294000-6b303000 rw-p 00000000 00:00 0 
6b303000-6b33f000 rw-p 00000000 00:00 0 
6b33f000-6c340000 rw-p 00000000 00:00 0 
6c340000-73340000 rw-p 00000000 00:00 0 
73340000-79a80000 rw-p 00000000 00:00 0 
79a80000-9ddc0000 rw-p 00000000 00:00 0 
9ddc0000-aba80000 rw-p 00000000 00:00 0 
ae280000-b3340000 rw-p 00000000 00:00 0 
b3340000-b334a000 rw-p 00000000 00:00 0 
b334a000-b3400000 rw-p 00000000 00:00 0 
b3400000-b3678000 rwxp 00000000 00:00 0 
b3678000-b64fd000 rw-p 00000000 00:00 0 
b64fd000-b6500000 ---p 00000000 00:00 0 
b6503000-b6507000 r--s 0003c000 08:05 4989081    /usr/lib/jvm/java-7-openjdk-i386/jre/lib/ext/sunpkcs11.jar
b6507000-b650a000 r--s 00086000 08:05 4989082    /usr/lib/jvm/java-7-openjdk-i386/jre/lib/ext/localedata.jar
b650a000-b6515000 r-xp 00000000 08:05 3802066    /lib/i386-linux-gnu/libnss_files-2.15.so
b6515000-b6516000 r--p 0000a000 08:05 3802066    /lib/i386-linux-gnu/libnss_files-2.15.so
b6516000-b6517000 rw-p 0000b000 08:05 3802066    /lib/i386-linux-gnu/libnss_files-2.15.so
b6517000-b6521000 r-xp 00000000 08:05 3802070    /lib/i386-linux-gnu/libnss_nis-2.15.so
b6521000-b6522000 r--p 00009000 08:05 3802070    /lib/i386-linux-gnu/libnss_nis-2.15.so
b6522000-b6523000 rw-p 0000a000 08:05 3802070    /lib/i386-linux-gnu/libnss_nis-2.15.so
b6523000-b6539000 r-xp 00000000 08:05 3802060    /lib/i386-linux-gnu/libnsl-2.15.so
b6539000-b653a000 r--p 00015000 08:05 3802060    /lib/i386-linux-gnu/libnsl-2.15.so
b653a000-b653b000 rw-p 00016000 08:05 3802060    /lib/i386-linux-gnu/libnsl-2.15.so
b653b000-b653d000 rw-p 00000000 00:00 0 
b653d000-b6544000 r-xp 00000000 08:05 3802062    /lib/i386-linux-gnu/libnss_compat-2.15.so
b6544000-b6545000 r--p 00006000 08:05 3802062    /lib/i386-linux-gnu/libnss_compat-2.15.so
b6545000-b6546000 rw-p 00007000 08:05 3802062    /lib/i386-linux-gnu/libnss_compat-2.15.so
b6546000-b654e000 r-xp 00000000 08:05 4989114    /usr/lib/jvm/java-7-openjdk-i386/jre/lib/i386/libzip.so
b654e000-b654f000 r--p 00007000 08:05 4989114    /usr/lib/jvm/java-7-openjdk-i386/jre/lib/i386/libzip.so
b654f000-b6550000 rw-p 00008000 08:05 4989114    /usr/lib/jvm/java-7-openjdk-i386/jre/lib/i386/libzip.so
b6550000-b6558000 rw-s 00000000 08:05 145513     /tmp/hsperfdata_ankit/15361
b6558000-b657f000 r-xp 00000000 08:05 4989134    /usr/lib/jvm/java-7-openjdk-i386/jre/lib/i386/libjava.so
b657f000-b6580000 r--p 00026000 08:05 4989134    /usr/lib/jvm/java-7-openjdk-i386/jre/lib/i386/libjava.so
b6580000-b6581000 rw-p 00027000 08:05 4989134    /usr/lib/jvm/java-7-openjdk-i386/jre/lib/i386/libjava.so
b6581000-b6588000 r-xp 00000000 08:05 3802101    /lib/i386-linux-gnu/librt-2.15.so
b6588000-b6589000 r--p 00006000 08:05 3802101    /lib/i386-linux-gnu/librt-2.15.so
b6589000-b658a000 rw-p 00007000 08:05 3802101    /lib/i386-linux-gnu/librt-2.15.so
b658a000-b658d000 ---p 00000000 00:00 0 
b658d000-b65db000 rw-p 00000000 00:00 0 
b65db000-b65f7000 r-xp 00000000 08:05 3802036    /lib/i386-linux-gnu/libgcc_s.so.1
b65f7000-b65f8000 r--p 0001b000 08:05 3802036    /lib/i386-linux-gnu/libgcc_s.so.1
b65f8000-b65f9000 rw-p 0001c000 08:05 3802036    /lib/i386-linux-gnu/libgcc_s.so.1
b65f9000-b6623000 r-xp 00000000 08:05 3802047    /lib/i386-linux-gnu/libm-2.15.so
b6623000-b6624000 r--p 00029000 08:05 3802047    /lib/i386-linux-gnu/libm-2.15.so
b6624000-b6625000 rw-p 0002a000 08:05 3802047    /lib/i386-linux-gnu/libm-2.15.so
b6625000-b66fd000 r-xp 00000000 08:05 4985813    /usr/lib/i386-linux-gnu/libstdc++.so.6.0.16
b66fd000-b66fe000 ---p 000d8000 08:05 4985813    /usr/lib/i386-linux-gnu/libstdc++.so.6.0.16
b66fe000-b6702000 r--p 000d8000 08:05 4985813    /usr/lib/i386-linux-gnu/libstdc++.so.6.0.16
b6702000-b6703000 rw-p 000dc000 08:05 4985813    /usr/lib/i386-linux-gnu/libstdc++.so.6.0.16
b6703000-b670a000 rw-p 00000000 00:00 0 
b670a000-b70cc000 r-xp 00000000 08:05 4989140    /usr/lib/jvm/java-7-openjdk-i386/jre/lib/i386/server/libjvm.so
b70cc000-b7121000 r--p 009c2000 08:05 4989140    /usr/lib/jvm/java-7-openjdk-i386/jre/lib/i386/server/libjvm.so
b7121000-b7135000 rw-p 00a17000 08:05 4989140    /usr/lib/jvm/java-7-openjdk-i386/jre/lib/i386/server/libjvm.so
b7135000-b7553000 rw-p 00000000 00:00 0 
b7553000-b7567000 r-xp 00000000 08:05 3802126    /lib/i386-linux-gnu/libz.so.1.2.3.4
b7567000-b7568000 r--p 00013000 08:05 3802126    /lib/i386-linux-gnu/libz.so.1.2.3.4
b7568000-b7569000 rw-p 00014000 08:05 3802126    /lib/i386-linux-gnu/libz.so.1.2.3.4
b7569000-b7580000 r-xp 00000000 08:05 3802095    /lib/i386-linux-gnu/libpthread-2.15.so
b7580000-b7581000 r--p 00016000 08:05 3802095    /lib/i386-linux-gnu/libpthread-2.15.so
b7581000-b7582000 rw-p 00017000 08:05 3802095    /lib/i386-linux-gnu/libpthread-2.15.so
b7582000-b7584000 rw-p 00000000 00:00 0 
b7584000-b7587000 r-xp 00000000 08:05 3802028    /lib/i386-linux-gnu/libdl-2.15.so
b7587000-b7588000 r--p 00002000 08:05 3802028    /lib/i386-linux-gnu/libdl-2.15.so
b7588000-b7589000 rw-p 00003000 08:05 3802028    /lib/i386-linux-gnu/libdl-2.15.so
b7589000-b7728000 r-xp 00000000 08:05 3802015    /lib/i386-linux-gnu/libc-2.15.so
b7728000-b772a000 r--p 0019f000 08:05 3802015    /lib/i386-linux-gnu/libc-2.15.so
b772a000-b772b000 rw-p 001a1000 08:05 3802015    /lib/i386-linux-gnu/libc-2.15.so
b772b000-b772e000 rw-p 00000000 00:00 0 
b772e000-b772f000 r--s 00002000 08:05 4989080    /usr/lib/jvm/java-7-openjdk-i386/jre/lib/ext/dnsns.jar
b772f000-b7730000 r--p 005db000 08:05 4988066    /usr/lib/locale/locale-archive
b7730000-b7731000 rw-p 00000000 00:00 0 
b7731000-b7732000 ---p 00000000 00:00 0 
b7732000-b773e000 r-xp 00000000 08:05 4989131    /usr/lib/jvm/java-7-openjdk-i386/jre/lib/i386/libverify.so
b773e000-b773f000 r--p 0000b000 08:05 4989131    /usr/lib/jvm/java-7-openjdk-i386/jre/lib/i386/libverify.so
b773f000-b7740000 rw-p 0000c000 08:05 4989131    /usr/lib/jvm/java-7-openjdk-i386/jre/lib/i386/libverify.so
b7740000-b774d000 r-xp 00000000 08:05 4989106    /usr/lib/jvm/java-7-openjdk-i386/jre/lib/i386/jli/libjli.so
b774d000-b774e000 r--p 0000c000 08:05 4989106    /usr/lib/jvm/java-7-openjdk-i386/jre/lib/i386/jli/libjli.so
b774e000-b774f000 rw-p 0000d000 08:05 4989106    /usr/lib/jvm/java-7-openjdk-i386/jre/lib/i386/jli/libjli.so
b774f000-b7752000 rw-p 00000000 00:00 0 
b7752000-b7753000 r-xp 00000000 00:00 0          [vdso]
b7753000-b7773000 r-xp 00000000 08:05 3801995    /lib/i386-linux-gnu/ld-2.15.so
b7773000-b7774000 r--p 0001f000 08:05 3801995    /lib/i386-linux-gnu/ld-2.15.so
b7774000-b7775000 rw-p 00020000 08:05 3801995    /lib/i386-linux-gnu/ld-2.15.so
bf832000-bf833000 rwxp 00000000 00:00 0 
bf865000-bf886000 rw-p 00000000 00:00 0          [stack]

VM Arguments:
jvm_args: -Xmx1024M -Dfile.encoding=UTF-8 -Duser.country=IN -Duser.language=en -Duser.variant 
java_command: com.android.dx.command.Main --dex --output /home/ankit/Traafik latest/TraafikAppLatest/app/build/intermediates/pre-dexed/debug/classes-60a7eb5bedd3ac059a03773ecb9be5aae7d1c35b.jar /home/ankit/Traafik latest/TraafikAppLatest/app/build/intermediates/exploded-aar/com.google.android.gms/play-services-analytics/7.5.0/jars/classes.jar
Launcher Type: SUN_STANDARD

Environment Variables:
PATH=/usr/lib/lightdm/lightdm:/usr/local/sbin:/usr/local/bin:/usr/sbin:/usr/bin:/sbin:/bin:/usr/games
LD_LIBRARY_PATH=/home/ankit/Android studio/android-studio/bin:
SHELL=/bin/bash
DISPLAY=:0.0

Signal Handlers:
SIGSEGV: [libjvm.so+0x80b550], sa_mask[0]=0x7ffbfeff, sa_flags=0x10000004
SIGBUS: [libjvm.so+0x80b550], sa_mask[0]=0x7ffbfeff, sa_flags=0x10000004
SIGFPE: [libjvm.so+0x6753e0], sa_mask[0]=0x7ffbfeff, sa_flags=0x10000004
SIGPIPE: [libjvm.so+0x6753e0], sa_mask[0]=0x7ffbfeff, sa_flags=0x10000004
SIGXFSZ: [libjvm.so+0x6753e0], sa_mask[0]=0x7ffbfeff, sa_flags=0x10000004
SIGILL: [libjvm.so+0x6753e0], sa_mask[0]=0x7ffbfeff, sa_flags=0x10000004
SIGUSR1: SIG_DFL, sa_mask[0]=0x00000000, sa_flags=0x00000000
SIGUSR2: [libjvm.so+0x675690], sa_mask[0]=0x00000004, sa_flags=0x10000004
SIGHUP: [libjvm.so+0x675850], sa_mask[0]=0x7ffbfeff, sa_flags=0x10000004
SIGINT: [libjvm.so+0x675850], sa_mask[0]=0x7ffbfeff, sa_flags=0x10000004
SIGTERM: [libjvm.so+0x675850], sa_mask[0]=0x7ffbfeff, sa_flags=0x10000004
SIGQUIT: [libjvm.so+0x675850], sa_mask[0]=0x7ffbfeff, sa_flags=0x10000004
SIGTRAP: SIG_DFL, sa_mask[0]=0x00000000, sa_flags=0x00000000


---------------  S Y S T E M  ---------------

OS:Ubuntu 12.04 (precise)
uname:Linux 3.2.0-29-generic-pae #46-Ubuntu SMP Fri Jul 27 17:25:43 UTC 2012 i686
libc:glibc 2.15 NPTL 2.15 
rlimit: STACK 8192k, CORE 0k, NPROC 31169, NOFILE 4096, AS infinity
load average:3.37 1.39 0.87

/proc/meminfo:
MemTotal:        4004304 kB
MemFree:          159944 kB
Buffers:           12856 kB
Cached:           535888 kB
SwapCached:            0 kB
Active:          3405348 kB
Inactive:         356192 kB
Active(anon):    3347336 kB
Inactive(anon):   309408 kB
Active(file):      58012 kB
Inactive(file):    46784 kB
Unevictable:          32 kB
Mlocked:              32 kB
HighTotal:       3159312 kB
HighFree:           2092 kB
LowTotal:         844992 kB
LowFree:          157852 kB
SwapTotal:             0 kB
SwapFree:              0 kB
Dirty:              1024 kB
Writeback:             0 kB
AnonPages:       3212996 kB
Mapped:            80356 kB
Shmem:            443880 kB
Slab:              43496 kB
SReclaimable:      23604 kB
SUnreclaim:        19892 kB
KernelStack:        4752 kB
PageTables:        18244 kB
NFS_Unstable:          0 kB
Bounce:                0 kB
WritebackTmp:          0 kB
CommitLimit:     2002152 kB
Committed_AS:    7219396 kB
VmallocTotal:     122880 kB
VmallocUsed:       15396 kB
VmallocChunk:     105556 kB
HardwareCorrupted:     0 kB
AnonHugePages:         0 kB
HugePages_Total:       0
HugePages_Free:        0
HugePages_Rsvd:        0
HugePages_Surp:        0
Hugepagesize:       2048 kB
DirectMap4k:       10232 kB
DirectMap2M:      903168 kB


CPU:total 2 (2 cores per cpu, 1 threads per core) family 6 model 58 stepping 9, cmov, cx8, fxsr, mmx, sse, sse2, sse3, ssse3, sse4.1, sse4.2, popcnt, erms, tsc, tscinvbit, tscinv

/proc/cpuinfo:
processor	: 0
vendor_id	: GenuineIntel
cpu family	: 6
model		: 58
model name	: Intel(R) Pentium(R) CPU G2030 @ 3.00GHz
stepping	: 9
microcode	: 0x17
cpu MHz		: 3000.000
cache size	: 3072 KB
physical id	: 0
siblings	: 2
core id		: 0
cpu cores	: 2
apicid		: 0
initial apicid	: 0
fdiv_bug	: no
hlt_bug		: no
f00f_bug	: no
coma_bug	: no
fpu		: yes
fpu_exception	: yes
cpuid level	: 13
wp		: yes
flags		: fpu vme de pse tsc msr pae mce cx8 apic sep mtrr pge mca cmov pat pse36 clflush dts acpi mmx fxsr sse sse2 ss ht tm pbe nx rdtscp lm constant_tsc arch_perfmon pebs bts xtopology nonstop_tsc aperfmperf pni pclmulqdq dtes64 monitor ds_cpl vmx est tm2 ssse3 cx16 xtpr pdcm pcid sse4_1 sse4_2 popcnt tsc_deadline_timer xsave lahf_lm arat epb xsaveopt pln pts dtherm tpr_shadow vnmi flexpriority ept vpid fsgsbase smep erms
bogomips	: 5986.60
clflush size	: 64
cache_alignment	: 64
address sizes	: 36 bits physical, 48 bits virtual
power management:

processor	: 1
vendor_id	: GenuineIntel
cpu family	: 6
model		: 58
model name	: Intel(R) Pentium(R) CPU G2030 @ 3.00GHz
stepping	: 9
microcode	: 0x17
cpu MHz		: 3000.000
cache size	: 3072 KB
physical id	: 0
siblings	: 2
core id		: 1
cpu cores	: 2
apicid		: 2
initial apicid	: 2
fdiv_bug	: no
hlt_bug		: no
f00f_bug	: no
coma_bug	: no
fpu		: yes
fpu_exception	: yes
cpuid level	: 13
wp		: yes
flags		: fpu vme de pse tsc msr pae mce cx8 apic sep mtrr pge mca cmov pat pse36 clflush dts acpi mmx fxsr sse sse2 ss ht tm pbe nx rdtscp lm constant_tsc arch_perfmon pebs bts xtopology nonstop_tsc aperfmperf pni pclmulqdq dtes64 monitor ds_cpl vmx est tm2 ssse3 cx16 xtpr pdcm pcid sse4_1 sse4_2 popcnt tsc_deadline_timer xsave lahf_lm arat epb xsaveopt pln pts dtherm tpr_shadow vnmi flexpriority ept vpid fsgsbase smep erms
bogomips	: 5986.36
clflush size	: 64
cache_alignment	: 64
address sizes	: 36 bits physical, 48 bits virtual
power management:



Memory: 4k page, physical 4004304k(159944k free), swap 0k(0k free)

vm_info: OpenJDK Server VM (24.75-b04) for linux-x86 JRE (1.7.0_75-b13), built on Jan 27 2015 16:24:35 by "buildd" with gcc 4.6.3

time: Thu Jul 16 16:00:34 2015
elapsed time: 9 seconds

