#
# There is insufficient memory for the Java Runtime Environment to continue.
# Native memory allocation (malloc) failed to allocate 70254592 bytes for committing reserved memory.
# Possible reasons:
#   The system is out of physical RAM or swap space
#   In 32 bit mode, the process size limit was hit
# Possible solutions:
#   Reduce memory load on the system
#   Increase physical memory or swap space
#   Check if swap backing store is full
#   Use 64 bit Java on a 64 bit OS
#   Decrease Java heap size (-Xmx/-Xms)
#   Decrease number of Java threads
#   Decrease Java thread stack sizes (-Xss)
#   Set larger code cache with -XX:ReservedCodeCacheSize=
# This output file may be truncated or incomplete.
#
#  Out of Memory Error (os_linux.cpp:2798), pid=15173, tid=1746426688
#
# JRE version: OpenJDK Runtime Environment (7.0_75-b13) (build 1.7.0_75-b13)
# Java VM: OpenJDK Server VM (24.75-b04 mixed mode linux-x86 )
# Derivative: IcedTea 2.5.4
# Distribution: Ubuntu 12.04 LTS, package 7u75-2.5.4-1~precise1
# Failed to write core dump. Core dumps have been disabled. To enable core dumping, try "ulimit -c unlimited" before starting Java again
#

---------------  T H R E A D  ---------------

Current thread (0x68010400):  VMThread [stack: 0x68105000,0x68186000] [id=15182]

Stack: [0x68105000,0x68186000]
[error occurred during error reporting (printing stack bounds), id 0xb]

VM_Operation (0xb6650c28): ParallelGCFailedAllocation, mode: safepoint, requested by thread 0xb6509c00


---------------  P R O C E S S  ---------------

Java Threads: ( => current thread )
  0x6802b400 JavaThread "Service Thread" daemon [_thread_blocked, id=15188, stack(0x67bba000,0x67c0b000)]
  0x68029800 JavaThread "C2 CompilerThread1" daemon [_thread_blocked, id=15187, stack(0x67c0b000,0x67c8c000)]
  0x68027800 JavaThread "C2 CompilerThread0" daemon [_thread_blocked, id=15186, stack(0x67c8c000,0x67d0d000)]
  0x68025c00 JavaThread "Signal Dispatcher" daemon [_thread_blocked, id=15185, stack(0x67d0d000,0x67d5e000)]
  0x68014400 JavaThread "Finalizer" daemon [_thread_blocked, id=15184, stack(0x67f5e000,0x67faf000)]
  0x68012800 JavaThread "Reference Handler" daemon [_thread_blocked, id=15183, stack(0x67faf000,0x68000000)]
  0xb6509c00 JavaThread "main" [_thread_blocked, id=15178, stack(0xb6601000,0xb6652000)]

Other Threads:
=>0x68010400 VMThread [stack: 0x68105000,0x68186000] [id=15182]
  0x6802d000 WatcherThread [stack: 0x67b39000,0x67bba000] [id=15189]

VM state:at safepoint (normal execution)

VM Mutex/Monitor currently owned by a thread:  ([mutex/lock_event])
[0xb65071f8] Threads_lock - owner thread: 0x68010400
[0xb6507608] Heap_lock - owner thread: 0xb6509c00

Heap
 PSYoungGen      total 265984K, used 12557K [0x9de40000, 0xaf0c0000, 0xb33c0000)
  eden space 252416K, 0% used [0x9de40000,0x9de40000,0xad4c0000)
  from space 13568K, 92% used [0xad4c0000,0xae103570,0xae200000)
  to   space 12032K, 0% used [0xae200000,0xae200000,0xaedc0000)
 ParOldGen       total 41728K, used 26320K [0x733c0000, 0x75c80000, 0x9de40000)
  object space 41728K, 63% used [0x733c0000,0x74d74090,0x75c80000)
 PSPermGen       total 16384K, used 5224K [0x6b3c0000, 0x6c3c0000, 0x733c0000)
  object space 16384K, 31% used [0x6b3c0000,0x6b8da328,0x6c3c0000)

Card table byte_map: [0x6b17f000,0x6b3c0000] byte_map_base: 0x6ae25200

Polling page: 0xb77a8000

Code Cache  [0xb3480000, 0xb3718000, 0xb6480000)
 total_blobs=1146 nmethods=1014 adapters=86 free_code_cache=46529Kb largest_free_block=47616896

Compilation events (10 events):
Event: 5.800 Thread 0x68027800 1037             com.android.dx.io.instructions.InstructionCodec$23::decode (87 bytes)
Event: 5.804 Thread 0x68027800 nmethod 1037 0xb3711008 code [0xb3711140, 0xb37114dc]
Event: 5.806 Thread 0x68027800 1038             java.lang.Integer::highestOneBit (38 bytes)
Event: 5.807 Thread 0x68027800 nmethod 1038 0xb370da88 code [0xb370db60, 0xb370dbb0]
Event: 5.824 Thread 0x68027800 1039             com.android.dx.io.instructions.InstructionCodec$15::decode (54 bytes)
Event: 5.826 Thread 0x68029800 1040             com.android.dx.io.instructions.InstructionCodec$15::encode (29 bytes)
Event: 5.826 Thread 0x68027800 nmethod 1039 0xb3710bc8 code [0xb3710ce0, 0xb3710eb0]
Event: 5.827 Thread 0x68029800 nmethod 1040 0xb3710608 code [0xb3710720, 0xb3710910]
Event: 5.827 Thread 0x68027800 1041             com.android.dx.io.instructions.DecodedInstruction::getLiteralByte (58 bytes)
Event: 5.828 Thread 0x68027800 nmethod 1041 0xb370d8c8 code [0xb370d9c0, 0xb370da30]

GC Heap History (10 events):
Event: 3.137 GC heap after
Heap after GC invocations=4 (full 0):
 PSYoungGen      total 66048K, used 2556K [0x9de40000, 0xa2140000, 0xb33c0000)
  eden space 63488K, 0% used [0x9de40000,0x9de40000,0xa1c40000)
  from space 2560K, 99% used [0xa1ec0000,0xa213f028,0xa2140000)
  to   space 2560K, 0% used [0xa1c40000,0xa1c40000,0xa1ec0000)
 ParOldGen       total 41728K, used 17174K [0x733c0000, 0x75c80000, 0x9de40000)
  object space 41728K, 41% used [0x733c0000,0x74485af8,0x75c80000)
 PSPermGen       total 16384K, used 4114K [0x6b3c0000, 0x6c3c0000, 0x733c0000)
  object space 16384K, 25% used [0x6b3c0000,0x6b7c4a08,0x6c3c0000)
}
Event: 4.303 GC heap before
{Heap before GC invocations=5 (full 0):
 PSYoungGen      total 66048K, used 65963K [0x9de40000, 0xa2140000, 0xb33c0000)
  eden space 63488K, 99% used [0x9de40000,0xa1c2be90,0xa1c40000)
  from space 2560K, 99% used [0xa1ec0000,0xa213f028,0xa2140000)
  to   space 2560K, 0% used [0xa1c40000,0xa1c40000,0xa1ec0000)
 ParOldGen       total 41728K, used 17174K [0x733c0000, 0x75c80000, 0x9de40000)
  object space 41728K, 41% used [0x733c0000,0x74485af8,0x75c80000)
 PSPermGen       total 16384K, used 5137K [0x6b3c0000, 0x6c3c0000, 0x733c0000)
  object space 16384K, 31% used [0x6b3c0000,0x6b8c44c8,0x6c3c0000)
Event: 4.311 GC heap after
Heap after GC invocations=5 (full 0):
 PSYoungGen      total 66048K, used 2547K [0x9de40000, 0xa7140000, 0xb33c0000)
  eden space 63488K, 0% used [0x9de40000,0x9de40000,0xa1c40000)
  from space 2560K, 99% used [0xa1c40000,0xa1ebcdf8,0xa1ec0000)
  to   space 11776K, 0% used [0xa65c0000,0xa65c0000,0xa7140000)
 ParOldGen       total 41728K, used 19453K [0x733c0000, 0x75c80000, 0x9de40000)
  object space 41728K, 46% used [0x733c0000,0x746bf4a0,0x75c80000)
 PSPermGen       total 16384K, used 5137K [0x6b3c0000, 0x6c3c0000, 0x733c0000)
  object space 16384K, 31% used [0x6b3c0000,0x6b8c44c8,0x6c3c0000)
}
Event: 4.668 GC heap before
{Heap before GC invocations=6 (full 0):
 PSYoungGen      total 66048K, used 66035K [0x9de40000, 0xa7140000, 0xb33c0000)
  eden space 63488K, 100% used [0x9de40000,0xa1c40000,0xa1c40000)
  from space 2560K, 99% used [0xa1c40000,0xa1ebcdf8,0xa1ec0000)
  to   space 11776K, 0% used [0xa65c0000,0xa65c0000,0xa7140000)
 ParOldGen       total 41728K, used 19453K [0x733c0000, 0x75c80000, 0x9de40000)
  object space 41728K, 46% used [0x733c0000,0x746bf4a0,0x75c80000)
 PSPermGen       total 16384K, used 5206K [0x6b3c0000, 0x6c3c0000, 0x733c0000)
  object space 16384K, 31% used [0x6b3c0000,0x6b8d5bc8,0x6c3c0000)
Event: 4.683 GC heap after
Heap after GC invocations=6 (full 0):
 PSYoungGen      total 137216K, used 6063K [0x9de40000, 0xa6fc0000, 0xb33c0000)
  eden space 126976K, 0% used [0x9de40000,0x9de40000,0xa5a40000)
  from space 10240K, 59% used [0xa65c0000,0xa6babc40,0xa6fc0000)
  to   space 11008K, 0% used [0xa5a40000,0xa5a40000,0xa6500000)
 ParOldGen       total 41728K, used 19453K [0x733c0000, 0x75c80000, 0x9de40000)
  object space 41728K, 46% used [0x733c0000,0x746bf4a0,0x75c80000)
 PSPermGen       total 16384K, used 5206K [0x6b3c0000, 0x6c3c0000, 0x733c0000)
  object space 16384K, 31% used [0x6b3c0000,0x6b8d5bc8,0x6c3c0000)
}
Event: 5.060 GC heap before
{Heap before GC invocations=7 (full 0):
 PSYoungGen      total 137216K, used 133039K [0x9de40000, 0xa6fc0000, 0xb33c0000)
  eden space 126976K, 100% used [0x9de40000,0xa5a40000,0xa5a40000)
  from space 10240K, 59% used [0xa65c0000,0xa6babc40,0xa6fc0000)
  to   space 11008K, 0% used [0xa5a40000,0xa5a40000,0xa6500000)
 ParOldGen       total 41728K, used 19453K [0x733c0000, 0x75c80000, 0x9de40000)
  object space 41728K, 46% used [0x733c0000,0x746bf4a0,0x75c80000)
 PSPermGen       total 16384K, used 5218K [0x6b3c0000, 0x6c3c0000, 0x733c0000)
  object space 16384K, 31% used [0x6b3c0000,0x6b8d8920,0x6c3c0000)
Event: 5.070 GC heap after
Heap after GC invocations=7 (full 0):
 PSYoungGen      total 137984K, used 9791K [0x9de40000, 0xaedc0000, 0xb33c0000)
  eden space 126976K, 0% used [0x9de40000,0x9de40000,0xa5a40000)
  from space 11008K, 88% used [0xa5a40000,0xa63cffc8,0xa6500000)
  to   space 12032K, 0% used [0xae200000,0xae200000,0xaedc0000)
 ParOldGen       total 41728K, used 20065K [0x733c0000, 0x75c80000, 0x9de40000)
  object space 41728K, 48% used [0x733c0000,0x747584c0,0x75c80000)
 PSPermGen       total 16384K, used 5218K [0x6b3c0000, 0x6c3c0000, 0x733c0000)
  object space 16384K, 31% used [0x6b3c0000,0x6b8d8920,0x6c3c0000)
}
Event: 5.319 GC heap before
{Heap before GC invocations=8 (full 0):
 PSYoungGen      total 137984K, used 136767K [0x9de40000, 0xaedc0000, 0xb33c0000)
  eden space 126976K, 100% used [0x9de40000,0xa5a40000,0xa5a40000)
  from space 11008K, 88% used [0xa5a40000,0xa63cffc8,0xa6500000)
  to   space 12032K, 0% used [0xae200000,0xae200000,0xaedc0000)
 ParOldGen       total 41728K, used 20065K [0x733c0000, 0x75c80000, 0x9de40000)
  object space 41728K, 48% used [0x733c0000,0x747584c0,0x75c80000)
 PSPermGen       total 16384K, used 5220K [0x6b3c0000, 0x6c3c0000, 0x733c0000)
  object space 16384K, 31% used [0x6b3c0000,0x6b8d9370,0x6c3c0000)
Event: 5.339 GC heap after
Heap after GC invocations=8 (full 0):
 PSYoungGen      total 264448K, used 11399K [0x9de40000, 0xaf0c0000, 0xb33c0000)
  eden space 252416K, 0% used [0x9de40000,0x9de40000,0xad4c0000)
  from space 12032K, 94% used [0xae200000,0xaed21e58,0xaedc0000)
  to   space 13568K, 0% used [0xad4c0000,0xad4c0000,0xae200000)
 ParOldGen       total 41728K, used 25301K [0x733c0000, 0x75c80000, 0x9de40000)
  object space 41728K, 60% used [0x733c0000,0x74c75468,0x75c80000)
 PSPermGen       total 16384K, used 5220K [0x6b3c0000, 0x6c3c0000, 0x733c0000)
  object space 16384K, 31% used [0x6b3c0000,0x6b8d9370,0x6c3c0000)
}
Event: 5.836 GC heap before
{Heap before GC invocations=9 (full 0):
 PSYoungGen      total 264448K, used 263815K [0x9de40000, 0xaf0c0000, 0xb33c0000)
  eden space 252416K, 100% used [0x9de40000,0xad4c0000,0xad4c0000)
  from space 12032K, 94% used [0xae200000,0xaed21e58,0xaedc0000)
  to   space 13568K, 0% used [0xad4c0000,0xad4c0000,0xae200000)
 ParOldGen       total 41728K, used 25301K [0x733c0000, 0x75c80000, 0x9de40000)
  object space 41728K, 60% used [0x733c0000,0x74c75468,0x75c80000)
 PSPermGen       total 16384K, used 5224K [0x6b3c0000, 0x6c3c0000, 0x733c0000)
  object space 16384K, 31% used [0x6b3c0000,0x6b8da328,0x6c3c0000)

Deoptimization events (10 events):
Event: 4.380 Thread 0xb6509c00 Uncommon trap: reason=array_check action=maybe_recompile pc=0xb3547bd0 method=java.util.ComparableTimSort.binarySort([Ljava/lang/Object;III)V @ 193
Event: 4.553 Thread 0xb6509c00 Uncommon trap: reason=array_check action=maybe_recompile pc=0xb36c6e20 method=java.util.TimSort.binarySort([Ljava/lang/Object;IIILjava/util/Comparator;)V @ 193
Event: 4.553 Thread 0xb6509c00 Uncommon trap: reason=array_check action=maybe_recompile pc=0xb36c6e20 method=java.util.TimSort.binarySort([Ljava/lang/Object;IIILjava/util/Comparator;)V @ 193
Event: 4.553 Thread 0xb6509c00 Uncommon trap: reason=array_check action=maybe_recompile pc=0xb36c6e20 method=java.util.TimSort.binarySort([Ljava/lang/Object;IIILjava/util/Comparator;)V @ 193
Event: 4.553 Thread 0xb6509c00 Uncommon trap: reason=array_check action=maybe_recompile pc=0xb36c6e20 method=java.util.TimSort.binarySort([Ljava/lang/Object;IIILjava/util/Comparator;)V @ 193
Event: 4.620 Thread 0xb6509c00 Uncommon trap: reason=array_check action=maybe_recompile pc=0xb36ce034 method=java.util.ComparableTimSort.binarySort([Ljava/lang/Object;III)V @ 183
Event: 4.696 Thread 0xb6509c00 Uncommon trap: reason=array_check action=maybe_recompile pc=0xb36ce034 method=java.util.ComparableTimSort.binarySort([Ljava/lang/Object;III)V @ 183
Event: 4.708 Thread 0xb6509c00 Uncommon trap: reason=array_check action=maybe_recompile pc=0xb36d64e0 method=java.util.TimSort.binarySort([Ljava/lang/Object;IIILjava/util/Comparator;)V @ 183
Event: 4.708 Thread 0xb6509c00 Uncommon trap: reason=array_check action=maybe_recompile pc=0xb36d6460 method=java.util.TimSort.binarySort([Ljava/lang/Object;IIILjava/util/Comparator;)V @ 215
Event: 4.709 Thread 0xb6509c00 Uncommon trap: reason=array_check action=maybe_recompile pc=0xb36d6460 method=java.util.TimSort.binarySort([Ljava/lang/Object;IIILjava/util/Comparator;)V @ 215

Internal exceptions (10 events):
Event: 3.606 Thread 0xb6509c00 Threw 0x9e3cd8f0 at /build/buildd/openjdk-7-7u75-2.5.4/build/openjdk/hotspot/src/share/vm/prims/jvm.cpp:1284
Event: 3.608 Thread 0xb6509c00 Threw 0x9e414890 at /build/buildd/openjdk-7-7u75-2.5.4/build/openjdk/hotspot/src/share/vm/prims/jvm.cpp:1284
Event: 3.608 Thread 0xb6509c00 Threw 0x9e417368 at /build/buildd/openjdk-7-7u75-2.5.4/build/openjdk/hotspot/src/share/vm/prims/jvm.cpp:1284
Event: 3.681 Thread 0xb6509c00 Threw 0x9e574268 at /build/buildd/openjdk-7-7u75-2.5.4/build/openjdk/hotspot/src/share/vm/prims/jvm.cpp:1284
Event: 3.681 Thread 0xb6509c00 Threw 0x9e574380 at /build/buildd/openjdk-7-7u75-2.5.4/build/openjdk/hotspot/src/share/vm/prims/jvm.cpp:1284
Event: 3.681 Thread 0xb6509c00 Threw 0x9e5767d0 at /build/buildd/openjdk-7-7u75-2.5.4/build/openjdk/hotspot/src/share/vm/prims/jvm.cpp:1284
Event: 3.682 Thread 0xb6509c00 Threw 0x9e5768e8 at /build/buildd/openjdk-7-7u75-2.5.4/build/openjdk/hotspot/src/share/vm/prims/jvm.cpp:1284
Event: 3.682 Thread 0xb6509c00 Threw 0x9e577258 at /build/buildd/openjdk-7-7u75-2.5.4/build/openjdk/hotspot/src/share/vm/prims/jvm.cpp:1284
Event: 3.682 Thread 0xb6509c00 Threw 0x9e577370 at /build/buildd/openjdk-7-7u75-2.5.4/build/openjdk/hotspot/src/share/vm/prims/jvm.cpp:1284
Event: 3.931 Thread 0xb6509c00 Threw 0x9f60beb8 at /build/buildd/openjdk-7-7u75-2.5.4/build/openjdk/hotspot/src/share/vm/prims/jvm.cpp:1284

Events (10 events):
Event: 5.097 Thread 0x68027800 flushing nmethod 0xb350d6c8
Event: 5.097 Thread 0x68027800 flushing nmethod 0xb350fe08
Event: 5.152 Thread 0x68029800 flushing nmethod 0xb362e688
Event: 5.154 Thread 0x68029800 flushing nmethod 0xb3650908
Event: 5.154 Thread 0x68029800 flushing nmethod 0xb3662108
Event: 5.154 Thread 0x68029800 flushing nmethod 0xb36652c8
Event: 5.319 Executing VM operation: ParallelGCFailedAllocation
Event: 5.339 Executing VM operation: ParallelGCFailedAllocation done
Event: 5.659 Thread 0x68027800 flushing nmethod 0xb3560048
Event: 5.836 Executing VM operation: ParallelGCFailedAllocation


Dynamic libraries:
08048000-08049000 r-xp 00000000 08:05 4983886    /usr/lib/jvm/java-7-openjdk-i386/jre/bin/java
08049000-0804a000 r--p 00000000 08:05 4983886    /usr/lib/jvm/java-7-openjdk-i386/jre/bin/java
0804a000-0804b000 rw-p 00001000 08:05 4983886    /usr/lib/jvm/java-7-openjdk-i386/jre/bin/java
09fe7000-0a72b000 rw-p 00000000 00:00 0          [heap]
66ba9000-66cfc000 r-xp 00000000 08:05 4985508    /usr/lib/i386-linux-gnu/libgio-2.0.so.0.3200.3
66cfc000-66cfe000 r--p 00153000 08:05 4985508    /usr/lib/i386-linux-gnu/libgio-2.0.so.0.3200.3
66cfe000-66cff000 rw-p 00155000 08:05 4985508    /usr/lib/i386-linux-gnu/libgio-2.0.so.0.3200.3
66cff000-66d00000 rw-p 00000000 00:00 0 
66d00000-66d76000 rw-p 00000000 00:00 0 
66d76000-66e00000 ---p 00000000 00:00 0 
66f00000-66fec000 rw-p 00000000 00:00 0 
66fec000-67000000 ---p 00000000 00:00 0 
67007000-670fe000 r-xp 00000000 08:05 3802040    /lib/i386-linux-gnu/libglib-2.0.so.0.3200.3
670fe000-670ff000 r--p 000f6000 08:05 3802040    /lib/i386-linux-gnu/libglib-2.0.so.0.3200.3
670ff000-67100000 rw-p 000f7000 08:05 3802040    /lib/i386-linux-gnu/libglib-2.0.so.0.3200.3
67100000-672f9000 rw-p 00000000 00:00 0 
672f9000-67300000 ---p 00000000 00:00 0 
67300000-673f9000 rw-p 00000000 00:00 0 
673f9000-67400000 ---p 00000000 00:00 0 
67400000-674fa000 rw-p 00000000 00:00 0 
674fa000-67500000 ---p 00000000 00:00 0 
67500000-675ff000 rw-p 00000000 00:00 0 
675ff000-67600000 ---p 00000000 00:00 0 
67600000-676f0000 rw-p 00000000 00:00 0 
676f0000-67700000 ---p 00000000 00:00 0 
67775000-677af000 r-xp 00000000 08:05 3802088    /lib/i386-linux-gnu/libpcre.so.3.12.1
677af000-677b0000 r--p 00039000 08:05 3802088    /lib/i386-linux-gnu/libpcre.so.3.12.1
677b0000-677b1000 rw-p 0003a000 08:05 3802088    /lib/i386-linux-gnu/libpcre.so.3.12.1
677b1000-677fe000 r-xp 00000000 08:05 4985532    /usr/lib/i386-linux-gnu/libgobject-2.0.so.0.3200.3
677fe000-677ff000 r--p 0004c000 08:05 4985532    /usr/lib/i386-linux-gnu/libgobject-2.0.so.0.3200.3
677ff000-67800000 rw-p 0004d000 08:05 4985532    /usr/lib/i386-linux-gnu/libgobject-2.0.so.0.3200.3
67800000-678f9000 rw-p 00000000 00:00 0 
678f9000-67900000 ---p 00000000 00:00 0 
67900000-679ff000 rw-p 00000000 00:00 0 
679ff000-67a00000 ---p 00000000 00:00 0 
67a00000-67a97000 rw-p 00000000 00:00 0 
67a97000-67b00000 ---p 00000000 00:00 0 
67b02000-67b15000 r-xp 00000000 08:05 3802099    /lib/i386-linux-gnu/libresolv-2.15.so
67b15000-67b16000 ---p 00013000 08:05 3802099    /lib/i386-linux-gnu/libresolv-2.15.so
67b16000-67b17000 r--p 00013000 08:05 3802099    /lib/i386-linux-gnu/libresolv-2.15.so
67b17000-67b18000 rw-p 00014000 08:05 3802099    /lib/i386-linux-gnu/libresolv-2.15.so
67b18000-67b1a000 rw-p 00000000 00:00 0 
67b1a000-67b37000 r-xp 00000000 08:05 3802103    /lib/i386-linux-gnu/libselinux.so.1
67b37000-67b38000 r--p 0001c000 08:05 3802103    /lib/i386-linux-gnu/libselinux.so.1
67b38000-67b39000 rw-p 0001d000 08:05 3802103    /lib/i386-linux-gnu/libselinux.so.1
67b39000-67b3a000 ---p 00000000 00:00 0 
67b3a000-67bba000 rw-p 00000000 00:00 0 
67bba000-67bbd000 ---p 00000000 00:00 0 
67bbd000-67c0b000 rw-p 00000000 00:00 0 
67c0b000-67c0e000 ---p 00000000 00:00 0 
67c0e000-67c8c000 rw-p 00000000 00:00 0 
67c8c000-67c8f000 ---p 00000000 00:00 0 
67c8f000-67d0d000 rw-p 00000000 00:00 0 
67d0d000-67d10000 ---p 00000000 00:00 0 
67d10000-67d5e000 rw-p 00000000 00:00 0 
67d5e000-67f5e000 r--p 00000000 08:05 4988066    /usr/lib/locale/locale-archive
67f5e000-67f61000 ---p 00000000 00:00 0 
67f61000-67faf000 rw-p 00000000 00:00 0 
67faf000-67fb2000 ---p 00000000 00:00 0 
67fb2000-68000000 rw-p 00000000 00:00 0 
68000000-68100000 rw-p 00000000 00:00 0 
68105000-68106000 ---p 00000000 00:00 0 
68106000-681cf000 rw-p 00000000 00:00 0 
681cf000-68380000 r--s 01d23000 08:05 4989042    /usr/lib/jvm/java-7-openjdk-i386/jre/lib/rt.jar
68380000-6ac00000 rw-p 00000000 00:00 0 
6ac00000-6acf3000 rw-p 00000000 00:00 0 
6acf3000-6ad00000 ---p 00000000 00:00 0 
6ad06000-6ad0b000 r-xp 00000000 08:05 4985471    /usr/lib/i386-linux-gnu/libffi.so.6.0.0
6ad0b000-6ad0c000 r--p 00004000 08:05 4985471    /usr/lib/i386-linux-gnu/libffi.so.6.0.0
6ad0c000-6ad0d000 rw-p 00005000 08:05 4985471    /usr/lib/i386-linux-gnu/libffi.so.6.0.0
6ad0d000-6ad10000 r-xp 00000000 08:05 4985518    /usr/lib/i386-linux-gnu/libgmodule-2.0.so.0.3200.3
6ad10000-6ad11000 r--p 00002000 08:05 4985518    /usr/lib/i386-linux-gnu/libgmodule-2.0.so.0.3200.3
6ad11000-6ad12000 rw-p 00003000 08:05 4985518    /usr/lib/i386-linux-gnu/libgmodule-2.0.so.0.3200.3
6ad20000-6ad24000 r--s 0004d000 08:05 4989094    /usr/lib/jvm/java-7-openjdk-i386/jre/lib/jsse.jar
6ad24000-6ad7f000 rw-p 00000000 00:00 0 
6ad7f000-6ad80000 ---p 00000000 00:00 0 
6ad80000-6ae00000 rw-p 00000000 00:00 0 
6ae00000-6ae21000 rw-p 00000000 00:00 0 
6ae21000-6af00000 ---p 00000000 00:00 0 
6af01000-6af18000 r-xp 00000000 08:05 4989135    /usr/lib/jvm/java-7-openjdk-i386/jre/lib/i386/libnet.so
6af18000-6af19000 r--p 00016000 08:05 4989135    /usr/lib/jvm/java-7-openjdk-i386/jre/lib/i386/libnet.so
6af19000-6af1a000 rw-p 00017000 08:05 4989135    /usr/lib/jvm/java-7-openjdk-i386/jre/lib/i386/libnet.so
6af1a000-6af2b000 r-xp 00000000 08:05 4989121    /usr/lib/jvm/java-7-openjdk-i386/jre/lib/i386/libnio.so
6af2b000-6af2c000 r--p 00010000 08:05 4989121    /usr/lib/jvm/java-7-openjdk-i386/jre/lib/i386/libnio.so
6af2c000-6af2d000 rw-p 00011000 08:05 4989121    /usr/lib/jvm/java-7-openjdk-i386/jre/lib/i386/libnio.so
6af2d000-6af3c000 r--s 000dd000 08:06 21369266   /home/ankit/Ankitt Data/ECLIPSE/sdk/build-tools/22.0.1/lib/dx.jar
6af3c000-6af3d000 r--s 00007000 08:05 5246941    /usr/share/java/java-atk-wrapper.jar
6af3d000-6af40000 r--s 0000f000 08:05 4989079    /usr/lib/jvm/java-7-openjdk-i386/jre/lib/ext/icedtea-sound.jar
6af40000-6af42000 r--s 00012000 08:05 4989084    /usr/lib/jvm/java-7-openjdk-i386/jre/lib/ext/zipfs.jar
6af42000-6af46000 r--s 00034000 08:05 4989083    /usr/lib/jvm/java-7-openjdk-i386/jre/lib/ext/sunjce_provider.jar
6af46000-6af4a000 r--s 0003c000 08:05 4989081    /usr/lib/jvm/java-7-openjdk-i386/jre/lib/ext/sunpkcs11.jar
6af4a000-6af4d000 r--s 00086000 08:05 4989082    /usr/lib/jvm/java-7-openjdk-i386/jre/lib/ext/localedata.jar
6af4d000-6af68000 rw-p 00000000 00:00 0 
6af68000-6af69000 ---p 00000000 00:00 0 
6af69000-6aff1000 rw-p 00000000 00:00 0 
6aff1000-6b029000 rw-p 00000000 00:00 0 
6b029000-6b03e000 rw-p 00000000 00:00 0 
6b03e000-6b17f000 rw-p 00000000 00:00 0 
6b17f000-6b187000 rw-p 00000000 00:00 0 
6b187000-6b1bf000 rw-p 00000000 00:00 0 
6b1bf000-6b1d4000 rw-p 00000000 00:00 0 
6b1d4000-6b314000 rw-p 00000000 00:00 0 
6b314000-6b39e000 rw-p 00000000 00:00 0 
6b39e000-6b3bf000 rw-p 00000000 00:00 0 
6b3bf000-6c3c0000 rw-p 00000000 00:00 0 
6c3c0000-733c0000 rw-p 00000000 00:00 0 
733c0000-75c80000 rw-p 00000000 00:00 0 
75c80000-9de40000 rw-p 00000000 00:00 0 
9de40000-af0c0000 rw-p 00000000 00:00 0 
b33c0000-b33cb000 rw-p 00000000 00:00 0 
b33cb000-b3480000 rw-p 00000000 00:00 0 
b3480000-b3718000 rwxp 00000000 00:00 0 
b3718000-b6480000 rw-p 00000000 00:00 0 
b6480000-b648b000 r-xp 00000000 08:05 3802066    /lib/i386-linux-gnu/libnss_files-2.15.so
b648b000-b648c000 r--p 0000a000 08:05 3802066    /lib/i386-linux-gnu/libnss_files-2.15.so
b648c000-b648d000 rw-p 0000b000 08:05 3802066    /lib/i386-linux-gnu/libnss_files-2.15.so
b648d000-b6497000 r-xp 00000000 08:05 3802070    /lib/i386-linux-gnu/libnss_nis-2.15.so
b6497000-b6498000 r--p 00009000 08:05 3802070    /lib/i386-linux-gnu/libnss_nis-2.15.so
b6498000-b6499000 rw-p 0000a000 08:05 3802070    /lib/i386-linux-gnu/libnss_nis-2.15.so
b6499000-b64af000 r-xp 00000000 08:05 3802060    /lib/i386-linux-gnu/libnsl-2.15.so
b64af000-b64b0000 r--p 00015000 08:05 3802060    /lib/i386-linux-gnu/libnsl-2.15.so
b64b0000-b64b1000 rw-p 00016000 08:05 3802060    /lib/i386-linux-gnu/libnsl-2.15.so
b64b1000-b64b3000 rw-p 00000000 00:00 0 
b64b3000-b64ba000 r-xp 00000000 08:05 3802062    /lib/i386-linux-gnu/libnss_compat-2.15.so
b64ba000-b64bb000 r--p 00006000 08:05 3802062    /lib/i386-linux-gnu/libnss_compat-2.15.so
b64bb000-b64bc000 rw-p 00007000 08:05 3802062    /lib/i386-linux-gnu/libnss_compat-2.15.so
b64bc000-b64c4000 r-xp 00000000 08:05 4989114    /usr/lib/jvm/java-7-openjdk-i386/jre/lib/i386/libzip.so
b64c4000-b64c5000 r--p 00007000 08:05 4989114    /usr/lib/jvm/java-7-openjdk-i386/jre/lib/i386/libzip.so
b64c5000-b64c6000 rw-p 00008000 08:05 4989114    /usr/lib/jvm/java-7-openjdk-i386/jre/lib/i386/libzip.so
b64c6000-b64ce000 rw-s 00000000 08:05 145518     /tmp/hsperfdata_ankit/15173
b64ce000-b64f5000 r-xp 00000000 08:05 4989134    /usr/lib/jvm/java-7-openjdk-i386/jre/lib/i386/libjava.so
b64f5000-b64f6000 r--p 00026000 08:05 4989134    /usr/lib/jvm/java-7-openjdk-i386/jre/lib/i386/libjava.so
b64f6000-b64f7000 rw-p 00027000 08:05 4989134    /usr/lib/jvm/java-7-openjdk-i386/jre/lib/i386/libjava.so
b64f7000-b64fe000 r-xp 00000000 08:05 3802101    /lib/i386-linux-gnu/librt-2.15.so
b64fe000-b64ff000 r--p 00006000 08:05 3802101    /lib/i386-linux-gnu/librt-2.15.so
b64ff000-b6500000 rw-p 00007000 08:05 3802101    /lib/i386-linux-gnu/librt-2.15.so
b6500000-b65ff000 rw-p 00000000 00:00 0 
b65ff000-b6600000 ---p 00000000 00:00 0 
b6601000-b6604000 ---p 00000000 00:00 0 
b6604000-b6652000 rw-p 00000000 00:00 0 
b6652000-b666e000 r-xp 00000000 08:05 3802036    /lib/i386-linux-gnu/libgcc_s.so.1
b666e000-b666f000 r--p 0001b000 08:05 3802036    /lib/i386-linux-gnu/libgcc_s.so.1
b666f000-b6670000 rw-p 0001c000 08:05 3802036    /lib/i386-linux-gnu/libgcc_s.so.1
b6670000-b669a000 r-xp 00000000 08:05 3802047    /lib/i386-linux-gnu/libm-2.15.so
b669a000-b669b000 r--p 00029000 08:05 3802047    /lib/i386-linux-gnu/libm-2.15.so
b669b000-b669c000 rw-p 0002a000 08:05 3802047    /lib/i386-linux-gnu/libm-2.15.so
b669c000-b6774000 r-xp 00000000 08:05 4985813    /usr/lib/i386-linux-gnu/libstdc++.so.6.0.16
b6774000-b6775000 ---p 000d8000 08:05 4985813    /usr/lib/i386-linux-gnu/libstdc++.so.6.0.16
b6775000-b6779000 r--p 000d8000 08:05 4985813    /usr/lib/i386-linux-gnu/libstdc++.so.6.0.16
b6779000-b677a000 rw-p 000dc000 08:05 4985813    /usr/lib/i386-linux-gnu/libstdc++.so.6.0.16
b677a000-b6781000 rw-p 00000000 00:00 0 
b6781000-b7143000 r-xp 00000000 08:05 4989140    /usr/lib/jvm/java-7-openjdk-i386/jre/lib/i386/server/libjvm.so
b7143000-b7198000 r--p 009c2000 08:05 4989140    /usr/lib/jvm/java-7-openjdk-i386/jre/lib/i386/server/libjvm.so
b7198000-b71ac000 rw-p 00a17000 08:05 4989140    /usr/lib/jvm/java-7-openjdk-i386/jre/lib/i386/server/libjvm.so
b71ac000-b75ca000 rw-p 00000000 00:00 0 
b75ca000-b75de000 r-xp 00000000 08:05 3802126    /lib/i386-linux-gnu/libz.so.1.2.3.4
b75de000-b75df000 r--p 00013000 08:05 3802126    /lib/i386-linux-gnu/libz.so.1.2.3.4
b75df000-b75e0000 rw-p 00014000 08:05 3802126    /lib/i386-linux-gnu/libz.so.1.2.3.4
b75e0000-b75f7000 r-xp 00000000 08:05 3802095    /lib/i386-linux-gnu/libpthread-2.15.so
b75f7000-b75f8000 r--p 00016000 08:05 3802095    /lib/i386-linux-gnu/libpthread-2.15.so
b75f8000-b75f9000 rw-p 00017000 08:05 3802095    /lib/i386-linux-gnu/libpthread-2.15.so
b75f9000-b75fb000 rw-p 00000000 00:00 0 
b75fb000-b75fe000 r-xp 00000000 08:05 3802028    /lib/i386-linux-gnu/libdl-2.15.so
b75fe000-b75ff000 r--p 00002000 08:05 3802028    /lib/i386-linux-gnu/libdl-2.15.so
b75ff000-b7600000 rw-p 00003000 08:05 3802028    /lib/i386-linux-gnu/libdl-2.15.so
b7600000-b779f000 r-xp 00000000 08:05 3802015    /lib/i386-linux-gnu/libc-2.15.so
b779f000-b77a1000 r--p 0019f000 08:05 3802015    /lib/i386-linux-gnu/libc-2.15.so
b77a1000-b77a2000 rw-p 001a1000 08:05 3802015    /lib/i386-linux-gnu/libc-2.15.so
b77a2000-b77a5000 rw-p 00000000 00:00 0 
b77a5000-b77a6000 r--s 00002000 08:05 4989080    /usr/lib/jvm/java-7-openjdk-i386/jre/lib/ext/dnsns.jar
b77a6000-b77a7000 r--p 005db000 08:05 4988066    /usr/lib/locale/locale-archive
b77a7000-b77a8000 rw-p 00000000 00:00 0 
b77a8000-b77a9000 ---p 00000000 00:00 0 
b77a9000-b77b5000 r-xp 00000000 08:05 4989131    /usr/lib/jvm/java-7-openjdk-i386/jre/lib/i386/libverify.so
b77b5000-b77b6000 r--p 0000b000 08:05 4989131    /usr/lib/jvm/java-7-openjdk-i386/jre/lib/i386/libverify.so
b77b6000-b77b7000 rw-p 0000c000 08:05 4989131    /usr/lib/jvm/java-7-openjdk-i386/jre/lib/i386/libverify.so
b77b7000-b77c4000 r-xp 00000000 08:05 4989106    /usr/lib/jvm/java-7-openjdk-i386/jre/lib/i386/jli/libjli.so
b77c4000-b77c5000 r--p 0000c000 08:05 4989106    /usr/lib/jvm/java-7-openjdk-i386/jre/lib/i386/jli/libjli.so
b77c5000-b77c6000 rw-p 0000d000 08:05 4989106    /usr/lib/jvm/java-7-openjdk-i386/jre/lib/i386/jli/libjli.so
b77c6000-b77c9000 rw-p 00000000 00:00 0 
b77c9000-b77ca000 r-xp 00000000 00:00 0          [vdso]
b77ca000-b77ea000 r-xp 00000000 08:05 3801995    /lib/i386-linux-gnu/ld-2.15.so
b77ea000-b77eb000 r--p 0001f000 08:05 3801995    /lib/i386-linux-gnu/ld-2.15.so
b77eb000-b77ec000 rw-p 00020000 08:05 3801995    /lib/i386-linux-gnu/ld-2.15.so
bfe98000-bfe99000 rwxp 00000000 00:00 0 
bfeca000-bfeec000 rw-p 00000000 00:00 0          [stack]

VM Arguments:
jvm_args: -Xmx1024M -Dfile.encoding=UTF-8 -Duser.country=IN -Duser.language=en -Duser.variant 
java_command: com.android.dx.command.Main --dex --output /home/ankit/Traafik latest/TraafikAppLatest/app/build/intermediates/dex/debug /home/ankit/Traafik latest/TraafikAppLatest/app/build/intermediates/classes/debug /home/ankit/Traafik latest/TraafikAppLatest/app/build/intermediates/pre-dexed/debug/support-annotations-22.2.1-7ec2d6bf9002678c75ac807ef4c903263d3b5fc8.jar /home/ankit/Traafik latest/TraafikAppLatest/app/build/intermediates/pre-dexed/debug/classes-3738216e6fc96e577c88b4313c8bfada63a4f847.jar /home/ankit/Traafik latest/TraafikAppLatest/app/build/intermediates/pre-dexed/debug/classes-6adb14698c36f217dbc8f44998dfb853cd0a1d53.jar /home/ankit/Traafik latest/TraafikAppLatest/app/build/intermediates/pre-dexed/debug/simple-side-drawer2-7c187662cd1383aba070f8109eee9f43ca311757.jar /home/ankit/Traafik latest/TraafikAppLatest/app/build/intermediates/pre-dexed/debug/classes-898b057db62618291972c52c147f2215def5d43e.jar /home/ankit/Traafik latest/TraafikAppLatest/app/build/intermediates/pre-dexed/debug/internal_impl-22.0.0-137508c80f2a10835c8bd34299b2142895c34add.jar /home/ankit/Traafik latest/TraafikAppLatest/app/build/intermediates/pre-dexed/debug/classes-8f1915b953beda78dc1ed1ca65fc463490162f66.jar /home/ankit/Traafik latest/TraafikAppLatest/app/build/intermediates/pre-dexed/debug/classes-d4a7aebef974cda66375665b223a04ae0cb3fa4c.jar /home/ankit/Traafik latest/TraafikAppLatest/app/build/intermediates/pre-dexed/debug/bolts-android-1.2.0-d25641ad2757a29dfe0c7ca50222a387b8134cd1.jar /home/ankit/Traafik latest/TraafikAppLatest/app/build/intermediates/pre-dexed/debug/classes-754b790782de93011173afded38fe936f74b280a.jar /home/ankit/Traafik latest/TraafikAppLatest/app/build/intermediates/pre-dexed/debug/classes-9e432d0ca84818278b94c58a5094398262a8ae09.jar /home/ankit/Traafik latest/TraafikAppLatest/app/build/intermediates/pre-dexed/debug/classes-527c408d13996ff107d27768e800c44d93fef79d.jar /home/ankit/Traafik latest/TraafikAppLatest/app/build/intermediates/pre-dexed/deb
Launcher Type: SUN_STANDARD

Environment Variables:
PATH=/usr/lib/lightdm/lightdm:/usr/local/sbin:/usr/local/bin:/usr/sbin:/usr/bin:/sbin:/bin:/usr/games
LD_LIBRARY_PATH=/home/ankit/Android studio/android-studio/bin:
SHELL=/bin/bash
DISPLAY=:0.0

Signal Handlers:
SIGSEGV: [libjvm.so+0x80b550], sa_mask[0]=0x7ffbfeff, sa_flags=0x10000004
SIGBUS: [libjvm.so+0x80b550], sa_mask[0]=0x7ffbfeff, sa_flags=0x10000004
SIGFPE: [libjvm.so+0x6753e0], sa_mask[0]=0x7ffbfeff, sa_flags=0x10000004
SIGPIPE: [libjvm.so+0x6753e0], sa_mask[0]=0x7ffbfeff, sa_flags=0x10000004
SIGXFSZ: [libjvm.so+0x6753e0], sa_mask[0]=0x7ffbfeff, sa_flags=0x10000004
SIGILL: [libjvm.so+0x6753e0], sa_mask[0]=0x7ffbfeff, sa_flags=0x10000004
SIGUSR1: SIG_DFL, sa_mask[0]=0x00000000, sa_flags=0x00000000
SIGUSR2: [libjvm.so+0x675690], sa_mask[0]=0x00000004, sa_flags=0x10000004
SIGHUP: [libjvm.so+0x675850], sa_mask[0]=0x7ffbfeff, sa_flags=0x10000004
SIGINT: [libjvm.so+0x675850], sa_mask[0]=0x7ffbfeff, sa_flags=0x10000004
SIGTERM: [libjvm.so+0x675850], sa_mask[0]=0x7ffbfeff, sa_flags=0x10000004
SIGQUIT: [libjvm.so+0x675850], sa_mask[0]=0x7ffbfeff, sa_flags=0x10000004
SIGTRAP: SIG_DFL, sa_mask[0]=0x00000000, sa_flags=0x00000000


---------------  S Y S T E M  ---------------

OS:Ubuntu 12.04 (precise)
uname:Linux 3.2.0-29-generic-pae #46-Ubuntu SMP Fri Jul 27 17:25:43 UTC 2012 i686
libc:glibc 2.15 NPTL 2.15 
rlimit: STACK 8192k, CORE 0k, NPROC 31169, NOFILE 4096, AS infinity
load average:0.64 0.36 0.31

/proc/meminfo:
MemTotal:        4004304 kB
MemFree:          158052 kB
Buffers:             384 kB
Cached:           598540 kB
SwapCached:            0 kB
Active:          3381104 kB
Inactive:         384432 kB
Active(anon):    3318432 kB
Inactive(anon):   321544 kB
Active(file):      62672 kB
Inactive(file):    62888 kB
Unevictable:          16 kB
Mlocked:              16 kB
HighTotal:       3159312 kB
HighFree:            640 kB
LowTotal:         844992 kB
LowFree:          157412 kB
SwapTotal:             0 kB
SwapFree:              0 kB
Dirty:                88 kB
Writeback:             0 kB
AnonPages:       3166824 kB
Mapped:           115304 kB
Shmem:            473144 kB
Slab:              39784 kB
SReclaimable:      20120 kB
SUnreclaim:        19664 kB
KernelStack:        4768 kB
PageTables:        20172 kB
NFS_Unstable:          0 kB
Bounce:                0 kB
WritebackTmp:          0 kB
CommitLimit:     2002152 kB
Committed_AS:    7635088 kB
VmallocTotal:     122880 kB
VmallocUsed:       15244 kB
VmallocChunk:     106584 kB
HardwareCorrupted:     0 kB
AnonHugePages:         0 kB
HugePages_Total:       0
HugePages_Free:        0
HugePages_Rsvd:        0
HugePages_Surp:        0
Hugepagesize:       2048 kB
DirectMap4k:       10232 kB
DirectMap2M:      903168 kB


CPU:total 2 (2 cores per cpu, 1 threads per core) family 6 model 58 stepping 9, cmov, cx8, fxsr, mmx, sse, sse2, sse3, ssse3, sse4.1, sse4.2, popcnt, erms, tsc, tscinvbit, tscinv

/proc/cpuinfo:
processor	: 0
vendor_id	: GenuineIntel
cpu family	: 6
model		: 58
model name	: Intel(R) Pentium(R) CPU G2030 @ 3.00GHz
stepping	: 9
microcode	: 0x17
cpu MHz		: 3000.000
cache size	: 3072 KB
physical id	: 0
siblings	: 2
core id		: 0
cpu cores	: 2
apicid		: 0
initial apicid	: 0
fdiv_bug	: no
hlt_bug		: no
f00f_bug	: no
coma_bug	: no
fpu		: yes
fpu_exception	: yes
cpuid level	: 13
wp		: yes
flags		: fpu vme de pse tsc msr pae mce cx8 apic sep mtrr pge mca cmov pat pse36 clflush dts acpi mmx fxsr sse sse2 ss ht tm pbe nx rdtscp lm constant_tsc arch_perfmon pebs bts xtopology nonstop_tsc aperfmperf pni pclmulqdq dtes64 monitor ds_cpl vmx est tm2 ssse3 cx16 xtpr pdcm pcid sse4_1 sse4_2 popcnt tsc_deadline_timer xsave lahf_lm arat epb xsaveopt pln pts dtherm tpr_shadow vnmi flexpriority ept vpid fsgsbase smep erms
bogomips	: 5986.77
clflush size	: 64
cache_alignment	: 64
address sizes	: 36 bits physical, 48 bits virtual
power management:

processor	: 1
vendor_id	: GenuineIntel
cpu family	: 6
model		: 58
model name	: Intel(R) Pentium(R) CPU G2030 @ 3.00GHz
stepping	: 9
microcode	: 0x17
cpu MHz		: 2300.000
cache size	: 3072 KB
physical id	: 0
siblings	: 2
core id		: 1
cpu cores	: 2
apicid		: 2
initial apicid	: 2
fdiv_bug	: no
hlt_bug		: no
f00f_bug	: no
coma_bug	: no
fpu		: yes
fpu_exception	: yes
cpuid level	: 13
wp		: yes
flags		: fpu vme de pse tsc msr pae mce cx8 apic sep mtrr pge mca cmov pat pse36 clflush dts acpi mmx fxsr sse sse2 ss ht tm pbe nx rdtscp lm constant_tsc arch_perfmon pebs bts xtopology nonstop_tsc aperfmperf pni pclmulqdq dtes64 monitor ds_cpl vmx est tm2 ssse3 cx16 xtpr pdcm pcid sse4_1 sse4_2 popcnt tsc_deadline_timer xsave lahf_lm arat epb xsaveopt pln pts dtherm tpr_shadow vnmi flexpriority ept vpid fsgsbase smep erms
bogomips	: 5986.12
clflush size	: 64
cache_alignment	: 64
address sizes	: 36 bits physical, 48 bits virtual
power management:



Memory: 4k page, physical 4004304k(158052k free), swap 0k(0k free)

vm_info: OpenJDK Server VM (24.75-b04) for linux-x86 JRE (1.7.0_75-b13), built on Jan 27 2015 16:24:35 by "buildd" with gcc 4.6.3

time: Mon Jul 20 17:19:37 2015
elapsed time: 6 seconds

