#
# There is insufficient memory for the Java Runtime Environment to continue.
# Native memory allocation (malloc) failed to allocate 147324928 bytes for committing reserved memory.
# Possible reasons:
#   The system is out of physical RAM or swap space
#   In 32 bit mode, the process size limit was hit
# Possible solutions:
#   Reduce memory load on the system
#   Increase physical memory or swap space
#   Check if swap backing store is full
#   Use 64 bit Java on a 64 bit OS
#   Decrease Java heap size (-Xmx/-Xms)
#   Decrease number of Java threads
#   Decrease Java thread stack sizes (-Xss)
#   Set larger code cache with -XX:ReservedCodeCacheSize=
# This output file may be truncated or incomplete.
#
#  Out of Memory Error (os_linux.cpp:2798), pid=16005, tid=1745378112
#
# JRE version: OpenJDK Runtime Environment (7.0_75-b13) (build 1.7.0_75-b13)
# Java VM: OpenJDK Server VM (24.75-b04 mixed mode linux-x86 )
# Derivative: IcedTea 2.5.4
# Distribution: Ubuntu 12.04 LTS, package 7u75-2.5.4-1~precise1
# Failed to write core dump. Core dumps have been disabled. To enable core dumping, try "ulimit -c unlimited" before starting Java again
#

---------------  T H R E A D  ---------------

Current thread (0x67f10400):  VMThread [stack: 0x68005000,0x68086000] [id=16014]

Stack: [0x68005000,0x68086000]
[error occurred during error reporting (printing stack bounds), id 0xb]

VM_Operation (0xb65b3968): ParallelGCFailedAllocation, mode: safepoint, requested by thread 0xb6407c00


---------------  P R O C E S S  ---------------

Java Threads: ( => current thread )
  0x67f2c400 JavaThread "Service Thread" daemon [_thread_blocked, id=16025, stack(0x67b5c000,0x67bad000)]
  0x67f2a800 JavaThread "C2 CompilerThread1" daemon [_thread_blocked, id=16024, stack(0x67bad000,0x67c2e000)]
  0x67f28800 JavaThread "C2 CompilerThread0" daemon [_thread_blocked, id=16023, stack(0x67c2e000,0x67caf000)]
  0x67f26c00 JavaThread "Signal Dispatcher" daemon [_thread_blocked, id=16022, stack(0x67caf000,0x67d00000)]
  0x67f14400 JavaThread "Finalizer" daemon [_thread_blocked, id=16016, stack(0x6ac03000,0x6ac54000)]
  0x67f12800 JavaThread "Reference Handler" daemon [_thread_blocked, id=16015, stack(0x6ac54000,0x6aca5000)]
  0xb6407c00 JavaThread "main" [_thread_blocked, id=16009, stack(0xb6564000,0xb65b5000)]

Other Threads:
=>0x67f10400 VMThread [stack: 0x68005000,0x68086000] [id=16014]
  0x67f2e000 WatcherThread [stack: 0x67adb000,0x67b5c000] [id=16026]

VM state:at safepoint (normal execution)

VM Mutex/Monitor currently owned by a thread:  ([mutex/lock_event])
[0xb6405248] Threads_lock - owner thread: 0x67f10400
[0xb6405658] Heap_lock - owner thread: 0xb6407c00

Heap
 PSYoungGen      total 139520K, used 14334K [0x9dd80000, 0xa7580000, 0xb3300000)
  eden space 125184K, 0% used [0x9dd80000,0x9dd80000,0xa57c0000)
  from space 14336K, 99% used [0xa57c0000,0xa65bf978,0xa65c0000)
  to   space 12544K, 0% used [0xa65c0000,0xa65c0000,0xa7200000)
 ParOldGen       total 41728K, used 38799K [0x73300000, 0x75bc0000, 0x9dd80000)
  object space 41728K, 92% used [0x73300000,0x758e3f98,0x75bc0000)
 PSPermGen       total 16384K, used 4037K [0x6b300000, 0x6c300000, 0x73300000)
  object space 16384K, 24% used [0x6b300000,0x6b6f1458,0x6c300000)

Card table byte_map: [0x6b0bf000,0x6b300000] byte_map_base: 0x6ad65800

Polling page: 0xb770b000

Code Cache  [0xb33d9000, 0xb3641000, 0xb63d9000)
 total_blobs=783 nmethods=664 adapters=73 free_code_cache=46782Kb largest_free_block=47828800

Compilation events (10 events):
Event: 7.383 Thread 0x67f28800 nmethod 674 0xb360c8c8 code [0xb360ca20, 0xb360d004]
Event: 7.383 Thread 0x67f28800  675             com.android.dx.ssa.DeadCodeRemover::<init> (44 bytes)
Event: 7.402 Thread 0x67f28800 nmethod 675 0xb3618708 code [0xb3618840, 0xb3618dbc]
Event: 7.403 Thread 0x67f28800  676             com.android.dx.dex.code.RopTranslator$LocalVariableAwareTranslationVisitor::visitPlainCstInsn (11 bytes)
Event: 7.420 Thread 0x67f28800 nmethod 676 0xb36179c8 code [0xb3617b60, 0xb3617f6c]
Event: 7.421 Thread 0x67f28800  677             com.android.dx.dex.code.RopTranslator$TranslationVisitor::visitPlainCstInsn (161 bytes)
Event: 7.430 Thread 0x67f28800 nmethod 677 0xb34de0c8 code [0xb34de260, 0xb34de620]
Event: 7.443 Thread 0x67f2a800 nmethod 671 0xb3546888 code [0xb3546cc0, 0xb3548738]
Event: 7.445 Thread 0x67f28800  678             java.util.TreeMap::size (5 bytes)
Event: 7.445 Thread 0x67f28800 nmethod 678 0xb3603b08 code [0xb3603be0, 0xb3603c30]

GC Heap History (10 events):
Event: 1.438 GC heap after
Heap after GC invocations=2 (full 0):
 PSYoungGen      total 34304K, used 2559K [0x9dd80000, 0xa0180000, 0xb3300000)
  eden space 31744K, 0% used [0x9dd80000,0x9dd80000,0x9fc80000)
  from space 2560K, 99% used [0x9ff00000,0xa017fca0,0xa0180000)
  to   space 2560K, 0% used [0x9fc80000,0x9fc80000,0x9ff00000)
 ParOldGen       total 41728K, used 3851K [0x73300000, 0x75bc0000, 0x9dd80000)
  object space 41728K, 9% used [0x73300000,0x736c2d78,0x75bc0000)
 PSPermGen       total 16384K, used 3898K [0x6b300000, 0x6c300000, 0x73300000)
  object space 16384K, 23% used [0x6b300000,0x6b6ce9a8,0x6c300000)
}
Event: 2.455 GC heap before
{Heap before GC invocations=3 (full 0):
 PSYoungGen      total 34304K, used 34303K [0x9dd80000, 0xa0180000, 0xb3300000)
  eden space 31744K, 100% used [0x9dd80000,0x9fc80000,0x9fc80000)
  from space 2560K, 99% used [0x9ff00000,0xa017fca0,0xa0180000)
  to   space 2560K, 0% used [0x9fc80000,0x9fc80000,0x9ff00000)
 ParOldGen       total 41728K, used 3851K [0x73300000, 0x75bc0000, 0x9dd80000)
  object space 41728K, 9% used [0x73300000,0x736c2d78,0x75bc0000)
 PSPermGen       total 16384K, used 3942K [0x6b300000, 0x6c300000, 0x73300000)
  object space 16384K, 24% used [0x6b300000,0x6b6d9b30,0x6c300000)
Event: 2.477 GC heap after
Heap after GC invocations=3 (full 0):
 PSYoungGen      total 34304K, used 2559K [0x9dd80000, 0xa2080000, 0xb3300000)
  eden space 31744K, 0% used [0x9dd80000,0x9dd80000,0x9fc80000)
  from space 2560K, 99% used [0x9fc80000,0x9feffe20,0x9ff00000)
  to   space 2560K, 0% used [0xa1e00000,0xa1e00000,0xa2080000)
 ParOldGen       total 41728K, used 9118K [0x73300000, 0x75bc0000, 0x9dd80000)
  object space 41728K, 21% used [0x73300000,0x73be7910,0x75bc0000)
 PSPermGen       total 16384K, used 3942K [0x6b300000, 0x6c300000, 0x73300000)
  object space 16384K, 24% used [0x6b300000,0x6b6d9b30,0x6c300000)
}
Event: 3.493 GC heap before
{Heap before GC invocations=4 (full 0):
 PSYoungGen      total 34304K, used 34303K [0x9dd80000, 0xa2080000, 0xb3300000)
  eden space 31744K, 100% used [0x9dd80000,0x9fc80000,0x9fc80000)
  from space 2560K, 99% used [0x9fc80000,0x9feffe20,0x9ff00000)
  to   space 2560K, 0% used [0xa1e00000,0xa1e00000,0xa2080000)
 ParOldGen       total 41728K, used 9118K [0x73300000, 0x75bc0000, 0x9dd80000)
  object space 41728K, 21% used [0x73300000,0x73be7910,0x75bc0000)
 PSPermGen       total 16384K, used 3960K [0x6b300000, 0x6c300000, 0x73300000)
  object space 16384K, 24% used [0x6b300000,0x6b6de398,0x6c300000)
Event: 3.524 GC heap after
Heap after GC invocations=4 (full 0):
 PSYoungGen      total 66048K, used 2554K [0x9dd80000, 0xa2080000, 0xb3300000)
  eden space 63488K, 0% used [0x9dd80000,0x9dd80000,0xa1b80000)
  from space 2560K, 99% used [0xa1e00000,0xa207e8a0,0xa2080000)
  to   space 2560K, 0% used [0xa1b80000,0xa1b80000,0xa1e00000)
 ParOldGen       total 41728K, used 13929K [0x73300000, 0x75bc0000, 0x9dd80000)
  object space 41728K, 33% used [0x73300000,0x7409a718,0x75bc0000)
 PSPermGen       total 16384K, used 3960K [0x6b300000, 0x6c300000, 0x73300000)
  object space 16384K, 24% used [0x6b300000,0x6b6de398,0x6c300000)
}
Event: 5.060 GC heap before
{Heap before GC invocations=5 (full 0):
 PSYoungGen      total 66048K, used 66042K [0x9dd80000, 0xa2080000, 0xb3300000)
  eden space 63488K, 100% used [0x9dd80000,0xa1b80000,0xa1b80000)
  from space 2560K, 99% used [0xa1e00000,0xa207e8a0,0xa2080000)
  to   space 2560K, 0% used [0xa1b80000,0xa1b80000,0xa1e00000)
 ParOldGen       total 41728K, used 13929K [0x73300000, 0x75bc0000, 0x9dd80000)
  object space 41728K, 33% used [0x73300000,0x7409a718,0x75bc0000)
 PSPermGen       total 16384K, used 3995K [0x6b300000, 0x6c300000, 0x73300000)
  object space 16384K, 24% used [0x6b300000,0x6b6e6cf8,0x6c300000)
Event: 5.115 GC heap after
Heap after GC invocations=5 (full 0):
 PSYoungGen      total 66048K, used 2559K [0x9dd80000, 0xa7200000, 0xb3300000)
  eden space 63488K, 0% used [0x9dd80000,0x9dd80000,0xa1b80000)
  from space 2560K, 99% used [0xa1b80000,0xa1dffd00,0xa1e00000)
  to   space 12544K, 0% used [0xa65c0000,0xa65c0000,0xa7200000)
 ParOldGen       total 41728K, used 23337K [0x73300000, 0x75bc0000, 0x9dd80000)
  object space 41728K, 55% used [0x73300000,0x749ca5a8,0x75bc0000)
 PSPermGen       total 16384K, used 3995K [0x6b300000, 0x6c300000, 0x73300000)
  object space 16384K, 24% used [0x6b300000,0x6b6e6cf8,0x6c300000)
}
Event: 6.102 GC heap before
{Heap before GC invocations=6 (full 0):
 PSYoungGen      total 66048K, used 66047K [0x9dd80000, 0xa7200000, 0xb3300000)
  eden space 63488K, 100% used [0x9dd80000,0xa1b80000,0xa1b80000)
  from space 2560K, 99% used [0xa1b80000,0xa1dffd00,0xa1e00000)
  to   space 12544K, 0% used [0xa65c0000,0xa65c0000,0xa7200000)
 ParOldGen       total 41728K, used 23337K [0x73300000, 0x75bc0000, 0x9dd80000)
  object space 41728K, 55% used [0x73300000,0x749ca5a8,0x75bc0000)
 PSPermGen       total 16384K, used 4003K [0x6b300000, 0x6c300000, 0x73300000)
  object space 16384K, 24% used [0x6b300000,0x6b6e8ed0,0x6c300000)
Event: 6.151 GC heap after
Heap after GC invocations=6 (full 0):
 PSYoungGen      total 137728K, used 11944K [0x9dd80000, 0xa7580000, 0xb3300000)
  eden space 125184K, 0% used [0x9dd80000,0x9dd80000,0xa57c0000)
  from space 12544K, 95% used [0xa65c0000,0xa716a0e8,0xa7200000)
  to   space 14336K, 0% used [0xa57c0000,0xa57c0000,0xa65c0000)
 ParOldGen       total 41728K, used 23337K [0x73300000, 0x75bc0000, 0x9dd80000)
  object space 41728K, 55% used [0x73300000,0x749ca5a8,0x75bc0000)
 PSPermGen       total 16384K, used 4003K [0x6b300000, 0x6c300000, 0x73300000)
  object space 16384K, 24% used [0x6b300000,0x6b6e8ed0,0x6c300000)
}
Event: 7.452 GC heap before
{Heap before GC invocations=7 (full 0):
 PSYoungGen      total 137728K, used 137128K [0x9dd80000, 0xa7580000, 0xb3300000)
  eden space 125184K, 100% used [0x9dd80000,0xa57c0000,0xa57c0000)
  from space 12544K, 95% used [0xa65c0000,0xa716a0e8,0xa7200000)
  to   space 14336K, 0% used [0xa57c0000,0xa57c0000,0xa65c0000)
 ParOldGen       total 41728K, used 23337K [0x73300000, 0x75bc0000, 0x9dd80000)
  object space 41728K, 55% used [0x73300000,0x749ca5a8,0x75bc0000)
 PSPermGen       total 16384K, used 4037K [0x6b300000, 0x6c300000, 0x73300000)
  object space 16384K, 24% used [0x6b300000,0x6b6f1458,0x6c300000)

Deoptimization events (10 events):
Event: 4.884 Thread 0xb6407c00 Uncommon trap: reason=bimorphic action=maybe_recompile pc=0xb3558fb4 method=com.android.dx.cf.code.RopperMachine.run(Lcom/android/dx/cf/code/Frame;II)V @ 988
Event: 5.751 Thread 0xb6407c00 Uncommon trap: reason=bimorphic action=maybe_recompile pc=0xb35978a4 method=com.android.dx.cf.code.BytecodeArray.parseInstruction(ILcom/android/dx/cf/code/BytecodeArray$Visitor;)I @ 2281
Event: 5.752 Thread 0xb6407c00 Uncommon trap: reason=bimorphic action=maybe_recompile pc=0xb35978a4 method=com.android.dx.cf.code.BytecodeArray.parseInstruction(ILcom/android/dx/cf/code/BytecodeArray$Visitor;)I @ 2281
Event: 5.990 Thread 0xb6407c00 Uncommon trap: reason=unloaded action=reinterpret pc=0xb358b2bc method=com.android.dx.cf.code.Ropper.addReturnBlock()V @ 45
Event: 5.990 Thread 0xb6407c00 Uncommon trap: reason=unreached action=reinterpret pc=0xb34cb844 method=com.android.dx.ssa.MoveParamCombiner$1.visitNonMoveInsn(Lcom/android/dx/ssa/NormalSsaInsn;)V @ 27
Event: 6.482 Thread 0xb6407c00 Uncommon trap: reason=bimorphic action=maybe_recompile pc=0xb3597a68 method=com.android.dx.cf.code.BytecodeArray.parseInstruction(ILcom/android/dx/cf/code/BytecodeArray$Visitor;)I @ 1501
Event: 6.482 Thread 0xb6407c00 Uncommon trap: reason=bimorphic action=maybe_recompile pc=0xb3597a68 method=com.android.dx.cf.code.BytecodeArray.parseInstruction(ILcom/android/dx/cf/code/BytecodeArray$Visitor;)I @ 1501
Event: 6.999 Thread 0xb6407c00 Uncommon trap: reason=bimorphic action=maybe_recompile pc=0xb361c16c method=com.android.dx.cf.code.BytecodeArray.parseInstruction(ILcom/android/dx/cf/code/BytecodeArray$Visitor;)I @ 1161
Event: 6.999 Thread 0xb6407c00 Uncommon trap: reason=bimorphic action=maybe_recompile pc=0xb361c16c method=com.android.dx.cf.code.BytecodeArray.parseInstruction(ILcom/android/dx/cf/code/BytecodeArray$Visitor;)I @ 1161
Event: 7.007 Thread 0xb6407c00 Uncommon trap: reason=class_check action=maybe_recompile pc=0xb34bd614 method=com.android.dx.cf.code.Ropper.processBlock(Lcom/android/dx/cf/code/ByteBlock;Lcom/android/dx/cf/code/Frame;[I)V @ 777

Internal exceptions (10 events):
Event: 0.478 Thread 0xb6407c00 Threw 0x9e77d580 at /build/buildd/openjdk-7-7u75-2.5.4/build/openjdk/hotspot/src/share/vm/prims/jvm.cpp:1284
Event: 0.559 Thread 0xb6407c00 Implicit null exception at 0xb3439be3 to 0xb3439db9
Event: 0.655 Thread 0xb6407c00 Threw 0x9eb78278 at /build/buildd/openjdk-7-7u75-2.5.4/build/openjdk/hotspot/src/share/vm/prims/jvm.cpp:1284
Event: 1.067 Thread 0xb6407c00 Implicit null exception at 0xb346c8ad to 0xb346d3c1
Event: 1.553 Thread 0xb6407c00 Implicit null exception at 0xb34909a2 to 0xb3490f91
Event: 1.589 Thread 0xb6407c00 Implicit null exception at 0xb346082b to 0xb3460902
Event: 1.688 Thread 0xb6407c00 Threw 0x9e5ec378 at /build/buildd/openjdk-7-7u75-2.5.4/build/openjdk/hotspot/src/share/vm/prims/jvm.cpp:1284
Event: 1.995 Thread 0xb6407c00 Threw 0x9f0ccdc8 at /build/buildd/openjdk-7-7u75-2.5.4/build/openjdk/hotspot/src/share/vm/prims/jvm.cpp:1284
Event: 2.197 Thread 0xb6407c00 Threw 0x9f6a9748 at /build/buildd/openjdk-7-7u75-2.5.4/build/openjdk/hotspot/src/share/vm/prims/jvm.cpp:1284
Event: 3.209 Thread 0xb6407c00 Threw 0x9f2fa9b8 at /build/buildd/openjdk-7-7u75-2.5.4/build/openjdk/hotspot/src/share/vm/prims/jvm.cpp:1284

Events (10 events):
Event: 6.999 Thread 0xb6407c00 DEOPT UNPACKING pc=0xb3405bc8 sp=0xb65b3954 mode 2
Event: 6.999 Thread 0xb6407c00 Uncommon trap: trap_request=0xffffffc6 fr.pc=0xb361c16c
Event: 6.999 Thread 0xb6407c00 DEOPT PACKING pc=0xb361c16c sp=0xb65b3980
Event: 6.999 Thread 0xb6407c00 DEOPT UNPACKING pc=0xb3405bc8 sp=0xb65b3994 mode 2
Event: 7.007 Thread 0xb6407c00 Uncommon trap: trap_request=0xffffffde fr.pc=0xb34bd614
Event: 7.007 Thread 0xb6407c00 DEOPT PACKING pc=0xb34bd614 sp=0xb65b3b00
Event: 7.007 Thread 0xb6407c00 DEOPT UNPACKING pc=0xb3405bc8 sp=0xb65b3ae4 mode 2
Event: 7.358 Thread 0x67f28800 flushing nmethod 0xb34de0c8
Event: 7.421 Thread 0x67f28800 flushing nmethod 0xb3545508
Event: 7.452 Executing VM operation: ParallelGCFailedAllocation


Dynamic libraries:
08048000-08049000 r-xp 00000000 08:05 4983886    /usr/lib/jvm/java-7-openjdk-i386/jre/bin/java
08049000-0804a000 r--p 00000000 08:05 4983886    /usr/lib/jvm/java-7-openjdk-i386/jre/bin/java
0804a000-0804b000 rw-p 00001000 08:05 4983886    /usr/lib/jvm/java-7-openjdk-i386/jre/bin/java
0950a000-09ca8000 rw-p 00000000 00:00 0          [heap]
66a00000-66adf000 rw-p 00000000 00:00 0 
66adf000-66b00000 ---p 00000000 00:00 0 
66c00000-66cec000 rw-p 00000000 00:00 0 
66cec000-66d00000 ---p 00000000 00:00 0 
66d00000-66dfc000 rw-p 00000000 00:00 0 
66dfc000-66e00000 ---p 00000000 00:00 0 
66e00000-66efd000 rw-p 00000000 00:00 0 
66efd000-66f00000 ---p 00000000 00:00 0 
67000000-670fc000 rw-p 00000000 00:00 0 
670fc000-67100000 ---p 00000000 00:00 0 
67100000-67200000 rw-p 00000000 00:00 0 
67200000-672dc000 rw-p 00000000 00:00 0 
672dc000-67300000 ---p 00000000 00:00 0 
67300000-673fe000 rw-p 00000000 00:00 0 
673fe000-67400000 ---p 00000000 00:00 0 
67400000-674fd000 rw-p 00000000 00:00 0 
674fd000-67500000 ---p 00000000 00:00 0 
67600000-6762b000 rw-p 00000000 00:00 0 
6762b000-67700000 ---p 00000000 00:00 0 
67778000-677b2000 r-xp 00000000 08:05 3802088    /lib/i386-linux-gnu/libpcre.so.3.12.1
677b2000-677b3000 r--p 00039000 08:05 3802088    /lib/i386-linux-gnu/libpcre.so.3.12.1
677b3000-677b4000 rw-p 0003a000 08:05 3802088    /lib/i386-linux-gnu/libpcre.so.3.12.1
677b4000-677c7000 r-xp 00000000 08:05 3802099    /lib/i386-linux-gnu/libresolv-2.15.so
677c7000-677c8000 ---p 00013000 08:05 3802099    /lib/i386-linux-gnu/libresolv-2.15.so
677c8000-677c9000 r--p 00013000 08:05 3802099    /lib/i386-linux-gnu/libresolv-2.15.so
677c9000-677ca000 rw-p 00014000 08:05 3802099    /lib/i386-linux-gnu/libresolv-2.15.so
677ca000-677cc000 rw-p 00000000 00:00 0 
677cc000-677e9000 r-xp 00000000 08:05 3802103    /lib/i386-linux-gnu/libselinux.so.1
677e9000-677ea000 r--p 0001c000 08:05 3802103    /lib/i386-linux-gnu/libselinux.so.1
677ea000-677eb000 rw-p 0001d000 08:05 3802103    /lib/i386-linux-gnu/libselinux.so.1
677eb000-678e2000 r-xp 00000000 08:05 3802040    /lib/i386-linux-gnu/libglib-2.0.so.0.3200.3
678e2000-678e3000 r--p 000f6000 08:05 3802040    /lib/i386-linux-gnu/libglib-2.0.so.0.3200.3
678e3000-678e4000 rw-p 000f7000 08:05 3802040    /lib/i386-linux-gnu/libglib-2.0.so.0.3200.3
678e4000-67931000 r-xp 00000000 08:05 4985532    /usr/lib/i386-linux-gnu/libgobject-2.0.so.0.3200.3
67931000-67932000 r--p 0004c000 08:05 4985532    /usr/lib/i386-linux-gnu/libgobject-2.0.so.0.3200.3
67932000-67933000 rw-p 0004d000 08:05 4985532    /usr/lib/i386-linux-gnu/libgobject-2.0.so.0.3200.3
67933000-67a86000 r-xp 00000000 08:05 4985508    /usr/lib/i386-linux-gnu/libgio-2.0.so.0.3200.3
67a86000-67a88000 r--p 00153000 08:05 4985508    /usr/lib/i386-linux-gnu/libgio-2.0.so.0.3200.3
67a88000-67a89000 rw-p 00155000 08:05 4985508    /usr/lib/i386-linux-gnu/libgio-2.0.so.0.3200.3
67a89000-67a8a000 rw-p 00000000 00:00 0 
67a9c000-67ab3000 r-xp 00000000 08:05 4989135    /usr/lib/jvm/java-7-openjdk-i386/jre/lib/i386/libnet.so
67ab3000-67ab4000 r--p 00016000 08:05 4989135    /usr/lib/jvm/java-7-openjdk-i386/jre/lib/i386/libnet.so
67ab4000-67ab5000 rw-p 00017000 08:05 4989135    /usr/lib/jvm/java-7-openjdk-i386/jre/lib/i386/libnet.so
67ab5000-67ac6000 r-xp 00000000 08:05 4989121    /usr/lib/jvm/java-7-openjdk-i386/jre/lib/i386/libnio.so
67ac6000-67ac7000 r--p 00010000 08:05 4989121    /usr/lib/jvm/java-7-openjdk-i386/jre/lib/i386/libnio.so
67ac7000-67ac8000 rw-p 00011000 08:05 4989121    /usr/lib/jvm/java-7-openjdk-i386/jre/lib/i386/libnio.so
67ac8000-67adb000 r--s 000ae000 08:06 4587526    /home/ankit/Traafik latest/TraafikAppLatest/app/build/intermediates/exploded-aar/com.google.android.gms/play-services-ads/7.5.0/jars/classes.jar
67adb000-67adc000 ---p 00000000 00:00 0 
67adc000-67b5c000 rw-p 00000000 00:00 0 
67b5c000-67b5f000 ---p 00000000 00:00 0 
67b5f000-67bad000 rw-p 00000000 00:00 0 
67bad000-67bb0000 ---p 00000000 00:00 0 
67bb0000-67c2e000 rw-p 00000000 00:00 0 
67c2e000-67c31000 ---p 00000000 00:00 0 
67c31000-67caf000 rw-p 00000000 00:00 0 
67caf000-67cb2000 ---p 00000000 00:00 0 
67cb2000-67d00000 rw-p 00000000 00:00 0 
67d00000-67f00000 r--p 00000000 08:05 4988066    /usr/lib/locale/locale-archive
67f00000-68000000 rw-p 00000000 00:00 0 
68005000-68006000 ---p 00000000 00:00 0 
68006000-680cf000 rw-p 00000000 00:00 0 
680cf000-68280000 r--s 01d23000 08:05 4989042    /usr/lib/jvm/java-7-openjdk-i386/jre/lib/rt.jar
68280000-6ab00000 rw-p 00000000 00:00 0 
6ab00000-6abfd000 rw-p 00000000 00:00 0 
6abfd000-6ac00000 ---p 00000000 00:00 0 
6ac03000-6ac06000 ---p 00000000 00:00 0 
6ac06000-6ac54000 rw-p 00000000 00:00 0 
6ac54000-6ac57000 ---p 00000000 00:00 0 
6ac57000-6ad00000 rw-p 00000000 00:00 0 
6ad00000-6ad21000 rw-p 00000000 00:00 0 
6ad21000-6ae00000 ---p 00000000 00:00 0 
6ae00000-6ae05000 r-xp 00000000 08:05 4985471    /usr/lib/i386-linux-gnu/libffi.so.6.0.0
6ae05000-6ae06000 r--p 00004000 08:05 4985471    /usr/lib/i386-linux-gnu/libffi.so.6.0.0
6ae06000-6ae07000 rw-p 00005000 08:05 4985471    /usr/lib/i386-linux-gnu/libffi.so.6.0.0
6ae07000-6ae0a000 r-xp 00000000 08:05 4985518    /usr/lib/i386-linux-gnu/libgmodule-2.0.so.0.3200.3
6ae0a000-6ae0b000 r--p 00002000 08:05 4985518    /usr/lib/i386-linux-gnu/libgmodule-2.0.so.0.3200.3
6ae0b000-6ae0c000 rw-p 00003000 08:05 4985518    /usr/lib/i386-linux-gnu/libgmodule-2.0.so.0.3200.3
6ae0c000-6ae27000 rw-p 00000000 00:00 0 
6ae27000-6ae28000 ---p 00000000 00:00 0 
6ae28000-6aea8000 rw-p 00000000 00:00 0 
6aea8000-6aea9000 ---p 00000000 00:00 0 
6aea9000-6af31000 rw-p 00000000 00:00 0 
6af31000-6af69000 rw-p 00000000 00:00 0 
6af69000-6af7e000 rw-p 00000000 00:00 0 
6af7e000-6b0bf000 rw-p 00000000 00:00 0 
6b0bf000-6b0c7000 rw-p 00000000 00:00 0 
6b0c7000-6b0ff000 rw-p 00000000 00:00 0 
6b0ff000-6b114000 rw-p 00000000 00:00 0 
6b114000-6b254000 rw-p 00000000 00:00 0 
6b254000-6b2a1000 rw-p 00000000 00:00 0 
6b2a1000-6b2ff000 rw-p 00000000 00:00 0 
6b2ff000-6c300000 rw-p 00000000 00:00 0 
6c300000-73300000 rw-p 00000000 00:00 0 
73300000-75bc0000 rw-p 00000000 00:00 0 
75bc0000-9dd80000 rw-p 00000000 00:00 0 
9dd80000-a7580000 rw-p 00000000 00:00 0 
b0200000-b3300000 rw-p 00000000 00:00 0 
b3304000-b3313000 r--s 000dd000 08:06 21369266   /home/ankit/Ankitt Data/ECLIPSE/sdk/build-tools/22.0.1/lib/dx.jar
b3313000-b3314000 r--s 00007000 08:05 5246941    /usr/share/java/java-atk-wrapper.jar
b3314000-b3317000 r--s 0000f000 08:05 4989079    /usr/lib/jvm/java-7-openjdk-i386/jre/lib/ext/icedtea-sound.jar
b3317000-b3319000 r--s 00012000 08:05 4989084    /usr/lib/jvm/java-7-openjdk-i386/jre/lib/ext/zipfs.jar
b3319000-b3323000 rw-p 00000000 00:00 0 
b3323000-b33d9000 rw-p 00000000 00:00 0 
b33d9000-b3641000 rwxp 00000000 00:00 0 
b3641000-b63d9000 rw-p 00000000 00:00 0 
b63d9000-b63e4000 r-xp 00000000 08:05 3802066    /lib/i386-linux-gnu/libnss_files-2.15.so
b63e4000-b63e5000 r--p 0000a000 08:05 3802066    /lib/i386-linux-gnu/libnss_files-2.15.so
b63e5000-b63e6000 rw-p 0000b000 08:05 3802066    /lib/i386-linux-gnu/libnss_files-2.15.so
b63e6000-b63fc000 r-xp 00000000 08:05 3802060    /lib/i386-linux-gnu/libnsl-2.15.so
b63fc000-b63fd000 r--p 00015000 08:05 3802060    /lib/i386-linux-gnu/libnsl-2.15.so
b63fd000-b63fe000 rw-p 00016000 08:05 3802060    /lib/i386-linux-gnu/libnsl-2.15.so
b63fe000-b6400000 rw-p 00000000 00:00 0 
b6400000-b64fd000 rw-p 00000000 00:00 0 
b64fd000-b6500000 ---p 00000000 00:00 0 
b6500000-b6504000 r--s 00034000 08:05 4989083    /usr/lib/jvm/java-7-openjdk-i386/jre/lib/ext/sunjce_provider.jar
b6504000-b6508000 r--s 0003c000 08:05 4989081    /usr/lib/jvm/java-7-openjdk-i386/jre/lib/ext/sunpkcs11.jar
b6508000-b650b000 r--s 00086000 08:05 4989082    /usr/lib/jvm/java-7-openjdk-i386/jre/lib/ext/localedata.jar
b650b000-b6515000 r-xp 00000000 08:05 3802070    /lib/i386-linux-gnu/libnss_nis-2.15.so
b6515000-b6516000 r--p 00009000 08:05 3802070    /lib/i386-linux-gnu/libnss_nis-2.15.so
b6516000-b6517000 rw-p 0000a000 08:05 3802070    /lib/i386-linux-gnu/libnss_nis-2.15.so
b6517000-b651e000 r-xp 00000000 08:05 3802062    /lib/i386-linux-gnu/libnss_compat-2.15.so
b651e000-b651f000 r--p 00006000 08:05 3802062    /lib/i386-linux-gnu/libnss_compat-2.15.so
b651f000-b6520000 rw-p 00007000 08:05 3802062    /lib/i386-linux-gnu/libnss_compat-2.15.so
b6520000-b6528000 r-xp 00000000 08:05 4989114    /usr/lib/jvm/java-7-openjdk-i386/jre/lib/i386/libzip.so
b6528000-b6529000 r--p 00007000 08:05 4989114    /usr/lib/jvm/java-7-openjdk-i386/jre/lib/i386/libzip.so
b6529000-b652a000 rw-p 00008000 08:05 4989114    /usr/lib/jvm/java-7-openjdk-i386/jre/lib/i386/libzip.so
b652a000-b6532000 rw-s 00000000 08:05 145512     /tmp/hsperfdata_ankit/16005
b6532000-b6559000 r-xp 00000000 08:05 4989134    /usr/lib/jvm/java-7-openjdk-i386/jre/lib/i386/libjava.so
b6559000-b655a000 r--p 00026000 08:05 4989134    /usr/lib/jvm/java-7-openjdk-i386/jre/lib/i386/libjava.so
b655a000-b655b000 rw-p 00027000 08:05 4989134    /usr/lib/jvm/java-7-openjdk-i386/jre/lib/i386/libjava.so
b655b000-b6562000 r-xp 00000000 08:05 3802101    /lib/i386-linux-gnu/librt-2.15.so
b6562000-b6563000 r--p 00006000 08:05 3802101    /lib/i386-linux-gnu/librt-2.15.so
b6563000-b6564000 rw-p 00007000 08:05 3802101    /lib/i386-linux-gnu/librt-2.15.so
b6564000-b6567000 ---p 00000000 00:00 0 
b6567000-b65b5000 rw-p 00000000 00:00 0 
b65b5000-b65d1000 r-xp 00000000 08:05 3802036    /lib/i386-linux-gnu/libgcc_s.so.1
b65d1000-b65d2000 r--p 0001b000 08:05 3802036    /lib/i386-linux-gnu/libgcc_s.so.1
b65d2000-b65d3000 rw-p 0001c000 08:05 3802036    /lib/i386-linux-gnu/libgcc_s.so.1
b65d3000-b65fd000 r-xp 00000000 08:05 3802047    /lib/i386-linux-gnu/libm-2.15.so
b65fd000-b65fe000 r--p 00029000 08:05 3802047    /lib/i386-linux-gnu/libm-2.15.so
b65fe000-b65ff000 rw-p 0002a000 08:05 3802047    /lib/i386-linux-gnu/libm-2.15.so
b65ff000-b66d7000 r-xp 00000000 08:05 4985813    /usr/lib/i386-linux-gnu/libstdc++.so.6.0.16
b66d7000-b66d8000 ---p 000d8000 08:05 4985813    /usr/lib/i386-linux-gnu/libstdc++.so.6.0.16
b66d8000-b66dc000 r--p 000d8000 08:05 4985813    /usr/lib/i386-linux-gnu/libstdc++.so.6.0.16
b66dc000-b66dd000 rw-p 000dc000 08:05 4985813    /usr/lib/i386-linux-gnu/libstdc++.so.6.0.16
b66dd000-b66e4000 rw-p 00000000 00:00 0 
b66e4000-b70a6000 r-xp 00000000 08:05 4989140    /usr/lib/jvm/java-7-openjdk-i386/jre/lib/i386/server/libjvm.so
b70a6000-b70fb000 r--p 009c2000 08:05 4989140    /usr/lib/jvm/java-7-openjdk-i386/jre/lib/i386/server/libjvm.so
b70fb000-b710f000 rw-p 00a17000 08:05 4989140    /usr/lib/jvm/java-7-openjdk-i386/jre/lib/i386/server/libjvm.so
b710f000-b752d000 rw-p 00000000 00:00 0 
b752d000-b7541000 r-xp 00000000 08:05 3802126    /lib/i386-linux-gnu/libz.so.1.2.3.4
b7541000-b7542000 r--p 00013000 08:05 3802126    /lib/i386-linux-gnu/libz.so.1.2.3.4
b7542000-b7543000 rw-p 00014000 08:05 3802126    /lib/i386-linux-gnu/libz.so.1.2.3.4
b7543000-b755a000 r-xp 00000000 08:05 3802095    /lib/i386-linux-gnu/libpthread-2.15.so
b755a000-b755b000 r--p 00016000 08:05 3802095    /lib/i386-linux-gnu/libpthread-2.15.so
b755b000-b755c000 rw-p 00017000 08:05 3802095    /lib/i386-linux-gnu/libpthread-2.15.so
b755c000-b755e000 rw-p 00000000 00:00 0 
b755e000-b7561000 r-xp 00000000 08:05 3802028    /lib/i386-linux-gnu/libdl-2.15.so
b7561000-b7562000 r--p 00002000 08:05 3802028    /lib/i386-linux-gnu/libdl-2.15.so
b7562000-b7563000 rw-p 00003000 08:05 3802028    /lib/i386-linux-gnu/libdl-2.15.so
b7563000-b7702000 r-xp 00000000 08:05 3802015    /lib/i386-linux-gnu/libc-2.15.so
b7702000-b7704000 r--p 0019f000 08:05 3802015    /lib/i386-linux-gnu/libc-2.15.so
b7704000-b7705000 rw-p 001a1000 08:05 3802015    /lib/i386-linux-gnu/libc-2.15.so
b7705000-b7708000 rw-p 00000000 00:00 0 
b7708000-b7709000 r--s 00002000 08:05 4989080    /usr/lib/jvm/java-7-openjdk-i386/jre/lib/ext/dnsns.jar
b7709000-b770a000 r--p 005db000 08:05 4988066    /usr/lib/locale/locale-archive
b770a000-b770b000 rw-p 00000000 00:00 0 
b770b000-b770c000 ---p 00000000 00:00 0 
b770c000-b7718000 r-xp 00000000 08:05 4989131    /usr/lib/jvm/java-7-openjdk-i386/jre/lib/i386/libverify.so
b7718000-b7719000 r--p 0000b000 08:05 4989131    /usr/lib/jvm/java-7-openjdk-i386/jre/lib/i386/libverify.so
b7719000-b771a000 rw-p 0000c000 08:05 4989131    /usr/lib/jvm/java-7-openjdk-i386/jre/lib/i386/libverify.so
b771a000-b7727000 r-xp 00000000 08:05 4989106    /usr/lib/jvm/java-7-openjdk-i386/jre/lib/i386/jli/libjli.so
b7727000-b7728000 r--p 0000c000 08:05 4989106    /usr/lib/jvm/java-7-openjdk-i386/jre/lib/i386/jli/libjli.so
b7728000-b7729000 rw-p 0000d000 08:05 4989106    /usr/lib/jvm/java-7-openjdk-i386/jre/lib/i386/jli/libjli.so
b7729000-b772c000 rw-p 00000000 00:00 0 
b772c000-b772d000 r-xp 00000000 00:00 0          [vdso]
b772d000-b774d000 r-xp 00000000 08:05 3801995    /lib/i386-linux-gnu/ld-2.15.so
b774d000-b774e000 r--p 0001f000 08:05 3801995    /lib/i386-linux-gnu/ld-2.15.so
b774e000-b774f000 rw-p 00020000 08:05 3801995    /lib/i386-linux-gnu/ld-2.15.so
bff03000-bff04000 rwxp 00000000 00:00 0 
bff36000-bff57000 rw-p 00000000 00:00 0          [stack]

VM Arguments:
jvm_args: -Xmx1024M -Dfile.encoding=UTF-8 -Duser.country=IN -Duser.language=en -Duser.variant 
java_command: com.android.dx.command.Main --dex --output /home/ankit/Traafik latest/TraafikAppLatest/app/build/intermediates/pre-dexed/debug/classes-901c07b1cf6c422b1263d94aa6103f6badba80ff.jar /home/ankit/Traafik latest/TraafikAppLatest/app/build/intermediates/exploded-aar/com.google.android.gms/play-services-ads/7.5.0/jars/classes.jar
Launcher Type: SUN_STANDARD

Environment Variables:
PATH=/usr/lib/lightdm/lightdm:/usr/local/sbin:/usr/local/bin:/usr/sbin:/usr/bin:/sbin:/bin:/usr/games
LD_LIBRARY_PATH=/home/ankit/Android studio/android-studio/bin:
SHELL=/bin/bash
DISPLAY=:0.0

Signal Handlers:
SIGSEGV: [libjvm.so+0x80b550], sa_mask[0]=0x7ffbfeff, sa_flags=0x10000004
SIGBUS: [libjvm.so+0x80b550], sa_mask[0]=0x7ffbfeff, sa_flags=0x10000004
SIGFPE: [libjvm.so+0x6753e0], sa_mask[0]=0x7ffbfeff, sa_flags=0x10000004
SIGPIPE: [libjvm.so+0x6753e0], sa_mask[0]=0x7ffbfeff, sa_flags=0x10000004
SIGXFSZ: [libjvm.so+0x6753e0], sa_mask[0]=0x7ffbfeff, sa_flags=0x10000004
SIGILL: [libjvm.so+0x6753e0], sa_mask[0]=0x7ffbfeff, sa_flags=0x10000004
SIGUSR1: SIG_DFL, sa_mask[0]=0x00000000, sa_flags=0x00000000
SIGUSR2: [libjvm.so+0x675690], sa_mask[0]=0x00000004, sa_flags=0x10000004
SIGHUP: [libjvm.so+0x675850], sa_mask[0]=0x7ffbfeff, sa_flags=0x10000004
SIGINT: [libjvm.so+0x675850], sa_mask[0]=0x7ffbfeff, sa_flags=0x10000004
SIGTERM: [libjvm.so+0x675850], sa_mask[0]=0x7ffbfeff, sa_flags=0x10000004
SIGQUIT: [libjvm.so+0x675850], sa_mask[0]=0x7ffbfeff, sa_flags=0x10000004
SIGTRAP: SIG_DFL, sa_mask[0]=0x00000000, sa_flags=0x00000000


---------------  S Y S T E M  ---------------

OS:Ubuntu 12.04 (precise)
uname:Linux 3.2.0-29-generic-pae #46-Ubuntu SMP Fri Jul 27 17:25:43 UTC 2012 i686
libc:glibc 2.15 NPTL 2.15 
rlimit: STACK 8192k, CORE 0k, NPROC 31169, NOFILE 4096, AS infinity
load average:5.61 2.80 1.45

/proc/meminfo:
MemTotal:        4004304 kB
MemFree:          175044 kB
Buffers:             188 kB
Cached:           548752 kB
SwapCached:            0 kB
Active:          3372964 kB
Inactive:         378000 kB
Active(anon):    3353120 kB
Inactive(anon):   292944 kB
Active(file):      19844 kB
Inactive(file):    85056 kB
Unevictable:          32 kB
Mlocked:              32 kB
HighTotal:       3159312 kB
HighFree:           6408 kB
LowTotal:         844992 kB
LowFree:          168636 kB
SwapTotal:             0 kB
SwapFree:              0 kB
Dirty:               292 kB
Writeback:             0 kB
AnonPages:       3201972 kB
Mapped:            50044 kB
Shmem:            444076 kB
Slab:              39180 kB
SReclaimable:      19500 kB
SUnreclaim:        19680 kB
KernelStack:        4608 kB
PageTables:        18080 kB
NFS_Unstable:          0 kB
Bounce:                0 kB
WritebackTmp:          0 kB
CommitLimit:     2002152 kB
Committed_AS:    7150824 kB
VmallocTotal:     122880 kB
VmallocUsed:       15272 kB
VmallocChunk:     105556 kB
HardwareCorrupted:     0 kB
AnonHugePages:         0 kB
HugePages_Total:       0
HugePages_Free:        0
HugePages_Rsvd:        0
HugePages_Surp:        0
Hugepagesize:       2048 kB
DirectMap4k:       10232 kB
DirectMap2M:      903168 kB


CPU:total 2 (2 cores per cpu, 1 threads per core) family 6 model 58 stepping 9, cmov, cx8, fxsr, mmx, sse, sse2, sse3, ssse3, sse4.1, sse4.2, popcnt, erms, tsc, tscinvbit, tscinv

/proc/cpuinfo:
processor	: 0
vendor_id	: GenuineIntel
cpu family	: 6
model		: 58
model name	: Intel(R) Pentium(R) CPU G2030 @ 3.00GHz
stepping	: 9
microcode	: 0x17
cpu MHz		: 3000.000
cache size	: 3072 KB
physical id	: 0
siblings	: 2
core id		: 0
cpu cores	: 2
apicid		: 0
initial apicid	: 0
fdiv_bug	: no
hlt_bug		: no
f00f_bug	: no
coma_bug	: no
fpu		: yes
fpu_exception	: yes
cpuid level	: 13
wp		: yes
flags		: fpu vme de pse tsc msr pae mce cx8 apic sep mtrr pge mca cmov pat pse36 clflush dts acpi mmx fxsr sse sse2 ss ht tm pbe nx rdtscp lm constant_tsc arch_perfmon pebs bts xtopology nonstop_tsc aperfmperf pni pclmulqdq dtes64 monitor ds_cpl vmx est tm2 ssse3 cx16 xtpr pdcm pcid sse4_1 sse4_2 popcnt tsc_deadline_timer xsave lahf_lm arat epb xsaveopt pln pts dtherm tpr_shadow vnmi flexpriority ept vpid fsgsbase smep erms
bogomips	: 5986.60
clflush size	: 64
cache_alignment	: 64
address sizes	: 36 bits physical, 48 bits virtual
power management:

processor	: 1
vendor_id	: GenuineIntel
cpu family	: 6
model		: 58
model name	: Intel(R) Pentium(R) CPU G2030 @ 3.00GHz
stepping	: 9
microcode	: 0x17
cpu MHz		: 1600.000
cache size	: 3072 KB
physical id	: 0
siblings	: 2
core id		: 1
cpu cores	: 2
apicid		: 2
initial apicid	: 2
fdiv_bug	: no
hlt_bug		: no
f00f_bug	: no
coma_bug	: no
fpu		: yes
fpu_exception	: yes
cpuid level	: 13
wp		: yes
flags		: fpu vme de pse tsc msr pae mce cx8 apic sep mtrr pge mca cmov pat pse36 clflush dts acpi mmx fxsr sse sse2 ss ht tm pbe nx rdtscp lm constant_tsc arch_perfmon pebs bts xtopology nonstop_tsc aperfmperf pni pclmulqdq dtes64 monitor ds_cpl vmx est tm2 ssse3 cx16 xtpr pdcm pcid sse4_1 sse4_2 popcnt tsc_deadline_timer xsave lahf_lm arat epb xsaveopt pln pts dtherm tpr_shadow vnmi flexpriority ept vpid fsgsbase smep erms
bogomips	: 5986.36
clflush size	: 64
cache_alignment	: 64
address sizes	: 36 bits physical, 48 bits virtual
power management:



Memory: 4k page, physical 4004304k(175044k free), swap 0k(0k free)

vm_info: OpenJDK Server VM (24.75-b04) for linux-x86 JRE (1.7.0_75-b13), built on Jan 27 2015 16:24:35 by "buildd" with gcc 4.6.3

time: Thu Jul 16 16:02:46 2015
elapsed time: 7 seconds

