#
# There is insufficient memory for the Java Runtime Environment to continue.
# Native memory allocation (malloc) failed to allocate 32505856 bytes for committing reserved memory.
# Possible reasons:
#   The system is out of physical RAM or swap space
#   In 32 bit mode, the process size limit was hit
# Possible solutions:
#   Reduce memory load on the system
#   Increase physical memory or swap space
#   Check if swap backing store is full
#   Use 64 bit Java on a 64 bit OS
#   Decrease Java heap size (-Xmx/-Xms)
#   Decrease number of Java threads
#   Decrease Java thread stack sizes (-Xss)
#   Set larger code cache with -XX:ReservedCodeCacheSize=
# This output file may be truncated or incomplete.
#
#  Out of Memory Error (os_linux.cpp:2798), pid=20680, tid=1746426688
#
# JRE version: OpenJDK Runtime Environment (7.0_75-b13) (build 1.7.0_75-b13)
# Java VM: OpenJDK Server VM (24.75-b04 mixed mode linux-x86 )
# Derivative: IcedTea 2.5.4
# Distribution: Ubuntu 12.04 LTS, package 7u75-2.5.4-1~precise1
# Failed to write core dump. Core dumps have been disabled. To enable core dumping, try "ulimit -c unlimited" before starting Java again
#

---------------  T H R E A D  ---------------

Current thread (0x68010400):  VMThread [stack: 0x68105000,0x68186000] [id=20687]

Stack: [0x68105000,0x68186000]
[error occurred during error reporting (printing stack bounds), id 0xb]

VM_Operation (0xb665fa10): ParallelGCFailedAllocation, mode: safepoint, requested by thread 0xb6507c00


---------------  P R O C E S S  ---------------

Java Threads: ( => current thread )
  0x6802c400 JavaThread "Service Thread" daemon [_thread_blocked, id=20693, stack(0x67bba000,0x67c0b000)]
  0x6802a800 JavaThread "C2 CompilerThread1" daemon [_thread_blocked, id=20692, stack(0x67c0b000,0x67c8c000)]
  0x68028800 JavaThread "C2 CompilerThread0" daemon [_thread_blocked, id=20691, stack(0x67c8c000,0x67d0d000)]
  0x68026c00 JavaThread "Signal Dispatcher" daemon [_thread_blocked, id=20690, stack(0x67d0d000,0x67d5e000)]
  0x68014400 JavaThread "Finalizer" daemon [_thread_blocked, id=20689, stack(0x67f5e000,0x67faf000)]
  0x68012800 JavaThread "Reference Handler" daemon [_thread_blocked, id=20688, stack(0x67faf000,0x68000000)]
  0xb6507c00 JavaThread "main" [_thread_blocked, id=20684, stack(0xb6610000,0xb6661000)]

Other Threads:
=>0x68010400 VMThread [stack: 0x68105000,0x68186000] [id=20687]
  0x6802e000 WatcherThread [stack: 0x67b39000,0x67bba000] [id=20694]

VM state:at safepoint (normal execution)

VM Mutex/Monitor currently owned by a thread:  ([mutex/lock_event])
[0xb6505248] Threads_lock - owner thread: 0x68010400
[0xb6505658] Heap_lock - owner thread: 0xb6507c00

Heap
 PSYoungGen      total 34304K, used 2560K [0x9de40000, 0xa0240000, 0xb33c0000)
  eden space 31744K, 0% used [0x9de40000,0x9de40000,0x9fd40000)
  from space 2560K, 100% used [0x9fd40000,0x9ffc0000,0x9ffc0000)
  to   space 2560K, 0% used [0x9ffc0000,0x9ffc0000,0xa0240000)
 ParOldGen       total 41728K, used 8613K [0x733c0000, 0x75c80000, 0x9de40000)
  object space 41728K, 20% used [0x733c0000,0x73c29650,0x75c80000)
 PSPermGen       total 16384K, used 3939K [0x6b3c0000, 0x6c3c0000, 0x733c0000)
  object space 16384K, 24% used [0x6b3c0000,0x6b798cf8,0x6c3c0000)

Card table byte_map: [0x6b17f000,0x6b3c0000] byte_map_base: 0x6ae25200

Polling page: 0xb77b7000

Code Cache  [0xb3489000, 0xb36c9000, 0xb6489000)
 total_blobs=463 nmethods=344 adapters=73 free_code_cache=47962Kb largest_free_block=49091200

Compilation events (10 events):
Event: 2.975 Thread 0x68028800 nmethod 341 0xb35ab448 code [0xb35ab660, 0xb35ac34c]
Event: 2.975 Thread 0x68028800  342             com.android.dx.rop.cst.Constant::<init> (5 bytes)
Event: 2.977 Thread 0x68028800 nmethod 342 0xb35a1508 code [0xb35a15e0, 0xb35a1630]
Event: 2.977 Thread 0x68028800  343             java.util.AbstractSet::<init> (5 bytes)
Event: 2.977 Thread 0x68028800 nmethod 343 0xb35a4bc8 code [0xb35a4ca0, 0xb35a4cf0]
Event: 2.977 Thread 0x68028800  344             com.android.dx.cf.code.BaseMachine::getLocalTarget (151 bytes)
Event: 2.992 Thread 0x68028800 nmethod 344 0xb35b1f88 code [0xb35b2180, 0xb35b2a0c]
Event: 2.992 Thread 0x68028800  345             com.android.dx.cf.code.BaseMachine::clearArgs (56 bytes)
Event: 2.993 Thread 0x68028800 nmethod 345 0xb35a4a08 code [0xb35a4ae0, 0xb35a4b70]
Event: 2.993 Thread 0x68028800  346             com.android.dx.cf.code.ConcreteMethod::makeSourcePosistion (21 bytes)

GC Heap History (5 events):
Event: 0.864 GC heap before
{Heap before GC invocations=1 (full 0):
 PSYoungGen      total 18432K, used 15872K [0x9de40000, 0x9f2c0000, 0xb33c0000)
  eden space 15872K, 100% used [0x9de40000,0x9edc0000,0x9edc0000)
  from space 2560K, 0% used [0x9f040000,0x9f040000,0x9f2c0000)
  to   space 2560K, 0% used [0x9edc0000,0x9edc0000,0x9f040000)
 ParOldGen       total 41728K, used 0K [0x733c0000, 0x75c80000, 0x9de40000)
  object space 41728K, 0% used [0x733c0000,0x733c0000,0x75c80000)
 PSPermGen       total 16384K, used 3826K [0x6b3c0000, 0x6c3c0000, 0x733c0000)
  object space 16384K, 23% used [0x6b3c0000,0x6b77c878,0x6c3c0000)
Event: 0.875 GC heap after
Heap after GC invocations=1 (full 0):
 PSYoungGen      total 18432K, used 2553K [0x9de40000, 0xa0240000, 0xb33c0000)
  eden space 15872K, 0% used [0x9de40000,0x9de40000,0x9edc0000)
  from space 2560K, 99% used [0x9edc0000,0x9f03e5b8,0x9f040000)
  to   space 2560K, 0% used [0x9ffc0000,0x9ffc0000,0xa0240000)
 ParOldGen       total 41728K, used 1362K [0x733c0000, 0x75c80000, 0x9de40000)
  object space 41728K, 3% used [0x733c0000,0x735149a8,0x75c80000)
 PSPermGen       total 16384K, used 3826K [0x6b3c0000, 0x6c3c0000, 0x733c0000)
  object space 16384K, 23% used [0x6b3c0000,0x6b77c878,0x6c3c0000)
}
Event: 1.624 GC heap before
{Heap before GC invocations=2 (full 0):
 PSYoungGen      total 18432K, used 18425K [0x9de40000, 0xa0240000, 0xb33c0000)
  eden space 15872K, 100% used [0x9de40000,0x9edc0000,0x9edc0000)
  from space 2560K, 99% used [0x9edc0000,0x9f03e5b8,0x9f040000)
  to   space 2560K, 0% used [0x9ffc0000,0x9ffc0000,0xa0240000)
 ParOldGen       total 41728K, used 1362K [0x733c0000, 0x75c80000, 0x9de40000)
  object space 41728K, 3% used [0x733c0000,0x735149a8,0x75c80000)
 PSPermGen       total 16384K, used 3907K [0x6b3c0000, 0x6c3c0000, 0x733c0000)
  object space 16384K, 23% used [0x6b3c0000,0x6b790c78,0x6c3c0000)
Event: 1.639 GC heap after
Heap after GC invocations=2 (full 0):
 PSYoungGen      total 34304K, used 2554K [0x9de40000, 0xa0240000, 0xb33c0000)
  eden space 31744K, 0% used [0x9de40000,0x9de40000,0x9fd40000)
  from space 2560K, 99% used [0x9ffc0000,0xa023eae0,0xa0240000)
  to   space 2560K, 0% used [0x9fd40000,0x9fd40000,0x9ffc0000)
 ParOldGen       total 41728K, used 3725K [0x733c0000, 0x75c80000, 0x9de40000)
  object space 41728K, 8% used [0x733c0000,0x737636e0,0x75c80000)
 PSPermGen       total 16384K, used 3907K [0x6b3c0000, 0x6c3c0000, 0x733c0000)
  object space 16384K, 23% used [0x6b3c0000,0x6b790c78,0x6c3c0000)
}
Event: 2.994 GC heap before
{Heap before GC invocations=3 (full 0):
 PSYoungGen      total 34304K, used 34298K [0x9de40000, 0xa0240000, 0xb33c0000)
  eden space 31744K, 100% used [0x9de40000,0x9fd40000,0x9fd40000)
  from space 2560K, 99% used [0x9ffc0000,0xa023eae0,0xa0240000)
  to   space 2560K, 0% used [0x9fd40000,0x9fd40000,0x9ffc0000)
 ParOldGen       total 41728K, used 3725K [0x733c0000, 0x75c80000, 0x9de40000)
  object space 41728K, 8% used [0x733c0000,0x737636e0,0x75c80000)
 PSPermGen       total 16384K, used 3939K [0x6b3c0000, 0x6c3c0000, 0x733c0000)
  object space 16384K, 24% used [0x6b3c0000,0x6b798cf8,0x6c3c0000)

Deoptimization events (10 events):
Event: 0.820 Thread 0xb6507c00 Uncommon trap: reason=class_check action=maybe_recompile pc=0xb34e3a88 method=com.android.dx.ssa.NormalSsaInsn.accept(Lcom/android/dx/ssa/SsaInsn$Visitor;)V @ 9
Event: 1.055 Thread 0xb6507c00 Uncommon trap: reason=unreached action=reinterpret pc=0xb34f0494 method=com.android.dx.rop.cst.Constant.compareTo(Lcom/android/dx/rop/cst/Constant;)I @ 12
Event: 1.133 Thread 0xb6507c00 Uncommon trap: reason=null_check action=make_not_entrant pc=0xb3519824 method=com.android.dx.rop.code.RegisterSpec.equals(Ljava/lang/Object;)Z @ 1
Event: 1.282 Thread 0xb6507c00 Uncommon trap: reason=unreached action=reinterpret pc=0xb352b31c method=com.android.dx.ssa.SCCP.simulateBranch(Lcom/android/dx/ssa/SsaInsn;)V @ 132
Event: 1.407 Thread 0xb6507c00 Uncommon trap: reason=null_check action=make_not_entrant pc=0xb3533230 method=com.android.dx.rop.type.Type.putIntern(Lcom/android/dx/rop/type/Type;)Lcom/android/dx/rop/type/Type; @ 18
Event: 2.427 Thread 0xb6507c00 Uncommon trap: reason=class_check action=maybe_recompile pc=0xb359a84c method=com.android.dx.ssa.SsaMethod.isRegALocal(Lcom/android/dx/rop/code/RegisterSpec;)Z @ 16
Event: 2.427 Thread 0xb6507c00 Uncommon trap: reason=class_check action=maybe_recompile pc=0xb359a84c method=com.android.dx.ssa.SsaMethod.isRegALocal(Lcom/android/dx/rop/code/RegisterSpec;)Z @ 16
Event: 2.427 Thread 0xb6507c00 Uncommon trap: reason=class_check action=maybe_recompile pc=0xb359a84c method=com.android.dx.ssa.SsaMethod.isRegALocal(Lcom/android/dx/rop/code/RegisterSpec;)Z @ 16
Event: 2.508 Thread 0xb6507c00 Uncommon trap: reason=null_check action=make_not_entrant pc=0xb35019d0 method=com.android.dx.rop.type.Type.equals(Ljava/lang/Object;)Z @ 8
Event: 2.535 Thread 0xb6507c00 Uncommon trap: reason=unreached action=reinterpret pc=0xb3589c04 method=com.android.dx.ssa.MoveParamCombiner$1.visitNonMoveInsn(Lcom/android/dx/ssa/NormalSsaInsn;)V @ 27

Internal exceptions (10 events):
Event: 0.577 Thread 0xb6507c00 Threw 0x9e8ffcc0 at /build/buildd/openjdk-7-7u75-2.5.4/build/openjdk/hotspot/src/share/vm/prims/jvm.cpp:1284
Event: 0.578 Thread 0xb6507c00 Threw 0x9e9026f8 at /build/buildd/openjdk-7-7u75-2.5.4/build/openjdk/hotspot/src/share/vm/prims/jvm.cpp:1284
Event: 0.588 Thread 0xb6507c00 Implicit null exception at 0xb34ebb0f to 0xb34ebce1
Event: 0.840 Thread 0xb6507c00 Threw 0x9ed28548 at /build/buildd/openjdk-7-7u75-2.5.4/build/openjdk/hotspot/src/share/vm/prims/jvm.cpp:1284
Event: 0.862 Thread 0xb6507c00 Threw 0x9edaa2c8 at /build/buildd/openjdk-7-7u75-2.5.4/build/openjdk/hotspot/src/share/vm/prims/jvm.cpp:1284
Event: 1.133 Thread 0xb6507c00 Implicit null exception at 0xb3518a7f to 0xb3519809
Event: 1.194 Thread 0xb6507c00 Threw 0x9e529840 at /build/buildd/openjdk-7-7u75-2.5.4/build/openjdk/hotspot/src/share/vm/prims/jvm.cpp:1284
Event: 1.221 Thread 0xb6507c00 Threw 0x9e5cdd90 at /build/buildd/openjdk-7-7u75-2.5.4/build/openjdk/hotspot/src/share/vm/prims/jvm.cpp:1284
Event: 1.407 Thread 0xb6507c00 Implicit null exception at 0xb3532c2e to 0xb3533221
Event: 2.508 Thread 0xb6507c00 Implicit null exception at 0xb35018eb to 0xb35019c2

Events (10 events):
Event: 2.427 Thread 0xb6507c00 Uncommon trap: trap_request=0xffffffde fr.pc=0xb359a84c
Event: 2.427 Thread 0xb6507c00 DEOPT PACKING pc=0xb359a84c sp=0xb665fa50
Event: 2.427 Thread 0xb6507c00 DEOPT UNPACKING pc=0xb34b5bc8 sp=0xb665fa04 mode 2
Event: 2.508 Thread 0xb6507c00 Uncommon trap: trap_request=0xfffffff4 fr.pc=0xb35019d0
Event: 2.508 Thread 0xb6507c00 DEOPT PACKING pc=0xb35019d0 sp=0xb665f9d0
Event: 2.508 Thread 0xb6507c00 DEOPT UNPACKING pc=0xb34b5bc8 sp=0xb665f9a4 mode 2
Event: 2.535 Thread 0xb6507c00 Uncommon trap: trap_request=0xffffffad fr.pc=0xb3589c04
Event: 2.535 Thread 0xb6507c00 DEOPT PACKING pc=0xb3589c04 sp=0xb665fa60
Event: 2.830 Thread 0xb6507c00 DEOPT UNPACKING pc=0xb34b5bc8 sp=0xb665fa14 mode 2
Event: 2.994 Executing VM operation: ParallelGCFailedAllocation


Dynamic libraries:
08048000-08049000 r-xp 00000000 08:05 4983886    /usr/lib/jvm/java-7-openjdk-i386/jre/bin/java
08049000-0804a000 r--p 00000000 08:05 4983886    /usr/lib/jvm/java-7-openjdk-i386/jre/bin/java
0804a000-0804b000 rw-p 00001000 08:05 4983886    /usr/lib/jvm/java-7-openjdk-i386/jre/bin/java
09b97000-0a141000 rw-p 00000000 00:00 0          [heap]
66f00000-66ff9000 rw-p 00000000 00:00 0 
66ff9000-67000000 ---p 00000000 00:00 0 
67100000-671c2000 rw-p 00000000 00:00 0 
671c2000-67200000 ---p 00000000 00:00 0 
67200000-672f1000 rw-p 00000000 00:00 0 
672f1000-67300000 ---p 00000000 00:00 0 
67300000-673ec000 rw-p 00000000 00:00 0 
673ec000-67400000 ---p 00000000 00:00 0 
67400000-674fd000 rw-p 00000000 00:00 0 
674fd000-67500000 ---p 00000000 00:00 0 
67500000-675fc000 rw-p 00000000 00:00 0 
675fc000-67600000 ---p 00000000 00:00 0 
67700000-67733000 rw-p 00000000 00:00 0 
67733000-67800000 ---p 00000000 00:00 0 
67827000-67861000 r-xp 00000000 08:05 3802088    /lib/i386-linux-gnu/libpcre.so.3.12.1
67861000-67862000 r--p 00039000 08:05 3802088    /lib/i386-linux-gnu/libpcre.so.3.12.1
67862000-67863000 rw-p 0003a000 08:05 3802088    /lib/i386-linux-gnu/libpcre.so.3.12.1
67863000-67876000 r-xp 00000000 08:05 3802099    /lib/i386-linux-gnu/libresolv-2.15.so
67876000-67877000 ---p 00013000 08:05 3802099    /lib/i386-linux-gnu/libresolv-2.15.so
67877000-67878000 r--p 00013000 08:05 3802099    /lib/i386-linux-gnu/libresolv-2.15.so
67878000-67879000 rw-p 00014000 08:05 3802099    /lib/i386-linux-gnu/libresolv-2.15.so
67879000-6787b000 rw-p 00000000 00:00 0 
6787b000-67898000 r-xp 00000000 08:05 3802103    /lib/i386-linux-gnu/libselinux.so.1
67898000-67899000 r--p 0001c000 08:05 3802103    /lib/i386-linux-gnu/libselinux.so.1
67899000-6789a000 rw-p 0001d000 08:05 3802103    /lib/i386-linux-gnu/libselinux.so.1
6789a000-67991000 r-xp 00000000 08:05 3802040    /lib/i386-linux-gnu/libglib-2.0.so.0.3200.3
67991000-67992000 r--p 000f6000 08:05 3802040    /lib/i386-linux-gnu/libglib-2.0.so.0.3200.3
67992000-67993000 rw-p 000f7000 08:05 3802040    /lib/i386-linux-gnu/libglib-2.0.so.0.3200.3
67993000-679e0000 r-xp 00000000 08:05 4985532    /usr/lib/i386-linux-gnu/libgobject-2.0.so.0.3200.3
679e0000-679e1000 r--p 0004c000 08:05 4985532    /usr/lib/i386-linux-gnu/libgobject-2.0.so.0.3200.3
679e1000-679e2000 rw-p 0004d000 08:05 4985532    /usr/lib/i386-linux-gnu/libgobject-2.0.so.0.3200.3
679e2000-67b35000 r-xp 00000000 08:05 4985508    /usr/lib/i386-linux-gnu/libgio-2.0.so.0.3200.3
67b35000-67b37000 r--p 00153000 08:05 4985508    /usr/lib/i386-linux-gnu/libgio-2.0.so.0.3200.3
67b37000-67b38000 rw-p 00155000 08:05 4985508    /usr/lib/i386-linux-gnu/libgio-2.0.so.0.3200.3
67b38000-67b39000 rw-p 00000000 00:00 0 
67b39000-67b3a000 ---p 00000000 00:00 0 
67b3a000-67bba000 rw-p 00000000 00:00 0 
67bba000-67bbd000 ---p 00000000 00:00 0 
67bbd000-67c0b000 rw-p 00000000 00:00 0 
67c0b000-67c0e000 ---p 00000000 00:00 0 
67c0e000-67c8c000 rw-p 00000000 00:00 0 
67c8c000-67c8f000 ---p 00000000 00:00 0 
67c8f000-67d0d000 rw-p 00000000 00:00 0 
67d0d000-67d10000 ---p 00000000 00:00 0 
67d10000-67d5e000 rw-p 00000000 00:00 0 
67d5e000-67f5e000 r--p 00000000 08:05 4988066    /usr/lib/locale/locale-archive
67f5e000-67f61000 ---p 00000000 00:00 0 
67f61000-67faf000 rw-p 00000000 00:00 0 
67faf000-67fb2000 ---p 00000000 00:00 0 
67fb2000-68000000 rw-p 00000000 00:00 0 
68000000-680fd000 rw-p 00000000 00:00 0 
680fd000-68100000 ---p 00000000 00:00 0 
68105000-68106000 ---p 00000000 00:00 0 
68106000-681cf000 rw-p 00000000 00:00 0 
681cf000-68380000 r--s 01d23000 08:05 4989042    /usr/lib/jvm/java-7-openjdk-i386/jre/lib/rt.jar
68380000-6ac00000 rw-p 00000000 00:00 0 
6ac00000-6acf4000 rw-p 00000000 00:00 0 
6acf4000-6ad00000 ---p 00000000 00:00 0 
6ad0b000-6ad10000 r-xp 00000000 08:05 4985471    /usr/lib/i386-linux-gnu/libffi.so.6.0.0
6ad10000-6ad11000 r--p 00004000 08:05 4985471    /usr/lib/i386-linux-gnu/libffi.so.6.0.0
6ad11000-6ad12000 rw-p 00005000 08:05 4985471    /usr/lib/i386-linux-gnu/libffi.so.6.0.0
6ad24000-6ad7f000 rw-p 00000000 00:00 0 
6ad7f000-6ad80000 ---p 00000000 00:00 0 
6ad80000-6ae00000 rw-p 00000000 00:00 0 
6ae00000-6ae21000 rw-p 00000000 00:00 0 
6ae21000-6af00000 ---p 00000000 00:00 0 
6af00000-6af03000 r-xp 00000000 08:05 4985518    /usr/lib/i386-linux-gnu/libgmodule-2.0.so.0.3200.3
6af03000-6af04000 r--p 00002000 08:05 4985518    /usr/lib/i386-linux-gnu/libgmodule-2.0.so.0.3200.3
6af04000-6af05000 rw-p 00003000 08:05 4985518    /usr/lib/i386-linux-gnu/libgmodule-2.0.so.0.3200.3
6af05000-6af1c000 r-xp 00000000 08:05 4989135    /usr/lib/jvm/java-7-openjdk-i386/jre/lib/i386/libnet.so
6af1c000-6af1d000 r--p 00016000 08:05 4989135    /usr/lib/jvm/java-7-openjdk-i386/jre/lib/i386/libnet.so
6af1d000-6af1e000 rw-p 00017000 08:05 4989135    /usr/lib/jvm/java-7-openjdk-i386/jre/lib/i386/libnet.so
6af1e000-6af2f000 r-xp 00000000 08:05 4989121    /usr/lib/jvm/java-7-openjdk-i386/jre/lib/i386/libnio.so
6af2f000-6af30000 r--p 00010000 08:05 4989121    /usr/lib/jvm/java-7-openjdk-i386/jre/lib/i386/libnio.so
6af30000-6af31000 rw-p 00011000 08:05 4989121    /usr/lib/jvm/java-7-openjdk-i386/jre/lib/i386/libnio.so
6af31000-6af3d000 r--s 0005d000 08:06 21366416   /home/ankit/Traafik latest/TraafikAppLatest/app/build/intermediates/exploded-aar/com.google.android.gms/play-services-drive/7.5.0/jars/classes.jar
6af3d000-6af4c000 r--s 000dd000 08:06 21369266   /home/ankit/Ankitt Data/ECLIPSE/sdk/build-tools/22.0.1/lib/dx.jar
6af4c000-6af4d000 r--s 00007000 08:05 5246941    /usr/share/java/java-atk-wrapper.jar
6af4d000-6af68000 rw-p 00000000 00:00 0 
6af68000-6af69000 ---p 00000000 00:00 0 
6af69000-6aff1000 rw-p 00000000 00:00 0 
6aff1000-6b029000 rw-p 00000000 00:00 0 
6b029000-6b03e000 rw-p 00000000 00:00 0 
6b03e000-6b17f000 rw-p 00000000 00:00 0 
6b17f000-6b187000 rw-p 00000000 00:00 0 
6b187000-6b1bf000 rw-p 00000000 00:00 0 
6b1bf000-6b1d4000 rw-p 00000000 00:00 0 
6b1d4000-6b314000 rw-p 00000000 00:00 0 
6b314000-6b327000 rw-p 00000000 00:00 0 
6b327000-6b3bf000 rw-p 00000000 00:00 0 
6b3bf000-6c3c0000 rw-p 00000000 00:00 0 
6c3c0000-733c0000 rw-p 00000000 00:00 0 
733c0000-75c80000 rw-p 00000000 00:00 0 
75c80000-9de40000 rw-p 00000000 00:00 0 
9de40000-a0240000 rw-p 00000000 00:00 0 
a2140000-b33c0000 rw-p 00000000 00:00 0 
b33c0000-b33c3000 r--s 0000f000 08:05 4989079    /usr/lib/jvm/java-7-openjdk-i386/jre/lib/ext/icedtea-sound.jar
b33c3000-b33c5000 r--s 00012000 08:05 4989084    /usr/lib/jvm/java-7-openjdk-i386/jre/lib/ext/zipfs.jar
b33c5000-b33c9000 r--s 00034000 08:05 4989083    /usr/lib/jvm/java-7-openjdk-i386/jre/lib/ext/sunjce_provider.jar
b33c9000-b33d2000 rw-p 00000000 00:00 0 
b33d2000-b3489000 rw-p 00000000 00:00 0 
b3489000-b36c9000 rwxp 00000000 00:00 0 
b36c9000-b6489000 rw-p 00000000 00:00 0 
b6489000-b6494000 r-xp 00000000 08:05 3802066    /lib/i386-linux-gnu/libnss_files-2.15.so
b6494000-b6495000 r--p 0000a000 08:05 3802066    /lib/i386-linux-gnu/libnss_files-2.15.so
b6495000-b6496000 rw-p 0000b000 08:05 3802066    /lib/i386-linux-gnu/libnss_files-2.15.so
b6496000-b64a0000 r-xp 00000000 08:05 3802070    /lib/i386-linux-gnu/libnss_nis-2.15.so
b64a0000-b64a1000 r--p 00009000 08:05 3802070    /lib/i386-linux-gnu/libnss_nis-2.15.so
b64a1000-b64a2000 rw-p 0000a000 08:05 3802070    /lib/i386-linux-gnu/libnss_nis-2.15.so
b64a2000-b64b8000 r-xp 00000000 08:05 3802060    /lib/i386-linux-gnu/libnsl-2.15.so
b64b8000-b64b9000 r--p 00015000 08:05 3802060    /lib/i386-linux-gnu/libnsl-2.15.so
b64b9000-b64ba000 rw-p 00016000 08:05 3802060    /lib/i386-linux-gnu/libnsl-2.15.so
b64ba000-b64bc000 rw-p 00000000 00:00 0 
b64bc000-b64c3000 r-xp 00000000 08:05 3802062    /lib/i386-linux-gnu/libnss_compat-2.15.so
b64c3000-b64c4000 r--p 00006000 08:05 3802062    /lib/i386-linux-gnu/libnss_compat-2.15.so
b64c4000-b64c5000 rw-p 00007000 08:05 3802062    /lib/i386-linux-gnu/libnss_compat-2.15.so
b64c5000-b64cd000 r-xp 00000000 08:05 4989114    /usr/lib/jvm/java-7-openjdk-i386/jre/lib/i386/libzip.so
b64cd000-b64ce000 r--p 00007000 08:05 4989114    /usr/lib/jvm/java-7-openjdk-i386/jre/lib/i386/libzip.so
b64ce000-b64cf000 rw-p 00008000 08:05 4989114    /usr/lib/jvm/java-7-openjdk-i386/jre/lib/i386/libzip.so
b64cf000-b64d7000 rw-s 00000000 08:05 145495     /tmp/hsperfdata_ankit/20680
b64d7000-b64fe000 r-xp 00000000 08:05 4989134    /usr/lib/jvm/java-7-openjdk-i386/jre/lib/i386/libjava.so
b64fe000-b64ff000 r--p 00026000 08:05 4989134    /usr/lib/jvm/java-7-openjdk-i386/jre/lib/i386/libjava.so
b64ff000-b6500000 rw-p 00027000 08:05 4989134    /usr/lib/jvm/java-7-openjdk-i386/jre/lib/i386/libjava.so
b6500000-b65fd000 rw-p 00000000 00:00 0 
b65fd000-b6600000 ---p 00000000 00:00 0 
b6600000-b6604000 r--s 0003c000 08:05 4989081    /usr/lib/jvm/java-7-openjdk-i386/jre/lib/ext/sunpkcs11.jar
b6604000-b6607000 r--s 00086000 08:05 4989082    /usr/lib/jvm/java-7-openjdk-i386/jre/lib/ext/localedata.jar
b6607000-b660e000 r-xp 00000000 08:05 3802101    /lib/i386-linux-gnu/librt-2.15.so
b660e000-b660f000 r--p 00006000 08:05 3802101    /lib/i386-linux-gnu/librt-2.15.so
b660f000-b6610000 rw-p 00007000 08:05 3802101    /lib/i386-linux-gnu/librt-2.15.so
b6610000-b6613000 ---p 00000000 00:00 0 
b6613000-b6661000 rw-p 00000000 00:00 0 
b6661000-b667d000 r-xp 00000000 08:05 3802036    /lib/i386-linux-gnu/libgcc_s.so.1
b667d000-b667e000 r--p 0001b000 08:05 3802036    /lib/i386-linux-gnu/libgcc_s.so.1
b667e000-b667f000 rw-p 0001c000 08:05 3802036    /lib/i386-linux-gnu/libgcc_s.so.1
b667f000-b66a9000 r-xp 00000000 08:05 3802047    /lib/i386-linux-gnu/libm-2.15.so
b66a9000-b66aa000 r--p 00029000 08:05 3802047    /lib/i386-linux-gnu/libm-2.15.so
b66aa000-b66ab000 rw-p 0002a000 08:05 3802047    /lib/i386-linux-gnu/libm-2.15.so
b66ab000-b6783000 r-xp 00000000 08:05 4985813    /usr/lib/i386-linux-gnu/libstdc++.so.6.0.16
b6783000-b6784000 ---p 000d8000 08:05 4985813    /usr/lib/i386-linux-gnu/libstdc++.so.6.0.16
b6784000-b6788000 r--p 000d8000 08:05 4985813    /usr/lib/i386-linux-gnu/libstdc++.so.6.0.16
b6788000-b6789000 rw-p 000dc000 08:05 4985813    /usr/lib/i386-linux-gnu/libstdc++.so.6.0.16
b6789000-b6790000 rw-p 00000000 00:00 0 
b6790000-b7152000 r-xp 00000000 08:05 4989140    /usr/lib/jvm/java-7-openjdk-i386/jre/lib/i386/server/libjvm.so
b7152000-b71a7000 r--p 009c2000 08:05 4989140    /usr/lib/jvm/java-7-openjdk-i386/jre/lib/i386/server/libjvm.so
b71a7000-b71bb000 rw-p 00a17000 08:05 4989140    /usr/lib/jvm/java-7-openjdk-i386/jre/lib/i386/server/libjvm.so
b71bb000-b75d9000 rw-p 00000000 00:00 0 
b75d9000-b75ed000 r-xp 00000000 08:05 3802126    /lib/i386-linux-gnu/libz.so.1.2.3.4
b75ed000-b75ee000 r--p 00013000 08:05 3802126    /lib/i386-linux-gnu/libz.so.1.2.3.4
b75ee000-b75ef000 rw-p 00014000 08:05 3802126    /lib/i386-linux-gnu/libz.so.1.2.3.4
b75ef000-b7606000 r-xp 00000000 08:05 3802095    /lib/i386-linux-gnu/libpthread-2.15.so
b7606000-b7607000 r--p 00016000 08:05 3802095    /lib/i386-linux-gnu/libpthread-2.15.so
b7607000-b7608000 rw-p 00017000 08:05 3802095    /lib/i386-linux-gnu/libpthread-2.15.so
b7608000-b760a000 rw-p 00000000 00:00 0 
b760a000-b760d000 r-xp 00000000 08:05 3802028    /lib/i386-linux-gnu/libdl-2.15.so
b760d000-b760e000 r--p 00002000 08:05 3802028    /lib/i386-linux-gnu/libdl-2.15.so
b760e000-b760f000 rw-p 00003000 08:05 3802028    /lib/i386-linux-gnu/libdl-2.15.so
b760f000-b77ae000 r-xp 00000000 08:05 3802015    /lib/i386-linux-gnu/libc-2.15.so
b77ae000-b77b0000 r--p 0019f000 08:05 3802015    /lib/i386-linux-gnu/libc-2.15.so
b77b0000-b77b1000 rw-p 001a1000 08:05 3802015    /lib/i386-linux-gnu/libc-2.15.so
b77b1000-b77b4000 rw-p 00000000 00:00 0 
b77b4000-b77b5000 r--s 00002000 08:05 4989080    /usr/lib/jvm/java-7-openjdk-i386/jre/lib/ext/dnsns.jar
b77b5000-b77b6000 r--p 005db000 08:05 4988066    /usr/lib/locale/locale-archive
b77b6000-b77b7000 rw-p 00000000 00:00 0 
b77b7000-b77b8000 ---p 00000000 00:00 0 
b77b8000-b77c4000 r-xp 00000000 08:05 4989131    /usr/lib/jvm/java-7-openjdk-i386/jre/lib/i386/libverify.so
b77c4000-b77c5000 r--p 0000b000 08:05 4989131    /usr/lib/jvm/java-7-openjdk-i386/jre/lib/i386/libverify.so
b77c5000-b77c6000 rw-p 0000c000 08:05 4989131    /usr/lib/jvm/java-7-openjdk-i386/jre/lib/i386/libverify.so
b77c6000-b77d3000 r-xp 00000000 08:05 4989106    /usr/lib/jvm/java-7-openjdk-i386/jre/lib/i386/jli/libjli.so
b77d3000-b77d4000 r--p 0000c000 08:05 4989106    /usr/lib/jvm/java-7-openjdk-i386/jre/lib/i386/jli/libjli.so
b77d4000-b77d5000 rw-p 0000d000 08:05 4989106    /usr/lib/jvm/java-7-openjdk-i386/jre/lib/i386/jli/libjli.so
b77d5000-b77d8000 rw-p 00000000 00:00 0 
b77d8000-b77d9000 r-xp 00000000 00:00 0          [vdso]
b77d9000-b77f9000 r-xp 00000000 08:05 3801995    /lib/i386-linux-gnu/ld-2.15.so
b77f9000-b77fa000 r--p 0001f000 08:05 3801995    /lib/i386-linux-gnu/ld-2.15.so
b77fa000-b77fb000 rw-p 00020000 08:05 3801995    /lib/i386-linux-gnu/ld-2.15.so
bfada000-bfadb000 rwxp 00000000 00:00 0 
bfb0d000-bfb2e000 rw-p 00000000 00:00 0          [stack]

VM Arguments:
jvm_args: -Xmx1024M -Dfile.encoding=UTF-8 -Duser.country=IN -Duser.language=en -Duser.variant 
java_command: com.android.dx.command.Main --dex --output /home/ankit/Traafik latest/TraafikAppLatest/app/build/intermediates/pre-dexed/debug/classes-ffaf22160b5955d859e358d239494aaec1df0caf.jar /home/ankit/Traafik latest/TraafikAppLatest/app/build/intermediates/exploded-aar/com.google.android.gms/play-services-drive/7.5.0/jars/classes.jar
Launcher Type: SUN_STANDARD

Environment Variables:
PATH=/usr/lib/lightdm/lightdm:/usr/local/sbin:/usr/local/bin:/usr/sbin:/usr/bin:/sbin:/bin:/usr/games
LD_LIBRARY_PATH=/home/ankit/Android studio/android-studio/bin:
SHELL=/bin/bash
DISPLAY=:0.0

Signal Handlers:
SIGSEGV: [libjvm.so+0x80b550], sa_mask[0]=0x7ffbfeff, sa_flags=0x10000004
SIGBUS: [libjvm.so+0x80b550], sa_mask[0]=0x7ffbfeff, sa_flags=0x10000004
SIGFPE: [libjvm.so+0x6753e0], sa_mask[0]=0x7ffbfeff, sa_flags=0x10000004
SIGPIPE: [libjvm.so+0x6753e0], sa_mask[0]=0x7ffbfeff, sa_flags=0x10000004
SIGXFSZ: [libjvm.so+0x6753e0], sa_mask[0]=0x7ffbfeff, sa_flags=0x10000004
SIGILL: [libjvm.so+0x6753e0], sa_mask[0]=0x7ffbfeff, sa_flags=0x10000004
SIGUSR1: SIG_DFL, sa_mask[0]=0x00000000, sa_flags=0x00000000
SIGUSR2: [libjvm.so+0x675690], sa_mask[0]=0x00000004, sa_flags=0x10000004
SIGHUP: [libjvm.so+0x675850], sa_mask[0]=0x7ffbfeff, sa_flags=0x10000004
SIGINT: [libjvm.so+0x675850], sa_mask[0]=0x7ffbfeff, sa_flags=0x10000004
SIGTERM: [libjvm.so+0x675850], sa_mask[0]=0x7ffbfeff, sa_flags=0x10000004
SIGQUIT: [libjvm.so+0x675850], sa_mask[0]=0x7ffbfeff, sa_flags=0x10000004
SIGTRAP: SIG_DFL, sa_mask[0]=0x00000000, sa_flags=0x00000000


---------------  S Y S T E M  ---------------

OS:Ubuntu 12.04 (precise)
uname:Linux 3.2.0-29-generic-pae #46-Ubuntu SMP Fri Jul 27 17:25:43 UTC 2012 i686
libc:glibc 2.15 NPTL 2.15 
rlimit: STACK 8192k, CORE 0k, NPROC 31169, NOFILE 4096, AS infinity
load average:4.40 4.07 2.59

/proc/meminfo:
MemTotal:        4004304 kB
MemFree:          160936 kB
Buffers:             936 kB
Cached:           510752 kB
SwapCached:            0 kB
Active:          3463892 kB
Inactive:         299736 kB
Active(anon):    3433984 kB
Inactive(anon):   273032 kB
Active(file):      29908 kB
Inactive(file):    26704 kB
Unevictable:          16 kB
Mlocked:              16 kB
HighTotal:       3159312 kB
HighFree:           3524 kB
LowTotal:         844992 kB
LowFree:          157412 kB
SwapTotal:             0 kB
SwapFree:              0 kB
Dirty:              4432 kB
Writeback:           352 kB
AnonPages:       3252208 kB
Mapped:            66508 kB
Shmem:            454804 kB
Slab:              37688 kB
SReclaimable:      17772 kB
SUnreclaim:        19916 kB
KernelStack:        4984 kB
PageTables:        20660 kB
NFS_Unstable:          0 kB
Bounce:                0 kB
WritebackTmp:          0 kB
CommitLimit:     2002152 kB
Committed_AS:    7976692 kB
VmallocTotal:     122880 kB
VmallocUsed:       15228 kB
VmallocChunk:     106584 kB
HardwareCorrupted:     0 kB
AnonHugePages:         0 kB
HugePages_Total:       0
HugePages_Free:        0
HugePages_Rsvd:        0
HugePages_Surp:        0
Hugepagesize:       2048 kB
DirectMap4k:       10232 kB
DirectMap2M:      903168 kB


CPU:total 2 (2 cores per cpu, 1 threads per core) family 6 model 58 stepping 9, cmov, cx8, fxsr, mmx, sse, sse2, sse3, ssse3, sse4.1, sse4.2, popcnt, erms, tsc, tscinvbit, tscinv

/proc/cpuinfo:
processor	: 0
vendor_id	: GenuineIntel
cpu family	: 6
model		: 58
model name	: Intel(R) Pentium(R) CPU G2030 @ 3.00GHz
stepping	: 9
microcode	: 0x17
cpu MHz		: 3000.000
cache size	: 3072 KB
physical id	: 0
siblings	: 2
core id		: 0
cpu cores	: 2
apicid		: 0
initial apicid	: 0
fdiv_bug	: no
hlt_bug		: no
f00f_bug	: no
coma_bug	: no
fpu		: yes
fpu_exception	: yes
cpuid level	: 13
wp		: yes
flags		: fpu vme de pse tsc msr pae mce cx8 apic sep mtrr pge mca cmov pat pse36 clflush dts acpi mmx fxsr sse sse2 ss ht tm pbe nx rdtscp lm constant_tsc arch_perfmon pebs bts xtopology nonstop_tsc aperfmperf pni pclmulqdq dtes64 monitor ds_cpl vmx est tm2 ssse3 cx16 xtpr pdcm pcid sse4_1 sse4_2 popcnt tsc_deadline_timer xsave lahf_lm arat epb xsaveopt pln pts dtherm tpr_shadow vnmi flexpriority ept vpid fsgsbase smep erms
bogomips	: 5986.77
clflush size	: 64
cache_alignment	: 64
address sizes	: 36 bits physical, 48 bits virtual
power management:

processor	: 1
vendor_id	: GenuineIntel
cpu family	: 6
model		: 58
model name	: Intel(R) Pentium(R) CPU G2030 @ 3.00GHz
stepping	: 9
microcode	: 0x17
cpu MHz		: 3000.000
cache size	: 3072 KB
physical id	: 0
siblings	: 2
core id		: 1
cpu cores	: 2
apicid		: 2
initial apicid	: 2
fdiv_bug	: no
hlt_bug		: no
f00f_bug	: no
coma_bug	: no
fpu		: yes
fpu_exception	: yes
cpuid level	: 13
wp		: yes
flags		: fpu vme de pse tsc msr pae mce cx8 apic sep mtrr pge mca cmov pat pse36 clflush dts acpi mmx fxsr sse sse2 ss ht tm pbe nx rdtscp lm constant_tsc arch_perfmon pebs bts xtopology nonstop_tsc aperfmperf pni pclmulqdq dtes64 monitor ds_cpl vmx est tm2 ssse3 cx16 xtpr pdcm pcid sse4_1 sse4_2 popcnt tsc_deadline_timer xsave lahf_lm arat epb xsaveopt pln pts dtherm tpr_shadow vnmi flexpriority ept vpid fsgsbase smep erms
bogomips	: 5986.12
clflush size	: 64
cache_alignment	: 64
address sizes	: 36 bits physical, 48 bits virtual
power management:



Memory: 4k page, physical 4004304k(160936k free), swap 0k(0k free)

vm_info: OpenJDK Server VM (24.75-b04) for linux-x86 JRE (1.7.0_75-b13), built on Jan 27 2015 16:24:35 by "buildd" with gcc 4.6.3

time: Mon Jul 20 18:44:13 2015
elapsed time: 3 seconds

