#
# There is insufficient memory for the Java Runtime Environment to continue.
# Native memory allocation (malloc) failed to allocate 12288 bytes for committing reserved memory.
# Possible reasons:
#   The system is out of physical RAM or swap space
#   In 32 bit mode, the process size limit was hit
# Possible solutions:
#   Reduce memory load on the system
#   Increase physical memory or swap space
#   Check if swap backing store is full
#   Use 64 bit Java on a 64 bit OS
#   Decrease Java heap size (-Xmx/-Xms)
#   Decrease number of Java threads
#   Decrease Java thread stack sizes (-Xss)
#   Set larger code cache with -XX:ReservedCodeCacheSize=
# This output file may be truncated or incomplete.
#
#  Out of Memory Error (os_linux.cpp:2798), pid=26940, tid=3059804992
#
# JRE version: OpenJDK Runtime Environment (7.0_75-b13) (build 1.7.0_75-b13)
# Java VM: OpenJDK Server VM (24.75-b04 mixed mode linux-x86 )
# Derivative: IcedTea 2.5.4
# Distribution: Ubuntu 12.04 LTS, package 7u75-2.5.4-1~precise1
# Failed to write core dump. Core dumps have been disabled. To enable core dumping, try "ulimit -c unlimited" before starting Java again
#

---------------  T H R E A D  ---------------

Current thread (0xb6407800):  JavaThread "Unknown thread" [_thread_in_vm, id=26949, stack(0xb65be000,0xb660f000)]

Stack: [0xb65be000,0xb660f000]

[error occurred during error reporting (printing native stack), id 0xb]


---------------  P R O C E S S  ---------------

Java Threads: ( => current thread )
  0x6ac2b400 JavaThread "Service Thread" daemon [_thread_blocked, id=26970, stack(0x67bbf000,0x67c10000)]
  0x6ac29400 JavaThread "C2 CompilerThread1" daemon [_thread_blocked, id=26967, stack(0x67c10000,0x67c91000)]
  0x6ac27400 JavaThread "C2 CompilerThread0" daemon [_thread_blocked, id=26966, stack(0x67c91000,0x67d12000)]
  0x6ac25c00 JavaThread "Signal Dispatcher" daemon [_thread_blocked, id=26963, stack(0x67d12000,0x67d63000)]
  0x6ac14400 JavaThread "Finalizer" daemon [_thread_blocked, id=26962, stack(0x67f63000,0x67fb4000)]
  0x6ac12800 JavaThread "Reference Handler" daemon [_thread_blocked, id=26960, stack(0x67fb4000,0x68005000)]

Other Threads:
  0x6ac10400 VMThread [stack: 0x68005000,0x68086000] [id=26957]
  0x6ac2d400 WatcherThread [stack: 0x67b3e000,0x67bbf000] [id=26971]

=>0xb6407800 (exited) JavaThread "Unknown thread" [_thread_in_vm, id=26949, stack(0xb65be000,0xb660f000)]

VM state:not at safepoint (normal execution)

VM Mutex/Monitor currently owned by a thread: None

Heap
 PSYoungGen      total 18432K, used 13400K [0x9ddc0000, 0x9f240000, 0xb3340000)
  eden space 15872K, 84% used [0x9ddc0000,0x9ead6190,0x9ed40000)
  from space 2560K, 0% used [0x9efc0000,0x9efc0000,0x9f240000)
  to   space 2560K, 0% used [0x9ed40000,0x9ed40000,0x9efc0000)
 ParOldGen       total 41728K, used 0K [0x73340000, 0x75c00000, 0x9ddc0000)
  object space 41728K, 0% used [0x73340000,0x73340000,0x75c00000)
 PSPermGen       total 16384K, used 4137K [0x6b340000, 0x6c340000, 0x73340000)
  object space 16384K, 25% used [0x6b340000,0x6b74a620,0x6c340000)

Card table byte_map: [0x6b0ff000,0x6b340000] byte_map_base: 0x6ada5600

Polling page: 0xb7765000

Code Cache  [0xb3400000, 0xb3640000, 0xb6400000)
 total_blobs=236 nmethods=115 adapters=75 free_code_cache=48728Kb largest_free_block=49875392

Compilation events (10 events):
Event: 8.889 Thread 0x6ac27400 nmethod 111 0xb3469108 code [0xb3469200, 0xb3469370]
Event: 8.889 Thread 0x6ac27400  112             com.android.dx.rop.cst.CstString::compareTo0 (15 bytes)
Event: 8.889 Thread 0x6ac27400 nmethod 112 0xb3468dc8 code [0xb3468ec0, 0xb3469010]
Event: 8.889 Thread 0x6ac27400  113             com.android.dx.dex.code.DalvInsn::getOpcode (5 bytes)
Event: 8.889 Thread 0x6ac27400 nmethod 113 0xb3468c48 code [0xb3468d20, 0xb3468d70]
Event: 8.889 Thread 0x6ac27400  114             java.util.Properties$LineReader::readLine (452 bytes)
Event: 8.898 Thread 0x6ac29400 nmethod 82 0xb346d788 code [0xb346d940, 0xb346e5c4]
Event: 8.919 Thread 0x6ac27400 nmethod 114 0xb3467208 code [0xb3467360, 0xb3467a64]
Event: 9.509 Thread 0x6ac29400  115             sun.security.provider.SHA::implCompress (491 bytes)
Event: 9.525 Thread 0x6ac29400 nmethod 115 0xb346aa08 code [0xb346ab20, 0xb346b4bc]

GC Heap History (0 events):
No events

Deoptimization events (4 events):
Event: 8.276 Thread 0xb6407800 Uncommon trap: reason=class_check action=maybe_recompile pc=0xb344e550 method=com.android.dx.ssa.NormalSsaInsn.accept(Lcom/android/dx/ssa/SsaInsn$Visitor;)V @ 9
Event: 8.276 Thread 0xb6407800 Uncommon trap: reason=class_check action=maybe_recompile pc=0xb344e550 method=com.android.dx.ssa.NormalSsaInsn.accept(Lcom/android/dx/ssa/SsaInsn$Visitor;)V @ 9
Event: 8.279 Thread 0xb6407800 Uncommon trap: reason=class_check action=maybe_recompile pc=0xb344e550 method=com.android.dx.ssa.NormalSsaInsn.accept(Lcom/android/dx/ssa/SsaInsn$Visitor;)V @ 9
Event: 8.279 Thread 0xb6407800 Uncommon trap: reason=class_check action=maybe_recompile pc=0xb344e550 method=com.android.dx.ssa.NormalSsaInsn.accept(Lcom/android/dx/ssa/SsaInsn$Visitor;)V @ 9

Internal exceptions (10 events):
Event: 8.675 Thread 0xb6407800 Threw 0x9ea07790 at /build/buildd/openjdk-7-7u75-2.5.4/build/openjdk/hotspot/src/share/vm/prims/jvm.cpp:1284
Event: 8.718 Thread 0xb6407800 Threw 0x9ea243f0 at /build/buildd/openjdk-7-7u75-2.5.4/build/openjdk/hotspot/src/share/vm/prims/jvm.cpp:1284
Event: 8.720 Thread 0xb6407800 Threw 0x9ea30310 at /build/buildd/openjdk-7-7u75-2.5.4/build/openjdk/hotspot/src/share/vm/prims/jvm.cpp:1284
Event: 8.720 Thread 0xb6407800 Threw 0x9ea3abc8 at /build/buildd/openjdk-7-7u75-2.5.4/build/openjdk/hotspot/src/share/vm/prims/jvm.cpp:1284
Event: 8.731 Thread 0xb6407800 Threw 0x9ea3df00 at /build/buildd/openjdk-7-7u75-2.5.4/build/openjdk/hotspot/src/share/vm/prims/jvm.cpp:1284
Event: 8.733 Thread 0xb6407800 Threw 0x9ea55a10 at /build/buildd/openjdk-7-7u75-2.5.4/build/openjdk/hotspot/src/share/vm/prims/jvm.cpp:1284
Event: 8.738 Thread 0xb6407800 Threw 0x9ea5d5a8 at /build/buildd/openjdk-7-7u75-2.5.4/build/openjdk/hotspot/src/share/vm/prims/jvm.cpp:1284
Event: 8.738 Thread 0xb6407800 Threw 0x9ea63170 at /build/buildd/openjdk-7-7u75-2.5.4/build/openjdk/hotspot/src/share/vm/prims/jvm.cpp:1284
Event: 8.739 Thread 0xb6407800 Threw 0x9ea6c098 at /build/buildd/openjdk-7-7u75-2.5.4/build/openjdk/hotspot/src/share/vm/prims/jvm.cpp:1284
Event: 8.770 Thread 0xb6407800 Threw 0x9ea6f448 at /build/buildd/openjdk-7-7u75-2.5.4/build/openjdk/hotspot/src/share/vm/prims/jvm.cpp:1284

Events (10 events):
Event: 9.825 loading class 0x6ab6f498 done
Event: 9.825 loading class 0x6ab6f580
Event: 9.825 loading class 0x6ab6f580 done
Event: 9.825 loading class 0xb645f170
Event: 9.825 loading class 0x6ab6fcb0
Event: 9.825 loading class 0x6ab6fcb0 done
Event: 9.825 loading class 0xb645f170 done
Event: 9.827 loading class 0x6ae34c08
Event: 9.828 loading class 0x6ae34c08 done
Event: 9.828 Thread 0xb6407800 Thread exited: 0xb6407800


Dynamic libraries:
08048000-08049000 r-xp 00000000 08:05 4983886    /usr/lib/jvm/java-7-openjdk-i386/jre/bin/java
08049000-0804a000 r--p 00000000 08:05 4983886    /usr/lib/jvm/java-7-openjdk-i386/jre/bin/java
0804a000-0804b000 rw-p 00001000 08:05 4983886    /usr/lib/jvm/java-7-openjdk-i386/jre/bin/java
099e6000-09b60000 rw-p 00000000 00:00 0          [heap]
67400000-6744c000 rw-p 00000000 00:00 0 
6744c000-67500000 ---p 00000000 00:00 0 
67600000-6765e000 rw-p 00000000 00:00 0 
6765e000-67700000 ---p 00000000 00:00 0 
677ee000-67828000 r-xp 00000000 08:05 3802088    /lib/i386-linux-gnu/libpcre.so.3.12.1
67828000-67829000 r--p 00039000 08:05 3802088    /lib/i386-linux-gnu/libpcre.so.3.12.1
67829000-6782a000 rw-p 0003a000 08:05 3802088    /lib/i386-linux-gnu/libpcre.so.3.12.1
6782a000-6783d000 r-xp 00000000 08:05 3802099    /lib/i386-linux-gnu/libresolv-2.15.so
6783d000-6783e000 ---p 00013000 08:05 3802099    /lib/i386-linux-gnu/libresolv-2.15.so
6783e000-6783f000 r--p 00013000 08:05 3802099    /lib/i386-linux-gnu/libresolv-2.15.so
6783f000-67840000 rw-p 00014000 08:05 3802099    /lib/i386-linux-gnu/libresolv-2.15.so
67840000-67842000 rw-p 00000000 00:00 0 
67842000-6785f000 r-xp 00000000 08:05 3802103    /lib/i386-linux-gnu/libselinux.so.1
6785f000-67860000 r--p 0001c000 08:05 3802103    /lib/i386-linux-gnu/libselinux.so.1
67860000-67861000 rw-p 0001d000 08:05 3802103    /lib/i386-linux-gnu/libselinux.so.1
67861000-67958000 r-xp 00000000 08:05 3802040    /lib/i386-linux-gnu/libglib-2.0.so.0.3200.3
67958000-67959000 r--p 000f6000 08:05 3802040    /lib/i386-linux-gnu/libglib-2.0.so.0.3200.3
67959000-6795a000 rw-p 000f7000 08:05 3802040    /lib/i386-linux-gnu/libglib-2.0.so.0.3200.3
6795a000-679a7000 r-xp 00000000 08:05 4985532    /usr/lib/i386-linux-gnu/libgobject-2.0.so.0.3200.3
679a7000-679a8000 r--p 0004c000 08:05 4985532    /usr/lib/i386-linux-gnu/libgobject-2.0.so.0.3200.3
679a8000-679a9000 rw-p 0004d000 08:05 4985532    /usr/lib/i386-linux-gnu/libgobject-2.0.so.0.3200.3
679a9000-67afc000 r-xp 00000000 08:05 4985508    /usr/lib/i386-linux-gnu/libgio-2.0.so.0.3200.3
67afc000-67afe000 r--p 00153000 08:05 4985508    /usr/lib/i386-linux-gnu/libgio-2.0.so.0.3200.3
67afe000-67aff000 rw-p 00155000 08:05 4985508    /usr/lib/i386-linux-gnu/libgio-2.0.so.0.3200.3
67aff000-67b00000 rw-p 00000000 00:00 0 
67b0e000-67b12000 r--s 0004d000 08:05 4989094    /usr/lib/jvm/java-7-openjdk-i386/jre/lib/jsse.jar
67b12000-67b29000 r-xp 00000000 08:05 4989135    /usr/lib/jvm/java-7-openjdk-i386/jre/lib/i386/libnet.so
67b29000-67b2a000 r--p 00016000 08:05 4989135    /usr/lib/jvm/java-7-openjdk-i386/jre/lib/i386/libnet.so
67b2a000-67b2b000 rw-p 00017000 08:05 4989135    /usr/lib/jvm/java-7-openjdk-i386/jre/lib/i386/libnet.so
67b2b000-67b3c000 r-xp 00000000 08:05 4989121    /usr/lib/jvm/java-7-openjdk-i386/jre/lib/i386/libnio.so
67b3c000-67b3d000 r--p 00010000 08:05 4989121    /usr/lib/jvm/java-7-openjdk-i386/jre/lib/i386/libnio.so
67b3d000-67b3e000 rw-p 00011000 08:05 4989121    /usr/lib/jvm/java-7-openjdk-i386/jre/lib/i386/libnio.so
67b3e000-67b3f000 ---p 00000000 00:00 0 
67b3f000-67bbf000 rw-p 00000000 00:00 0 
67bbf000-67bc2000 ---p 00000000 00:00 0 
67bc2000-67c10000 rw-p 00000000 00:00 0 
67c10000-67c13000 ---p 00000000 00:00 0 
67c13000-67c91000 rw-p 00000000 00:00 0 
67c91000-67c94000 ---p 00000000 00:00 0 
67c94000-67d12000 rw-p 00000000 00:00 0 
67d12000-67d15000 ---p 00000000 00:00 0 
67d15000-67d63000 rw-p 00000000 00:00 0 
67d63000-67f63000 r--p 00000000 08:05 4988066    /usr/lib/locale/locale-archive
67f63000-67f66000 ---p 00000000 00:00 0 
67f66000-67fb4000 rw-p 00000000 00:00 0 
67fb4000-67fb7000 ---p 00000000 00:00 0 
67fb7000-68005000 rw-p 00000000 00:00 0 
68005000-68006000 ---p 00000000 00:00 0 
68006000-680cf000 rw-p 00000000 00:00 0 
680cf000-68280000 r--s 01d23000 08:05 4989042    /usr/lib/jvm/java-7-openjdk-i386/jre/lib/rt.jar
68280000-6ab00000 rw-p 00000000 00:00 0 
6ab00000-6abf4000 rw-p 00000000 00:00 0 
6abf4000-6ac00000 ---p 00000000 00:00 0 
6ac00000-6acfa000 rw-p 00000000 00:00 0 
6acfa000-6ad00000 ---p 00000000 00:00 0 
6ad00000-6ad21000 rw-p 00000000 00:00 0 
6ad21000-6ae00000 ---p 00000000 00:00 0 
6ae00000-6ae05000 r-xp 00000000 08:05 4985471    /usr/lib/i386-linux-gnu/libffi.so.6.0.0
6ae05000-6ae06000 r--p 00004000 08:05 4985471    /usr/lib/i386-linux-gnu/libffi.so.6.0.0
6ae06000-6ae07000 rw-p 00005000 08:05 4985471    /usr/lib/i386-linux-gnu/libffi.so.6.0.0
6ae07000-6ae0a000 r-xp 00000000 08:05 4985518    /usr/lib/i386-linux-gnu/libgmodule-2.0.so.0.3200.3
6ae0a000-6ae0b000 r--p 00002000 08:05 4985518    /usr/lib/i386-linux-gnu/libgmodule-2.0.so.0.3200.3
6ae0b000-6ae0c000 rw-p 00003000 08:05 4985518    /usr/lib/i386-linux-gnu/libgmodule-2.0.so.0.3200.3
6ae0c000-6ae67000 rw-p 00000000 00:00 0 
6ae67000-6ae68000 ---p 00000000 00:00 0 
6ae68000-6aee8000 rw-p 00000000 00:00 0 
6aee8000-6aee9000 ---p 00000000 00:00 0 
6aee9000-6af71000 rw-p 00000000 00:00 0 
6af71000-6afa9000 rw-p 00000000 00:00 0 
6afa9000-6afbe000 rw-p 00000000 00:00 0 
6afbe000-6b0ff000 rw-p 00000000 00:00 0 
6b0ff000-6b107000 rw-p 00000000 00:00 0 
6b107000-6b13f000 rw-p 00000000 00:00 0 
6b13f000-6b154000 rw-p 00000000 00:00 0 
6b154000-6b294000 rw-p 00000000 00:00 0 
6b294000-6b29f000 rw-p 00000000 00:00 0 
6b29f000-6b33f000 rw-p 00000000 00:00 0 
6b33f000-6c340000 rw-p 00000000 00:00 0 
6c340000-73340000 rw-p 00000000 00:00 0 
73340000-75c00000 rw-p 00000000 00:00 0 
75c00000-9ddc0000 rw-p 00000000 00:00 0 
9ddc0000-9f240000 rw-p 00000000 00:00 0 
9f240000-b3340000 rw-p 00000000 00:00 0 
b3340000-b3349000 rw-p 00000000 00:00 0 
b3349000-b3400000 rw-p 00000000 00:00 0 
b3400000-b3640000 rwxp 00000000 00:00 0 
b3640000-b64fd000 rw-p 00000000 00:00 0 
b64fd000-b6500000 ---p 00000000 00:00 0 
b6503000-b6512000 r--s 000dd000 08:06 21369266   /home/ankit/Ankitt Data/ECLIPSE/sdk/build-tools/22.0.1/lib/dx.jar
b6512000-b6513000 r--s 00007000 08:05 5246941    /usr/share/java/java-atk-wrapper.jar
b6513000-b6516000 r--s 0000f000 08:05 4989079    /usr/lib/jvm/java-7-openjdk-i386/jre/lib/ext/icedtea-sound.jar
b6516000-b6518000 r--s 00012000 08:05 4989084    /usr/lib/jvm/java-7-openjdk-i386/jre/lib/ext/zipfs.jar
b6518000-b651c000 r--s 00034000 08:05 4989083    /usr/lib/jvm/java-7-openjdk-i386/jre/lib/ext/sunjce_provider.jar
b651c000-b6520000 r--s 0003c000 08:05 4989081    /usr/lib/jvm/java-7-openjdk-i386/jre/lib/ext/sunpkcs11.jar
b6520000-b6523000 r--s 00086000 08:05 4989082    /usr/lib/jvm/java-7-openjdk-i386/jre/lib/ext/localedata.jar
b6523000-b653e000 rw-p 00000000 00:00 0 
b653e000-b6549000 r-xp 00000000 08:05 3802066    /lib/i386-linux-gnu/libnss_files-2.15.so
b6549000-b654a000 r--p 0000a000 08:05 3802066    /lib/i386-linux-gnu/libnss_files-2.15.so
b654a000-b654b000 rw-p 0000b000 08:05 3802066    /lib/i386-linux-gnu/libnss_files-2.15.so
b654b000-b6555000 r-xp 00000000 08:05 3802070    /lib/i386-linux-gnu/libnss_nis-2.15.so
b6555000-b6556000 r--p 00009000 08:05 3802070    /lib/i386-linux-gnu/libnss_nis-2.15.so
b6556000-b6557000 rw-p 0000a000 08:05 3802070    /lib/i386-linux-gnu/libnss_nis-2.15.so
b6557000-b656d000 r-xp 00000000 08:05 3802060    /lib/i386-linux-gnu/libnsl-2.15.so
b656d000-b656e000 r--p 00015000 08:05 3802060    /lib/i386-linux-gnu/libnsl-2.15.so
b656e000-b656f000 rw-p 00016000 08:05 3802060    /lib/i386-linux-gnu/libnsl-2.15.so
b656f000-b6571000 rw-p 00000000 00:00 0 
b6571000-b6578000 r-xp 00000000 08:05 3802062    /lib/i386-linux-gnu/libnss_compat-2.15.so
b6578000-b6579000 r--p 00006000 08:05 3802062    /lib/i386-linux-gnu/libnss_compat-2.15.so
b6579000-b657a000 rw-p 00007000 08:05 3802062    /lib/i386-linux-gnu/libnss_compat-2.15.so
b657a000-b6582000 r-xp 00000000 08:05 4989114    /usr/lib/jvm/java-7-openjdk-i386/jre/lib/i386/libzip.so
b6582000-b6583000 r--p 00007000 08:05 4989114    /usr/lib/jvm/java-7-openjdk-i386/jre/lib/i386/libzip.so
b6583000-b6584000 rw-p 00008000 08:05 4989114    /usr/lib/jvm/java-7-openjdk-i386/jre/lib/i386/libzip.so
b6584000-b658c000 rw-s 00000000 08:05 145557     /tmp/hsperfdata_ankit/26940
b658c000-b65b3000 r-xp 00000000 08:05 4989134    /usr/lib/jvm/java-7-openjdk-i386/jre/lib/i386/libjava.so
b65b3000-b65b4000 r--p 00026000 08:05 4989134    /usr/lib/jvm/java-7-openjdk-i386/jre/lib/i386/libjava.so
b65b4000-b65b5000 rw-p 00027000 08:05 4989134    /usr/lib/jvm/java-7-openjdk-i386/jre/lib/i386/libjava.so
b65b5000-b65bc000 r-xp 00000000 08:05 3802101    /lib/i386-linux-gnu/librt-2.15.so
b65bc000-b65bd000 r--p 00006000 08:05 3802101    /lib/i386-linux-gnu/librt-2.15.so
b65bd000-b65be000 rw-p 00007000 08:05 3802101    /lib/i386-linux-gnu/librt-2.15.so
b65c1000-b660f000 rw-p 00000000 00:00 0 
b660f000-b662b000 r-xp 00000000 08:05 3802036    /lib/i386-linux-gnu/libgcc_s.so.1
b662b000-b662c000 r--p 0001b000 08:05 3802036    /lib/i386-linux-gnu/libgcc_s.so.1
b662c000-b662d000 rw-p 0001c000 08:05 3802036    /lib/i386-linux-gnu/libgcc_s.so.1
b662d000-b6657000 r-xp 00000000 08:05 3802047    /lib/i386-linux-gnu/libm-2.15.so
b6657000-b6658000 r--p 00029000 08:05 3802047    /lib/i386-linux-gnu/libm-2.15.so
b6658000-b6659000 rw-p 0002a000 08:05 3802047    /lib/i386-linux-gnu/libm-2.15.so
b6659000-b6731000 r-xp 00000000 08:05 4985813    /usr/lib/i386-linux-gnu/libstdc++.so.6.0.16
b6731000-b6732000 ---p 000d8000 08:05 4985813    /usr/lib/i386-linux-gnu/libstdc++.so.6.0.16
b6732000-b6736000 r--p 000d8000 08:05 4985813    /usr/lib/i386-linux-gnu/libstdc++.so.6.0.16
b6736000-b6737000 rw-p 000dc000 08:05 4985813    /usr/lib/i386-linux-gnu/libstdc++.so.6.0.16
b6737000-b673e000 rw-p 00000000 00:00 0 
b673e000-b7100000 r-xp 00000000 08:05 4989140    /usr/lib/jvm/java-7-openjdk-i386/jre/lib/i386/server/libjvm.so
b7100000-b7155000 r--p 009c2000 08:05 4989140    /usr/lib/jvm/java-7-openjdk-i386/jre/lib/i386/server/libjvm.so
b7155000-b7169000 rw-p 00a17000 08:05 4989140    /usr/lib/jvm/java-7-openjdk-i386/jre/lib/i386/server/libjvm.so
b7169000-b7587000 rw-p 00000000 00:00 0 
b7587000-b759b000 r-xp 00000000 08:05 3802126    /lib/i386-linux-gnu/libz.so.1.2.3.4
b759b000-b759c000 r--p 00013000 08:05 3802126    /lib/i386-linux-gnu/libz.so.1.2.3.4
b759c000-b759d000 rw-p 00014000 08:05 3802126    /lib/i386-linux-gnu/libz.so.1.2.3.4
b759d000-b75b4000 r-xp 00000000 08:05 3802095    /lib/i386-linux-gnu/libpthread-2.15.so
b75b4000-b75b5000 r--p 00016000 08:05 3802095    /lib/i386-linux-gnu/libpthread-2.15.so
b75b5000-b75b6000 rw-p 00017000 08:05 3802095    /lib/i386-linux-gnu/libpthread-2.15.so
b75b6000-b75b8000 rw-p 00000000 00:00 0 
b75b8000-b75bb000 r-xp 00000000 08:05 3802028    /lib/i386-linux-gnu/libdl-2.15.so
b75bb000-b75bc000 r--p 00002000 08:05 3802028    /lib/i386-linux-gnu/libdl-2.15.so
b75bc000-b75bd000 rw-p 00003000 08:05 3802028    /lib/i386-linux-gnu/libdl-2.15.so
b75bd000-b775c000 r-xp 00000000 08:05 3802015    /lib/i386-linux-gnu/libc-2.15.so
b775c000-b775e000 r--p 0019f000 08:05 3802015    /lib/i386-linux-gnu/libc-2.15.so
b775e000-b775f000 rw-p 001a1000 08:05 3802015    /lib/i386-linux-gnu/libc-2.15.so
b775f000-b7762000 rw-p 00000000 00:00 0 
b7762000-b7763000 r--s 00002000 08:05 4989080    /usr/lib/jvm/java-7-openjdk-i386/jre/lib/ext/dnsns.jar
b7763000-b7764000 r--p 005db000 08:05 4988066    /usr/lib/locale/locale-archive
b7764000-b7765000 rw-p 00000000 00:00 0 
b7765000-b7766000 r--p 00000000 00:00 0 
b7766000-b7772000 r-xp 00000000 08:05 4989131    /usr/lib/jvm/java-7-openjdk-i386/jre/lib/i386/libverify.so
b7772000-b7773000 r--p 0000b000 08:05 4989131    /usr/lib/jvm/java-7-openjdk-i386/jre/lib/i386/libverify.so
b7773000-b7774000 rw-p 0000c000 08:05 4989131    /usr/lib/jvm/java-7-openjdk-i386/jre/lib/i386/libverify.so
b7774000-b7781000 r-xp 00000000 08:05 4989106    /usr/lib/jvm/java-7-openjdk-i386/jre/lib/i386/jli/libjli.so
b7781000-b7782000 r--p 0000c000 08:05 4989106    /usr/lib/jvm/java-7-openjdk-i386/jre/lib/i386/jli/libjli.so
b7782000-b7783000 rw-p 0000d000 08:05 4989106    /usr/lib/jvm/java-7-openjdk-i386/jre/lib/i386/jli/libjli.so
b7783000-b7786000 rw-p 00000000 00:00 0 
b7786000-b7787000 r-xp 00000000 00:00 0          [vdso]
b7787000-b77a7000 r-xp 00000000 08:05 3801995    /lib/i386-linux-gnu/ld-2.15.so
b77a7000-b77a8000 r--p 0001f000 08:05 3801995    /lib/i386-linux-gnu/ld-2.15.so
b77a8000-b77a9000 rw-p 00020000 08:05 3801995    /lib/i386-linux-gnu/ld-2.15.so
bfd38000-bfd39000 rwxp 00000000 00:00 0 
bfd6b000-bfd8c000 rw-p 00000000 00:00 0          [stack]

VM Arguments:
jvm_args: -Xmx1024M -Dfile.encoding=UTF-8 -Duser.country=IN -Duser.language=en -Duser.variant 
java_command: com.android.dx.command.Main --dex --output /home/ankit/Traafik latest/TraafikAppLatest/app/build/intermediates/pre-dexed/debug/simple-side-drawer2-7c187662cd1383aba070f8109eee9f43ca311757.jar /home/ankit/Traafik latest/TraafikAppLatest/simple-side-drawer2/simple-side-drawer2.jar
Launcher Type: SUN_STANDARD

Environment Variables:
PATH=/usr/lib/lightdm/lightdm:/usr/local/sbin:/usr/local/bin:/usr/sbin:/usr/bin:/sbin:/bin:/usr/games
LD_LIBRARY_PATH=/home/ankit/Android studio/android-studio/bin:
SHELL=/bin/bash
DISPLAY=:0.0

Signal Handlers:
SIGSEGV: [libjvm.so+0x80b550], sa_mask[0]=0x7ffbfeff, sa_flags=0x10000004
SIGBUS: [libjvm.so+0x80b550], sa_mask[0]=0x7ffbfeff, sa_flags=0x10000004
SIGFPE: [libjvm.so+0x6753e0], sa_mask[0]=0x7ffbfeff, sa_flags=0x10000004
SIGPIPE: [libjvm.so+0x6753e0], sa_mask[0]=0x7ffbfeff, sa_flags=0x10000004
SIGXFSZ: [libjvm.so+0x6753e0], sa_mask[0]=0x7ffbfeff, sa_flags=0x10000004
SIGILL: [libjvm.so+0x6753e0], sa_mask[0]=0x7ffbfeff, sa_flags=0x10000004
SIGUSR1: SIG_DFL, sa_mask[0]=0x00000000, sa_flags=0x00000000
SIGUSR2: [libjvm.so+0x675690], sa_mask[0]=0x00000004, sa_flags=0x10000004
SIGHUP: [libjvm.so+0x675850], sa_mask[0]=0x7ffbfeff, sa_flags=0x10000004
SIGINT: [libjvm.so+0x675850], sa_mask[0]=0x7ffbfeff, sa_flags=0x10000004
SIGTERM: [libjvm.so+0x675850], sa_mask[0]=0x7ffbfeff, sa_flags=0x10000004
SIGQUIT: [libjvm.so+0x675850], sa_mask[0]=0x7ffbfeff, sa_flags=0x10000004
SIGTRAP: SIG_DFL, sa_mask[0]=0x00000000, sa_flags=0x00000000


---------------  S Y S T E M  ---------------

OS:Ubuntu 12.04 (precise)
uname:Linux 3.2.0-29-generic-pae #46-Ubuntu SMP Fri Jul 27 17:25:43 UTC 2012 i686
libc:glibc 2.15 NPTL 2.15 
rlimit: STACK 8192k, CORE 0k, NPROC 31169, NOFILE 4096, AS infinity
load average:4.35 2.58 1.39

/proc/meminfo:
MemTotal:        4004304 kB
MemFree:          157976 kB
Buffers:             444 kB
Cached:           546200 kB
SwapCached:            0 kB
Active:          3450512 kB
Inactive:         316136 kB
Active(anon):    3420632 kB
Inactive(anon):   281856 kB
Active(file):      29880 kB
Inactive(file):    34280 kB
Unevictable:          32 kB
Mlocked:              32 kB
HighTotal:       3159312 kB
HighFree:            724 kB
LowTotal:         844992 kB
LowFree:          157252 kB
SwapTotal:             0 kB
SwapFree:              0 kB
Dirty:              1840 kB
Writeback:           296 kB
AnonPages:       3220448 kB
Mapped:            60188 kB
Shmem:            482120 kB
Slab:              38016 kB
SReclaimable:      17592 kB
SUnreclaim:        20424 kB
KernelStack:        5024 kB
PageTables:        20308 kB
NFS_Unstable:          0 kB
Bounce:                0 kB
WritebackTmp:          0 kB
CommitLimit:     2002152 kB
Committed_AS:    7767424 kB
VmallocTotal:     122880 kB
VmallocUsed:       15048 kB
VmallocChunk:     103196 kB
HardwareCorrupted:     0 kB
AnonHugePages:         0 kB
HugePages_Total:       0
HugePages_Free:        0
HugePages_Rsvd:        0
HugePages_Surp:        0
Hugepagesize:       2048 kB
DirectMap4k:       10232 kB
DirectMap2M:      903168 kB


CPU:total 2 (2 cores per cpu, 1 threads per core) family 6 model 58 stepping 9, cmov, cx8, fxsr, mmx, sse, sse2, sse3, ssse3, sse4.1, sse4.2, popcnt, erms, tsc, tscinvbit, tscinv

/proc/cpuinfo:
processor	: 0
vendor_id	: GenuineIntel
cpu family	: 6
model		: 58
model name	: Intel(R) Pentium(R) CPU G2030 @ 3.00GHz
stepping	: 9
microcode	: 0x17
cpu MHz		: 3000.000
cache size	: 3072 KB
physical id	: 0
siblings	: 2
core id		: 0
cpu cores	: 2
apicid		: 0
initial apicid	: 0
fdiv_bug	: no
hlt_bug		: no
f00f_bug	: no
coma_bug	: no
fpu		: yes
fpu_exception	: yes
cpuid level	: 13
wp		: yes
flags		: fpu vme de pse tsc msr pae mce cx8 apic sep mtrr pge mca cmov pat pse36 clflush dts acpi mmx fxsr sse sse2 ss ht tm pbe nx rdtscp lm constant_tsc arch_perfmon pebs bts xtopology nonstop_tsc aperfmperf pni pclmulqdq dtes64 monitor ds_cpl vmx est tm2 ssse3 cx16 xtpr pdcm pcid sse4_1 sse4_2 popcnt tsc_deadline_timer xsave lahf_lm arat epb xsaveopt pln pts dtherm tpr_shadow vnmi flexpriority ept vpid fsgsbase smep erms
bogomips	: 5986.59
clflush size	: 64
cache_alignment	: 64
address sizes	: 36 bits physical, 48 bits virtual
power management:

processor	: 1
vendor_id	: GenuineIntel
cpu family	: 6
model		: 58
model name	: Intel(R) Pentium(R) CPU G2030 @ 3.00GHz
stepping	: 9
microcode	: 0x17
cpu MHz		: 3000.000
cache size	: 3072 KB
physical id	: 0
siblings	: 2
core id		: 1
cpu cores	: 2
apicid		: 2
initial apicid	: 2
fdiv_bug	: no
hlt_bug		: no
f00f_bug	: no
coma_bug	: no
fpu		: yes
fpu_exception	: yes
cpuid level	: 13
wp		: yes
flags		: fpu vme de pse tsc msr pae mce cx8 apic sep mtrr pge mca cmov pat pse36 clflush dts acpi mmx fxsr sse sse2 ss ht tm pbe nx rdtscp lm constant_tsc arch_perfmon pebs bts xtopology nonstop_tsc aperfmperf pni pclmulqdq dtes64 monitor ds_cpl vmx est tm2 ssse3 cx16 xtpr pdcm pcid sse4_1 sse4_2 popcnt tsc_deadline_timer xsave lahf_lm arat epb xsaveopt pln pts dtherm tpr_shadow vnmi flexpriority ept vpid fsgsbase smep erms
bogomips	: 5986.36
clflush size	: 64
cache_alignment	: 64
address sizes	: 36 bits physical, 48 bits virtual
power management:



Memory: 4k page, physical 4004304k(157976k free), swap 0k(0k free)

vm_info: OpenJDK Server VM (24.75-b04) for linux-x86 JRE (1.7.0_75-b13), built on Jan 27 2015 16:24:35 by "buildd" with gcc 4.6.3

time: Wed Jul 15 19:39:21 2015
elapsed time: 10 seconds

