#
# There is insufficient memory for the Java Runtime Environment to continue.
# Native memory allocation (malloc) failed to allocate 262144 bytes for committing reserved memory.
# Possible reasons:
#   The system is out of physical RAM or swap space
#   In 32 bit mode, the process size limit was hit
# Possible solutions:
#   Reduce memory load on the system
#   Increase physical memory or swap space
#   Check if swap backing store is full
#   Use 64 bit Java on a 64 bit OS
#   Decrease Java heap size (-Xmx/-Xms)
#   Decrease number of Java threads
#   Decrease Java thread stack sizes (-Xss)
#   Set larger code cache with -XX:ReservedCodeCacheSize=
# This output file may be truncated or incomplete.
#
#  Out of Memory Error (os_linux.cpp:2798), pid=17076, tid=1793751872
#
# JRE version: OpenJDK Runtime Environment (7.0_75-b13) (build 1.7.0_75-b13)
# Java VM: OpenJDK Server VM (24.75-b04 mixed mode linux-x86 )
# Derivative: IcedTea 2.5.4
# Distribution: Ubuntu 12.04 LTS, package 7u75-2.5.4-1~precise1
# Failed to write core dump. Core dumps have been disabled. To enable core dumping, try "ulimit -c unlimited" before starting Java again
#

---------------  T H R E A D  ---------------

Current thread (0xb6413000):  GCTaskThread [stack: 0x6ae27000,0x6aea8000] [id=17082]

Stack: [0x6ae27000,0x6aea8000]
[error occurred during error reporting (printing stack bounds), id 0xb]


---------------  P R O C E S S  ---------------

Java Threads: ( => current thread )
  0x67f2c400 JavaThread "Service Thread" daemon [_thread_blocked, id=17089, stack(0x67b5c000,0x67bad000)]
  0x67f2a800 JavaThread "C2 CompilerThread1" daemon [_thread_blocked, id=17088, stack(0x67bad000,0x67c2e000)]
  0x67f28800 JavaThread "C2 CompilerThread0" daemon [_thread_blocked, id=17087, stack(0x67c2e000,0x67caf000)]
  0x67f26c00 JavaThread "Signal Dispatcher" daemon [_thread_blocked, id=17086, stack(0x67caf000,0x67d00000)]
  0x67f14400 JavaThread "Finalizer" daemon [_thread_blocked, id=17085, stack(0x6ac03000,0x6ac54000)]
  0x67f12800 JavaThread "Reference Handler" daemon [_thread_blocked, id=17084, stack(0x6ac54000,0x6aca5000)]
  0xb6407c00 JavaThread "main" [_thread_blocked, id=17079, stack(0xb6572000,0xb65c3000)]

Other Threads:
  0x67f10400 VMThread [stack: 0x68005000,0x68086000] [id=17083]
  0x67f2e000 WatcherThread [stack: 0x67adb000,0x67b5c000] [id=17090]

=>0xb6413000 (exited) GCTaskThread [stack: 0x6ae27000,0x6aea8000] [id=17082]

VM state:at safepoint (normal execution)

VM Mutex/Monitor currently owned by a thread:  ([mutex/lock_event])
[0xb6404d00] ExpandHeap_lock - owner thread: 0xb6413000
[0xb6405248] Threads_lock - owner thread: 0x67f10400
[0xb6405658] Heap_lock - owner thread: 0xb6407c00

Heap
 PSYoungGen      total 133632K, used 120064K [0x9dd80000, 0xa8180000, 0xb3300000)
  eden space 120064K, 100% used [0x9dd80000,0xa52c0000,0xa52c0000)
  from space 13568K, 0% used [0xa66c0000,0xa66c0000,0xa7400000)
  to   space 20480K, 99% used [0xa52c0000,0xa66bcb28,0xa66c0000)
 ParOldGen       total 80640K, used 80638K [0x73300000, 0x781c0000, 0x9dd80000)
  object space 80640K, 99% used [0x73300000,0x781bf940,0x781c0000)
 PSPermGen       total 16384K, used 3999K [0x6b300000, 0x6c300000, 0x73300000)
  object space 16384K, 24% used [0x6b300000,0x6b6e7cb0,0x6c300000)

Card table byte_map: [0x6b0bf000,0x6b300000] byte_map_base: 0x6ad65800

Polling page: 0xb7719000

Code Cache  [0xb33e7000, 0xb3637000, 0xb63e7000)
 total_blobs=750 nmethods=631 adapters=73 free_code_cache=46837Kb largest_free_block=47910080

Compilation events (10 events):
Event: 9.038 Thread 0x67f2a800  635             com.android.dx.ssa.DomFront::run (264 bytes)
Event: 9.052 Thread 0x67f28800  636             com.android.dx.ssa.back.FirstFitLocalCombiningAllocator::handleCheckCastResults (413 bytes)
Event: 9.120 Thread 0x67f2a800 nmethod 635 0xb361e0c8 code [0xb361e300, 0xb361f1ac]
Event: 9.121 Thread 0x67f2a800  637             com.android.dx.ssa.back.FirstFitLocalCombiningAllocator::handleNormalUnassociated (99 bytes)
Event: 9.155 Thread 0x67f28800 nmethod 636 0xb3620248 code [0xb3620520, 0xb36216e8]
Event: 9.155 Thread 0x67f28800  638             com.android.dx.dex.cf.CfTranslator::translate0 (259 bytes)
Event: 9.246 Thread 0x67f2a800 nmethod 637 0xb3624088 code [0xb3624320, 0xb36254f8]
Event: 9.246 Thread 0x67f2a800  639             com.android.dx.rop.cst.CstNat::isCategory2 (2 bytes)
Event: 9.247 Thread 0x67f2a800 nmethod 639 0xb35f3d08 code [0xb35f3de0, 0xb35f3e30]
Event: 9.465 Thread 0x67f28800 nmethod 638 0xb362c708 code [0xb362ce20, 0xb36303ac]

GC Heap History (10 events):
Event: 3.092 GC heap after
Heap after GC invocations=3 (full 0):
 PSYoungGen      total 34304K, used 2554K [0x9dd80000, 0xa2080000, 0xb3300000)
  eden space 31744K, 0% used [0x9dd80000,0x9dd80000,0x9fc80000)
  from space 2560K, 99% used [0x9fc80000,0x9fefeae8,0x9ff00000)
  to   space 2560K, 0% used [0xa1e00000,0xa1e00000,0xa2080000)
 ParOldGen       total 41728K, used 8277K [0x73300000, 0x75bc0000, 0x9dd80000)
  object space 41728K, 19% used [0x73300000,0x73b154a0,0x75bc0000)
 PSPermGen       total 16384K, used 3936K [0x6b300000, 0x6c300000, 0x73300000)
  object space 16384K, 24% used [0x6b300000,0x6b6d8218,0x6c300000)
}
Event: 3.976 GC heap before
{Heap before GC invocations=4 (full 0):
 PSYoungGen      total 34304K, used 34298K [0x9dd80000, 0xa2080000, 0xb3300000)
  eden space 31744K, 100% used [0x9dd80000,0x9fc80000,0x9fc80000)
  from space 2560K, 99% used [0x9fc80000,0x9fefeae8,0x9ff00000)
  to   space 2560K, 0% used [0xa1e00000,0xa1e00000,0xa2080000)
 ParOldGen       total 41728K, used 8277K [0x73300000, 0x75bc0000, 0x9dd80000)
  object space 41728K, 19% used [0x73300000,0x73b154a0,0x75bc0000)
 PSPermGen       total 16384K, used 3953K [0x6b300000, 0x6c300000, 0x73300000)
  object space 16384K, 24% used [0x6b300000,0x6b6dc7b8,0x6c300000)
Event: 4.011 GC heap after
Heap after GC invocations=4 (full 0):
 PSYoungGen      total 66048K, used 2554K [0x9dd80000, 0xa2080000, 0xb3300000)
  eden space 63488K, 0% used [0x9dd80000,0x9dd80000,0xa1b80000)
  from space 2560K, 99% used [0xa1e00000,0xa207eae8,0xa2080000)
  to   space 2560K, 0% used [0xa1b80000,0xa1b80000,0xa1e00000)
 ParOldGen       total 41728K, used 13446K [0x73300000, 0x75bc0000, 0x9dd80000)
  object space 41728K, 32% used [0x73300000,0x740218c0,0x75bc0000)
 PSPermGen       total 16384K, used 3953K [0x6b300000, 0x6c300000, 0x73300000)
  object space 16384K, 24% used [0x6b300000,0x6b6dc7b8,0x6c300000)
}
Event: 5.831 GC heap before
{Heap before GC invocations=5 (full 0):
 PSYoungGen      total 66048K, used 66042K [0x9dd80000, 0xa2080000, 0xb3300000)
  eden space 63488K, 100% used [0x9dd80000,0xa1b80000,0xa1b80000)
  from space 2560K, 99% used [0xa1e00000,0xa207eae8,0xa2080000)
  to   space 2560K, 0% used [0xa1b80000,0xa1b80000,0xa1e00000)
 ParOldGen       total 41728K, used 13446K [0x73300000, 0x75bc0000, 0x9dd80000)
  object space 41728K, 32% used [0x73300000,0x740218c0,0x75bc0000)
 PSPermGen       total 16384K, used 3977K [0x6b300000, 0x6c300000, 0x73300000)
  object space 16384K, 24% used [0x6b300000,0x6b6e26b8,0x6c300000)
Event: 5.899 GC heap after
Heap after GC invocations=5 (full 0):
 PSYoungGen      total 66048K, used 2552K [0x9dd80000, 0xa7400000, 0xb3300000)
  eden space 63488K, 0% used [0x9dd80000,0x9dd80000,0xa1b80000)
  from space 2560K, 99% used [0xa1b80000,0xa1dfe028,0xa1e00000)
  to   space 13568K, 0% used [0xa66c0000,0xa66c0000,0xa7400000)
 ParOldGen       total 41728K, used 24004K [0x73300000, 0x75bc0000, 0x9dd80000)
  object space 41728K, 57% used [0x73300000,0x74a71118,0x75bc0000)
 PSPermGen       total 16384K, used 3977K [0x6b300000, 0x6c300000, 0x73300000)
  object space 16384K, 24% used [0x6b300000,0x6b6e26b8,0x6c300000)
}
Event: 7.540 GC heap before
{Heap before GC invocations=6 (full 0):
 PSYoungGen      total 66048K, used 66040K [0x9dd80000, 0xa7400000, 0xb3300000)
  eden space 63488K, 100% used [0x9dd80000,0xa1b80000,0xa1b80000)
  from space 2560K, 99% used [0xa1b80000,0xa1dfe028,0xa1e00000)
  to   space 13568K, 0% used [0xa66c0000,0xa66c0000,0xa7400000)
 ParOldGen       total 41728K, used 24004K [0x73300000, 0x75bc0000, 0x9dd80000)
  object space 41728K, 57% used [0x73300000,0x74a71118,0x75bc0000)
 PSPermGen       total 16384K, used 3992K [0x6b300000, 0x6c300000, 0x73300000)
  object space 16384K, 24% used [0x6b300000,0x6b6e60b8,0x6c300000)
Event: 7.610 GC heap after
Heap after GC invocations=6 (full 0):
 PSYoungGen      total 133632K, used 13553K [0x9dd80000, 0xa8180000, 0xb3300000)
  eden space 120064K, 0% used [0x9dd80000,0x9dd80000,0xa52c0000)
  from space 13568K, 99% used [0xa66c0000,0xa73fc5e0,0xa7400000)
  to   space 20480K, 0% used [0xa52c0000,0xa52c0000,0xa66c0000)
 ParOldGen       total 41728K, used 31968K [0x73300000, 0x75bc0000, 0x9dd80000)
  object space 41728K, 76% used [0x73300000,0x75238198,0x75bc0000)
 PSPermGen       total 16384K, used 3992K [0x6b300000, 0x6c300000, 0x73300000)
  object space 16384K, 24% used [0x6b300000,0x6b6e60b8,0x6c300000)
}
Event: 7.610 GC heap before
{Heap before GC invocations=7 (full 1):
 PSYoungGen      total 133632K, used 13553K [0x9dd80000, 0xa8180000, 0xb3300000)
  eden space 120064K, 0% used [0x9dd80000,0x9dd80000,0xa52c0000)
  from space 13568K, 99% used [0xa66c0000,0xa73fc5e0,0xa7400000)
  to   space 20480K, 0% used [0xa52c0000,0xa52c0000,0xa66c0000)
 ParOldGen       total 41728K, used 31968K [0x73300000, 0x75bc0000, 0x9dd80000)
  object space 41728K, 76% used [0x73300000,0x75238198,0x75bc0000)
 PSPermGen       total 16384K, used 3992K [0x6b300000, 0x6c300000, 0x73300000)
  object space 16384K, 24% used [0x6b300000,0x6b6e60b8,0x6c300000)
Event: 8.279 GC heap after
Heap after GC invocations=7 (full 1):
 PSYoungGen      total 133632K, used 0K [0x9dd80000, 0xa8180000, 0xb3300000)
  eden space 120064K, 0% used [0x9dd80000,0x9dd80000,0xa52c0000)
  from space 13568K, 0% used [0xa66c0000,0xa66c0000,0xa7400000)
  to   space 20480K, 0% used [0xa52c0000,0xa52c0000,0xa66c0000)
 ParOldGen       total 80640K, used 41151K [0x73300000, 0x781c0000, 0x9dd80000)
  object space 80640K, 51% used [0x73300000,0x75b2fed0,0x781c0000)
 PSPermGen       total 16384K, used 3989K [0x6b300000, 0x6c300000, 0x73300000)
  object space 16384K, 24% used [0x6b300000,0x6b6e5748,0x6c300000)
}
Event: 9.661 GC heap before
{Heap before GC invocations=8 (full 1):
 PSYoungGen      total 133632K, used 120064K [0x9dd80000, 0xa8180000, 0xb3300000)
  eden space 120064K, 100% used [0x9dd80000,0xa52c0000,0xa52c0000)
  from space 13568K, 0% used [0xa66c0000,0xa66c0000,0xa7400000)
  to   space 20480K, 0% used [0xa52c0000,0xa52c0000,0xa66c0000)
 ParOldGen       total 80640K, used 41151K [0x73300000, 0x781c0000, 0x9dd80000)
  object space 80640K, 51% used [0x73300000,0x75b2fed0,0x781c0000)
 PSPermGen       total 16384K, used 3999K [0x6b300000, 0x6c300000, 0x73300000)
  object space 16384K, 24% used [0x6b300000,0x6b6e7cb0,0x6c300000)

Deoptimization events (10 events):
Event: 8.819 Thread 0xb6407c00 Uncommon trap: reason=class_check action=maybe_recompile pc=0xb3570c9c method=com.android.dx.ssa.back.InterferenceGraph.mergeInterferenceSet(ILcom/android/dx/util/IntSet;)V @ 20
Event: 8.819 Thread 0xb6407c00 Uncommon trap: reason=class_check action=maybe_recompile pc=0xb35a6ba0 method=com.android.dx.util.BitIntSet.merge(Lcom/android/dx/util/IntSet;)V @ 1
Event: 8.820 Thread 0xb6407c00 Uncommon trap: reason=class_check action=maybe_recompile pc=0xb35881b8 method=com.android.dx.ssa.back.InterferenceGraph.mergeInterferenceSet(ILcom/android/dx/util/IntSet;)V @ 20
Event: 8.820 Thread 0xb6407c00 Uncommon trap: reason=class_check action=maybe_recompile pc=0xb35a6ba0 method=com.android.dx.util.BitIntSet.merge(Lcom/android/dx/util/IntSet;)V @ 1
Event: 8.820 Thread 0xb6407c00 Uncommon trap: reason=class_check action=maybe_recompile pc=0xb35881b8 method=com.android.dx.ssa.back.InterferenceGraph.mergeInterferenceSet(ILcom/android/dx/util/IntSet;)V @ 20
Event: 8.820 Thread 0xb6407c00 Uncommon trap: reason=class_check action=maybe_recompile pc=0xb35a6ba0 method=com.android.dx.util.BitIntSet.merge(Lcom/android/dx/util/IntSet;)V @ 1
Event: 8.842 Thread 0xb6407c00 Uncommon trap: reason=class_check action=maybe_recompile pc=0xb35266b4 method=com.android.dx.ssa.back.InterferenceGraph.mergeInterferenceSet(ILcom/android/dx/util/IntSet;)V @ 20
Event: 8.842 Thread 0xb6407c00 Uncommon trap: reason=class_check action=maybe_recompile pc=0xb35a6ba0 method=com.android.dx.util.BitIntSet.merge(Lcom/android/dx/util/IntSet;)V @ 1
Event: 8.842 Thread 0xb6407c00 Uncommon trap: reason=class_check action=maybe_recompile pc=0xb35881b8 method=com.android.dx.ssa.back.InterferenceGraph.mergeInterferenceSet(ILcom/android/dx/util/IntSet;)V @ 20
Event: 8.852 Thread 0xb6407c00 Uncommon trap: reason=class_check action=maybe_recompile pc=0xb35a7240 method=com.android.dx.ssa.back.InterferenceGraph.mergeInterferenceSet(ILcom/android/dx/util/IntSet;)V @ 20

Internal exceptions (10 events):
Event: 1.451 Thread 0xb6407c00 Threw 0x9e603030 at /build/buildd/openjdk-7-7u75-2.5.4/build/openjdk/hotspot/src/share/vm/prims/jvm.cpp:1284
Event: 1.579 Thread 0xb6407c00 Implicit null exception at 0xb3488bcd to 0xb3489599
Event: 1.963 Thread 0xb6407c00 Threw 0x9df21560 at /build/buildd/openjdk-7-7u75-2.5.4/build/openjdk/hotspot/src/share/vm/prims/jvm.cpp:1284
Event: 1.988 Thread 0xb6407c00 Threw 0x9df85858 at /build/buildd/openjdk-7-7u75-2.5.4/build/openjdk/hotspot/src/share/vm/prims/jvm.cpp:1284
Event: 2.833 Thread 0xb6407c00 Threw 0x9f59e690 at /build/buildd/openjdk-7-7u75-2.5.4/build/openjdk/hotspot/src/share/vm/prims/jvm.cpp:1284
Event: 3.305 Thread 0xb6407c00 Implicit null exception at 0xb3507baa to 0xb3508199
Event: 3.333 Thread 0xb6407c00 Threw 0x9e4d5d08 at /build/buildd/openjdk-7-7u75-2.5.4/build/openjdk/hotspot/src/share/vm/prims/jvm.cpp:1284
Event: 6.750 Thread 0xb6407c00 Threw 0xa0b237d8 at /build/buildd/openjdk-7-7u75-2.5.4/build/openjdk/hotspot/src/share/vm/prims/jvm.cpp:1284
Event: 8.418 Thread 0xb6407c00 Threw 0xa17485c8 at /build/buildd/openjdk-7-7u75-2.5.4/build/openjdk/hotspot/src/share/vm/prims/jvm.cpp:1284
Event: 8.451 Thread 0xb6407c00 Threw 0xa1810b10 at /build/buildd/openjdk-7-7u75-2.5.4/build/openjdk/hotspot/src/share/vm/prims/jvm.cpp:1284

Events (10 events):
Event: 8.842 Thread 0xb6407c00 Uncommon trap: trap_request=0xffffffde fr.pc=0xb35a6ba0
Event: 8.842 Thread 0xb6407c00 DEOPT PACKING pc=0xb35a6ba0 sp=0xb65c19b0
Event: 8.842 Thread 0xb6407c00 DEOPT UNPACKING pc=0xb3413bc8 sp=0xb65c1998 mode 2
Event: 8.842 Thread 0xb6407c00 Uncommon trap: trap_request=0xffffffde fr.pc=0xb35881b8
Event: 8.842 Thread 0xb6407c00 DEOPT PACKING pc=0xb35881b8 sp=0xb65c1a10
Event: 8.842 Thread 0xb6407c00 DEOPT UNPACKING pc=0xb3413bc8 sp=0xb65c19d0 mode 2
Event: 8.852 Thread 0xb6407c00 Uncommon trap: trap_request=0xffffffde fr.pc=0xb35a7240
Event: 8.852 Thread 0xb6407c00 DEOPT PACKING pc=0xb35a7240 sp=0xb65c19d0
Event: 8.852 Thread 0xb6407c00 DEOPT UNPACKING pc=0xb3413bc8 sp=0xb65c19c0 mode 2
Event: 9.661 Executing VM operation: ParallelGCFailedAllocation


Dynamic libraries:
08048000-08049000 r-xp 00000000 08:05 4983886    /usr/lib/jvm/java-7-openjdk-i386/jre/bin/java
08049000-0804a000 r--p 00000000 08:05 4983886    /usr/lib/jvm/java-7-openjdk-i386/jre/bin/java
0804a000-0804b000 rw-p 00001000 08:05 4983886    /usr/lib/jvm/java-7-openjdk-i386/jre/bin/java
09c93000-0a423000 rw-p 00000000 00:00 0          [heap]
66e00000-66efc000 rw-p 00000000 00:00 0 
66efc000-66f00000 ---p 00000000 00:00 0 
67000000-670ff000 rw-p 00000000 00:00 0 
670ff000-67100000 ---p 00000000 00:00 0 
67200000-67300000 rw-p 00000000 00:00 0 
67400000-674d5000 rw-p 00000000 00:00 0 
674d5000-67500000 ---p 00000000 00:00 0 
67500000-67600000 rw-p 00000000 00:00 0 
67600000-67635000 rw-p 00000000 00:00 0 
67635000-67700000 ---p 00000000 00:00 0 
6778b000-677c5000 r-xp 00000000 08:05 3802088    /lib/i386-linux-gnu/libpcre.so.3.12.1
677c5000-677c6000 r--p 00039000 08:05 3802088    /lib/i386-linux-gnu/libpcre.so.3.12.1
677c6000-677c7000 rw-p 0003a000 08:05 3802088    /lib/i386-linux-gnu/libpcre.so.3.12.1
677c7000-677da000 r-xp 00000000 08:05 3802099    /lib/i386-linux-gnu/libresolv-2.15.so
677da000-677db000 ---p 00013000 08:05 3802099    /lib/i386-linux-gnu/libresolv-2.15.so
677db000-677dc000 r--p 00013000 08:05 3802099    /lib/i386-linux-gnu/libresolv-2.15.so
677dc000-677dd000 rw-p 00014000 08:05 3802099    /lib/i386-linux-gnu/libresolv-2.15.so
677dd000-677df000 rw-p 00000000 00:00 0 
677df000-677fc000 r-xp 00000000 08:05 3802103    /lib/i386-linux-gnu/libselinux.so.1
677fc000-677fd000 r--p 0001c000 08:05 3802103    /lib/i386-linux-gnu/libselinux.so.1
677fd000-677fe000 rw-p 0001d000 08:05 3802103    /lib/i386-linux-gnu/libselinux.so.1
677fe000-678f5000 r-xp 00000000 08:05 3802040    /lib/i386-linux-gnu/libglib-2.0.so.0.3200.3
678f5000-678f6000 r--p 000f6000 08:05 3802040    /lib/i386-linux-gnu/libglib-2.0.so.0.3200.3
678f6000-678f7000 rw-p 000f7000 08:05 3802040    /lib/i386-linux-gnu/libglib-2.0.so.0.3200.3
678f7000-67944000 r-xp 00000000 08:05 4985532    /usr/lib/i386-linux-gnu/libgobject-2.0.so.0.3200.3
67944000-67945000 r--p 0004c000 08:05 4985532    /usr/lib/i386-linux-gnu/libgobject-2.0.so.0.3200.3
67945000-67946000 rw-p 0004d000 08:05 4985532    /usr/lib/i386-linux-gnu/libgobject-2.0.so.0.3200.3
67946000-67a99000 r-xp 00000000 08:05 4985508    /usr/lib/i386-linux-gnu/libgio-2.0.so.0.3200.3
67a99000-67a9b000 r--p 00153000 08:05 4985508    /usr/lib/i386-linux-gnu/libgio-2.0.so.0.3200.3
67a9b000-67a9c000 rw-p 00155000 08:05 4985508    /usr/lib/i386-linux-gnu/libgio-2.0.so.0.3200.3
67a9c000-67a9d000 rw-p 00000000 00:00 0 
67aaf000-67ac6000 r-xp 00000000 08:05 4989135    /usr/lib/jvm/java-7-openjdk-i386/jre/lib/i386/libnet.so
67ac6000-67ac7000 r--p 00016000 08:05 4989135    /usr/lib/jvm/java-7-openjdk-i386/jre/lib/i386/libnet.so
67ac7000-67ac8000 rw-p 00017000 08:05 4989135    /usr/lib/jvm/java-7-openjdk-i386/jre/lib/i386/libnet.so
67ac8000-67ad9000 r-xp 00000000 08:05 4989121    /usr/lib/jvm/java-7-openjdk-i386/jre/lib/i386/libnio.so
67ad9000-67ada000 r--p 00010000 08:05 4989121    /usr/lib/jvm/java-7-openjdk-i386/jre/lib/i386/libnio.so
67ada000-67adb000 rw-p 00011000 08:05 4989121    /usr/lib/jvm/java-7-openjdk-i386/jre/lib/i386/libnio.so
67adb000-67adc000 ---p 00000000 00:00 0 
67adc000-67b5c000 rw-p 00000000 00:00 0 
67b5c000-67b5f000 ---p 00000000 00:00 0 
67b5f000-67bad000 rw-p 00000000 00:00 0 
67bad000-67bb0000 ---p 00000000 00:00 0 
67bb0000-67c2e000 rw-p 00000000 00:00 0 
67c2e000-67c31000 ---p 00000000 00:00 0 
67c31000-67caf000 rw-p 00000000 00:00 0 
67caf000-67cb2000 ---p 00000000 00:00 0 
67cb2000-67d00000 rw-p 00000000 00:00 0 
67d00000-67f00000 r--p 00000000 08:05 4988066    /usr/lib/locale/locale-archive
67f00000-67ffb000 rw-p 00000000 00:00 0 
67ffb000-68000000 ---p 00000000 00:00 0 
68005000-68006000 ---p 00000000 00:00 0 
68006000-680cf000 rw-p 00000000 00:00 0 
680cf000-68280000 r--s 01d23000 08:05 4989042    /usr/lib/jvm/java-7-openjdk-i386/jre/lib/rt.jar
68280000-6ab00000 rw-p 00000000 00:00 0 
6ab00000-6abea000 rw-p 00000000 00:00 0 
6abea000-6ac00000 ---p 00000000 00:00 0 
6ac03000-6ac06000 ---p 00000000 00:00 0 
6ac06000-6ac54000 rw-p 00000000 00:00 0 
6ac54000-6ac57000 ---p 00000000 00:00 0 
6ac57000-6ad00000 rw-p 00000000 00:00 0 
6ad00000-6ad21000 rw-p 00000000 00:00 0 
6ad21000-6ae00000 ---p 00000000 00:00 0 
6ae06000-6ae0b000 r-xp 00000000 08:05 4985471    /usr/lib/i386-linux-gnu/libffi.so.6.0.0
6ae0b000-6ae0c000 r--p 00004000 08:05 4985471    /usr/lib/i386-linux-gnu/libffi.so.6.0.0
6ae0c000-6ae0d000 rw-p 00005000 08:05 4985471    /usr/lib/i386-linux-gnu/libffi.so.6.0.0
6ae0d000-6ae18000 r--s 00079000 08:06 4459502    /home/ankit/Traafik latest/TraafikAppLatest/app/build/intermediates/exploded-aar/com.google.android.gms/play-services-analytics/7.5.0/jars/classes.jar
6ae18000-6ae27000 r--s 000dd000 08:06 21369266   /home/ankit/Ankitt Data/ECLIPSE/sdk/build-tools/22.0.1/lib/dx.jar
6ae27000-6ae28000 ---p 00000000 00:00 0 
6ae28000-6aea8000 rw-p 00000000 00:00 0 
6aea8000-6aea9000 ---p 00000000 00:00 0 
6aea9000-6af31000 rw-p 00000000 00:00 0 
6af31000-6af69000 rw-p 00000000 00:00 0 
6af69000-6af91000 rw-p 00000000 00:00 0 
6af91000-6b0bf000 rw-p 00000000 00:00 0 
6b0bf000-6b0c7000 rw-p 00000000 00:00 0 
6b0c7000-6b0ff000 rw-p 00000000 00:00 0 
6b0ff000-6b127000 rw-p 00000000 00:00 0 
6b127000-6b254000 rw-p 00000000 00:00 0 
6b254000-6b2a7000 rw-p 00000000 00:00 0 
6b2a7000-6b2ff000 rw-p 00000000 00:00 0 
6b2ff000-6c300000 rw-p 00000000 00:00 0 
6c300000-73300000 rw-p 00000000 00:00 0 
73300000-781c0000 rw-p 00000000 00:00 0 
78200000-9dd80000 rw-p 00000000 00:00 0 
9dd80000-a8180000 rw-p 00000000 00:00 0 
a8180000-b3300000 rw-p 00000000 00:00 0 
b3301000-b3304000 r-xp 00000000 08:05 4985518    /usr/lib/i386-linux-gnu/libgmodule-2.0.so.0.3200.3
b3304000-b3305000 r--p 00002000 08:05 4985518    /usr/lib/i386-linux-gnu/libgmodule-2.0.so.0.3200.3
b3305000-b3306000 rw-p 00003000 08:05 4985518    /usr/lib/i386-linux-gnu/libgmodule-2.0.so.0.3200.3
b3306000-b3307000 r--s 00007000 08:05 5246941    /usr/share/java/java-atk-wrapper.jar
b3307000-b330a000 r--s 0000f000 08:05 4989079    /usr/lib/jvm/java-7-openjdk-i386/jre/lib/ext/icedtea-sound.jar
b330a000-b330c000 r--s 00012000 08:05 4989084    /usr/lib/jvm/java-7-openjdk-i386/jre/lib/ext/zipfs.jar
b330c000-b3331000 rw-p 00000000 00:00 0 
b3331000-b33e7000 rw-p 00000000 00:00 0 
b33e7000-b3637000 rwxp 00000000 00:00 0 
b3637000-b63e7000 rw-p 00000000 00:00 0 
b63e7000-b63f2000 r-xp 00000000 08:05 3802066    /lib/i386-linux-gnu/libnss_files-2.15.so
b63f2000-b63f3000 r--p 0000a000 08:05 3802066    /lib/i386-linux-gnu/libnss_files-2.15.so
b63f3000-b63f4000 rw-p 0000b000 08:05 3802066    /lib/i386-linux-gnu/libnss_files-2.15.so
b63f4000-b63fe000 r-xp 00000000 08:05 3802070    /lib/i386-linux-gnu/libnss_nis-2.15.so
b63fe000-b63ff000 r--p 00009000 08:05 3802070    /lib/i386-linux-gnu/libnss_nis-2.15.so
b63ff000-b6400000 rw-p 0000a000 08:05 3802070    /lib/i386-linux-gnu/libnss_nis-2.15.so
b6400000-b64fd000 rw-p 00000000 00:00 0 
b64fd000-b6500000 ---p 00000000 00:00 0 
b6500000-b6504000 r--s 00034000 08:05 4989083    /usr/lib/jvm/java-7-openjdk-i386/jre/lib/ext/sunjce_provider.jar
b6504000-b6508000 r--s 0003c000 08:05 4989081    /usr/lib/jvm/java-7-openjdk-i386/jre/lib/ext/sunpkcs11.jar
b6508000-b650b000 r--s 00086000 08:05 4989082    /usr/lib/jvm/java-7-openjdk-i386/jre/lib/ext/localedata.jar
b650b000-b6521000 r-xp 00000000 08:05 3802060    /lib/i386-linux-gnu/libnsl-2.15.so
b6521000-b6522000 r--p 00015000 08:05 3802060    /lib/i386-linux-gnu/libnsl-2.15.so
b6522000-b6523000 rw-p 00016000 08:05 3802060    /lib/i386-linux-gnu/libnsl-2.15.so
b6523000-b6525000 rw-p 00000000 00:00 0 
b6525000-b652c000 r-xp 00000000 08:05 3802062    /lib/i386-linux-gnu/libnss_compat-2.15.so
b652c000-b652d000 r--p 00006000 08:05 3802062    /lib/i386-linux-gnu/libnss_compat-2.15.so
b652d000-b652e000 rw-p 00007000 08:05 3802062    /lib/i386-linux-gnu/libnss_compat-2.15.so
b652e000-b6536000 r-xp 00000000 08:05 4989114    /usr/lib/jvm/java-7-openjdk-i386/jre/lib/i386/libzip.so
b6536000-b6537000 r--p 00007000 08:05 4989114    /usr/lib/jvm/java-7-openjdk-i386/jre/lib/i386/libzip.so
b6537000-b6538000 rw-p 00008000 08:05 4989114    /usr/lib/jvm/java-7-openjdk-i386/jre/lib/i386/libzip.so
b6538000-b6540000 rw-s 00000000 08:05 145518     /tmp/hsperfdata_ankit/17076
b6540000-b6567000 r-xp 00000000 08:05 4989134    /usr/lib/jvm/java-7-openjdk-i386/jre/lib/i386/libjava.so
b6567000-b6568000 r--p 00026000 08:05 4989134    /usr/lib/jvm/java-7-openjdk-i386/jre/lib/i386/libjava.so
b6568000-b6569000 rw-p 00027000 08:05 4989134    /usr/lib/jvm/java-7-openjdk-i386/jre/lib/i386/libjava.so
b6569000-b6570000 r-xp 00000000 08:05 3802101    /lib/i386-linux-gnu/librt-2.15.so
b6570000-b6571000 r--p 00006000 08:05 3802101    /lib/i386-linux-gnu/librt-2.15.so
b6571000-b6572000 rw-p 00007000 08:05 3802101    /lib/i386-linux-gnu/librt-2.15.so
b6572000-b6575000 ---p 00000000 00:00 0 
b6575000-b65c3000 rw-p 00000000 00:00 0 
b65c3000-b65df000 r-xp 00000000 08:05 3802036    /lib/i386-linux-gnu/libgcc_s.so.1
b65df000-b65e0000 r--p 0001b000 08:05 3802036    /lib/i386-linux-gnu/libgcc_s.so.1
b65e0000-b65e1000 rw-p 0001c000 08:05 3802036    /lib/i386-linux-gnu/libgcc_s.so.1
b65e1000-b660b000 r-xp 00000000 08:05 3802047    /lib/i386-linux-gnu/libm-2.15.so
b660b000-b660c000 r--p 00029000 08:05 3802047    /lib/i386-linux-gnu/libm-2.15.so
b660c000-b660d000 rw-p 0002a000 08:05 3802047    /lib/i386-linux-gnu/libm-2.15.so
b660d000-b66e5000 r-xp 00000000 08:05 4985813    /usr/lib/i386-linux-gnu/libstdc++.so.6.0.16
b66e5000-b66e6000 ---p 000d8000 08:05 4985813    /usr/lib/i386-linux-gnu/libstdc++.so.6.0.16
b66e6000-b66ea000 r--p 000d8000 08:05 4985813    /usr/lib/i386-linux-gnu/libstdc++.so.6.0.16
b66ea000-b66eb000 rw-p 000dc000 08:05 4985813    /usr/lib/i386-linux-gnu/libstdc++.so.6.0.16
b66eb000-b66f2000 rw-p 00000000 00:00 0 
b66f2000-b70b4000 r-xp 00000000 08:05 4989140    /usr/lib/jvm/java-7-openjdk-i386/jre/lib/i386/server/libjvm.so
b70b4000-b7109000 r--p 009c2000 08:05 4989140    /usr/lib/jvm/java-7-openjdk-i386/jre/lib/i386/server/libjvm.so
b7109000-b711d000 rw-p 00a17000 08:05 4989140    /usr/lib/jvm/java-7-openjdk-i386/jre/lib/i386/server/libjvm.so
b711d000-b753b000 rw-p 00000000 00:00 0 
b753b000-b754f000 r-xp 00000000 08:05 3802126    /lib/i386-linux-gnu/libz.so.1.2.3.4
b754f000-b7550000 r--p 00013000 08:05 3802126    /lib/i386-linux-gnu/libz.so.1.2.3.4
b7550000-b7551000 rw-p 00014000 08:05 3802126    /lib/i386-linux-gnu/libz.so.1.2.3.4
b7551000-b7568000 r-xp 00000000 08:05 3802095    /lib/i386-linux-gnu/libpthread-2.15.so
b7568000-b7569000 r--p 00016000 08:05 3802095    /lib/i386-linux-gnu/libpthread-2.15.so
b7569000-b756a000 rw-p 00017000 08:05 3802095    /lib/i386-linux-gnu/libpthread-2.15.so
b756a000-b756c000 rw-p 00000000 00:00 0 
b756c000-b756f000 r-xp 00000000 08:05 3802028    /lib/i386-linux-gnu/libdl-2.15.so
b756f000-b7570000 r--p 00002000 08:05 3802028    /lib/i386-linux-gnu/libdl-2.15.so
b7570000-b7571000 rw-p 00003000 08:05 3802028    /lib/i386-linux-gnu/libdl-2.15.so
b7571000-b7710000 r-xp 00000000 08:05 3802015    /lib/i386-linux-gnu/libc-2.15.so
b7710000-b7712000 r--p 0019f000 08:05 3802015    /lib/i386-linux-gnu/libc-2.15.so
b7712000-b7713000 rw-p 001a1000 08:05 3802015    /lib/i386-linux-gnu/libc-2.15.so
b7713000-b7716000 rw-p 00000000 00:00 0 
b7716000-b7717000 r--s 00002000 08:05 4989080    /usr/lib/jvm/java-7-openjdk-i386/jre/lib/ext/dnsns.jar
b7717000-b7718000 r--p 005db000 08:05 4988066    /usr/lib/locale/locale-archive
b7718000-b7719000 rw-p 00000000 00:00 0 
b7719000-b771a000 ---p 00000000 00:00 0 
b771a000-b7726000 r-xp 00000000 08:05 4989131    /usr/lib/jvm/java-7-openjdk-i386/jre/lib/i386/libverify.so
b7726000-b7727000 r--p 0000b000 08:05 4989131    /usr/lib/jvm/java-7-openjdk-i386/jre/lib/i386/libverify.so
b7727000-b7728000 rw-p 0000c000 08:05 4989131    /usr/lib/jvm/java-7-openjdk-i386/jre/lib/i386/libverify.so
b7728000-b7735000 r-xp 00000000 08:05 4989106    /usr/lib/jvm/java-7-openjdk-i386/jre/lib/i386/jli/libjli.so
b7735000-b7736000 r--p 0000c000 08:05 4989106    /usr/lib/jvm/java-7-openjdk-i386/jre/lib/i386/jli/libjli.so
b7736000-b7737000 rw-p 0000d000 08:05 4989106    /usr/lib/jvm/java-7-openjdk-i386/jre/lib/i386/jli/libjli.so
b7737000-b773a000 rw-p 00000000 00:00 0 
b773a000-b773b000 r-xp 00000000 00:00 0          [vdso]
b773b000-b775b000 r-xp 00000000 08:05 3801995    /lib/i386-linux-gnu/ld-2.15.so
b775b000-b775c000 r--p 0001f000 08:05 3801995    /lib/i386-linux-gnu/ld-2.15.so
b775c000-b775d000 rw-p 00020000 08:05 3801995    /lib/i386-linux-gnu/ld-2.15.so
bfef3000-bfef4000 rwxp 00000000 00:00 0 
bff26000-bff47000 rw-p 00000000 00:00 0          [stack]

VM Arguments:
jvm_args: -Xmx1024M -Dfile.encoding=UTF-8 -Duser.country=IN -Duser.language=en -Duser.variant 
java_command: com.android.dx.command.Main --dex --output /home/ankit/Traafik latest/TraafikAppLatest/app/build/intermediates/pre-dexed/debug/classes-60a7eb5bedd3ac059a03773ecb9be5aae7d1c35b.jar /home/ankit/Traafik latest/TraafikAppLatest/app/build/intermediates/exploded-aar/com.google.android.gms/play-services-analytics/7.5.0/jars/classes.jar
Launcher Type: SUN_STANDARD

Environment Variables:
PATH=/usr/lib/lightdm/lightdm:/usr/local/sbin:/usr/local/bin:/usr/sbin:/usr/bin:/sbin:/bin:/usr/games
LD_LIBRARY_PATH=/home/ankit/Android studio/android-studio/bin:
SHELL=/bin/bash
DISPLAY=:0.0

Signal Handlers:
SIGSEGV: [libjvm.so+0x80b550], sa_mask[0]=0x7ffbfeff, sa_flags=0x10000004
SIGBUS: [libjvm.so+0x80b550], sa_mask[0]=0x7ffbfeff, sa_flags=0x10000004
SIGFPE: [libjvm.so+0x6753e0], sa_mask[0]=0x7ffbfeff, sa_flags=0x10000004
SIGPIPE: [libjvm.so+0x6753e0], sa_mask[0]=0x7ffbfeff, sa_flags=0x10000004
SIGXFSZ: [libjvm.so+0x6753e0], sa_mask[0]=0x7ffbfeff, sa_flags=0x10000004
SIGILL: [libjvm.so+0x6753e0], sa_mask[0]=0x7ffbfeff, sa_flags=0x10000004
SIGUSR1: SIG_DFL, sa_mask[0]=0x00000000, sa_flags=0x00000000
SIGUSR2: [libjvm.so+0x675690], sa_mask[0]=0x00000004, sa_flags=0x10000004
SIGHUP: [libjvm.so+0x675850], sa_mask[0]=0x7ffbfeff, sa_flags=0x10000004
SIGINT: [libjvm.so+0x675850], sa_mask[0]=0x7ffbfeff, sa_flags=0x10000004
SIGTERM: [libjvm.so+0x675850], sa_mask[0]=0x7ffbfeff, sa_flags=0x10000004
SIGQUIT: [libjvm.so+0x675850], sa_mask[0]=0x7ffbfeff, sa_flags=0x10000004
SIGTRAP: SIG_DFL, sa_mask[0]=0x00000000, sa_flags=0x00000000


---------------  S Y S T E M  ---------------

OS:Ubuntu 12.04 (precise)
uname:Linux 3.2.0-29-generic-pae #46-Ubuntu SMP Fri Jul 27 17:25:43 UTC 2012 i686
libc:glibc 2.15 NPTL 2.15 
rlimit: STACK 8192k, CORE 0k, NPROC 31169, NOFILE 4096, AS infinity
load average:3.68 1.49 1.10

/proc/meminfo:
MemTotal:        4004304 kB
MemFree:          158448 kB
Buffers:             260 kB
Cached:           509752 kB
SwapCached:            0 kB
Active:          3457876 kB
Inactive:         311328 kB
Active(anon):    3423660 kB
Inactive(anon):   284776 kB
Active(file):      34216 kB
Inactive(file):    26552 kB
Unevictable:          32 kB
Mlocked:              32 kB
HighTotal:       3159312 kB
HighFree:            624 kB
LowTotal:         844992 kB
LowFree:          157824 kB
SwapTotal:             0 kB
SwapFree:              0 kB
Dirty:                64 kB
Writeback:             0 kB
AnonPages:       3259688 kB
Mapped:            65660 kB
Shmem:            449080 kB
Slab:              39164 kB
SReclaimable:      19392 kB
SUnreclaim:        19772 kB
KernelStack:        4584 kB
PageTables:        17740 kB
NFS_Unstable:          0 kB
Bounce:                0 kB
WritebackTmp:          0 kB
CommitLimit:     2002152 kB
Committed_AS:    7096480 kB
VmallocTotal:     122880 kB
VmallocUsed:       15300 kB
VmallocChunk:     105556 kB
HardwareCorrupted:     0 kB
AnonHugePages:         0 kB
HugePages_Total:       0
HugePages_Free:        0
HugePages_Rsvd:        0
HugePages_Surp:        0
Hugepagesize:       2048 kB
DirectMap4k:       10232 kB
DirectMap2M:      903168 kB


CPU:total 2 (2 cores per cpu, 1 threads per core) family 6 model 58 stepping 9, cmov, cx8, fxsr, mmx, sse, sse2, sse3, ssse3, sse4.1, sse4.2, popcnt, erms, tsc, tscinvbit, tscinv

/proc/cpuinfo:
processor	: 0
vendor_id	: GenuineIntel
cpu family	: 6
model		: 58
model name	: Intel(R) Pentium(R) CPU G2030 @ 3.00GHz
stepping	: 9
microcode	: 0x17
cpu MHz		: 3000.000
cache size	: 3072 KB
physical id	: 0
siblings	: 2
core id		: 0
cpu cores	: 2
apicid		: 0
initial apicid	: 0
fdiv_bug	: no
hlt_bug		: no
f00f_bug	: no
coma_bug	: no
fpu		: yes
fpu_exception	: yes
cpuid level	: 13
wp		: yes
flags		: fpu vme de pse tsc msr pae mce cx8 apic sep mtrr pge mca cmov pat pse36 clflush dts acpi mmx fxsr sse sse2 ss ht tm pbe nx rdtscp lm constant_tsc arch_perfmon pebs bts xtopology nonstop_tsc aperfmperf pni pclmulqdq dtes64 monitor ds_cpl vmx est tm2 ssse3 cx16 xtpr pdcm pcid sse4_1 sse4_2 popcnt tsc_deadline_timer xsave lahf_lm arat epb xsaveopt pln pts dtherm tpr_shadow vnmi flexpriority ept vpid fsgsbase smep erms
bogomips	: 5986.60
clflush size	: 64
cache_alignment	: 64
address sizes	: 36 bits physical, 48 bits virtual
power management:

processor	: 1
vendor_id	: GenuineIntel
cpu family	: 6
model		: 58
model name	: Intel(R) Pentium(R) CPU G2030 @ 3.00GHz
stepping	: 9
microcode	: 0x17
cpu MHz		: 3000.000
cache size	: 3072 KB
physical id	: 0
siblings	: 2
core id		: 1
cpu cores	: 2
apicid		: 2
initial apicid	: 2
fdiv_bug	: no
hlt_bug		: no
f00f_bug	: no
coma_bug	: no
fpu		: yes
fpu_exception	: yes
cpuid level	: 13
wp		: yes
flags		: fpu vme de pse tsc msr pae mce cx8 apic sep mtrr pge mca cmov pat pse36 clflush dts acpi mmx fxsr sse sse2 ss ht tm pbe nx rdtscp lm constant_tsc arch_perfmon pebs bts xtopology nonstop_tsc aperfmperf pni pclmulqdq dtes64 monitor ds_cpl vmx est tm2 ssse3 cx16 xtpr pdcm pcid sse4_1 sse4_2 popcnt tsc_deadline_timer xsave lahf_lm arat epb xsaveopt pln pts dtherm tpr_shadow vnmi flexpriority ept vpid fsgsbase smep erms
bogomips	: 5986.36
clflush size	: 64
cache_alignment	: 64
address sizes	: 36 bits physical, 48 bits virtual
power management:



Memory: 4k page, physical 4004304k(158448k free), swap 0k(0k free)

vm_info: OpenJDK Server VM (24.75-b04) for linux-x86 JRE (1.7.0_75-b13), built on Jan 27 2015 16:24:35 by "buildd" with gcc 4.6.3

time: Thu Jul 16 16:22:16 2015
elapsed time: 10 seconds

