#
# There is insufficient memory for the Java Runtime Environment to continue.
# Native memory allocation (malloc) failed to allocate 82837504 bytes for committing reserved memory.
# Possible reasons:
#   The system is out of physical RAM or swap space
#   In 32 bit mode, the process size limit was hit
# Possible solutions:
#   Reduce memory load on the system
#   Increase physical memory or swap space
#   Check if swap backing store is full
#   Use 64 bit Java on a 64 bit OS
#   Decrease Java heap size (-Xmx/-Xms)
#   Decrease number of Java threads
#   Decrease Java thread stack sizes (-Xss)
#   Set larger code cache with -XX:ReservedCodeCacheSize=
# This output file may be truncated or incomplete.
#
#  Out of Memory Error (os_linux.cpp:2798), pid=17954, tid=1745378112
#
# JRE version: OpenJDK Runtime Environment (7.0_75-b13) (build 1.7.0_75-b13)
# Java VM: OpenJDK Server VM (24.75-b04 mixed mode linux-x86 )
# Derivative: IcedTea 2.5.4
# Distribution: Ubuntu 12.04 LTS, package 7u75-2.5.4-1~precise1
# Failed to write core dump. Core dumps have been disabled. To enable core dumping, try "ulimit -c unlimited" before starting Java again
#

---------------  T H R E A D  ---------------

Current thread (0x67f10400):  VMThread [stack: 0x68005000,0x68086000] [id=17961]

Stack: [0x68005000,0x68086000]
[error occurred during error reporting (printing stack bounds), id 0xb]

VM_Operation (0xb65a1968): ParallelGCFailedAllocation, mode: safepoint, requested by thread 0xb6407c00


---------------  P R O C E S S  ---------------

Java Threads: ( => current thread )
  0x67f2c400 JavaThread "Service Thread" daemon [_thread_blocked, id=17967, stack(0x67b5c000,0x67bad000)]
  0x67f2a800 JavaThread "C2 CompilerThread1" daemon [_thread_blocked, id=17966, stack(0x67bad000,0x67c2e000)]
  0x67f28800 JavaThread "C2 CompilerThread0" daemon [_thread_blocked, id=17965, stack(0x67c2e000,0x67caf000)]
  0x67f26c00 JavaThread "Signal Dispatcher" daemon [_thread_blocked, id=17964, stack(0x67caf000,0x67d00000)]
  0x67f14400 JavaThread "Finalizer" daemon [_thread_blocked, id=17963, stack(0x6ac03000,0x6ac54000)]
  0x67f12800 JavaThread "Reference Handler" daemon [_thread_blocked, id=17962, stack(0x6ac54000,0x6aca5000)]
  0xb6407c00 JavaThread "main" [_thread_blocked, id=17957, stack(0xb6552000,0xb65a3000)]

Other Threads:
=>0x67f10400 VMThread [stack: 0x68005000,0x68086000] [id=17961]
  0x67f2e000 WatcherThread [stack: 0x67adb000,0x67b5c000] [id=17968]

VM state:at safepoint (normal execution)

VM Mutex/Monitor currently owned by a thread:  ([mutex/lock_event])
[0xb6405248] Threads_lock - owner thread: 0x67f10400
[0xb6405658] Heap_lock - owner thread: 0xb6407c00

Heap
 PSYoungGen      total 140544K, used 20474K [0x9dd80000, 0xa8180000, 0xb3300000)
  eden space 120064K, 0% used [0x9dd80000,0x9dd80000,0xa52c0000)
  from space 20480K, 99% used [0xa52c0000,0xa66beaa8,0xa66c0000)
  to   space 13568K, 0% used [0xa66c0000,0xa66c0000,0xa7400000)
 ParOldGen       total 81664K, used 81488K [0x73300000, 0x782c0000, 0x9dd80000)
  object space 81664K, 99% used [0x73300000,0x78294398,0x782c0000)
 PSPermGen       total 16384K, used 3999K [0x6b300000, 0x6c300000, 0x73300000)
  object space 16384K, 24% used [0x6b300000,0x6b6e7c28,0x6c300000)

Card table byte_map: [0x6b0bf000,0x6b300000] byte_map_base: 0x6ad65800

Polling page: 0xb76f9000

Code Cache  [0xb33cd000, 0xb361d000, 0xb63cd000)
 total_blobs=757 nmethods=638 adapters=73 free_code_cache=46845Kb largest_free_block=47907136

Compilation events (10 events):
Event: 8.596 Thread 0x67f28800 nmethod 641% 0xb34a80c8 code [0xb34a8360, 0xb34a9538]
Event: 8.596 Thread 0x67f28800  644             com.android.dx.ssa.back.LivenessAnalyzer::constructInterferenceGraph (47 bytes)
Event: 8.601 Thread 0x67f28800 nmethod 644 0xb34abf08 code [0xb34ac060, 0xb34ac4b0]
Event: 8.601 Thread 0x67f28800  645             com.android.dx.ssa.back.FirstFitLocalCombiningAllocator::handleCheckCastResults (413 bytes)
Event: 8.612 Thread 0x67f2a800 nmethod 643 0xb3608488 code [0xb36086c0, 0xb360956c]
Event: 8.612 Thread 0x67f2a800  646             com.android.dx.rop.cst.CstNat::isCategory2 (2 bytes)
Event: 8.612 Thread 0x67f2a800 nmethod 646 0xb35f07c8 code [0xb35f08a0, 0xb35f08f0]
Event: 8.612 Thread 0x67f2a800  647             com.android.dx.dex.cf.CfTranslator::translate0 (259 bytes)
Event: 8.682 Thread 0x67f28800 nmethod 645 0xb360a608 code [0xb360a8e0, 0xb360baa8]
Event: 8.743 Thread 0x67f2a800 nmethod 647 0xb3613288 code [0xb36139a0, 0xb3616f2c]

GC Heap History (10 events):
Event: 3.346 GC heap after
Heap after GC invocations=3 (full 0):
 PSYoungGen      total 34304K, used 2551K [0x9dd80000, 0xa2080000, 0xb3300000)
  eden space 31744K, 0% used [0x9dd80000,0x9dd80000,0x9fc80000)
  from space 2560K, 99% used [0x9fc80000,0x9fefdc50,0x9ff00000)
  to   space 2560K, 0% used [0xa1e00000,0xa1e00000,0xa2080000)
 ParOldGen       total 41728K, used 8257K [0x73300000, 0x75bc0000, 0x9dd80000)
  object space 41728K, 19% used [0x73300000,0x73b10700,0x75bc0000)
 PSPermGen       total 16384K, used 3936K [0x6b300000, 0x6c300000, 0x73300000)
  object space 16384K, 24% used [0x6b300000,0x6b6d83e8,0x6c300000)
}
Event: 4.224 GC heap before
{Heap before GC invocations=4 (full 0):
 PSYoungGen      total 34304K, used 34295K [0x9dd80000, 0xa2080000, 0xb3300000)
  eden space 31744K, 100% used [0x9dd80000,0x9fc80000,0x9fc80000)
  from space 2560K, 99% used [0x9fc80000,0x9fefdc50,0x9ff00000)
  to   space 2560K, 0% used [0xa1e00000,0xa1e00000,0xa2080000)
 ParOldGen       total 41728K, used 8257K [0x73300000, 0x75bc0000, 0x9dd80000)
  object space 41728K, 19% used [0x73300000,0x73b10700,0x75bc0000)
 PSPermGen       total 16384K, used 3954K [0x6b300000, 0x6c300000, 0x73300000)
  object space 16384K, 24% used [0x6b300000,0x6b6dc980,0x6c300000)
Event: 4.260 GC heap after
Heap after GC invocations=4 (full 0):
 PSYoungGen      total 66048K, used 2551K [0x9dd80000, 0xa2080000, 0xb3300000)
  eden space 63488K, 0% used [0x9dd80000,0x9dd80000,0xa1b80000)
  from space 2560K, 99% used [0xa1e00000,0xa207dc50,0xa2080000)
  to   space 2560K, 0% used [0xa1b80000,0xa1b80000,0xa1e00000)
 ParOldGen       total 41728K, used 13417K [0x73300000, 0x75bc0000, 0x9dd80000)
  object space 41728K, 32% used [0x73300000,0x7401a7b0,0x75bc0000)
 PSPermGen       total 16384K, used 3954K [0x6b300000, 0x6c300000, 0x73300000)
  object space 16384K, 24% used [0x6b300000,0x6b6dc980,0x6c300000)
}
Event: 6.076 GC heap before
{Heap before GC invocations=5 (full 0):
 PSYoungGen      total 66048K, used 66039K [0x9dd80000, 0xa2080000, 0xb3300000)
  eden space 63488K, 100% used [0x9dd80000,0xa1b80000,0xa1b80000)
  from space 2560K, 99% used [0xa1e00000,0xa207dc50,0xa2080000)
  to   space 2560K, 0% used [0xa1b80000,0xa1b80000,0xa1e00000)
 ParOldGen       total 41728K, used 13417K [0x73300000, 0x75bc0000, 0x9dd80000)
  object space 41728K, 32% used [0x73300000,0x7401a7b0,0x75bc0000)
 PSPermGen       total 16384K, used 3977K [0x6b300000, 0x6c300000, 0x73300000)
  object space 16384K, 24% used [0x6b300000,0x6b6e26f0,0x6c300000)
Event: 6.122 GC heap after
Heap after GC invocations=5 (full 0):
 PSYoungGen      total 66048K, used 2559K [0x9dd80000, 0xa7400000, 0xb3300000)
  eden space 63488K, 0% used [0x9dd80000,0x9dd80000,0xa1b80000)
  from space 2560K, 99% used [0xa1b80000,0xa1dffce8,0xa1e00000)
  to   space 13568K, 0% used [0xa66c0000,0xa66c0000,0xa7400000)
 ParOldGen       total 41728K, used 23989K [0x73300000, 0x75bc0000, 0x9dd80000)
  object space 41728K, 57% used [0x73300000,0x74a6d738,0x75bc0000)
 PSPermGen       total 16384K, used 3977K [0x6b300000, 0x6c300000, 0x73300000)
  object space 16384K, 24% used [0x6b300000,0x6b6e26f0,0x6c300000)
}
Event: 7.482 GC heap before
{Heap before GC invocations=6 (full 0):
 PSYoungGen      total 66048K, used 66047K [0x9dd80000, 0xa7400000, 0xb3300000)
  eden space 63488K, 100% used [0x9dd80000,0xa1b80000,0xa1b80000)
  from space 2560K, 99% used [0xa1b80000,0xa1dffce8,0xa1e00000)
  to   space 13568K, 0% used [0xa66c0000,0xa66c0000,0xa7400000)
 ParOldGen       total 41728K, used 23989K [0x73300000, 0x75bc0000, 0x9dd80000)
  object space 41728K, 57% used [0x73300000,0x74a6d738,0x75bc0000)
 PSPermGen       total 16384K, used 3991K [0x6b300000, 0x6c300000, 0x73300000)
  object space 16384K, 24% used [0x6b300000,0x6b6e5f80,0x6c300000)
Event: 7.588 GC heap after
Heap after GC invocations=6 (full 0):
 PSYoungGen      total 133632K, used 13565K [0x9dd80000, 0xa8180000, 0xb3300000)
  eden space 120064K, 0% used [0x9dd80000,0x9dd80000,0xa52c0000)
  from space 13568K, 99% used [0xa66c0000,0xa73ff5b8,0xa7400000)
  to   space 20480K, 0% used [0xa52c0000,0xa52c0000,0xa66c0000)
 ParOldGen       total 41728K, used 32041K [0x73300000, 0x75bc0000, 0x9dd80000)
  object space 41728K, 76% used [0x73300000,0x7524a7c8,0x75bc0000)
 PSPermGen       total 16384K, used 3991K [0x6b300000, 0x6c300000, 0x73300000)
  object space 16384K, 24% used [0x6b300000,0x6b6e5f80,0x6c300000)
}
Event: 7.588 GC heap before
{Heap before GC invocations=7 (full 1):
 PSYoungGen      total 133632K, used 13565K [0x9dd80000, 0xa8180000, 0xb3300000)
  eden space 120064K, 0% used [0x9dd80000,0x9dd80000,0xa52c0000)
  from space 13568K, 99% used [0xa66c0000,0xa73ff5b8,0xa7400000)
  to   space 20480K, 0% used [0xa52c0000,0xa52c0000,0xa66c0000)
 ParOldGen       total 41728K, used 32041K [0x73300000, 0x75bc0000, 0x9dd80000)
  object space 41728K, 76% used [0x73300000,0x7524a7c8,0x75bc0000)
 PSPermGen       total 16384K, used 3991K [0x6b300000, 0x6c300000, 0x73300000)
  object space 16384K, 24% used [0x6b300000,0x6b6e5f80,0x6c300000)
Event: 8.160 GC heap after
Heap after GC invocations=7 (full 1):
 PSYoungGen      total 133632K, used 0K [0x9dd80000, 0xa8180000, 0xb3300000)
  eden space 120064K, 0% used [0x9dd80000,0x9dd80000,0xa52c0000)
  from space 13568K, 0% used [0xa66c0000,0xa66c0000,0xa7400000)
  to   space 20480K, 0% used [0xa52c0000,0xa52c0000,0xa66c0000)
 ParOldGen       total 79104K, used 40708K [0x73300000, 0x78040000, 0x9dd80000)
  object space 79104K, 51% used [0x73300000,0x75ac1130,0x78040000)
 PSPermGen       total 16384K, used 3989K [0x6b300000, 0x6c300000, 0x73300000)
  object space 16384K, 24% used [0x6b300000,0x6b6e5600,0x6c300000)
}
Event: 8.887 GC heap before
{Heap before GC invocations=8 (full 1):
 PSYoungGen      total 133632K, used 120064K [0x9dd80000, 0xa8180000, 0xb3300000)
  eden space 120064K, 100% used [0x9dd80000,0xa52c0000,0xa52c0000)
  from space 13568K, 0% used [0xa66c0000,0xa66c0000,0xa7400000)
  to   space 20480K, 0% used [0xa52c0000,0xa52c0000,0xa66c0000)
 ParOldGen       total 79104K, used 40708K [0x73300000, 0x78040000, 0x9dd80000)
  object space 79104K, 51% used [0x73300000,0x75ac1130,0x78040000)
 PSPermGen       total 16384K, used 3999K [0x6b300000, 0x6c300000, 0x73300000)
  object space 16384K, 24% used [0x6b300000,0x6b6e7c28,0x6c300000)

Deoptimization events (10 events):
Event: 8.491 Thread 0xb6407c00 Uncommon trap: reason=class_check action=maybe_recompile pc=0xb359ae20 method=com.android.dx.util.BitIntSet.merge(Lcom/android/dx/util/IntSet;)V @ 1
Event: 8.491 Thread 0xb6407c00 Uncommon trap: reason=class_check action=maybe_recompile pc=0xb3576bf8 method=com.android.dx.ssa.back.InterferenceGraph.mergeInterferenceSet(ILcom/android/dx/util/IntSet;)V @ 20
Event: 8.491 Thread 0xb6407c00 Uncommon trap: reason=class_check action=maybe_recompile pc=0xb359ae20 method=com.android.dx.util.BitIntSet.merge(Lcom/android/dx/util/IntSet;)V @ 1
Event: 8.491 Thread 0xb6407c00 Uncommon trap: reason=class_check action=maybe_recompile pc=0xb3576bf8 method=com.android.dx.ssa.back.InterferenceGraph.mergeInterferenceSet(ILcom/android/dx/util/IntSet;)V @ 20
Event: 8.491 Thread 0xb6407c00 Uncommon trap: reason=class_check action=maybe_recompile pc=0xb359ae20 method=com.android.dx.util.BitIntSet.merge(Lcom/android/dx/util/IntSet;)V @ 1
Event: 8.507 Thread 0xb6407c00 Uncommon trap: reason=class_check action=maybe_recompile pc=0xb350c3b4 method=com.android.dx.ssa.back.InterferenceGraph.mergeInterferenceSet(ILcom/android/dx/util/IntSet;)V @ 20
Event: 8.507 Thread 0xb6407c00 Uncommon trap: reason=class_check action=maybe_recompile pc=0xb359ae20 method=com.android.dx.util.BitIntSet.merge(Lcom/android/dx/util/IntSet;)V @ 1
Event: 8.507 Thread 0xb6407c00 Uncommon trap: reason=class_check action=maybe_recompile pc=0xb3576bf8 method=com.android.dx.ssa.back.InterferenceGraph.mergeInterferenceSet(ILcom/android/dx/util/IntSet;)V @ 20
Event: 8.508 Thread 0xb6407c00 Uncommon trap: reason=class_check action=maybe_recompile pc=0xb3594a80 method=com.android.dx.ssa.back.InterferenceGraph.mergeInterferenceSet(ILcom/android/dx/util/IntSet;)V @ 20
Event: 8.583 Thread 0xb6407c00 Uncommon trap: reason=null_check action=make_not_entrant pc=0xb35dda38 method=com.android.dx.dex.cf.AttributeTranslator.getSignature(Lcom/android/dx/cf/iface/AttributeList;)Lcom/android/dx/rop/annotation/Annotation; @ 8

Internal exceptions (10 events):
Event: 1.632 Thread 0xb6407c00 Implicit null exception at 0xb347638d to 0xb3476d59
Event: 2.025 Thread 0xb6407c00 Threw 0x9df21010 at /build/buildd/openjdk-7-7u75-2.5.4/build/openjdk/hotspot/src/share/vm/prims/jvm.cpp:1284
Event: 2.047 Thread 0xb6407c00 Threw 0x9df85308 at /build/buildd/openjdk-7-7u75-2.5.4/build/openjdk/hotspot/src/share/vm/prims/jvm.cpp:1284
Event: 3.047 Thread 0xb6407c00 Threw 0x9f59fa78 at /build/buildd/openjdk-7-7u75-2.5.4/build/openjdk/hotspot/src/share/vm/prims/jvm.cpp:1284
Event: 3.576 Thread 0xb6407c00 Implicit null exception at 0xb34ecbea to 0xb34ed1d9
Event: 3.593 Thread 0xb6407c00 Threw 0x9e4d83d8 at /build/buildd/openjdk-7-7u75-2.5.4/build/openjdk/hotspot/src/share/vm/prims/jvm.cpp:1284
Event: 6.929 Thread 0xb6407c00 Threw 0xa0b20728 at /build/buildd/openjdk-7-7u75-2.5.4/build/openjdk/hotspot/src/share/vm/prims/jvm.cpp:1284
Event: 8.214 Thread 0xb6407c00 Threw 0xa1745058 at /build/buildd/openjdk-7-7u75-2.5.4/build/openjdk/hotspot/src/share/vm/prims/jvm.cpp:1284
Event: 8.229 Thread 0xb6407c00 Threw 0xa180d5a0 at /build/buildd/openjdk-7-7u75-2.5.4/build/openjdk/hotspot/src/share/vm/prims/jvm.cpp:1284
Event: 8.583 Thread 0xb6407c00 Implicit null exception at 0xb35db954 to 0xb35dda2d

Events (10 events):
Event: 8.507 Thread 0xb6407c00 Uncommon trap: trap_request=0xffffffde fr.pc=0xb3576bf8
Event: 8.507 Thread 0xb6407c00 DEOPT PACKING pc=0xb3576bf8 sp=0xb65a1a10
Event: 8.507 Thread 0xb6407c00 DEOPT UNPACKING pc=0xb33f9bc8 sp=0xb65a19d0 mode 2
Event: 8.508 Thread 0xb6407c00 Uncommon trap: trap_request=0xffffffde fr.pc=0xb3594a80
Event: 8.508 Thread 0xb6407c00 DEOPT PACKING pc=0xb3594a80 sp=0xb65a19d0
Event: 8.508 Thread 0xb6407c00 DEOPT UNPACKING pc=0xb33f9bc8 sp=0xb65a19c0 mode 2
Event: 8.583 Thread 0xb6407c00 Uncommon trap: trap_request=0xfffffff4 fr.pc=0xb35dda38
Event: 8.583 Thread 0xb6407c00 DEOPT PACKING pc=0xb35dda38 sp=0xb65a1c90
Event: 8.583 Thread 0xb6407c00 DEOPT UNPACKING pc=0xb33f9bc8 sp=0xb65a1be0 mode 2
Event: 8.845 Executing VM operation: ParallelGCFailedAllocation


Dynamic libraries:
08048000-08049000 r-xp 00000000 08:05 4983886    /usr/lib/jvm/java-7-openjdk-i386/jre/bin/java
08049000-0804a000 r--p 00000000 08:05 4983886    /usr/lib/jvm/java-7-openjdk-i386/jre/bin/java
0804a000-0804b000 rw-p 00001000 08:05 4983886    /usr/lib/jvm/java-7-openjdk-i386/jre/bin/java
09a04000-09ffd000 rw-p 00000000 00:00 0          [heap]
66600000-666f3000 rw-p 00000000 00:00 0 
666f3000-66700000 ---p 00000000 00:00 0 
66800000-668f9000 rw-p 00000000 00:00 0 
668f9000-66900000 ---p 00000000 00:00 0 
66a00000-66b00000 rw-p 00000000 00:00 0 
66c00000-66cfa000 rw-p 00000000 00:00 0 
66cfa000-66d00000 ---p 00000000 00:00 0 
66e00000-66f00000 rw-p 00000000 00:00 0 
67000000-67100000 rw-p 00000000 00:00 0 
67200000-672fd000 rw-p 00000000 00:00 0 
672fd000-67300000 ---p 00000000 00:00 0 
67300000-673fd000 rw-p 00000000 00:00 0 
673fd000-67400000 ---p 00000000 00:00 0 
67400000-674f9000 rw-p 00000000 00:00 0 
674f9000-67500000 ---p 00000000 00:00 0 
67600000-67637000 rw-p 00000000 00:00 0 
67637000-67700000 ---p 00000000 00:00 0 
67775000-677af000 r-xp 00000000 08:05 3802088    /lib/i386-linux-gnu/libpcre.so.3.12.1
677af000-677b0000 r--p 00039000 08:05 3802088    /lib/i386-linux-gnu/libpcre.so.3.12.1
677b0000-677b1000 rw-p 0003a000 08:05 3802088    /lib/i386-linux-gnu/libpcre.so.3.12.1
677b1000-677b6000 r-xp 00000000 08:05 4985471    /usr/lib/i386-linux-gnu/libffi.so.6.0.0
677b6000-677b7000 r--p 00004000 08:05 4985471    /usr/lib/i386-linux-gnu/libffi.so.6.0.0
677b7000-677b8000 rw-p 00005000 08:05 4985471    /usr/lib/i386-linux-gnu/libffi.so.6.0.0
677b8000-677cb000 r-xp 00000000 08:05 3802099    /lib/i386-linux-gnu/libresolv-2.15.so
677cb000-677cc000 ---p 00013000 08:05 3802099    /lib/i386-linux-gnu/libresolv-2.15.so
677cc000-677cd000 r--p 00013000 08:05 3802099    /lib/i386-linux-gnu/libresolv-2.15.so
677cd000-677ce000 rw-p 00014000 08:05 3802099    /lib/i386-linux-gnu/libresolv-2.15.so
677ce000-677d0000 rw-p 00000000 00:00 0 
677d0000-677ed000 r-xp 00000000 08:05 3802103    /lib/i386-linux-gnu/libselinux.so.1
677ed000-677ee000 r--p 0001c000 08:05 3802103    /lib/i386-linux-gnu/libselinux.so.1
677ee000-677ef000 rw-p 0001d000 08:05 3802103    /lib/i386-linux-gnu/libselinux.so.1
677ef000-678e6000 r-xp 00000000 08:05 3802040    /lib/i386-linux-gnu/libglib-2.0.so.0.3200.3
678e6000-678e7000 r--p 000f6000 08:05 3802040    /lib/i386-linux-gnu/libglib-2.0.so.0.3200.3
678e7000-678e8000 rw-p 000f7000 08:05 3802040    /lib/i386-linux-gnu/libglib-2.0.so.0.3200.3
678e8000-67935000 r-xp 00000000 08:05 4985532    /usr/lib/i386-linux-gnu/libgobject-2.0.so.0.3200.3
67935000-67936000 r--p 0004c000 08:05 4985532    /usr/lib/i386-linux-gnu/libgobject-2.0.so.0.3200.3
67936000-67937000 rw-p 0004d000 08:05 4985532    /usr/lib/i386-linux-gnu/libgobject-2.0.so.0.3200.3
67937000-67a8a000 r-xp 00000000 08:05 4985508    /usr/lib/i386-linux-gnu/libgio-2.0.so.0.3200.3
67a8a000-67a8c000 r--p 00153000 08:05 4985508    /usr/lib/i386-linux-gnu/libgio-2.0.so.0.3200.3
67a8c000-67a8d000 rw-p 00155000 08:05 4985508    /usr/lib/i386-linux-gnu/libgio-2.0.so.0.3200.3
67a8d000-67a8e000 rw-p 00000000 00:00 0 
67aa0000-67ab7000 r-xp 00000000 08:05 4989135    /usr/lib/jvm/java-7-openjdk-i386/jre/lib/i386/libnet.so
67ab7000-67ab8000 r--p 00016000 08:05 4989135    /usr/lib/jvm/java-7-openjdk-i386/jre/lib/i386/libnet.so
67ab8000-67ab9000 rw-p 00017000 08:05 4989135    /usr/lib/jvm/java-7-openjdk-i386/jre/lib/i386/libnet.so
67ab9000-67aca000 r-xp 00000000 08:05 4989121    /usr/lib/jvm/java-7-openjdk-i386/jre/lib/i386/libnio.so
67aca000-67acb000 r--p 00010000 08:05 4989121    /usr/lib/jvm/java-7-openjdk-i386/jre/lib/i386/libnio.so
67acb000-67acc000 rw-p 00011000 08:05 4989121    /usr/lib/jvm/java-7-openjdk-i386/jre/lib/i386/libnio.so
67acc000-67adb000 r--s 000dd000 08:06 21369266   /home/ankit/Ankitt Data/ECLIPSE/sdk/build-tools/22.0.1/lib/dx.jar
67adb000-67adc000 ---p 00000000 00:00 0 
67adc000-67b5c000 rw-p 00000000 00:00 0 
67b5c000-67b5f000 ---p 00000000 00:00 0 
67b5f000-67bad000 rw-p 00000000 00:00 0 
67bad000-67bb0000 ---p 00000000 00:00 0 
67bb0000-67c2e000 rw-p 00000000 00:00 0 
67c2e000-67c31000 ---p 00000000 00:00 0 
67c31000-67caf000 rw-p 00000000 00:00 0 
67caf000-67cb2000 ---p 00000000 00:00 0 
67cb2000-67d00000 rw-p 00000000 00:00 0 
67d00000-67f00000 r--p 00000000 08:05 4988066    /usr/lib/locale/locale-archive
67f00000-68000000 rw-p 00000000 00:00 0 
68000000-68003000 r-xp 00000000 08:05 4985518    /usr/lib/i386-linux-gnu/libgmodule-2.0.so.0.3200.3
68003000-68004000 r--p 00002000 08:05 4985518    /usr/lib/i386-linux-gnu/libgmodule-2.0.so.0.3200.3
68004000-68005000 rw-p 00003000 08:05 4985518    /usr/lib/i386-linux-gnu/libgmodule-2.0.so.0.3200.3
68005000-68006000 ---p 00000000 00:00 0 
68006000-680cf000 rw-p 00000000 00:00 0 
680cf000-68280000 r--s 01d23000 08:05 4989042    /usr/lib/jvm/java-7-openjdk-i386/jre/lib/rt.jar
68280000-6ab00000 rw-p 00000000 00:00 0 
6ab00000-6ac00000 rw-p 00000000 00:00 0 
6ac03000-6ac06000 ---p 00000000 00:00 0 
6ac06000-6ac54000 rw-p 00000000 00:00 0 
6ac54000-6ac57000 ---p 00000000 00:00 0 
6ac57000-6ad00000 rw-p 00000000 00:00 0 
6ad00000-6ad21000 rw-p 00000000 00:00 0 
6ad21000-6ae00000 ---p 00000000 00:00 0 
6ae01000-6ae0c000 r--s 00079000 08:06 20974093   /home/ankit/Traafik latest/TraafikAppLatest/app/build/intermediates/exploded-aar/com.google.android.gms/play-services-analytics/7.5.0/jars/classes.jar
6ae0c000-6ae27000 rw-p 00000000 00:00 0 
6ae27000-6ae28000 ---p 00000000 00:00 0 
6ae28000-6aea8000 rw-p 00000000 00:00 0 
6aea8000-6aea9000 ---p 00000000 00:00 0 
6aea9000-6af31000 rw-p 00000000 00:00 0 
6af31000-6af69000 rw-p 00000000 00:00 0 
6af69000-6af91000 rw-p 00000000 00:00 0 
6af91000-6b0bf000 rw-p 00000000 00:00 0 
6b0bf000-6b0c7000 rw-p 00000000 00:00 0 
6b0c7000-6b0ff000 rw-p 00000000 00:00 0 
6b0ff000-6b127000 rw-p 00000000 00:00 0 
6b127000-6b254000 rw-p 00000000 00:00 0 
6b254000-6b2a7000 rw-p 00000000 00:00 0 
6b2a7000-6b2ff000 rw-p 00000000 00:00 0 
6b2ff000-6c300000 rw-p 00000000 00:00 0 
6c300000-73300000 rw-p 00000000 00:00 0 
73300000-782c0000 rw-p 00000000 00:00 0 
782c0000-9dd80000 rw-p 00000000 00:00 0 
9dd80000-a8180000 rw-p 00000000 00:00 0 
ad080000-b3300000 rw-p 00000000 00:00 0 
b3300000-b3303000 r--s 0000f000 08:05 4989079    /usr/lib/jvm/java-7-openjdk-i386/jre/lib/ext/icedtea-sound.jar
b3303000-b3305000 r--s 00012000 08:05 4989084    /usr/lib/jvm/java-7-openjdk-i386/jre/lib/ext/zipfs.jar
b3305000-b3309000 r--s 00034000 08:05 4989083    /usr/lib/jvm/java-7-openjdk-i386/jre/lib/ext/sunjce_provider.jar
b3309000-b330d000 r--s 0003c000 08:05 4989081    /usr/lib/jvm/java-7-openjdk-i386/jre/lib/ext/sunpkcs11.jar
b330d000-b3317000 rw-p 00000000 00:00 0 
b3317000-b33cd000 rw-p 00000000 00:00 0 
b33cd000-b361d000 rwxp 00000000 00:00 0 
b361d000-b63cd000 rw-p 00000000 00:00 0 
b63cd000-b63d8000 r-xp 00000000 08:05 3802066    /lib/i386-linux-gnu/libnss_files-2.15.so
b63d8000-b63d9000 r--p 0000a000 08:05 3802066    /lib/i386-linux-gnu/libnss_files-2.15.so
b63d9000-b63da000 rw-p 0000b000 08:05 3802066    /lib/i386-linux-gnu/libnss_files-2.15.so
b63da000-b63e4000 r-xp 00000000 08:05 3802070    /lib/i386-linux-gnu/libnss_nis-2.15.so
b63e4000-b63e5000 r--p 00009000 08:05 3802070    /lib/i386-linux-gnu/libnss_nis-2.15.so
b63e5000-b63e6000 rw-p 0000a000 08:05 3802070    /lib/i386-linux-gnu/libnss_nis-2.15.so
b63e6000-b63fc000 r-xp 00000000 08:05 3802060    /lib/i386-linux-gnu/libnsl-2.15.so
b63fc000-b63fd000 r--p 00015000 08:05 3802060    /lib/i386-linux-gnu/libnsl-2.15.so
b63fd000-b63fe000 rw-p 00016000 08:05 3802060    /lib/i386-linux-gnu/libnsl-2.15.so
b63fe000-b6400000 rw-p 00000000 00:00 0 
b6400000-b64fd000 rw-p 00000000 00:00 0 
b64fd000-b6500000 ---p 00000000 00:00 0 
b6501000-b6502000 r--s 00007000 08:05 5246941    /usr/share/java/java-atk-wrapper.jar
b6502000-b6505000 r--s 00086000 08:05 4989082    /usr/lib/jvm/java-7-openjdk-i386/jre/lib/ext/localedata.jar
b6505000-b650c000 r-xp 00000000 08:05 3802062    /lib/i386-linux-gnu/libnss_compat-2.15.so
b650c000-b650d000 r--p 00006000 08:05 3802062    /lib/i386-linux-gnu/libnss_compat-2.15.so
b650d000-b650e000 rw-p 00007000 08:05 3802062    /lib/i386-linux-gnu/libnss_compat-2.15.so
b650e000-b6516000 r-xp 00000000 08:05 4989114    /usr/lib/jvm/java-7-openjdk-i386/jre/lib/i386/libzip.so
b6516000-b6517000 r--p 00007000 08:05 4989114    /usr/lib/jvm/java-7-openjdk-i386/jre/lib/i386/libzip.so
b6517000-b6518000 rw-p 00008000 08:05 4989114    /usr/lib/jvm/java-7-openjdk-i386/jre/lib/i386/libzip.so
b6518000-b6520000 rw-s 00000000 08:05 145476     /tmp/hsperfdata_ankit/17954
b6520000-b6547000 r-xp 00000000 08:05 4989134    /usr/lib/jvm/java-7-openjdk-i386/jre/lib/i386/libjava.so
b6547000-b6548000 r--p 00026000 08:05 4989134    /usr/lib/jvm/java-7-openjdk-i386/jre/lib/i386/libjava.so
b6548000-b6549000 rw-p 00027000 08:05 4989134    /usr/lib/jvm/java-7-openjdk-i386/jre/lib/i386/libjava.so
b6549000-b6550000 r-xp 00000000 08:05 3802101    /lib/i386-linux-gnu/librt-2.15.so
b6550000-b6551000 r--p 00006000 08:05 3802101    /lib/i386-linux-gnu/librt-2.15.so
b6551000-b6552000 rw-p 00007000 08:05 3802101    /lib/i386-linux-gnu/librt-2.15.so
b6552000-b6555000 ---p 00000000 00:00 0 
b6555000-b65a3000 rw-p 00000000 00:00 0 
b65a3000-b65bf000 r-xp 00000000 08:05 3802036    /lib/i386-linux-gnu/libgcc_s.so.1
b65bf000-b65c0000 r--p 0001b000 08:05 3802036    /lib/i386-linux-gnu/libgcc_s.so.1
b65c0000-b65c1000 rw-p 0001c000 08:05 3802036    /lib/i386-linux-gnu/libgcc_s.so.1
b65c1000-b65eb000 r-xp 00000000 08:05 3802047    /lib/i386-linux-gnu/libm-2.15.so
b65eb000-b65ec000 r--p 00029000 08:05 3802047    /lib/i386-linux-gnu/libm-2.15.so
b65ec000-b65ed000 rw-p 0002a000 08:05 3802047    /lib/i386-linux-gnu/libm-2.15.so
b65ed000-b66c5000 r-xp 00000000 08:05 4985813    /usr/lib/i386-linux-gnu/libstdc++.so.6.0.16
b66c5000-b66c6000 ---p 000d8000 08:05 4985813    /usr/lib/i386-linux-gnu/libstdc++.so.6.0.16
b66c6000-b66ca000 r--p 000d8000 08:05 4985813    /usr/lib/i386-linux-gnu/libstdc++.so.6.0.16
b66ca000-b66cb000 rw-p 000dc000 08:05 4985813    /usr/lib/i386-linux-gnu/libstdc++.so.6.0.16
b66cb000-b66d2000 rw-p 00000000 00:00 0 
b66d2000-b7094000 r-xp 00000000 08:05 4989140    /usr/lib/jvm/java-7-openjdk-i386/jre/lib/i386/server/libjvm.so
b7094000-b70e9000 r--p 009c2000 08:05 4989140    /usr/lib/jvm/java-7-openjdk-i386/jre/lib/i386/server/libjvm.so
b70e9000-b70fd000 rw-p 00a17000 08:05 4989140    /usr/lib/jvm/java-7-openjdk-i386/jre/lib/i386/server/libjvm.so
b70fd000-b751b000 rw-p 00000000 00:00 0 
b751b000-b752f000 r-xp 00000000 08:05 3802126    /lib/i386-linux-gnu/libz.so.1.2.3.4
b752f000-b7530000 r--p 00013000 08:05 3802126    /lib/i386-linux-gnu/libz.so.1.2.3.4
b7530000-b7531000 rw-p 00014000 08:05 3802126    /lib/i386-linux-gnu/libz.so.1.2.3.4
b7531000-b7548000 r-xp 00000000 08:05 3802095    /lib/i386-linux-gnu/libpthread-2.15.so
b7548000-b7549000 r--p 00016000 08:05 3802095    /lib/i386-linux-gnu/libpthread-2.15.so
b7549000-b754a000 rw-p 00017000 08:05 3802095    /lib/i386-linux-gnu/libpthread-2.15.so
b754a000-b754c000 rw-p 00000000 00:00 0 
b754c000-b754f000 r-xp 00000000 08:05 3802028    /lib/i386-linux-gnu/libdl-2.15.so
b754f000-b7550000 r--p 00002000 08:05 3802028    /lib/i386-linux-gnu/libdl-2.15.so
b7550000-b7551000 rw-p 00003000 08:05 3802028    /lib/i386-linux-gnu/libdl-2.15.so
b7551000-b76f0000 r-xp 00000000 08:05 3802015    /lib/i386-linux-gnu/libc-2.15.so
b76f0000-b76f2000 r--p 0019f000 08:05 3802015    /lib/i386-linux-gnu/libc-2.15.so
b76f2000-b76f3000 rw-p 001a1000 08:05 3802015    /lib/i386-linux-gnu/libc-2.15.so
b76f3000-b76f6000 rw-p 00000000 00:00 0 
b76f6000-b76f7000 r--s 00002000 08:05 4989080    /usr/lib/jvm/java-7-openjdk-i386/jre/lib/ext/dnsns.jar
b76f7000-b76f8000 r--p 005db000 08:05 4988066    /usr/lib/locale/locale-archive
b76f8000-b76f9000 rw-p 00000000 00:00 0 
b76f9000-b76fa000 ---p 00000000 00:00 0 
b76fa000-b7706000 r-xp 00000000 08:05 4989131    /usr/lib/jvm/java-7-openjdk-i386/jre/lib/i386/libverify.so
b7706000-b7707000 r--p 0000b000 08:05 4989131    /usr/lib/jvm/java-7-openjdk-i386/jre/lib/i386/libverify.so
b7707000-b7708000 rw-p 0000c000 08:05 4989131    /usr/lib/jvm/java-7-openjdk-i386/jre/lib/i386/libverify.so
b7708000-b7715000 r-xp 00000000 08:05 4989106    /usr/lib/jvm/java-7-openjdk-i386/jre/lib/i386/jli/libjli.so
b7715000-b7716000 r--p 0000c000 08:05 4989106    /usr/lib/jvm/java-7-openjdk-i386/jre/lib/i386/jli/libjli.so
b7716000-b7717000 rw-p 0000d000 08:05 4989106    /usr/lib/jvm/java-7-openjdk-i386/jre/lib/i386/jli/libjli.so
b7717000-b771a000 rw-p 00000000 00:00 0 
b771a000-b771b000 r-xp 00000000 00:00 0          [vdso]
b771b000-b773b000 r-xp 00000000 08:05 3801995    /lib/i386-linux-gnu/ld-2.15.so
b773b000-b773c000 r--p 0001f000 08:05 3801995    /lib/i386-linux-gnu/ld-2.15.so
b773c000-b773d000 rw-p 00020000 08:05 3801995    /lib/i386-linux-gnu/ld-2.15.so
bf960000-bf961000 rwxp 00000000 00:00 0 
bf993000-bf9b4000 rw-p 00000000 00:00 0          [stack]

VM Arguments:
jvm_args: -Xmx1024M -Dfile.encoding=UTF-8 -Duser.country=IN -Duser.language=en -Duser.variant 
java_command: com.android.dx.command.Main --dex --output /home/ankit/Traafik latest/TraafikAppLatest/app/build/intermediates/pre-dexed/debug/classes-60a7eb5bedd3ac059a03773ecb9be5aae7d1c35b.jar /home/ankit/Traafik latest/TraafikAppLatest/app/build/intermediates/exploded-aar/com.google.android.gms/play-services-analytics/7.5.0/jars/classes.jar
Launcher Type: SUN_STANDARD

Environment Variables:
PATH=/usr/lib/lightdm/lightdm:/usr/local/sbin:/usr/local/bin:/usr/sbin:/usr/bin:/sbin:/bin:/usr/games
LD_LIBRARY_PATH=/home/ankit/Android studio/android-studio/bin:
SHELL=/bin/bash
DISPLAY=:0.0

Signal Handlers:
SIGSEGV: [libjvm.so+0x80b550], sa_mask[0]=0x7ffbfeff, sa_flags=0x10000004
SIGBUS: [libjvm.so+0x80b550], sa_mask[0]=0x7ffbfeff, sa_flags=0x10000004
SIGFPE: [libjvm.so+0x6753e0], sa_mask[0]=0x7ffbfeff, sa_flags=0x10000004
SIGPIPE: [libjvm.so+0x6753e0], sa_mask[0]=0x7ffbfeff, sa_flags=0x10000004
SIGXFSZ: [libjvm.so+0x6753e0], sa_mask[0]=0x7ffbfeff, sa_flags=0x10000004
SIGILL: [libjvm.so+0x6753e0], sa_mask[0]=0x7ffbfeff, sa_flags=0x10000004
SIGUSR1: SIG_DFL, sa_mask[0]=0x00000000, sa_flags=0x00000000
SIGUSR2: [libjvm.so+0x675690], sa_mask[0]=0x00000004, sa_flags=0x10000004
SIGHUP: [libjvm.so+0x675850], sa_mask[0]=0x7ffbfeff, sa_flags=0x10000004
SIGINT: [libjvm.so+0x675850], sa_mask[0]=0x7ffbfeff, sa_flags=0x10000004
SIGTERM: [libjvm.so+0x675850], sa_mask[0]=0x7ffbfeff, sa_flags=0x10000004
SIGQUIT: [libjvm.so+0x675850], sa_mask[0]=0x7ffbfeff, sa_flags=0x10000004
SIGTRAP: SIG_DFL, sa_mask[0]=0x00000000, sa_flags=0x00000000


---------------  S Y S T E M  ---------------

OS:Ubuntu 12.04 (precise)
uname:Linux 3.2.0-29-generic-pae #46-Ubuntu SMP Fri Jul 27 17:25:43 UTC 2012 i686
libc:glibc 2.15 NPTL 2.15 
rlimit: STACK 8192k, CORE 0k, NPROC 31169, NOFILE 4096, AS infinity
load average:4.62 1.54 0.82

/proc/meminfo:
MemTotal:        4004304 kB
MemFree:          179776 kB
Buffers:             408 kB
Cached:           504892 kB
SwapCached:            0 kB
Active:          3421572 kB
Inactive:         321212 kB
Active(anon):    3383536 kB
Inactive(anon):   285232 kB
Active(file):      38036 kB
Inactive(file):    35980 kB
Unevictable:          16 kB
Mlocked:              16 kB
HighTotal:       3159312 kB
HighFree:          11032 kB
LowTotal:         844992 kB
LowFree:          168744 kB
SwapTotal:             0 kB
SwapFree:              0 kB
Dirty:                88 kB
Writeback:             0 kB
AnonPages:       3237912 kB
Mapped:            74368 kB
Shmem:            430988 kB
Slab:              40544 kB
SReclaimable:      20520 kB
SUnreclaim:        20024 kB
KernelStack:        4784 kB
PageTables:        20452 kB
NFS_Unstable:          0 kB
Bounce:                0 kB
WritebackTmp:          0 kB
CommitLimit:     2002152 kB
Committed_AS:    7744648 kB
VmallocTotal:     122880 kB
VmallocUsed:       15228 kB
VmallocChunk:     106584 kB
HardwareCorrupted:     0 kB
AnonHugePages:         0 kB
HugePages_Total:       0
HugePages_Free:        0
HugePages_Rsvd:        0
HugePages_Surp:        0
Hugepagesize:       2048 kB
DirectMap4k:       10232 kB
DirectMap2M:      903168 kB


CPU:total 2 (2 cores per cpu, 1 threads per core) family 6 model 58 stepping 9, cmov, cx8, fxsr, mmx, sse, sse2, sse3, ssse3, sse4.1, sse4.2, popcnt, erms, tsc, tscinvbit, tscinv

/proc/cpuinfo:
processor	: 0
vendor_id	: GenuineIntel
cpu family	: 6
model		: 58
model name	: Intel(R) Pentium(R) CPU G2030 @ 3.00GHz
stepping	: 9
microcode	: 0x17
cpu MHz		: 2500.000
cache size	: 3072 KB
physical id	: 0
siblings	: 2
core id		: 0
cpu cores	: 2
apicid		: 0
initial apicid	: 0
fdiv_bug	: no
hlt_bug		: no
f00f_bug	: no
coma_bug	: no
fpu		: yes
fpu_exception	: yes
cpuid level	: 13
wp		: yes
flags		: fpu vme de pse tsc msr pae mce cx8 apic sep mtrr pge mca cmov pat pse36 clflush dts acpi mmx fxsr sse sse2 ss ht tm pbe nx rdtscp lm constant_tsc arch_perfmon pebs bts xtopology nonstop_tsc aperfmperf pni pclmulqdq dtes64 monitor ds_cpl vmx est tm2 ssse3 cx16 xtpr pdcm pcid sse4_1 sse4_2 popcnt tsc_deadline_timer xsave lahf_lm arat epb xsaveopt pln pts dtherm tpr_shadow vnmi flexpriority ept vpid fsgsbase smep erms
bogomips	: 5986.77
clflush size	: 64
cache_alignment	: 64
address sizes	: 36 bits physical, 48 bits virtual
power management:

processor	: 1
vendor_id	: GenuineIntel
cpu family	: 6
model		: 58
model name	: Intel(R) Pentium(R) CPU G2030 @ 3.00GHz
stepping	: 9
microcode	: 0x17
cpu MHz		: 3000.000
cache size	: 3072 KB
physical id	: 0
siblings	: 2
core id		: 1
cpu cores	: 2
apicid		: 2
initial apicid	: 2
fdiv_bug	: no
hlt_bug		: no
f00f_bug	: no
coma_bug	: no
fpu		: yes
fpu_exception	: yes
cpuid level	: 13
wp		: yes
flags		: fpu vme de pse tsc msr pae mce cx8 apic sep mtrr pge mca cmov pat pse36 clflush dts acpi mmx fxsr sse sse2 ss ht tm pbe nx rdtscp lm constant_tsc arch_perfmon pebs bts xtopology nonstop_tsc aperfmperf pni pclmulqdq dtes64 monitor ds_cpl vmx est tm2 ssse3 cx16 xtpr pdcm pcid sse4_1 sse4_2 popcnt tsc_deadline_timer xsave lahf_lm arat epb xsaveopt pln pts dtherm tpr_shadow vnmi flexpriority ept vpid fsgsbase smep erms
bogomips	: 5986.12
clflush size	: 64
cache_alignment	: 64
address sizes	: 36 bits physical, 48 bits virtual
power management:



Memory: 4k page, physical 4004304k(179776k free), swap 0k(0k free)

vm_info: OpenJDK Server VM (24.75-b04) for linux-x86 JRE (1.7.0_75-b13), built on Jan 27 2015 16:24:35 by "buildd" with gcc 4.6.3

time: Mon Jul 20 18:19:55 2015
elapsed time: 9 seconds

