#
# There is insufficient memory for the Java Runtime Environment to continue.
# Native memory allocation (malloc) failed to allocate 78643200 bytes for committing reserved memory.
# Possible reasons:
#   The system is out of physical RAM or swap space
#   In 32 bit mode, the process size limit was hit
# Possible solutions:
#   Reduce memory load on the system
#   Increase physical memory or swap space
#   Check if swap backing store is full
#   Use 64 bit Java on a 64 bit OS
#   Decrease Java heap size (-Xmx/-Xms)
#   Decrease number of Java threads
#   Decrease Java thread stack sizes (-Xss)
#   Set larger code cache with -XX:ReservedCodeCacheSize=
# This output file may be truncated or incomplete.
#
#  Out of Memory Error (os_linux.cpp:2798), pid=17537, tid=1745378112
#
# JRE version: OpenJDK Runtime Environment (7.0_75-b13) (build 1.7.0_75-b13)
# Java VM: OpenJDK Server VM (24.75-b04 mixed mode linux-x86 )
# Derivative: IcedTea 2.5.4
# Distribution: Ubuntu 12.04 LTS, package 7u75-2.5.4-1~precise1
# Failed to write core dump. Core dumps have been disabled. To enable core dumping, try "ulimit -c unlimited" before starting Java again
#

---------------  T H R E A D  ---------------

Current thread (0x67f10400):  VMThread [stack: 0x68005000,0x68086000] [id=17544]

Stack: [0x68005000,0x68086000]
[error occurred during error reporting (printing stack bounds), id 0xb]

VM_Operation (0xb65ceba8): ParallelGCFailedAllocation, mode: safepoint, requested by thread 0xb6407c00


---------------  P R O C E S S  ---------------

Java Threads: ( => current thread )
  0x67f2b400 JavaThread "Service Thread" daemon [_thread_blocked, id=17550, stack(0x67b5c000,0x67bad000)]
  0x67f29800 JavaThread "C2 CompilerThread1" daemon [_thread_blocked, id=17549, stack(0x67bad000,0x67c2e000)]
  0x67f27800 JavaThread "C2 CompilerThread0" daemon [_thread_blocked, id=17548, stack(0x67c2e000,0x67caf000)]
  0x67f25c00 JavaThread "Signal Dispatcher" daemon [_thread_blocked, id=17547, stack(0x67caf000,0x67d00000)]
  0x67f14400 JavaThread "Finalizer" daemon [_thread_blocked, id=17546, stack(0x6ac03000,0x6ac54000)]
  0x67f12800 JavaThread "Reference Handler" daemon [_thread_blocked, id=17545, stack(0x6ac54000,0x6aca5000)]
  0xb6407c00 JavaThread "main" [_thread_blocked, id=17541, stack(0xb657f000,0xb65d0000)]

Other Threads:
=>0x67f10400 VMThread [stack: 0x68005000,0x68086000] [id=17544]
  0x67f2d000 WatcherThread [stack: 0x67adb000,0x67b5c000] [id=17551]

VM state:at safepoint (normal execution)

VM Mutex/Monitor currently owned by a thread:  ([mutex/lock_event])
[0xb6405248] Threads_lock - owner thread: 0x67f10400
[0xb6405658] Heap_lock - owner thread: 0xb6407c00

Heap
 PSYoungGen      total 138240K, used 17393K [0x9dd80000, 0xa7980000, 0xb3300000)
  eden space 120832K, 0% used [0x9dd80000,0x9dd80000,0xa5380000)
  from space 17408K, 99% used [0xa5380000,0xa647c5b8,0xa6480000)
  to   space 13312K, 0% used [0xa6480000,0xa6480000,0xa7180000)
 ParOldGen       total 41728K, used 30135K [0x73300000, 0x75bc0000, 0x9dd80000)
  object space 41728K, 72% used [0x73300000,0x7506df60,0x75bc0000)
 PSPermGen       total 16384K, used 4180K [0x6b300000, 0x6c300000, 0x73300000)
  object space 16384K, 25% used [0x6b300000,0x6b715360,0x6c300000)

Card table byte_map: [0x6b0bf000,0x6b300000] byte_map_base: 0x6ad65800

Polling page: 0xb7726000

Code Cache  [0xb33f3000, 0xb369b000, 0xb63f3000)
 total_blobs=908 nmethods=788 adapters=73 free_code_cache=46492Kb largest_free_block=47565888

Compilation events (10 events):
Event: 6.882 Thread 0x67f27800 nmethod 798 0xb3572108 code [0xb3572240, 0xb35724f0]
Event: 6.882 Thread 0x67f27800  799             com.android.dx.ssa.RegisterMapper::map (73 bytes)
Event: 6.890 Thread 0x67f29800 nmethod 796 0xb368b548 code [0xb368b820, 0xb368c760]
Event: 6.892 Thread 0x67f27800 nmethod 799 0xb3688948 code [0xb3688ac0, 0xb3689044]
Event: 6.894 Thread 0x67f29800  800             com.android.dx.rop.code.RegisterSpec::withOffset (17 bytes)
Event: 6.894 Thread 0x67f29800 nmethod 800 0xb3689c08 code [0xb3689d00, 0xb3689d7c]
Event: 6.899 Thread 0x67f27800  801             com.android.dx.dex.code.OutputFinisher::performExpansion (273 bytes)
Event: 6.907 Thread 0x67f29800  802             com.android.dx.rop.code.RegisterSpecList::withOffset (76 bytes)
Event: 6.913 Thread 0x67f29800 nmethod 802 0xb368ab08 code [0xb368ac40, 0xb368b11c]
Event: 6.925 Thread 0x67f27800 nmethod 801 0xb3693588 code [0xb3693880, 0xb369488c]

GC Heap History (10 events):
Event: 2.064 GC heap after
Heap after GC invocations=4 (full 0):
 PSYoungGen      total 34304K, used 2559K [0x9dd80000, 0xa0180000, 0xb3300000)
  eden space 31744K, 0% used [0x9dd80000,0x9dd80000,0x9fc80000)
  from space 2560K, 99% used [0x9ff00000,0xa017fe00,0xa0180000)
  to   space 2560K, 0% used [0x9fc80000,0x9fc80000,0x9ff00000)
 ParOldGen       total 41728K, used 9033K [0x73300000, 0x75bc0000, 0x9dd80000)
  object space 41728K, 21% used [0x73300000,0x73bd2700,0x75bc0000)
 PSPermGen       total 16384K, used 3943K [0x6b300000, 0x6c300000, 0x73300000)
  object space 16384K, 24% used [0x6b300000,0x6b6d9c30,0x6c300000)
}
Event: 2.654 GC heap before
{Heap before GC invocations=5 (full 0):
 PSYoungGen      total 34304K, used 34303K [0x9dd80000, 0xa0180000, 0xb3300000)
  eden space 31744K, 100% used [0x9dd80000,0x9fc80000,0x9fc80000)
  from space 2560K, 99% used [0x9ff00000,0xa017fe00,0xa0180000)
  to   space 2560K, 0% used [0x9fc80000,0x9fc80000,0x9ff00000)
 ParOldGen       total 41728K, used 9033K [0x73300000, 0x75bc0000, 0x9dd80000)
  object space 41728K, 21% used [0x73300000,0x73bd2700,0x75bc0000)
 PSPermGen       total 16384K, used 3961K [0x6b300000, 0x6c300000, 0x73300000)
  object space 16384K, 24% used [0x6b300000,0x6b6de678,0x6c300000)
Event: 2.678 GC heap after
Heap after GC invocations=5 (full 0):
 PSYoungGen      total 34304K, used 2554K [0x9dd80000, 0xa2a00000, 0xb3300000)
  eden space 31744K, 0% used [0x9dd80000,0x9dd80000,0x9fc80000)
  from space 2560K, 99% used [0x9fc80000,0x9fefe880,0x9ff00000)
  to   space 7424K, 0% used [0xa22c0000,0xa22c0000,0xa2a00000)
 ParOldGen       total 41728K, used 13831K [0x73300000, 0x75bc0000, 0x9dd80000)
  object space 41728K, 33% used [0x73300000,0x74081e60,0x75bc0000)
 PSPermGen       total 16384K, used 3961K [0x6b300000, 0x6c300000, 0x73300000)
  object space 16384K, 24% used [0x6b300000,0x6b6de678,0x6c300000)
}
Event: 3.531 GC heap before
{Heap before GC invocations=6 (full 0):
 PSYoungGen      total 34304K, used 34298K [0x9dd80000, 0xa2a00000, 0xb3300000)
  eden space 31744K, 100% used [0x9dd80000,0x9fc80000,0x9fc80000)
  from space 2560K, 99% used [0x9fc80000,0x9fefe880,0x9ff00000)
  to   space 7424K, 0% used [0xa22c0000,0xa22c0000,0xa2a00000)
 ParOldGen       total 41728K, used 13831K [0x73300000, 0x75bc0000, 0x9dd80000)
  object space 41728K, 33% used [0x73300000,0x74081e60,0x75bc0000)
 PSPermGen       total 16384K, used 3975K [0x6b300000, 0x6c300000, 0x73300000)
  object space 16384K, 24% used [0x6b300000,0x6b6e1c98,0x6c300000)
Event: 3.561 GC heap after
Heap after GC invocations=6 (full 0):
 PSYoungGen      total 69888K, used 7409K [0x9dd80000, 0xa2c00000, 0xb3300000)
  eden space 62464K, 0% used [0x9dd80000,0x9dd80000,0xa1a80000)
  from space 7424K, 99% used [0xa22c0000,0xa29fc5e8,0xa2a00000)
  to   space 8448K, 0% used [0xa1a80000,0xa1a80000,0xa22c0000)
 ParOldGen       total 41728K, used 13986K [0x73300000, 0x75bc0000, 0x9dd80000)
  object space 41728K, 33% used [0x73300000,0x740a8880,0x75bc0000)
 PSPermGen       total 16384K, used 3975K [0x6b300000, 0x6c300000, 0x73300000)
  object space 16384K, 24% used [0x6b300000,0x6b6e1c98,0x6c300000)
}
Event: 4.606 GC heap before
{Heap before GC invocations=7 (full 0):
 PSYoungGen      total 69888K, used 69873K [0x9dd80000, 0xa2c00000, 0xb3300000)
  eden space 62464K, 100% used [0x9dd80000,0xa1a80000,0xa1a80000)
  from space 7424K, 99% used [0xa22c0000,0xa29fc5e8,0xa2a00000)
  to   space 8448K, 0% used [0xa1a80000,0xa1a80000,0xa22c0000)
 ParOldGen       total 41728K, used 13986K [0x73300000, 0x75bc0000, 0x9dd80000)
  object space 41728K, 33% used [0x73300000,0x740a8880,0x75bc0000)
 PSPermGen       total 16384K, used 3999K [0x6b300000, 0x6c300000, 0x73300000)
  object space 16384K, 24% used [0x6b300000,0x6b6e7da0,0x6c300000)
Event: 4.651 GC heap after
Heap after GC invocations=7 (full 0):
 PSYoungGen      total 70912K, used 8442K [0x9dd80000, 0xa7180000, 0xb3300000)
  eden space 62464K, 0% used [0x9dd80000,0x9dd80000,0xa1a80000)
  from space 8448K, 99% used [0xa1a80000,0xa22bea80,0xa22c0000)
  to   space 13312K, 0% used [0xa6480000,0xa6480000,0xa7180000)
 ParOldGen       total 41728K, used 21800K [0x73300000, 0x75bc0000, 0x9dd80000)
  object space 41728K, 52% used [0x73300000,0x7484a218,0x75bc0000)
 PSPermGen       total 16384K, used 3999K [0x6b300000, 0x6c300000, 0x73300000)
  object space 16384K, 24% used [0x6b300000,0x6b6e7da0,0x6c300000)
}
Event: 5.514 GC heap before
{Heap before GC invocations=8 (full 0):
 PSYoungGen      total 70912K, used 70906K [0x9dd80000, 0xa7180000, 0xb3300000)
  eden space 62464K, 100% used [0x9dd80000,0xa1a80000,0xa1a80000)
  from space 8448K, 99% used [0xa1a80000,0xa22bea80,0xa22c0000)
  to   space 13312K, 0% used [0xa6480000,0xa6480000,0xa7180000)
 ParOldGen       total 41728K, used 21800K [0x73300000, 0x75bc0000, 0x9dd80000)
  object space 41728K, 52% used [0x73300000,0x7484a218,0x75bc0000)
 PSPermGen       total 16384K, used 4007K [0x6b300000, 0x6c300000, 0x73300000)
  object space 16384K, 24% used [0x6b300000,0x6b6e9fb0,0x6c300000)
Event: 5.568 GC heap after
Heap after GC invocations=8 (full 0):
 PSYoungGen      total 134144K, used 13306K [0x9dd80000, 0xa7980000, 0xb3300000)
  eden space 120832K, 0% used [0x9dd80000,0x9dd80000,0xa5380000)
  from space 13312K, 99% used [0xa6480000,0xa717e828,0xa7180000)
  to   space 17408K, 0% used [0xa5380000,0xa5380000,0xa6480000)
 ParOldGen       total 41728K, used 26894K [0x73300000, 0x75bc0000, 0x9dd80000)
  object space 41728K, 64% used [0x73300000,0x74d43a50,0x75bc0000)
 PSPermGen       total 16384K, used 4007K [0x6b300000, 0x6c300000, 0x73300000)
  object space 16384K, 24% used [0x6b300000,0x6b6e9fb0,0x6c300000)
}
Event: 6.926 GC heap before
{Heap before GC invocations=9 (full 0):
 PSYoungGen      total 134144K, used 134138K [0x9dd80000, 0xa7980000, 0xb3300000)
  eden space 120832K, 100% used [0x9dd80000,0xa5380000,0xa5380000)
  from space 13312K, 99% used [0xa6480000,0xa717e828,0xa7180000)
  to   space 17408K, 0% used [0xa5380000,0xa5380000,0xa6480000)
 ParOldGen       total 41728K, used 26894K [0x73300000, 0x75bc0000, 0x9dd80000)
  object space 41728K, 64% used [0x73300000,0x74d43a50,0x75bc0000)
 PSPermGen       total 16384K, used 4180K [0x6b300000, 0x6c300000, 0x73300000)
  object space 16384K, 25% used [0x6b300000,0x6b715360,0x6c300000)

Deoptimization events (10 events):
Event: 6.044 Thread 0xb6407c00 Uncommon trap: reason=class_check action=maybe_recompile pc=0xb364ad08 method=com.android.dx.cf.code.BytecodeArray.parseInstruction(ILcom/android/dx/cf/code/BytecodeArray$Visitor;)I @ 2002
Event: 6.479 Thread 0xb6407c00 Uncommon trap: reason=null_check action=make_not_entrant pc=0xb3655bf0 method=com.android.dx.dex.file.TypeIdsSection.intern(Lcom/android/dx/rop/type/Type;)Lcom/android/dx/dex/file/TypeIdItem; @ 26
Event: 6.508 Thread 0xb6407c00 Uncommon trap: reason=unreached action=reinterpret pc=0xb34e20ec method=com.android.dx.dex.file.ValueEncoder.addContents(Lcom/android/dx/dex/file/DexFile;Lcom/android/dx/rop/cst/Constant;)V @ 4
Event: 6.508 Thread 0xb6407c00 Uncommon trap: reason=unreached action=reinterpret pc=0xb365826c method=com.android.dx.dex.file.DexFile.internIfAppropriate(Lcom/android/dx/rop/cst/Constant;)V @ 92
Event: 6.616 Thread 0xb6407c00 Uncommon trap: reason=class_check action=maybe_recompile pc=0xb365e98c method=com.android.dx.dex.file.UniformItemSection.prepare0()V @ 13
Event: 6.669 Thread 0xb6407c00 Uncommon trap: reason=unreached action=reinterpret pc=0xb36764e4 method=com.android.dx.dex.code.LocalList$MakeState.snapshot(ILcom/android/dx/rop/code/RegisterSpecSet;)V @ 66
Event: 6.688 Thread 0xb6407c00 Uncommon trap: reason=class_check action=maybe_recompile pc=0xb357db64 method=com.android.dx.dex.code.OutputFinisher.calculateReservedCount([Lcom/android/dx/dex/code/Dop;)I @ 72
Event: 6.689 Thread 0xb6407c00 Uncommon trap: reason=class_check action=maybe_recompile pc=0xb357db64 method=com.android.dx.dex.code.OutputFinisher.calculateReservedCount([Lcom/android/dx/dex/code/Dop;)I @ 72
Event: 6.689 Thread 0xb6407c00 Uncommon trap: reason=class_check action=maybe_recompile pc=0xb357db64 method=com.android.dx.dex.code.OutputFinisher.calculateReservedCount([Lcom/android/dx/dex/code/Dop;)I @ 72
Event: 6.690 Thread 0xb6407c00 Uncommon trap: reason=class_check action=maybe_recompile pc=0xb357db64 method=com.android.dx.dex.code.OutputFinisher.calculateReservedCount([Lcom/android/dx/dex/code/Dop;)I @ 72

Internal exceptions (10 events):
Event: 6.626 Thread 0xb6407c00 Threw 0xa4b4da28 at /build/buildd/openjdk-7-7u75-2.5.4/build/openjdk/hotspot/src/share/vm/prims/jvm.cpp:1284
Event: 6.627 Thread 0xb6407c00 Threw 0xa4b53278 at /build/buildd/openjdk-7-7u75-2.5.4/build/openjdk/hotspot/src/share/vm/prims/jvm.cpp:1284
Event: 6.627 Thread 0xb6407c00 Threw 0xa4b5a188 at /build/buildd/openjdk-7-7u75-2.5.4/build/openjdk/hotspot/src/share/vm/prims/jvm.cpp:1284
Event: 6.628 Thread 0xb6407c00 Threw 0xa4b5ed58 at /build/buildd/openjdk-7-7u75-2.5.4/build/openjdk/hotspot/src/share/vm/prims/jvm.cpp:1284
Event: 6.628 Thread 0xb6407c00 Threw 0xa4b62560 at /build/buildd/openjdk-7-7u75-2.5.4/build/openjdk/hotspot/src/share/vm/prims/jvm.cpp:1284
Event: 6.628 Thread 0xb6407c00 Threw 0xa4b65a38 at /build/buildd/openjdk-7-7u75-2.5.4/build/openjdk/hotspot/src/share/vm/prims/jvm.cpp:1284
Event: 6.636 Thread 0xb6407c00 Threw 0xa4b80648 at /build/buildd/openjdk-7-7u75-2.5.4/build/openjdk/hotspot/src/share/vm/prims/jvm.cpp:1284
Event: 6.637 Thread 0xb6407c00 Threw 0xa4b83f68 at /build/buildd/openjdk-7-7u75-2.5.4/build/openjdk/hotspot/src/share/vm/prims/jvm.cpp:1284
Event: 6.637 Thread 0xb6407c00 Threw 0xa4b87788 at /build/buildd/openjdk-7-7u75-2.5.4/build/openjdk/hotspot/src/share/vm/prims/jvm.cpp:1284
Event: 6.661 Thread 0xb6407c00 Threw 0xa4be0528 at /build/buildd/openjdk-7-7u75-2.5.4/build/openjdk/hotspot/src/share/vm/prims/jvm.cpp:1284

Events (10 events):
Event: 6.689 Thread 0xb6407c00 Uncommon trap: trap_request=0xffffffde fr.pc=0xb357db64
Event: 6.689 Thread 0xb6407c00 DEOPT PACKING pc=0xb357db64 sp=0xb65ced30
Event: 6.689 Thread 0xb6407c00 DEOPT UNPACKING pc=0xb341fbc8 sp=0xb65cecfc mode 2
Event: 6.689 Thread 0xb6407c00 Uncommon trap: trap_request=0xffffffde fr.pc=0xb357db64
Event: 6.689 Thread 0xb6407c00 DEOPT PACKING pc=0xb357db64 sp=0xb65cecc0
Event: 6.689 Thread 0xb6407c00 DEOPT UNPACKING pc=0xb341fbc8 sp=0xb65cec8c mode 2
Event: 6.690 Thread 0xb6407c00 Uncommon trap: trap_request=0xffffffde fr.pc=0xb357db64
Event: 6.690 Thread 0xb6407c00 DEOPT PACKING pc=0xb357db64 sp=0xb65ced30
Event: 6.690 Thread 0xb6407c00 DEOPT UNPACKING pc=0xb341fbc8 sp=0xb65cecfc mode 2
Event: 6.926 Executing VM operation: ParallelGCFailedAllocation


Dynamic libraries:
08048000-08049000 r-xp 00000000 08:05 4983886    /usr/lib/jvm/java-7-openjdk-i386/jre/bin/java
08049000-0804a000 r--p 00000000 08:05 4983886    /usr/lib/jvm/java-7-openjdk-i386/jre/bin/java
0804a000-0804b000 rw-p 00001000 08:05 4983886    /usr/lib/jvm/java-7-openjdk-i386/jre/bin/java
08d34000-09436000 rw-p 00000000 00:00 0          [heap]
66c00000-66cfe000 rw-p 00000000 00:00 0 
66cfe000-66d00000 ---p 00000000 00:00 0 
66e00000-66ffe000 rw-p 00000000 00:00 0 
66ffe000-67000000 ---p 00000000 00:00 0 
67000000-670ff000 rw-p 00000000 00:00 0 
670ff000-67100000 ---p 00000000 00:00 0 
67200000-672ff000 rw-p 00000000 00:00 0 
672ff000-67300000 ---p 00000000 00:00 0 
67400000-674ff000 rw-p 00000000 00:00 0 
674ff000-67500000 ---p 00000000 00:00 0 
67500000-675fc000 rw-p 00000000 00:00 0 
675fc000-67600000 ---p 00000000 00:00 0 
67600000-6765e000 rw-p 00000000 00:00 0 
6765e000-67700000 ---p 00000000 00:00 0 
67797000-677d1000 r-xp 00000000 08:05 3802088    /lib/i386-linux-gnu/libpcre.so.3.12.1
677d1000-677d2000 r--p 00039000 08:05 3802088    /lib/i386-linux-gnu/libpcre.so.3.12.1
677d2000-677d3000 rw-p 0003a000 08:05 3802088    /lib/i386-linux-gnu/libpcre.so.3.12.1
677d3000-677d8000 r-xp 00000000 08:05 4985471    /usr/lib/i386-linux-gnu/libffi.so.6.0.0
677d8000-677d9000 r--p 00004000 08:05 4985471    /usr/lib/i386-linux-gnu/libffi.so.6.0.0
677d9000-677da000 rw-p 00005000 08:05 4985471    /usr/lib/i386-linux-gnu/libffi.so.6.0.0
677da000-677ed000 r-xp 00000000 08:05 3802099    /lib/i386-linux-gnu/libresolv-2.15.so
677ed000-677ee000 ---p 00013000 08:05 3802099    /lib/i386-linux-gnu/libresolv-2.15.so
677ee000-677ef000 r--p 00013000 08:05 3802099    /lib/i386-linux-gnu/libresolv-2.15.so
677ef000-677f0000 rw-p 00014000 08:05 3802099    /lib/i386-linux-gnu/libresolv-2.15.so
677f0000-677f2000 rw-p 00000000 00:00 0 
677f2000-6780f000 r-xp 00000000 08:05 3802103    /lib/i386-linux-gnu/libselinux.so.1
6780f000-67810000 r--p 0001c000 08:05 3802103    /lib/i386-linux-gnu/libselinux.so.1
67810000-67811000 rw-p 0001d000 08:05 3802103    /lib/i386-linux-gnu/libselinux.so.1
67811000-67908000 r-xp 00000000 08:05 3802040    /lib/i386-linux-gnu/libglib-2.0.so.0.3200.3
67908000-67909000 r--p 000f6000 08:05 3802040    /lib/i386-linux-gnu/libglib-2.0.so.0.3200.3
67909000-6790a000 rw-p 000f7000 08:05 3802040    /lib/i386-linux-gnu/libglib-2.0.so.0.3200.3
6790a000-67957000 r-xp 00000000 08:05 4985532    /usr/lib/i386-linux-gnu/libgobject-2.0.so.0.3200.3
67957000-67958000 r--p 0004c000 08:05 4985532    /usr/lib/i386-linux-gnu/libgobject-2.0.so.0.3200.3
67958000-67959000 rw-p 0004d000 08:05 4985532    /usr/lib/i386-linux-gnu/libgobject-2.0.so.0.3200.3
67959000-67aac000 r-xp 00000000 08:05 4985508    /usr/lib/i386-linux-gnu/libgio-2.0.so.0.3200.3
67aac000-67aae000 r--p 00153000 08:05 4985508    /usr/lib/i386-linux-gnu/libgio-2.0.so.0.3200.3
67aae000-67aaf000 rw-p 00155000 08:05 4985508    /usr/lib/i386-linux-gnu/libgio-2.0.so.0.3200.3
67aaf000-67ab0000 rw-p 00000000 00:00 0 
67ac2000-67ad9000 r-xp 00000000 08:05 4989135    /usr/lib/jvm/java-7-openjdk-i386/jre/lib/i386/libnet.so
67ad9000-67ada000 r--p 00016000 08:05 4989135    /usr/lib/jvm/java-7-openjdk-i386/jre/lib/i386/libnet.so
67ada000-67adb000 rw-p 00017000 08:05 4989135    /usr/lib/jvm/java-7-openjdk-i386/jre/lib/i386/libnet.so
67adb000-67adc000 ---p 00000000 00:00 0 
67adc000-67b5c000 rw-p 00000000 00:00 0 
67b5c000-67b5f000 ---p 00000000 00:00 0 
67b5f000-67bad000 rw-p 00000000 00:00 0 
67bad000-67bb0000 ---p 00000000 00:00 0 
67bb0000-67c2e000 rw-p 00000000 00:00 0 
67c2e000-67c31000 ---p 00000000 00:00 0 
67c31000-67caf000 rw-p 00000000 00:00 0 
67caf000-67cb2000 ---p 00000000 00:00 0 
67cb2000-67d00000 rw-p 00000000 00:00 0 
67d00000-67f00000 r--p 00000000 08:05 4988066    /usr/lib/locale/locale-archive
67f00000-68000000 rw-p 00000000 00:00 0 
68000000-68003000 r-xp 00000000 08:05 4985518    /usr/lib/i386-linux-gnu/libgmodule-2.0.so.0.3200.3
68003000-68004000 r--p 00002000 08:05 4985518    /usr/lib/i386-linux-gnu/libgmodule-2.0.so.0.3200.3
68004000-68005000 rw-p 00003000 08:05 4985518    /usr/lib/i386-linux-gnu/libgmodule-2.0.so.0.3200.3
68005000-68006000 ---p 00000000 00:00 0 
68006000-680cf000 rw-p 00000000 00:00 0 
680cf000-68280000 r--s 01d23000 08:05 4989042    /usr/lib/jvm/java-7-openjdk-i386/jre/lib/rt.jar
68280000-6ab00000 rw-p 00000000 00:00 0 
6ab00000-6abfb000 rw-p 00000000 00:00 0 
6abfb000-6ac00000 ---p 00000000 00:00 0 
6ac03000-6ac06000 ---p 00000000 00:00 0 
6ac06000-6ac54000 rw-p 00000000 00:00 0 
6ac54000-6ac57000 ---p 00000000 00:00 0 
6ac57000-6ad00000 rw-p 00000000 00:00 0 
6ad00000-6ad21000 rw-p 00000000 00:00 0 
6ad21000-6ae00000 ---p 00000000 00:00 0 
6ae01000-6ae12000 r-xp 00000000 08:05 4989121    /usr/lib/jvm/java-7-openjdk-i386/jre/lib/i386/libnio.so
6ae12000-6ae13000 r--p 00010000 08:05 4989121    /usr/lib/jvm/java-7-openjdk-i386/jre/lib/i386/libnio.so
6ae13000-6ae14000 rw-p 00011000 08:05 4989121    /usr/lib/jvm/java-7-openjdk-i386/jre/lib/i386/libnio.so
6ae27000-6ae28000 ---p 00000000 00:00 0 
6ae28000-6aea8000 rw-p 00000000 00:00 0 
6aea8000-6aea9000 ---p 00000000 00:00 0 
6aea9000-6af31000 rw-p 00000000 00:00 0 
6af31000-6af69000 rw-p 00000000 00:00 0 
6af69000-6af7e000 rw-p 00000000 00:00 0 
6af7e000-6b0bf000 rw-p 00000000 00:00 0 
6b0bf000-6b0c7000 rw-p 00000000 00:00 0 
6b0c7000-6b0ff000 rw-p 00000000 00:00 0 
6b0ff000-6b114000 rw-p 00000000 00:00 0 
6b114000-6b254000 rw-p 00000000 00:00 0 
6b254000-6b2a3000 rw-p 00000000 00:00 0 
6b2a3000-6b2ff000 rw-p 00000000 00:00 0 
6b2ff000-6c300000 rw-p 00000000 00:00 0 
6c300000-73300000 rw-p 00000000 00:00 0 
73300000-75bc0000 rw-p 00000000 00:00 0 
75bc0000-9dd80000 rw-p 00000000 00:00 0 
9dd80000-a7980000 rw-p 00000000 00:00 0 
ac480000-b3300000 rw-p 00000000 00:00 0 
b3303000-b3312000 r--s 000dd000 08:06 21369266   /home/ankit/Ankitt Data/ECLIPSE/sdk/build-tools/22.0.1/lib/dx.jar
b3312000-b3313000 r--s 00007000 08:05 5246941    /usr/share/java/java-atk-wrapper.jar
b3313000-b3316000 r--s 0000f000 08:05 4989079    /usr/lib/jvm/java-7-openjdk-i386/jre/lib/ext/icedtea-sound.jar
b3316000-b3318000 r--s 00012000 08:05 4989084    /usr/lib/jvm/java-7-openjdk-i386/jre/lib/ext/zipfs.jar
b3318000-b333e000 rw-p 00000000 00:00 0 
b333e000-b33f3000 rw-p 00000000 00:00 0 
b33f3000-b369b000 rwxp 00000000 00:00 0 
b369b000-b63f3000 rw-p 00000000 00:00 0 
b63f3000-b63fe000 r-xp 00000000 08:05 3802066    /lib/i386-linux-gnu/libnss_files-2.15.so
b63fe000-b63ff000 r--p 0000a000 08:05 3802066    /lib/i386-linux-gnu/libnss_files-2.15.so
b63ff000-b6400000 rw-p 0000b000 08:05 3802066    /lib/i386-linux-gnu/libnss_files-2.15.so
b6400000-b64fd000 rw-p 00000000 00:00 0 
b64fd000-b6500000 ---p 00000000 00:00 0 
b6501000-b6505000 r--s 00034000 08:05 4989083    /usr/lib/jvm/java-7-openjdk-i386/jre/lib/ext/sunjce_provider.jar
b6505000-b6509000 r--s 0003c000 08:05 4989081    /usr/lib/jvm/java-7-openjdk-i386/jre/lib/ext/sunpkcs11.jar
b6509000-b650c000 r--s 00086000 08:05 4989082    /usr/lib/jvm/java-7-openjdk-i386/jre/lib/ext/localedata.jar
b650c000-b6516000 r-xp 00000000 08:05 3802070    /lib/i386-linux-gnu/libnss_nis-2.15.so
b6516000-b6517000 r--p 00009000 08:05 3802070    /lib/i386-linux-gnu/libnss_nis-2.15.so
b6517000-b6518000 rw-p 0000a000 08:05 3802070    /lib/i386-linux-gnu/libnss_nis-2.15.so
b6518000-b652e000 r-xp 00000000 08:05 3802060    /lib/i386-linux-gnu/libnsl-2.15.so
b652e000-b652f000 r--p 00015000 08:05 3802060    /lib/i386-linux-gnu/libnsl-2.15.so
b652f000-b6530000 rw-p 00016000 08:05 3802060    /lib/i386-linux-gnu/libnsl-2.15.so
b6530000-b6532000 rw-p 00000000 00:00 0 
b6532000-b6539000 r-xp 00000000 08:05 3802062    /lib/i386-linux-gnu/libnss_compat-2.15.so
b6539000-b653a000 r--p 00006000 08:05 3802062    /lib/i386-linux-gnu/libnss_compat-2.15.so
b653a000-b653b000 rw-p 00007000 08:05 3802062    /lib/i386-linux-gnu/libnss_compat-2.15.so
b653b000-b6543000 r-xp 00000000 08:05 4989114    /usr/lib/jvm/java-7-openjdk-i386/jre/lib/i386/libzip.so
b6543000-b6544000 r--p 00007000 08:05 4989114    /usr/lib/jvm/java-7-openjdk-i386/jre/lib/i386/libzip.so
b6544000-b6545000 rw-p 00008000 08:05 4989114    /usr/lib/jvm/java-7-openjdk-i386/jre/lib/i386/libzip.so
b6545000-b654d000 rw-s 00000000 08:05 145518     /tmp/hsperfdata_ankit/17537
b654d000-b6574000 r-xp 00000000 08:05 4989134    /usr/lib/jvm/java-7-openjdk-i386/jre/lib/i386/libjava.so
b6574000-b6575000 r--p 00026000 08:05 4989134    /usr/lib/jvm/java-7-openjdk-i386/jre/lib/i386/libjava.so
b6575000-b6576000 rw-p 00027000 08:05 4989134    /usr/lib/jvm/java-7-openjdk-i386/jre/lib/i386/libjava.so
b6576000-b657d000 r-xp 00000000 08:05 3802101    /lib/i386-linux-gnu/librt-2.15.so
b657d000-b657e000 r--p 00006000 08:05 3802101    /lib/i386-linux-gnu/librt-2.15.so
b657e000-b657f000 rw-p 00007000 08:05 3802101    /lib/i386-linux-gnu/librt-2.15.so
b657f000-b6582000 ---p 00000000 00:00 0 
b6582000-b65d0000 rw-p 00000000 00:00 0 
b65d0000-b65ec000 r-xp 00000000 08:05 3802036    /lib/i386-linux-gnu/libgcc_s.so.1
b65ec000-b65ed000 r--p 0001b000 08:05 3802036    /lib/i386-linux-gnu/libgcc_s.so.1
b65ed000-b65ee000 rw-p 0001c000 08:05 3802036    /lib/i386-linux-gnu/libgcc_s.so.1
b65ee000-b6618000 r-xp 00000000 08:05 3802047    /lib/i386-linux-gnu/libm-2.15.so
b6618000-b6619000 r--p 00029000 08:05 3802047    /lib/i386-linux-gnu/libm-2.15.so
b6619000-b661a000 rw-p 0002a000 08:05 3802047    /lib/i386-linux-gnu/libm-2.15.so
b661a000-b66f2000 r-xp 00000000 08:05 4985813    /usr/lib/i386-linux-gnu/libstdc++.so.6.0.16
b66f2000-b66f3000 ---p 000d8000 08:05 4985813    /usr/lib/i386-linux-gnu/libstdc++.so.6.0.16
b66f3000-b66f7000 r--p 000d8000 08:05 4985813    /usr/lib/i386-linux-gnu/libstdc++.so.6.0.16
b66f7000-b66f8000 rw-p 000dc000 08:05 4985813    /usr/lib/i386-linux-gnu/libstdc++.so.6.0.16
b66f8000-b66ff000 rw-p 00000000 00:00 0 
b66ff000-b70c1000 r-xp 00000000 08:05 4989140    /usr/lib/jvm/java-7-openjdk-i386/jre/lib/i386/server/libjvm.so
b70c1000-b7116000 r--p 009c2000 08:05 4989140    /usr/lib/jvm/java-7-openjdk-i386/jre/lib/i386/server/libjvm.so
b7116000-b712a000 rw-p 00a17000 08:05 4989140    /usr/lib/jvm/java-7-openjdk-i386/jre/lib/i386/server/libjvm.so
b712a000-b7548000 rw-p 00000000 00:00 0 
b7548000-b755c000 r-xp 00000000 08:05 3802126    /lib/i386-linux-gnu/libz.so.1.2.3.4
b755c000-b755d000 r--p 00013000 08:05 3802126    /lib/i386-linux-gnu/libz.so.1.2.3.4
b755d000-b755e000 rw-p 00014000 08:05 3802126    /lib/i386-linux-gnu/libz.so.1.2.3.4
b755e000-b7575000 r-xp 00000000 08:05 3802095    /lib/i386-linux-gnu/libpthread-2.15.so
b7575000-b7576000 r--p 00016000 08:05 3802095    /lib/i386-linux-gnu/libpthread-2.15.so
b7576000-b7577000 rw-p 00017000 08:05 3802095    /lib/i386-linux-gnu/libpthread-2.15.so
b7577000-b7579000 rw-p 00000000 00:00 0 
b7579000-b757c000 r-xp 00000000 08:05 3802028    /lib/i386-linux-gnu/libdl-2.15.so
b757c000-b757d000 r--p 00002000 08:05 3802028    /lib/i386-linux-gnu/libdl-2.15.so
b757d000-b757e000 rw-p 00003000 08:05 3802028    /lib/i386-linux-gnu/libdl-2.15.so
b757e000-b771d000 r-xp 00000000 08:05 3802015    /lib/i386-linux-gnu/libc-2.15.so
b771d000-b771f000 r--p 0019f000 08:05 3802015    /lib/i386-linux-gnu/libc-2.15.so
b771f000-b7720000 rw-p 001a1000 08:05 3802015    /lib/i386-linux-gnu/libc-2.15.so
b7720000-b7723000 rw-p 00000000 00:00 0 
b7723000-b7724000 r--s 00002000 08:05 4989080    /usr/lib/jvm/java-7-openjdk-i386/jre/lib/ext/dnsns.jar
b7724000-b7725000 r--p 005db000 08:05 4988066    /usr/lib/locale/locale-archive
b7725000-b7726000 rw-p 00000000 00:00 0 
b7726000-b7727000 ---p 00000000 00:00 0 
b7727000-b7733000 r-xp 00000000 08:05 4989131    /usr/lib/jvm/java-7-openjdk-i386/jre/lib/i386/libverify.so
b7733000-b7734000 r--p 0000b000 08:05 4989131    /usr/lib/jvm/java-7-openjdk-i386/jre/lib/i386/libverify.so
b7734000-b7735000 rw-p 0000c000 08:05 4989131    /usr/lib/jvm/java-7-openjdk-i386/jre/lib/i386/libverify.so
b7735000-b7742000 r-xp 00000000 08:05 4989106    /usr/lib/jvm/java-7-openjdk-i386/jre/lib/i386/jli/libjli.so
b7742000-b7743000 r--p 0000c000 08:05 4989106    /usr/lib/jvm/java-7-openjdk-i386/jre/lib/i386/jli/libjli.so
b7743000-b7744000 rw-p 0000d000 08:05 4989106    /usr/lib/jvm/java-7-openjdk-i386/jre/lib/i386/jli/libjli.so
b7744000-b7747000 rw-p 00000000 00:00 0 
b7747000-b7748000 r-xp 00000000 00:00 0          [vdso]
b7748000-b7768000 r-xp 00000000 08:05 3801995    /lib/i386-linux-gnu/ld-2.15.so
b7768000-b7769000 r--p 0001f000 08:05 3801995    /lib/i386-linux-gnu/ld-2.15.so
b7769000-b776a000 rw-p 00020000 08:05 3801995    /lib/i386-linux-gnu/ld-2.15.so
bfd99000-bfd9a000 rwxp 00000000 00:00 0 
bfdcc000-bfded000 rw-p 00000000 00:00 0          [stack]

VM Arguments:
jvm_args: -Xmx1024M -Dfile.encoding=UTF-8 -Duser.country=IN -Duser.language=en -Duser.variant 
java_command: com.android.dx.command.Main --dex --output /home/ankit/Traafik latest/TraafikAppLatest/app/build/intermediates/pre-dexed/debug/classes-901c07b1cf6c422b1263d94aa6103f6badba80ff.jar /home/ankit/Traafik latest/TraafikAppLatest/app/build/intermediates/exploded-aar/com.google.android.gms/play-services-ads/7.5.0/jars/classes.jar
Launcher Type: SUN_STANDARD

Environment Variables:
PATH=/usr/lib/lightdm/lightdm:/usr/local/sbin:/usr/local/bin:/usr/sbin:/usr/bin:/sbin:/bin:/usr/games
LD_LIBRARY_PATH=/home/ankit/Android studio/android-studio/bin:
SHELL=/bin/bash
DISPLAY=:0.0

Signal Handlers:
SIGSEGV: [libjvm.so+0x80b550], sa_mask[0]=0x7ffbfeff, sa_flags=0x10000004
SIGBUS: [libjvm.so+0x80b550], sa_mask[0]=0x7ffbfeff, sa_flags=0x10000004
SIGFPE: [libjvm.so+0x6753e0], sa_mask[0]=0x7ffbfeff, sa_flags=0x10000004
SIGPIPE: [libjvm.so+0x6753e0], sa_mask[0]=0x7ffbfeff, sa_flags=0x10000004
SIGXFSZ: [libjvm.so+0x6753e0], sa_mask[0]=0x7ffbfeff, sa_flags=0x10000004
SIGILL: [libjvm.so+0x6753e0], sa_mask[0]=0x7ffbfeff, sa_flags=0x10000004
SIGUSR1: SIG_DFL, sa_mask[0]=0x00000000, sa_flags=0x00000000
SIGUSR2: [libjvm.so+0x675690], sa_mask[0]=0x00000004, sa_flags=0x10000004
SIGHUP: [libjvm.so+0x675850], sa_mask[0]=0x7ffbfeff, sa_flags=0x10000004
SIGINT: [libjvm.so+0x675850], sa_mask[0]=0x7ffbfeff, sa_flags=0x10000004
SIGTERM: [libjvm.so+0x675850], sa_mask[0]=0x7ffbfeff, sa_flags=0x10000004
SIGQUIT: [libjvm.so+0x675850], sa_mask[0]=0x7ffbfeff, sa_flags=0x10000004
SIGTRAP: SIG_DFL, sa_mask[0]=0x00000000, sa_flags=0x00000000


---------------  S Y S T E M  ---------------

OS:Ubuntu 12.04 (precise)
uname:Linux 3.2.0-29-generic-pae #46-Ubuntu SMP Fri Jul 27 17:25:43 UTC 2012 i686
libc:glibc 2.15 NPTL 2.15 
rlimit: STACK 8192k, CORE 0k, NPROC 31169, NOFILE 4096, AS infinity
load average:35.71 24.94 11.10

/proc/meminfo:
MemTotal:        4004304 kB
MemFree:          162092 kB
Buffers:             352 kB
Cached:           560148 kB
SwapCached:            0 kB
Active:          3438440 kB
Inactive:         325232 kB
Active(anon):    3384956 kB
Inactive(anon):   272040 kB
Active(file):      53484 kB
Inactive(file):    53192 kB
Unevictable:          32 kB
Mlocked:              32 kB
HighTotal:       3159312 kB
HighFree:           4420 kB
LowTotal:         844992 kB
LowFree:          157672 kB
SwapTotal:             0 kB
SwapFree:              0 kB
Dirty:              7300 kB
Writeback:             0 kB
AnonPages:       3203444 kB
Mapped:            62704 kB
Shmem:            453620 kB
Slab:              39416 kB
SReclaimable:      18812 kB
SUnreclaim:        20604 kB
KernelStack:        4632 kB
PageTables:        17824 kB
NFS_Unstable:          0 kB
Bounce:                0 kB
WritebackTmp:          0 kB
CommitLimit:     2002152 kB
Committed_AS:    7195136 kB
VmallocTotal:     122880 kB
VmallocUsed:       15060 kB
VmallocChunk:     104204 kB
HardwareCorrupted:     0 kB
AnonHugePages:         0 kB
HugePages_Total:       0
HugePages_Free:        0
HugePages_Rsvd:        0
HugePages_Surp:        0
Hugepagesize:       2048 kB
DirectMap4k:       10232 kB
DirectMap2M:      903168 kB


CPU:total 2 (2 cores per cpu, 1 threads per core) family 6 model 58 stepping 9, cmov, cx8, fxsr, mmx, sse, sse2, sse3, ssse3, sse4.1, sse4.2, popcnt, erms, tsc, tscinvbit, tscinv

/proc/cpuinfo:
processor	: 0
vendor_id	: GenuineIntel
cpu family	: 6
model		: 58
model name	: Intel(R) Pentium(R) CPU G2030 @ 3.00GHz
stepping	: 9
microcode	: 0x17
cpu MHz		: 3000.000
cache size	: 3072 KB
physical id	: 0
siblings	: 2
core id		: 0
cpu cores	: 2
apicid		: 0
initial apicid	: 0
fdiv_bug	: no
hlt_bug		: no
f00f_bug	: no
coma_bug	: no
fpu		: yes
fpu_exception	: yes
cpuid level	: 13
wp		: yes
flags		: fpu vme de pse tsc msr pae mce cx8 apic sep mtrr pge mca cmov pat pse36 clflush dts acpi mmx fxsr sse sse2 ss ht tm pbe nx rdtscp lm constant_tsc arch_perfmon pebs bts xtopology nonstop_tsc aperfmperf pni pclmulqdq dtes64 monitor ds_cpl vmx est tm2 ssse3 cx16 xtpr pdcm pcid sse4_1 sse4_2 popcnt tsc_deadline_timer xsave lahf_lm arat epb xsaveopt pln pts dtherm tpr_shadow vnmi flexpriority ept vpid fsgsbase smep erms
bogomips	: 5986.59
clflush size	: 64
cache_alignment	: 64
address sizes	: 36 bits physical, 48 bits virtual
power management:

processor	: 1
vendor_id	: GenuineIntel
cpu family	: 6
model		: 58
model name	: Intel(R) Pentium(R) CPU G2030 @ 3.00GHz
stepping	: 9
microcode	: 0x17
cpu MHz		: 3000.000
cache size	: 3072 KB
physical id	: 0
siblings	: 2
core id		: 1
cpu cores	: 2
apicid		: 2
initial apicid	: 2
fdiv_bug	: no
hlt_bug		: no
f00f_bug	: no
coma_bug	: no
fpu		: yes
fpu_exception	: yes
cpuid level	: 13
wp		: yes
flags		: fpu vme de pse tsc msr pae mce cx8 apic sep mtrr pge mca cmov pat pse36 clflush dts acpi mmx fxsr sse sse2 ss ht tm pbe nx rdtscp lm constant_tsc arch_perfmon pebs bts xtopology nonstop_tsc aperfmperf pni pclmulqdq dtes64 monitor ds_cpl vmx est tm2 ssse3 cx16 xtpr pdcm pcid sse4_1 sse4_2 popcnt tsc_deadline_timer xsave lahf_lm arat epb xsaveopt pln pts dtherm tpr_shadow vnmi flexpriority ept vpid fsgsbase smep erms
bogomips	: 5986.36
clflush size	: 64
cache_alignment	: 64
address sizes	: 36 bits physical, 48 bits virtual
power management:



Memory: 4k page, physical 4004304k(162092k free), swap 0k(0k free)

vm_info: OpenJDK Server VM (24.75-b04) for linux-x86 JRE (1.7.0_75-b13), built on Jan 27 2015 16:24:35 by "buildd" with gcc 4.6.3

time: Wed Jul 15 15:56:04 2015
elapsed time: 7 seconds

