#
# There is insufficient memory for the Java Runtime Environment to continue.
# Native memory allocation (malloc) failed to allocate 60817408 bytes for committing reserved memory.
# Possible reasons:
#   The system is out of physical RAM or swap space
#   In 32 bit mode, the process size limit was hit
# Possible solutions:
#   Reduce memory load on the system
#   Increase physical memory or swap space
#   Check if swap backing store is full
#   Use 64 bit Java on a 64 bit OS
#   Decrease Java heap size (-Xmx/-Xms)
#   Decrease number of Java threads
#   Decrease Java thread stack sizes (-Xss)
#   Set larger code cache with -XX:ReservedCodeCacheSize=
# This output file may be truncated or incomplete.
#
#  Out of Memory Error (os_linux.cpp:2798), pid=20641, tid=1746426688
#
# JRE version: OpenJDK Runtime Environment (7.0_75-b13) (build 1.7.0_75-b13)
# Java VM: OpenJDK Server VM (24.75-b04 mixed mode linux-x86 )
# Derivative: IcedTea 2.5.4
# Distribution: Ubuntu 12.04 LTS, package 7u75-2.5.4-1~precise1
# Failed to write core dump. Core dumps have been disabled. To enable core dumping, try "ulimit -c unlimited" before starting Java again
#

---------------  T H R E A D  ---------------

Current thread (0x68010400):  VMThread [stack: 0x68105000,0x68186000] [id=20648]

Stack: [0x68105000,0x68186000]
[error occurred during error reporting (printing stack bounds), id 0xb]

VM_Operation (0xb6645948): ParallelGCFailedAllocation, mode: safepoint, requested by thread 0xb6407c00


---------------  P R O C E S S  ---------------

Java Threads: ( => current thread )
  0x6802c400 JavaThread "Service Thread" daemon [_thread_blocked, id=20654, stack(0x67bba000,0x67c0b000)]
  0x6802a800 JavaThread "C2 CompilerThread1" daemon [_thread_blocked, id=20653, stack(0x67c0b000,0x67c8c000)]
  0x68028800 JavaThread "C2 CompilerThread0" daemon [_thread_blocked, id=20652, stack(0x67c8c000,0x67d0d000)]
  0x68026c00 JavaThread "Signal Dispatcher" daemon [_thread_blocked, id=20651, stack(0x67d0d000,0x67d5e000)]
  0x68014400 JavaThread "Finalizer" daemon [_thread_blocked, id=20650, stack(0x67f5e000,0x67faf000)]
  0x68012800 JavaThread "Reference Handler" daemon [_thread_blocked, id=20649, stack(0x67faf000,0x68000000)]
  0xb6407c00 JavaThread "main" [_thread_blocked, id=20644, stack(0xb65f6000,0xb6647000)]

Other Threads:
=>0x68010400 VMThread [stack: 0x68105000,0x68186000] [id=20648]
  0x6802e000 WatcherThread [stack: 0x67b39000,0x67bba000] [id=20655]

VM state:at safepoint (normal execution)

VM Mutex/Monitor currently owned by a thread:  ([mutex/lock_event])
[0xb6405248] Threads_lock - owner thread: 0x68010400
[0xb6405658] Heap_lock - owner thread: 0xb6407c00

Heap
 PSYoungGen      total 209920K, used 66814K [0x9ddc0000, 0xaf240000, 0xb3340000)
  eden space 143104K, 0% used [0x9ddc0000,0x9ddc0000,0xa6980000)
  from space 66816K, 99% used [0xa6980000,0xaaabf8b0,0xaaac0000)
  to   space 64256K, 0% used [0xaaac0000,0xaaac0000,0xae980000)
 ParOldGen       total 133376K, used 66795K [0x73340000, 0x7b580000, 0x9ddc0000)
  object space 133376K, 50% used [0x73340000,0x7747ac50,0x7b580000)
 PSPermGen       total 16384K, used 4004K [0x6b340000, 0x6c340000, 0x73340000)
  object space 16384K, 24% used [0x6b340000,0x6b729370,0x6c340000)

Card table byte_map: [0x6b0ff000,0x6b340000] byte_map_base: 0x6ada5600

Polling page: 0xb779d000

Code Cache  [0xb3400000, 0xb3670000, 0xb6400000)
 total_blobs=780 nmethods=661 adapters=73 free_code_cache=46743Kb largest_free_block=47778112

Compilation events (10 events):
Event: 14.152 Thread 0x6802a800  669             com.android.dx.rop.code.RegisterSpec::equals (60 bytes)
Event: 14.153 Thread 0x6802a800 nmethod 669 0xb364e8c8 code [0xb364e9c0, 0xb364ea5c]
Event: 14.608 Thread 0x6802a800  670             com.android.dx.ssa.SsaConverter::placePhiFunctions (394 bytes)
Event: 14.863 Thread 0x68028800  671             com.android.dx.util.BitIntSet$1::hasNext (13 bytes)
Event: 14.863 Thread 0x68028800 nmethod 671 0xb364e688 code [0xb364e760, 0xb364e7b0]
Event: 14.874 Thread 0x68028800  672             com.android.dx.cf.direct.DirectClassFile::getConstantPool (9 bytes)
Event: 14.875 Thread 0x68028800 nmethod 672 0xb34fb848 code [0xb34fb940, 0xb34fb9fc]
Event: 14.966 Thread 0x6802a800 nmethod 670 0xb36573c8 code [0xb36576c0, 0xb3659904]
Event: 15.513 Thread 0x68028800  673             com.android.dx.rop.code.Rops::pickBinaryOp (158 bytes)
Event: 15.515 Thread 0x68028800 nmethod 673 0xb34f98c8 code [0xb34f99e0, 0xb34f9bdc]

GC Heap History (10 events):
Event: 11.423 GC heap after
Heap after GC invocations=10 (full 1):
 PSYoungGen      total 139008K, used 31478K [0x9ddc0000, 0xabac0000, 0xb3340000)
  eden space 107520K, 0% used [0x9ddc0000,0x9ddc0000,0xa46c0000)
  from space 31488K, 99% used [0xa46c0000,0xa657d820,0xa6580000)
  to   space 45568K, 0% used [0xa8e40000,0xa8e40000,0xabac0000)
 ParOldGen       total 103936K, used 78434K [0x73340000, 0x798c0000, 0x9ddc0000)
  object space 103936K, 75% used [0x73340000,0x77fd8a00,0x798c0000)
 PSPermGen       total 16384K, used 3999K [0x6b340000, 0x6c340000, 0x73340000)
  object space 16384K, 24% used [0x6b340000,0x6b727e60,0x6c340000)
}
Event: 13.055 GC heap before
{Heap before GC invocations=11 (full 1):
 PSYoungGen      total 139008K, used 138998K [0x9ddc0000, 0xabac0000, 0xb3340000)
  eden space 107520K, 100% used [0x9ddc0000,0xa46c0000,0xa46c0000)
  from space 31488K, 99% used [0xa46c0000,0xa657d820,0xa6580000)
  to   space 45568K, 0% used [0xa8e40000,0xa8e40000,0xabac0000)
 ParOldGen       total 103936K, used 78434K [0x73340000, 0x798c0000, 0x9ddc0000)
  object space 103936K, 75% used [0x73340000,0x77fd8a00,0x798c0000)
 PSPermGen       total 16384K, used 4002K [0x6b340000, 0x6c340000, 0x73340000)
  object space 16384K, 24% used [0x6b340000,0x6b728970,0x6c340000)
Event: 13.174 GC heap after
Heap after GC invocations=11 (full 1):
 PSYoungGen      total 163584K, used 45563K [0x9ddc0000, 0xadcc0000, 0xb3340000)
  eden space 118016K, 0% used [0x9ddc0000,0x9ddc0000,0xa5100000)
  from space 45568K, 99% used [0xa8e40000,0xababeea8,0xabac0000)
  to   space 62720K, 0% used [0xa5100000,0xa5100000,0xa8e40000)
 ParOldGen       total 103936K, used 103735K [0x73340000, 0x798c0000, 0x9ddc0000)
  object space 103936K, 99% used [0x73340000,0x7988dcb0,0x798c0000)
 PSPermGen       total 16384K, used 4002K [0x6b340000, 0x6c340000, 0x73340000)
  object space 16384K, 24% used [0x6b340000,0x6b728970,0x6c340000)
}
Event: 13.174 GC heap before
{Heap before GC invocations=12 (full 2):
 PSYoungGen      total 163584K, used 45563K [0x9ddc0000, 0xadcc0000, 0xb3340000)
  eden space 118016K, 0% used [0x9ddc0000,0x9ddc0000,0xa5100000)
  from space 45568K, 99% used [0xa8e40000,0xababeea8,0xabac0000)
  to   space 62720K, 0% used [0xa5100000,0xa5100000,0xa8e40000)
 ParOldGen       total 103936K, used 103735K [0x73340000, 0x798c0000, 0x9ddc0000)
  object space 103936K, 99% used [0x73340000,0x7988dcb0,0x798c0000)
 PSPermGen       total 16384K, used 4002K [0x6b340000, 0x6c340000, 0x73340000)
  object space 16384K, 24% used [0x6b340000,0x6b728970,0x6c340000)
Event: 13.530 GC heap after
Heap after GC invocations=12 (full 2):
 PSYoungGen      total 163584K, used 0K [0x9ddc0000, 0xadcc0000, 0xb3340000)
  eden space 118016K, 0% used [0x9ddc0000,0x9ddc0000,0xa5100000)
  from space 45568K, 0% used [0xa8e40000,0xa8e40000,0xabac0000)
  to   space 62720K, 0% used [0xa5100000,0xa5100000,0xa8e40000)
 ParOldGen       total 133376K, used 63053K [0x73340000, 0x7b580000, 0x9ddc0000)
  object space 133376K, 47% used [0x73340000,0x770d36c0,0x7b580000)
 PSPermGen       total 16384K, used 4002K [0x6b340000, 0x6c340000, 0x73340000)
  object space 16384K, 24% used [0x6b340000,0x6b728900,0x6c340000)
}
Event: 14.036 GC heap before
{Heap before GC invocations=13 (full 2):
 PSYoungGen      total 163584K, used 118016K [0x9ddc0000, 0xadcc0000, 0xb3340000)
  eden space 118016K, 100% used [0x9ddc0000,0xa5100000,0xa5100000)
  from space 45568K, 0% used [0xa8e40000,0xa8e40000,0xabac0000)
  to   space 62720K, 0% used [0xa5100000,0xa5100000,0xa8e40000)
 ParOldGen       total 133376K, used 63053K [0x73340000, 0x7b580000, 0x9ddc0000)
  object space 133376K, 47% used [0x73340000,0x770d36c0,0x7b580000)
 PSPermGen       total 16384K, used 4003K [0x6b340000, 0x6c340000, 0x73340000)
  object space 16384K, 24% used [0x6b340000,0x6b728ec0,0x6c340000)
Event: 14.085 GC heap after
Heap after GC invocations=13 (full 2):
 PSYoungGen      total 180736K, used 37350K [0x9ddc0000, 0xae980000, 0xb3340000)
  eden space 118016K, 0% used [0x9ddc0000,0x9ddc0000,0xa5100000)
  from space 62720K, 59% used [0xa5100000,0xa7579b28,0xa8e40000)
  to   space 64256K, 0% used [0xaaac0000,0xaaac0000,0xae980000)
 ParOldGen       total 133376K, used 63053K [0x73340000, 0x7b580000, 0x9ddc0000)
  object space 133376K, 47% used [0x73340000,0x770d36c0,0x7b580000)
 PSPermGen       total 16384K, used 4003K [0x6b340000, 0x6c340000, 0x73340000)
  object space 16384K, 24% used [0x6b340000,0x6b728ec0,0x6c340000)
}
Event: 14.758 GC heap before
{Heap before GC invocations=14 (full 2):
 PSYoungGen      total 180736K, used 155366K [0x9ddc0000, 0xae980000, 0xb3340000)
  eden space 118016K, 100% used [0x9ddc0000,0xa5100000,0xa5100000)
  from space 62720K, 59% used [0xa5100000,0xa7579b28,0xa8e40000)
  to   space 64256K, 0% used [0xaaac0000,0xaaac0000,0xae980000)
 ParOldGen       total 133376K, used 63053K [0x73340000, 0x7b580000, 0x9ddc0000)
  object space 133376K, 47% used [0x73340000,0x770d36c0,0x7b580000)
 PSPermGen       total 16384K, used 4004K [0x6b340000, 0x6c340000, 0x73340000)
  object space 16384K, 24% used [0x6b340000,0x6b7291b0,0x6c340000)
Event: 14.849 GC heap after
Heap after GC invocations=14 (full 2):
 PSYoungGen      total 207360K, used 40898K [0x9ddc0000, 0xaf240000, 0xb3340000)
  eden space 143104K, 0% used [0x9ddc0000,0x9ddc0000,0xa6980000)
  from space 64256K, 63% used [0xaaac0000,0xad2b08c8,0xae980000)
  to   space 66816K, 0% used [0xa6980000,0xa6980000,0xaaac0000)
 ParOldGen       total 133376K, used 63053K [0x73340000, 0x7b580000, 0x9ddc0000)
  object space 133376K, 47% used [0x73340000,0x770d36c0,0x7b580000)
 PSPermGen       total 16384K, used 4004K [0x6b340000, 0x6c340000, 0x73340000)
  object space 16384K, 24% used [0x6b340000,0x6b7291b0,0x6c340000)
}
Event: 15.900 GC heap before
{Heap before GC invocations=15 (full 2):
 PSYoungGen      total 207360K, used 184002K [0x9ddc0000, 0xaf240000, 0xb3340000)
  eden space 143104K, 100% used [0x9ddc0000,0xa6980000,0xa6980000)
  from space 64256K, 63% used [0xaaac0000,0xad2b08c8,0xae980000)
  to   space 66816K, 0% used [0xa6980000,0xa6980000,0xaaac0000)
 ParOldGen       total 133376K, used 63053K [0x73340000, 0x7b580000, 0x9ddc0000)
  object space 133376K, 47% used [0x73340000,0x770d36c0,0x7b580000)
 PSPermGen       total 16384K, used 4004K [0x6b340000, 0x6c340000, 0x73340000)
  object space 16384K, 24% used [0x6b340000,0x6b729370,0x6c340000)

Deoptimization events (10 events):
Event: 10.621 Thread 0xb6407c00 Uncommon trap: reason=class_check action=maybe_recompile pc=0xb35cb7e0 method=com.android.dx.util.BitIntSet.merge(Lcom/android/dx/util/IntSet;)V @ 1
Event: 10.621 Thread 0xb6407c00 Uncommon trap: reason=class_check action=maybe_recompile pc=0xb359d878 method=com.android.dx.ssa.back.InterferenceGraph.mergeInterferenceSet(ILcom/android/dx/util/IntSet;)V @ 20
Event: 10.627 Thread 0xb6407c00 Uncommon trap: reason=class_check action=maybe_recompile pc=0xb35cb000 method=com.android.dx.ssa.back.InterferenceGraph.mergeInterferenceSet(ILcom/android/dx/util/IntSet;)V @ 20
Event: 11.542 Thread 0xb6407c00 Uncommon trap: reason=class_check action=maybe_recompile pc=0xb3487ee8 method=com.android.dx.ssa.SsaConverter.placePhiFunctions(Lcom/android/dx/ssa/SsaMethod;Lcom/android/dx/ssa/LocalVariableInfo;I)V @ 257
Event: 11.714 Thread 0xb6407c00 Uncommon trap: reason=predicate action=maybe_recompile pc=0xb356b00c method=com.android.dx.ssa.back.InterferenceGraph.<init>(I)V @ 23
Event: 11.785 Thread 0xb6407c00 Uncommon trap: reason=class_check action=maybe_recompile pc=0xb358d31c method=com.android.dx.ssa.back.InterferenceGraph.mergeInterferenceSet(ILcom/android/dx/util/IntSet;)V @ 20
Event: 11.985 Thread 0xb6407c00 Uncommon trap: reason=null_check action=make_not_entrant pc=0xb360fdec method=com.android.dx.cf.code.Ropper$CatchInfo.getSetup(Lcom/android/dx/rop/type/Type;)Lcom/android/dx/cf/code/Ropper$ExceptionHandlerSetup; @ 10
Event: 13.583 Thread 0xb6407c00 Uncommon trap: reason=class_check action=maybe_recompile pc=0xb3487ee8 method=com.android.dx.ssa.SsaConverter.placePhiFunctions(Lcom/android/dx/ssa/SsaMethod;Lcom/android/dx/ssa/LocalVariableInfo;I)V @ 257
Event: 14.149 Thread 0xb6407c00 Uncommon trap: reason=class_check action=maybe_recompile pc=0xb3487ee8 method=com.android.dx.ssa.SsaConverter.placePhiFunctions(Lcom/android/dx/ssa/SsaMethod;Lcom/android/dx/ssa/LocalVariableInfo;I)V @ 257
Event: 14.852 Thread 0xb6407c00 Uncommon trap: reason=class_check action=maybe_recompile pc=0xb3571038 method=com.android.dx.cf.code.RopperMachine.run(Lcom/android/dx/cf/code/Frame;II)V @ 1024

Internal exceptions (10 events):
Event: 2.241 Thread 0xb6407c00 Implicit null exception at 0xb34a4c4d to 0xb34a5619
Event: 2.580 Thread 0xb6407c00 Threw 0x9df65ca0 at /build/buildd/openjdk-7-7u75-2.5.4/build/openjdk/hotspot/src/share/vm/prims/jvm.cpp:1284
Event: 2.603 Thread 0xb6407c00 Threw 0x9dfc9f88 at /build/buildd/openjdk-7-7u75-2.5.4/build/openjdk/hotspot/src/share/vm/prims/jvm.cpp:1284
Event: 3.473 Thread 0xb6407c00 Threw 0x9e666b28 at /build/buildd/openjdk-7-7u75-2.5.4/build/openjdk/hotspot/src/share/vm/prims/jvm.cpp:1284
Event: 4.080 Thread 0xb6407c00 Threw 0x9e520db0 at /build/buildd/openjdk-7-7u75-2.5.4/build/openjdk/hotspot/src/share/vm/prims/jvm.cpp:1284
Event: 4.099 Thread 0xb6407c00 Implicit null exception at 0xb351cd2a to 0xb351d319
Event: 8.503 Thread 0xb6407c00 Threw 0x9ed6f6e8 at /build/buildd/openjdk-7-7u75-2.5.4/build/openjdk/hotspot/src/share/vm/prims/jvm.cpp:1284
Event: 10.264 Thread 0xb6407c00 Threw 0x9faa2900 at /build/buildd/openjdk-7-7u75-2.5.4/build/openjdk/hotspot/src/share/vm/prims/jvm.cpp:1284
Event: 10.307 Thread 0xb6407c00 Threw 0x9fb6ae58 at /build/buildd/openjdk-7-7u75-2.5.4/build/openjdk/hotspot/src/share/vm/prims/jvm.cpp:1284
Event: 11.985 Thread 0xb6407c00 Implicit null exception at 0xb360c760 to 0xb360fdc9

Events (10 events):
Event: 14.149 Thread 0xb6407c00 DEOPT UNPACKING pc=0xb342cbc8 sp=0xb6645aa8 mode 2
Event: 14.758 Executing VM operation: ParallelGCFailedAllocation
Event: 14.849 Executing VM operation: ParallelGCFailedAllocation done
Event: 14.851 Thread 0xb6407c00 Uncommon trap: trap_request=0xffffffde fr.pc=0xb3571038
Event: 14.852 Thread 0xb6407c00 DEOPT PACKING pc=0xb3571038 sp=0xb66459d0
Event: 14.852 Thread 0xb6407c00 DEOPT UNPACKING pc=0xb342cbc8 sp=0xb66459ac mode 2
Event: 14.863 Thread 0x68028800 flushing nmethod 0xb34f9448
Event: 14.875 Thread 0x68028800 flushing nmethod 0xb350fdc8
Event: 14.875 Thread 0x68028800 flushing nmethod 0xb3514008
Event: 15.900 Executing VM operation: ParallelGCFailedAllocation


Dynamic libraries:
08048000-08049000 r-xp 00000000 08:05 4983886    /usr/lib/jvm/java-7-openjdk-i386/jre/bin/java
08049000-0804a000 r--p 00000000 08:05 4983886    /usr/lib/jvm/java-7-openjdk-i386/jre/bin/java
0804a000-0804b000 rw-p 00001000 08:05 4983886    /usr/lib/jvm/java-7-openjdk-i386/jre/bin/java
09e1f000-0a2e3000 rw-p 00000000 00:00 0          [heap]
66c00000-66cff000 rw-p 00000000 00:00 0 
66cff000-66d00000 ---p 00000000 00:00 0 
66e00000-66ef9000 rw-p 00000000 00:00 0 
66ef9000-66f00000 ---p 00000000 00:00 0 
67000000-67100000 rw-p 00000000 00:00 0 
67200000-672fb000 rw-p 00000000 00:00 0 
672fb000-67300000 ---p 00000000 00:00 0 
67400000-674fd000 rw-p 00000000 00:00 0 
674fd000-67500000 ---p 00000000 00:00 0 
67500000-675f6000 rw-p 00000000 00:00 0 
675f6000-67600000 ---p 00000000 00:00 0 
67600000-67638000 rw-p 00000000 00:00 0 
67638000-67700000 ---p 00000000 00:00 0 
677fc000-67836000 r-xp 00000000 08:05 3802088    /lib/i386-linux-gnu/libpcre.so.3.12.1
67836000-67837000 r--p 00039000 08:05 3802088    /lib/i386-linux-gnu/libpcre.so.3.12.1
67837000-67838000 rw-p 0003a000 08:05 3802088    /lib/i386-linux-gnu/libpcre.so.3.12.1
67838000-6784b000 r-xp 00000000 08:05 3802099    /lib/i386-linux-gnu/libresolv-2.15.so
6784b000-6784c000 ---p 00013000 08:05 3802099    /lib/i386-linux-gnu/libresolv-2.15.so
6784c000-6784d000 r--p 00013000 08:05 3802099    /lib/i386-linux-gnu/libresolv-2.15.so
6784d000-6784e000 rw-p 00014000 08:05 3802099    /lib/i386-linux-gnu/libresolv-2.15.so
6784e000-67850000 rw-p 00000000 00:00 0 
67850000-6786d000 r-xp 00000000 08:05 3802103    /lib/i386-linux-gnu/libselinux.so.1
6786d000-6786e000 r--p 0001c000 08:05 3802103    /lib/i386-linux-gnu/libselinux.so.1
6786e000-6786f000 rw-p 0001d000 08:05 3802103    /lib/i386-linux-gnu/libselinux.so.1
6786f000-67966000 r-xp 00000000 08:05 3802040    /lib/i386-linux-gnu/libglib-2.0.so.0.3200.3
67966000-67967000 r--p 000f6000 08:05 3802040    /lib/i386-linux-gnu/libglib-2.0.so.0.3200.3
67967000-67968000 rw-p 000f7000 08:05 3802040    /lib/i386-linux-gnu/libglib-2.0.so.0.3200.3
67968000-679b5000 r-xp 00000000 08:05 4985532    /usr/lib/i386-linux-gnu/libgobject-2.0.so.0.3200.3
679b5000-679b6000 r--p 0004c000 08:05 4985532    /usr/lib/i386-linux-gnu/libgobject-2.0.so.0.3200.3
679b6000-679b7000 rw-p 0004d000 08:05 4985532    /usr/lib/i386-linux-gnu/libgobject-2.0.so.0.3200.3
679b7000-67b0a000 r-xp 00000000 08:05 4985508    /usr/lib/i386-linux-gnu/libgio-2.0.so.0.3200.3
67b0a000-67b0c000 r--p 00153000 08:05 4985508    /usr/lib/i386-linux-gnu/libgio-2.0.so.0.3200.3
67b0c000-67b0d000 rw-p 00155000 08:05 4985508    /usr/lib/i386-linux-gnu/libgio-2.0.so.0.3200.3
67b0d000-67b0e000 rw-p 00000000 00:00 0 
67b20000-67b37000 r-xp 00000000 08:05 4989135    /usr/lib/jvm/java-7-openjdk-i386/jre/lib/i386/libnet.so
67b37000-67b38000 r--p 00016000 08:05 4989135    /usr/lib/jvm/java-7-openjdk-i386/jre/lib/i386/libnet.so
67b38000-67b39000 rw-p 00017000 08:05 4989135    /usr/lib/jvm/java-7-openjdk-i386/jre/lib/i386/libnet.so
67b39000-67b3a000 ---p 00000000 00:00 0 
67b3a000-67bba000 rw-p 00000000 00:00 0 
67bba000-67bbd000 ---p 00000000 00:00 0 
67bbd000-67c0b000 rw-p 00000000 00:00 0 
67c0b000-67c0e000 ---p 00000000 00:00 0 
67c0e000-67c8c000 rw-p 00000000 00:00 0 
67c8c000-67c8f000 ---p 00000000 00:00 0 
67c8f000-67d0d000 rw-p 00000000 00:00 0 
67d0d000-67d10000 ---p 00000000 00:00 0 
67d10000-67d5e000 rw-p 00000000 00:00 0 
67d5e000-67f5e000 r--p 00000000 08:05 4988066    /usr/lib/locale/locale-archive
67f5e000-67f61000 ---p 00000000 00:00 0 
67f61000-67faf000 rw-p 00000000 00:00 0 
67faf000-67fb2000 ---p 00000000 00:00 0 
67fb2000-68000000 rw-p 00000000 00:00 0 
68000000-680fb000 rw-p 00000000 00:00 0 
680fb000-68100000 ---p 00000000 00:00 0 
68105000-68106000 ---p 00000000 00:00 0 
68106000-681cf000 rw-p 00000000 00:00 0 
681cf000-68380000 r--s 01d23000 08:05 4989042    /usr/lib/jvm/java-7-openjdk-i386/jre/lib/rt.jar
68380000-6ac00000 rw-p 00000000 00:00 0 
6ac00000-6ace2000 rw-p 00000000 00:00 0 
6ace2000-6ad00000 ---p 00000000 00:00 0 
6ad11000-6ad22000 r-xp 00000000 08:05 4989121    /usr/lib/jvm/java-7-openjdk-i386/jre/lib/i386/libnio.so
6ad22000-6ad23000 r--p 00010000 08:05 4989121    /usr/lib/jvm/java-7-openjdk-i386/jre/lib/i386/libnio.so
6ad23000-6ad24000 rw-p 00011000 08:05 4989121    /usr/lib/jvm/java-7-openjdk-i386/jre/lib/i386/libnio.so
6ad24000-6ad7f000 rw-p 00000000 00:00 0 
6ad7f000-6ad80000 ---p 00000000 00:00 0 
6ad80000-6ae00000 rw-p 00000000 00:00 0 
6ae00000-6ae21000 rw-p 00000000 00:00 0 
6ae21000-6af00000 ---p 00000000 00:00 0 
6af07000-6af0c000 r-xp 00000000 08:05 4985471    /usr/lib/i386-linux-gnu/libffi.so.6.0.0
6af0c000-6af0d000 r--p 00004000 08:05 4985471    /usr/lib/i386-linux-gnu/libffi.so.6.0.0
6af0d000-6af0e000 rw-p 00005000 08:05 4985471    /usr/lib/i386-linux-gnu/libffi.so.6.0.0
6af0e000-6af19000 r--s 00079000 08:06 4200566    /home/ankit/Traafik latest/TraafikAppLatest/app/build/intermediates/exploded-aar/com.google.android.gms/play-services-analytics/7.5.0/jars/classes.jar
6af19000-6af28000 r--s 000dd000 08:06 21369266   /home/ankit/Ankitt Data/ECLIPSE/sdk/build-tools/22.0.1/lib/dx.jar
6af28000-6af29000 ---p 00000000 00:00 0 
6af29000-6afeb000 rw-p 00000000 00:00 0 
6afeb000-6b0ff000 rw-p 00000000 00:00 0 
6b0ff000-6b107000 rw-p 00000000 00:00 0 
6b107000-6b13f000 rw-p 00000000 00:00 0 
6b13f000-6b181000 rw-p 00000000 00:00 0 
6b181000-6b294000 rw-p 00000000 00:00 0 
6b294000-6b31f000 rw-p 00000000 00:00 0 
6b31f000-6b33f000 rw-p 00000000 00:00 0 
6b33f000-6c340000 rw-p 00000000 00:00 0 
6c340000-73340000 rw-p 00000000 00:00 0 
73340000-7b580000 rw-p 00000000 00:00 0 
7b580000-9ddc0000 rw-p 00000000 00:00 0 
9ddc0000-af240000 rw-p 00000000 00:00 0 
b2c40000-b3340000 rw-p 00000000 00:00 0 
b3340000-b334a000 rw-p 00000000 00:00 0 
b334a000-b3400000 rw-p 00000000 00:00 0 
b3400000-b3670000 rwxp 00000000 00:00 0 
b3670000-b64fd000 rw-p 00000000 00:00 0 
b64fd000-b6500000 ---p 00000000 00:00 0 
b6505000-b6508000 r-xp 00000000 08:05 4985518    /usr/lib/i386-linux-gnu/libgmodule-2.0.so.0.3200.3
b6508000-b6509000 r--p 00002000 08:05 4985518    /usr/lib/i386-linux-gnu/libgmodule-2.0.so.0.3200.3
b6509000-b650a000 rw-p 00003000 08:05 4985518    /usr/lib/i386-linux-gnu/libgmodule-2.0.so.0.3200.3
b650a000-b650b000 r--s 00007000 08:05 5246941    /usr/share/java/java-atk-wrapper.jar
b650b000-b650e000 r--s 0000f000 08:05 4989079    /usr/lib/jvm/java-7-openjdk-i386/jre/lib/ext/icedtea-sound.jar
b650e000-b6510000 r--s 00012000 08:05 4989084    /usr/lib/jvm/java-7-openjdk-i386/jre/lib/ext/zipfs.jar
b6510000-b6514000 r--s 00034000 08:05 4989083    /usr/lib/jvm/java-7-openjdk-i386/jre/lib/ext/sunjce_provider.jar
b6514000-b6518000 r--s 0003c000 08:05 4989081    /usr/lib/jvm/java-7-openjdk-i386/jre/lib/ext/sunpkcs11.jar
b6518000-b651b000 r--s 00086000 08:05 4989082    /usr/lib/jvm/java-7-openjdk-i386/jre/lib/ext/localedata.jar
b651b000-b653e000 rw-p 00000000 00:00 0 
b653e000-b6576000 rw-p 00000000 00:00 0 
b6576000-b6581000 r-xp 00000000 08:05 3802066    /lib/i386-linux-gnu/libnss_files-2.15.so
b6581000-b6582000 r--p 0000a000 08:05 3802066    /lib/i386-linux-gnu/libnss_files-2.15.so
b6582000-b6583000 rw-p 0000b000 08:05 3802066    /lib/i386-linux-gnu/libnss_files-2.15.so
b6583000-b658d000 r-xp 00000000 08:05 3802070    /lib/i386-linux-gnu/libnss_nis-2.15.so
b658d000-b658e000 r--p 00009000 08:05 3802070    /lib/i386-linux-gnu/libnss_nis-2.15.so
b658e000-b658f000 rw-p 0000a000 08:05 3802070    /lib/i386-linux-gnu/libnss_nis-2.15.so
b658f000-b65a5000 r-xp 00000000 08:05 3802060    /lib/i386-linux-gnu/libnsl-2.15.so
b65a5000-b65a6000 r--p 00015000 08:05 3802060    /lib/i386-linux-gnu/libnsl-2.15.so
b65a6000-b65a7000 rw-p 00016000 08:05 3802060    /lib/i386-linux-gnu/libnsl-2.15.so
b65a7000-b65a9000 rw-p 00000000 00:00 0 
b65a9000-b65b0000 r-xp 00000000 08:05 3802062    /lib/i386-linux-gnu/libnss_compat-2.15.so
b65b0000-b65b1000 r--p 00006000 08:05 3802062    /lib/i386-linux-gnu/libnss_compat-2.15.so
b65b1000-b65b2000 rw-p 00007000 08:05 3802062    /lib/i386-linux-gnu/libnss_compat-2.15.so
b65b2000-b65ba000 r-xp 00000000 08:05 4989114    /usr/lib/jvm/java-7-openjdk-i386/jre/lib/i386/libzip.so
b65ba000-b65bb000 r--p 00007000 08:05 4989114    /usr/lib/jvm/java-7-openjdk-i386/jre/lib/i386/libzip.so
b65bb000-b65bc000 rw-p 00008000 08:05 4989114    /usr/lib/jvm/java-7-openjdk-i386/jre/lib/i386/libzip.so
b65bc000-b65c4000 rw-s 00000000 08:05 145399     /tmp/hsperfdata_ankit/20641
b65c4000-b65eb000 r-xp 00000000 08:05 4989134    /usr/lib/jvm/java-7-openjdk-i386/jre/lib/i386/libjava.so
b65eb000-b65ec000 r--p 00026000 08:05 4989134    /usr/lib/jvm/java-7-openjdk-i386/jre/lib/i386/libjava.so
b65ec000-b65ed000 rw-p 00027000 08:05 4989134    /usr/lib/jvm/java-7-openjdk-i386/jre/lib/i386/libjava.so
b65ed000-b65f4000 r-xp 00000000 08:05 3802101    /lib/i386-linux-gnu/librt-2.15.so
b65f4000-b65f5000 r--p 00006000 08:05 3802101    /lib/i386-linux-gnu/librt-2.15.so
b65f5000-b65f6000 rw-p 00007000 08:05 3802101    /lib/i386-linux-gnu/librt-2.15.so
b65f6000-b65f9000 ---p 00000000 00:00 0 
b65f9000-b6647000 rw-p 00000000 00:00 0 
b6647000-b6663000 r-xp 00000000 08:05 3802036    /lib/i386-linux-gnu/libgcc_s.so.1
b6663000-b6664000 r--p 0001b000 08:05 3802036    /lib/i386-linux-gnu/libgcc_s.so.1
b6664000-b6665000 rw-p 0001c000 08:05 3802036    /lib/i386-linux-gnu/libgcc_s.so.1
b6665000-b668f000 r-xp 00000000 08:05 3802047    /lib/i386-linux-gnu/libm-2.15.so
b668f000-b6690000 r--p 00029000 08:05 3802047    /lib/i386-linux-gnu/libm-2.15.so
b6690000-b6691000 rw-p 0002a000 08:05 3802047    /lib/i386-linux-gnu/libm-2.15.so
b6691000-b6769000 r-xp 00000000 08:05 4985813    /usr/lib/i386-linux-gnu/libstdc++.so.6.0.16
b6769000-b676a000 ---p 000d8000 08:05 4985813    /usr/lib/i386-linux-gnu/libstdc++.so.6.0.16
b676a000-b676e000 r--p 000d8000 08:05 4985813    /usr/lib/i386-linux-gnu/libstdc++.so.6.0.16
b676e000-b676f000 rw-p 000dc000 08:05 4985813    /usr/lib/i386-linux-gnu/libstdc++.so.6.0.16
b676f000-b6776000 rw-p 00000000 00:00 0 
b6776000-b7138000 r-xp 00000000 08:05 4989140    /usr/lib/jvm/java-7-openjdk-i386/jre/lib/i386/server/libjvm.so
b7138000-b718d000 r--p 009c2000 08:05 4989140    /usr/lib/jvm/java-7-openjdk-i386/jre/lib/i386/server/libjvm.so
b718d000-b71a1000 rw-p 00a17000 08:05 4989140    /usr/lib/jvm/java-7-openjdk-i386/jre/lib/i386/server/libjvm.so
b71a1000-b75bf000 rw-p 00000000 00:00 0 
b75bf000-b75d3000 r-xp 00000000 08:05 3802126    /lib/i386-linux-gnu/libz.so.1.2.3.4
b75d3000-b75d4000 r--p 00013000 08:05 3802126    /lib/i386-linux-gnu/libz.so.1.2.3.4
b75d4000-b75d5000 rw-p 00014000 08:05 3802126    /lib/i386-linux-gnu/libz.so.1.2.3.4
b75d5000-b75ec000 r-xp 00000000 08:05 3802095    /lib/i386-linux-gnu/libpthread-2.15.so
b75ec000-b75ed000 r--p 00016000 08:05 3802095    /lib/i386-linux-gnu/libpthread-2.15.so
b75ed000-b75ee000 rw-p 00017000 08:05 3802095    /lib/i386-linux-gnu/libpthread-2.15.so
b75ee000-b75f0000 rw-p 00000000 00:00 0 
b75f0000-b75f3000 r-xp 00000000 08:05 3802028    /lib/i386-linux-gnu/libdl-2.15.so
b75f3000-b75f4000 r--p 00002000 08:05 3802028    /lib/i386-linux-gnu/libdl-2.15.so
b75f4000-b75f5000 rw-p 00003000 08:05 3802028    /lib/i386-linux-gnu/libdl-2.15.so
b75f5000-b7794000 r-xp 00000000 08:05 3802015    /lib/i386-linux-gnu/libc-2.15.so
b7794000-b7796000 r--p 0019f000 08:05 3802015    /lib/i386-linux-gnu/libc-2.15.so
b7796000-b7797000 rw-p 001a1000 08:05 3802015    /lib/i386-linux-gnu/libc-2.15.so
b7797000-b779a000 rw-p 00000000 00:00 0 
b779a000-b779b000 r--s 00002000 08:05 4989080    /usr/lib/jvm/java-7-openjdk-i386/jre/lib/ext/dnsns.jar
b779b000-b779c000 r--p 005db000 08:05 4988066    /usr/lib/locale/locale-archive
b779c000-b779d000 rw-p 00000000 00:00 0 
b779d000-b779e000 ---p 00000000 00:00 0 
b779e000-b77aa000 r-xp 00000000 08:05 4989131    /usr/lib/jvm/java-7-openjdk-i386/jre/lib/i386/libverify.so
b77aa000-b77ab000 r--p 0000b000 08:05 4989131    /usr/lib/jvm/java-7-openjdk-i386/jre/lib/i386/libverify.so
b77ab000-b77ac000 rw-p 0000c000 08:05 4989131    /usr/lib/jvm/java-7-openjdk-i386/jre/lib/i386/libverify.so
b77ac000-b77b9000 r-xp 00000000 08:05 4989106    /usr/lib/jvm/java-7-openjdk-i386/jre/lib/i386/jli/libjli.so
b77b9000-b77ba000 r--p 0000c000 08:05 4989106    /usr/lib/jvm/java-7-openjdk-i386/jre/lib/i386/jli/libjli.so
b77ba000-b77bb000 rw-p 0000d000 08:05 4989106    /usr/lib/jvm/java-7-openjdk-i386/jre/lib/i386/jli/libjli.so
b77bb000-b77be000 rw-p 00000000 00:00 0 
b77be000-b77bf000 r-xp 00000000 00:00 0          [vdso]
b77bf000-b77df000 r-xp 00000000 08:05 3801995    /lib/i386-linux-gnu/ld-2.15.so
b77df000-b77e0000 r--p 0001f000 08:05 3801995    /lib/i386-linux-gnu/ld-2.15.so
b77e0000-b77e1000 rw-p 00020000 08:05 3801995    /lib/i386-linux-gnu/ld-2.15.so
bfbc9000-bfbca000 rwxp 00000000 00:00 0 
bfbfc000-bfc1d000 rw-p 00000000 00:00 0          [stack]

VM Arguments:
jvm_args: -Xmx1024M -Dfile.encoding=UTF-8 -Duser.country=IN -Duser.language=en -Duser.variant 
java_command: com.android.dx.command.Main --dex --output /home/ankit/Traafik latest/TraafikAppLatest/app/build/intermediates/pre-dexed/debug/classes-60a7eb5bedd3ac059a03773ecb9be5aae7d1c35b.jar /home/ankit/Traafik latest/TraafikAppLatest/app/build/intermediates/exploded-aar/com.google.android.gms/play-services-analytics/7.5.0/jars/classes.jar
Launcher Type: SUN_STANDARD

Environment Variables:
PATH=/usr/lib/lightdm/lightdm:/usr/local/sbin:/usr/local/bin:/usr/sbin:/usr/bin:/sbin:/bin:/usr/games
LD_LIBRARY_PATH=/home/ankit/Android studio/android-studio/bin:
SHELL=/bin/bash
DISPLAY=:0.0

Signal Handlers:
SIGSEGV: [libjvm.so+0x80b550], sa_mask[0]=0x7ffbfeff, sa_flags=0x10000004
SIGBUS: [libjvm.so+0x80b550], sa_mask[0]=0x7ffbfeff, sa_flags=0x10000004
SIGFPE: [libjvm.so+0x6753e0], sa_mask[0]=0x7ffbfeff, sa_flags=0x10000004
SIGPIPE: [libjvm.so+0x6753e0], sa_mask[0]=0x7ffbfeff, sa_flags=0x10000004
SIGXFSZ: [libjvm.so+0x6753e0], sa_mask[0]=0x7ffbfeff, sa_flags=0x10000004
SIGILL: [libjvm.so+0x6753e0], sa_mask[0]=0x7ffbfeff, sa_flags=0x10000004
SIGUSR1: SIG_DFL, sa_mask[0]=0x00000000, sa_flags=0x00000000
SIGUSR2: [libjvm.so+0x675690], sa_mask[0]=0x00000004, sa_flags=0x10000004
SIGHUP: [libjvm.so+0x675850], sa_mask[0]=0x7ffbfeff, sa_flags=0x10000004
SIGINT: [libjvm.so+0x675850], sa_mask[0]=0x7ffbfeff, sa_flags=0x10000004
SIGTERM: [libjvm.so+0x675850], sa_mask[0]=0x7ffbfeff, sa_flags=0x10000004
SIGQUIT: [libjvm.so+0x675850], sa_mask[0]=0x7ffbfeff, sa_flags=0x10000004
SIGTRAP: SIG_DFL, sa_mask[0]=0x00000000, sa_flags=0x00000000


---------------  S Y S T E M  ---------------

OS:Ubuntu 12.04 (precise)
uname:Linux 3.2.0-29-generic-pae #46-Ubuntu SMP Fri Jul 27 17:25:43 UTC 2012 i686
libc:glibc 2.15 NPTL 2.15 
rlimit: STACK 8192k, CORE 0k, NPROC 31169, NOFILE 4096, AS infinity
load average:5.19 3.91 2.76

/proc/meminfo:
MemTotal:        4004304 kB
MemFree:          158240 kB
Buffers:             340 kB
Cached:           617512 kB
SwapCached:            0 kB
Active:          3367464 kB
Inactive:         397744 kB
Active(anon):    3314916 kB
Inactive(anon):   350000 kB
Active(file):      52548 kB
Inactive(file):    47744 kB
Unevictable:          16 kB
Mlocked:              16 kB
HighTotal:       3159312 kB
HighFree:            732 kB
LowTotal:         844992 kB
LowFree:          157508 kB
SwapTotal:             0 kB
SwapFree:              0 kB
Dirty:               156 kB
Writeback:             0 kB
AnonPages:       3147652 kB
Mapped:            82284 kB
Shmem:            517376 kB
Slab:              39928 kB
SReclaimable:      19560 kB
SUnreclaim:        20368 kB
KernelStack:        4880 kB
PageTables:        19944 kB
NFS_Unstable:          0 kB
Bounce:                0 kB
WritebackTmp:          0 kB
CommitLimit:     2002152 kB
Committed_AS:    7763012 kB
VmallocTotal:     122880 kB
VmallocUsed:       15224 kB
VmallocChunk:     105324 kB
HardwareCorrupted:     0 kB
AnonHugePages:         0 kB
HugePages_Total:       0
HugePages_Free:        0
HugePages_Rsvd:        0
HugePages_Surp:        0
Hugepagesize:       2048 kB
DirectMap4k:       10232 kB
DirectMap2M:      903168 kB


CPU:total 2 (2 cores per cpu, 1 threads per core) family 6 model 58 stepping 9, cmov, cx8, fxsr, mmx, sse, sse2, sse3, ssse3, sse4.1, sse4.2, popcnt, erms, tsc, tscinvbit, tscinv

/proc/cpuinfo:
processor	: 0
vendor_id	: GenuineIntel
cpu family	: 6
model		: 58
model name	: Intel(R) Pentium(R) CPU G2030 @ 3.00GHz
stepping	: 9
microcode	: 0x17
cpu MHz		: 3000.000
cache size	: 3072 KB
physical id	: 0
siblings	: 2
core id		: 0
cpu cores	: 2
apicid		: 0
initial apicid	: 0
fdiv_bug	: no
hlt_bug		: no
f00f_bug	: no
coma_bug	: no
fpu		: yes
fpu_exception	: yes
cpuid level	: 13
wp		: yes
flags		: fpu vme de pse tsc msr pae mce cx8 apic sep mtrr pge mca cmov pat pse36 clflush dts acpi mmx fxsr sse sse2 ss ht tm pbe nx rdtscp lm constant_tsc arch_perfmon pebs bts xtopology nonstop_tsc aperfmperf pni pclmulqdq dtes64 monitor ds_cpl vmx est tm2 ssse3 cx16 xtpr pdcm pcid sse4_1 sse4_2 popcnt tsc_deadline_timer xsave lahf_lm arat epb xsaveopt pln pts dtherm tpr_shadow vnmi flexpriority ept vpid fsgsbase smep erms
bogomips	: 5986.47
clflush size	: 64
cache_alignment	: 64
address sizes	: 36 bits physical, 48 bits virtual
power management:

processor	: 1
vendor_id	: GenuineIntel
cpu family	: 6
model		: 58
model name	: Intel(R) Pentium(R) CPU G2030 @ 3.00GHz
stepping	: 9
microcode	: 0x17
cpu MHz		: 3000.000
cache size	: 3072 KB
physical id	: 0
siblings	: 2
core id		: 1
cpu cores	: 2
apicid		: 2
initial apicid	: 2
fdiv_bug	: no
hlt_bug		: no
f00f_bug	: no
coma_bug	: no
fpu		: yes
fpu_exception	: yes
cpuid level	: 13
wp		: yes
flags		: fpu vme de pse tsc msr pae mce cx8 apic sep mtrr pge mca cmov pat pse36 clflush dts acpi mmx fxsr sse sse2 ss ht tm pbe nx rdtscp lm constant_tsc arch_perfmon pebs bts xtopology nonstop_tsc aperfmperf pni pclmulqdq dtes64 monitor ds_cpl vmx est tm2 ssse3 cx16 xtpr pdcm pcid sse4_1 sse4_2 popcnt tsc_deadline_timer xsave lahf_lm arat epb xsaveopt pln pts dtherm tpr_shadow vnmi flexpriority ept vpid fsgsbase smep erms
bogomips	: 5986.36
clflush size	: 64
cache_alignment	: 64
address sizes	: 36 bits physical, 48 bits virtual
power management:



Memory: 4k page, physical 4004304k(158240k free), swap 0k(0k free)

vm_info: OpenJDK Server VM (24.75-b04) for linux-x86 JRE (1.7.0_75-b13), built on Jan 27 2015 16:24:35 by "buildd" with gcc 4.6.3

time: Fri Jul 17 17:51:23 2015
elapsed time: 16 seconds

