#
# There is insufficient memory for the Java Runtime Environment to continue.
# Native memory allocation (malloc) failed to allocate 1063048 bytes for Chunk::new
# Possible reasons:
#   The system is out of physical RAM or swap space
#   In 32 bit mode, the process size limit was hit
# Possible solutions:
#   Reduce memory load on the system
#   Increase physical memory or swap space
#   Check if swap backing store is full
#   Use 64 bit Java on a 64 bit OS
#   Decrease Java heap size (-Xmx/-Xms)
#   Decrease number of Java threads
#   Decrease Java thread stack sizes (-Xss)
#   Set larger code cache with -XX:ReservedCodeCacheSize=
# This output file may be truncated or incomplete.
#
#  Out of Memory Error (allocation.cpp:326), pid=26945, tid=1740491584
#
# JRE version: OpenJDK Runtime Environment (7.0_75-b13) (build 1.7.0_75-b13)
# Java VM: OpenJDK Server VM (24.75-b04 mixed mode linux-x86 )
# Derivative: IcedTea 2.5.4
# Distribution: Ubuntu 12.04 LTS, package 7u75-2.5.4-1~precise1
# Failed to write core dump. Core dumps have been disabled. To enable core dumping, try "ulimit -c unlimited" before starting Java again
#

---------------  T H R E A D  ---------------

Current thread (0x67f29800):  JavaThread "C2 CompilerThread1" daemon [_thread_in_native, id=26968, stack(0x67b5c000,0x67bdd000)]

Stack: [0x67b5c000,0x67bdd000]
[error occurred during error reporting (printing stack bounds), id 0xb]


Current CompileTask:
C2:   9903  205             com.android.dx.ssa.SCCP::run (298 bytes)


---------------  P R O C E S S  ---------------

Java Threads: ( => current thread )
  0x67f2b400 JavaThread "Service Thread" daemon [_thread_blocked, id=26969, stack(0x67b0b000,0x67b5c000)]
=>0x67f29800 JavaThread "C2 CompilerThread1" daemon [_thread_in_native, id=26968, stack(0x67b5c000,0x67bdd000)]
  0x67f27800 JavaThread "C2 CompilerThread0" daemon [_thread_in_native, id=26965, stack(0x67bdd000,0x67c5e000)]
  0x67f25c00 JavaThread "Signal Dispatcher" daemon [_thread_blocked, id=26964, stack(0x67c5e000,0x67caf000)]
  0x67f14400 JavaThread "Finalizer" daemon [_thread_blocked, id=26961, stack(0x67eaf000,0x67f00000)]
  0x67f12800 JavaThread "Reference Handler" daemon [_thread_blocked, id=26959, stack(0x6ac2e000,0x6ac7f000)]
  0xb6407c00 JavaThread "main" [_thread_in_native, id=26950, stack(0xb653d000,0xb658e000)]

Other Threads:
  0x67f10400 VMThread [stack: 0x68005000,0x68086000] [id=26958]
  0x67f2d400 WatcherThread [stack: 0x67a8a000,0x67b0b000] [id=26972]

VM state:not at safepoint (normal execution)

VM Mutex/Monitor currently owned by a thread: None

Heap
 PSYoungGen      total 18432K, used 11958K [0x9dd40000, 0x9f1c0000, 0xb32c0000)
  eden space 15872K, 59% used [0x9dd40000,0x9e66e5e8,0x9ecc0000)
  from space 2560K, 99% used [0x9ef40000,0x9f1bf380,0x9f1c0000)
  to   space 2560K, 0% used [0x9ecc0000,0x9ecc0000,0x9ef40000)
 ParOldGen       total 41728K, used 3676K [0x732c0000, 0x75b80000, 0x9dd40000)
  object space 41728K, 8% used [0x732c0000,0x73657348,0x75b80000)
 PSPermGen       total 16384K, used 3925K [0x6b2c0000, 0x6c2c0000, 0x732c0000)
  object space 16384K, 23% used [0x6b2c0000,0x6b6954e0,0x6c2c0000)

Card table byte_map: [0x6b07f000,0x6b2c0000] byte_map_base: 0x6ad25a00

Polling page: 0xb76e4000

Code Cache  [0xb33b2000, 0xb35f2000, 0xb63b2000)
 total_blobs=336 nmethods=217 adapters=73 free_code_cache=48442Kb largest_free_block=49555456

Compilation events (10 events):
Event: 9.732 Thread 0x67f27800 nmethod 212 0xb344a3c8 code [0xb344a4c0, 0xb344a570]
Event: 9.732 Thread 0x67f27800  213             com.android.dx.ssa.back.IdenticalBlockCombiner::process (323 bytes)
Event: 9.814 Thread 0x67f27800 nmethod 213 0xb346ab08 code [0xb346ae20, 0xb346c81c]
Event: 9.814 Thread 0x67f27800  214             com.android.dx.ssa.SsaRenamer::access$000 (5 bytes)
Event: 9.815 Thread 0x67f27800 nmethod 214 0xb344fc08 code [0xb344fd00, 0xb344fd50]
Event: 9.815 Thread 0x67f27800  215             java.util.TreeMap::parentOf (13 bytes)
Event: 9.815 Thread 0x67f27800 nmethod 215 0xb344a208 code [0xb344a300, 0xb344a350]
Event: 9.815 Thread 0x67f27800  216   !         com.android.dx.rop.type.Type::intern (319 bytes)
Event: 9.827 Thread 0x67f27800 nmethod 216 0xb345bd08 code [0xb345bf00, 0xb345cac4]
Event: 9.827 Thread 0x67f27800  217             com.android.dx.ssa.SCCP::simulateBlock (54 bytes)

GC Heap History (4 events):
Event: 9.046 GC heap before
{Heap before GC invocations=1 (full 0):
 PSYoungGen      total 18432K, used 15872K [0x9dd40000, 0x9f1c0000, 0xb32c0000)
  eden space 15872K, 100% used [0x9dd40000,0x9ecc0000,0x9ecc0000)
  from space 2560K, 0% used [0x9ef40000,0x9ef40000,0x9f1c0000)
  to   space 2560K, 0% used [0x9ecc0000,0x9ecc0000,0x9ef40000)
 ParOldGen       total 41728K, used 0K [0x732c0000, 0x75b80000, 0x9dd40000)
  object space 41728K, 0% used [0x732c0000,0x732c0000,0x75b80000)
 PSPermGen       total 16384K, used 3824K [0x6b2c0000, 0x6c2c0000, 0x732c0000)
  object space 16384K, 23% used [0x6b2c0000,0x6b67c130,0x6c2c0000)
Event: 9.051 GC heap after
Heap after GC invocations=1 (full 0):
 PSYoungGen      total 18432K, used 2553K [0x9dd40000, 0x9f1c0000, 0xb32c0000)
  eden space 15872K, 0% used [0x9dd40000,0x9dd40000,0x9ecc0000)
  from space 2560K, 99% used [0x9ecc0000,0x9ef3e538,0x9ef40000)
  to   space 2560K, 0% used [0x9ef40000,0x9ef40000,0x9f1c0000)
 ParOldGen       total 41728K, used 1330K [0x732c0000, 0x75b80000, 0x9dd40000)
  object space 41728K, 3% used [0x732c0000,0x7340c878,0x75b80000)
 PSPermGen       total 16384K, used 3824K [0x6b2c0000, 0x6c2c0000, 0x732c0000)
  object space 16384K, 23% used [0x6b2c0000,0x6b67c130,0x6c2c0000)
}
Event: 9.574 GC heap before
{Heap before GC invocations=2 (full 0):
 PSYoungGen      total 18432K, used 18425K [0x9dd40000, 0x9f1c0000, 0xb32c0000)
  eden space 15872K, 100% used [0x9dd40000,0x9ecc0000,0x9ecc0000)
  from space 2560K, 99% used [0x9ecc0000,0x9ef3e538,0x9ef40000)
  to   space 2560K, 0% used [0x9ef40000,0x9ef40000,0x9f1c0000)
 ParOldGen       total 41728K, used 1330K [0x732c0000, 0x75b80000, 0x9dd40000)
  object space 41728K, 3% used [0x732c0000,0x7340c878,0x75b80000)
 PSPermGen       total 16384K, used 3907K [0x6b2c0000, 0x6c2c0000, 0x732c0000)
  object space 16384K, 23% used [0x6b2c0000,0x6b690c70,0x6c2c0000)
Event: 9.581 GC heap after
Heap after GC invocations=2 (full 0):
 PSYoungGen      total 18432K, used 2556K [0x9dd40000, 0x9f1c0000, 0xb32c0000)
  eden space 15872K, 0% used [0x9dd40000,0x9dd40000,0x9ecc0000)
  from space 2560K, 99% used [0x9ef40000,0x9f1bf380,0x9f1c0000)
  to   space 2560K, 0% used [0x9ecc0000,0x9ecc0000,0x9ef40000)
 ParOldGen       total 41728K, used 3676K [0x732c0000, 0x75b80000, 0x9dd40000)
  object space 41728K, 8% used [0x732c0000,0x73657348,0x75b80000)
 PSPermGen       total 16384K, used 3907K [0x6b2c0000, 0x6c2c0000, 0x732c0000)
  object space 16384K, 23% used [0x6b2c0000,0x6b690c70,0x6c2c0000)
}

Deoptimization events (9 events):
Event: 8.542 Thread 0xb6407c00 Uncommon trap: reason=class_check action=maybe_recompile pc=0xb340db88 method=com.android.dx.ssa.NormalSsaInsn.accept(Lcom/android/dx/ssa/SsaInsn$Visitor;)V @ 9
Event: 8.546 Thread 0xb6407c00 Uncommon trap: reason=class_check action=maybe_recompile pc=0xb340db88 method=com.android.dx.ssa.NormalSsaInsn.accept(Lcom/android/dx/ssa/SsaInsn$Visitor;)V @ 9
Event: 8.546 Thread 0xb6407c00 Uncommon trap: reason=class_check action=maybe_recompile pc=0xb340db88 method=com.android.dx.ssa.NormalSsaInsn.accept(Lcom/android/dx/ssa/SsaInsn$Visitor;)V @ 9
Event: 8.724 Thread 0xb6407c00 Uncommon trap: reason=null_check action=make_not_entrant pc=0xb3412918 method=com.android.dx.rop.code.LocalItem.equals(Ljava/lang/Object;)Z @ 1
Event: 9.033 Thread 0xb6407c00 Uncommon trap: reason=class_check action=maybe_recompile pc=0xb340db88 method=com.android.dx.ssa.NormalSsaInsn.accept(Lcom/android/dx/ssa/SsaInsn$Visitor;)V @ 9
Event: 9.188 Thread 0xb6407c00 Uncommon trap: reason=unreached action=reinterpret pc=0xb3415414 method=com.android.dx.rop.cst.Constant.compareTo(Lcom/android/dx/rop/cst/Constant;)I @ 12
Event: 9.250 Thread 0xb6407c00 Uncommon trap: reason=null_check action=make_not_entrant pc=0xb34403e4 method=com.android.dx.rop.code.RegisterSpec.equals(Ljava/lang/Object;)Z @ 1
Event: 9.375 Thread 0xb6407c00 Uncommon trap: reason=unreached action=reinterpret pc=0xb3452b38 method=com.android.dx.ssa.SCCP.simulateBranch(Lcom/android/dx/ssa/SsaInsn;)V @ 132
Event: 9.838 Thread 0xb6407c00 Uncommon trap: reason=null_check action=make_not_entrant pc=0xb345c970 method=com.android.dx.rop.type.Type.putIntern(Lcom/android/dx/rop/type/Type;)Lcom/android/dx/rop/type/Type; @ 18

Internal exceptions (10 events):
Event: 8.583 Thread 0xb6407c00 Threw 0x9e7fc700 at /build/buildd/openjdk-7-7u75-2.5.4/build/openjdk/hotspot/src/share/vm/prims/jvm.cpp:1284
Event: 8.705 Thread 0xb6407c00 Threw 0x9e8460c8 at /build/buildd/openjdk-7-7u75-2.5.4/build/openjdk/hotspot/src/share/vm/prims/jvm.cpp:1284
Event: 8.706 Thread 0xb6407c00 Threw 0x9e850800 at /build/buildd/openjdk-7-7u75-2.5.4/build/openjdk/hotspot/src/share/vm/prims/jvm.cpp:1284
Event: 8.706 Thread 0xb6407c00 Threw 0x9e853238 at /build/buildd/openjdk-7-7u75-2.5.4/build/openjdk/hotspot/src/share/vm/prims/jvm.cpp:1284
Event: 9.038 Thread 0xb6407c00 Threw 0x9ec784c8 at /build/buildd/openjdk-7-7u75-2.5.4/build/openjdk/hotspot/src/share/vm/prims/jvm.cpp:1284
Event: 9.062 Thread 0xb6407c00 Threw 0x9dda2a48 at /build/buildd/openjdk-7-7u75-2.5.4/build/openjdk/hotspot/src/share/vm/prims/jvm.cpp:1284
Event: 9.250 Thread 0xb6407c00 Implicit null exception at 0xb343f63f to 0xb34403c9
Event: 9.355 Thread 0xb6407c00 Threw 0x9e44fd20 at /build/buildd/openjdk-7-7u75-2.5.4/build/openjdk/hotspot/src/share/vm/prims/jvm.cpp:1284
Event: 9.375 Thread 0xb6407c00 Threw 0x9e4f4370 at /build/buildd/openjdk-7-7u75-2.5.4/build/openjdk/hotspot/src/share/vm/prims/jvm.cpp:1284
Event: 9.838 Thread 0xb6407c00 Implicit null exception at 0xb345c36e to 0xb345c961

Events (10 events):
Event: 9.581 Executing VM operation: RevokeBias done
Event: 9.581 Executing VM operation: RevokeBias
Event: 9.582 Executing VM operation: RevokeBias done
Event: 9.582 Executing VM operation: RevokeBias
Event: 9.582 Executing VM operation: RevokeBias done
Event: 9.582 Executing VM operation: BulkRevokeBias
Event: 9.582 Executing VM operation: BulkRevokeBias done
Event: 9.838 Thread 0xb6407c00 Uncommon trap: trap_request=0xfffffff4 fr.pc=0xb345c970
Event: 9.838 Thread 0xb6407c00 DEOPT PACKING pc=0xb345c970 sp=0xb658cb30
Event: 9.838 Thread 0xb6407c00 DEOPT UNPACKING pc=0xb33debc8 sp=0xb658cac8 mode 2


Dynamic libraries:
08048000-08049000 r-xp 00000000 08:05 4983886    /usr/lib/jvm/java-7-openjdk-i386/jre/bin/java
08049000-0804a000 r--p 00000000 08:05 4983886    /usr/lib/jvm/java-7-openjdk-i386/jre/bin/java
0804a000-0804b000 rw-p 00001000 08:05 4983886    /usr/lib/jvm/java-7-openjdk-i386/jre/bin/java
08773000-0895d000 rw-p 00000000 00:00 0          [heap]
66300000-663fb000 rw-p 00000000 00:00 0 
663fb000-66400000 ---p 00000000 00:00 0 
66600000-666dd000 rw-p 00000000 00:00 0 
666dd000-66700000 ---p 00000000 00:00 0 
66800000-668f5000 rw-p 00000000 00:00 0 
668f5000-66900000 ---p 00000000 00:00 0 
66a00000-66bfd000 rw-p 00000000 00:00 0 
66bfd000-66c00000 ---p 00000000 00:00 0 
66c00000-66cff000 rw-p 00000000 00:00 0 
66cff000-66d00000 ---p 00000000 00:00 0 
66d00000-66e00000 rw-p 00000000 00:00 0 
66e00000-66f00000 rw-p 00000000 00:00 0 
67000000-670e0000 rw-p 00000000 00:00 0 
670e0000-67100000 ---p 00000000 00:00 0 
67100000-671b1000 rw-p 00000000 00:00 0 
671b1000-67200000 ---p 00000000 00:00 0 
67200000-672fa000 rw-p 00000000 00:00 0 
672fa000-67300000 ---p 00000000 00:00 0 
67300000-67400000 rw-p 00000000 00:00 0 
67400000-674ff000 rw-p 00000000 00:00 0 
674ff000-67500000 ---p 00000000 00:00 0 
67500000-675ef000 rw-p 00000000 00:00 0 
675ef000-67600000 ---p 00000000 00:00 0 
67600000-67629000 rw-p 00000000 00:00 0 
67629000-67700000 ---p 00000000 00:00 0 
6775f000-67799000 r-xp 00000000 08:05 3802088    /lib/i386-linux-gnu/libpcre.so.3.12.1
67799000-6779a000 r--p 00039000 08:05 3802088    /lib/i386-linux-gnu/libpcre.so.3.12.1
6779a000-6779b000 rw-p 0003a000 08:05 3802088    /lib/i386-linux-gnu/libpcre.so.3.12.1
6779b000-677a0000 r-xp 00000000 08:05 4985471    /usr/lib/i386-linux-gnu/libffi.so.6.0.0
677a0000-677a1000 r--p 00004000 08:05 4985471    /usr/lib/i386-linux-gnu/libffi.so.6.0.0
677a1000-677a2000 rw-p 00005000 08:05 4985471    /usr/lib/i386-linux-gnu/libffi.so.6.0.0
677a2000-677b5000 r-xp 00000000 08:05 3802099    /lib/i386-linux-gnu/libresolv-2.15.so
677b5000-677b6000 ---p 00013000 08:05 3802099    /lib/i386-linux-gnu/libresolv-2.15.so
677b6000-677b7000 r--p 00013000 08:05 3802099    /lib/i386-linux-gnu/libresolv-2.15.so
677b7000-677b8000 rw-p 00014000 08:05 3802099    /lib/i386-linux-gnu/libresolv-2.15.so
677b8000-677ba000 rw-p 00000000 00:00 0 
677ba000-677d7000 r-xp 00000000 08:05 3802103    /lib/i386-linux-gnu/libselinux.so.1
677d7000-677d8000 r--p 0001c000 08:05 3802103    /lib/i386-linux-gnu/libselinux.so.1
677d8000-677d9000 rw-p 0001d000 08:05 3802103    /lib/i386-linux-gnu/libselinux.so.1
677d9000-678d0000 r-xp 00000000 08:05 3802040    /lib/i386-linux-gnu/libglib-2.0.so.0.3200.3
678d0000-678d1000 r--p 000f6000 08:05 3802040    /lib/i386-linux-gnu/libglib-2.0.so.0.3200.3
678d1000-678d2000 rw-p 000f7000 08:05 3802040    /lib/i386-linux-gnu/libglib-2.0.so.0.3200.3
678d2000-6791f000 r-xp 00000000 08:05 4985532    /usr/lib/i386-linux-gnu/libgobject-2.0.so.0.3200.3
6791f000-67920000 r--p 0004c000 08:05 4985532    /usr/lib/i386-linux-gnu/libgobject-2.0.so.0.3200.3
67920000-67921000 rw-p 0004d000 08:05 4985532    /usr/lib/i386-linux-gnu/libgobject-2.0.so.0.3200.3
67921000-67a74000 r-xp 00000000 08:05 4985508    /usr/lib/i386-linux-gnu/libgio-2.0.so.0.3200.3
67a74000-67a76000 r--p 00153000 08:05 4985508    /usr/lib/i386-linux-gnu/libgio-2.0.so.0.3200.3
67a76000-67a77000 rw-p 00155000 08:05 4985508    /usr/lib/i386-linux-gnu/libgio-2.0.so.0.3200.3
67a77000-67a78000 rw-p 00000000 00:00 0 
67a8a000-67a8b000 ---p 00000000 00:00 0 
67a8b000-67b0b000 rw-p 00000000 00:00 0 
67b0b000-67b0e000 ---p 00000000 00:00 0 
67b0e000-67b5c000 rw-p 00000000 00:00 0 
67b5c000-67b5f000 ---p 00000000 00:00 0 
67b5f000-67bdd000 rw-p 00000000 00:00 0 
67bdd000-67be0000 ---p 00000000 00:00 0 
67be0000-67c5e000 rw-p 00000000 00:00 0 
67c5e000-67c61000 ---p 00000000 00:00 0 
67c61000-67caf000 rw-p 00000000 00:00 0 
67caf000-67eaf000 r--p 00000000 08:05 4988066    /usr/lib/locale/locale-archive
67eaf000-67eb2000 ---p 00000000 00:00 0 
67eb2000-67f00000 rw-p 00000000 00:00 0 
67f00000-67ffa000 rw-p 00000000 00:00 0 
67ffa000-68000000 ---p 00000000 00:00 0 
68000000-68003000 r-xp 00000000 08:05 4985518    /usr/lib/i386-linux-gnu/libgmodule-2.0.so.0.3200.3
68003000-68004000 r--p 00002000 08:05 4985518    /usr/lib/i386-linux-gnu/libgmodule-2.0.so.0.3200.3
68004000-68005000 rw-p 00003000 08:05 4985518    /usr/lib/i386-linux-gnu/libgmodule-2.0.so.0.3200.3
68005000-68006000 ---p 00000000 00:00 0 
68006000-680cf000 rw-p 00000000 00:00 0 
680cf000-68280000 r--s 01d23000 08:05 4989042    /usr/lib/jvm/java-7-openjdk-i386/jre/lib/rt.jar
68280000-6ab00000 rw-p 00000000 00:00 0 
6ab00000-6abfe000 rw-p 00000000 00:00 0 
6abfe000-6ac00000 ---p 00000000 00:00 0 
6ac02000-6ac19000 r-xp 00000000 08:05 4989135    /usr/lib/jvm/java-7-openjdk-i386/jre/lib/i386/libnet.so
6ac19000-6ac1a000 r--p 00016000 08:05 4989135    /usr/lib/jvm/java-7-openjdk-i386/jre/lib/i386/libnet.so
6ac1a000-6ac1b000 rw-p 00017000 08:05 4989135    /usr/lib/jvm/java-7-openjdk-i386/jre/lib/i386/libnet.so
6ac1b000-6ac2c000 r-xp 00000000 08:05 4989121    /usr/lib/jvm/java-7-openjdk-i386/jre/lib/i386/libnio.so
6ac2c000-6ac2d000 r--p 00010000 08:05 4989121    /usr/lib/jvm/java-7-openjdk-i386/jre/lib/i386/libnio.so
6ac2d000-6ac2e000 rw-p 00011000 08:05 4989121    /usr/lib/jvm/java-7-openjdk-i386/jre/lib/i386/libnio.so
6ac2e000-6ac31000 ---p 00000000 00:00 0 
6ac31000-6ac7f000 rw-p 00000000 00:00 0 
6ac7f000-6ac80000 ---p 00000000 00:00 0 
6ac80000-6ad00000 rw-p 00000000 00:00 0 
6ad00000-6ad21000 rw-p 00000000 00:00 0 
6ad21000-6ae00000 ---p 00000000 00:00 0 
6ae01000-6ae0d000 r--s 0005d000 08:06 4459519    /home/ankit/Traafik latest/TraafikAppLatest/app/build/intermediates/exploded-aar/com.google.android.gms/play-services-drive/7.5.0/jars/classes.jar
6ae0d000-6ae68000 rw-p 00000000 00:00 0 
6ae68000-6ae69000 ---p 00000000 00:00 0 
6ae69000-6aef1000 rw-p 00000000 00:00 0 
6aef1000-6af29000 rw-p 00000000 00:00 0 
6af29000-6af3e000 rw-p 00000000 00:00 0 
6af3e000-6b07f000 rw-p 00000000 00:00 0 
6b07f000-6b087000 rw-p 00000000 00:00 0 
6b087000-6b0bf000 rw-p 00000000 00:00 0 
6b0bf000-6b0d4000 rw-p 00000000 00:00 0 
6b0d4000-6b214000 rw-p 00000000 00:00 0 
6b214000-6b21f000 rw-p 00000000 00:00 0 
6b21f000-6b2bf000 rw-p 00000000 00:00 0 
6b2bf000-6c2c0000 rw-p 00000000 00:00 0 
6c2c0000-732c0000 rw-p 00000000 00:00 0 
732c0000-75b80000 rw-p 00000000 00:00 0 
75b80000-9dd40000 rw-p 00000000 00:00 0 
9dd40000-9f1c0000 rw-p 00000000 00:00 0 
9f1c0000-b32c0000 rw-p 00000000 00:00 0 
b32c2000-b32d1000 r--s 000dd000 08:06 21369266   /home/ankit/Ankitt Data/ECLIPSE/sdk/build-tools/22.0.1/lib/dx.jar
b32d1000-b32d2000 r--s 00007000 08:05 5246941    /usr/share/java/java-atk-wrapper.jar
b32d2000-b32d5000 r--s 0000f000 08:05 4989079    /usr/lib/jvm/java-7-openjdk-i386/jre/lib/ext/icedtea-sound.jar
b32d5000-b32d7000 r--s 00012000 08:05 4989084    /usr/lib/jvm/java-7-openjdk-i386/jre/lib/ext/zipfs.jar
b32d7000-b32fb000 rw-p 00000000 00:00 0 
b32fb000-b33b2000 rw-p 00000000 00:00 0 
b33b2000-b35f2000 rwxp 00000000 00:00 0 
b35f2000-b63b2000 rw-p 00000000 00:00 0 
b63b2000-b63bd000 r-xp 00000000 08:05 3802066    /lib/i386-linux-gnu/libnss_files-2.15.so
b63bd000-b63be000 r--p 0000a000 08:05 3802066    /lib/i386-linux-gnu/libnss_files-2.15.so
b63be000-b63bf000 rw-p 0000b000 08:05 3802066    /lib/i386-linux-gnu/libnss_files-2.15.so
b63bf000-b63c9000 r-xp 00000000 08:05 3802070    /lib/i386-linux-gnu/libnss_nis-2.15.so
b63c9000-b63ca000 r--p 00009000 08:05 3802070    /lib/i386-linux-gnu/libnss_nis-2.15.so
b63ca000-b63cb000 rw-p 0000a000 08:05 3802070    /lib/i386-linux-gnu/libnss_nis-2.15.so
b63cb000-b63e1000 r-xp 00000000 08:05 3802060    /lib/i386-linux-gnu/libnsl-2.15.so
b63e1000-b63e2000 r--p 00015000 08:05 3802060    /lib/i386-linux-gnu/libnsl-2.15.so
b63e2000-b63e3000 rw-p 00016000 08:05 3802060    /lib/i386-linux-gnu/libnsl-2.15.so
b63e3000-b63e5000 rw-p 00000000 00:00 0 
b63e5000-b63ec000 r-xp 00000000 08:05 3802062    /lib/i386-linux-gnu/libnss_compat-2.15.so
b63ec000-b63ed000 r--p 00006000 08:05 3802062    /lib/i386-linux-gnu/libnss_compat-2.15.so
b63ed000-b63ee000 rw-p 00007000 08:05 3802062    /lib/i386-linux-gnu/libnss_compat-2.15.so
b63ee000-b63f2000 r--s 00034000 08:05 4989083    /usr/lib/jvm/java-7-openjdk-i386/jre/lib/ext/sunjce_provider.jar
b63f2000-b63f6000 r--s 0003c000 08:05 4989081    /usr/lib/jvm/java-7-openjdk-i386/jre/lib/ext/sunpkcs11.jar
b63f6000-b63fe000 r-xp 00000000 08:05 4989114    /usr/lib/jvm/java-7-openjdk-i386/jre/lib/i386/libzip.so
b63fe000-b63ff000 r--p 00007000 08:05 4989114    /usr/lib/jvm/java-7-openjdk-i386/jre/lib/i386/libzip.so
b63ff000-b6400000 rw-p 00008000 08:05 4989114    /usr/lib/jvm/java-7-openjdk-i386/jre/lib/i386/libzip.so
b6400000-b64fd000 rw-p 00000000 00:00 0 
b64fd000-b6500000 ---p 00000000 00:00 0 
b6500000-b6503000 r--s 00086000 08:05 4989082    /usr/lib/jvm/java-7-openjdk-i386/jre/lib/ext/localedata.jar
b6503000-b650b000 rw-s 00000000 08:05 145558     /tmp/hsperfdata_ankit/26945
b650b000-b6532000 r-xp 00000000 08:05 4989134    /usr/lib/jvm/java-7-openjdk-i386/jre/lib/i386/libjava.so
b6532000-b6533000 r--p 00026000 08:05 4989134    /usr/lib/jvm/java-7-openjdk-i386/jre/lib/i386/libjava.so
b6533000-b6534000 rw-p 00027000 08:05 4989134    /usr/lib/jvm/java-7-openjdk-i386/jre/lib/i386/libjava.so
b6534000-b653b000 r-xp 00000000 08:05 3802101    /lib/i386-linux-gnu/librt-2.15.so
b653b000-b653c000 r--p 00006000 08:05 3802101    /lib/i386-linux-gnu/librt-2.15.so
b653c000-b653d000 rw-p 00007000 08:05 3802101    /lib/i386-linux-gnu/librt-2.15.so
b653d000-b6540000 ---p 00000000 00:00 0 
b6540000-b658e000 rw-p 00000000 00:00 0 
b658e000-b65aa000 r-xp 00000000 08:05 3802036    /lib/i386-linux-gnu/libgcc_s.so.1
b65aa000-b65ab000 r--p 0001b000 08:05 3802036    /lib/i386-linux-gnu/libgcc_s.so.1
b65ab000-b65ac000 rw-p 0001c000 08:05 3802036    /lib/i386-linux-gnu/libgcc_s.so.1
b65ac000-b65d6000 r-xp 00000000 08:05 3802047    /lib/i386-linux-gnu/libm-2.15.so
b65d6000-b65d7000 r--p 00029000 08:05 3802047    /lib/i386-linux-gnu/libm-2.15.so
b65d7000-b65d8000 rw-p 0002a000 08:05 3802047    /lib/i386-linux-gnu/libm-2.15.so
b65d8000-b66b0000 r-xp 00000000 08:05 4985813    /usr/lib/i386-linux-gnu/libstdc++.so.6.0.16
b66b0000-b66b1000 ---p 000d8000 08:05 4985813    /usr/lib/i386-linux-gnu/libstdc++.so.6.0.16
b66b1000-b66b5000 r--p 000d8000 08:05 4985813    /usr/lib/i386-linux-gnu/libstdc++.so.6.0.16
b66b5000-b66b6000 rw-p 000dc000 08:05 4985813    /usr/lib/i386-linux-gnu/libstdc++.so.6.0.16
b66b6000-b66bd000 rw-p 00000000 00:00 0 
b66bd000-b707f000 r-xp 00000000 08:05 4989140    /usr/lib/jvm/java-7-openjdk-i386/jre/lib/i386/server/libjvm.so
b707f000-b70d4000 r--p 009c2000 08:05 4989140    /usr/lib/jvm/java-7-openjdk-i386/jre/lib/i386/server/libjvm.so
b70d4000-b70e8000 rw-p 00a17000 08:05 4989140    /usr/lib/jvm/java-7-openjdk-i386/jre/lib/i386/server/libjvm.so
b70e8000-b7506000 rw-p 00000000 00:00 0 
b7506000-b751a000 r-xp 00000000 08:05 3802126    /lib/i386-linux-gnu/libz.so.1.2.3.4
b751a000-b751b000 r--p 00013000 08:05 3802126    /lib/i386-linux-gnu/libz.so.1.2.3.4
b751b000-b751c000 rw-p 00014000 08:05 3802126    /lib/i386-linux-gnu/libz.so.1.2.3.4
b751c000-b7533000 r-xp 00000000 08:05 3802095    /lib/i386-linux-gnu/libpthread-2.15.so
b7533000-b7534000 r--p 00016000 08:05 3802095    /lib/i386-linux-gnu/libpthread-2.15.so
b7534000-b7535000 rw-p 00017000 08:05 3802095    /lib/i386-linux-gnu/libpthread-2.15.so
b7535000-b7537000 rw-p 00000000 00:00 0 
b7537000-b753a000 r-xp 00000000 08:05 3802028    /lib/i386-linux-gnu/libdl-2.15.so
b753a000-b753b000 r--p 00002000 08:05 3802028    /lib/i386-linux-gnu/libdl-2.15.so
b753b000-b753c000 rw-p 00003000 08:05 3802028    /lib/i386-linux-gnu/libdl-2.15.so
b753c000-b76db000 r-xp 00000000 08:05 3802015    /lib/i386-linux-gnu/libc-2.15.so
b76db000-b76dd000 r--p 0019f000 08:05 3802015    /lib/i386-linux-gnu/libc-2.15.so
b76dd000-b76de000 rw-p 001a1000 08:05 3802015    /lib/i386-linux-gnu/libc-2.15.so
b76de000-b76e1000 rw-p 00000000 00:00 0 
b76e1000-b76e2000 r--s 00002000 08:05 4989080    /usr/lib/jvm/java-7-openjdk-i386/jre/lib/ext/dnsns.jar
b76e2000-b76e3000 r--p 005db000 08:05 4988066    /usr/lib/locale/locale-archive
b76e3000-b76e4000 rw-p 00000000 00:00 0 
b76e4000-b76e5000 r--p 00000000 00:00 0 
b76e5000-b76f1000 r-xp 00000000 08:05 4989131    /usr/lib/jvm/java-7-openjdk-i386/jre/lib/i386/libverify.so
b76f1000-b76f2000 r--p 0000b000 08:05 4989131    /usr/lib/jvm/java-7-openjdk-i386/jre/lib/i386/libverify.so
b76f2000-b76f3000 rw-p 0000c000 08:05 4989131    /usr/lib/jvm/java-7-openjdk-i386/jre/lib/i386/libverify.so
b76f3000-b7700000 r-xp 00000000 08:05 4989106    /usr/lib/jvm/java-7-openjdk-i386/jre/lib/i386/jli/libjli.so
b7700000-b7701000 r--p 0000c000 08:05 4989106    /usr/lib/jvm/java-7-openjdk-i386/jre/lib/i386/jli/libjli.so
b7701000-b7702000 rw-p 0000d000 08:05 4989106    /usr/lib/jvm/java-7-openjdk-i386/jre/lib/i386/jli/libjli.so
b7702000-b7705000 rw-p 00000000 00:00 0 
b7705000-b7706000 r-xp 00000000 00:00 0          [vdso]
b7706000-b7726000 r-xp 00000000 08:05 3801995    /lib/i386-linux-gnu/ld-2.15.so
b7726000-b7727000 r--p 0001f000 08:05 3801995    /lib/i386-linux-gnu/ld-2.15.so
b7727000-b7728000 rw-p 00020000 08:05 3801995    /lib/i386-linux-gnu/ld-2.15.so
bf8a8000-bf8a9000 rwxp 00000000 00:00 0 
bf8db000-bf8fc000 rw-p 00000000 00:00 0          [stack]

VM Arguments:
jvm_args: -Xmx1024M -Dfile.encoding=UTF-8 -Duser.country=IN -Duser.language=en -Duser.variant 
java_command: com.android.dx.command.Main --dex --output /home/ankit/Traafik latest/TraafikAppLatest/app/build/intermediates/pre-dexed/debug/classes-ffaf22160b5955d859e358d239494aaec1df0caf.jar /home/ankit/Traafik latest/TraafikAppLatest/app/build/intermediates/exploded-aar/com.google.android.gms/play-services-drive/7.5.0/jars/classes.jar
Launcher Type: SUN_STANDARD

Environment Variables:
PATH=/usr/lib/lightdm/lightdm:/usr/local/sbin:/usr/local/bin:/usr/sbin:/usr/bin:/sbin:/bin:/usr/games
LD_LIBRARY_PATH=/home/ankit/Android studio/android-studio/bin:
SHELL=/bin/bash
DISPLAY=:0.0

Signal Handlers:
SIGSEGV: [libjvm.so+0x80b550], sa_mask[0]=0x7ffbfeff, sa_flags=0x10000004
SIGBUS: [libjvm.so+0x80b550], sa_mask[0]=0x7ffbfeff, sa_flags=0x10000004
SIGFPE: [libjvm.so+0x6753e0], sa_mask[0]=0x7ffbfeff, sa_flags=0x10000004
SIGPIPE: [libjvm.so+0x6753e0], sa_mask[0]=0x7ffbfeff, sa_flags=0x10000004
SIGXFSZ: [libjvm.so+0x6753e0], sa_mask[0]=0x7ffbfeff, sa_flags=0x10000004
SIGILL: [libjvm.so+0x6753e0], sa_mask[0]=0x7ffbfeff, sa_flags=0x10000004
SIGUSR1: SIG_DFL, sa_mask[0]=0x00000000, sa_flags=0x00000000
SIGUSR2: [libjvm.so+0x675690], sa_mask[0]=0x00000004, sa_flags=0x10000004
SIGHUP: [libjvm.so+0x675850], sa_mask[0]=0x7ffbfeff, sa_flags=0x10000004
SIGINT: [libjvm.so+0x675850], sa_mask[0]=0x7ffbfeff, sa_flags=0x10000004
SIGTERM: [libjvm.so+0x675850], sa_mask[0]=0x7ffbfeff, sa_flags=0x10000004
SIGQUIT: [libjvm.so+0x675850], sa_mask[0]=0x7ffbfeff, sa_flags=0x10000004
SIGTRAP: SIG_DFL, sa_mask[0]=0x00000000, sa_flags=0x00000000


---------------  S Y S T E M  ---------------

OS:Ubuntu 12.04 (precise)
uname:Linux 3.2.0-29-generic-pae #46-Ubuntu SMP Fri Jul 27 17:25:43 UTC 2012 i686
libc:glibc 2.15 NPTL 2.15 
rlimit: STACK 8192k, CORE 0k, NPROC 31169, NOFILE 4096, AS infinity
load average:4.35 2.58 1.39

/proc/meminfo:
MemTotal:        4004304 kB
MemFree:          157976 kB
Buffers:             444 kB
Cached:           546052 kB
SwapCached:            0 kB
Active:          3450512 kB
Inactive:         316136 kB
Active(anon):    3420632 kB
Inactive(anon):   281856 kB
Active(file):      29880 kB
Inactive(file):    34280 kB
Unevictable:          32 kB
Mlocked:              32 kB
HighTotal:       3159312 kB
HighFree:            724 kB
LowTotal:         844992 kB
LowFree:          157252 kB
SwapTotal:             0 kB
SwapFree:              0 kB
Dirty:              1840 kB
Writeback:           296 kB
AnonPages:       3220448 kB
Mapped:            60188 kB
Shmem:            482120 kB
Slab:              38016 kB
SReclaimable:      17592 kB
SUnreclaim:        20424 kB
KernelStack:        5024 kB
PageTables:        20308 kB
NFS_Unstable:          0 kB
Bounce:                0 kB
WritebackTmp:          0 kB
CommitLimit:     2002152 kB
Committed_AS:    7767424 kB
VmallocTotal:     122880 kB
VmallocUsed:       15048 kB
VmallocChunk:     103196 kB
HardwareCorrupted:     0 kB
AnonHugePages:         0 kB
HugePages_Total:       0
HugePages_Free:        0
HugePages_Rsvd:        0
HugePages_Surp:        0
Hugepagesize:       2048 kB
DirectMap4k:       10232 kB
DirectMap2M:      903168 kB


CPU:total 2 (2 cores per cpu, 1 threads per core) family 6 model 58 stepping 9, cmov, cx8, fxsr, mmx, sse, sse2, sse3, ssse3, sse4.1, sse4.2, popcnt, erms, tsc, tscinvbit, tscinv

/proc/cpuinfo:
processor	: 0
vendor_id	: GenuineIntel
cpu family	: 6
model		: 58
model name	: Intel(R) Pentium(R) CPU G2030 @ 3.00GHz
stepping	: 9
microcode	: 0x17
cpu MHz		: 3000.000
cache size	: 3072 KB
physical id	: 0
siblings	: 2
core id		: 0
cpu cores	: 2
apicid		: 0
initial apicid	: 0
fdiv_bug	: no
hlt_bug		: no
f00f_bug	: no
coma_bug	: no
fpu		: yes
fpu_exception	: yes
cpuid level	: 13
wp		: yes
flags		: fpu vme de pse tsc msr pae mce cx8 apic sep mtrr pge mca cmov pat pse36 clflush dts acpi mmx fxsr sse sse2 ss ht tm pbe nx rdtscp lm constant_tsc arch_perfmon pebs bts xtopology nonstop_tsc aperfmperf pni pclmulqdq dtes64 monitor ds_cpl vmx est tm2 ssse3 cx16 xtpr pdcm pcid sse4_1 sse4_2 popcnt tsc_deadline_timer xsave lahf_lm arat epb xsaveopt pln pts dtherm tpr_shadow vnmi flexpriority ept vpid fsgsbase smep erms
bogomips	: 5986.59
clflush size	: 64
cache_alignment	: 64
address sizes	: 36 bits physical, 48 bits virtual
power management:

processor	: 1
vendor_id	: GenuineIntel
cpu family	: 6
model		: 58
model name	: Intel(R) Pentium(R) CPU G2030 @ 3.00GHz
stepping	: 9
microcode	: 0x17
cpu MHz		: 3000.000
cache size	: 3072 KB
physical id	: 0
siblings	: 2
core id		: 1
cpu cores	: 2
apicid		: 2
initial apicid	: 2
fdiv_bug	: no
hlt_bug		: no
f00f_bug	: no
coma_bug	: no
fpu		: yes
fpu_exception	: yes
cpuid level	: 13
wp		: yes
flags		: fpu vme de pse tsc msr pae mce cx8 apic sep mtrr pge mca cmov pat pse36 clflush dts acpi mmx fxsr sse sse2 ss ht tm pbe nx rdtscp lm constant_tsc arch_perfmon pebs bts xtopology nonstop_tsc aperfmperf pni pclmulqdq dtes64 monitor ds_cpl vmx est tm2 ssse3 cx16 xtpr pdcm pcid sse4_1 sse4_2 popcnt tsc_deadline_timer xsave lahf_lm arat epb xsaveopt pln pts dtherm tpr_shadow vnmi flexpriority ept vpid fsgsbase smep erms
bogomips	: 5986.36
clflush size	: 64
cache_alignment	: 64
address sizes	: 36 bits physical, 48 bits virtual
power management:



Memory: 4k page, physical 4004304k(157976k free), swap 0k(0k free)

vm_info: OpenJDK Server VM (24.75-b04) for linux-x86 JRE (1.7.0_75-b13), built on Jan 27 2015 16:24:35 by "buildd" with gcc 4.6.3

time: Wed Jul 15 19:39:21 2015
elapsed time: 10 seconds

