#
# There is insufficient memory for the Java Runtime Environment to continue.
# Native memory allocation (malloc) failed to allocate 73400320 bytes for committing reserved memory.
# Possible reasons:
#   The system is out of physical RAM or swap space
#   In 32 bit mode, the process size limit was hit
# Possible solutions:
#   Reduce memory load on the system
#   Increase physical memory or swap space
#   Check if swap backing store is full
#   Use 64 bit Java on a 64 bit OS
#   Decrease Java heap size (-Xmx/-Xms)
#   Decrease number of Java threads
#   Decrease Java thread stack sizes (-Xss)
#   Set larger code cache with -XX:ReservedCodeCacheSize=
# This output file may be truncated or incomplete.
#
#  Out of Memory Error (os_linux.cpp:2798), pid=8249, tid=1745378112
#
# JRE version: OpenJDK Runtime Environment (7.0_75-b13) (build 1.7.0_75-b13)
# Java VM: OpenJDK Server VM (24.75-b04 mixed mode linux-x86 )
# Derivative: IcedTea 2.5.4
# Distribution: Ubuntu 12.04 LTS, package 7u75-2.5.4-1~precise1
# Failed to write core dump. Core dumps have been disabled. To enable core dumping, try "ulimit -c unlimited" before starting Java again
#

---------------  T H R E A D  ---------------

Current thread (0x67f10400):  VMThread [stack: 0x68005000,0x68086000] [id=8256]

Stack: [0x68005000,0x68086000]
[error occurred during error reporting (printing stack bounds), id 0xb]

VM_Operation (0xb65dfa88): ParallelGCFailedAllocation, mode: safepoint, requested by thread 0xb6407c00


---------------  P R O C E S S  ---------------

Java Threads: ( => current thread )
  0x67f2c400 JavaThread "Service Thread" daemon [_thread_blocked, id=8262, stack(0x67b5c000,0x67bad000)]
  0x67f2a800 JavaThread "C2 CompilerThread1" daemon [_thread_blocked, id=8261, stack(0x67bad000,0x67c2e000)]
  0x67f28800 JavaThread "C2 CompilerThread0" daemon [_thread_blocked, id=8260, stack(0x67c2e000,0x67caf000)]
  0x67f26c00 JavaThread "Signal Dispatcher" daemon [_thread_blocked, id=8259, stack(0x67caf000,0x67d00000)]
  0x67f14400 JavaThread "Finalizer" daemon [_thread_blocked, id=8258, stack(0x6ac03000,0x6ac54000)]
  0x67f12800 JavaThread "Reference Handler" daemon [_thread_blocked, id=8257, stack(0x6ac54000,0x6aca5000)]
  0xb6407c00 JavaThread "main" [_thread_blocked, id=8251, stack(0xb6590000,0xb65e1000)]

Other Threads:
=>0x67f10400 VMThread [stack: 0x68005000,0x68086000] [id=8256]
  0x67f2e000 WatcherThread [stack: 0x67adb000,0x67b5c000] [id=8263]

VM state:at safepoint (normal execution)

VM Mutex/Monitor currently owned by a thread:  ([mutex/lock_event])
[0xb6405228] Threads_lock - owner thread: 0x67f10400
[0xb6405638] Heap_lock - owner thread: 0xb6407c00

Heap
 PSYoungGen      total 70400K, used 8177K [0x9ddc0000, 0xa2bc0000, 0xb3340000)
  eden space 62208K, 0% used [0x9ddc0000,0x9ddc0000,0xa1a80000)
  from space 8192K, 99% used [0xa1a80000,0xa227c708,0xa2280000)
  to   space 6912K, 0% used [0xa2280000,0xa2280000,0xa2940000)
 ParOldGen       total 41728K, used 22191K [0x73340000, 0x75c00000, 0x9ddc0000)
  object space 41728K, 53% used [0x73340000,0x748ebf60,0x75c00000)
 PSPermGen       total 16384K, used 4023K [0x6b340000, 0x6c340000, 0x73340000)
  object space 16384K, 24% used [0x6b340000,0x6b72ddd8,0x6c340000)

Card table byte_map: [0x6b0ff000,0x6b340000] byte_map_base: 0x6ada5600

Polling page: 0xb7737000

Code Cache  [0xb3400000, 0xb3640000, 0xb6400000)
 total_blobs=723 nmethods=604 adapters=73 free_code_cache=47067Kb largest_free_block=48164736

Compilation events (10 events):
Event: 7.306 Thread 0x67f28800 nmethod 613 0xb360eac8 code [0xb360ece0, 0xb360fc24]
Event: 7.306 Thread 0x67f28800  614             com.android.dx.cf.code.BasicBlocker::visitThrowing (59 bytes)
Event: 7.320 Thread 0x67f28800 nmethod 614 0xb3609788 code [0xb36098c0, 0xb3609b84]
Event: 7.321 Thread 0x67f28800  615             com.android.dx.cf.code.BaseMachine::localArg (29 bytes)
Event: 7.322 Thread 0x67f28800 nmethod 615 0xb35fadc8 code [0xb35faee0, 0xb35fb0d0]
Event: 7.322 Thread 0x67f28800  616             com.android.dx.cf.code.OneLocalsArray::get (20 bytes)
Event: 7.322 Thread 0x67f28800 nmethod 616 0xb35f9408 code [0xb35f9500, 0xb35f9590]
Event: 7.322 Thread 0x67f28800  617             com.android.dx.cf.code.BasicBlocker::visitConstant (39 bytes)
Event: 7.326 Thread 0x67f28800 nmethod 617 0xb35fa188 code [0xb35fa2e0, 0xb35fa664]
Event: 7.326 Thread 0x67f28800  618             com.android.dx.rop.code.Rops::opMove (77 bytes)

GC Heap History (10 events):
Event: 2.265 GC heap after
Heap after GC invocations=2 (full 0):
 PSYoungGen      total 18432K, used 2544K [0x9ddc0000, 0x9f240000, 0xb3340000)
  eden space 15872K, 0% used [0x9ddc0000,0x9ddc0000,0x9ed40000)
  from space 2560K, 99% used [0x9efc0000,0x9f23c068,0x9f240000)
  to   space 2560K, 0% used [0x9ed40000,0x9ed40000,0x9efc0000)
 ParOldGen       total 41728K, used 3558K [0x73340000, 0x75c00000, 0x9ddc0000)
  object space 41728K, 8% used [0x73340000,0x736b9908,0x75c00000)
 PSPermGen       total 16384K, used 3915K [0x6b340000, 0x6c340000, 0x73340000)
  object space 16384K, 23% used [0x6b340000,0x6b712e00,0x6c340000)
}
Event: 3.155 GC heap before
{Heap before GC invocations=3 (full 0):
 PSYoungGen      total 18432K, used 18416K [0x9ddc0000, 0x9f240000, 0xb3340000)
  eden space 15872K, 100% used [0x9ddc0000,0x9ed40000,0x9ed40000)
  from space 2560K, 99% used [0x9efc0000,0x9f23c068,0x9f240000)
  to   space 2560K, 0% used [0x9ed40000,0x9ed40000,0x9efc0000)
 ParOldGen       total 41728K, used 3558K [0x73340000, 0x75c00000, 0x9ddc0000)
  object space 41728K, 8% used [0x73340000,0x736b9908,0x75c00000)
 PSPermGen       total 16384K, used 3943K [0x6b340000, 0x6c340000, 0x73340000)
  object space 16384K, 24% used [0x6b340000,0x6b719dd0,0x6c340000)
Event: 3.171 GC heap after
Heap after GC invocations=3 (full 0):
 PSYoungGen      total 18432K, used 2548K [0x9ddc0000, 0xa01c0000, 0xb3340000)
  eden space 15872K, 0% used [0x9ddc0000,0x9ddc0000,0x9ed40000)
  from space 2560K, 99% used [0x9ed40000,0x9efbd3a0,0x9efc0000)
  to   space 2560K, 0% used [0x9ff40000,0x9ff40000,0xa01c0000)
 ParOldGen       total 41728K, used 5847K [0x73340000, 0x75c00000, 0x9ddc0000)
  object space 41728K, 14% used [0x73340000,0x738f5c70,0x75c00000)
 PSPermGen       total 16384K, used 3943K [0x6b340000, 0x6c340000, 0x73340000)
  object space 16384K, 24% used [0x6b340000,0x6b719dd0,0x6c340000)
}
Event: 3.742 GC heap before
{Heap before GC invocations=4 (full 0):
 PSYoungGen      total 18432K, used 18420K [0x9ddc0000, 0xa01c0000, 0xb3340000)
  eden space 15872K, 100% used [0x9ddc0000,0x9ed40000,0x9ed40000)
  from space 2560K, 99% used [0x9ed40000,0x9efbd3a0,0x9efc0000)
  to   space 2560K, 0% used [0x9ff40000,0x9ff40000,0xa01c0000)
 ParOldGen       total 41728K, used 5847K [0x73340000, 0x75c00000, 0x9ddc0000)
  object space 41728K, 14% used [0x73340000,0x738f5c70,0x75c00000)
 PSPermGen       total 16384K, used 3960K [0x6b340000, 0x6c340000, 0x73340000)
  object space 16384K, 24% used [0x6b340000,0x6b71e0a0,0x6c340000)
Event: 3.763 GC heap after
Heap after GC invocations=4 (full 0):
 PSYoungGen      total 34304K, used 2554K [0x9ddc0000, 0xa01c0000, 0xb3340000)
  eden space 31744K, 0% used [0x9ddc0000,0x9ddc0000,0x9fcc0000)
  from space 2560K, 99% used [0x9ff40000,0xa01beac8,0xa01c0000)
  to   space 2560K, 0% used [0x9fcc0000,0x9fcc0000,0x9ff40000)
 ParOldGen       total 41728K, used 8145K [0x73340000, 0x75c00000, 0x9ddc0000)
  object space 41728K, 19% used [0x73340000,0x73b346e0,0x75c00000)
 PSPermGen       total 16384K, used 3960K [0x6b340000, 0x6c340000, 0x73340000)
  object space 16384K, 24% used [0x6b340000,0x6b71e0a0,0x6c340000)
}
Event: 4.825 GC heap before
{Heap before GC invocations=5 (full 0):
 PSYoungGen      total 34304K, used 34298K [0x9ddc0000, 0xa01c0000, 0xb3340000)
  eden space 31744K, 100% used [0x9ddc0000,0x9fcc0000,0x9fcc0000)
  from space 2560K, 99% used [0x9ff40000,0xa01beac8,0xa01c0000)
  to   space 2560K, 0% used [0x9fcc0000,0x9fcc0000,0x9ff40000)
 ParOldGen       total 41728K, used 8145K [0x73340000, 0x75c00000, 0x9ddc0000)
  object space 41728K, 19% used [0x73340000,0x73b346e0,0x75c00000)
 PSPermGen       total 16384K, used 3980K [0x6b340000, 0x6c340000, 0x73340000)
  object space 16384K, 24% used [0x6b340000,0x6b7231c0,0x6c340000)
Event: 4.847 GC heap after
Heap after GC invocations=5 (full 0):
 PSYoungGen      total 34304K, used 2546K [0x9ddc0000, 0xa2940000, 0xb3340000)
  eden space 31744K, 0% used [0x9ddc0000,0x9ddc0000,0x9fcc0000)
  from space 2560K, 99% used [0x9fcc0000,0x9ff3cb38,0x9ff40000)
  to   space 6912K, 0% used [0xa2280000,0xa2280000,0xa2940000)
 ParOldGen       total 41728K, used 12456K [0x73340000, 0x75c00000, 0x9ddc0000)
  object space 41728K, 29% used [0x73340000,0x73f6a120,0x75c00000)
 PSPermGen       total 16384K, used 3980K [0x6b340000, 0x6c340000, 0x73340000)
  object space 16384K, 24% used [0x6b340000,0x6b7231c0,0x6c340000)
}
Event: 5.743 GC heap before
{Heap before GC invocations=6 (full 0):
 PSYoungGen      total 34304K, used 34290K [0x9ddc0000, 0xa2940000, 0xb3340000)
  eden space 31744K, 100% used [0x9ddc0000,0x9fcc0000,0x9fcc0000)
  from space 2560K, 99% used [0x9fcc0000,0x9ff3cb38,0x9ff40000)
  to   space 6912K, 0% used [0xa2280000,0xa2280000,0xa2940000)
 ParOldGen       total 41728K, used 12456K [0x73340000, 0x75c00000, 0x9ddc0000)
  object space 41728K, 29% used [0x73340000,0x73f6a120,0x75c00000)
 PSPermGen       total 16384K, used 4005K [0x6b340000, 0x6c340000, 0x73340000)
  object space 16384K, 24% used [0x6b340000,0x6b7295b8,0x6c340000)
Event: 5.767 GC heap after
Heap after GC invocations=6 (full 0):
 PSYoungGen      total 69120K, used 6906K [0x9ddc0000, 0xa2bc0000, 0xb3340000)
  eden space 62208K, 0% used [0x9ddc0000,0x9ddc0000,0xa1a80000)
  from space 6912K, 99% used [0xa2280000,0xa293ea70,0xa2940000)
  to   space 8192K, 0% used [0xa1a80000,0xa1a80000,0xa2280000)
 ParOldGen       total 41728K, used 13619K [0x73340000, 0x75c00000, 0x9ddc0000)
  object space 41728K, 32% used [0x73340000,0x7408cd28,0x75c00000)
 PSPermGen       total 16384K, used 4005K [0x6b340000, 0x6c340000, 0x73340000)
  object space 16384K, 24% used [0x6b340000,0x6b7295b8,0x6c340000)
}
Event: 7.355 GC heap before
{Heap before GC invocations=7 (full 0):
 PSYoungGen      total 69120K, used 69114K [0x9ddc0000, 0xa2bc0000, 0xb3340000)
  eden space 62208K, 100% used [0x9ddc0000,0xa1a80000,0xa1a80000)
  from space 6912K, 99% used [0xa2280000,0xa293ea70,0xa2940000)
  to   space 8192K, 0% used [0xa1a80000,0xa1a80000,0xa2280000)
 ParOldGen       total 41728K, used 13619K [0x73340000, 0x75c00000, 0x9ddc0000)
  object space 41728K, 32% used [0x73340000,0x7408cd28,0x75c00000)
 PSPermGen       total 16384K, used 4023K [0x6b340000, 0x6c340000, 0x73340000)
  object space 16384K, 24% used [0x6b340000,0x6b72ddd8,0x6c340000)

Deoptimization events (10 events):
Event: 6.458 Thread 0xb6407c00 Uncommon trap: reason=bimorphic action=maybe_recompile pc=0xb350528c method=com.android.dx.ssa.LiteralOpUpgrader.tryReplacingWithConstant(Lcom/android/dx/ssa/NormalSsaInsn;)Z @ 62
Event: 6.462 Thread 0xb6407c00 Uncommon trap: reason=bimorphic action=maybe_recompile pc=0xb350528c method=com.android.dx.ssa.LiteralOpUpgrader.tryReplacingWithConstant(Lcom/android/dx/ssa/NormalSsaInsn;)Z @ 62
Event: 6.525 Thread 0xb6407c00 Uncommon trap: reason=bimorphic action=maybe_recompile pc=0xb35c5050 method=com.android.dx.cf.code.BytecodeArray.parseInstruction(ILcom/android/dx/cf/code/BytecodeArray$Visitor;)I @ 1501
Event: 6.526 Thread 0xb6407c00 Uncommon trap: reason=bimorphic action=maybe_recompile pc=0xb35c5050 method=com.android.dx.cf.code.BytecodeArray.parseInstruction(ILcom/android/dx/cf/code/BytecodeArray$Visitor;)I @ 1501
Event: 6.585 Thread 0xb6407c00 Uncommon trap: reason=bimorphic action=maybe_recompile pc=0xb356ce48 method=com.android.dx.cf.code.RopperMachine.run(Lcom/android/dx/cf/code/Frame;II)V @ 310
Event: 6.585 Thread 0xb6407c00 Uncommon trap: reason=bimorphic action=maybe_recompile pc=0xb356ce48 method=com.android.dx.cf.code.RopperMachine.run(Lcom/android/dx/cf/code/Frame;II)V @ 310
Event: 6.585 Thread 0xb6407c00 Uncommon trap: reason=bimorphic action=maybe_recompile pc=0xb356ce48 method=com.android.dx.cf.code.RopperMachine.run(Lcom/android/dx/cf/code/Frame;II)V @ 310
Event: 6.585 Thread 0xb6407c00 Uncommon trap: reason=bimorphic action=maybe_recompile pc=0xb356ce48 method=com.android.dx.cf.code.RopperMachine.run(Lcom/android/dx/cf/code/Frame;II)V @ 310
Event: 6.869 Thread 0xb6407c00 Uncommon trap: reason=unloaded action=reinterpret pc=0xb34d91cc method=com.android.dx.cf.code.Ropper.addReturnBlock()V @ 45
Event: 6.870 Thread 0xb6407c00 Uncommon trap: reason=unreached action=reinterpret pc=0xb34f0684 method=com.android.dx.ssa.MoveParamCombiner$1.visitNonMoveInsn(Lcom/android/dx/ssa/NormalSsaInsn;)V @ 27

Internal exceptions (10 events):
Event: 3.394 Thread 0xb6407c00 Threw 0x9e3fb350 at /build/buildd/openjdk-7-7u75-2.5.4/build/openjdk/hotspot/src/share/vm/prims/jvm.cpp:1284
Event: 3.819 Thread 0xb6407c00 Implicit null exception at 0xb348202b to 0xb3482102
Event: 5.275 Thread 0xb6407c00 Threw 0x9ec86468 at /build/buildd/openjdk-7-7u75-2.5.4/build/openjdk/hotspot/src/share/vm/prims/jvm.cpp:1284
Event: 5.290 Thread 0xb6407c00 Threw 0x9ed12218 at /build/buildd/openjdk-7-7u75-2.5.4/build/openjdk/hotspot/src/share/vm/prims/jvm.cpp:1284
Event: 5.296 Thread 0xb6407c00 Implicit null exception at 0xb34eb0d9 to 0xb34eb7c1
Event: 5.296 Thread 0xb6407c00 Implicit null exception at 0xb346129f to 0xb3461405
Event: 5.301 Thread 0xb6407c00 Threw 0x9eda7c98 at /build/buildd/openjdk-7-7u75-2.5.4/build/openjdk/hotspot/src/share/vm/prims/jvm.cpp:1284
Event: 5.868 Thread 0xb6407c00 Implicit null exception at 0xb3510abb to 0xb35113d9
Event: 6.141 Thread 0xb6407c00 Threw 0x9e8f1560 at /build/buildd/openjdk-7-7u75-2.5.4/build/openjdk/hotspot/src/share/vm/prims/jvm.cpp:1284
Event: 6.525 Thread 0xb6407c00 Threw 0x9f4a3138 at /build/buildd/openjdk-7-7u75-2.5.4/build/openjdk/hotspot/src/share/vm/prims/jvm.cpp:1284

Events (10 events):
Event: 6.585 Thread 0xb6407c00 DEOPT UNPACKING pc=0xb342cbc8 sp=0xb65df9b8 mode 2
Event: 6.801 Thread 0x67f2a800 flushing nmethod 0xb34527c8
Event: 6.817 Thread 0x67f28800 flushing nmethod 0xb3481f08
Event: 6.869 Thread 0xb6407c00 Uncommon trap: trap_request=0x000000c9 fr.pc=0xb34d91cc
Event: 6.869 Thread 0xb6407c00 DEOPT PACKING pc=0xb34d91cc sp=0xb65dfba0
Event: 6.869 Thread 0xb6407c00 DEOPT UNPACKING pc=0xb342cbc8 sp=0xb65dfb58 mode 2
Event: 6.870 Thread 0xb6407c00 Uncommon trap: trap_request=0xffffffad fr.pc=0xb34f0684
Event: 6.870 Thread 0xb6407c00 DEOPT PACKING pc=0xb34f0684 sp=0xb65dfa60
Event: 6.870 Thread 0xb6407c00 DEOPT UNPACKING pc=0xb342cbc8 sp=0xb65dfa14 mode 2
Event: 7.354 Executing VM operation: ParallelGCFailedAllocation


Dynamic libraries:
08048000-08049000 r-xp 00000000 08:05 4983886    /usr/lib/jvm/java-7-openjdk-i386/jre/bin/java
08049000-0804a000 r--p 00000000 08:05 4983886    /usr/lib/jvm/java-7-openjdk-i386/jre/bin/java
0804a000-0804b000 rw-p 00001000 08:05 4983886    /usr/lib/jvm/java-7-openjdk-i386/jre/bin/java
089d2000-0945e000 rw-p 00000000 00:00 0          [heap]
66a00000-66abc000 rw-p 00000000 00:00 0 
66abc000-66b00000 ---p 00000000 00:00 0 
66c00000-66cee000 rw-p 00000000 00:00 0 
66cee000-66d00000 ---p 00000000 00:00 0 
66e00000-66efa000 rw-p 00000000 00:00 0 
66efa000-66f00000 ---p 00000000 00:00 0 
66f00000-66fae000 rw-p 00000000 00:00 0 
66fae000-67000000 ---p 00000000 00:00 0 
67000000-670ff000 rw-p 00000000 00:00 0 
670ff000-67100000 ---p 00000000 00:00 0 
67100000-671e8000 rw-p 00000000 00:00 0 
671e8000-67200000 ---p 00000000 00:00 0 
67200000-67300000 rw-p 00000000 00:00 0 
6737e000-67400000 rw-p 00000000 00:00 0 
67400000-674f3000 rw-p 00000000 00:00 0 
674f3000-67500000 ---p 00000000 00:00 0 
67500000-675f8000 rw-p 00000000 00:00 0 
675f8000-67600000 ---p 00000000 00:00 0 
67600000-67633000 rw-p 00000000 00:00 0 
67633000-67700000 ---p 00000000 00:00 0 
677a9000-677e3000 r-xp 00000000 08:05 3802088    /lib/i386-linux-gnu/libpcre.so.3.12.1
677e3000-677e4000 r--p 00039000 08:05 3802088    /lib/i386-linux-gnu/libpcre.so.3.12.1
677e4000-677e5000 rw-p 0003a000 08:05 3802088    /lib/i386-linux-gnu/libpcre.so.3.12.1
677e5000-677ea000 r-xp 00000000 08:05 4985471    /usr/lib/i386-linux-gnu/libffi.so.6.0.0
677ea000-677eb000 r--p 00004000 08:05 4985471    /usr/lib/i386-linux-gnu/libffi.so.6.0.0
677eb000-677ec000 rw-p 00005000 08:05 4985471    /usr/lib/i386-linux-gnu/libffi.so.6.0.0
677ec000-677ff000 r-xp 00000000 08:05 3802099    /lib/i386-linux-gnu/libresolv-2.15.so
677ff000-67800000 ---p 00013000 08:05 3802099    /lib/i386-linux-gnu/libresolv-2.15.so
67800000-67801000 r--p 00013000 08:05 3802099    /lib/i386-linux-gnu/libresolv-2.15.so
67801000-67802000 rw-p 00014000 08:05 3802099    /lib/i386-linux-gnu/libresolv-2.15.so
67802000-67804000 rw-p 00000000 00:00 0 
67804000-67821000 r-xp 00000000 08:05 3802103    /lib/i386-linux-gnu/libselinux.so.1
67821000-67822000 r--p 0001c000 08:05 3802103    /lib/i386-linux-gnu/libselinux.so.1
67822000-67823000 rw-p 0001d000 08:05 3802103    /lib/i386-linux-gnu/libselinux.so.1
67823000-6791a000 r-xp 00000000 08:05 3802040    /lib/i386-linux-gnu/libglib-2.0.so.0.3200.3
6791a000-6791b000 r--p 000f6000 08:05 3802040    /lib/i386-linux-gnu/libglib-2.0.so.0.3200.3
6791b000-6791c000 rw-p 000f7000 08:05 3802040    /lib/i386-linux-gnu/libglib-2.0.so.0.3200.3
6791c000-67969000 r-xp 00000000 08:05 4985532    /usr/lib/i386-linux-gnu/libgobject-2.0.so.0.3200.3
67969000-6796a000 r--p 0004c000 08:05 4985532    /usr/lib/i386-linux-gnu/libgobject-2.0.so.0.3200.3
6796a000-6796b000 rw-p 0004d000 08:05 4985532    /usr/lib/i386-linux-gnu/libgobject-2.0.so.0.3200.3
6796b000-67abe000 r-xp 00000000 08:05 4985508    /usr/lib/i386-linux-gnu/libgio-2.0.so.0.3200.3
67abe000-67ac0000 r--p 00153000 08:05 4985508    /usr/lib/i386-linux-gnu/libgio-2.0.so.0.3200.3
67ac0000-67ac1000 rw-p 00155000 08:05 4985508    /usr/lib/i386-linux-gnu/libgio-2.0.so.0.3200.3
67ac1000-67ac2000 rw-p 00000000 00:00 0 
67ac2000-67ad9000 r-xp 00000000 08:05 4989135    /usr/lib/jvm/java-7-openjdk-i386/jre/lib/i386/libnet.so
67ad9000-67ada000 r--p 00016000 08:05 4989135    /usr/lib/jvm/java-7-openjdk-i386/jre/lib/i386/libnet.so
67ada000-67adb000 rw-p 00017000 08:05 4989135    /usr/lib/jvm/java-7-openjdk-i386/jre/lib/i386/libnet.so
67adb000-67adc000 ---p 00000000 00:00 0 
67adc000-67b5c000 rw-p 00000000 00:00 0 
67b5c000-67b5f000 ---p 00000000 00:00 0 
67b5f000-67bad000 rw-p 00000000 00:00 0 
67bad000-67bb0000 ---p 00000000 00:00 0 
67bb0000-67c2e000 rw-p 00000000 00:00 0 
67c2e000-67c31000 ---p 00000000 00:00 0 
67c31000-67caf000 rw-p 00000000 00:00 0 
67caf000-67cb2000 ---p 00000000 00:00 0 
67cb2000-67d00000 rw-p 00000000 00:00 0 
67d00000-67f00000 r--p 00000000 08:05 4988066    /usr/lib/locale/locale-archive
67f00000-67ffb000 rw-p 00000000 00:00 0 
67ffb000-68000000 ---p 00000000 00:00 0 
68005000-68006000 ---p 00000000 00:00 0 
68006000-680cf000 rw-p 00000000 00:00 0 
680cf000-68280000 r--s 01d23000 08:05 4989042    /usr/lib/jvm/java-7-openjdk-i386/jre/lib/rt.jar
68280000-6ab00000 rw-p 00000000 00:00 0 
6ab00000-6abfa000 rw-p 00000000 00:00 0 
6abfa000-6ac00000 ---p 00000000 00:00 0 
6ac03000-6ac06000 ---p 00000000 00:00 0 
6ac06000-6ac54000 rw-p 00000000 00:00 0 
6ac54000-6ac57000 ---p 00000000 00:00 0 
6ac57000-6ad00000 rw-p 00000000 00:00 0 
6ad00000-6ad21000 rw-p 00000000 00:00 0 
6ad21000-6ae00000 ---p 00000000 00:00 0 
6ae00000-6ae03000 r-xp 00000000 08:05 4985518    /usr/lib/i386-linux-gnu/libgmodule-2.0.so.0.3200.3
6ae03000-6ae04000 r--p 00002000 08:05 4985518    /usr/lib/i386-linux-gnu/libgmodule-2.0.so.0.3200.3
6ae04000-6ae05000 rw-p 00003000 08:05 4985518    /usr/lib/i386-linux-gnu/libgmodule-2.0.so.0.3200.3
6ae17000-6ae28000 r-xp 00000000 08:05 4989121    /usr/lib/jvm/java-7-openjdk-i386/jre/lib/i386/libnio.so
6ae28000-6ae29000 r--p 00010000 08:05 4989121    /usr/lib/jvm/java-7-openjdk-i386/jre/lib/i386/libnio.so
6ae29000-6ae2a000 rw-p 00011000 08:05 4989121    /usr/lib/jvm/java-7-openjdk-i386/jre/lib/i386/libnio.so
6ae2a000-6ae3c000 r--s 000c6000 08:06 4459345    /home/ankit/Traafik latest/TraafikAppLatest/app/build/intermediates/exploded-aar/com.android.support/support-v4/22.2.0/jars/classes.jar
6ae3c000-6ae4b000 r--s 000dd000 08:06 21369266   /home/ankit/Ankitt Data/ECLIPSE/sdk/build-tools/22.0.1/lib/dx.jar
6ae4b000-6ae4c000 r--s 00007000 08:05 5246941    /usr/share/java/java-atk-wrapper.jar
6ae4c000-6ae67000 rw-p 00000000 00:00 0 
6ae67000-6ae68000 ---p 00000000 00:00 0 
6ae68000-6aee8000 rw-p 00000000 00:00 0 
6aee8000-6aee9000 ---p 00000000 00:00 0 
6aee9000-6af71000 rw-p 00000000 00:00 0 
6af71000-6afa9000 rw-p 00000000 00:00 0 
6afa9000-6afbe000 rw-p 00000000 00:00 0 
6afbe000-6b0ff000 rw-p 00000000 00:00 0 
6b0ff000-6b107000 rw-p 00000000 00:00 0 
6b107000-6b13f000 rw-p 00000000 00:00 0 
6b13f000-6b154000 rw-p 00000000 00:00 0 
6b154000-6b294000 rw-p 00000000 00:00 0 
6b294000-6b2bc000 rw-p 00000000 00:00 0 
6b2bc000-6b33f000 rw-p 00000000 00:00 0 
6b33f000-6c340000 rw-p 00000000 00:00 0 
6c340000-73340000 rw-p 00000000 00:00 0 
73340000-75c00000 rw-p 00000000 00:00 0 
75c00000-9ddc0000 rw-p 00000000 00:00 0 
9ddc0000-a2bc0000 rw-p 00000000 00:00 0 
a71c0000-b3340000 rw-p 00000000 00:00 0 
b3340000-b3349000 rw-p 00000000 00:00 0 
b3349000-b3400000 rw-p 00000000 00:00 0 
b3400000-b3640000 rwxp 00000000 00:00 0 
b3640000-b64fd000 rw-p 00000000 00:00 0 
b64fd000-b6500000 ---p 00000000 00:00 0 
b6500000-b6503000 r--s 0000f000 08:05 4989079    /usr/lib/jvm/java-7-openjdk-i386/jre/lib/ext/icedtea-sound.jar
b6503000-b6505000 r--s 00012000 08:05 4989084    /usr/lib/jvm/java-7-openjdk-i386/jre/lib/ext/zipfs.jar
b6505000-b6509000 r--s 00034000 08:05 4989083    /usr/lib/jvm/java-7-openjdk-i386/jre/lib/ext/sunjce_provider.jar
b6509000-b650d000 r--s 0003c000 08:05 4989081    /usr/lib/jvm/java-7-openjdk-i386/jre/lib/ext/sunpkcs11.jar
b650d000-b6510000 r--s 00086000 08:05 4989082    /usr/lib/jvm/java-7-openjdk-i386/jre/lib/ext/localedata.jar
b6510000-b651b000 r-xp 00000000 08:05 3802066    /lib/i386-linux-gnu/libnss_files-2.15.so
b651b000-b651c000 r--p 0000a000 08:05 3802066    /lib/i386-linux-gnu/libnss_files-2.15.so
b651c000-b651d000 rw-p 0000b000 08:05 3802066    /lib/i386-linux-gnu/libnss_files-2.15.so
b651d000-b6527000 r-xp 00000000 08:05 3802070    /lib/i386-linux-gnu/libnss_nis-2.15.so
b6527000-b6528000 r--p 00009000 08:05 3802070    /lib/i386-linux-gnu/libnss_nis-2.15.so
b6528000-b6529000 rw-p 0000a000 08:05 3802070    /lib/i386-linux-gnu/libnss_nis-2.15.so
b6529000-b653f000 r-xp 00000000 08:05 3802060    /lib/i386-linux-gnu/libnsl-2.15.so
b653f000-b6540000 r--p 00015000 08:05 3802060    /lib/i386-linux-gnu/libnsl-2.15.so
b6540000-b6541000 rw-p 00016000 08:05 3802060    /lib/i386-linux-gnu/libnsl-2.15.so
b6541000-b6543000 rw-p 00000000 00:00 0 
b6543000-b654a000 r-xp 00000000 08:05 3802062    /lib/i386-linux-gnu/libnss_compat-2.15.so
b654a000-b654b000 r--p 00006000 08:05 3802062    /lib/i386-linux-gnu/libnss_compat-2.15.so
b654b000-b654c000 rw-p 00007000 08:05 3802062    /lib/i386-linux-gnu/libnss_compat-2.15.so
b654c000-b6554000 r-xp 00000000 08:05 4989114    /usr/lib/jvm/java-7-openjdk-i386/jre/lib/i386/libzip.so
b6554000-b6555000 r--p 00007000 08:05 4989114    /usr/lib/jvm/java-7-openjdk-i386/jre/lib/i386/libzip.so
b6555000-b6556000 rw-p 00008000 08:05 4989114    /usr/lib/jvm/java-7-openjdk-i386/jre/lib/i386/libzip.so
b6556000-b655e000 rw-s 00000000 08:05 145385     /tmp/hsperfdata_ankit/8249
b655e000-b6585000 r-xp 00000000 08:05 4989134    /usr/lib/jvm/java-7-openjdk-i386/jre/lib/i386/libjava.so
b6585000-b6586000 r--p 00026000 08:05 4989134    /usr/lib/jvm/java-7-openjdk-i386/jre/lib/i386/libjava.so
b6586000-b6587000 rw-p 00027000 08:05 4989134    /usr/lib/jvm/java-7-openjdk-i386/jre/lib/i386/libjava.so
b6587000-b658e000 r-xp 00000000 08:05 3802101    /lib/i386-linux-gnu/librt-2.15.so
b658e000-b658f000 r--p 00006000 08:05 3802101    /lib/i386-linux-gnu/librt-2.15.so
b658f000-b6590000 rw-p 00007000 08:05 3802101    /lib/i386-linux-gnu/librt-2.15.so
b6590000-b6593000 ---p 00000000 00:00 0 
b6593000-b65e1000 rw-p 00000000 00:00 0 
b65e1000-b65fd000 r-xp 00000000 08:05 3802036    /lib/i386-linux-gnu/libgcc_s.so.1
b65fd000-b65fe000 r--p 0001b000 08:05 3802036    /lib/i386-linux-gnu/libgcc_s.so.1
b65fe000-b65ff000 rw-p 0001c000 08:05 3802036    /lib/i386-linux-gnu/libgcc_s.so.1
b65ff000-b6629000 r-xp 00000000 08:05 3802047    /lib/i386-linux-gnu/libm-2.15.so
b6629000-b662a000 r--p 00029000 08:05 3802047    /lib/i386-linux-gnu/libm-2.15.so
b662a000-b662b000 rw-p 0002a000 08:05 3802047    /lib/i386-linux-gnu/libm-2.15.so
b662b000-b6703000 r-xp 00000000 08:05 4985813    /usr/lib/i386-linux-gnu/libstdc++.so.6.0.16
b6703000-b6704000 ---p 000d8000 08:05 4985813    /usr/lib/i386-linux-gnu/libstdc++.so.6.0.16
b6704000-b6708000 r--p 000d8000 08:05 4985813    /usr/lib/i386-linux-gnu/libstdc++.so.6.0.16
b6708000-b6709000 rw-p 000dc000 08:05 4985813    /usr/lib/i386-linux-gnu/libstdc++.so.6.0.16
b6709000-b6710000 rw-p 00000000 00:00 0 
b6710000-b70d2000 r-xp 00000000 08:05 4989140    /usr/lib/jvm/java-7-openjdk-i386/jre/lib/i386/server/libjvm.so
b70d2000-b7127000 r--p 009c2000 08:05 4989140    /usr/lib/jvm/java-7-openjdk-i386/jre/lib/i386/server/libjvm.so
b7127000-b713b000 rw-p 00a17000 08:05 4989140    /usr/lib/jvm/java-7-openjdk-i386/jre/lib/i386/server/libjvm.so
b713b000-b7559000 rw-p 00000000 00:00 0 
b7559000-b756d000 r-xp 00000000 08:05 3802126    /lib/i386-linux-gnu/libz.so.1.2.3.4
b756d000-b756e000 r--p 00013000 08:05 3802126    /lib/i386-linux-gnu/libz.so.1.2.3.4
b756e000-b756f000 rw-p 00014000 08:05 3802126    /lib/i386-linux-gnu/libz.so.1.2.3.4
b756f000-b7586000 r-xp 00000000 08:05 3802095    /lib/i386-linux-gnu/libpthread-2.15.so
b7586000-b7587000 r--p 00016000 08:05 3802095    /lib/i386-linux-gnu/libpthread-2.15.so
b7587000-b7588000 rw-p 00017000 08:05 3802095    /lib/i386-linux-gnu/libpthread-2.15.so
b7588000-b758a000 rw-p 00000000 00:00 0 
b758a000-b758d000 r-xp 00000000 08:05 3802028    /lib/i386-linux-gnu/libdl-2.15.so
b758d000-b758e000 r--p 00002000 08:05 3802028    /lib/i386-linux-gnu/libdl-2.15.so
b758e000-b758f000 rw-p 00003000 08:05 3802028    /lib/i386-linux-gnu/libdl-2.15.so
b758f000-b772e000 r-xp 00000000 08:05 3802015    /lib/i386-linux-gnu/libc-2.15.so
b772e000-b7730000 r--p 0019f000 08:05 3802015    /lib/i386-linux-gnu/libc-2.15.so
b7730000-b7731000 rw-p 001a1000 08:05 3802015    /lib/i386-linux-gnu/libc-2.15.so
b7731000-b7734000 rw-p 00000000 00:00 0 
b7734000-b7735000 r--s 00002000 08:05 4989080    /usr/lib/jvm/java-7-openjdk-i386/jre/lib/ext/dnsns.jar
b7735000-b7736000 r--p 005db000 08:05 4988066    /usr/lib/locale/locale-archive
b7736000-b7737000 rw-p 00000000 00:00 0 
b7737000-b7738000 ---p 00000000 00:00 0 
b7738000-b7744000 r-xp 00000000 08:05 4989131    /usr/lib/jvm/java-7-openjdk-i386/jre/lib/i386/libverify.so
b7744000-b7745000 r--p 0000b000 08:05 4989131    /usr/lib/jvm/java-7-openjdk-i386/jre/lib/i386/libverify.so
b7745000-b7746000 rw-p 0000c000 08:05 4989131    /usr/lib/jvm/java-7-openjdk-i386/jre/lib/i386/libverify.so
b7746000-b7753000 r-xp 00000000 08:05 4989106    /usr/lib/jvm/java-7-openjdk-i386/jre/lib/i386/jli/libjli.so
b7753000-b7754000 r--p 0000c000 08:05 4989106    /usr/lib/jvm/java-7-openjdk-i386/jre/lib/i386/jli/libjli.so
b7754000-b7755000 rw-p 0000d000 08:05 4989106    /usr/lib/jvm/java-7-openjdk-i386/jre/lib/i386/jli/libjli.so
b7755000-b7758000 rw-p 00000000 00:00 0 
b7758000-b7759000 r-xp 00000000 00:00 0          [vdso]
b7759000-b7779000 r-xp 00000000 08:05 3801995    /lib/i386-linux-gnu/ld-2.15.so
b7779000-b777a000 r--p 0001f000 08:05 3801995    /lib/i386-linux-gnu/ld-2.15.so
b777a000-b777b000 rw-p 00020000 08:05 3801995    /lib/i386-linux-gnu/ld-2.15.so
bf966000-bf967000 rwxp 00000000 00:00 0 
bf999000-bf9ba000 rw-p 00000000 00:00 0          [stack]

VM Arguments:
jvm_args: -Xmx1024M -Dfile.encoding=UTF-8 -Duser.country=IN -Duser.language=en -Duser.variant 
java_command: com.android.dx.command.Main --dex --output /home/ankit/Traafik latest/TraafikAppLatest/app/build/intermediates/pre-dexed/debug/classes-2bba629e0bef0632f4eeb364fe3fdb145c429817.jar /home/ankit/Traafik latest/TraafikAppLatest/app/build/intermediates/exploded-aar/com.android.support/support-v4/22.2.0/jars/classes.jar
Launcher Type: SUN_STANDARD

Environment Variables:
PATH=/usr/lib/lightdm/lightdm:/usr/local/sbin:/usr/local/bin:/usr/sbin:/usr/bin:/sbin:/bin:/usr/games
LD_LIBRARY_PATH=/home/ankit/Android studio/android-studio/bin:
SHELL=/bin/bash
DISPLAY=:0.0

Signal Handlers:
SIGSEGV: [libjvm.so+0x80b550], sa_mask[0]=0x7ffbfeff, sa_flags=0x10000004
SIGBUS: [libjvm.so+0x80b550], sa_mask[0]=0x7ffbfeff, sa_flags=0x10000004
SIGFPE: [libjvm.so+0x6753e0], sa_mask[0]=0x7ffbfeff, sa_flags=0x10000004
SIGPIPE: [libjvm.so+0x6753e0], sa_mask[0]=0x7ffbfeff, sa_flags=0x10000004
SIGXFSZ: [libjvm.so+0x6753e0], sa_mask[0]=0x7ffbfeff, sa_flags=0x10000004
SIGILL: [libjvm.so+0x6753e0], sa_mask[0]=0x7ffbfeff, sa_flags=0x10000004
SIGUSR1: SIG_DFL, sa_mask[0]=0x00000000, sa_flags=0x00000000
SIGUSR2: [libjvm.so+0x675690], sa_mask[0]=0x00000004, sa_flags=0x10000004
SIGHUP: [libjvm.so+0x675850], sa_mask[0]=0x7ffbfeff, sa_flags=0x10000004
SIGINT: [libjvm.so+0x675850], sa_mask[0]=0x7ffbfeff, sa_flags=0x10000004
SIGTERM: [libjvm.so+0x675850], sa_mask[0]=0x7ffbfeff, sa_flags=0x10000004
SIGQUIT: [libjvm.so+0x675850], sa_mask[0]=0x7ffbfeff, sa_flags=0x10000004
SIGTRAP: SIG_DFL, sa_mask[0]=0x00000000, sa_flags=0x00000000


---------------  S Y S T E M  ---------------

OS:Ubuntu 12.04 (precise)
uname:Linux 3.2.0-29-generic-pae #46-Ubuntu SMP Fri Jul 27 17:25:43 UTC 2012 i686
libc:glibc 2.15 NPTL 2.15 
rlimit: STACK 8192k, CORE 0k, NPROC 31169, NOFILE 4096, AS infinity
load average:8.90 2.89 1.58

/proc/meminfo:
MemTotal:        4004304 kB
MemFree:          181864 kB
Buffers:             532 kB
Cached:           480680 kB
SwapCached:            0 kB
Active:          3450340 kB
Inactive:         291112 kB
Active(anon):    3427092 kB
Inactive(anon):   266096 kB
Active(file):      23248 kB
Inactive(file):    25016 kB
Unevictable:          32 kB
Mlocked:              32 kB
HighTotal:       3159312 kB
HighFree:          13044 kB
LowTotal:         844992 kB
LowFree:          168820 kB
SwapTotal:             0 kB
SwapFree:              0 kB
Dirty:               148 kB
Writeback:             8 kB
AnonPages:       3260424 kB
Mapped:            63424 kB
Shmem:            432796 kB
Slab:              39260 kB
SReclaimable:      19972 kB
SUnreclaim:        19288 kB
KernelStack:        4768 kB
PageTables:        20788 kB
NFS_Unstable:          0 kB
Bounce:                0 kB
WritebackTmp:          0 kB
CommitLimit:     2002152 kB
Committed_AS:    7618752 kB
VmallocTotal:     122880 kB
VmallocUsed:       15048 kB
VmallocChunk:     106800 kB
HardwareCorrupted:     0 kB
AnonHugePages:         0 kB
HugePages_Total:       0
HugePages_Free:        0
HugePages_Rsvd:        0
HugePages_Surp:        0
Hugepagesize:       2048 kB
DirectMap4k:       10232 kB
DirectMap2M:      903168 kB


CPU:total 2 (2 cores per cpu, 1 threads per core) family 6 model 58 stepping 9, cmov, cx8, fxsr, mmx, sse, sse2, sse3, ssse3, sse4.1, sse4.2, popcnt, erms, tsc, tscinvbit, tscinv

/proc/cpuinfo:
processor	: 0
vendor_id	: GenuineIntel
cpu family	: 6
model		: 58
model name	: Intel(R) Pentium(R) CPU G2030 @ 3.00GHz
stepping	: 9
microcode	: 0x17
cpu MHz		: 3000.000
cache size	: 3072 KB
physical id	: 0
siblings	: 2
core id		: 0
cpu cores	: 2
apicid		: 0
initial apicid	: 0
fdiv_bug	: no
hlt_bug		: no
f00f_bug	: no
coma_bug	: no
fpu		: yes
fpu_exception	: yes
cpuid level	: 13
wp		: yes
flags		: fpu vme de pse tsc msr pae mce cx8 apic sep mtrr pge mca cmov pat pse36 clflush dts acpi mmx fxsr sse sse2 ss ht tm pbe nx rdtscp lm constant_tsc arch_perfmon pebs bts xtopology nonstop_tsc aperfmperf pni pclmulqdq dtes64 monitor ds_cpl vmx est tm2 ssse3 cx16 xtpr pdcm pcid sse4_1 sse4_2 popcnt tsc_deadline_timer xsave lahf_lm arat epb xsaveopt pln pts dtherm tpr_shadow vnmi flexpriority ept vpid fsgsbase smep erms
bogomips	: 5986.59
clflush size	: 64
cache_alignment	: 64
address sizes	: 36 bits physical, 48 bits virtual
power management:

processor	: 1
vendor_id	: GenuineIntel
cpu family	: 6
model		: 58
model name	: Intel(R) Pentium(R) CPU G2030 @ 3.00GHz
stepping	: 9
microcode	: 0x17
cpu MHz		: 3000.000
cache size	: 3072 KB
physical id	: 0
siblings	: 2
core id		: 1
cpu cores	: 2
apicid		: 2
initial apicid	: 2
fdiv_bug	: no
hlt_bug		: no
f00f_bug	: no
coma_bug	: no
fpu		: yes
fpu_exception	: yes
cpuid level	: 13
wp		: yes
flags		: fpu vme de pse tsc msr pae mce cx8 apic sep mtrr pge mca cmov pat pse36 clflush dts acpi mmx fxsr sse sse2 ss ht tm pbe nx rdtscp lm constant_tsc arch_perfmon pebs bts xtopology nonstop_tsc aperfmperf pni pclmulqdq dtes64 monitor ds_cpl vmx est tm2 ssse3 cx16 xtpr pdcm pcid sse4_1 sse4_2 popcnt tsc_deadline_timer xsave lahf_lm arat epb xsaveopt pln pts dtherm tpr_shadow vnmi flexpriority ept vpid fsgsbase smep erms
bogomips	: 5986.36
clflush size	: 64
cache_alignment	: 64
address sizes	: 36 bits physical, 48 bits virtual
power management:



Memory: 4k page, physical 4004304k(181740k free), swap 0k(0k free)

vm_info: OpenJDK Server VM (24.75-b04) for linux-x86 JRE (1.7.0_75-b13), built on Jan 27 2015 16:24:35 by "buildd" with gcc 4.6.3

time: Wed Jul 15 12:35:56 2015
elapsed time: 19 seconds

