#
# There is insufficient memory for the Java Runtime Environment to continue.
# Native memory allocation (malloc) failed to allocate 75497472 bytes for committing reserved memory.
# Possible reasons:
#   The system is out of physical RAM or swap space
#   In 32 bit mode, the process size limit was hit
# Possible solutions:
#   Reduce memory load on the system
#   Increase physical memory or swap space
#   Check if swap backing store is full
#   Use 64 bit Java on a 64 bit OS
#   Decrease Java heap size (-Xmx/-Xms)
#   Decrease number of Java threads
#   Decrease Java thread stack sizes (-Xss)
#   Set larger code cache with -XX:ReservedCodeCacheSize=
# This output file may be truncated or incomplete.
#
#  Out of Memory Error (os_linux.cpp:2798), pid=19084, tid=1745378112
#
# JRE version: OpenJDK Runtime Environment (7.0_75-b13) (build 1.7.0_75-b13)
# Java VM: OpenJDK Server VM (24.75-b04 mixed mode linux-x86 )
# Derivative: IcedTea 2.5.4
# Distribution: Ubuntu 12.04 LTS, package 7u75-2.5.4-1~precise1
# Failed to write core dump. Core dumps have been disabled. To enable core dumping, try "ulimit -c unlimited" before starting Java again
#

---------------  T H R E A D  ---------------

Current thread (0x67f10400):  VMThread [stack: 0x68005000,0x68086000] [id=19091]

Stack: [0x68005000,0x68086000]
[error occurred during error reporting (printing stack bounds), id 0xb]

VM_Operation (0xb65bb848): ParallelGCFailedAllocation, mode: safepoint, requested by thread 0xb6407c00


---------------  P R O C E S S  ---------------

Java Threads: ( => current thread )
  0x67f2c400 JavaThread "Service Thread" daemon [_thread_blocked, id=19097, stack(0x67b5c000,0x67bad000)]
  0x67f2a800 JavaThread "C2 CompilerThread1" daemon [_thread_blocked, id=19096, stack(0x67bad000,0x67c2e000)]
  0x67f28800 JavaThread "C2 CompilerThread0" daemon [_thread_blocked, id=19095, stack(0x67c2e000,0x67caf000)]
  0x67f26c00 JavaThread "Signal Dispatcher" daemon [_thread_blocked, id=19094, stack(0x67caf000,0x67d00000)]
  0x67f14400 JavaThread "Finalizer" daemon [_thread_blocked, id=19093, stack(0x6ac03000,0x6ac54000)]
  0x67f12800 JavaThread "Reference Handler" daemon [_thread_blocked, id=19092, stack(0x6ac54000,0x6aca5000)]
  0xb6407c00 JavaThread "main" [_thread_blocked, id=19086, stack(0xb656c000,0xb65bd000)]

Other Threads:
=>0x67f10400 VMThread [stack: 0x68005000,0x68086000] [id=19091]
  0x67f2e000 WatcherThread [stack: 0x67adb000,0x67b5c000] [id=19098]

VM state:at safepoint (normal execution)

VM Mutex/Monitor currently owned by a thread:  ([mutex/lock_event])
[0xb6405248] Threads_lock - owner thread: 0x67f10400
[0xb6405658] Heap_lock - owner thread: 0xb6407c00

Heap
 PSYoungGen      total 70656K, used 8186K [0x9dd80000, 0xa2b80000, 0xb3300000)
  eden space 62464K, 0% used [0x9dd80000,0x9dd80000,0xa1a80000)
  from space 8192K, 99% used [0xa1a80000,0xa227e830,0xa2280000)
  to   space 7168K, 0% used [0xa2280000,0xa2280000,0xa2980000)
 ParOldGen       total 41728K, used 23478K [0x73300000, 0x75bc0000, 0x9dd80000)
  object space 41728K, 56% used [0x73300000,0x749ed9c0,0x75bc0000)
 PSPermGen       total 16384K, used 4023K [0x6b300000, 0x6c300000, 0x73300000)
  object space 16384K, 24% used [0x6b300000,0x6b6edf00,0x6c300000)

Card table byte_map: [0x6b0bf000,0x6b300000] byte_map_base: 0x6ad65800

Polling page: 0xb7713000

Code Cache  [0xb33e7000, 0xb3627000, 0xb63e7000)
 total_blobs=640 nmethods=521 adapters=73 free_code_cache=47204Kb largest_free_block=48311744

Compilation events (10 events):
Event: 6.094 Thread 0x67f2a800 nmethod 522 0xb35ca5c8 code [0xb35ca6c0, 0xb35ca750]
Event: 6.094 Thread 0x67f2a800  523             com.android.dx.dex.code.BlockAddresses::getLast (10 bytes)
Event: 6.095 Thread 0x67f2a800 nmethod 523 0xb35ca388 code [0xb35ca480, 0xb35ca510]
Event: 6.095 Thread 0x67f2a800  524             com.android.dx.dex.code.BlockAddresses::getEnd (10 bytes)
Event: 6.095 Thread 0x67f2a800 nmethod 524 0xb35ca148 code [0xb35ca240, 0xb35ca2d0]
Event: 6.095 Thread 0x67f2a800  525             com.android.dx.ssa.SsaBasicBlock::<init> (109 bytes)
Event: 6.101 Thread 0x67f2a800 nmethod 525 0xb35d1c08 code [0xb35d1d40, 0xb35d2290]
Event: 6.101 Thread 0x67f2a800  526             com.android.dx.rop.cst.CstType::getClassType (5 bytes)
Event: 6.101 Thread 0x67f2a800 nmethod 526 0xb35d29c8 code [0xb35d2aa0, 0xb35d2af0]
Event: 6.101 Thread 0x67f2a800  527             com.android.dx.cf.code.ExecutionStack::<init> (34 bytes)

GC Heap History (10 events):
Event: 1.734 GC heap after
Heap after GC invocations=2 (full 0):
 PSYoungGen      total 18432K, used 2553K [0x9dd80000, 0xa0180000, 0xb3300000)
  eden space 15872K, 0% used [0x9dd80000,0x9dd80000,0x9ed00000)
  from space 2560K, 99% used [0x9ef80000,0x9f1fe660,0x9f200000)
  to   space 2560K, 0% used [0x9ed00000,0x9ed00000,0x9ef80000)
 ParOldGen       total 41728K, used 3447K [0x73300000, 0x75bc0000, 0x9dd80000)
  object space 41728K, 8% used [0x73300000,0x7365df30,0x75bc0000)
 PSPermGen       total 16384K, used 3925K [0x6b300000, 0x6c300000, 0x73300000)
  object space 16384K, 23% used [0x6b300000,0x6b6d5558,0x6c300000)
}
Event: 2.361 GC heap before
{Heap before GC invocations=3 (full 0):
 PSYoungGen      total 18432K, used 18425K [0x9dd80000, 0xa0180000, 0xb3300000)
  eden space 15872K, 100% used [0x9dd80000,0x9ed00000,0x9ed00000)
  from space 2560K, 99% used [0x9ef80000,0x9f1fe660,0x9f200000)
  to   space 2560K, 0% used [0x9ed00000,0x9ed00000,0x9ef80000)
 ParOldGen       total 41728K, used 3447K [0x73300000, 0x75bc0000, 0x9dd80000)
  object space 41728K, 8% used [0x73300000,0x7365df30,0x75bc0000)
 PSPermGen       total 16384K, used 3948K [0x6b300000, 0x6c300000, 0x73300000)
  object space 16384K, 24% used [0x6b300000,0x6b6db170,0x6c300000)
Event: 2.376 GC heap after
Heap after GC invocations=3 (full 0):
 PSYoungGen      total 18432K, used 2559K [0x9dd80000, 0xa0180000, 0xb3300000)
  eden space 15872K, 0% used [0x9dd80000,0x9dd80000,0x9ed00000)
  from space 2560K, 99% used [0x9ed00000,0x9ef7ffd0,0x9ef80000)
  to   space 2560K, 0% used [0x9ff00000,0x9ff00000,0xa0180000)
 ParOldGen       total 41728K, used 5979K [0x73300000, 0x75bc0000, 0x9dd80000)
  object space 41728K, 14% used [0x73300000,0x738d6fd8,0x75bc0000)
 PSPermGen       total 16384K, used 3948K [0x6b300000, 0x6c300000, 0x73300000)
  object space 16384K, 24% used [0x6b300000,0x6b6db170,0x6c300000)
}
Event: 2.987 GC heap before
{Heap before GC invocations=4 (full 0):
 PSYoungGen      total 18432K, used 18431K [0x9dd80000, 0xa0180000, 0xb3300000)
  eden space 15872K, 100% used [0x9dd80000,0x9ed00000,0x9ed00000)
  from space 2560K, 99% used [0x9ed00000,0x9ef7ffd0,0x9ef80000)
  to   space 2560K, 0% used [0x9ff00000,0x9ff00000,0xa0180000)
 ParOldGen       total 41728K, used 5979K [0x73300000, 0x75bc0000, 0x9dd80000)
  object space 41728K, 14% used [0x73300000,0x738d6fd8,0x75bc0000)
 PSPermGen       total 16384K, used 3963K [0x6b300000, 0x6c300000, 0x73300000)
  object space 16384K, 24% used [0x6b300000,0x6b6deee0,0x6c300000)
Event: 3.017 GC heap after
Heap after GC invocations=4 (full 0):
 PSYoungGen      total 34304K, used 2544K [0x9dd80000, 0xa0180000, 0xb3300000)
  eden space 31744K, 0% used [0x9dd80000,0x9dd80000,0x9fc80000)
  from space 2560K, 99% used [0x9ff00000,0xa017c1f8,0xa0180000)
  to   space 2560K, 0% used [0x9fc80000,0x9fc80000,0x9ff00000)
 ParOldGen       total 41728K, used 8370K [0x73300000, 0x75bc0000, 0x9dd80000)
  object space 41728K, 20% used [0x73300000,0x73b2c8f8,0x75bc0000)
 PSPermGen       total 16384K, used 3963K [0x6b300000, 0x6c300000, 0x73300000)
  object space 16384K, 24% used [0x6b300000,0x6b6deee0,0x6c300000)
}
Event: 4.042 GC heap before
{Heap before GC invocations=5 (full 0):
 PSYoungGen      total 34304K, used 34288K [0x9dd80000, 0xa0180000, 0xb3300000)
  eden space 31744K, 100% used [0x9dd80000,0x9fc80000,0x9fc80000)
  from space 2560K, 99% used [0x9ff00000,0xa017c1f8,0xa0180000)
  to   space 2560K, 0% used [0x9fc80000,0x9fc80000,0x9ff00000)
 ParOldGen       total 41728K, used 8370K [0x73300000, 0x75bc0000, 0x9dd80000)
  object space 41728K, 20% used [0x73300000,0x73b2c8f8,0x75bc0000)
 PSPermGen       total 16384K, used 3988K [0x6b300000, 0x6c300000, 0x73300000)
  object space 16384K, 24% used [0x6b300000,0x6b6e52a0,0x6c300000)
Event: 4.095 GC heap after
Heap after GC invocations=5 (full 0):
 PSYoungGen      total 34304K, used 2554K [0x9dd80000, 0xa2980000, 0xb3300000)
  eden space 31744K, 0% used [0x9dd80000,0x9dd80000,0x9fc80000)
  from space 2560K, 99% used [0x9fc80000,0x9fefea30,0x9ff00000)
  to   space 7168K, 0% used [0xa2280000,0xa2280000,0xa2980000)
 ParOldGen       total 41728K, used 13086K [0x73300000, 0x75bc0000, 0x9dd80000)
  object space 41728K, 31% used [0x73300000,0x73fc7b00,0x75bc0000)
 PSPermGen       total 16384K, used 3988K [0x6b300000, 0x6c300000, 0x73300000)
  object space 16384K, 24% used [0x6b300000,0x6b6e52a0,0x6c300000)
}
Event: 4.961 GC heap before
{Heap before GC invocations=6 (full 0):
 PSYoungGen      total 34304K, used 34298K [0x9dd80000, 0xa2980000, 0xb3300000)
  eden space 31744K, 100% used [0x9dd80000,0x9fc80000,0x9fc80000)
  from space 2560K, 99% used [0x9fc80000,0x9fefea30,0x9ff00000)
  to   space 7168K, 0% used [0xa2280000,0xa2280000,0xa2980000)
 ParOldGen       total 41728K, used 13086K [0x73300000, 0x75bc0000, 0x9dd80000)
  object space 41728K, 31% used [0x73300000,0x73fc7b00,0x75bc0000)
 PSPermGen       total 16384K, used 4007K [0x6b300000, 0x6c300000, 0x73300000)
  object space 16384K, 24% used [0x6b300000,0x6b6e9df0,0x6c300000)
Event: 4.995 GC heap after
Heap after GC invocations=6 (full 0):
 PSYoungGen      total 69632K, used 7157K [0x9dd80000, 0xa2b80000, 0xb3300000)
  eden space 62464K, 0% used [0x9dd80000,0x9dd80000,0xa1a80000)
  from space 7168K, 99% used [0xa2280000,0xa297d528,0xa2980000)
  to   space 8192K, 0% used [0xa1a80000,0xa1a80000,0xa2280000)
 ParOldGen       total 41728K, used 13459K [0x73300000, 0x75bc0000, 0x9dd80000)
  object space 41728K, 32% used [0x73300000,0x74024fb0,0x75bc0000)
 PSPermGen       total 16384K, used 4007K [0x6b300000, 0x6c300000, 0x73300000)
  object space 16384K, 24% used [0x6b300000,0x6b6e9df0,0x6c300000)
}
Event: 6.101 GC heap before
{Heap before GC invocations=7 (full 0):
 PSYoungGen      total 69632K, used 69621K [0x9dd80000, 0xa2b80000, 0xb3300000)
  eden space 62464K, 100% used [0x9dd80000,0xa1a80000,0xa1a80000)
  from space 7168K, 99% used [0xa2280000,0xa297d528,0xa2980000)
  to   space 8192K, 0% used [0xa1a80000,0xa1a80000,0xa2280000)
 ParOldGen       total 41728K, used 13459K [0x73300000, 0x75bc0000, 0x9dd80000)
  object space 41728K, 32% used [0x73300000,0x74024fb0,0x75bc0000)
 PSPermGen       total 16384K, used 4023K [0x6b300000, 0x6c300000, 0x73300000)
  object space 16384K, 24% used [0x6b300000,0x6b6edf00,0x6c300000)

Deoptimization events (10 events):
Event: 3.216 Thread 0xb6407c00 Uncommon trap: reason=null_check action=make_not_entrant pc=0xb34c8b54 method=com.android.dx.rop.type.Type.putIntern(Lcom/android/dx/rop/type/Type;)Lcom/android/dx/rop/type/Type; @ 18
Event: 3.837 Thread 0xb6407c00 Uncommon trap: reason=unreached action=reinterpret pc=0xb348fdbc method=com.android.dx.ssa.SCCP.simulateBranch(Lcom/android/dx/ssa/SsaInsn;)V @ 132
Event: 3.837 Thread 0xb6407c00 Uncommon trap: reason=unloaded action=reinterpret pc=0xb3525810 method=com.android.dx.ssa.LiteralOpUpgrader$1.visitNonMoveInsn(Lcom/android/dx/ssa/NormalSsaInsn;)V @ 72
Event: 4.129 Thread 0xb6407c00 Uncommon trap: reason=bimorphic action=maybe_recompile pc=0xb3516914 method=com.android.dx.cf.code.BytecodeArray.parseInstruction(ILcom/android/dx/cf/code/BytecodeArray$Visitor;)I @ 1597
Event: 4.129 Thread 0xb6407c00 Uncommon trap: reason=bimorphic action=maybe_recompile pc=0xb3516914 method=com.android.dx.cf.code.BytecodeArray.parseInstruction(ILcom/android/dx/cf/code/BytecodeArray$Visitor;)I @ 1597
Event: 4.199 Thread 0xb6407c00 Uncommon trap: reason=bimorphic action=maybe_recompile pc=0xb35164c4 method=com.android.dx.cf.code.BytecodeArray.parseInstruction(ILcom/android/dx/cf/code/BytecodeArray$Visitor;)I @ 2281
Event: 4.199 Thread 0xb6407c00 Uncommon trap: reason=bimorphic action=maybe_recompile pc=0xb35164c4 method=com.android.dx.cf.code.BytecodeArray.parseInstruction(ILcom/android/dx/cf/code/BytecodeArray$Visitor;)I @ 2281
Event: 4.999 Thread 0xb6407c00 Uncommon trap: reason=unloaded action=reinterpret pc=0xb356f3c8 method=com.android.dx.cf.cst.ConstantPoolParser.parse0(ILjava/util/BitSet;)Lcom/android/dx/rop/cst/Constant; @ 220
Event: 5.141 Thread 0xb6407c00 Uncommon trap: reason=bimorphic action=maybe_recompile pc=0xb358c100 method=com.android.dx.cf.code.RopperMachine.run(Lcom/android/dx/cf/code/Frame;II)V @ 988
Event: 5.160 Thread 0xb6407c00 Uncommon trap: reason=bimorphic action=maybe_recompile pc=0xb358c0b0 method=com.android.dx.cf.code.RopperMachine.run(Lcom/android/dx/cf/code/Frame;II)V @ 310

Internal exceptions (10 events):
Event: 0.395 Thread 0xb6407c00 Threw 0x9e5ce3e0 at /build/buildd/openjdk-7-7u75-2.5.4/build/openjdk/hotspot/src/share/vm/prims/jvm.cpp:1284
Event: 0.559 Thread 0xb6407c00 Implicit null exception at 0xb343fe6c to 0xb3440045
Event: 1.090 Thread 0xb6407c00 Threw 0x9e00b850 at /build/buildd/openjdk-7-7u75-2.5.4/build/openjdk/hotspot/src/share/vm/prims/jvm.cpp:1284
Event: 1.470 Thread 0xb6407c00 Implicit null exception at 0xb347765d to 0xb3478679
Event: 2.601 Thread 0xb6407c00 Threw 0x9e53b218 at /build/buildd/openjdk-7-7u75-2.5.4/build/openjdk/hotspot/src/share/vm/prims/jvm.cpp:1284
Event: 2.789 Thread 0xb6407c00 Implicit null exception at 0xb34ce138 to 0xb34cf849
Event: 2.903 Thread 0xb6407c00 Threw 0x9eacccf8 at /build/buildd/openjdk-7-7u75-2.5.4/build/openjdk/hotspot/src/share/vm/prims/jvm.cpp:1284
Event: 3.216 Thread 0xb6407c00 Implicit null exception at 0xb34c8576 to 0xb34c8b45
Event: 3.837 Thread 0xb6407c00 Threw 0x9f5b5b40 at /build/buildd/openjdk-7-7u75-2.5.4/build/openjdk/hotspot/src/share/vm/prims/jvm.cpp:1284
Event: 5.670 Thread 0xb6407c00 Threw 0xa08aa038 at /build/buildd/openjdk-7-7u75-2.5.4/build/openjdk/hotspot/src/share/vm/prims/jvm.cpp:1284

Events (10 events):
Event: 5.141 Thread 0xb6407c00 DEOPT UNPACKING pc=0xb3413bc8 sp=0xb65bb99c mode 2
Event: 5.160 Thread 0xb6407c00 Uncommon trap: trap_request=0xffffffc6 fr.pc=0xb358c0b0
Event: 5.160 Thread 0xb6407c00 DEOPT PACKING pc=0xb358c0b0 sp=0xb65bb9c0
Event: 5.160 Thread 0xb6407c00 DEOPT UNPACKING pc=0xb3413bc8 sp=0xb65bb998 mode 2
Event: 5.598 Thread 0x67f2a800 flushing nmethod 0xb3476c08
Event: 5.599 Thread 0x67f2a800 flushing nmethod 0xb348aec8
Event: 5.599 Thread 0x67f2a800 flushing nmethod 0xb3493f08
Event: 5.670 loading class 0x67f6ee88
Event: 5.670 loading class 0x67f6ee88 done
Event: 6.101 Executing VM operation: ParallelGCFailedAllocation


Dynamic libraries:
08048000-08049000 r-xp 00000000 08:05 4983886    /usr/lib/jvm/java-7-openjdk-i386/jre/bin/java
08049000-0804a000 r--p 00000000 08:05 4983886    /usr/lib/jvm/java-7-openjdk-i386/jre/bin/java
0804a000-0804b000 rw-p 00001000 08:05 4983886    /usr/lib/jvm/java-7-openjdk-i386/jre/bin/java
08c2d000-09733000 rw-p 00000000 00:00 0          [heap]
66800000-668f9000 rw-p 00000000 00:00 0 
668f9000-66900000 ---p 00000000 00:00 0 
66900000-669fc000 rw-p 00000000 00:00 0 
669fc000-66a00000 ---p 00000000 00:00 0 
66a00000-66afb000 rw-p 00000000 00:00 0 
66afb000-66b00000 ---p 00000000 00:00 0 
66b59000-66c00000 rw-p 00000000 00:00 0 
66c00000-66cf1000 rw-p 00000000 00:00 0 
66cf1000-66d00000 ---p 00000000 00:00 0 
66d00000-66dfd000 rw-p 00000000 00:00 0 
66dfd000-66e00000 ---p 00000000 00:00 0 
66e00000-66ef8000 rw-p 00000000 00:00 0 
66ef8000-66f00000 ---p 00000000 00:00 0 
66f00000-66ff1000 rw-p 00000000 00:00 0 
66ff1000-67000000 ---p 00000000 00:00 0 
67000000-670fe000 rw-p 00000000 00:00 0 
670fe000-67100000 ---p 00000000 00:00 0 
67100000-671f8000 rw-p 00000000 00:00 0 
671f8000-67200000 ---p 00000000 00:00 0 
67200000-672e8000 rw-p 00000000 00:00 0 
672e8000-67300000 ---p 00000000 00:00 0 
67300000-673eb000 rw-p 00000000 00:00 0 
673eb000-67400000 ---p 00000000 00:00 0 
67400000-674f0000 rw-p 00000000 00:00 0 
674f0000-67500000 ---p 00000000 00:00 0 
67500000-675fb000 rw-p 00000000 00:00 0 
675fb000-67600000 ---p 00000000 00:00 0 
67600000-67641000 rw-p 00000000 00:00 0 
67641000-67700000 ---p 00000000 00:00 0 
67784000-677be000 r-xp 00000000 08:05 3802088    /lib/i386-linux-gnu/libpcre.so.3.12.1
677be000-677bf000 r--p 00039000 08:05 3802088    /lib/i386-linux-gnu/libpcre.so.3.12.1
677bf000-677c0000 rw-p 0003a000 08:05 3802088    /lib/i386-linux-gnu/libpcre.so.3.12.1
677c0000-677c5000 r-xp 00000000 08:05 4985471    /usr/lib/i386-linux-gnu/libffi.so.6.0.0
677c5000-677c6000 r--p 00004000 08:05 4985471    /usr/lib/i386-linux-gnu/libffi.so.6.0.0
677c6000-677c7000 rw-p 00005000 08:05 4985471    /usr/lib/i386-linux-gnu/libffi.so.6.0.0
677c7000-677da000 r-xp 00000000 08:05 3802099    /lib/i386-linux-gnu/libresolv-2.15.so
677da000-677db000 ---p 00013000 08:05 3802099    /lib/i386-linux-gnu/libresolv-2.15.so
677db000-677dc000 r--p 00013000 08:05 3802099    /lib/i386-linux-gnu/libresolv-2.15.so
677dc000-677dd000 rw-p 00014000 08:05 3802099    /lib/i386-linux-gnu/libresolv-2.15.so
677dd000-677df000 rw-p 00000000 00:00 0 
677df000-677fc000 r-xp 00000000 08:05 3802103    /lib/i386-linux-gnu/libselinux.so.1
677fc000-677fd000 r--p 0001c000 08:05 3802103    /lib/i386-linux-gnu/libselinux.so.1
677fd000-677fe000 rw-p 0001d000 08:05 3802103    /lib/i386-linux-gnu/libselinux.so.1
677fe000-678f5000 r-xp 00000000 08:05 3802040    /lib/i386-linux-gnu/libglib-2.0.so.0.3200.3
678f5000-678f6000 r--p 000f6000 08:05 3802040    /lib/i386-linux-gnu/libglib-2.0.so.0.3200.3
678f6000-678f7000 rw-p 000f7000 08:05 3802040    /lib/i386-linux-gnu/libglib-2.0.so.0.3200.3
678f7000-67944000 r-xp 00000000 08:05 4985532    /usr/lib/i386-linux-gnu/libgobject-2.0.so.0.3200.3
67944000-67945000 r--p 0004c000 08:05 4985532    /usr/lib/i386-linux-gnu/libgobject-2.0.so.0.3200.3
67945000-67946000 rw-p 0004d000 08:05 4985532    /usr/lib/i386-linux-gnu/libgobject-2.0.so.0.3200.3
67946000-67a99000 r-xp 00000000 08:05 4985508    /usr/lib/i386-linux-gnu/libgio-2.0.so.0.3200.3
67a99000-67a9b000 r--p 00153000 08:05 4985508    /usr/lib/i386-linux-gnu/libgio-2.0.so.0.3200.3
67a9b000-67a9c000 rw-p 00155000 08:05 4985508    /usr/lib/i386-linux-gnu/libgio-2.0.so.0.3200.3
67a9c000-67a9d000 rw-p 00000000 00:00 0 
67aaf000-67ac6000 r-xp 00000000 08:05 4989135    /usr/lib/jvm/java-7-openjdk-i386/jre/lib/i386/libnet.so
67ac6000-67ac7000 r--p 00016000 08:05 4989135    /usr/lib/jvm/java-7-openjdk-i386/jre/lib/i386/libnet.so
67ac7000-67ac8000 rw-p 00017000 08:05 4989135    /usr/lib/jvm/java-7-openjdk-i386/jre/lib/i386/libnet.so
67ac8000-67ad9000 r-xp 00000000 08:05 4989121    /usr/lib/jvm/java-7-openjdk-i386/jre/lib/i386/libnio.so
67ad9000-67ada000 r--p 00010000 08:05 4989121    /usr/lib/jvm/java-7-openjdk-i386/jre/lib/i386/libnio.so
67ada000-67adb000 rw-p 00011000 08:05 4989121    /usr/lib/jvm/java-7-openjdk-i386/jre/lib/i386/libnio.so
67adb000-67adc000 ---p 00000000 00:00 0 
67adc000-67b5c000 rw-p 00000000 00:00 0 
67b5c000-67b5f000 ---p 00000000 00:00 0 
67b5f000-67bad000 rw-p 00000000 00:00 0 
67bad000-67bb0000 ---p 00000000 00:00 0 
67bb0000-67c2e000 rw-p 00000000 00:00 0 
67c2e000-67c31000 ---p 00000000 00:00 0 
67c31000-67caf000 rw-p 00000000 00:00 0 
67caf000-67cb2000 ---p 00000000 00:00 0 
67cb2000-67d00000 rw-p 00000000 00:00 0 
67d00000-67f00000 r--p 00000000 08:05 4988066    /usr/lib/locale/locale-archive
67f00000-67fff000 rw-p 00000000 00:00 0 
67fff000-68000000 ---p 00000000 00:00 0 
68005000-68006000 ---p 00000000 00:00 0 
68006000-680cf000 rw-p 00000000 00:00 0 
680cf000-68280000 r--s 01d23000 08:05 4989042    /usr/lib/jvm/java-7-openjdk-i386/jre/lib/rt.jar
68280000-6ab00000 rw-p 00000000 00:00 0 
6ab00000-6abff000 rw-p 00000000 00:00 0 
6abff000-6ac00000 ---p 00000000 00:00 0 
6ac03000-6ac06000 ---p 00000000 00:00 0 
6ac06000-6ac54000 rw-p 00000000 00:00 0 
6ac54000-6ac57000 ---p 00000000 00:00 0 
6ac57000-6ad00000 rw-p 00000000 00:00 0 
6ad00000-6ad21000 rw-p 00000000 00:00 0 
6ad21000-6ae00000 ---p 00000000 00:00 0 
6ae04000-6ae07000 r-xp 00000000 08:05 4985518    /usr/lib/i386-linux-gnu/libgmodule-2.0.so.0.3200.3
6ae07000-6ae08000 r--p 00002000 08:05 4985518    /usr/lib/i386-linux-gnu/libgmodule-2.0.so.0.3200.3
6ae08000-6ae09000 rw-p 00003000 08:05 4985518    /usr/lib/i386-linux-gnu/libgmodule-2.0.so.0.3200.3
6ae09000-6ae15000 r--s 0009c000 08:06 20972383   /home/ankit/Traafik latest/TraafikAppLatest/app/build/intermediates/exploded-aar/com.facebook.android/facebook-android-sdk/4.4.0/jars/classes.jar
6ae15000-6ae24000 r--s 000dd000 08:06 21369266   /home/ankit/Ankitt Data/ECLIPSE/sdk/build-tools/22.0.1/lib/dx.jar
6ae24000-6ae27000 r--s 0000f000 08:05 4989079    /usr/lib/jvm/java-7-openjdk-i386/jre/lib/ext/icedtea-sound.jar
6ae27000-6ae28000 ---p 00000000 00:00 0 
6ae28000-6aea8000 rw-p 00000000 00:00 0 
6aea8000-6aea9000 ---p 00000000 00:00 0 
6aea9000-6af31000 rw-p 00000000 00:00 0 
6af31000-6af69000 rw-p 00000000 00:00 0 
6af69000-6af7e000 rw-p 00000000 00:00 0 
6af7e000-6b0bf000 rw-p 00000000 00:00 0 
6b0bf000-6b0c7000 rw-p 00000000 00:00 0 
6b0c7000-6b0ff000 rw-p 00000000 00:00 0 
6b0ff000-6b114000 rw-p 00000000 00:00 0 
6b114000-6b254000 rw-p 00000000 00:00 0 
6b254000-6b27c000 rw-p 00000000 00:00 0 
6b27c000-6b2ff000 rw-p 00000000 00:00 0 
6b2ff000-6c300000 rw-p 00000000 00:00 0 
6c300000-73300000 rw-p 00000000 00:00 0 
73300000-75bc0000 rw-p 00000000 00:00 0 
75bc0000-9dd80000 rw-p 00000000 00:00 0 
9dd80000-a2b80000 rw-p 00000000 00:00 0 
a7380000-b3300000 rw-p 00000000 00:00 0 
b3302000-b3304000 r--s 00012000 08:05 4989084    /usr/lib/jvm/java-7-openjdk-i386/jre/lib/ext/zipfs.jar
b3304000-b3308000 r--s 00034000 08:05 4989083    /usr/lib/jvm/java-7-openjdk-i386/jre/lib/ext/sunjce_provider.jar
b3308000-b330c000 r--s 0003c000 08:05 4989081    /usr/lib/jvm/java-7-openjdk-i386/jre/lib/ext/sunpkcs11.jar
b330c000-b3330000 rw-p 00000000 00:00 0 
b3330000-b33e7000 rw-p 00000000 00:00 0 
b33e7000-b3627000 rwxp 00000000 00:00 0 
b3627000-b63e7000 rw-p 00000000 00:00 0 
b63e7000-b63f2000 r-xp 00000000 08:05 3802066    /lib/i386-linux-gnu/libnss_files-2.15.so
b63f2000-b63f3000 r--p 0000a000 08:05 3802066    /lib/i386-linux-gnu/libnss_files-2.15.so
b63f3000-b63f4000 rw-p 0000b000 08:05 3802066    /lib/i386-linux-gnu/libnss_files-2.15.so
b63f4000-b63fe000 r-xp 00000000 08:05 3802070    /lib/i386-linux-gnu/libnss_nis-2.15.so
b63fe000-b63ff000 r--p 00009000 08:05 3802070    /lib/i386-linux-gnu/libnss_nis-2.15.so
b63ff000-b6400000 rw-p 0000a000 08:05 3802070    /lib/i386-linux-gnu/libnss_nis-2.15.so
b6400000-b64fd000 rw-p 00000000 00:00 0 
b64fd000-b6500000 ---p 00000000 00:00 0 
b6501000-b6502000 r--s 00007000 08:05 5246941    /usr/share/java/java-atk-wrapper.jar
b6502000-b6505000 r--s 00086000 08:05 4989082    /usr/lib/jvm/java-7-openjdk-i386/jre/lib/ext/localedata.jar
b6505000-b651b000 r-xp 00000000 08:05 3802060    /lib/i386-linux-gnu/libnsl-2.15.so
b651b000-b651c000 r--p 00015000 08:05 3802060    /lib/i386-linux-gnu/libnsl-2.15.so
b651c000-b651d000 rw-p 00016000 08:05 3802060    /lib/i386-linux-gnu/libnsl-2.15.so
b651d000-b651f000 rw-p 00000000 00:00 0 
b651f000-b6526000 r-xp 00000000 08:05 3802062    /lib/i386-linux-gnu/libnss_compat-2.15.so
b6526000-b6527000 r--p 00006000 08:05 3802062    /lib/i386-linux-gnu/libnss_compat-2.15.so
b6527000-b6528000 rw-p 00007000 08:05 3802062    /lib/i386-linux-gnu/libnss_compat-2.15.so
b6528000-b6530000 r-xp 00000000 08:05 4989114    /usr/lib/jvm/java-7-openjdk-i386/jre/lib/i386/libzip.so
b6530000-b6531000 r--p 00007000 08:05 4989114    /usr/lib/jvm/java-7-openjdk-i386/jre/lib/i386/libzip.so
b6531000-b6532000 rw-p 00008000 08:05 4989114    /usr/lib/jvm/java-7-openjdk-i386/jre/lib/i386/libzip.so
b6532000-b653a000 rw-s 00000000 08:05 145467     /tmp/hsperfdata_ankit/19084
b653a000-b6561000 r-xp 00000000 08:05 4989134    /usr/lib/jvm/java-7-openjdk-i386/jre/lib/i386/libjava.so
b6561000-b6562000 r--p 00026000 08:05 4989134    /usr/lib/jvm/java-7-openjdk-i386/jre/lib/i386/libjava.so
b6562000-b6563000 rw-p 00027000 08:05 4989134    /usr/lib/jvm/java-7-openjdk-i386/jre/lib/i386/libjava.so
b6563000-b656a000 r-xp 00000000 08:05 3802101    /lib/i386-linux-gnu/librt-2.15.so
b656a000-b656b000 r--p 00006000 08:05 3802101    /lib/i386-linux-gnu/librt-2.15.so
b656b000-b656c000 rw-p 00007000 08:05 3802101    /lib/i386-linux-gnu/librt-2.15.so
b656c000-b656f000 ---p 00000000 00:00 0 
b656f000-b65bd000 rw-p 00000000 00:00 0 
b65bd000-b65d9000 r-xp 00000000 08:05 3802036    /lib/i386-linux-gnu/libgcc_s.so.1
b65d9000-b65da000 r--p 0001b000 08:05 3802036    /lib/i386-linux-gnu/libgcc_s.so.1
b65da000-b65db000 rw-p 0001c000 08:05 3802036    /lib/i386-linux-gnu/libgcc_s.so.1
b65db000-b6605000 r-xp 00000000 08:05 3802047    /lib/i386-linux-gnu/libm-2.15.so
b6605000-b6606000 r--p 00029000 08:05 3802047    /lib/i386-linux-gnu/libm-2.15.so
b6606000-b6607000 rw-p 0002a000 08:05 3802047    /lib/i386-linux-gnu/libm-2.15.so
b6607000-b66df000 r-xp 00000000 08:05 4985813    /usr/lib/i386-linux-gnu/libstdc++.so.6.0.16
b66df000-b66e0000 ---p 000d8000 08:05 4985813    /usr/lib/i386-linux-gnu/libstdc++.so.6.0.16
b66e0000-b66e4000 r--p 000d8000 08:05 4985813    /usr/lib/i386-linux-gnu/libstdc++.so.6.0.16
b66e4000-b66e5000 rw-p 000dc000 08:05 4985813    /usr/lib/i386-linux-gnu/libstdc++.so.6.0.16
b66e5000-b66ec000 rw-p 00000000 00:00 0 
b66ec000-b70ae000 r-xp 00000000 08:05 4989140    /usr/lib/jvm/java-7-openjdk-i386/jre/lib/i386/server/libjvm.so
b70ae000-b7103000 r--p 009c2000 08:05 4989140    /usr/lib/jvm/java-7-openjdk-i386/jre/lib/i386/server/libjvm.so
b7103000-b7117000 rw-p 00a17000 08:05 4989140    /usr/lib/jvm/java-7-openjdk-i386/jre/lib/i386/server/libjvm.so
b7117000-b7535000 rw-p 00000000 00:00 0 
b7535000-b7549000 r-xp 00000000 08:05 3802126    /lib/i386-linux-gnu/libz.so.1.2.3.4
b7549000-b754a000 r--p 00013000 08:05 3802126    /lib/i386-linux-gnu/libz.so.1.2.3.4
b754a000-b754b000 rw-p 00014000 08:05 3802126    /lib/i386-linux-gnu/libz.so.1.2.3.4
b754b000-b7562000 r-xp 00000000 08:05 3802095    /lib/i386-linux-gnu/libpthread-2.15.so
b7562000-b7563000 r--p 00016000 08:05 3802095    /lib/i386-linux-gnu/libpthread-2.15.so
b7563000-b7564000 rw-p 00017000 08:05 3802095    /lib/i386-linux-gnu/libpthread-2.15.so
b7564000-b7566000 rw-p 00000000 00:00 0 
b7566000-b7569000 r-xp 00000000 08:05 3802028    /lib/i386-linux-gnu/libdl-2.15.so
b7569000-b756a000 r--p 00002000 08:05 3802028    /lib/i386-linux-gnu/libdl-2.15.so
b756a000-b756b000 rw-p 00003000 08:05 3802028    /lib/i386-linux-gnu/libdl-2.15.so
b756b000-b770a000 r-xp 00000000 08:05 3802015    /lib/i386-linux-gnu/libc-2.15.so
b770a000-b770c000 r--p 0019f000 08:05 3802015    /lib/i386-linux-gnu/libc-2.15.so
b770c000-b770d000 rw-p 001a1000 08:05 3802015    /lib/i386-linux-gnu/libc-2.15.so
b770d000-b7710000 rw-p 00000000 00:00 0 
b7710000-b7711000 r--s 00002000 08:05 4989080    /usr/lib/jvm/java-7-openjdk-i386/jre/lib/ext/dnsns.jar
b7711000-b7712000 r--p 005db000 08:05 4988066    /usr/lib/locale/locale-archive
b7712000-b7713000 rw-p 00000000 00:00 0 
b7713000-b7714000 ---p 00000000 00:00 0 
b7714000-b7720000 r-xp 00000000 08:05 4989131    /usr/lib/jvm/java-7-openjdk-i386/jre/lib/i386/libverify.so
b7720000-b7721000 r--p 0000b000 08:05 4989131    /usr/lib/jvm/java-7-openjdk-i386/jre/lib/i386/libverify.so
b7721000-b7722000 rw-p 0000c000 08:05 4989131    /usr/lib/jvm/java-7-openjdk-i386/jre/lib/i386/libverify.so
b7722000-b772f000 r-xp 00000000 08:05 4989106    /usr/lib/jvm/java-7-openjdk-i386/jre/lib/i386/jli/libjli.so
b772f000-b7730000 r--p 0000c000 08:05 4989106    /usr/lib/jvm/java-7-openjdk-i386/jre/lib/i386/jli/libjli.so
b7730000-b7731000 rw-p 0000d000 08:05 4989106    /usr/lib/jvm/java-7-openjdk-i386/jre/lib/i386/jli/libjli.so
b7731000-b7734000 rw-p 00000000 00:00 0 
b7734000-b7735000 r-xp 00000000 00:00 0          [vdso]
b7735000-b7755000 r-xp 00000000 08:05 3801995    /lib/i386-linux-gnu/ld-2.15.so
b7755000-b7756000 r--p 0001f000 08:05 3801995    /lib/i386-linux-gnu/ld-2.15.so
b7756000-b7757000 rw-p 00020000 08:05 3801995    /lib/i386-linux-gnu/ld-2.15.so
bf8c0000-bf8c1000 rwxp 00000000 00:00 0 
bf8f3000-bf914000 rw-p 00000000 00:00 0          [stack]

VM Arguments:
jvm_args: -Xmx1024M -Dfile.encoding=UTF-8 -Duser.country=IN -Duser.language=en -Duser.variant 
java_command: com.android.dx.command.Main --dex --output /home/ankit/Traafik latest/TraafikAppLatest/app/build/intermediates/pre-dexed/debug/classes-91137e8f3472e28ab1994811e2560219a5965c9c.jar /home/ankit/Traafik latest/TraafikAppLatest/app/build/intermediates/exploded-aar/com.facebook.android/facebook-android-sdk/4.4.0/jars/classes.jar
Launcher Type: SUN_STANDARD

Environment Variables:
PATH=/usr/lib/lightdm/lightdm:/usr/local/sbin:/usr/local/bin:/usr/sbin:/usr/bin:/sbin:/bin:/usr/games
LD_LIBRARY_PATH=/home/ankit/Android studio/android-studio/bin:
SHELL=/bin/bash
DISPLAY=:0.0

Signal Handlers:
SIGSEGV: [libjvm.so+0x80b550], sa_mask[0]=0x7ffbfeff, sa_flags=0x10000004
SIGBUS: [libjvm.so+0x80b550], sa_mask[0]=0x7ffbfeff, sa_flags=0x10000004
SIGFPE: [libjvm.so+0x6753e0], sa_mask[0]=0x7ffbfeff, sa_flags=0x10000004
SIGPIPE: [libjvm.so+0x6753e0], sa_mask[0]=0x7ffbfeff, sa_flags=0x10000004
SIGXFSZ: [libjvm.so+0x6753e0], sa_mask[0]=0x7ffbfeff, sa_flags=0x10000004
SIGILL: [libjvm.so+0x6753e0], sa_mask[0]=0x7ffbfeff, sa_flags=0x10000004
SIGUSR1: SIG_DFL, sa_mask[0]=0x00000000, sa_flags=0x00000000
SIGUSR2: [libjvm.so+0x675690], sa_mask[0]=0x00000004, sa_flags=0x10000004
SIGHUP: [libjvm.so+0x675850], sa_mask[0]=0x7ffbfeff, sa_flags=0x10000004
SIGINT: [libjvm.so+0x675850], sa_mask[0]=0x7ffbfeff, sa_flags=0x10000004
SIGTERM: [libjvm.so+0x675850], sa_mask[0]=0x7ffbfeff, sa_flags=0x10000004
SIGQUIT: [libjvm.so+0x675850], sa_mask[0]=0x7ffbfeff, sa_flags=0x10000004
SIGTRAP: SIG_DFL, sa_mask[0]=0x00000000, sa_flags=0x00000000


---------------  S Y S T E M  ---------------

OS:Ubuntu 12.04 (precise)
uname:Linux 3.2.0-29-generic-pae #46-Ubuntu SMP Fri Jul 27 17:25:43 UTC 2012 i686
libc:glibc 2.15 NPTL 2.15 
rlimit: STACK 8192k, CORE 0k, NPROC 31169, NOFILE 4096, AS infinity
load average:3.50 1.65 1.12

/proc/meminfo:
MemTotal:        4004304 kB
MemFree:          158660 kB
Buffers:             312 kB
Cached:           547620 kB
SwapCached:            0 kB
Active:          3428052 kB
Inactive:         335872 kB
Active(anon):    3369192 kB
Inactive(anon):   280496 kB
Active(file):      58860 kB
Inactive(file):    55376 kB
Unevictable:          16 kB
Mlocked:              16 kB
HighTotal:       3159312 kB
HighFree:           1088 kB
LowTotal:         844992 kB
LowFree:          157572 kB
SwapTotal:             0 kB
SwapFree:              0 kB
Dirty:                 0 kB
Writeback:             0 kB
AnonPages:       3216188 kB
Mapped:            81776 kB
Shmem:            433548 kB
Slab:              40532 kB
SReclaimable:      20788 kB
SUnreclaim:        19744 kB
KernelStack:        4896 kB
PageTables:        20360 kB
NFS_Unstable:          0 kB
Bounce:                0 kB
WritebackTmp:          0 kB
CommitLimit:     2002152 kB
Committed_AS:    7905852 kB
VmallocTotal:     122880 kB
VmallocUsed:       15252 kB
VmallocChunk:     106584 kB
HardwareCorrupted:     0 kB
AnonHugePages:         0 kB
HugePages_Total:       0
HugePages_Free:        0
HugePages_Rsvd:        0
HugePages_Surp:        0
Hugepagesize:       2048 kB
DirectMap4k:       10232 kB
DirectMap2M:      903168 kB


CPU:total 2 (2 cores per cpu, 1 threads per core) family 6 model 58 stepping 9, cmov, cx8, fxsr, mmx, sse, sse2, sse3, ssse3, sse4.1, sse4.2, popcnt, erms, tsc, tscinvbit, tscinv

/proc/cpuinfo:
processor	: 0
vendor_id	: GenuineIntel
cpu family	: 6
model		: 58
model name	: Intel(R) Pentium(R) CPU G2030 @ 3.00GHz
stepping	: 9
microcode	: 0x17
cpu MHz		: 3000.000
cache size	: 3072 KB
physical id	: 0
siblings	: 2
core id		: 0
cpu cores	: 2
apicid		: 0
initial apicid	: 0
fdiv_bug	: no
hlt_bug		: no
f00f_bug	: no
coma_bug	: no
fpu		: yes
fpu_exception	: yes
cpuid level	: 13
wp		: yes
flags		: fpu vme de pse tsc msr pae mce cx8 apic sep mtrr pge mca cmov pat pse36 clflush dts acpi mmx fxsr sse sse2 ss ht tm pbe nx rdtscp lm constant_tsc arch_perfmon pebs bts xtopology nonstop_tsc aperfmperf pni pclmulqdq dtes64 monitor ds_cpl vmx est tm2 ssse3 cx16 xtpr pdcm pcid sse4_1 sse4_2 popcnt tsc_deadline_timer xsave lahf_lm arat epb xsaveopt pln pts dtherm tpr_shadow vnmi flexpriority ept vpid fsgsbase smep erms
bogomips	: 5986.77
clflush size	: 64
cache_alignment	: 64
address sizes	: 36 bits physical, 48 bits virtual
power management:

processor	: 1
vendor_id	: GenuineIntel
cpu family	: 6
model		: 58
model name	: Intel(R) Pentium(R) CPU G2030 @ 3.00GHz
stepping	: 9
microcode	: 0x17
cpu MHz		: 3000.000
cache size	: 3072 KB
physical id	: 0
siblings	: 2
core id		: 1
cpu cores	: 2
apicid		: 2
initial apicid	: 2
fdiv_bug	: no
hlt_bug		: no
f00f_bug	: no
coma_bug	: no
fpu		: yes
fpu_exception	: yes
cpuid level	: 13
wp		: yes
flags		: fpu vme de pse tsc msr pae mce cx8 apic sep mtrr pge mca cmov pat pse36 clflush dts acpi mmx fxsr sse sse2 ss ht tm pbe nx rdtscp lm constant_tsc arch_perfmon pebs bts xtopology nonstop_tsc aperfmperf pni pclmulqdq dtes64 monitor ds_cpl vmx est tm2 ssse3 cx16 xtpr pdcm pcid sse4_1 sse4_2 popcnt tsc_deadline_timer xsave lahf_lm arat epb xsaveopt pln pts dtherm tpr_shadow vnmi flexpriority ept vpid fsgsbase smep erms
bogomips	: 5986.12
clflush size	: 64
cache_alignment	: 64
address sizes	: 36 bits physical, 48 bits virtual
power management:



Memory: 4k page, physical 4004304k(158660k free), swap 0k(0k free)

vm_info: OpenJDK Server VM (24.75-b04) for linux-x86 JRE (1.7.0_75-b13), built on Jan 27 2015 16:24:35 by "buildd" with gcc 4.6.3

time: Mon Jul 20 18:32:26 2015
elapsed time: 6 seconds

