#
# There is insufficient memory for the Java Runtime Environment to continue.
# Native memory allocation (malloc) failed to allocate 73924608 bytes for committing reserved memory.
# Possible reasons:
#   The system is out of physical RAM or swap space
#   In 32 bit mode, the process size limit was hit
# Possible solutions:
#   Reduce memory load on the system
#   Increase physical memory or swap space
#   Check if swap backing store is full
#   Use 64 bit Java on a 64 bit OS
#   Decrease Java heap size (-Xmx/-Xms)
#   Decrease number of Java threads
#   Decrease Java thread stack sizes (-Xss)
#   Set larger code cache with -XX:ReservedCodeCacheSize=
# This output file may be truncated or incomplete.
#
#  Out of Memory Error (os_linux.cpp:2798), pid=15186, tid=1746426688
#
# JRE version: OpenJDK Runtime Environment (7.0_75-b13) (build 1.7.0_75-b13)
# Java VM: OpenJDK Server VM (24.75-b04 mixed mode linux-x86 )
# Derivative: IcedTea 2.5.4
# Distribution: Ubuntu 12.04 LTS, package 7u75-2.5.4-1~precise1
# Failed to write core dump. Core dumps have been disabled. To enable core dumping, try "ulimit -c unlimited" before starting Java again
#

---------------  T H R E A D  ---------------

Current thread (0x68010400):  VMThread [stack: 0x68105000,0x68186000] [id=15193]

Stack: [0x68105000,0x68186000]
[error occurred during error reporting (printing stack bounds), id 0xb]

VM_Operation (0xb661c928): ParallelGCFailedAllocation, mode: safepoint, requested by thread 0xb6407c00


---------------  P R O C E S S  ---------------

Java Threads: ( => current thread )
  0x6802c400 JavaThread "Service Thread" daemon [_thread_blocked, id=15199, stack(0x67bba000,0x67c0b000)]
  0x6802a800 JavaThread "C2 CompilerThread1" daemon [_thread_blocked, id=15198, stack(0x67c0b000,0x67c8c000)]
  0x68028800 JavaThread "C2 CompilerThread0" daemon [_thread_blocked, id=15197, stack(0x67c8c000,0x67d0d000)]
  0x68026c00 JavaThread "Signal Dispatcher" daemon [_thread_blocked, id=15196, stack(0x67d0d000,0x67d5e000)]
  0x68014400 JavaThread "Finalizer" daemon [_thread_blocked, id=15195, stack(0x67f5e000,0x67faf000)]
  0x68012800 JavaThread "Reference Handler" daemon [_thread_blocked, id=15194, stack(0x67faf000,0x68000000)]
  0xb6407c00 JavaThread "main" [_thread_blocked, id=15188, stack(0xb65cd000,0xb661e000)]

Other Threads:
=>0x68010400 VMThread [stack: 0x68105000,0x68186000] [id=15193]
  0x6802e000 WatcherThread [stack: 0x67b39000,0x67bba000] [id=15200]

VM state:at safepoint (normal execution)

VM Mutex/Monitor currently owned by a thread:  ([mutex/lock_event])
[0xb6405248] Threads_lock - owner thread: 0x68010400
[0xb6405658] Heap_lock - owner thread: 0xb6407c00

Heap
 PSYoungGen      total 72448K, used 9717K [0x9ddc0000, 0xa2ec0000, 0xb3340000)
  eden space 62720K, 0% used [0x9ddc0000,0x9ddc0000,0xa1b00000)
  from space 9728K, 99% used [0xa1b00000,0xa247d430,0xa2480000)
  to   space 8960K, 0% used [0xa2480000,0xa2480000,0xa2d40000)
 ParOldGen       total 41728K, used 23342K [0x73340000, 0x75c00000, 0x9ddc0000)
  object space 41728K, 55% used [0x73340000,0x74a0b838,0x75c00000)
 PSPermGen       total 16384K, used 3999K [0x6b340000, 0x6c340000, 0x73340000)
  object space 16384K, 24% used [0x6b340000,0x6b727fb8,0x6c340000)

Card table byte_map: [0x6b0ff000,0x6b340000] byte_map_base: 0x6ada5600

Polling page: 0xb7774000

Code Cache  [0xb3400000, 0xb3640000, 0xb6400000)
 total_blobs=711 nmethods=592 adapters=73 free_code_cache=46974Kb largest_free_block=48069056

Compilation events (10 events):
Event: 7.351 Thread 0x68028800 nmethod 600 0xb3619548 code [0xb3619660, 0xb3619850]
Event: 7.351 Thread 0x68028800  601             com.android.dx.cf.code.OneLocalsArray::get (20 bytes)
Event: 7.352 Thread 0x68028800 nmethod 601 0xb3619308 code [0xb3619400, 0xb3619490]
Event: 7.352 Thread 0x68028800  602             com.android.dx.cf.code.BaseMachine::localInfo (6 bytes)
Event: 7.352 Thread 0x68028800 nmethod 602 0xb3618d48 code [0xb3618e20, 0xb3618e70]
Event: 7.352 Thread 0x68028800  603             com.android.dx.rop.cst.CstMemberRef::isCategory2 (2 bytes)
Event: 7.352 Thread 0x68028800 nmethod 603 0xb3625388 code [0xb3625460, 0xb36254b0]
Event: 7.352 Thread 0x68028800  604             com.android.dx.cf.direct.AttributeListParser::parseIfNecessary (12 bytes)
Event: 7.368 Thread 0x68028800 nmethod 604 0xb3624a48 code [0xb3624b80, 0xb3624ebc]
Event: 7.368 Thread 0x68028800  605             com.android.dx.dex.code.RopToDop::dopFor (792 bytes)

GC Heap History (10 events):
Event: 1.883 GC heap after
Heap after GC invocations=2 (full 0):
 PSYoungGen      total 18432K, used 2550K [0x9ddc0000, 0xa01c0000, 0xb3340000)
  eden space 15872K, 0% used [0x9ddc0000,0x9ddc0000,0x9ed40000)
  from space 2560K, 99% used [0x9efc0000,0x9f23d8d8,0x9f240000)
  to   space 2560K, 0% used [0x9ed40000,0x9ed40000,0x9efc0000)
 ParOldGen       total 41728K, used 3431K [0x73340000, 0x75c00000, 0x9ddc0000)
  object space 41728K, 8% used [0x73340000,0x73699cf0,0x75c00000)
 PSPermGen       total 16384K, used 3910K [0x6b340000, 0x6c340000, 0x73340000)
  object space 16384K, 23% used [0x6b340000,0x6b7118b0,0x6c340000)
}
Event: 3.004 GC heap before
{Heap before GC invocations=3 (full 0):
 PSYoungGen      total 18432K, used 18422K [0x9ddc0000, 0xa01c0000, 0xb3340000)
  eden space 15872K, 100% used [0x9ddc0000,0x9ed40000,0x9ed40000)
  from space 2560K, 99% used [0x9efc0000,0x9f23d8d8,0x9f240000)
  to   space 2560K, 0% used [0x9ed40000,0x9ed40000,0x9efc0000)
 ParOldGen       total 41728K, used 3431K [0x73340000, 0x75c00000, 0x9ddc0000)
  object space 41728K, 8% used [0x73340000,0x73699cf0,0x75c00000)
 PSPermGen       total 16384K, used 3934K [0x6b340000, 0x6c340000, 0x73340000)
  object space 16384K, 24% used [0x6b340000,0x6b717900,0x6c340000)
Event: 3.037 GC heap after
Heap after GC invocations=3 (full 0):
 PSYoungGen      total 18432K, used 2555K [0x9ddc0000, 0xa01c0000, 0xb3340000)
  eden space 15872K, 0% used [0x9ddc0000,0x9ddc0000,0x9ed40000)
  from space 2560K, 99% used [0x9ed40000,0x9efbedf8,0x9efc0000)
  to   space 2560K, 0% used [0x9ff40000,0x9ff40000,0xa01c0000)
 ParOldGen       total 41728K, used 6205K [0x73340000, 0x75c00000, 0x9ddc0000)
  object space 41728K, 14% used [0x73340000,0x7394f690,0x75c00000)
 PSPermGen       total 16384K, used 3934K [0x6b340000, 0x6c340000, 0x73340000)
  object space 16384K, 24% used [0x6b340000,0x6b717900,0x6c340000)
}
Event: 3.873 GC heap before
{Heap before GC invocations=4 (full 0):
 PSYoungGen      total 18432K, used 18427K [0x9ddc0000, 0xa01c0000, 0xb3340000)
  eden space 15872K, 100% used [0x9ddc0000,0x9ed40000,0x9ed40000)
  from space 2560K, 99% used [0x9ed40000,0x9efbedf8,0x9efc0000)
  to   space 2560K, 0% used [0x9ff40000,0x9ff40000,0xa01c0000)
 ParOldGen       total 41728K, used 6205K [0x73340000, 0x75c00000, 0x9ddc0000)
  object space 41728K, 14% used [0x73340000,0x7394f690,0x75c00000)
 PSPermGen       total 16384K, used 3944K [0x6b340000, 0x6c340000, 0x73340000)
  object space 16384K, 24% used [0x6b340000,0x6b71a0a0,0x6c340000)
Event: 3.891 GC heap after
Heap after GC invocations=4 (full 0):
 PSYoungGen      total 34304K, used 2558K [0x9ddc0000, 0xa01c0000, 0xb3340000)
  eden space 31744K, 0% used [0x9ddc0000,0x9ddc0000,0x9fcc0000)
  from space 2560K, 99% used [0x9ff40000,0xa01bf9c0,0xa01c0000)
  to   space 2560K, 0% used [0x9fcc0000,0x9fcc0000,0x9ff40000)
 ParOldGen       total 41728K, used 9433K [0x73340000, 0x75c00000, 0x9ddc0000)
  object space 41728K, 22% used [0x73340000,0x73c76790,0x75c00000)
 PSPermGen       total 16384K, used 3944K [0x6b340000, 0x6c340000, 0x73340000)
  object space 16384K, 24% used [0x6b340000,0x6b71a0a0,0x6c340000)
}
Event: 5.113 GC heap before
{Heap before GC invocations=5 (full 0):
 PSYoungGen      total 34304K, used 34302K [0x9ddc0000, 0xa01c0000, 0xb3340000)
  eden space 31744K, 100% used [0x9ddc0000,0x9fcc0000,0x9fcc0000)
  from space 2560K, 99% used [0x9ff40000,0xa01bf9c0,0xa01c0000)
  to   space 2560K, 0% used [0x9fcc0000,0x9fcc0000,0x9ff40000)
 ParOldGen       total 41728K, used 9433K [0x73340000, 0x75c00000, 0x9ddc0000)
  object space 41728K, 22% used [0x73340000,0x73c76790,0x75c00000)
 PSPermGen       total 16384K, used 3962K [0x6b340000, 0x6c340000, 0x73340000)
  object space 16384K, 24% used [0x6b340000,0x6b71ea98,0x6c340000)
Event: 5.150 GC heap after
Heap after GC invocations=5 (full 0):
 PSYoungGen      total 34304K, used 2556K [0x9ddc0000, 0xa2d40000, 0xb3340000)
  eden space 31744K, 0% used [0x9ddc0000,0x9ddc0000,0x9fcc0000)
  from space 2560K, 99% used [0x9fcc0000,0x9ff3f128,0x9ff40000)
  to   space 8960K, 0% used [0xa2480000,0xa2480000,0xa2d40000)
 ParOldGen       total 41728K, used 15529K [0x73340000, 0x75c00000, 0x9ddc0000)
  object space 41728K, 37% used [0x73340000,0x7426a538,0x75c00000)
 PSPermGen       total 16384K, used 3962K [0x6b340000, 0x6c340000, 0x73340000)
  object space 16384K, 24% used [0x6b340000,0x6b71ea98,0x6c340000)
}
Event: 6.201 GC heap before
{Heap before GC invocations=6 (full 0):
 PSYoungGen      total 34304K, used 34300K [0x9ddc0000, 0xa2d40000, 0xb3340000)
  eden space 31744K, 100% used [0x9ddc0000,0x9fcc0000,0x9fcc0000)
  from space 2560K, 99% used [0x9fcc0000,0x9ff3f128,0x9ff40000)
  to   space 8960K, 0% used [0xa2480000,0xa2480000,0xa2d40000)
 ParOldGen       total 41728K, used 15529K [0x73340000, 0x75c00000, 0x9ddc0000)
  object space 41728K, 37% used [0x73340000,0x7426a538,0x75c00000)
 PSPermGen       total 16384K, used 3985K [0x6b340000, 0x6c340000, 0x73340000)
  object space 16384K, 24% used [0x6b340000,0x6b7247f8,0x6c340000)
Event: 6.240 GC heap after
Heap after GC invocations=6 (full 0):
 PSYoungGen      total 71680K, used 7942K [0x9ddc0000, 0xa2ec0000, 0xb3340000)
  eden space 62720K, 0% used [0x9ddc0000,0x9ddc0000,0xa1b00000)
  from space 8960K, 88% used [0xa2480000,0xa2c41a08,0xa2d40000)
  to   space 9728K, 0% used [0xa1b00000,0xa1b00000,0xa2480000)
 ParOldGen       total 41728K, used 15529K [0x73340000, 0x75c00000, 0x9ddc0000)
  object space 41728K, 37% used [0x73340000,0x7426a538,0x75c00000)
 PSPermGen       total 16384K, used 3985K [0x6b340000, 0x6c340000, 0x73340000)
  object space 16384K, 24% used [0x6b340000,0x6b7247f8,0x6c340000)
}
Event: 7.369 GC heap before
{Heap before GC invocations=7 (full 0):
 PSYoungGen      total 71680K, used 70662K [0x9ddc0000, 0xa2ec0000, 0xb3340000)
  eden space 62720K, 100% used [0x9ddc0000,0xa1b00000,0xa1b00000)
  from space 8960K, 88% used [0xa2480000,0xa2c41a08,0xa2d40000)
  to   space 9728K, 0% used [0xa1b00000,0xa1b00000,0xa2480000)
 ParOldGen       total 41728K, used 15529K [0x73340000, 0x75c00000, 0x9ddc0000)
  object space 41728K, 37% used [0x73340000,0x7426a538,0x75c00000)
 PSPermGen       total 16384K, used 3999K [0x6b340000, 0x6c340000, 0x73340000)
  object space 16384K, 24% used [0x6b340000,0x6b727fb8,0x6c340000)

Deoptimization events (10 events):
Event: 6.406 Thread 0xb6407c00 Uncommon trap: reason=bimorphic action=maybe_recompile pc=0xb34fa8e8 method=com.android.dx.cf.code.BytecodeArray.parseInstruction(ILcom/android/dx/cf/code/BytecodeArray$Visitor;)I @ 2484
Event: 6.406 Thread 0xb6407c00 Uncommon trap: reason=bimorphic action=maybe_recompile pc=0xb34fa8e8 method=com.android.dx.cf.code.BytecodeArray.parseInstruction(ILcom/android/dx/cf/code/BytecodeArray$Visitor;)I @ 2484
Event: 6.437 Thread 0xb6407c00 Uncommon trap: reason=bimorphic action=maybe_recompile pc=0xb34fa69c method=com.android.dx.cf.code.BytecodeArray.parseInstruction(ILcom/android/dx/cf/code/BytecodeArray$Visitor;)I @ 2281
Event: 6.437 Thread 0xb6407c00 Uncommon trap: reason=bimorphic action=maybe_recompile pc=0xb34fa69c method=com.android.dx.cf.code.BytecodeArray.parseInstruction(ILcom/android/dx/cf/code/BytecodeArray$Visitor;)I @ 2281
Event: 6.616 Thread 0xb6407c00 Uncommon trap: reason=class_check action=maybe_recompile pc=0xb34b0f00 method=com.android.dx.ssa.SsaMethod.isRegALocal(Lcom/android/dx/rop/code/RegisterSpec;)Z @ 16
Event: 6.616 Thread 0xb6407c00 Uncommon trap: reason=class_check action=maybe_recompile pc=0xb34b0f00 method=com.android.dx.ssa.SsaMethod.isRegALocal(Lcom/android/dx/rop/code/RegisterSpec;)Z @ 16
Event: 6.616 Thread 0xb6407c00 Uncommon trap: reason=class_check action=maybe_recompile pc=0xb34b0f00 method=com.android.dx.ssa.SsaMethod.isRegALocal(Lcom/android/dx/rop/code/RegisterSpec;)Z @ 16
Event: 6.813 Thread 0xb6407c00 Uncommon trap: reason=unreached action=reinterpret pc=0xb34a6168 method=com.android.dx.ssa.SCCP.simulateBranch(Lcom/android/dx/ssa/SsaInsn;)V @ 334
Event: 6.813 Thread 0xb6407c00 Uncommon trap: reason=class_check action=maybe_recompile pc=0xb34b0f00 method=com.android.dx.ssa.SsaMethod.isRegALocal(Lcom/android/dx/rop/code/RegisterSpec;)Z @ 16
Event: 7.296 Thread 0xb6407c00 Uncommon trap: reason=null_check action=make_not_entrant pc=0xb35fd7cc method=com.android.dx.dex.file.FieldIdsSection.intern(Lcom/android/dx/rop/cst/CstFieldRef;)Lcom/android/dx/dex/file/FieldIdItem; @ 26

Internal exceptions (10 events):
Event: 1.374 Thread 0xb6407c00 Threw 0x9e289d20 at /build/buildd/openjdk-7-7u75-2.5.4/build/openjdk/hotspot/src/share/vm/prims/jvm.cpp:1284
Event: 1.819 Thread 0xb6407c00 Implicit null exception at 0xb34b0a05 to 0xb34b1631
Event: 2.220 Thread 0xb6407c00 Implicit null exception at 0xb34cfe7c to 0xb34d1345
Event: 3.295 Thread 0xb6407c00 Implicit null exception at 0xb34742ab to 0xb3474382
Event: 3.900 Thread 0xb6407c00 Implicit null exception at 0xb34f7b9a to 0xb34f8179
Event: 4.096 Thread 0xb6407c00 Threw 0x9e294760 at /build/buildd/openjdk-7-7u75-2.5.4/build/openjdk/hotspot/src/share/vm/prims/jvm.cpp:1284
Event: 5.444 Thread 0xb6407c00 Implicit null exception at 0xb34d7c8d to 0xb34d8701
Event: 5.656 Thread 0xb6407c00 Implicit null exception at 0xb3581c56 to 0xb3584561
Event: 5.660 Thread 0xb6407c00 Implicit null exception at 0xb358ea24 to 0xb3590e25
Event: 6.405 Thread 0xb6407c00 Threw 0x9e262ea0 at /build/buildd/openjdk-7-7u75-2.5.4/build/openjdk/hotspot/src/share/vm/prims/jvm.cpp:1284

Events (10 events):
Event: 6.813 Thread 0xb6407c00 DEOPT PACKING pc=0xb34a6168 sp=0xb661ca60
Event: 6.813 Thread 0xb6407c00 DEOPT UNPACKING pc=0xb342cbc8 sp=0xb661ca24 mode 2
Event: 6.813 Thread 0xb6407c00 Uncommon trap: trap_request=0xffffffde fr.pc=0xb34b0f00
Event: 6.813 Thread 0xb6407c00 DEOPT PACKING pc=0xb34b0f00 sp=0xb661ca00
Event: 6.814 Thread 0xb6407c00 DEOPT UNPACKING pc=0xb342cbc8 sp=0xb661c9d4 mode 2
Event: 7.296 Thread 0xb6407c00 Uncommon trap: trap_request=0xfffffff4 fr.pc=0xb35fd7cc
Event: 7.296 Thread 0xb6407c00 DEOPT PACKING pc=0xb35fd7cc sp=0xb661cc90
Event: 7.296 Thread 0xb6407c00 DEOPT UNPACKING pc=0xb342cbc8 sp=0xb661cc4c mode 2
Event: 7.351 Thread 0x68028800 flushing nmethod 0xb34f7548
Event: 7.369 Executing VM operation: ParallelGCFailedAllocation


Dynamic libraries:
08048000-08049000 r-xp 00000000 08:05 4983886    /usr/lib/jvm/java-7-openjdk-i386/jre/bin/java
08049000-0804a000 r--p 00000000 08:05 4983886    /usr/lib/jvm/java-7-openjdk-i386/jre/bin/java
0804a000-0804b000 rw-p 00001000 08:05 4983886    /usr/lib/jvm/java-7-openjdk-i386/jre/bin/java
09368000-09cd8000 rw-p 00000000 00:00 0          [heap]
66b00000-66bf1000 rw-p 00000000 00:00 0 
66bf1000-66c00000 ---p 00000000 00:00 0 
66e00000-66eff000 rw-p 00000000 00:00 0 
66eff000-66f00000 ---p 00000000 00:00 0 
67000000-670f9000 rw-p 00000000 00:00 0 
670f9000-67100000 ---p 00000000 00:00 0 
67100000-671f9000 rw-p 00000000 00:00 0 
671f9000-67200000 ---p 00000000 00:00 0 
67200000-672fb000 rw-p 00000000 00:00 0 
672fb000-67300000 ---p 00000000 00:00 0 
67300000-673ef000 rw-p 00000000 00:00 0 
673ef000-67400000 ---p 00000000 00:00 0 
67400000-674fe000 rw-p 00000000 00:00 0 
674fe000-67500000 ---p 00000000 00:00 0 
67500000-67600000 rw-p 00000000 00:00 0 
67600000-67629000 rw-p 00000000 00:00 0 
67629000-67700000 ---p 00000000 00:00 0 
677e2000-6781c000 r-xp 00000000 08:05 3802088    /lib/i386-linux-gnu/libpcre.so.3.12.1
6781c000-6781d000 r--p 00039000 08:05 3802088    /lib/i386-linux-gnu/libpcre.so.3.12.1
6781d000-6781e000 rw-p 0003a000 08:05 3802088    /lib/i386-linux-gnu/libpcre.so.3.12.1
6781e000-67823000 r-xp 00000000 08:05 4985471    /usr/lib/i386-linux-gnu/libffi.so.6.0.0
67823000-67824000 r--p 00004000 08:05 4985471    /usr/lib/i386-linux-gnu/libffi.so.6.0.0
67824000-67825000 rw-p 00005000 08:05 4985471    /usr/lib/i386-linux-gnu/libffi.so.6.0.0
67825000-67838000 r-xp 00000000 08:05 3802099    /lib/i386-linux-gnu/libresolv-2.15.so
67838000-67839000 ---p 00013000 08:05 3802099    /lib/i386-linux-gnu/libresolv-2.15.so
67839000-6783a000 r--p 00013000 08:05 3802099    /lib/i386-linux-gnu/libresolv-2.15.so
6783a000-6783b000 rw-p 00014000 08:05 3802099    /lib/i386-linux-gnu/libresolv-2.15.so
6783b000-6783d000 rw-p 00000000 00:00 0 
6783d000-6785a000 r-xp 00000000 08:05 3802103    /lib/i386-linux-gnu/libselinux.so.1
6785a000-6785b000 r--p 0001c000 08:05 3802103    /lib/i386-linux-gnu/libselinux.so.1
6785b000-6785c000 rw-p 0001d000 08:05 3802103    /lib/i386-linux-gnu/libselinux.so.1
6785c000-67953000 r-xp 00000000 08:05 3802040    /lib/i386-linux-gnu/libglib-2.0.so.0.3200.3
67953000-67954000 r--p 000f6000 08:05 3802040    /lib/i386-linux-gnu/libglib-2.0.so.0.3200.3
67954000-67955000 rw-p 000f7000 08:05 3802040    /lib/i386-linux-gnu/libglib-2.0.so.0.3200.3
67955000-679a2000 r-xp 00000000 08:05 4985532    /usr/lib/i386-linux-gnu/libgobject-2.0.so.0.3200.3
679a2000-679a3000 r--p 0004c000 08:05 4985532    /usr/lib/i386-linux-gnu/libgobject-2.0.so.0.3200.3
679a3000-679a4000 rw-p 0004d000 08:05 4985532    /usr/lib/i386-linux-gnu/libgobject-2.0.so.0.3200.3
679a4000-67af7000 r-xp 00000000 08:05 4985508    /usr/lib/i386-linux-gnu/libgio-2.0.so.0.3200.3
67af7000-67af9000 r--p 00153000 08:05 4985508    /usr/lib/i386-linux-gnu/libgio-2.0.so.0.3200.3
67af9000-67afa000 rw-p 00155000 08:05 4985508    /usr/lib/i386-linux-gnu/libgio-2.0.so.0.3200.3
67afa000-67afb000 rw-p 00000000 00:00 0 
67b0d000-67b24000 r-xp 00000000 08:05 4989135    /usr/lib/jvm/java-7-openjdk-i386/jre/lib/i386/libnet.so
67b24000-67b25000 r--p 00016000 08:05 4989135    /usr/lib/jvm/java-7-openjdk-i386/jre/lib/i386/libnet.so
67b25000-67b26000 rw-p 00017000 08:05 4989135    /usr/lib/jvm/java-7-openjdk-i386/jre/lib/i386/libnet.so
67b26000-67b37000 r-xp 00000000 08:05 4989121    /usr/lib/jvm/java-7-openjdk-i386/jre/lib/i386/libnio.so
67b37000-67b38000 r--p 00010000 08:05 4989121    /usr/lib/jvm/java-7-openjdk-i386/jre/lib/i386/libnio.so
67b38000-67b39000 rw-p 00011000 08:05 4989121    /usr/lib/jvm/java-7-openjdk-i386/jre/lib/i386/libnio.so
67b39000-67b3a000 ---p 00000000 00:00 0 
67b3a000-67bba000 rw-p 00000000 00:00 0 
67bba000-67bbd000 ---p 00000000 00:00 0 
67bbd000-67c0b000 rw-p 00000000 00:00 0 
67c0b000-67c0e000 ---p 00000000 00:00 0 
67c0e000-67c8c000 rw-p 00000000 00:00 0 
67c8c000-67c8f000 ---p 00000000 00:00 0 
67c8f000-67d0d000 rw-p 00000000 00:00 0 
67d0d000-67d10000 ---p 00000000 00:00 0 
67d10000-67d5e000 rw-p 00000000 00:00 0 
67d5e000-67f5e000 r--p 00000000 08:05 4988066    /usr/lib/locale/locale-archive
67f5e000-67f61000 ---p 00000000 00:00 0 
67f61000-67faf000 rw-p 00000000 00:00 0 
67faf000-67fb2000 ---p 00000000 00:00 0 
67fb2000-68000000 rw-p 00000000 00:00 0 
68000000-68100000 rw-p 00000000 00:00 0 
68105000-68106000 ---p 00000000 00:00 0 
68106000-681cf000 rw-p 00000000 00:00 0 
681cf000-68380000 r--s 01d23000 08:05 4989042    /usr/lib/jvm/java-7-openjdk-i386/jre/lib/rt.jar
68380000-6ac00000 rw-p 00000000 00:00 0 
6ac00000-6acfb000 rw-p 00000000 00:00 0 
6acfb000-6ad00000 ---p 00000000 00:00 0 
6ad04000-6ad15000 r--s 000a6000 08:06 4459114    /home/ankit/Traafik latest/TraafikAppLatest/app/build/intermediates/exploded-aar/com.google.android.gms/play-services-base/7.5.0/jars/classes.jar
6ad15000-6ad24000 r--s 000dd000 08:06 21369266   /home/ankit/Ankitt Data/ECLIPSE/sdk/build-tools/22.0.1/lib/dx.jar
6ad24000-6ad7f000 rw-p 00000000 00:00 0 
6ad7f000-6ad80000 ---p 00000000 00:00 0 
6ad80000-6ae00000 rw-p 00000000 00:00 0 
6ae00000-6ae21000 rw-p 00000000 00:00 0 
6ae21000-6af00000 ---p 00000000 00:00 0 
6af04000-6af07000 r-xp 00000000 08:05 4985518    /usr/lib/i386-linux-gnu/libgmodule-2.0.so.0.3200.3
6af07000-6af08000 r--p 00002000 08:05 4985518    /usr/lib/i386-linux-gnu/libgmodule-2.0.so.0.3200.3
6af08000-6af09000 rw-p 00003000 08:05 4985518    /usr/lib/i386-linux-gnu/libgmodule-2.0.so.0.3200.3
6af09000-6af0a000 r--s 00007000 08:05 5246941    /usr/share/java/java-atk-wrapper.jar
6af0a000-6af0d000 r--s 0000f000 08:05 4989079    /usr/lib/jvm/java-7-openjdk-i386/jre/lib/ext/icedtea-sound.jar
6af0d000-6af28000 rw-p 00000000 00:00 0 
6af28000-6af29000 ---p 00000000 00:00 0 
6af29000-6afbe000 rw-p 00000000 00:00 0 
6afbe000-6b0ff000 rw-p 00000000 00:00 0 
6b0ff000-6b107000 rw-p 00000000 00:00 0 
6b107000-6b13f000 rw-p 00000000 00:00 0 
6b13f000-6b154000 rw-p 00000000 00:00 0 
6b154000-6b294000 rw-p 00000000 00:00 0 
6b294000-6b2bd000 rw-p 00000000 00:00 0 
6b2bd000-6b33f000 rw-p 00000000 00:00 0 
6b33f000-6c340000 rw-p 00000000 00:00 0 
6c340000-73340000 rw-p 00000000 00:00 0 
73340000-75c00000 rw-p 00000000 00:00 0 
75c00000-9ddc0000 rw-p 00000000 00:00 0 
9ddc0000-a2ec0000 rw-p 00000000 00:00 0 
a7540000-b3340000 rw-p 00000000 00:00 0 
b3340000-b3349000 rw-p 00000000 00:00 0 
b3349000-b3400000 rw-p 00000000 00:00 0 
b3400000-b3640000 rwxp 00000000 00:00 0 
b3640000-b64fd000 rw-p 00000000 00:00 0 
b64fd000-b6500000 ---p 00000000 00:00 0 
b6500000-b6502000 r--s 00012000 08:05 4989084    /usr/lib/jvm/java-7-openjdk-i386/jre/lib/ext/zipfs.jar
b6502000-b6506000 r--s 00034000 08:05 4989083    /usr/lib/jvm/java-7-openjdk-i386/jre/lib/ext/sunjce_provider.jar
b6506000-b650a000 r--s 0003c000 08:05 4989081    /usr/lib/jvm/java-7-openjdk-i386/jre/lib/ext/sunpkcs11.jar
b650a000-b650d000 r--s 00086000 08:05 4989082    /usr/lib/jvm/java-7-openjdk-i386/jre/lib/ext/localedata.jar
b650d000-b6515000 rw-p 00000000 00:00 0 
b6515000-b654d000 rw-p 00000000 00:00 0 
b654d000-b6558000 r-xp 00000000 08:05 3802066    /lib/i386-linux-gnu/libnss_files-2.15.so
b6558000-b6559000 r--p 0000a000 08:05 3802066    /lib/i386-linux-gnu/libnss_files-2.15.so
b6559000-b655a000 rw-p 0000b000 08:05 3802066    /lib/i386-linux-gnu/libnss_files-2.15.so
b655a000-b6564000 r-xp 00000000 08:05 3802070    /lib/i386-linux-gnu/libnss_nis-2.15.so
b6564000-b6565000 r--p 00009000 08:05 3802070    /lib/i386-linux-gnu/libnss_nis-2.15.so
b6565000-b6566000 rw-p 0000a000 08:05 3802070    /lib/i386-linux-gnu/libnss_nis-2.15.so
b6566000-b657c000 r-xp 00000000 08:05 3802060    /lib/i386-linux-gnu/libnsl-2.15.so
b657c000-b657d000 r--p 00015000 08:05 3802060    /lib/i386-linux-gnu/libnsl-2.15.so
b657d000-b657e000 rw-p 00016000 08:05 3802060    /lib/i386-linux-gnu/libnsl-2.15.so
b657e000-b6580000 rw-p 00000000 00:00 0 
b6580000-b6587000 r-xp 00000000 08:05 3802062    /lib/i386-linux-gnu/libnss_compat-2.15.so
b6587000-b6588000 r--p 00006000 08:05 3802062    /lib/i386-linux-gnu/libnss_compat-2.15.so
b6588000-b6589000 rw-p 00007000 08:05 3802062    /lib/i386-linux-gnu/libnss_compat-2.15.so
b6589000-b6591000 r-xp 00000000 08:05 4989114    /usr/lib/jvm/java-7-openjdk-i386/jre/lib/i386/libzip.so
b6591000-b6592000 r--p 00007000 08:05 4989114    /usr/lib/jvm/java-7-openjdk-i386/jre/lib/i386/libzip.so
b6592000-b6593000 rw-p 00008000 08:05 4989114    /usr/lib/jvm/java-7-openjdk-i386/jre/lib/i386/libzip.so
b6593000-b659b000 rw-s 00000000 08:05 145501     /tmp/hsperfdata_ankit/15186
b659b000-b65c2000 r-xp 00000000 08:05 4989134    /usr/lib/jvm/java-7-openjdk-i386/jre/lib/i386/libjava.so
b65c2000-b65c3000 r--p 00026000 08:05 4989134    /usr/lib/jvm/java-7-openjdk-i386/jre/lib/i386/libjava.so
b65c3000-b65c4000 rw-p 00027000 08:05 4989134    /usr/lib/jvm/java-7-openjdk-i386/jre/lib/i386/libjava.so
b65c4000-b65cb000 r-xp 00000000 08:05 3802101    /lib/i386-linux-gnu/librt-2.15.so
b65cb000-b65cc000 r--p 00006000 08:05 3802101    /lib/i386-linux-gnu/librt-2.15.so
b65cc000-b65cd000 rw-p 00007000 08:05 3802101    /lib/i386-linux-gnu/librt-2.15.so
b65cd000-b65d0000 ---p 00000000 00:00 0 
b65d0000-b661e000 rw-p 00000000 00:00 0 
b661e000-b663a000 r-xp 00000000 08:05 3802036    /lib/i386-linux-gnu/libgcc_s.so.1
b663a000-b663b000 r--p 0001b000 08:05 3802036    /lib/i386-linux-gnu/libgcc_s.so.1
b663b000-b663c000 rw-p 0001c000 08:05 3802036    /lib/i386-linux-gnu/libgcc_s.so.1
b663c000-b6666000 r-xp 00000000 08:05 3802047    /lib/i386-linux-gnu/libm-2.15.so
b6666000-b6667000 r--p 00029000 08:05 3802047    /lib/i386-linux-gnu/libm-2.15.so
b6667000-b6668000 rw-p 0002a000 08:05 3802047    /lib/i386-linux-gnu/libm-2.15.so
b6668000-b6740000 r-xp 00000000 08:05 4985813    /usr/lib/i386-linux-gnu/libstdc++.so.6.0.16
b6740000-b6741000 ---p 000d8000 08:05 4985813    /usr/lib/i386-linux-gnu/libstdc++.so.6.0.16
b6741000-b6745000 r--p 000d8000 08:05 4985813    /usr/lib/i386-linux-gnu/libstdc++.so.6.0.16
b6745000-b6746000 rw-p 000dc000 08:05 4985813    /usr/lib/i386-linux-gnu/libstdc++.so.6.0.16
b6746000-b674d000 rw-p 00000000 00:00 0 
b674d000-b710f000 r-xp 00000000 08:05 4989140    /usr/lib/jvm/java-7-openjdk-i386/jre/lib/i386/server/libjvm.so
b710f000-b7164000 r--p 009c2000 08:05 4989140    /usr/lib/jvm/java-7-openjdk-i386/jre/lib/i386/server/libjvm.so
b7164000-b7178000 rw-p 00a17000 08:05 4989140    /usr/lib/jvm/java-7-openjdk-i386/jre/lib/i386/server/libjvm.so
b7178000-b7596000 rw-p 00000000 00:00 0 
b7596000-b75aa000 r-xp 00000000 08:05 3802126    /lib/i386-linux-gnu/libz.so.1.2.3.4
b75aa000-b75ab000 r--p 00013000 08:05 3802126    /lib/i386-linux-gnu/libz.so.1.2.3.4
b75ab000-b75ac000 rw-p 00014000 08:05 3802126    /lib/i386-linux-gnu/libz.so.1.2.3.4
b75ac000-b75c3000 r-xp 00000000 08:05 3802095    /lib/i386-linux-gnu/libpthread-2.15.so
b75c3000-b75c4000 r--p 00016000 08:05 3802095    /lib/i386-linux-gnu/libpthread-2.15.so
b75c4000-b75c5000 rw-p 00017000 08:05 3802095    /lib/i386-linux-gnu/libpthread-2.15.so
b75c5000-b75c7000 rw-p 00000000 00:00 0 
b75c7000-b75ca000 r-xp 00000000 08:05 3802028    /lib/i386-linux-gnu/libdl-2.15.so
b75ca000-b75cb000 r--p 00002000 08:05 3802028    /lib/i386-linux-gnu/libdl-2.15.so
b75cb000-b75cc000 rw-p 00003000 08:05 3802028    /lib/i386-linux-gnu/libdl-2.15.so
b75cc000-b776b000 r-xp 00000000 08:05 3802015    /lib/i386-linux-gnu/libc-2.15.so
b776b000-b776d000 r--p 0019f000 08:05 3802015    /lib/i386-linux-gnu/libc-2.15.so
b776d000-b776e000 rw-p 001a1000 08:05 3802015    /lib/i386-linux-gnu/libc-2.15.so
b776e000-b7771000 rw-p 00000000 00:00 0 
b7771000-b7772000 r--s 00002000 08:05 4989080    /usr/lib/jvm/java-7-openjdk-i386/jre/lib/ext/dnsns.jar
b7772000-b7773000 r--p 005db000 08:05 4988066    /usr/lib/locale/locale-archive
b7773000-b7774000 rw-p 00000000 00:00 0 
b7774000-b7775000 ---p 00000000 00:00 0 
b7775000-b7781000 r-xp 00000000 08:05 4989131    /usr/lib/jvm/java-7-openjdk-i386/jre/lib/i386/libverify.so
b7781000-b7782000 r--p 0000b000 08:05 4989131    /usr/lib/jvm/java-7-openjdk-i386/jre/lib/i386/libverify.so
b7782000-b7783000 rw-p 0000c000 08:05 4989131    /usr/lib/jvm/java-7-openjdk-i386/jre/lib/i386/libverify.so
b7783000-b7790000 r-xp 00000000 08:05 4989106    /usr/lib/jvm/java-7-openjdk-i386/jre/lib/i386/jli/libjli.so
b7790000-b7791000 r--p 0000c000 08:05 4989106    /usr/lib/jvm/java-7-openjdk-i386/jre/lib/i386/jli/libjli.so
b7791000-b7792000 rw-p 0000d000 08:05 4989106    /usr/lib/jvm/java-7-openjdk-i386/jre/lib/i386/jli/libjli.so
b7792000-b7795000 rw-p 00000000 00:00 0 
b7795000-b7796000 r-xp 00000000 00:00 0          [vdso]
b7796000-b77b6000 r-xp 00000000 08:05 3801995    /lib/i386-linux-gnu/ld-2.15.so
b77b6000-b77b7000 r--p 0001f000 08:05 3801995    /lib/i386-linux-gnu/ld-2.15.so
b77b7000-b77b8000 rw-p 00020000 08:05 3801995    /lib/i386-linux-gnu/ld-2.15.so
bfa56000-bfa57000 rwxp 00000000 00:00 0 
bfa89000-bfaaa000 rw-p 00000000 00:00 0          [stack]

VM Arguments:
jvm_args: -Xmx1024M -Dfile.encoding=UTF-8 -Duser.country=IN -Duser.language=en -Duser.variant 
java_command: com.android.dx.command.Main --dex --output /home/ankit/Traafik latest/TraafikAppLatest/app/build/intermediates/pre-dexed/debug/classes-f969b55407febc88da8d731a639c99b4d3087ef3.jar /home/ankit/Traafik latest/TraafikAppLatest/app/build/intermediates/exploded-aar/com.google.android.gms/play-services-base/7.5.0/jars/classes.jar
Launcher Type: SUN_STANDARD

Environment Variables:
PATH=/usr/lib/lightdm/lightdm:/usr/local/sbin:/usr/local/bin:/usr/sbin:/usr/bin:/sbin:/bin:/usr/games
LD_LIBRARY_PATH=/home/ankit/Android studio/android-studio/bin:
SHELL=/bin/bash
DISPLAY=:0.0

Signal Handlers:
SIGSEGV: [libjvm.so+0x80b550], sa_mask[0]=0x7ffbfeff, sa_flags=0x10000004
SIGBUS: [libjvm.so+0x80b550], sa_mask[0]=0x7ffbfeff, sa_flags=0x10000004
SIGFPE: [libjvm.so+0x6753e0], sa_mask[0]=0x7ffbfeff, sa_flags=0x10000004
SIGPIPE: [libjvm.so+0x6753e0], sa_mask[0]=0x7ffbfeff, sa_flags=0x10000004
SIGXFSZ: [libjvm.so+0x6753e0], sa_mask[0]=0x7ffbfeff, sa_flags=0x10000004
SIGILL: [libjvm.so+0x6753e0], sa_mask[0]=0x7ffbfeff, sa_flags=0x10000004
SIGUSR1: SIG_DFL, sa_mask[0]=0x00000000, sa_flags=0x00000000
SIGUSR2: [libjvm.so+0x675690], sa_mask[0]=0x00000004, sa_flags=0x10000004
SIGHUP: [libjvm.so+0x675850], sa_mask[0]=0x7ffbfeff, sa_flags=0x10000004
SIGINT: [libjvm.so+0x675850], sa_mask[0]=0x7ffbfeff, sa_flags=0x10000004
SIGTERM: [libjvm.so+0x675850], sa_mask[0]=0x7ffbfeff, sa_flags=0x10000004
SIGQUIT: [libjvm.so+0x675850], sa_mask[0]=0x7ffbfeff, sa_flags=0x10000004
SIGTRAP: SIG_DFL, sa_mask[0]=0x00000000, sa_flags=0x00000000


---------------  S Y S T E M  ---------------

OS:Ubuntu 12.04 (precise)
uname:Linux 3.2.0-29-generic-pae #46-Ubuntu SMP Fri Jul 27 17:25:43 UTC 2012 i686
libc:glibc 2.15 NPTL 2.15 
rlimit: STACK 8192k, CORE 0k, NPROC 31169, NOFILE 4096, AS infinity
load average:3.90 1.94 1.16

/proc/meminfo:
MemTotal:        4004304 kB
MemFree:          160136 kB
Buffers:            4960 kB
Cached:           572844 kB
SwapCached:            0 kB
Active:          3352996 kB
Inactive:         409396 kB
Active(anon):    3298436 kB
Inactive(anon):   354680 kB
Active(file):      54560 kB
Inactive(file):    54716 kB
Unevictable:          16 kB
Mlocked:              16 kB
HighTotal:       3159312 kB
HighFree:            440 kB
LowTotal:         844992 kB
LowFree:          159696 kB
SwapTotal:             0 kB
SwapFree:              0 kB
Dirty:              4648 kB
Writeback:             0 kB
AnonPages:       3184608 kB
Mapped:            72428 kB
Shmem:            468524 kB
Slab:              40372 kB
SReclaimable:      19924 kB
SUnreclaim:        20448 kB
KernelStack:        5088 kB
PageTables:        20156 kB
NFS_Unstable:          0 kB
Bounce:                0 kB
WritebackTmp:          0 kB
CommitLimit:     2002152 kB
Committed_AS:    7665020 kB
VmallocTotal:     122880 kB
VmallocUsed:       15220 kB
VmallocChunk:     106080 kB
HardwareCorrupted:     0 kB
AnonHugePages:         0 kB
HugePages_Total:       0
HugePages_Free:        0
HugePages_Rsvd:        0
HugePages_Surp:        0
Hugepagesize:       2048 kB
DirectMap4k:       10232 kB
DirectMap2M:      903168 kB


CPU:total 2 (2 cores per cpu, 1 threads per core) family 6 model 58 stepping 9, cmov, cx8, fxsr, mmx, sse, sse2, sse3, ssse3, sse4.1, sse4.2, popcnt, erms, tsc, tscinvbit, tscinv

/proc/cpuinfo:
processor	: 0
vendor_id	: GenuineIntel
cpu family	: 6
model		: 58
model name	: Intel(R) Pentium(R) CPU G2030 @ 3.00GHz
stepping	: 9
microcode	: 0x17
cpu MHz		: 3000.000
cache size	: 3072 KB
physical id	: 0
siblings	: 2
core id		: 0
cpu cores	: 2
apicid		: 0
initial apicid	: 0
fdiv_bug	: no
hlt_bug		: no
f00f_bug	: no
coma_bug	: no
fpu		: yes
fpu_exception	: yes
cpuid level	: 13
wp		: yes
flags		: fpu vme de pse tsc msr pae mce cx8 apic sep mtrr pge mca cmov pat pse36 clflush dts acpi mmx fxsr sse sse2 ss ht tm pbe nx rdtscp lm constant_tsc arch_perfmon pebs bts xtopology nonstop_tsc aperfmperf pni pclmulqdq dtes64 monitor ds_cpl vmx est tm2 ssse3 cx16 xtpr pdcm pcid sse4_1 sse4_2 popcnt tsc_deadline_timer xsave lahf_lm arat epb xsaveopt pln pts dtherm tpr_shadow vnmi flexpriority ept vpid fsgsbase smep erms
bogomips	: 5986.47
clflush size	: 64
cache_alignment	: 64
address sizes	: 36 bits physical, 48 bits virtual
power management:

processor	: 1
vendor_id	: GenuineIntel
cpu family	: 6
model		: 58
model name	: Intel(R) Pentium(R) CPU G2030 @ 3.00GHz
stepping	: 9
microcode	: 0x17
cpu MHz		: 3000.000
cache size	: 3072 KB
physical id	: 0
siblings	: 2
core id		: 1
cpu cores	: 2
apicid		: 2
initial apicid	: 2
fdiv_bug	: no
hlt_bug		: no
f00f_bug	: no
coma_bug	: no
fpu		: yes
fpu_exception	: yes
cpuid level	: 13
wp		: yes
flags		: fpu vme de pse tsc msr pae mce cx8 apic sep mtrr pge mca cmov pat pse36 clflush dts acpi mmx fxsr sse sse2 ss ht tm pbe nx rdtscp lm constant_tsc arch_perfmon pebs bts xtopology nonstop_tsc aperfmperf pni pclmulqdq dtes64 monitor ds_cpl vmx est tm2 ssse3 cx16 xtpr pdcm pcid sse4_1 sse4_2 popcnt tsc_deadline_timer xsave lahf_lm arat epb xsaveopt pln pts dtherm tpr_shadow vnmi flexpriority ept vpid fsgsbase smep erms
bogomips	: 5986.36
clflush size	: 64
cache_alignment	: 64
address sizes	: 36 bits physical, 48 bits virtual
power management:



Memory: 4k page, physical 4004304k(160136k free), swap 0k(0k free)

vm_info: OpenJDK Server VM (24.75-b04) for linux-x86 JRE (1.7.0_75-b13), built on Jan 27 2015 16:24:35 by "buildd" with gcc 4.6.3

time: Fri Jul 17 17:06:37 2015
elapsed time: 7 seconds

