#
# There is insufficient memory for the Java Runtime Environment to continue.
# Native memory allocation (malloc) failed to allocate 87031808 bytes for committing reserved memory.
# Possible reasons:
#   The system is out of physical RAM or swap space
#   In 32 bit mode, the process size limit was hit
# Possible solutions:
#   Reduce memory load on the system
#   Increase physical memory or swap space
#   Check if swap backing store is full
#   Use 64 bit Java on a 64 bit OS
#   Decrease Java heap size (-Xmx/-Xms)
#   Decrease number of Java threads
#   Decrease Java thread stack sizes (-Xss)
#   Set larger code cache with -XX:ReservedCodeCacheSize=
# This output file may be truncated or incomplete.
#
#  Out of Memory Error (os_linux.cpp:2798), pid=15927, tid=1746426688
#
# JRE version: OpenJDK Runtime Environment (7.0_75-b13) (build 1.7.0_75-b13)
# Java VM: OpenJDK Server VM (24.75-b04 mixed mode linux-x86 )
# Derivative: IcedTea 2.5.4
# Distribution: Ubuntu 12.04 LTS, package 7u75-2.5.4-1~precise1
# Failed to write core dump. Core dumps have been disabled. To enable core dumping, try "ulimit -c unlimited" before starting Java again
#

---------------  T H R E A D  ---------------

Current thread (0x68010400):  VMThread [stack: 0x68105000,0x68186000] [id=15934]

Stack: [0x68105000,0x68186000]
[error occurred during error reporting (printing stack bounds), id 0xb]

VM_Operation (0xb661d8a8): ParallelGCFailedAllocation, mode: safepoint, requested by thread 0xb6407c00


---------------  P R O C E S S  ---------------

Java Threads: ( => current thread )
  0x6802c400 JavaThread "Service Thread" daemon [_thread_blocked, id=15940, stack(0x67bba000,0x67c0b000)]
  0x6802a800 JavaThread "C2 CompilerThread1" daemon [_thread_blocked, id=15939, stack(0x67c0b000,0x67c8c000)]
  0x68028800 JavaThread "C2 CompilerThread0" daemon [_thread_blocked, id=15938, stack(0x67c8c000,0x67d0d000)]
  0x68026c00 JavaThread "Signal Dispatcher" daemon [_thread_blocked, id=15937, stack(0x67d0d000,0x67d5e000)]
  0x68014400 JavaThread "Finalizer" daemon [_thread_blocked, id=15936, stack(0x67f5e000,0x67faf000)]
  0x68012800 JavaThread "Reference Handler" daemon [_thread_blocked, id=15935, stack(0x67faf000,0x68000000)]
  0xb6407c00 JavaThread "main" [_thread_blocked, id=15929, stack(0xb65ce000,0xb661f000)]

Other Threads:
=>0x68010400 VMThread [stack: 0x68105000,0x68186000] [id=15934]
  0x6802e000 WatcherThread [stack: 0x67b39000,0x67bba000] [id=15941]

VM state:at safepoint (normal execution)

VM Mutex/Monitor currently owned by a thread:  ([mutex/lock_event])
[0xb6405228] Threads_lock - owner thread: 0x68010400
[0xb6405638] Heap_lock - owner thread: 0xb6407c00

Heap
 PSYoungGen      total 137984K, used 17653K [0x9ddc0000, 0xa79c0000, 0xb3340000)
  eden space 120320K, 0% used [0x9ddc0000,0x9ddc0000,0xa5340000)
  from space 17664K, 99% used [0xa5340000,0xa647d488,0xa6480000)
  to   space 13568K, 0% used [0xa6480000,0xa6480000,0xa71c0000)
 ParOldGen       total 41728K, used 40971K [0x73340000, 0x75c00000, 0x9ddc0000)
  object space 41728K, 98% used [0x73340000,0x75b42ff8,0x75c00000)
 PSPermGen       total 16384K, used 4066K [0x6b340000, 0x6c340000, 0x73340000)
  object space 16384K, 24% used [0x6b340000,0x6b738a18,0x6c340000)

Card table byte_map: [0x6b0ff000,0x6b340000] byte_map_base: 0x6ada5600

Polling page: 0xb7775000

Code Cache  [0xb3400000, 0xb3678000, 0xb6400000)
 total_blobs=822 nmethods=703 adapters=73 free_code_cache=46691Kb largest_free_block=47772864

Compilation events (10 events):
Event: 9.393 Thread 0x68028800 nmethod 720 0xb3667a88 code [0xb3667c00, 0xb36680e4]
Event: 9.458 Thread 0x6802a800 nmethod 717 0xb366bc48 code [0xb366bf80, 0xb366dd9c]
Event: 9.460 Thread 0x68028800  721             com.android.dx.ssa.SsaMethod::getGoto (26 bytes)
Event: 9.461 Thread 0x68028800 nmethod 721 0xb34a9b48 code [0xb34a9c60, 0xb34a9dd0]
Event: 9.486 Thread 0x68028800  722             com.android.dx.cf.attrib.AttLineNumberTable::byteLength (13 bytes)
Event: 9.487 Thread 0x68028800 nmethod 722 0xb34ac208 code [0xb34ac300, 0xb34ac370]
Event: 9.489 Thread 0x68028800  723             com.android.dx.rop.cst.CstFloat::getType (4 bytes)
Event: 9.489 Thread 0x68028800 nmethod 723 0xb3649708 code [0xb3649800, 0xb3649850]
Event: 9.497 Thread 0x68028800  724             com.android.dx.rop.annotation.Annotations::size (8 bytes)
Event: 9.498 Thread 0x68028800 nmethod 724 0xb35ad688 code [0xb35ad780, 0xb35ad7d0]

GC Heap History (10 events):
Event: 3.758 GC heap after
Heap after GC invocations=4 (full 0):
 PSYoungGen      total 34304K, used 2547K [0x9ddc0000, 0xa01c0000, 0xb3340000)
  eden space 31744K, 0% used [0x9ddc0000,0x9ddc0000,0x9fcc0000)
  from space 2560K, 99% used [0x9ff40000,0xa01bccd0,0xa01c0000)
  to   space 2560K, 0% used [0x9fcc0000,0x9fcc0000,0x9ff40000)
 ParOldGen       total 41728K, used 8122K [0x73340000, 0x75c00000, 0x9ddc0000)
  object space 41728K, 19% used [0x73340000,0x73b2e8f8,0x75c00000)
 PSPermGen       total 16384K, used 3960K [0x6b340000, 0x6c340000, 0x73340000)
  object space 16384K, 24% used [0x6b340000,0x6b71e010,0x6c340000)
}
Event: 4.870 GC heap before
{Heap before GC invocations=5 (full 0):
 PSYoungGen      total 34304K, used 34291K [0x9ddc0000, 0xa01c0000, 0xb3340000)
  eden space 31744K, 100% used [0x9ddc0000,0x9fcc0000,0x9fcc0000)
  from space 2560K, 99% used [0x9ff40000,0xa01bccd0,0xa01c0000)
  to   space 2560K, 0% used [0x9fcc0000,0x9fcc0000,0x9ff40000)
 ParOldGen       total 41728K, used 8122K [0x73340000, 0x75c00000, 0x9ddc0000)
  object space 41728K, 19% used [0x73340000,0x73b2e8f8,0x75c00000)
 PSPermGen       total 16384K, used 3980K [0x6b340000, 0x6c340000, 0x73340000)
  object space 16384K, 24% used [0x6b340000,0x6b7231f0,0x6c340000)
Event: 4.894 GC heap after
Heap after GC invocations=5 (full 0):
 PSYoungGen      total 34304K, used 2550K [0x9ddc0000, 0xa2940000, 0xb3340000)
  eden space 31744K, 0% used [0x9ddc0000,0x9ddc0000,0x9fcc0000)
  from space 2560K, 99% used [0x9fcc0000,0x9ff3d8e8,0x9ff40000)
  to   space 6912K, 0% used [0xa2280000,0xa2280000,0xa2940000)
 ParOldGen       total 41728K, used 12433K [0x73340000, 0x75c00000, 0x9ddc0000)
  object space 41728K, 29% used [0x73340000,0x73f64638,0x75c00000)
 PSPermGen       total 16384K, used 3980K [0x6b340000, 0x6c340000, 0x73340000)
  object space 16384K, 24% used [0x6b340000,0x6b7231f0,0x6c340000)
}
Event: 5.793 GC heap before
{Heap before GC invocations=6 (full 0):
 PSYoungGen      total 34304K, used 34294K [0x9ddc0000, 0xa2940000, 0xb3340000)
  eden space 31744K, 100% used [0x9ddc0000,0x9fcc0000,0x9fcc0000)
  from space 2560K, 99% used [0x9fcc0000,0x9ff3d8e8,0x9ff40000)
  to   space 6912K, 0% used [0xa2280000,0xa2280000,0xa2940000)
 ParOldGen       total 41728K, used 12433K [0x73340000, 0x75c00000, 0x9ddc0000)
  object space 41728K, 29% used [0x73340000,0x73f64638,0x75c00000)
 PSPermGen       total 16384K, used 4005K [0x6b340000, 0x6c340000, 0x73340000)
  object space 16384K, 24% used [0x6b340000,0x6b729608,0x6c340000)
Event: 5.832 GC heap after
Heap after GC invocations=6 (full 0):
 PSYoungGen      total 69120K, used 6898K [0x9ddc0000, 0xa2bc0000, 0xb3340000)
  eden space 62208K, 0% used [0x9ddc0000,0x9ddc0000,0xa1a80000)
  from space 6912K, 99% used [0xa2280000,0xa293c870,0xa2940000)
  to   space 8192K, 0% used [0xa1a80000,0xa1a80000,0xa2280000)
 ParOldGen       total 41728K, used 13560K [0x73340000, 0x75c00000, 0x9ddc0000)
  object space 41728K, 32% used [0x73340000,0x7407e150,0x75c00000)
 PSPermGen       total 16384K, used 4005K [0x6b340000, 0x6c340000, 0x73340000)
  object space 16384K, 24% used [0x6b340000,0x6b729608,0x6c340000)
}
Event: 7.341 GC heap before
{Heap before GC invocations=7 (full 0):
 PSYoungGen      total 69120K, used 69106K [0x9ddc0000, 0xa2bc0000, 0xb3340000)
  eden space 62208K, 100% used [0x9ddc0000,0xa1a80000,0xa1a80000)
  from space 6912K, 99% used [0xa2280000,0xa293c870,0xa2940000)
  to   space 8192K, 0% used [0xa1a80000,0xa1a80000,0xa2280000)
 ParOldGen       total 41728K, used 13560K [0x73340000, 0x75c00000, 0x9ddc0000)
  object space 41728K, 32% used [0x73340000,0x7407e150,0x75c00000)
 PSPermGen       total 16384K, used 4023K [0x6b340000, 0x6c340000, 0x73340000)
  object space 16384K, 24% used [0x6b340000,0x6b72de88,0x6c340000)
Event: 7.433 GC heap after
Heap after GC invocations=7 (full 0):
 PSYoungGen      total 70400K, used 8185K [0x9ddc0000, 0xa71c0000, 0xb3340000)
  eden space 62208K, 0% used [0x9ddc0000,0x9ddc0000,0xa1a80000)
  from space 8192K, 99% used [0xa1a80000,0xa227e760,0xa2280000)
  to   space 13568K, 0% used [0xa6480000,0xa6480000,0xa71c0000)
 ParOldGen       total 41728K, used 22105K [0x73340000, 0x75c00000, 0x9ddc0000)
  object space 41728K, 52% used [0x73340000,0x748d6470,0x75c00000)
 PSPermGen       total 16384K, used 4023K [0x6b340000, 0x6c340000, 0x73340000)
  object space 16384K, 24% used [0x6b340000,0x6b72de88,0x6c340000)
}
Event: 8.242 GC heap before
{Heap before GC invocations=8 (full 0):
 PSYoungGen      total 70400K, used 70393K [0x9ddc0000, 0xa71c0000, 0xb3340000)
  eden space 62208K, 100% used [0x9ddc0000,0xa1a80000,0xa1a80000)
  from space 8192K, 99% used [0xa1a80000,0xa227e760,0xa2280000)
  to   space 13568K, 0% used [0xa6480000,0xa6480000,0xa71c0000)
 ParOldGen       total 41728K, used 22105K [0x73340000, 0x75c00000, 0x9ddc0000)
  object space 41728K, 52% used [0x73340000,0x748d6470,0x75c00000)
 PSPermGen       total 16384K, used 4049K [0x6b340000, 0x6c340000, 0x73340000)
  object space 16384K, 24% used [0x6b340000,0x6b7346a8,0x6c340000)
Event: 8.324 GC heap after
Heap after GC invocations=8 (full 0):
 PSYoungGen      total 133888K, used 13553K [0x9ddc0000, 0xa79c0000, 0xb3340000)
  eden space 120320K, 0% used [0x9ddc0000,0x9ddc0000,0xa5340000)
  from space 13568K, 99% used [0xa6480000,0xa71bc4f0,0xa71c0000)
  to   space 17664K, 0% used [0xa5340000,0xa5340000,0xa6480000)
 ParOldGen       total 41728K, used 26981K [0x73340000, 0x75c00000, 0x9ddc0000)
  object space 41728K, 64% used [0x73340000,0x74d994b8,0x75c00000)
 PSPermGen       total 16384K, used 4049K [0x6b340000, 0x6c340000, 0x73340000)
  object space 16384K, 24% used [0x6b340000,0x6b7346a8,0x6c340000)
}
Event: 9.505 GC heap before
{Heap before GC invocations=9 (full 0):
 PSYoungGen      total 133888K, used 133873K [0x9ddc0000, 0xa79c0000, 0xb3340000)
  eden space 120320K, 100% used [0x9ddc0000,0xa5340000,0xa5340000)
  from space 13568K, 99% used [0xa6480000,0xa71bc4f0,0xa71c0000)
  to   space 17664K, 0% used [0xa5340000,0xa5340000,0xa6480000)
 ParOldGen       total 41728K, used 26981K [0x73340000, 0x75c00000, 0x9ddc0000)
  object space 41728K, 64% used [0x73340000,0x74d994b8,0x75c00000)
 PSPermGen       total 16384K, used 4066K [0x6b340000, 0x6c340000, 0x73340000)
  object space 16384K, 24% used [0x6b340000,0x6b738a18,0x6c340000)

Deoptimization events (10 events):
Event: 6.886 Thread 0xb6407c00 Uncommon trap: reason=unreached action=reinterpret pc=0xb34dae04 method=com.android.dx.ssa.MoveParamCombiner$1.visitNonMoveInsn(Lcom/android/dx/ssa/NormalSsaInsn;)V @ 27
Event: 8.545 Thread 0xb6407c00 Uncommon trap: reason=unreached action=reinterpret pc=0xb34f88e4 method=com.android.dx.cf.direct.StdAttributeFactory.parse0(Lcom/android/dx/cf/direct/DirectClassFile;ILjava/lang/String;IILcom/android/dx/cf/iface/ParseObserver;)Lcom/android/dx/cf/iface/Att
Event: 8.662 Thread 0xb6407c00 Uncommon trap: reason=class_check action=maybe_recompile pc=0xb362be2c method=com.android.dx.cf.code.RopperMachine.run(Lcom/android/dx/cf/code/Frame;II)V @ 1024
Event: 8.662 Thread 0xb6407c00 Uncommon trap: reason=class_check action=maybe_recompile pc=0xb362be2c method=com.android.dx.cf.code.RopperMachine.run(Lcom/android/dx/cf/code/Frame;II)V @ 1024
Event: 8.662 Thread 0xb6407c00 Uncommon trap: reason=class_check action=maybe_recompile pc=0xb362be2c method=com.android.dx.cf.code.RopperMachine.run(Lcom/android/dx/cf/code/Frame;II)V @ 1024
Event: 8.662 Thread 0xb6407c00 Uncommon trap: reason=class_check action=maybe_recompile pc=0xb362be2c method=com.android.dx.cf.code.RopperMachine.run(Lcom/android/dx/cf/code/Frame;II)V @ 1024
Event: 8.670 Thread 0xb6407c00 Uncommon trap: reason=unreached action=reinterpret pc=0xb35bd8dc method=com.android.dx.ssa.SCCP.simulateBranch(Lcom/android/dx/ssa/SsaInsn;)V @ 334
Event: 8.671 Thread 0xb6407c00 Uncommon trap: reason=class_check action=maybe_recompile pc=0xb35931e0 method=com.android.dx.rop.code.RegisterSpec.withSimpleType()Lcom/android/dx/rop/code/RegisterSpec; @ 21
Event: 9.498 Thread 0xb6407c00 Uncommon trap: reason=bimorphic action=maybe_recompile pc=0xb361b630 method=com.android.dx.cf.code.BytecodeArray.parseInstruction(ILcom/android/dx/cf/code/BytecodeArray$Visitor;)I @ 2281
Event: 9.498 Thread 0xb6407c00 Uncommon trap: reason=bimorphic action=maybe_recompile pc=0xb361b630 method=com.android.dx.cf.code.BytecodeArray.parseInstruction(ILcom/android/dx/cf/code/BytecodeArray$Visitor;)I @ 2281

Internal exceptions (10 events):
Event: 3.446 Thread 0xb6407c00 Threw 0x9e3f9208 at /build/buildd/openjdk-7-7u75-2.5.4/build/openjdk/hotspot/src/share/vm/prims/jvm.cpp:1284
Event: 3.821 Thread 0xb6407c00 Implicit null exception at 0xb34883ab to 0xb3488482
Event: 5.343 Thread 0xb6407c00 Threw 0x9ec8cc70 at /build/buildd/openjdk-7-7u75-2.5.4/build/openjdk/hotspot/src/share/vm/prims/jvm.cpp:1284
Event: 5.361 Thread 0xb6407c00 Threw 0x9ed18a20 at /build/buildd/openjdk-7-7u75-2.5.4/build/openjdk/hotspot/src/share/vm/prims/jvm.cpp:1284
Event: 5.361 Thread 0xb6407c00 Implicit null exception at 0xb350f299 to 0xb350f985
Event: 5.361 Thread 0xb6407c00 Implicit null exception at 0xb3514e1f to 0xb3514f85
Event: 5.383 Thread 0xb6407c00 Threw 0x9edae0e0 at /build/buildd/openjdk-7-7u75-2.5.4/build/openjdk/hotspot/src/share/vm/prims/jvm.cpp:1284
Event: 5.937 Thread 0xb6407c00 Implicit null exception at 0xb350cd7b to 0xb350d665
Event: 6.183 Thread 0xb6407c00 Threw 0x9e8f66e0 at /build/buildd/openjdk-7-7u75-2.5.4/build/openjdk/hotspot/src/share/vm/prims/jvm.cpp:1284
Event: 6.512 Thread 0xb6407c00 Threw 0x9f4a8018 at /build/buildd/openjdk-7-7u75-2.5.4/build/openjdk/hotspot/src/share/vm/prims/jvm.cpp:1284

Events (10 events):
Event: 8.671 Thread 0xb6407c00 Uncommon trap: trap_request=0xffffffde fr.pc=0xb35931e0
Event: 8.672 Thread 0xb6407c00 DEOPT PACKING pc=0xb35931e0 sp=0xb661db10
Event: 8.672 Thread 0xb6407c00 DEOPT UNPACKING pc=0xb342cbc8 sp=0xb661dad4 mode 2
Event: 9.498 Thread 0xb6407c00 Uncommon trap: trap_request=0xffffffc6 fr.pc=0xb361b630
Event: 9.498 Thread 0xb6407c00 DEOPT PACKING pc=0xb361b630 sp=0xb661d990
Event: 9.498 Thread 0xb6407c00 DEOPT UNPACKING pc=0xb342cbc8 sp=0xb661d998 mode 2
Event: 9.498 Thread 0xb6407c00 Uncommon trap: trap_request=0xffffffc6 fr.pc=0xb361b630
Event: 9.498 Thread 0xb6407c00 DEOPT PACKING pc=0xb361b630 sp=0xb661d980
Event: 9.498 Thread 0xb6407c00 DEOPT UNPACKING pc=0xb342cbc8 sp=0xb661d988 mode 2
Event: 9.505 Executing VM operation: ParallelGCFailedAllocation


Dynamic libraries:
08048000-08049000 r-xp 00000000 08:05 4983886    /usr/lib/jvm/java-7-openjdk-i386/jre/bin/java
08049000-0804a000 r--p 00000000 08:05 4983886    /usr/lib/jvm/java-7-openjdk-i386/jre/bin/java
0804a000-0804b000 rw-p 00001000 08:05 4983886    /usr/lib/jvm/java-7-openjdk-i386/jre/bin/java
098b4000-0a3b7000 rw-p 00000000 00:00 0          [heap]
66c00000-66cff000 rw-p 00000000 00:00 0 
66cff000-66d00000 ---p 00000000 00:00 0 
66e00000-66fd6000 rw-p 00000000 00:00 0 
66fd6000-67000000 ---p 00000000 00:00 0 
67000000-670fa000 rw-p 00000000 00:00 0 
670fa000-67100000 ---p 00000000 00:00 0 
67200000-672fc000 rw-p 00000000 00:00 0 
672fc000-67300000 ---p 00000000 00:00 0 
67300000-673ed000 rw-p 00000000 00:00 0 
673ed000-67400000 ---p 00000000 00:00 0 
67400000-674fd000 rw-p 00000000 00:00 0 
674fd000-67500000 ---p 00000000 00:00 0 
67500000-675f8000 rw-p 00000000 00:00 0 
675f8000-67600000 ---p 00000000 00:00 0 
67600000-67634000 rw-p 00000000 00:00 0 
67634000-67700000 ---p 00000000 00:00 0 
677e2000-6781c000 r-xp 00000000 08:05 3802088    /lib/i386-linux-gnu/libpcre.so.3.12.1
6781c000-6781d000 r--p 00039000 08:05 3802088    /lib/i386-linux-gnu/libpcre.so.3.12.1
6781d000-6781e000 rw-p 0003a000 08:05 3802088    /lib/i386-linux-gnu/libpcre.so.3.12.1
6781e000-67823000 r-xp 00000000 08:05 4985471    /usr/lib/i386-linux-gnu/libffi.so.6.0.0
67823000-67824000 r--p 00004000 08:05 4985471    /usr/lib/i386-linux-gnu/libffi.so.6.0.0
67824000-67825000 rw-p 00005000 08:05 4985471    /usr/lib/i386-linux-gnu/libffi.so.6.0.0
67825000-67838000 r-xp 00000000 08:05 3802099    /lib/i386-linux-gnu/libresolv-2.15.so
67838000-67839000 ---p 00013000 08:05 3802099    /lib/i386-linux-gnu/libresolv-2.15.so
67839000-6783a000 r--p 00013000 08:05 3802099    /lib/i386-linux-gnu/libresolv-2.15.so
6783a000-6783b000 rw-p 00014000 08:05 3802099    /lib/i386-linux-gnu/libresolv-2.15.so
6783b000-6783d000 rw-p 00000000 00:00 0 
6783d000-6785a000 r-xp 00000000 08:05 3802103    /lib/i386-linux-gnu/libselinux.so.1
6785a000-6785b000 r--p 0001c000 08:05 3802103    /lib/i386-linux-gnu/libselinux.so.1
6785b000-6785c000 rw-p 0001d000 08:05 3802103    /lib/i386-linux-gnu/libselinux.so.1
6785c000-67953000 r-xp 00000000 08:05 3802040    /lib/i386-linux-gnu/libglib-2.0.so.0.3200.3
67953000-67954000 r--p 000f6000 08:05 3802040    /lib/i386-linux-gnu/libglib-2.0.so.0.3200.3
67954000-67955000 rw-p 000f7000 08:05 3802040    /lib/i386-linux-gnu/libglib-2.0.so.0.3200.3
67955000-679a2000 r-xp 00000000 08:05 4985532    /usr/lib/i386-linux-gnu/libgobject-2.0.so.0.3200.3
679a2000-679a3000 r--p 0004c000 08:05 4985532    /usr/lib/i386-linux-gnu/libgobject-2.0.so.0.3200.3
679a3000-679a4000 rw-p 0004d000 08:05 4985532    /usr/lib/i386-linux-gnu/libgobject-2.0.so.0.3200.3
679a4000-67af7000 r-xp 00000000 08:05 4985508    /usr/lib/i386-linux-gnu/libgio-2.0.so.0.3200.3
67af7000-67af9000 r--p 00153000 08:05 4985508    /usr/lib/i386-linux-gnu/libgio-2.0.so.0.3200.3
67af9000-67afa000 rw-p 00155000 08:05 4985508    /usr/lib/i386-linux-gnu/libgio-2.0.so.0.3200.3
67afa000-67afb000 rw-p 00000000 00:00 0 
67b0d000-67b24000 r-xp 00000000 08:05 4989135    /usr/lib/jvm/java-7-openjdk-i386/jre/lib/i386/libnet.so
67b24000-67b25000 r--p 00016000 08:05 4989135    /usr/lib/jvm/java-7-openjdk-i386/jre/lib/i386/libnet.so
67b25000-67b26000 rw-p 00017000 08:05 4989135    /usr/lib/jvm/java-7-openjdk-i386/jre/lib/i386/libnet.so
67b26000-67b37000 r-xp 00000000 08:05 4989121    /usr/lib/jvm/java-7-openjdk-i386/jre/lib/i386/libnio.so
67b37000-67b38000 r--p 00010000 08:05 4989121    /usr/lib/jvm/java-7-openjdk-i386/jre/lib/i386/libnio.so
67b38000-67b39000 rw-p 00011000 08:05 4989121    /usr/lib/jvm/java-7-openjdk-i386/jre/lib/i386/libnio.so
67b39000-67b3a000 ---p 00000000 00:00 0 
67b3a000-67bba000 rw-p 00000000 00:00 0 
67bba000-67bbd000 ---p 00000000 00:00 0 
67bbd000-67c0b000 rw-p 00000000 00:00 0 
67c0b000-67c0e000 ---p 00000000 00:00 0 
67c0e000-67c8c000 rw-p 00000000 00:00 0 
67c8c000-67c8f000 ---p 00000000 00:00 0 
67c8f000-67d0d000 rw-p 00000000 00:00 0 
67d0d000-67d10000 ---p 00000000 00:00 0 
67d10000-67d5e000 rw-p 00000000 00:00 0 
67d5e000-67f5e000 r--p 00000000 08:05 4988066    /usr/lib/locale/locale-archive
67f5e000-67f61000 ---p 00000000 00:00 0 
67f61000-67faf000 rw-p 00000000 00:00 0 
67faf000-67fb2000 ---p 00000000 00:00 0 
67fb2000-68000000 rw-p 00000000 00:00 0 
68000000-68100000 rw-p 00000000 00:00 0 
68105000-68106000 ---p 00000000 00:00 0 
68106000-681cf000 rw-p 00000000 00:00 0 
681cf000-68380000 r--s 01d23000 08:05 4989042    /usr/lib/jvm/java-7-openjdk-i386/jre/lib/rt.jar
68380000-6ac00000 rw-p 00000000 00:00 0 
6ac00000-6acfb000 rw-p 00000000 00:00 0 
6acfb000-6ad00000 ---p 00000000 00:00 0 
6ad03000-6ad15000 r--s 000c6000 08:06 4459449    /home/ankit/Traafik latest/TraafikAppLatest/app/build/intermediates/exploded-aar/com.android.support/support-v4/22.2.0/jars/classes.jar
6ad15000-6ad24000 r--s 000dd000 08:06 21369266   /home/ankit/Ankitt Data/ECLIPSE/sdk/build-tools/22.0.1/lib/dx.jar
6ad24000-6ad7f000 rw-p 00000000 00:00 0 
6ad7f000-6ad80000 ---p 00000000 00:00 0 
6ad80000-6ae00000 rw-p 00000000 00:00 0 
6ae00000-6ae21000 rw-p 00000000 00:00 0 
6ae21000-6af00000 ---p 00000000 00:00 0 
6af05000-6af08000 r-xp 00000000 08:05 4985518    /usr/lib/i386-linux-gnu/libgmodule-2.0.so.0.3200.3
6af08000-6af09000 r--p 00002000 08:05 4985518    /usr/lib/i386-linux-gnu/libgmodule-2.0.so.0.3200.3
6af09000-6af0a000 rw-p 00003000 08:05 4985518    /usr/lib/i386-linux-gnu/libgmodule-2.0.so.0.3200.3
6af0a000-6af0d000 r--s 0000f000 08:05 4989079    /usr/lib/jvm/java-7-openjdk-i386/jre/lib/ext/icedtea-sound.jar
6af0d000-6af28000 rw-p 00000000 00:00 0 
6af28000-6af29000 ---p 00000000 00:00 0 
6af29000-6afbe000 rw-p 00000000 00:00 0 
6afbe000-6b0ff000 rw-p 00000000 00:00 0 
6b0ff000-6b107000 rw-p 00000000 00:00 0 
6b107000-6b13f000 rw-p 00000000 00:00 0 
6b13f000-6b154000 rw-p 00000000 00:00 0 
6b154000-6b294000 rw-p 00000000 00:00 0 
6b294000-6b2e3000 rw-p 00000000 00:00 0 
6b2e3000-6b33f000 rw-p 00000000 00:00 0 
6b33f000-6c340000 rw-p 00000000 00:00 0 
6c340000-73340000 rw-p 00000000 00:00 0 
73340000-75c00000 rw-p 00000000 00:00 0 
75c00000-9ddc0000 rw-p 00000000 00:00 0 
9ddc0000-a79c0000 rw-p 00000000 00:00 0 
accc0000-b3340000 rw-p 00000000 00:00 0 
b3340000-b334a000 rw-p 00000000 00:00 0 
b334a000-b3400000 rw-p 00000000 00:00 0 
b3400000-b3678000 rwxp 00000000 00:00 0 
b3678000-b64fd000 rw-p 00000000 00:00 0 
b64fd000-b6500000 ---p 00000000 00:00 0 
b6500000-b6501000 r--s 00007000 08:05 5246941    /usr/share/java/java-atk-wrapper.jar
b6501000-b6503000 r--s 00012000 08:05 4989084    /usr/lib/jvm/java-7-openjdk-i386/jre/lib/ext/zipfs.jar
b6503000-b6507000 r--s 00034000 08:05 4989083    /usr/lib/jvm/java-7-openjdk-i386/jre/lib/ext/sunjce_provider.jar
b6507000-b650b000 r--s 0003c000 08:05 4989081    /usr/lib/jvm/java-7-openjdk-i386/jre/lib/ext/sunpkcs11.jar
b650b000-b650e000 r--s 00086000 08:05 4989082    /usr/lib/jvm/java-7-openjdk-i386/jre/lib/ext/localedata.jar
b650e000-b6516000 rw-p 00000000 00:00 0 
b6516000-b654e000 rw-p 00000000 00:00 0 
b654e000-b6559000 r-xp 00000000 08:05 3802066    /lib/i386-linux-gnu/libnss_files-2.15.so
b6559000-b655a000 r--p 0000a000 08:05 3802066    /lib/i386-linux-gnu/libnss_files-2.15.so
b655a000-b655b000 rw-p 0000b000 08:05 3802066    /lib/i386-linux-gnu/libnss_files-2.15.so
b655b000-b6565000 r-xp 00000000 08:05 3802070    /lib/i386-linux-gnu/libnss_nis-2.15.so
b6565000-b6566000 r--p 00009000 08:05 3802070    /lib/i386-linux-gnu/libnss_nis-2.15.so
b6566000-b6567000 rw-p 0000a000 08:05 3802070    /lib/i386-linux-gnu/libnss_nis-2.15.so
b6567000-b657d000 r-xp 00000000 08:05 3802060    /lib/i386-linux-gnu/libnsl-2.15.so
b657d000-b657e000 r--p 00015000 08:05 3802060    /lib/i386-linux-gnu/libnsl-2.15.so
b657e000-b657f000 rw-p 00016000 08:05 3802060    /lib/i386-linux-gnu/libnsl-2.15.so
b657f000-b6581000 rw-p 00000000 00:00 0 
b6581000-b6588000 r-xp 00000000 08:05 3802062    /lib/i386-linux-gnu/libnss_compat-2.15.so
b6588000-b6589000 r--p 00006000 08:05 3802062    /lib/i386-linux-gnu/libnss_compat-2.15.so
b6589000-b658a000 rw-p 00007000 08:05 3802062    /lib/i386-linux-gnu/libnss_compat-2.15.so
b658a000-b6592000 r-xp 00000000 08:05 4989114    /usr/lib/jvm/java-7-openjdk-i386/jre/lib/i386/libzip.so
b6592000-b6593000 r--p 00007000 08:05 4989114    /usr/lib/jvm/java-7-openjdk-i386/jre/lib/i386/libzip.so
b6593000-b6594000 rw-p 00008000 08:05 4989114    /usr/lib/jvm/java-7-openjdk-i386/jre/lib/i386/libzip.so
b6594000-b659c000 rw-s 00000000 08:05 145511     /tmp/hsperfdata_ankit/15927
b659c000-b65c3000 r-xp 00000000 08:05 4989134    /usr/lib/jvm/java-7-openjdk-i386/jre/lib/i386/libjava.so
b65c3000-b65c4000 r--p 00026000 08:05 4989134    /usr/lib/jvm/java-7-openjdk-i386/jre/lib/i386/libjava.so
b65c4000-b65c5000 rw-p 00027000 08:05 4989134    /usr/lib/jvm/java-7-openjdk-i386/jre/lib/i386/libjava.so
b65c5000-b65cc000 r-xp 00000000 08:05 3802101    /lib/i386-linux-gnu/librt-2.15.so
b65cc000-b65cd000 r--p 00006000 08:05 3802101    /lib/i386-linux-gnu/librt-2.15.so
b65cd000-b65ce000 rw-p 00007000 08:05 3802101    /lib/i386-linux-gnu/librt-2.15.so
b65ce000-b65d1000 ---p 00000000 00:00 0 
b65d1000-b661f000 rw-p 00000000 00:00 0 
b661f000-b663b000 r-xp 00000000 08:05 3802036    /lib/i386-linux-gnu/libgcc_s.so.1
b663b000-b663c000 r--p 0001b000 08:05 3802036    /lib/i386-linux-gnu/libgcc_s.so.1
b663c000-b663d000 rw-p 0001c000 08:05 3802036    /lib/i386-linux-gnu/libgcc_s.so.1
b663d000-b6667000 r-xp 00000000 08:05 3802047    /lib/i386-linux-gnu/libm-2.15.so
b6667000-b6668000 r--p 00029000 08:05 3802047    /lib/i386-linux-gnu/libm-2.15.so
b6668000-b6669000 rw-p 0002a000 08:05 3802047    /lib/i386-linux-gnu/libm-2.15.so
b6669000-b6741000 r-xp 00000000 08:05 4985813    /usr/lib/i386-linux-gnu/libstdc++.so.6.0.16
b6741000-b6742000 ---p 000d8000 08:05 4985813    /usr/lib/i386-linux-gnu/libstdc++.so.6.0.16
b6742000-b6746000 r--p 000d8000 08:05 4985813    /usr/lib/i386-linux-gnu/libstdc++.so.6.0.16
b6746000-b6747000 rw-p 000dc000 08:05 4985813    /usr/lib/i386-linux-gnu/libstdc++.so.6.0.16
b6747000-b674e000 rw-p 00000000 00:00 0 
b674e000-b7110000 r-xp 00000000 08:05 4989140    /usr/lib/jvm/java-7-openjdk-i386/jre/lib/i386/server/libjvm.so
b7110000-b7165000 r--p 009c2000 08:05 4989140    /usr/lib/jvm/java-7-openjdk-i386/jre/lib/i386/server/libjvm.so
b7165000-b7179000 rw-p 00a17000 08:05 4989140    /usr/lib/jvm/java-7-openjdk-i386/jre/lib/i386/server/libjvm.so
b7179000-b7597000 rw-p 00000000 00:00 0 
b7597000-b75ab000 r-xp 00000000 08:05 3802126    /lib/i386-linux-gnu/libz.so.1.2.3.4
b75ab000-b75ac000 r--p 00013000 08:05 3802126    /lib/i386-linux-gnu/libz.so.1.2.3.4
b75ac000-b75ad000 rw-p 00014000 08:05 3802126    /lib/i386-linux-gnu/libz.so.1.2.3.4
b75ad000-b75c4000 r-xp 00000000 08:05 3802095    /lib/i386-linux-gnu/libpthread-2.15.so
b75c4000-b75c5000 r--p 00016000 08:05 3802095    /lib/i386-linux-gnu/libpthread-2.15.so
b75c5000-b75c6000 rw-p 00017000 08:05 3802095    /lib/i386-linux-gnu/libpthread-2.15.so
b75c6000-b75c8000 rw-p 00000000 00:00 0 
b75c8000-b75cb000 r-xp 00000000 08:05 3802028    /lib/i386-linux-gnu/libdl-2.15.so
b75cb000-b75cc000 r--p 00002000 08:05 3802028    /lib/i386-linux-gnu/libdl-2.15.so
b75cc000-b75cd000 rw-p 00003000 08:05 3802028    /lib/i386-linux-gnu/libdl-2.15.so
b75cd000-b776c000 r-xp 00000000 08:05 3802015    /lib/i386-linux-gnu/libc-2.15.so
b776c000-b776e000 r--p 0019f000 08:05 3802015    /lib/i386-linux-gnu/libc-2.15.so
b776e000-b776f000 rw-p 001a1000 08:05 3802015    /lib/i386-linux-gnu/libc-2.15.so
b776f000-b7772000 rw-p 00000000 00:00 0 
b7772000-b7773000 r--s 00002000 08:05 4989080    /usr/lib/jvm/java-7-openjdk-i386/jre/lib/ext/dnsns.jar
b7773000-b7774000 r--p 005db000 08:05 4988066    /usr/lib/locale/locale-archive
b7774000-b7775000 rw-p 00000000 00:00 0 
b7775000-b7776000 ---p 00000000 00:00 0 
b7776000-b7782000 r-xp 00000000 08:05 4989131    /usr/lib/jvm/java-7-openjdk-i386/jre/lib/i386/libverify.so
b7782000-b7783000 r--p 0000b000 08:05 4989131    /usr/lib/jvm/java-7-openjdk-i386/jre/lib/i386/libverify.so
b7783000-b7784000 rw-p 0000c000 08:05 4989131    /usr/lib/jvm/java-7-openjdk-i386/jre/lib/i386/libverify.so
b7784000-b7791000 r-xp 00000000 08:05 4989106    /usr/lib/jvm/java-7-openjdk-i386/jre/lib/i386/jli/libjli.so
b7791000-b7792000 r--p 0000c000 08:05 4989106    /usr/lib/jvm/java-7-openjdk-i386/jre/lib/i386/jli/libjli.so
b7792000-b7793000 rw-p 0000d000 08:05 4989106    /usr/lib/jvm/java-7-openjdk-i386/jre/lib/i386/jli/libjli.so
b7793000-b7796000 rw-p 00000000 00:00 0 
b7796000-b7797000 r-xp 00000000 00:00 0          [vdso]
b7797000-b77b7000 r-xp 00000000 08:05 3801995    /lib/i386-linux-gnu/ld-2.15.so
b77b7000-b77b8000 r--p 0001f000 08:05 3801995    /lib/i386-linux-gnu/ld-2.15.so
b77b8000-b77b9000 rw-p 00020000 08:05 3801995    /lib/i386-linux-gnu/ld-2.15.so
bf91b000-bf91c000 rwxp 00000000 00:00 0 
bf94e000-bf96f000 rw-p 00000000 00:00 0          [stack]

VM Arguments:
jvm_args: -Xmx1024M -Dfile.encoding=UTF-8 -Duser.country=IN -Duser.language=en -Duser.variant 
java_command: com.android.dx.command.Main --dex --output /home/ankit/Traafik latest/TraafikAppLatest/app/build/intermediates/pre-dexed/debug/classes-2bba629e0bef0632f4eeb364fe3fdb145c429817.jar /home/ankit/Traafik latest/TraafikAppLatest/app/build/intermediates/exploded-aar/com.android.support/support-v4/22.2.0/jars/classes.jar
Launcher Type: SUN_STANDARD

Environment Variables:
PATH=/usr/lib/lightdm/lightdm:/usr/local/sbin:/usr/local/bin:/usr/sbin:/usr/bin:/sbin:/bin:/usr/games
LD_LIBRARY_PATH=/home/ankit/Android studio/android-studio/bin:
SHELL=/bin/bash
DISPLAY=:0.0

Signal Handlers:
SIGSEGV: [libjvm.so+0x80b550], sa_mask[0]=0x7ffbfeff, sa_flags=0x10000004
SIGBUS: [libjvm.so+0x80b550], sa_mask[0]=0x7ffbfeff, sa_flags=0x10000004
SIGFPE: [libjvm.so+0x6753e0], sa_mask[0]=0x7ffbfeff, sa_flags=0x10000004
SIGPIPE: [libjvm.so+0x6753e0], sa_mask[0]=0x7ffbfeff, sa_flags=0x10000004
SIGXFSZ: [libjvm.so+0x6753e0], sa_mask[0]=0x7ffbfeff, sa_flags=0x10000004
SIGILL: [libjvm.so+0x6753e0], sa_mask[0]=0x7ffbfeff, sa_flags=0x10000004
SIGUSR1: SIG_DFL, sa_mask[0]=0x00000000, sa_flags=0x00000000
SIGUSR2: [libjvm.so+0x675690], sa_mask[0]=0x00000004, sa_flags=0x10000004
SIGHUP: [libjvm.so+0x675850], sa_mask[0]=0x7ffbfeff, sa_flags=0x10000004
SIGINT: [libjvm.so+0x675850], sa_mask[0]=0x7ffbfeff, sa_flags=0x10000004
SIGTERM: [libjvm.so+0x675850], sa_mask[0]=0x7ffbfeff, sa_flags=0x10000004
SIGQUIT: [libjvm.so+0x675850], sa_mask[0]=0x7ffbfeff, sa_flags=0x10000004
SIGTRAP: SIG_DFL, sa_mask[0]=0x00000000, sa_flags=0x00000000


---------------  S Y S T E M  ---------------

OS:Ubuntu 12.04 (precise)
uname:Linux 3.2.0-29-generic-pae #46-Ubuntu SMP Fri Jul 27 17:25:43 UTC 2012 i686
libc:glibc 2.15 NPTL 2.15 
rlimit: STACK 8192k, CORE 0k, NPROC 31169, NOFILE 4096, AS infinity
load average:5.75 2.63 1.37

/proc/meminfo:
MemTotal:        4004304 kB
MemFree:          187392 kB
Buffers:             388 kB
Cached:           503656 kB
SwapCached:            0 kB
Active:          3397304 kB
Inactive:         341224 kB
Active(anon):    3385804 kB
Inactive(anon):   292944 kB
Active(file):      11500 kB
Inactive(file):    48280 kB
Unevictable:          32 kB
Mlocked:              32 kB
HighTotal:       3159312 kB
HighFree:          20172 kB
LowTotal:         844992 kB
LowFree:          167220 kB
SwapTotal:             0 kB
SwapFree:              0 kB
Dirty:              2360 kB
Writeback:            20 kB
AnonPages:       3234704 kB
Mapped:            45948 kB
Shmem:            444076 kB
Slab:              39024 kB
SReclaimable:      19200 kB
SUnreclaim:        19824 kB
KernelStack:        4608 kB
PageTables:        18316 kB
NFS_Unstable:          0 kB
Bounce:                0 kB
WritebackTmp:          0 kB
CommitLimit:     2002152 kB
Committed_AS:    7244428 kB
VmallocTotal:     122880 kB
VmallocUsed:       15272 kB
VmallocChunk:     105556 kB
HardwareCorrupted:     0 kB
AnonHugePages:         0 kB
HugePages_Total:       0
HugePages_Free:        0
HugePages_Rsvd:        0
HugePages_Surp:        0
Hugepagesize:       2048 kB
DirectMap4k:       10232 kB
DirectMap2M:      903168 kB


CPU:total 2 (2 cores per cpu, 1 threads per core) family 6 model 58 stepping 9, cmov, cx8, fxsr, mmx, sse, sse2, sse3, ssse3, sse4.1, sse4.2, popcnt, erms, tsc, tscinvbit, tscinv

/proc/cpuinfo:
processor	: 0
vendor_id	: GenuineIntel
cpu family	: 6
model		: 58
model name	: Intel(R) Pentium(R) CPU G2030 @ 3.00GHz
stepping	: 9
microcode	: 0x17
cpu MHz		: 2500.000
cache size	: 3072 KB
physical id	: 0
siblings	: 2
core id		: 0
cpu cores	: 2
apicid		: 0
initial apicid	: 0
fdiv_bug	: no
hlt_bug		: no
f00f_bug	: no
coma_bug	: no
fpu		: yes
fpu_exception	: yes
cpuid level	: 13
wp		: yes
flags		: fpu vme de pse tsc msr pae mce cx8 apic sep mtrr pge mca cmov pat pse36 clflush dts acpi mmx fxsr sse sse2 ss ht tm pbe nx rdtscp lm constant_tsc arch_perfmon pebs bts xtopology nonstop_tsc aperfmperf pni pclmulqdq dtes64 monitor ds_cpl vmx est tm2 ssse3 cx16 xtpr pdcm pcid sse4_1 sse4_2 popcnt tsc_deadline_timer xsave lahf_lm arat epb xsaveopt pln pts dtherm tpr_shadow vnmi flexpriority ept vpid fsgsbase smep erms
bogomips	: 5986.60
clflush size	: 64
cache_alignment	: 64
address sizes	: 36 bits physical, 48 bits virtual
power management:

processor	: 1
vendor_id	: GenuineIntel
cpu family	: 6
model		: 58
model name	: Intel(R) Pentium(R) CPU G2030 @ 3.00GHz
stepping	: 9
microcode	: 0x17
cpu MHz		: 1900.000
cache size	: 3072 KB
physical id	: 0
siblings	: 2
core id		: 1
cpu cores	: 2
apicid		: 2
initial apicid	: 2
fdiv_bug	: no
hlt_bug		: no
f00f_bug	: no
coma_bug	: no
fpu		: yes
fpu_exception	: yes
cpuid level	: 13
wp		: yes
flags		: fpu vme de pse tsc msr pae mce cx8 apic sep mtrr pge mca cmov pat pse36 clflush dts acpi mmx fxsr sse sse2 ss ht tm pbe nx rdtscp lm constant_tsc arch_perfmon pebs bts xtopology nonstop_tsc aperfmperf pni pclmulqdq dtes64 monitor ds_cpl vmx est tm2 ssse3 cx16 xtpr pdcm pcid sse4_1 sse4_2 popcnt tsc_deadline_timer xsave lahf_lm arat epb xsaveopt pln pts dtherm tpr_shadow vnmi flexpriority ept vpid fsgsbase smep erms
bogomips	: 5986.36
clflush size	: 64
cache_alignment	: 64
address sizes	: 36 bits physical, 48 bits virtual
power management:



Memory: 4k page, physical 4004304k(187392k free), swap 0k(0k free)

vm_info: OpenJDK Server VM (24.75-b04) for linux-x86 JRE (1.7.0_75-b13), built on Jan 27 2015 16:24:35 by "buildd" with gcc 4.6.3

time: Thu Jul 16 16:02:30 2015
elapsed time: 15 seconds

