#
# There is insufficient memory for the Java Runtime Environment to continue.
# Native memory allocation (malloc) failed to allocate 121110528 bytes for committing reserved memory.
# Possible reasons:
#   The system is out of physical RAM or swap space
#   In 32 bit mode, the process size limit was hit
# Possible solutions:
#   Reduce memory load on the system
#   Increase physical memory or swap space
#   Check if swap backing store is full
#   Use 64 bit Java on a 64 bit OS
#   Decrease Java heap size (-Xmx/-Xms)
#   Decrease number of Java threads
#   Decrease Java thread stack sizes (-Xss)
#   Set larger code cache with -XX:ReservedCodeCacheSize=
# This output file may be truncated or incomplete.
#
#  Out of Memory Error (os_linux.cpp:2798), pid=14644, tid=1745378112
#
# JRE version: OpenJDK Runtime Environment (7.0_75-b13) (build 1.7.0_75-b13)
# Java VM: OpenJDK Server VM (24.75-b04 mixed mode linux-x86 )
# Derivative: IcedTea 2.5.4
# Distribution: Ubuntu 12.04 LTS, package 7u75-2.5.4-1~precise1
# Failed to write core dump. Core dumps have been disabled. To enable core dumping, try "ulimit -c unlimited" before starting Java again
#

---------------  T H R E A D  ---------------

Current thread (0x67f10400):  VMThread [stack: 0x68005000,0x68086000] [id=14652]

Stack: [0x68005000,0x68086000]
[error occurred during error reporting (printing stack bounds), id 0xb]

VM_Operation (0xb65c2c68): ParallelGCFailedAllocation, mode: safepoint, requested by thread 0xb6409800


---------------  P R O C E S S  ---------------

Java Threads: ( => current thread )
  0x67f2b400 JavaThread "Service Thread" daemon [_thread_blocked, id=14658, stack(0x67b5c000,0x67bad000)]
  0x67f29800 JavaThread "C2 CompilerThread1" daemon [_thread_blocked, id=14657, stack(0x67bad000,0x67c2e000)]
  0x67f27400 JavaThread "C2 CompilerThread0" daemon [_thread_blocked, id=14656, stack(0x67c2e000,0x67caf000)]
  0x67f25c00 JavaThread "Signal Dispatcher" daemon [_thread_blocked, id=14655, stack(0x67caf000,0x67d00000)]
  0x67f14000 JavaThread "Finalizer" daemon [_thread_blocked, id=14654, stack(0x6ac03000,0x6ac54000)]
  0x67f12800 JavaThread "Reference Handler" daemon [_thread_blocked, id=14653, stack(0x6ac54000,0x6aca5000)]
  0xb6409800 JavaThread "main" [_thread_blocked, id=14649, stack(0xb6573000,0xb65c4000)]

Other Threads:
=>0x67f10400 VMThread [stack: 0x68005000,0x68086000] [id=14652]
  0x67f2d400 WatcherThread [stack: 0x67adb000,0x67b5c000] [id=14659]

VM state:at safepoint (normal execution)

VM Mutex/Monitor currently owned by a thread:  ([mutex/lock_event])
[0xb64070e8] Threads_lock - owner thread: 0x67f10400
[0xb64074f8] Heap_lock - owner thread: 0xb6409800

Heap
 PSYoungGen      total 212992K, used 15357K [0x9dd80000, 0xabf80000, 0xb3300000)
  eden space 197632K, 0% used [0x9dd80000,0x9dd80000,0xa9e80000)
  from space 15360K, 99% used [0xa9e80000,0xaad7f7e8,0xaad80000)
  to   space 12288K, 0% used [0xaad80000,0xaad80000,0xab980000)
 ParOldGen       total 47872K, used 46962K [0x73300000, 0x761c0000, 0x9dd80000)
  object space 47872K, 98% used [0x73300000,0x760dc968,0x761c0000)
 PSPermGen       total 16384K, used 5156K [0x6b300000, 0x6c300000, 0x73300000)
  object space 16384K, 31% used [0x6b300000,0x6b8091f0,0x6c300000)

Card table byte_map: [0x6b0bf000,0x6b300000] byte_map_base: 0x6ad65800

Polling page: 0xb771a000

Code Cache  [0xb33f3000, 0xb3633000, 0xb63f3000)
 total_blobs=999 nmethods=867 adapters=86 free_code_cache=47128Kb largest_free_block=48238272

Compilation events (10 events):
Event: 5.331 Thread 0x67f27400 nmethod 881 0xb359d108 code [0xb359d1e0, 0xb359d230]
Event: 5.331 Thread 0x67f29800 nmethod 880 0xb35ec5c8 code [0xb35ec6c0, 0xb35ec750]
Event: 5.341 Thread 0x67f27400  882             com.android.dx.io.instructions.InstructionCodec$15::decode (54 bytes)
Event: 5.343 Thread 0x67f27400 nmethod 882 0xb35ec188 code [0xb35ec2a0, 0xb35ec470]
Event: 5.343 Thread 0x67f27400  883             com.android.dx.io.instructions.InstructionCodec$15::encode (29 bytes)
Event: 5.344 Thread 0x67f27400 nmethod 883 0xb35f02c8 code [0xb35f03e0, 0xb35f05d0]
Event: 5.344 Thread 0x67f27400  884             com.android.dx.io.instructions.DecodedInstruction::getLiteralByte (58 bytes)
Event: 5.345 Thread 0x67f27400 nmethod 884 0xb359cf48 code [0xb359d040, 0xb359d0b0]
Event: 5.417 Thread 0x67f27400  885             com.android.dex.EncodedValue::writeTo (9 bytes)
Event: 5.419 Thread 0x67f27400 nmethod 885 0xb35efdc8 code [0xb35efee0, 0xb35f0050]

GC Heap History (10 events):
Event: 4.020 GC heap after
Heap after GC invocations=6 (full 0):
 PSYoungGen      total 73472K, used 8381K [0x9dd80000, 0xa3100000, 0xb3300000)
  eden space 62976K, 0% used [0x9dd80000,0x9dd80000,0xa1b00000)
  from space 10496K, 79% used [0xa25c0000,0xa2def700,0xa3000000)
  to   space 11008K, 0% used [0xa1b00000,0xa1b00000,0xa25c0000)
 ParOldGen       total 41728K, used 19028K [0x73300000, 0x75bc0000, 0x9dd80000)
  object space 41728K, 45% used [0x73300000,0x74595330,0x75bc0000)
 PSPermGen       total 16384K, used 5064K [0x6b300000, 0x6c300000, 0x73300000)
  object space 16384K, 30% used [0x6b300000,0x6b7f2008,0x6c300000)
}
Event: 4.345 GC heap before
{Heap before GC invocations=7 (full 0):
 PSYoungGen      total 73472K, used 71357K [0x9dd80000, 0xa3100000, 0xb3300000)
  eden space 62976K, 100% used [0x9dd80000,0xa1b00000,0xa1b00000)
  from space 10496K, 79% used [0xa25c0000,0xa2def700,0xa3000000)
  to   space 11008K, 0% used [0xa1b00000,0xa1b00000,0xa25c0000)
 ParOldGen       total 41728K, used 19028K [0x73300000, 0x75bc0000, 0x9dd80000)
  object space 41728K, 45% used [0x73300000,0x74595330,0x75bc0000)
 PSPermGen       total 16384K, used 5138K [0x6b300000, 0x6c300000, 0x73300000)
  object space 16384K, 31% used [0x6b300000,0x6b804960,0x6c300000)
Event: 4.354 GC heap after
Heap after GC invocations=7 (full 0):
 PSYoungGen      total 73984K, used 7480K [0x9dd80000, 0xa6d80000, 0xb3300000)
  eden space 62976K, 0% used [0x9dd80000,0x9dd80000,0xa1b00000)
  from space 11008K, 67% used [0xa1b00000,0xa224e028,0xa25c0000)
  to   space 10752K, 0% used [0xa6300000,0xa6300000,0xa6d80000)
 ParOldGen       total 41728K, used 19658K [0x73300000, 0x75bc0000, 0x9dd80000)
  object space 41728K, 47% used [0x73300000,0x74632a08,0x75bc0000)
 PSPermGen       total 16384K, used 5138K [0x6b300000, 0x6c300000, 0x73300000)
  object space 16384K, 31% used [0x6b300000,0x6b804960,0x6c300000)
}
Event: 4.531 GC heap before
{Heap before GC invocations=8 (full 0):
 PSYoungGen      total 73984K, used 70456K [0x9dd80000, 0xa6d80000, 0xb3300000)
  eden space 62976K, 100% used [0x9dd80000,0xa1b00000,0xa1b00000)
  from space 11008K, 67% used [0xa1b00000,0xa224e028,0xa25c0000)
  to   space 10752K, 0% used [0xa6300000,0xa6300000,0xa6d80000)
 ParOldGen       total 41728K, used 19658K [0x73300000, 0x75bc0000, 0x9dd80000)
  object space 41728K, 47% used [0x73300000,0x74632a08,0x75bc0000)
 PSPermGen       total 16384K, used 5146K [0x6b300000, 0x6c300000, 0x73300000)
  object space 16384K, 31% used [0x6b300000,0x6b806888,0x6c300000)
Event: 4.538 GC heap after
Heap after GC invocations=8 (full 0):
 PSYoungGen      total 136192K, used 9014K [0x9dd80000, 0xa6e80000, 0xb3300000)
  eden space 125440K, 0% used [0x9dd80000,0x9dd80000,0xa5800000)
  from space 10752K, 83% used [0xa6300000,0xa6bcda58,0xa6d80000)
  to   space 11264K, 0% used [0xa5800000,0xa5800000,0xa6300000)
 ParOldGen       total 41728K, used 20903K [0x73300000, 0x75bc0000, 0x9dd80000)
  object space 41728K, 50% used [0x73300000,0x74769ee8,0x75bc0000)
 PSPermGen       total 16384K, used 5146K [0x6b300000, 0x6c300000, 0x73300000)
  object space 16384K, 31% used [0x6b300000,0x6b806888,0x6c300000)
}
Event: 4.892 GC heap before
{Heap before GC invocations=9 (full 0):
 PSYoungGen      total 136192K, used 134454K [0x9dd80000, 0xa6e80000, 0xb3300000)
  eden space 125440K, 100% used [0x9dd80000,0xa5800000,0xa5800000)
  from space 10752K, 83% used [0xa6300000,0xa6bcda58,0xa6d80000)
  to   space 11264K, 0% used [0xa5800000,0xa5800000,0xa6300000)
 ParOldGen       total 41728K, used 20903K [0x73300000, 0x75bc0000, 0x9dd80000)
  object space 41728K, 50% used [0x73300000,0x74769ee8,0x75bc0000)
 PSPermGen       total 16384K, used 5150K [0x6b300000, 0x6c300000, 0x73300000)
  object space 16384K, 31% used [0x6b300000,0x6b807970,0x6c300000)
Event: 4.901 GC heap after
Heap after GC invocations=9 (full 0):
 PSYoungGen      total 136704K, used 10656K [0x9dd80000, 0xab980000, 0xb3300000)
  eden space 125440K, 0% used [0x9dd80000,0x9dd80000,0xa5800000)
  from space 11264K, 94% used [0xa5800000,0xa62682c0,0xa6300000)
  to   space 12288K, 0% used [0xaad80000,0xaad80000,0xab980000)
 ParOldGen       total 41728K, used 25498K [0x73300000, 0x75bc0000, 0x9dd80000)
  object space 41728K, 61% used [0x73300000,0x74be6ab0,0x75bc0000)
 PSPermGen       total 16384K, used 5150K [0x6b300000, 0x6c300000, 0x73300000)
  object space 16384K, 31% used [0x6b300000,0x6b807970,0x6c300000)
}
Event: 5.121 GC heap before
{Heap before GC invocations=10 (full 0):
 PSYoungGen      total 136704K, used 136096K [0x9dd80000, 0xab980000, 0xb3300000)
  eden space 125440K, 100% used [0x9dd80000,0xa5800000,0xa5800000)
  from space 11264K, 94% used [0xa5800000,0xa62682c0,0xa6300000)
  to   space 12288K, 0% used [0xaad80000,0xaad80000,0xab980000)
 ParOldGen       total 41728K, used 25498K [0x73300000, 0x75bc0000, 0x9dd80000)
  object space 41728K, 61% used [0x73300000,0x74be6ab0,0x75bc0000)
 PSPermGen       total 16384K, used 5153K [0x6b300000, 0x6c300000, 0x73300000)
  object space 16384K, 31% used [0x6b300000,0x6b808588,0x6c300000)
Event: 5.129 GC heap after
Heap after GC invocations=10 (full 0):
 PSYoungGen      total 209920K, used 12281K [0x9dd80000, 0xabf80000, 0xb3300000)
  eden space 197632K, 0% used [0x9dd80000,0x9dd80000,0xa9e80000)
  from space 12288K, 99% used [0xaad80000,0xab97e608,0xab980000)
  to   space 15360K, 0% used [0xa9e80000,0xa9e80000,0xaad80000)
 ParOldGen       total 41728K, used 30224K [0x73300000, 0x75bc0000, 0x9dd80000)
  object space 41728K, 72% used [0x73300000,0x75084010,0x75bc0000)
 PSPermGen       total 16384K, used 5153K [0x6b300000, 0x6c300000, 0x73300000)
  object space 16384K, 31% used [0x6b300000,0x6b808588,0x6c300000)
}
Event: 5.474 GC heap before
{Heap before GC invocations=11 (full 0):
 PSYoungGen      total 209920K, used 209913K [0x9dd80000, 0xabf80000, 0xb3300000)
  eden space 197632K, 100% used [0x9dd80000,0xa9e80000,0xa9e80000)
  from space 12288K, 99% used [0xaad80000,0xab97e608,0xab980000)
  to   space 15360K, 0% used [0xa9e80000,0xa9e80000,0xaad80000)
 ParOldGen       total 41728K, used 30224K [0x73300000, 0x75bc0000, 0x9dd80000)
  object space 41728K, 72% used [0x73300000,0x75084010,0x75bc0000)
 PSPermGen       total 16384K, used 5156K [0x6b300000, 0x6c300000, 0x73300000)
  object space 16384K, 31% used [0x6b300000,0x6b8091f0,0x6c300000)

Deoptimization events (10 events):
Event: 4.183 Thread 0xb6409800 Uncommon trap: reason=array_check action=maybe_recompile pc=0xb359667c method=java.util.ComparableTimSort.binarySort([Ljava/lang/Object;III)V @ 215
Event: 4.183 Thread 0xb6409800 Uncommon trap: reason=array_check action=maybe_recompile pc=0xb35966e0 method=java.util.ComparableTimSort.binarySort([Ljava/lang/Object;III)V @ 193
Event: 4.319 Thread 0xb6409800 Uncommon trap: reason=array_check action=maybe_recompile pc=0xb35b4460 method=java.util.TimSort.binarySort([Ljava/lang/Object;IIILjava/util/Comparator;)V @ 193
Event: 4.319 Thread 0xb6409800 Uncommon trap: reason=array_check action=maybe_recompile pc=0xb35b4460 method=java.util.TimSort.binarySort([Ljava/lang/Object;IIILjava/util/Comparator;)V @ 193
Event: 4.319 Thread 0xb6409800 Uncommon trap: reason=array_check action=maybe_recompile pc=0xb35b44cc method=java.util.TimSort.binarySort([Ljava/lang/Object;IIILjava/util/Comparator;)V @ 183
Event: 4.319 Thread 0xb6409800 Uncommon trap: reason=array_check action=maybe_recompile pc=0xb35b4460 method=java.util.TimSort.binarySort([Ljava/lang/Object;IIILjava/util/Comparator;)V @ 193
Event: 4.376 Thread 0xb6409800 Uncommon trap: reason=array_check action=maybe_recompile pc=0xb35ab278 method=java.util.ComparableTimSort.binarySort([Ljava/lang/Object;III)V @ 183
Event: 4.387 Thread 0xb6409800 Uncommon trap: reason=array_check action=maybe_recompile pc=0xb35c2110 method=java.util.TimSort.binarySort([Ljava/lang/Object;IIILjava/util/Comparator;)V @ 215
Event: 4.388 Thread 0xb6409800 Uncommon trap: reason=array_check action=maybe_recompile pc=0xb35c2110 method=java.util.TimSort.binarySort([Ljava/lang/Object;IIILjava/util/Comparator;)V @ 215
Event: 4.423 Thread 0xb6409800 Uncommon trap: reason=array_check action=maybe_recompile pc=0xb35ab278 method=java.util.ComparableTimSort.binarySort([Ljava/lang/Object;III)V @ 183

Internal exceptions (10 events):
Event: 3.465 Thread 0xb6409800 Threw 0x9ec145a0 at /build/buildd/openjdk-7-7u75-2.5.4/build/openjdk/hotspot/src/share/vm/prims/jvm.cpp:1284
Event: 3.467 Thread 0xb6409800 Threw 0x9ec1b530 at /build/buildd/openjdk-7-7u75-2.5.4/build/openjdk/hotspot/src/share/vm/prims/jvm.cpp:1284
Event: 3.467 Thread 0xb6409800 Threw 0x9ec1e008 at /build/buildd/openjdk-7-7u75-2.5.4/build/openjdk/hotspot/src/share/vm/prims/jvm.cpp:1284
Event: 3.566 Thread 0xb6409800 Threw 0x9ed451e8 at /build/buildd/openjdk-7-7u75-2.5.4/build/openjdk/hotspot/src/share/vm/prims/jvm.cpp:1284
Event: 3.566 Thread 0xb6409800 Threw 0x9ed45300 at /build/buildd/openjdk-7-7u75-2.5.4/build/openjdk/hotspot/src/share/vm/prims/jvm.cpp:1284
Event: 3.566 Thread 0xb6409800 Threw 0x9ed47750 at /build/buildd/openjdk-7-7u75-2.5.4/build/openjdk/hotspot/src/share/vm/prims/jvm.cpp:1284
Event: 3.566 Thread 0xb6409800 Threw 0x9ed47868 at /build/buildd/openjdk-7-7u75-2.5.4/build/openjdk/hotspot/src/share/vm/prims/jvm.cpp:1284
Event: 3.566 Thread 0xb6409800 Threw 0x9ed481d8 at /build/buildd/openjdk-7-7u75-2.5.4/build/openjdk/hotspot/src/share/vm/prims/jvm.cpp:1284
Event: 3.566 Thread 0xb6409800 Threw 0x9ed482f0 at /build/buildd/openjdk-7-7u75-2.5.4/build/openjdk/hotspot/src/share/vm/prims/jvm.cpp:1284
Event: 3.871 Thread 0xb6409800 Threw 0x9e5806c0 at /build/buildd/openjdk-7-7u75-2.5.4/build/openjdk/hotspot/src/share/vm/prims/jvm.cpp:1284

Events (10 events):
Event: 4.577 Thread 0x67f29800 flushing nmethod 0xb34cf648
Event: 4.587 Thread 0x67f29800 flushing nmethod 0xb3545fc8
Event: 4.587 Thread 0x67f29800 flushing nmethod 0xb3547ac8
Event: 4.587 Thread 0x67f29800 flushing nmethod 0xb3551a88
Event: 4.892 Executing VM operation: ParallelGCFailedAllocation
Event: 4.901 Executing VM operation: ParallelGCFailedAllocation done
Event: 5.121 Executing VM operation: ParallelGCFailedAllocation
Event: 5.129 Executing VM operation: ParallelGCFailedAllocation done
Event: 5.154 Thread 0x67f29800 flushing nmethod 0xb358a708
Event: 5.474 Executing VM operation: ParallelGCFailedAllocation


Dynamic libraries:
08048000-08049000 r-xp 00000000 08:05 4983886    /usr/lib/jvm/java-7-openjdk-i386/jre/bin/java
08049000-0804a000 r--p 00000000 08:05 4983886    /usr/lib/jvm/java-7-openjdk-i386/jre/bin/java
0804a000-0804b000 rw-p 00001000 08:05 4983886    /usr/lib/jvm/java-7-openjdk-i386/jre/bin/java
08ddf000-0920e000 rw-p 00000000 00:00 0          [heap]
67274000-672ae000 r-xp 00000000 08:05 3802088    /lib/i386-linux-gnu/libpcre.so.3.12.1
672ae000-672af000 r--p 00039000 08:05 3802088    /lib/i386-linux-gnu/libpcre.so.3.12.1
672af000-672b0000 rw-p 0003a000 08:05 3802088    /lib/i386-linux-gnu/libpcre.so.3.12.1
672b0000-673a7000 r-xp 00000000 08:05 3802040    /lib/i386-linux-gnu/libglib-2.0.so.0.3200.3
673a7000-673a8000 r--p 000f6000 08:05 3802040    /lib/i386-linux-gnu/libglib-2.0.so.0.3200.3
673a8000-673a9000 rw-p 000f7000 08:05 3802040    /lib/i386-linux-gnu/libglib-2.0.so.0.3200.3
673a9000-674fc000 r-xp 00000000 08:05 4985508    /usr/lib/i386-linux-gnu/libgio-2.0.so.0.3200.3
674fc000-674fe000 r--p 00153000 08:05 4985508    /usr/lib/i386-linux-gnu/libgio-2.0.so.0.3200.3
674fe000-674ff000 rw-p 00155000 08:05 4985508    /usr/lib/i386-linux-gnu/libgio-2.0.so.0.3200.3
674ff000-67500000 rw-p 00000000 00:00 0 
67500000-675e3000 rw-p 00000000 00:00 0 
675e3000-67600000 ---p 00000000 00:00 0 
67600000-67700000 rw-p 00000000 00:00 0 
67700000-678fc000 rw-p 00000000 00:00 0 
678fc000-67900000 ---p 00000000 00:00 0 
67900000-67980000 rw-p 00000000 00:00 0 
67980000-67a00000 ---p 00000000 00:00 0 
67a23000-67a28000 r-xp 00000000 08:05 4985471    /usr/lib/i386-linux-gnu/libffi.so.6.0.0
67a28000-67a29000 r--p 00004000 08:05 4985471    /usr/lib/i386-linux-gnu/libffi.so.6.0.0
67a29000-67a2a000 rw-p 00005000 08:05 4985471    /usr/lib/i386-linux-gnu/libffi.so.6.0.0
67a2a000-67a3d000 r-xp 00000000 08:05 3802099    /lib/i386-linux-gnu/libresolv-2.15.so
67a3d000-67a3e000 ---p 00013000 08:05 3802099    /lib/i386-linux-gnu/libresolv-2.15.so
67a3e000-67a3f000 r--p 00013000 08:05 3802099    /lib/i386-linux-gnu/libresolv-2.15.so
67a3f000-67a40000 rw-p 00014000 08:05 3802099    /lib/i386-linux-gnu/libresolv-2.15.so
67a40000-67a42000 rw-p 00000000 00:00 0 
67a42000-67a5f000 r-xp 00000000 08:05 3802103    /lib/i386-linux-gnu/libselinux.so.1
67a5f000-67a60000 r--p 0001c000 08:05 3802103    /lib/i386-linux-gnu/libselinux.so.1
67a60000-67a61000 rw-p 0001d000 08:05 3802103    /lib/i386-linux-gnu/libselinux.so.1
67a61000-67aae000 r-xp 00000000 08:05 4985532    /usr/lib/i386-linux-gnu/libgobject-2.0.so.0.3200.3
67aae000-67aaf000 r--p 0004c000 08:05 4985532    /usr/lib/i386-linux-gnu/libgobject-2.0.so.0.3200.3
67aaf000-67ab0000 rw-p 0004d000 08:05 4985532    /usr/lib/i386-linux-gnu/libgobject-2.0.so.0.3200.3
67ac2000-67ad9000 r-xp 00000000 08:05 4989135    /usr/lib/jvm/java-7-openjdk-i386/jre/lib/i386/libnet.so
67ad9000-67ada000 r--p 00016000 08:05 4989135    /usr/lib/jvm/java-7-openjdk-i386/jre/lib/i386/libnet.so
67ada000-67adb000 rw-p 00017000 08:05 4989135    /usr/lib/jvm/java-7-openjdk-i386/jre/lib/i386/libnet.so
67adb000-67adc000 ---p 00000000 00:00 0 
67adc000-67b5c000 rw-p 00000000 00:00 0 
67b5c000-67b5f000 ---p 00000000 00:00 0 
67b5f000-67bad000 rw-p 00000000 00:00 0 
67bad000-67bb0000 ---p 00000000 00:00 0 
67bb0000-67c2e000 rw-p 00000000 00:00 0 
67c2e000-67c31000 ---p 00000000 00:00 0 
67c31000-67caf000 rw-p 00000000 00:00 0 
67caf000-67cb2000 ---p 00000000 00:00 0 
67cb2000-67d00000 rw-p 00000000 00:00 0 
67d00000-67f00000 r--p 00000000 08:05 4988066    /usr/lib/locale/locale-archive
67f00000-68000000 rw-p 00000000 00:00 0 
68005000-68006000 ---p 00000000 00:00 0 
68006000-680cf000 rw-p 00000000 00:00 0 
680cf000-68280000 r--s 01d23000 08:05 4989042    /usr/lib/jvm/java-7-openjdk-i386/jre/lib/rt.jar
68280000-6ab00000 rw-p 00000000 00:00 0 
6ab00000-6abfb000 rw-p 00000000 00:00 0 
6abfb000-6ac00000 ---p 00000000 00:00 0 
6ac03000-6ac06000 ---p 00000000 00:00 0 
6ac06000-6ac54000 rw-p 00000000 00:00 0 
6ac54000-6ac57000 ---p 00000000 00:00 0 
6ac57000-6ad00000 rw-p 00000000 00:00 0 
6ad00000-6ad21000 rw-p 00000000 00:00 0 
6ad21000-6ae00000 ---p 00000000 00:00 0 
6ae01000-6ae05000 r--s 0004d000 08:05 4989094    /usr/lib/jvm/java-7-openjdk-i386/jre/lib/jsse.jar
6ae05000-6ae16000 r-xp 00000000 08:05 4989121    /usr/lib/jvm/java-7-openjdk-i386/jre/lib/i386/libnio.so
6ae16000-6ae17000 r--p 00010000 08:05 4989121    /usr/lib/jvm/java-7-openjdk-i386/jre/lib/i386/libnio.so
6ae17000-6ae18000 rw-p 00011000 08:05 4989121    /usr/lib/jvm/java-7-openjdk-i386/jre/lib/i386/libnio.so
6ae18000-6ae27000 r--s 000dd000 08:06 21369266   /home/ankit/Ankitt Data/ECLIPSE/sdk/build-tools/22.0.1/lib/dx.jar
6ae27000-6ae28000 ---p 00000000 00:00 0 
6ae28000-6aea8000 rw-p 00000000 00:00 0 
6aea8000-6aea9000 ---p 00000000 00:00 0 
6aea9000-6af31000 rw-p 00000000 00:00 0 
6af31000-6af69000 rw-p 00000000 00:00 0 
6af69000-6af81000 rw-p 00000000 00:00 0 
6af81000-6b0bf000 rw-p 00000000 00:00 0 
6b0bf000-6b0c7000 rw-p 00000000 00:00 0 
6b0c7000-6b0ff000 rw-p 00000000 00:00 0 
6b0ff000-6b117000 rw-p 00000000 00:00 0 
6b117000-6b254000 rw-p 00000000 00:00 0 
6b254000-6b2c6000 rw-p 00000000 00:00 0 
6b2c6000-6b2ff000 rw-p 00000000 00:00 0 
6b2ff000-6c300000 rw-p 00000000 00:00 0 
6c300000-73300000 rw-p 00000000 00:00 0 
73300000-761c0000 rw-p 00000000 00:00 0 
761c0000-9dd80000 rw-p 00000000 00:00 0 
9dd80000-abf80000 rw-p 00000000 00:00 0 
b3301000-b3304000 r-xp 00000000 08:05 4985518    /usr/lib/i386-linux-gnu/libgmodule-2.0.so.0.3200.3
b3304000-b3305000 r--p 00002000 08:05 4985518    /usr/lib/i386-linux-gnu/libgmodule-2.0.so.0.3200.3
b3305000-b3306000 rw-p 00003000 08:05 4985518    /usr/lib/i386-linux-gnu/libgmodule-2.0.so.0.3200.3
b3307000-b3308000 r--s 00007000 08:05 5246941    /usr/share/java/java-atk-wrapper.jar
b3308000-b330b000 r--s 0000f000 08:05 4989079    /usr/lib/jvm/java-7-openjdk-i386/jre/lib/ext/icedtea-sound.jar
b330b000-b330d000 r--s 00012000 08:05 4989084    /usr/lib/jvm/java-7-openjdk-i386/jre/lib/ext/zipfs.jar
b330d000-b3311000 r--s 00034000 08:05 4989083    /usr/lib/jvm/java-7-openjdk-i386/jre/lib/ext/sunjce_provider.jar
b3311000-b3315000 r--s 0003c000 08:05 4989081    /usr/lib/jvm/java-7-openjdk-i386/jre/lib/ext/sunpkcs11.jar
b3315000-b3318000 r--s 00086000 08:05 4989082    /usr/lib/jvm/java-7-openjdk-i386/jre/lib/ext/localedata.jar
b3318000-b333c000 rw-p 00000000 00:00 0 
b333c000-b33f3000 rw-p 00000000 00:00 0 
b33f3000-b3633000 rwxp 00000000 00:00 0 
b3633000-b63f3000 rw-p 00000000 00:00 0 
b63f3000-b63fe000 r-xp 00000000 08:05 3802066    /lib/i386-linux-gnu/libnss_files-2.15.so
b63fe000-b63ff000 r--p 0000a000 08:05 3802066    /lib/i386-linux-gnu/libnss_files-2.15.so
b63ff000-b6400000 rw-p 0000b000 08:05 3802066    /lib/i386-linux-gnu/libnss_files-2.15.so
b6400000-b64ff000 rw-p 00000000 00:00 0 
b64ff000-b6500000 ---p 00000000 00:00 0 
b6500000-b650a000 r-xp 00000000 08:05 3802070    /lib/i386-linux-gnu/libnss_nis-2.15.so
b650a000-b650b000 r--p 00009000 08:05 3802070    /lib/i386-linux-gnu/libnss_nis-2.15.so
b650b000-b650c000 rw-p 0000a000 08:05 3802070    /lib/i386-linux-gnu/libnss_nis-2.15.so
b650c000-b6522000 r-xp 00000000 08:05 3802060    /lib/i386-linux-gnu/libnsl-2.15.so
b6522000-b6523000 r--p 00015000 08:05 3802060    /lib/i386-linux-gnu/libnsl-2.15.so
b6523000-b6524000 rw-p 00016000 08:05 3802060    /lib/i386-linux-gnu/libnsl-2.15.so
b6524000-b6526000 rw-p 00000000 00:00 0 
b6526000-b652d000 r-xp 00000000 08:05 3802062    /lib/i386-linux-gnu/libnss_compat-2.15.so
b652d000-b652e000 r--p 00006000 08:05 3802062    /lib/i386-linux-gnu/libnss_compat-2.15.so
b652e000-b652f000 rw-p 00007000 08:05 3802062    /lib/i386-linux-gnu/libnss_compat-2.15.so
b652f000-b6537000 r-xp 00000000 08:05 4989114    /usr/lib/jvm/java-7-openjdk-i386/jre/lib/i386/libzip.so
b6537000-b6538000 r--p 00007000 08:05 4989114    /usr/lib/jvm/java-7-openjdk-i386/jre/lib/i386/libzip.so
b6538000-b6539000 rw-p 00008000 08:05 4989114    /usr/lib/jvm/java-7-openjdk-i386/jre/lib/i386/libzip.so
b6539000-b6541000 rw-s 00000000 08:05 145510     /tmp/hsperfdata_ankit/14644
b6541000-b6568000 r-xp 00000000 08:05 4989134    /usr/lib/jvm/java-7-openjdk-i386/jre/lib/i386/libjava.so
b6568000-b6569000 r--p 00026000 08:05 4989134    /usr/lib/jvm/java-7-openjdk-i386/jre/lib/i386/libjava.so
b6569000-b656a000 rw-p 00027000 08:05 4989134    /usr/lib/jvm/java-7-openjdk-i386/jre/lib/i386/libjava.so
b656a000-b6571000 r-xp 00000000 08:05 3802101    /lib/i386-linux-gnu/librt-2.15.so
b6571000-b6572000 r--p 00006000 08:05 3802101    /lib/i386-linux-gnu/librt-2.15.so
b6572000-b6573000 rw-p 00007000 08:05 3802101    /lib/i386-linux-gnu/librt-2.15.so
b6573000-b6576000 ---p 00000000 00:00 0 
b6576000-b65c4000 rw-p 00000000 00:00 0 
b65c4000-b65e0000 r-xp 00000000 08:05 3802036    /lib/i386-linux-gnu/libgcc_s.so.1
b65e0000-b65e1000 r--p 0001b000 08:05 3802036    /lib/i386-linux-gnu/libgcc_s.so.1
b65e1000-b65e2000 rw-p 0001c000 08:05 3802036    /lib/i386-linux-gnu/libgcc_s.so.1
b65e2000-b660c000 r-xp 00000000 08:05 3802047    /lib/i386-linux-gnu/libm-2.15.so
b660c000-b660d000 r--p 00029000 08:05 3802047    /lib/i386-linux-gnu/libm-2.15.so
b660d000-b660e000 rw-p 0002a000 08:05 3802047    /lib/i386-linux-gnu/libm-2.15.so
b660e000-b66e6000 r-xp 00000000 08:05 4985813    /usr/lib/i386-linux-gnu/libstdc++.so.6.0.16
b66e6000-b66e7000 ---p 000d8000 08:05 4985813    /usr/lib/i386-linux-gnu/libstdc++.so.6.0.16
b66e7000-b66eb000 r--p 000d8000 08:05 4985813    /usr/lib/i386-linux-gnu/libstdc++.so.6.0.16
b66eb000-b66ec000 rw-p 000dc000 08:05 4985813    /usr/lib/i386-linux-gnu/libstdc++.so.6.0.16
b66ec000-b66f3000 rw-p 00000000 00:00 0 
b66f3000-b70b5000 r-xp 00000000 08:05 4989140    /usr/lib/jvm/java-7-openjdk-i386/jre/lib/i386/server/libjvm.so
b70b5000-b710a000 r--p 009c2000 08:05 4989140    /usr/lib/jvm/java-7-openjdk-i386/jre/lib/i386/server/libjvm.so
b710a000-b711e000 rw-p 00a17000 08:05 4989140    /usr/lib/jvm/java-7-openjdk-i386/jre/lib/i386/server/libjvm.so
b711e000-b753c000 rw-p 00000000 00:00 0 
b753c000-b7550000 r-xp 00000000 08:05 3802126    /lib/i386-linux-gnu/libz.so.1.2.3.4
b7550000-b7551000 r--p 00013000 08:05 3802126    /lib/i386-linux-gnu/libz.so.1.2.3.4
b7551000-b7552000 rw-p 00014000 08:05 3802126    /lib/i386-linux-gnu/libz.so.1.2.3.4
b7552000-b7569000 r-xp 00000000 08:05 3802095    /lib/i386-linux-gnu/libpthread-2.15.so
b7569000-b756a000 r--p 00016000 08:05 3802095    /lib/i386-linux-gnu/libpthread-2.15.so
b756a000-b756b000 rw-p 00017000 08:05 3802095    /lib/i386-linux-gnu/libpthread-2.15.so
b756b000-b756d000 rw-p 00000000 00:00 0 
b756d000-b7570000 r-xp 00000000 08:05 3802028    /lib/i386-linux-gnu/libdl-2.15.so
b7570000-b7571000 r--p 00002000 08:05 3802028    /lib/i386-linux-gnu/libdl-2.15.so
b7571000-b7572000 rw-p 00003000 08:05 3802028    /lib/i386-linux-gnu/libdl-2.15.so
b7572000-b7711000 r-xp 00000000 08:05 3802015    /lib/i386-linux-gnu/libc-2.15.so
b7711000-b7713000 r--p 0019f000 08:05 3802015    /lib/i386-linux-gnu/libc-2.15.so
b7713000-b7714000 rw-p 001a1000 08:05 3802015    /lib/i386-linux-gnu/libc-2.15.so
b7714000-b7717000 rw-p 00000000 00:00 0 
b7717000-b7718000 r--s 00002000 08:05 4989080    /usr/lib/jvm/java-7-openjdk-i386/jre/lib/ext/dnsns.jar
b7718000-b7719000 r--p 005db000 08:05 4988066    /usr/lib/locale/locale-archive
b7719000-b771a000 rw-p 00000000 00:00 0 
b771a000-b771b000 ---p 00000000 00:00 0 
b771b000-b7727000 r-xp 00000000 08:05 4989131    /usr/lib/jvm/java-7-openjdk-i386/jre/lib/i386/libverify.so
b7727000-b7728000 r--p 0000b000 08:05 4989131    /usr/lib/jvm/java-7-openjdk-i386/jre/lib/i386/libverify.so
b7728000-b7729000 rw-p 0000c000 08:05 4989131    /usr/lib/jvm/java-7-openjdk-i386/jre/lib/i386/libverify.so
b7729000-b7736000 r-xp 00000000 08:05 4989106    /usr/lib/jvm/java-7-openjdk-i386/jre/lib/i386/jli/libjli.so
b7736000-b7737000 r--p 0000c000 08:05 4989106    /usr/lib/jvm/java-7-openjdk-i386/jre/lib/i386/jli/libjli.so
b7737000-b7738000 rw-p 0000d000 08:05 4989106    /usr/lib/jvm/java-7-openjdk-i386/jre/lib/i386/jli/libjli.so
b7738000-b773b000 rw-p 00000000 00:00 0 
b773b000-b773c000 r-xp 00000000 00:00 0          [vdso]
b773c000-b775c000 r-xp 00000000 08:05 3801995    /lib/i386-linux-gnu/ld-2.15.so
b775c000-b775d000 r--p 0001f000 08:05 3801995    /lib/i386-linux-gnu/ld-2.15.so
b775d000-b775e000 rw-p 00020000 08:05 3801995    /lib/i386-linux-gnu/ld-2.15.so
bfacb000-bfacc000 rwxp 00000000 00:00 0 
bfafd000-bfb1f000 rw-p 00000000 00:00 0          [stack]

VM Arguments:
jvm_args: -Xmx1024M -Dfile.encoding=UTF-8 -Duser.country=IN -Duser.language=en -Duser.variant 
java_command: com.android.dx.command.Main --dex --output /home/ankit/Traafik latest/TraafikAppLatest/app/build/intermediates/dex/debug /home/ankit/Traafik latest/TraafikAppLatest/app/build/intermediates/classes/debug /home/ankit/Traafik latest/TraafikAppLatest/app/build/intermediates/pre-dexed/debug/support-annotations-22.2.0-28d7027a42f28bd6102d42421141ac4c439bdcba.jar /home/ankit/Traafik latest/TraafikAppLatest/app/build/intermediates/pre-dexed/debug/classes-3738216e6fc96e577c88b4313c8bfada63a4f847.jar /home/ankit/Traafik latest/TraafikAppLatest/app/build/intermediates/pre-dexed/debug/classes-6adb14698c36f217dbc8f44998dfb853cd0a1d53.jar /home/ankit/Traafik latest/TraafikAppLatest/app/build/intermediates/pre-dexed/debug/simple-side-drawer2-7c187662cd1383aba070f8109eee9f43ca311757.jar /home/ankit/Traafik latest/TraafikAppLatest/app/build/intermediates/pre-dexed/debug/classes-898b057db62618291972c52c147f2215def5d43e.jar /home/ankit/Traafik latest/TraafikAppLatest/app/build/intermediates/pre-dexed/debug/internal_impl-22.0.0-137508c80f2a10835c8bd34299b2142895c34add.jar /home/ankit/Traafik latest/TraafikAppLatest/app/build/intermediates/pre-dexed/debug/classes-8f1915b953beda78dc1ed1ca65fc463490162f66.jar /home/ankit/Traafik latest/TraafikAppLatest/app/build/intermediates/pre-dexed/debug/classes-d4a7aebef974cda66375665b223a04ae0cb3fa4c.jar /home/ankit/Traafik latest/TraafikAppLatest/app/build/intermediates/pre-dexed/debug/bolts-android-1.2.0-d25641ad2757a29dfe0c7ca50222a387b8134cd1.jar /home/ankit/Traafik latest/TraafikAppLatest/app/build/intermediates/pre-dexed/debug/classes-754b790782de93011173afded38fe936f74b280a.jar /home/ankit/Traafik latest/TraafikAppLatest/app/build/intermediates/pre-dexed/debug/classes-9e432d0ca84818278b94c58a5094398262a8ae09.jar /home/ankit/Traafik latest/TraafikAppLatest/app/build/intermediates/pre-dexed/debug/classes-527c408d13996ff107d27768e800c44d93fef79d.jar /home/ankit/Traafik latest/TraafikAppLatest/app/build/intermediates/pre-dexed/deb
Launcher Type: SUN_STANDARD

Environment Variables:
PATH=/usr/lib/lightdm/lightdm:/usr/local/sbin:/usr/local/bin:/usr/sbin:/usr/bin:/sbin:/bin:/usr/games
LD_LIBRARY_PATH=/home/ankit/Android studio/android-studio/bin:
SHELL=/bin/bash
DISPLAY=:0.0

Signal Handlers:
SIGSEGV: [libjvm.so+0x80b550], sa_mask[0]=0x7ffbfeff, sa_flags=0x10000004
SIGBUS: [libjvm.so+0x80b550], sa_mask[0]=0x7ffbfeff, sa_flags=0x10000004
SIGFPE: [libjvm.so+0x6753e0], sa_mask[0]=0x7ffbfeff, sa_flags=0x10000004
SIGPIPE: [libjvm.so+0x6753e0], sa_mask[0]=0x7ffbfeff, sa_flags=0x10000004
SIGXFSZ: [libjvm.so+0x6753e0], sa_mask[0]=0x7ffbfeff, sa_flags=0x10000004
SIGILL: [libjvm.so+0x6753e0], sa_mask[0]=0x7ffbfeff, sa_flags=0x10000004
SIGUSR1: SIG_DFL, sa_mask[0]=0x00000000, sa_flags=0x00000000
SIGUSR2: [libjvm.so+0x675690], sa_mask[0]=0x00000004, sa_flags=0x10000004
SIGHUP: [libjvm.so+0x675850], sa_mask[0]=0x7ffbfeff, sa_flags=0x10000004
SIGINT: [libjvm.so+0x675850], sa_mask[0]=0x7ffbfeff, sa_flags=0x10000004
SIGTERM: [libjvm.so+0x675850], sa_mask[0]=0x7ffbfeff, sa_flags=0x10000004
SIGQUIT: [libjvm.so+0x675850], sa_mask[0]=0x7ffbfeff, sa_flags=0x10000004
SIGTRAP: SIG_DFL, sa_mask[0]=0x00000000, sa_flags=0x00000000


---------------  S Y S T E M  ---------------

OS:Ubuntu 12.04 (precise)
uname:Linux 3.2.0-29-generic-pae #46-Ubuntu SMP Fri Jul 27 17:25:43 UTC 2012 i686
libc:glibc 2.15 NPTL 2.15 
rlimit: STACK 8192k, CORE 0k, NPROC 31169, NOFILE 4096, AS infinity
load average:1.27 0.61 0.62

/proc/meminfo:
MemTotal:        4004304 kB
MemFree:          169140 kB
Buffers:           21768 kB
Cached:           582684 kB
SwapCached:            0 kB
Active:          3369840 kB
Inactive:         382196 kB
Active(anon):    3282308 kB
Inactive(anon):   307672 kB
Active(file):      87532 kB
Inactive(file):    74524 kB
Unevictable:          32 kB
Mlocked:              32 kB
HighTotal:       3159312 kB
HighFree:            504 kB
LowTotal:         844992 kB
LowFree:          168636 kB
SwapTotal:             0 kB
SwapFree:              0 kB
Dirty:              1988 kB
Writeback:             0 kB
AnonPages:       3147908 kB
Mapped:           100896 kB
Shmem:            442248 kB
Slab:              44124 kB
SReclaimable:      24460 kB
SUnreclaim:        19664 kB
KernelStack:        4568 kB
PageTables:        18080 kB
NFS_Unstable:          0 kB
Bounce:                0 kB
WritebackTmp:          0 kB
CommitLimit:     2002152 kB
Committed_AS:    7017756 kB
VmallocTotal:     122880 kB
VmallocUsed:       15396 kB
VmallocChunk:     105556 kB
HardwareCorrupted:     0 kB
AnonHugePages:         0 kB
HugePages_Total:       0
HugePages_Free:        0
HugePages_Rsvd:        0
HugePages_Surp:        0
Hugepagesize:       2048 kB
DirectMap4k:       10232 kB
DirectMap2M:      903168 kB


CPU:total 2 (2 cores per cpu, 1 threads per core) family 6 model 58 stepping 9, cmov, cx8, fxsr, mmx, sse, sse2, sse3, ssse3, sse4.1, sse4.2, popcnt, erms, tsc, tscinvbit, tscinv

/proc/cpuinfo:
processor	: 0
vendor_id	: GenuineIntel
cpu family	: 6
model		: 58
model name	: Intel(R) Pentium(R) CPU G2030 @ 3.00GHz
stepping	: 9
microcode	: 0x17
cpu MHz		: 3000.000
cache size	: 3072 KB
physical id	: 0
siblings	: 2
core id		: 0
cpu cores	: 2
apicid		: 0
initial apicid	: 0
fdiv_bug	: no
hlt_bug		: no
f00f_bug	: no
coma_bug	: no
fpu		: yes
fpu_exception	: yes
cpuid level	: 13
wp		: yes
flags		: fpu vme de pse tsc msr pae mce cx8 apic sep mtrr pge mca cmov pat pse36 clflush dts acpi mmx fxsr sse sse2 ss ht tm pbe nx rdtscp lm constant_tsc arch_perfmon pebs bts xtopology nonstop_tsc aperfmperf pni pclmulqdq dtes64 monitor ds_cpl vmx est tm2 ssse3 cx16 xtpr pdcm pcid sse4_1 sse4_2 popcnt tsc_deadline_timer xsave lahf_lm arat epb xsaveopt pln pts dtherm tpr_shadow vnmi flexpriority ept vpid fsgsbase smep erms
bogomips	: 5986.60
clflush size	: 64
cache_alignment	: 64
address sizes	: 36 bits physical, 48 bits virtual
power management:

processor	: 1
vendor_id	: GenuineIntel
cpu family	: 6
model		: 58
model name	: Intel(R) Pentium(R) CPU G2030 @ 3.00GHz
stepping	: 9
microcode	: 0x17
cpu MHz		: 1600.000
cache size	: 3072 KB
physical id	: 0
siblings	: 2
core id		: 1
cpu cores	: 2
apicid		: 2
initial apicid	: 2
fdiv_bug	: no
hlt_bug		: no
f00f_bug	: no
coma_bug	: no
fpu		: yes
fpu_exception	: yes
cpuid level	: 13
wp		: yes
flags		: fpu vme de pse tsc msr pae mce cx8 apic sep mtrr pge mca cmov pat pse36 clflush dts acpi mmx fxsr sse sse2 ss ht tm pbe nx rdtscp lm constant_tsc arch_perfmon pebs bts xtopology nonstop_tsc aperfmperf pni pclmulqdq dtes64 monitor ds_cpl vmx est tm2 ssse3 cx16 xtpr pdcm pcid sse4_1 sse4_2 popcnt tsc_deadline_timer xsave lahf_lm arat epb xsaveopt pln pts dtherm tpr_shadow vnmi flexpriority ept vpid fsgsbase smep erms
bogomips	: 5986.36
clflush size	: 64
cache_alignment	: 64
address sizes	: 36 bits physical, 48 bits virtual
power management:



Memory: 4k page, physical 4004304k(169140k free), swap 0k(0k free)

vm_info: OpenJDK Server VM (24.75-b04) for linux-x86 JRE (1.7.0_75-b13), built on Jan 27 2015 16:24:35 by "buildd" with gcc 4.6.3

time: Thu Jul 16 15:54:06 2015
elapsed time: 5 seconds

