#
# There is insufficient memory for the Java Runtime Environment to continue.
# Native memory allocation (malloc) failed to allocate 44040192 bytes for committing reserved memory.
# Possible reasons:
#   The system is out of physical RAM or swap space
#   In 32 bit mode, the process size limit was hit
# Possible solutions:
#   Reduce memory load on the system
#   Increase physical memory or swap space
#   Check if swap backing store is full
#   Use 64 bit Java on a 64 bit OS
#   Decrease Java heap size (-Xmx/-Xms)
#   Decrease number of Java threads
#   Decrease Java thread stack sizes (-Xss)
#   Set larger code cache with -XX:ReservedCodeCacheSize=
# This output file may be truncated or incomplete.
#
#  Out of Memory Error (os_linux.cpp:2798), pid=10538, tid=1745378112
#
# JRE version: OpenJDK Runtime Environment (7.0_75-b13) (build 1.7.0_75-b13)
# Java VM: OpenJDK Server VM (24.75-b04 mixed mode linux-x86 )
# Derivative: IcedTea 2.5.4
# Distribution: Ubuntu 12.04 LTS, package 7u75-2.5.4-1~precise1
# Failed to write core dump. Core dumps have been disabled. To enable core dumping, try "ulimit -c unlimited" before starting Java again
#

---------------  T H R E A D  ---------------

Current thread (0x67f10400):  VMThread [stack: 0x68005000,0x68086000] [id=10545]

Stack: [0x68005000,0x68086000]
[error occurred during error reporting (printing stack bounds), id 0xb]

VM_Operation (0xb6580968): ParallelGCFailedAllocation, mode: safepoint, requested by thread 0xb6407c00


---------------  P R O C E S S  ---------------

Java Threads: ( => current thread )
  0x67f2c400 JavaThread "Service Thread" daemon [_thread_blocked, id=10551, stack(0x67b0b000,0x67b5c000)]
  0x67f2a800 JavaThread "C2 CompilerThread1" daemon [_thread_blocked, id=10550, stack(0x67b5c000,0x67bdd000)]
  0x67f28800 JavaThread "C2 CompilerThread0" daemon [_thread_blocked, id=10549, stack(0x67bdd000,0x67c5e000)]
  0x67f26c00 JavaThread "Signal Dispatcher" daemon [_thread_blocked, id=10548, stack(0x67c5e000,0x67caf000)]
  0x67f14400 JavaThread "Finalizer" daemon [_thread_blocked, id=10547, stack(0x67eaf000,0x67f00000)]
  0x67f12800 JavaThread "Reference Handler" daemon [_thread_blocked, id=10546, stack(0x6ac2e000,0x6ac7f000)]
  0xb6407c00 JavaThread "main" [_thread_blocked, id=10541, stack(0xb6531000,0xb6582000)]

Other Threads:
=>0x67f10400 VMThread [stack: 0x68005000,0x68086000] [id=10545]
  0x67f2e000 WatcherThread [stack: 0x67a8a000,0x67b0b000] [id=10552]

VM state:at safepoint (normal execution)

VM Mutex/Monitor currently owned by a thread:  ([mutex/lock_event])
[0xb6405258] Threads_lock - owner thread: 0x67f10400
[0xb6405668] Heap_lock - owner thread: 0xb6407c00

Heap
 PSYoungGen      total 138752K, used 31227K [0x9dd40000, 0xa9440000, 0xb32c0000)
  eden space 107520K, 0% used [0x9dd40000,0x9dd40000,0xa4640000)
  from space 31232K, 99% used [0xa4640000,0xa64bec18,0xa64c0000)
  to   space 13824K, 0% used [0xa64c0000,0xa64c0000,0xa7240000)
 ParOldGen       total 103424K, used 78732K [0x732c0000, 0x797c0000, 0x9dd40000)
  object space 103424K, 76% used [0x732c0000,0x77fa30a8,0x797c0000)
 PSPermGen       total 16384K, used 3998K [0x6b2c0000, 0x6c2c0000, 0x732c0000)
  object space 16384K, 24% used [0x6b2c0000,0x6b6a7aa8,0x6c2c0000)

Card table byte_map: [0x6b07f000,0x6b2c0000] byte_map_base: 0x6ad25a00

Polling page: 0xb76d8000

Code Cache  [0xb33b0000, 0xb3610000, 0xb63b0000)
 total_blobs=756 nmethods=637 adapters=73 free_code_cache=46798Kb largest_free_block=47860608

Compilation events (10 events):
Event: 8.906 Thread 0x67f28800  642             com.android.dx.ssa.DomFront::run (264 bytes)
Event: 8.919 Thread 0x67f2a800  643             com.android.dx.ssa.back.FirstFitLocalCombiningAllocator::handleCheckCastResults (413 bytes)
Event: 8.950 Thread 0x67f28800 nmethod 642 0xb3482fc8 code [0xb3483200, 0xb348406c]
Event: 8.950 Thread 0x67f28800  644             com.android.dx.ssa.back.FirstFitLocalCombiningAllocator::handleNormalUnassociated (99 bytes)
Event: 8.968 Thread 0x67f2a800 nmethod 643 0xb35f29c8 code [0xb35f2ca0, 0xb35f3e68]
Event: 8.968 Thread 0x67f2a800  645             com.android.dx.rop.cst.CstNat::isCategory2 (2 bytes)
Event: 8.968 Thread 0x67f2a800 nmethod 645 0xb3452b48 code [0xb3452c20, 0xb3452c70]
Event: 8.968 Thread 0x67f2a800  646             com.android.dx.dex.cf.CfTranslator::translate0 (259 bytes)
Event: 9.012 Thread 0x67f28800 nmethod 644 0xb35f91c8 code [0xb35f9460, 0xb35fa638]
Event: 9.158 Thread 0x67f2a800 nmethod 646 0xb3601848 code [0xb3601f60, 0xb360550c]

GC Heap History (10 events):
Event: 4.636 GC heap after
Heap after GC invocations=5 (full 0):
 PSYoungGen      total 34304K, used 2553K [0x9dd40000, 0xa2a40000, 0xb32c0000)
  eden space 31744K, 0% used [0x9dd40000,0x9dd40000,0x9fc40000)
  from space 2560K, 99% used [0x9fc40000,0x9febe658,0x9fec0000)
  to   space 7680K, 0% used [0xa22c0000,0xa22c0000,0xa2a40000)
 ParOldGen       total 41728K, used 13562K [0x732c0000, 0x75b80000, 0x9dd40000)
  object space 41728K, 32% used [0x732c0000,0x73ffe838,0x75b80000)
 PSPermGen       total 16384K, used 3953K [0x6b2c0000, 0x6c2c0000, 0x732c0000)
  object space 16384K, 24% used [0x6b2c0000,0x6b69c788,0x6c2c0000)
}
Event: 5.491 GC heap before
{Heap before GC invocations=6 (full 0):
 PSYoungGen      total 34304K, used 34297K [0x9dd40000, 0xa2a40000, 0xb32c0000)
  eden space 31744K, 100% used [0x9dd40000,0x9fc40000,0x9fc40000)
  from space 2560K, 99% used [0x9fc40000,0x9febe658,0x9fec0000)
  to   space 7680K, 0% used [0xa22c0000,0xa22c0000,0xa2a40000)
 ParOldGen       total 41728K, used 13562K [0x732c0000, 0x75b80000, 0x9dd40000)
  object space 41728K, 32% used [0x732c0000,0x73ffe838,0x75b80000)
 PSPermGen       total 16384K, used 3964K [0x6b2c0000, 0x6c2c0000, 0x732c0000)
  object space 16384K, 24% used [0x6b2c0000,0x6b69f030,0x6c2c0000)
Event: 5.533 GC heap after
Heap after GC invocations=6 (full 0):
 PSYoungGen      total 70144K, used 7675K [0x9dd40000, 0xa2c40000, 0xb32c0000)
  eden space 62464K, 0% used [0x9dd40000,0x9dd40000,0xa1a40000)
  from space 7680K, 99% used [0xa22c0000,0xa2a3ec78,0xa2a40000)
  to   space 8704K, 0% used [0xa1a40000,0xa1a40000,0xa22c0000)
 ParOldGen       total 41728K, used 13890K [0x732c0000, 0x75b80000, 0x9dd40000)
  object space 41728K, 33% used [0x732c0000,0x74050910,0x75b80000)
 PSPermGen       total 16384K, used 3964K [0x6b2c0000, 0x6c2c0000, 0x732c0000)
  object space 16384K, 24% used [0x6b2c0000,0x6b69f030,0x6c2c0000)
}
Event: 6.816 GC heap before
{Heap before GC invocations=7 (full 0):
 PSYoungGen      total 70144K, used 70139K [0x9dd40000, 0xa2c40000, 0xb32c0000)
  eden space 62464K, 100% used [0x9dd40000,0xa1a40000,0xa1a40000)
  from space 7680K, 99% used [0xa22c0000,0xa2a3ec78,0xa2a40000)
  to   space 8704K, 0% used [0xa1a40000,0xa1a40000,0xa22c0000)
 ParOldGen       total 41728K, used 13890K [0x732c0000, 0x75b80000, 0x9dd40000)
  object space 41728K, 33% used [0x732c0000,0x74050910,0x75b80000)
 PSPermGen       total 16384K, used 3986K [0x6b2c0000, 0x6c2c0000, 0x732c0000)
  object space 16384K, 24% used [0x6b2c0000,0x6b6a4ab8,0x6c2c0000)
Event: 6.892 GC heap after
Heap after GC invocations=7 (full 0):
 PSYoungGen      total 71168K, used 8692K [0x9dd40000, 0xa7240000, 0xb32c0000)
  eden space 62464K, 0% used [0x9dd40000,0x9dd40000,0xa1a40000)
  from space 8704K, 99% used [0xa1a40000,0xa22bd120,0xa22c0000)
  to   space 13824K, 0% used [0xa64c0000,0xa64c0000,0xa7240000)
 ParOldGen       total 41728K, used 22068K [0x732c0000, 0x75b80000, 0x9dd40000)
  object space 41728K, 52% used [0x732c0000,0x7484d188,0x75b80000)
 PSPermGen       total 16384K, used 3986K [0x6b2c0000, 0x6c2c0000, 0x732c0000)
  object space 16384K, 24% used [0x6b2c0000,0x6b6a4ab8,0x6c2c0000)
}
Event: 7.951 GC heap before
{Heap before GC invocations=8 (full 0):
 PSYoungGen      total 71168K, used 71156K [0x9dd40000, 0xa7240000, 0xb32c0000)
  eden space 62464K, 100% used [0x9dd40000,0xa1a40000,0xa1a40000)
  from space 8704K, 99% used [0xa1a40000,0xa22bd120,0xa22c0000)
  to   space 13824K, 0% used [0xa64c0000,0xa64c0000,0xa7240000)
 ParOldGen       total 41728K, used 22068K [0x732c0000, 0x75b80000, 0x9dd40000)
  object space 41728K, 52% used [0x732c0000,0x7484d188,0x75b80000)
 PSPermGen       total 16384K, used 3991K [0x6b2c0000, 0x6c2c0000, 0x732c0000)
  object space 16384K, 24% used [0x6b2c0000,0x6b6a5ee0,0x6c2c0000)
Event: 8.017 GC heap after
Heap after GC invocations=8 (full 0):
 PSYoungGen      total 121344K, used 13822K [0x9dd40000, 0xa9440000, 0xb32c0000)
  eden space 107520K, 0% used [0x9dd40000,0x9dd40000,0xa4640000)
  from space 13824K, 99% used [0xa64c0000,0xa723fba0,0xa7240000)
  to   space 31232K, 0% used [0xa4640000,0xa4640000,0xa64c0000)
 ParOldGen       total 57088K, used 56986K [0x732c0000, 0x76a80000, 0x9dd40000)
  object space 57088K, 99% used [0x732c0000,0x76a66ad8,0x76a80000)
 PSPermGen       total 16384K, used 3991K [0x6b2c0000, 0x6c2c0000, 0x732c0000)
  object space 16384K, 24% used [0x6b2c0000,0x6b6a5ee0,0x6c2c0000)
}
Event: 8.017 GC heap before
{Heap before GC invocations=9 (full 1):
 PSYoungGen      total 121344K, used 13822K [0x9dd40000, 0xa9440000, 0xb32c0000)
  eden space 107520K, 0% used [0x9dd40000,0x9dd40000,0xa4640000)
  from space 13824K, 99% used [0xa64c0000,0xa723fba0,0xa7240000)
  to   space 31232K, 0% used [0xa4640000,0xa4640000,0xa64c0000)
 ParOldGen       total 57088K, used 56986K [0x732c0000, 0x76a80000, 0x9dd40000)
  object space 57088K, 99% used [0x732c0000,0x76a66ad8,0x76a80000)
 PSPermGen       total 16384K, used 3991K [0x6b2c0000, 0x6c2c0000, 0x732c0000)
  object space 16384K, 24% used [0x6b2c0000,0x6b6a5ee0,0x6c2c0000)
Event: 8.480 GC heap after
Heap after GC invocations=9 (full 1):
 PSYoungGen      total 121344K, used 3239K [0x9dd40000, 0xa9440000, 0xb32c0000)
  eden space 107520K, 0% used [0x9dd40000,0x9dd40000,0xa4640000)
  from space 13824K, 23% used [0xa64c0000,0xa67e9c48,0xa7240000)
  to   space 31232K, 0% used [0xa4640000,0xa4640000,0xa64c0000)
 ParOldGen       total 103424K, used 57071K [0x732c0000, 0x797c0000, 0x9dd40000)
  object space 103424K, 55% used [0x732c0000,0x76a7bfb0,0x797c0000)
 PSPermGen       total 16384K, used 3989K [0x6b2c0000, 0x6c2c0000, 0x732c0000)
  object space 16384K, 24% used [0x6b2c0000,0x6b6a5530,0x6c2c0000)
}
Event: 9.313 GC heap before
{Heap before GC invocations=10 (full 1):
 PSYoungGen      total 121344K, used 110759K [0x9dd40000, 0xa9440000, 0xb32c0000)
  eden space 107520K, 100% used [0x9dd40000,0xa4640000,0xa4640000)
  from space 13824K, 23% used [0xa64c0000,0xa67e9c48,0xa7240000)
  to   space 31232K, 0% used [0xa4640000,0xa4640000,0xa64c0000)
 ParOldGen       total 103424K, used 57071K [0x732c0000, 0x797c0000, 0x9dd40000)
  object space 103424K, 55% used [0x732c0000,0x76a7bfb0,0x797c0000)
 PSPermGen       total 16384K, used 3998K [0x6b2c0000, 0x6c2c0000, 0x732c0000)
  object space 16384K, 24% used [0x6b2c0000,0x6b6a7aa8,0x6c2c0000)

Deoptimization events (10 events):
Event: 8.742 Thread 0xb6407c00 Uncommon trap: reason=class_check action=maybe_recompile pc=0xb3575aa0 method=com.android.dx.util.BitIntSet.merge(Lcom/android/dx/util/IntSet;)V @ 1
Event: 8.742 Thread 0xb6407c00 Uncommon trap: reason=class_check action=maybe_recompile pc=0xb3546a34 method=com.android.dx.ssa.back.InterferenceGraph.mergeInterferenceSet(ILcom/android/dx/util/IntSet;)V @ 20
Event: 8.742 Thread 0xb6407c00 Uncommon trap: reason=class_check action=maybe_recompile pc=0xb3575aa0 method=com.android.dx.util.BitIntSet.merge(Lcom/android/dx/util/IntSet;)V @ 1
Event: 8.742 Thread 0xb6407c00 Uncommon trap: reason=class_check action=maybe_recompile pc=0xb3546a34 method=com.android.dx.ssa.back.InterferenceGraph.mergeInterferenceSet(ILcom/android/dx/util/IntSet;)V @ 20
Event: 8.743 Thread 0xb6407c00 Uncommon trap: reason=class_check action=maybe_recompile pc=0xb3575aa0 method=com.android.dx.util.BitIntSet.merge(Lcom/android/dx/util/IntSet;)V @ 1
Event: 8.767 Thread 0xb6407c00 Uncommon trap: reason=class_check action=maybe_recompile pc=0xb34ece04 method=com.android.dx.ssa.back.InterferenceGraph.mergeInterferenceSet(ILcom/android/dx/util/IntSet;)V @ 20
Event: 8.767 Thread 0xb6407c00 Uncommon trap: reason=class_check action=maybe_recompile pc=0xb3575aa0 method=com.android.dx.util.BitIntSet.merge(Lcom/android/dx/util/IntSet;)V @ 1
Event: 8.767 Thread 0xb6407c00 Uncommon trap: reason=class_check action=maybe_recompile pc=0xb3546a34 method=com.android.dx.ssa.back.InterferenceGraph.mergeInterferenceSet(ILcom/android/dx/util/IntSet;)V @ 20
Event: 8.775 Thread 0xb6407c00 Uncommon trap: reason=class_check action=maybe_recompile pc=0xb3576140 method=com.android.dx.ssa.back.InterferenceGraph.mergeInterferenceSet(ILcom/android/dx/util/IntSet;)V @ 20
Event: 8.927 Thread 0xb6407c00 Uncommon trap: reason=null_check action=make_not_entrant pc=0xb34b2678 method=com.android.dx.dex.cf.AttributeTranslator.getSignature(Lcom/android/dx/cf/iface/AttributeList;)Lcom/android/dx/rop/annotation/Annotation; @ 8

Internal exceptions (10 events):
Event: 2.325 Thread 0xb6407c00 Threw 0x9dedfef0 at /build/buildd/openjdk-7-7u75-2.5.4/build/openjdk/hotspot/src/share/vm/prims/jvm.cpp:1284
Event: 2.347 Thread 0xb6407c00 Threw 0x9df441e8 at /build/buildd/openjdk-7-7u75-2.5.4/build/openjdk/hotspot/src/share/vm/prims/jvm.cpp:1284
Event: 3.318 Thread 0xb6407c00 Threw 0x9e5ddcf8 at /build/buildd/openjdk-7-7u75-2.5.4/build/openjdk/hotspot/src/share/vm/prims/jvm.cpp:1284
Event: 3.816 Thread 0xb6407c00 Implicit null exception at 0xb34cd62a to 0xb34cdc19
Event: 3.873 Thread 0xb6407c00 Threw 0x9e495720 at /build/buildd/openjdk-7-7u75-2.5.4/build/openjdk/hotspot/src/share/vm/prims/jvm.cpp:1284
Event: 7.130 Thread 0xb6407c00 Implicit null exception at 0xb35ac7dc to 0xb35b00e1
Event: 7.132 Thread 0xb6407c00 Threw 0x9ecdc600 at /build/buildd/openjdk-7-7u75-2.5.4/build/openjdk/hotspot/src/share/vm/prims/jvm.cpp:1284
Event: 8.515 Thread 0xb6407c00 Threw 0x9fa1fbc8 at /build/buildd/openjdk-7-7u75-2.5.4/build/openjdk/hotspot/src/share/vm/prims/jvm.cpp:1284
Event: 8.537 Thread 0xb6407c00 Threw 0x9fae8120 at /build/buildd/openjdk-7-7u75-2.5.4/build/openjdk/hotspot/src/share/vm/prims/jvm.cpp:1284
Event: 8.927 Thread 0xb6407c00 Implicit null exception at 0xb34b0594 to 0xb34b266d

Events (10 events):
Event: 8.767 Thread 0xb6407c00 Uncommon trap: trap_request=0xffffffde fr.pc=0xb3546a34
Event: 8.767 Thread 0xb6407c00 DEOPT PACKING pc=0xb3546a34 sp=0xb6580a10
Event: 8.767 Thread 0xb6407c00 DEOPT UNPACKING pc=0xb33dcbc8 sp=0xb65809d0 mode 2
Event: 8.775 Thread 0xb6407c00 Uncommon trap: trap_request=0xffffffde fr.pc=0xb3576140
Event: 8.775 Thread 0xb6407c00 DEOPT PACKING pc=0xb3576140 sp=0xb65809d0
Event: 8.775 Thread 0xb6407c00 DEOPT UNPACKING pc=0xb33dcbc8 sp=0xb65809c0 mode 2
Event: 8.927 Thread 0xb6407c00 Uncommon trap: trap_request=0xfffffff4 fr.pc=0xb34b2678
Event: 8.927 Thread 0xb6407c00 DEOPT PACKING pc=0xb34b2678 sp=0xb6580c90
Event: 8.927 Thread 0xb6407c00 DEOPT UNPACKING pc=0xb33dcbc8 sp=0xb6580be0 mode 2
Event: 9.313 Executing VM operation: ParallelGCFailedAllocation


Dynamic libraries:
08048000-08049000 r-xp 00000000 08:05 4983886    /usr/lib/jvm/java-7-openjdk-i386/jre/bin/java
08049000-0804a000 r--p 00000000 08:05 4983886    /usr/lib/jvm/java-7-openjdk-i386/jre/bin/java
0804a000-0804b000 rw-p 00001000 08:05 4983886    /usr/lib/jvm/java-7-openjdk-i386/jre/bin/java
093c2000-09a7e000 rw-p 00000000 00:00 0          [heap]
66800000-668ed000 rw-p 00000000 00:00 0 
668ed000-66900000 ---p 00000000 00:00 0 
66a00000-66aeb000 rw-p 00000000 00:00 0 
66aeb000-66b00000 ---p 00000000 00:00 0 
66c00000-66cfa000 rw-p 00000000 00:00 0 
66cfa000-66d00000 ---p 00000000 00:00 0 
66d00000-66e00000 rw-p 00000000 00:00 0 
66e00000-66f00000 rw-p 00000000 00:00 0 
67000000-67100000 rw-p 00000000 00:00 0 
67200000-672e2000 rw-p 00000000 00:00 0 
672e2000-67300000 ---p 00000000 00:00 0 
67400000-674ff000 rw-p 00000000 00:00 0 
674ff000-67500000 ---p 00000000 00:00 0 
67500000-675ff000 rw-p 00000000 00:00 0 
675ff000-67600000 ---p 00000000 00:00 0 
67600000-67645000 rw-p 00000000 00:00 0 
67645000-67700000 ---p 00000000 00:00 0 
6774d000-67787000 r-xp 00000000 08:05 3802088    /lib/i386-linux-gnu/libpcre.so.3.12.1
67787000-67788000 r--p 00039000 08:05 3802088    /lib/i386-linux-gnu/libpcre.so.3.12.1
67788000-67789000 rw-p 0003a000 08:05 3802088    /lib/i386-linux-gnu/libpcre.so.3.12.1
67789000-6779c000 r-xp 00000000 08:05 3802099    /lib/i386-linux-gnu/libresolv-2.15.so
6779c000-6779d000 ---p 00013000 08:05 3802099    /lib/i386-linux-gnu/libresolv-2.15.so
6779d000-6779e000 r--p 00013000 08:05 3802099    /lib/i386-linux-gnu/libresolv-2.15.so
6779e000-6779f000 rw-p 00014000 08:05 3802099    /lib/i386-linux-gnu/libresolv-2.15.so
6779f000-677a1000 rw-p 00000000 00:00 0 
677a1000-677be000 r-xp 00000000 08:05 3802103    /lib/i386-linux-gnu/libselinux.so.1
677be000-677bf000 r--p 0001c000 08:05 3802103    /lib/i386-linux-gnu/libselinux.so.1
677bf000-677c0000 rw-p 0001d000 08:05 3802103    /lib/i386-linux-gnu/libselinux.so.1
677c0000-678b7000 r-xp 00000000 08:05 3802040    /lib/i386-linux-gnu/libglib-2.0.so.0.3200.3
678b7000-678b8000 r--p 000f6000 08:05 3802040    /lib/i386-linux-gnu/libglib-2.0.so.0.3200.3
678b8000-678b9000 rw-p 000f7000 08:05 3802040    /lib/i386-linux-gnu/libglib-2.0.so.0.3200.3
678b9000-67906000 r-xp 00000000 08:05 4985532    /usr/lib/i386-linux-gnu/libgobject-2.0.so.0.3200.3
67906000-67907000 r--p 0004c000 08:05 4985532    /usr/lib/i386-linux-gnu/libgobject-2.0.so.0.3200.3
67907000-67908000 rw-p 0004d000 08:05 4985532    /usr/lib/i386-linux-gnu/libgobject-2.0.so.0.3200.3
67908000-67a5b000 r-xp 00000000 08:05 4985508    /usr/lib/i386-linux-gnu/libgio-2.0.so.0.3200.3
67a5b000-67a5d000 r--p 00153000 08:05 4985508    /usr/lib/i386-linux-gnu/libgio-2.0.so.0.3200.3
67a5d000-67a5e000 rw-p 00155000 08:05 4985508    /usr/lib/i386-linux-gnu/libgio-2.0.so.0.3200.3
67a5e000-67a5f000 rw-p 00000000 00:00 0 
67a71000-67a88000 r-xp 00000000 08:05 4989135    /usr/lib/jvm/java-7-openjdk-i386/jre/lib/i386/libnet.so
67a88000-67a89000 r--p 00016000 08:05 4989135    /usr/lib/jvm/java-7-openjdk-i386/jre/lib/i386/libnet.so
67a89000-67a8a000 rw-p 00017000 08:05 4989135    /usr/lib/jvm/java-7-openjdk-i386/jre/lib/i386/libnet.so
67a8a000-67a8b000 ---p 00000000 00:00 0 
67a8b000-67b0b000 rw-p 00000000 00:00 0 
67b0b000-67b0e000 ---p 00000000 00:00 0 
67b0e000-67b5c000 rw-p 00000000 00:00 0 
67b5c000-67b5f000 ---p 00000000 00:00 0 
67b5f000-67bdd000 rw-p 00000000 00:00 0 
67bdd000-67be0000 ---p 00000000 00:00 0 
67be0000-67c5e000 rw-p 00000000 00:00 0 
67c5e000-67c61000 ---p 00000000 00:00 0 
67c61000-67caf000 rw-p 00000000 00:00 0 
67caf000-67eaf000 r--p 00000000 08:05 4988066    /usr/lib/locale/locale-archive
67eaf000-67eb2000 ---p 00000000 00:00 0 
67eb2000-67f00000 rw-p 00000000 00:00 0 
67f00000-68000000 rw-p 00000000 00:00 0 
68005000-68006000 ---p 00000000 00:00 0 
68006000-680cf000 rw-p 00000000 00:00 0 
680cf000-68280000 r--s 01d23000 08:05 4989042    /usr/lib/jvm/java-7-openjdk-i386/jre/lib/rt.jar
68280000-6ab00000 rw-p 00000000 00:00 0 
6ab00000-6abf5000 rw-p 00000000 00:00 0 
6abf5000-6ac00000 ---p 00000000 00:00 0 
6ac00000-6ac05000 r-xp 00000000 08:05 4985471    /usr/lib/i386-linux-gnu/libffi.so.6.0.0
6ac05000-6ac06000 r--p 00004000 08:05 4985471    /usr/lib/i386-linux-gnu/libffi.so.6.0.0
6ac06000-6ac07000 rw-p 00005000 08:05 4985471    /usr/lib/i386-linux-gnu/libffi.so.6.0.0
6ac07000-6ac0a000 r-xp 00000000 08:05 4985518    /usr/lib/i386-linux-gnu/libgmodule-2.0.so.0.3200.3
6ac0a000-6ac0b000 r--p 00002000 08:05 4985518    /usr/lib/i386-linux-gnu/libgmodule-2.0.so.0.3200.3
6ac0b000-6ac0c000 rw-p 00003000 08:05 4985518    /usr/lib/i386-linux-gnu/libgmodule-2.0.so.0.3200.3
6ac0c000-6ac1d000 r-xp 00000000 08:05 4989121    /usr/lib/jvm/java-7-openjdk-i386/jre/lib/i386/libnio.so
6ac1d000-6ac1e000 r--p 00010000 08:05 4989121    /usr/lib/jvm/java-7-openjdk-i386/jre/lib/i386/libnio.so
6ac1e000-6ac1f000 rw-p 00011000 08:05 4989121    /usr/lib/jvm/java-7-openjdk-i386/jre/lib/i386/libnio.so
6ac1f000-6ac2e000 r--s 000dd000 08:06 21369266   /home/ankit/Ankitt Data/ECLIPSE/sdk/build-tools/22.0.1/lib/dx.jar
6ac2e000-6ac31000 ---p 00000000 00:00 0 
6ac31000-6ac7f000 rw-p 00000000 00:00 0 
6ac7f000-6ac80000 ---p 00000000 00:00 0 
6ac80000-6ad00000 rw-p 00000000 00:00 0 
6ad00000-6ad21000 rw-p 00000000 00:00 0 
6ad21000-6ae00000 ---p 00000000 00:00 0 
6ae02000-6ae0d000 r--s 00079000 08:06 20974093   /home/ankit/Traafik latest/TraafikAppLatest/app/build/intermediates/exploded-aar/com.google.android.gms/play-services-analytics/7.5.0/jars/classes.jar
6ae0d000-6ae68000 rw-p 00000000 00:00 0 
6ae68000-6ae69000 ---p 00000000 00:00 0 
6ae69000-6aef1000 rw-p 00000000 00:00 0 
6aef1000-6af29000 rw-p 00000000 00:00 0 
6af29000-6af5c000 rw-p 00000000 00:00 0 
6af5c000-6b07f000 rw-p 00000000 00:00 0 
6b07f000-6b087000 rw-p 00000000 00:00 0 
6b087000-6b0bf000 rw-p 00000000 00:00 0 
6b0bf000-6b0f2000 rw-p 00000000 00:00 0 
6b0f2000-6b214000 rw-p 00000000 00:00 0 
6b214000-6b270000 rw-p 00000000 00:00 0 
6b270000-6b2bf000 rw-p 00000000 00:00 0 
6b2bf000-6c2c0000 rw-p 00000000 00:00 0 
6c2c0000-732c0000 rw-p 00000000 00:00 0 
732c0000-797c0000 rw-p 00000000 00:00 0 
797c0000-9dd40000 rw-p 00000000 00:00 0 
9dd40000-a9440000 rw-p 00000000 00:00 0 
abe40000-b32c0000 rw-p 00000000 00:00 0 
b32c4000-b32c5000 r--s 00007000 08:05 5246941    /usr/share/java/java-atk-wrapper.jar
b32c5000-b32c8000 r--s 0000f000 08:05 4989079    /usr/lib/jvm/java-7-openjdk-i386/jre/lib/ext/icedtea-sound.jar
b32c8000-b32ca000 r--s 00012000 08:05 4989084    /usr/lib/jvm/java-7-openjdk-i386/jre/lib/ext/zipfs.jar
b32ca000-b32ce000 r--s 00034000 08:05 4989083    /usr/lib/jvm/java-7-openjdk-i386/jre/lib/ext/sunjce_provider.jar
b32ce000-b32d2000 r--s 0003c000 08:05 4989081    /usr/lib/jvm/java-7-openjdk-i386/jre/lib/ext/sunpkcs11.jar
b32d2000-b32d5000 r--s 00086000 08:05 4989082    /usr/lib/jvm/java-7-openjdk-i386/jre/lib/ext/localedata.jar
b32d5000-b32fa000 rw-p 00000000 00:00 0 
b32fa000-b33b0000 rw-p 00000000 00:00 0 
b33b0000-b3610000 rwxp 00000000 00:00 0 
b3610000-b63b0000 rw-p 00000000 00:00 0 
b63b0000-b63bb000 r-xp 00000000 08:05 3802066    /lib/i386-linux-gnu/libnss_files-2.15.so
b63bb000-b63bc000 r--p 0000a000 08:05 3802066    /lib/i386-linux-gnu/libnss_files-2.15.so
b63bc000-b63bd000 rw-p 0000b000 08:05 3802066    /lib/i386-linux-gnu/libnss_files-2.15.so
b63bd000-b63d3000 r-xp 00000000 08:05 3802060    /lib/i386-linux-gnu/libnsl-2.15.so
b63d3000-b63d4000 r--p 00015000 08:05 3802060    /lib/i386-linux-gnu/libnsl-2.15.so
b63d4000-b63d5000 rw-p 00016000 08:05 3802060    /lib/i386-linux-gnu/libnsl-2.15.so
b63d5000-b63d7000 rw-p 00000000 00:00 0 
b63d7000-b63fe000 r-xp 00000000 08:05 4989134    /usr/lib/jvm/java-7-openjdk-i386/jre/lib/i386/libjava.so
b63fe000-b63ff000 r--p 00026000 08:05 4989134    /usr/lib/jvm/java-7-openjdk-i386/jre/lib/i386/libjava.so
b63ff000-b6400000 rw-p 00027000 08:05 4989134    /usr/lib/jvm/java-7-openjdk-i386/jre/lib/i386/libjava.so
b6400000-b64fd000 rw-p 00000000 00:00 0 
b64fd000-b6500000 ---p 00000000 00:00 0 
b6501000-b650b000 r-xp 00000000 08:05 3802070    /lib/i386-linux-gnu/libnss_nis-2.15.so
b650b000-b650c000 r--p 00009000 08:05 3802070    /lib/i386-linux-gnu/libnss_nis-2.15.so
b650c000-b650d000 rw-p 0000a000 08:05 3802070    /lib/i386-linux-gnu/libnss_nis-2.15.so
b650d000-b6514000 r-xp 00000000 08:05 3802062    /lib/i386-linux-gnu/libnss_compat-2.15.so
b6514000-b6515000 r--p 00006000 08:05 3802062    /lib/i386-linux-gnu/libnss_compat-2.15.so
b6515000-b6516000 rw-p 00007000 08:05 3802062    /lib/i386-linux-gnu/libnss_compat-2.15.so
b6516000-b651e000 r-xp 00000000 08:05 4989114    /usr/lib/jvm/java-7-openjdk-i386/jre/lib/i386/libzip.so
b651e000-b651f000 r--p 00007000 08:05 4989114    /usr/lib/jvm/java-7-openjdk-i386/jre/lib/i386/libzip.so
b651f000-b6520000 rw-p 00008000 08:05 4989114    /usr/lib/jvm/java-7-openjdk-i386/jre/lib/i386/libzip.so
b6520000-b6528000 rw-s 00000000 08:05 145478     /tmp/hsperfdata_ankit/10538
b6528000-b652f000 r-xp 00000000 08:05 3802101    /lib/i386-linux-gnu/librt-2.15.so
b652f000-b6530000 r--p 00006000 08:05 3802101    /lib/i386-linux-gnu/librt-2.15.so
b6530000-b6531000 rw-p 00007000 08:05 3802101    /lib/i386-linux-gnu/librt-2.15.so
b6531000-b6534000 ---p 00000000 00:00 0 
b6534000-b6582000 rw-p 00000000 00:00 0 
b6582000-b659e000 r-xp 00000000 08:05 3802036    /lib/i386-linux-gnu/libgcc_s.so.1
b659e000-b659f000 r--p 0001b000 08:05 3802036    /lib/i386-linux-gnu/libgcc_s.so.1
b659f000-b65a0000 rw-p 0001c000 08:05 3802036    /lib/i386-linux-gnu/libgcc_s.so.1
b65a0000-b65ca000 r-xp 00000000 08:05 3802047    /lib/i386-linux-gnu/libm-2.15.so
b65ca000-b65cb000 r--p 00029000 08:05 3802047    /lib/i386-linux-gnu/libm-2.15.so
b65cb000-b65cc000 rw-p 0002a000 08:05 3802047    /lib/i386-linux-gnu/libm-2.15.so
b65cc000-b66a4000 r-xp 00000000 08:05 4985813    /usr/lib/i386-linux-gnu/libstdc++.so.6.0.16
b66a4000-b66a5000 ---p 000d8000 08:05 4985813    /usr/lib/i386-linux-gnu/libstdc++.so.6.0.16
b66a5000-b66a9000 r--p 000d8000 08:05 4985813    /usr/lib/i386-linux-gnu/libstdc++.so.6.0.16
b66a9000-b66aa000 rw-p 000dc000 08:05 4985813    /usr/lib/i386-linux-gnu/libstdc++.so.6.0.16
b66aa000-b66b1000 rw-p 00000000 00:00 0 
b66b1000-b7073000 r-xp 00000000 08:05 4989140    /usr/lib/jvm/java-7-openjdk-i386/jre/lib/i386/server/libjvm.so
b7073000-b70c8000 r--p 009c2000 08:05 4989140    /usr/lib/jvm/java-7-openjdk-i386/jre/lib/i386/server/libjvm.so
b70c8000-b70dc000 rw-p 00a17000 08:05 4989140    /usr/lib/jvm/java-7-openjdk-i386/jre/lib/i386/server/libjvm.so
b70dc000-b74fa000 rw-p 00000000 00:00 0 
b74fa000-b750e000 r-xp 00000000 08:05 3802126    /lib/i386-linux-gnu/libz.so.1.2.3.4
b750e000-b750f000 r--p 00013000 08:05 3802126    /lib/i386-linux-gnu/libz.so.1.2.3.4
b750f000-b7510000 rw-p 00014000 08:05 3802126    /lib/i386-linux-gnu/libz.so.1.2.3.4
b7510000-b7527000 r-xp 00000000 08:05 3802095    /lib/i386-linux-gnu/libpthread-2.15.so
b7527000-b7528000 r--p 00016000 08:05 3802095    /lib/i386-linux-gnu/libpthread-2.15.so
b7528000-b7529000 rw-p 00017000 08:05 3802095    /lib/i386-linux-gnu/libpthread-2.15.so
b7529000-b752b000 rw-p 00000000 00:00 0 
b752b000-b752e000 r-xp 00000000 08:05 3802028    /lib/i386-linux-gnu/libdl-2.15.so
b752e000-b752f000 r--p 00002000 08:05 3802028    /lib/i386-linux-gnu/libdl-2.15.so
b752f000-b7530000 rw-p 00003000 08:05 3802028    /lib/i386-linux-gnu/libdl-2.15.so
b7530000-b76cf000 r-xp 00000000 08:05 3802015    /lib/i386-linux-gnu/libc-2.15.so
b76cf000-b76d1000 r--p 0019f000 08:05 3802015    /lib/i386-linux-gnu/libc-2.15.so
b76d1000-b76d2000 rw-p 001a1000 08:05 3802015    /lib/i386-linux-gnu/libc-2.15.so
b76d2000-b76d5000 rw-p 00000000 00:00 0 
b76d5000-b76d6000 r--s 00002000 08:05 4989080    /usr/lib/jvm/java-7-openjdk-i386/jre/lib/ext/dnsns.jar
b76d6000-b76d7000 r--p 005db000 08:05 4988066    /usr/lib/locale/locale-archive
b76d7000-b76d8000 rw-p 00000000 00:00 0 
b76d8000-b76d9000 ---p 00000000 00:00 0 
b76d9000-b76e5000 r-xp 00000000 08:05 4989131    /usr/lib/jvm/java-7-openjdk-i386/jre/lib/i386/libverify.so
b76e5000-b76e6000 r--p 0000b000 08:05 4989131    /usr/lib/jvm/java-7-openjdk-i386/jre/lib/i386/libverify.so
b76e6000-b76e7000 rw-p 0000c000 08:05 4989131    /usr/lib/jvm/java-7-openjdk-i386/jre/lib/i386/libverify.so
b76e7000-b76f4000 r-xp 00000000 08:05 4989106    /usr/lib/jvm/java-7-openjdk-i386/jre/lib/i386/jli/libjli.so
b76f4000-b76f5000 r--p 0000c000 08:05 4989106    /usr/lib/jvm/java-7-openjdk-i386/jre/lib/i386/jli/libjli.so
b76f5000-b76f6000 rw-p 0000d000 08:05 4989106    /usr/lib/jvm/java-7-openjdk-i386/jre/lib/i386/jli/libjli.so
b76f6000-b76f9000 rw-p 00000000 00:00 0 
b76f9000-b76fa000 r-xp 00000000 00:00 0          [vdso]
b76fa000-b771a000 r-xp 00000000 08:05 3801995    /lib/i386-linux-gnu/ld-2.15.so
b771a000-b771b000 r--p 0001f000 08:05 3801995    /lib/i386-linux-gnu/ld-2.15.so
b771b000-b771c000 rw-p 00020000 08:05 3801995    /lib/i386-linux-gnu/ld-2.15.so
bfdc5000-bfdc6000 rwxp 00000000 00:00 0 
bfdf8000-bfe19000 rw-p 00000000 00:00 0          [stack]

VM Arguments:
jvm_args: -Xmx1024M -Dfile.encoding=UTF-8 -Duser.country=IN -Duser.language=en -Duser.variant 
java_command: com.android.dx.command.Main --dex --output /home/ankit/Traafik latest/TraafikAppLatest/app/build/intermediates/pre-dexed/release/classes-60a7eb5bedd3ac059a03773ecb9be5aae7d1c35b.jar /home/ankit/Traafik latest/TraafikAppLatest/app/build/intermediates/exploded-aar/com.google.android.gms/play-services-analytics/7.5.0/jars/classes.jar
Launcher Type: SUN_STANDARD

Environment Variables:
PATH=/usr/lib/lightdm/lightdm:/usr/local/sbin:/usr/local/bin:/usr/sbin:/usr/bin:/sbin:/bin:/usr/games
LD_LIBRARY_PATH=/home/ankit/Android studio/android-studio/bin:
SHELL=/bin/bash
DISPLAY=:0.0

Signal Handlers:
SIGSEGV: [libjvm.so+0x80b550], sa_mask[0]=0x7ffbfeff, sa_flags=0x10000004
SIGBUS: [libjvm.so+0x80b550], sa_mask[0]=0x7ffbfeff, sa_flags=0x10000004
SIGFPE: [libjvm.so+0x6753e0], sa_mask[0]=0x7ffbfeff, sa_flags=0x10000004
SIGPIPE: [libjvm.so+0x6753e0], sa_mask[0]=0x7ffbfeff, sa_flags=0x10000004
SIGXFSZ: [libjvm.so+0x6753e0], sa_mask[0]=0x7ffbfeff, sa_flags=0x10000004
SIGILL: [libjvm.so+0x6753e0], sa_mask[0]=0x7ffbfeff, sa_flags=0x10000004
SIGUSR1: SIG_DFL, sa_mask[0]=0x00000000, sa_flags=0x00000000
SIGUSR2: [libjvm.so+0x675690], sa_mask[0]=0x00000004, sa_flags=0x10000004
SIGHUP: [libjvm.so+0x675850], sa_mask[0]=0x7ffbfeff, sa_flags=0x10000004
SIGINT: [libjvm.so+0x675850], sa_mask[0]=0x7ffbfeff, sa_flags=0x10000004
SIGTERM: [libjvm.so+0x675850], sa_mask[0]=0x7ffbfeff, sa_flags=0x10000004
SIGQUIT: [libjvm.so+0x675850], sa_mask[0]=0x7ffbfeff, sa_flags=0x10000004
SIGTRAP: SIG_DFL, sa_mask[0]=0x00000000, sa_flags=0x00000000


---------------  S Y S T E M  ---------------

OS:Ubuntu 12.04 (precise)
uname:Linux 3.2.0-29-generic-pae #46-Ubuntu SMP Fri Jul 27 17:25:43 UTC 2012 i686
libc:glibc 2.15 NPTL 2.15 
rlimit: STACK 8192k, CORE 0k, NPROC 31169, NOFILE 4096, AS infinity
load average:4.26 2.02 0.97

/proc/meminfo:
MemTotal:        4004304 kB
MemFree:          158500 kB
Buffers:           16840 kB
Cached:           537020 kB
SwapCached:            0 kB
Active:          3343644 kB
Inactive:         417292 kB
Active(anon):    3282732 kB
Inactive(anon):   372044 kB
Active(file):      60912 kB
Inactive(file):    45248 kB
Unevictable:          48 kB
Mlocked:              48 kB
HighTotal:       3159312 kB
HighFree:            524 kB
LowTotal:         844992 kB
LowFree:          157976 kB
SwapTotal:             0 kB
SwapFree:              0 kB
Dirty:                 0 kB
Writeback:             0 kB
AnonPages:       3207312 kB
Mapped:            92832 kB
Shmem:            447652 kB
Slab:              41864 kB
SReclaimable:      21964 kB
SUnreclaim:        19900 kB
KernelStack:        5304 kB
PageTables:        22552 kB
NFS_Unstable:          0 kB
Bounce:                0 kB
WritebackTmp:          0 kB
CommitLimit:     2002152 kB
Committed_AS:    8056452 kB
VmallocTotal:     122880 kB
VmallocUsed:       15220 kB
VmallocChunk:     105000 kB
HardwareCorrupted:     0 kB
AnonHugePages:         0 kB
HugePages_Total:       0
HugePages_Free:        0
HugePages_Rsvd:        0
HugePages_Surp:        0
Hugepagesize:       2048 kB
DirectMap4k:       22520 kB
DirectMap2M:      890880 kB


CPU:total 2 (2 cores per cpu, 1 threads per core) family 6 model 58 stepping 9, cmov, cx8, fxsr, mmx, sse, sse2, sse3, ssse3, sse4.1, sse4.2, popcnt, erms, tsc, tscinvbit, tscinv

/proc/cpuinfo:
processor	: 0
vendor_id	: GenuineIntel
cpu family	: 6
model		: 58
model name	: Intel(R) Pentium(R) CPU G2030 @ 3.00GHz
stepping	: 9
microcode	: 0x17
cpu MHz		: 3000.000
cache size	: 3072 KB
physical id	: 0
siblings	: 2
core id		: 0
cpu cores	: 2
apicid		: 0
initial apicid	: 0
fdiv_bug	: no
hlt_bug		: no
f00f_bug	: no
coma_bug	: no
fpu		: yes
fpu_exception	: yes
cpuid level	: 13
wp		: yes
flags		: fpu vme de pse tsc msr pae mce cx8 apic sep mtrr pge mca cmov pat pse36 clflush dts acpi mmx fxsr sse sse2 ss ht tm pbe nx rdtscp lm constant_tsc arch_perfmon pebs bts xtopology nonstop_tsc aperfmperf pni pclmulqdq dtes64 monitor ds_cpl vmx est tm2 ssse3 cx16 xtpr pdcm pcid sse4_1 sse4_2 popcnt tsc_deadline_timer xsave lahf_lm arat epb xsaveopt pln pts dtherm tpr_shadow vnmi flexpriority ept vpid fsgsbase smep erms
bogomips	: 5986.14
clflush size	: 64
cache_alignment	: 64
address sizes	: 36 bits physical, 48 bits virtual
power management:

processor	: 1
vendor_id	: GenuineIntel
cpu family	: 6
model		: 58
model name	: Intel(R) Pentium(R) CPU G2030 @ 3.00GHz
stepping	: 9
microcode	: 0x17
cpu MHz		: 3000.000
cache size	: 3072 KB
physical id	: 0
siblings	: 2
core id		: 1
cpu cores	: 2
apicid		: 2
initial apicid	: 2
fdiv_bug	: no
hlt_bug		: no
f00f_bug	: no
coma_bug	: no
fpu		: yes
fpu_exception	: yes
cpuid level	: 13
wp		: yes
flags		: fpu vme de pse tsc msr pae mce cx8 apic sep mtrr pge mca cmov pat pse36 clflush dts acpi mmx fxsr sse sse2 ss ht tm pbe nx rdtscp lm constant_tsc arch_perfmon pebs bts xtopology nonstop_tsc aperfmperf pni pclmulqdq dtes64 monitor ds_cpl vmx est tm2 ssse3 cx16 xtpr pdcm pcid sse4_1 sse4_2 popcnt tsc_deadline_timer xsave lahf_lm arat epb xsaveopt pln pts dtherm tpr_shadow vnmi flexpriority ept vpid fsgsbase smep erms
bogomips	: 5986.11
clflush size	: 64
cache_alignment	: 64
address sizes	: 36 bits physical, 48 bits virtual
power management:



Memory: 4k page, physical 4004304k(158500k free), swap 0k(0k free)

vm_info: OpenJDK Server VM (24.75-b04) for linux-x86 JRE (1.7.0_75-b13), built on Jan 27 2015 16:24:35 by "buildd" with gcc 4.6.3

time: Sat Jul 18 13:46:52 2015
elapsed time: 9 seconds

