#
# There is insufficient memory for the Java Runtime Environment to continue.
# Native memory allocation (malloc) failed to allocate 73924608 bytes for committing reserved memory.
# Possible reasons:
#   The system is out of physical RAM or swap space
#   In 32 bit mode, the process size limit was hit
# Possible solutions:
#   Reduce memory load on the system
#   Increase physical memory or swap space
#   Check if swap backing store is full
#   Use 64 bit Java on a 64 bit OS
#   Decrease Java heap size (-Xmx/-Xms)
#   Decrease number of Java threads
#   Decrease Java thread stack sizes (-Xss)
#   Set larger code cache with -XX:ReservedCodeCacheSize=
# This output file may be truncated or incomplete.
#
#  Out of Memory Error (os_linux.cpp:2798), pid=8038, tid=1746426688
#
# JRE version: OpenJDK Runtime Environment (7.0_75-b13) (build 1.7.0_75-b13)
# Java VM: OpenJDK Server VM (24.75-b04 mixed mode linux-x86 )
# Derivative: IcedTea 2.5.4
# Distribution: Ubuntu 12.04 LTS, package 7u75-2.5.4-1~precise1
# Failed to write core dump. Core dumps have been disabled. To enable core dumping, try "ulimit -c unlimited" before starting Java again
#

---------------  T H R E A D  ---------------

Current thread (0x68010400):  VMThread [stack: 0x68105000,0x68186000] [id=8044]

Stack: [0x68105000,0x68186000]
[error occurred during error reporting (printing stack bounds), id 0xb]

VM_Operation (0xb661e998): ParallelGCFailedAllocation, mode: safepoint, requested by thread 0xb6407c00


---------------  P R O C E S S  ---------------

Java Threads: ( => current thread )
  0x6802c400 JavaThread "Service Thread" daemon [_thread_blocked, id=8052, stack(0x67bba000,0x67c0b000)]
  0x6802a800 JavaThread "C2 CompilerThread1" daemon [_thread_blocked, id=8051, stack(0x67c0b000,0x67c8c000)]
  0x68028800 JavaThread "C2 CompilerThread0" daemon [_thread_blocked, id=8050, stack(0x67c8c000,0x67d0d000)]
  0x68026c00 JavaThread "Signal Dispatcher" daemon [_thread_blocked, id=8047, stack(0x67d0d000,0x67d5e000)]
  0x68014400 JavaThread "Finalizer" daemon [_thread_blocked, id=8046, stack(0x67f5e000,0x67faf000)]
  0x68012800 JavaThread "Reference Handler" daemon [_thread_blocked, id=8045, stack(0x67faf000,0x68000000)]
  0xb6407c00 JavaThread "main" [_thread_blocked, id=8040, stack(0xb65cf000,0xb6620000)]

Other Threads:
=>0x68010400 VMThread [stack: 0x68105000,0x68186000] [id=8044]
  0x6802e000 WatcherThread [stack: 0x67b39000,0x67bba000] [id=8053]

VM state:at safepoint (normal execution)

VM Mutex/Monitor currently owned by a thread:  ([mutex/lock_event])
[0xb6405248] Threads_lock - owner thread: 0x68010400
[0xb6405658] Heap_lock - owner thread: 0xb6407c00

Heap
 PSYoungGen      total 72448K, used 9721K [0x9ddc0000, 0xa2ec0000, 0xb3340000)
  eden space 62720K, 0% used [0x9ddc0000,0x9ddc0000,0xa1b00000)
  from space 9728K, 99% used [0xa1b00000,0xa247e7c8,0xa2480000)
  to   space 8960K, 0% used [0xa2480000,0xa2480000,0xa2d40000)
 ParOldGen       total 41728K, used 23377K [0x73340000, 0x75c00000, 0x9ddc0000)
  object space 41728K, 56% used [0x73340000,0x74a147b8,0x75c00000)
 PSPermGen       total 16384K, used 3999K [0x6b340000, 0x6c340000, 0x73340000)
  object space 16384K, 24% used [0x6b340000,0x6b727ce8,0x6c340000)

Card table byte_map: [0x6b0ff000,0x6b340000] byte_map_base: 0x6ada5600

Polling page: 0xb7776000

Code Cache  [0xb3400000, 0xb3640000, 0xb6400000)
 total_blobs=705 nmethods=586 adapters=73 free_code_cache=46965Kb largest_free_block=48037312

Compilation events (10 events):
Event: 7.697 Thread 0x6802a800 nmethod 592 0xb36052c8 code [0xb36053e0, 0xb360559c]
Event: 7.698 Thread 0x6802a800  593   !         com.android.dx.cf.cst.ConstantPoolParser::parse0 (731 bytes)
Event: 7.731 Thread 0x68028800 nmethod 588 0xb3626e48 code [0xb3627080, 0xb3627c4c]
Event: 7.732 Thread 0x68028800  594   !         com.android.dx.cf.code.BytecodeArray::parseInstruction (2764 bytes)
Event: 7.863 Thread 0x6802a800 nmethod 593 0xb362b408 code [0xb362b920, 0xb362d738]
Event: 7.863 Thread 0x6802a800  595             java.util.TreeMap$PrivateEntryIterator::hasNext (13 bytes)
Event: 7.863 Thread 0x6802a800 nmethod 595 0xb3605148 code [0xb3605220, 0xb3605270]
Event: 7.864 Thread 0x6802a800  596             com.android.dx.rop.cst.TypedConstant::isConstant (2 bytes)
Event: 7.864 Thread 0x6802a800 nmethod 596 0xb3604fc8 code [0xb36050a0, 0xb36050f0]
Event: 7.864 Thread 0x6802a800  598             com.android.dx.rop.type.Prototype::withFirstParameter (68 bytes)

GC Heap History (10 events):
Event: 2.124 GC heap after
Heap after GC invocations=2 (full 0):
 PSYoungGen      total 18432K, used 2550K [0x9ddc0000, 0xa01c0000, 0xb3340000)
  eden space 15872K, 0% used [0x9ddc0000,0x9ddc0000,0x9ed40000)
  from space 2560K, 99% used [0x9efc0000,0x9f23d8d8,0x9f240000)
  to   space 2560K, 0% used [0x9ed40000,0x9ed40000,0x9efc0000)
 ParOldGen       total 41728K, used 3449K [0x73340000, 0x75c00000, 0x9ddc0000)
  object space 41728K, 8% used [0x73340000,0x7369e7f8,0x75c00000)
 PSPermGen       total 16384K, used 3909K [0x6b340000, 0x6c340000, 0x73340000)
  object space 16384K, 23% used [0x6b340000,0x6b711730,0x6c340000)
}
Event: 3.270 GC heap before
{Heap before GC invocations=3 (full 0):
 PSYoungGen      total 18432K, used 18422K [0x9ddc0000, 0xa01c0000, 0xb3340000)
  eden space 15872K, 100% used [0x9ddc0000,0x9ed40000,0x9ed40000)
  from space 2560K, 99% used [0x9efc0000,0x9f23d8d8,0x9f240000)
  to   space 2560K, 0% used [0x9ed40000,0x9ed40000,0x9efc0000)
 ParOldGen       total 41728K, used 3449K [0x73340000, 0x75c00000, 0x9ddc0000)
  object space 41728K, 8% used [0x73340000,0x7369e7f8,0x75c00000)
 PSPermGen       total 16384K, used 3934K [0x6b340000, 0x6c340000, 0x73340000)
  object space 16384K, 24% used [0x6b340000,0x6b717b28,0x6c340000)
Event: 3.284 GC heap after
Heap after GC invocations=3 (full 0):
 PSYoungGen      total 18432K, used 2560K [0x9ddc0000, 0xa01c0000, 0xb3340000)
  eden space 15872K, 0% used [0x9ddc0000,0x9ddc0000,0x9ed40000)
  from space 2560K, 100% used [0x9ed40000,0x9efc0000,0x9efc0000)
  to   space 2560K, 0% used [0x9ff40000,0x9ff40000,0xa01c0000)
 ParOldGen       total 41728K, used 6190K [0x73340000, 0x75c00000, 0x9ddc0000)
  object space 41728K, 14% used [0x73340000,0x7394b8f8,0x75c00000)
 PSPermGen       total 16384K, used 3934K [0x6b340000, 0x6c340000, 0x73340000)
  object space 16384K, 24% used [0x6b340000,0x6b717b28,0x6c340000)
}
Event: 4.245 GC heap before
{Heap before GC invocations=4 (full 0):
 PSYoungGen      total 18432K, used 18432K [0x9ddc0000, 0xa01c0000, 0xb3340000)
  eden space 15872K, 100% used [0x9ddc0000,0x9ed40000,0x9ed40000)
  from space 2560K, 100% used [0x9ed40000,0x9efc0000,0x9efc0000)
  to   space 2560K, 0% used [0x9ff40000,0x9ff40000,0xa01c0000)
 ParOldGen       total 41728K, used 6190K [0x73340000, 0x75c00000, 0x9ddc0000)
  object space 41728K, 14% used [0x73340000,0x7394b8f8,0x75c00000)
 PSPermGen       total 16384K, used 3945K [0x6b340000, 0x6c340000, 0x73340000)
  object space 16384K, 24% used [0x6b340000,0x6b71a540,0x6c340000)
Event: 4.279 GC heap after
Heap after GC invocations=4 (full 0):
 PSYoungGen      total 34304K, used 2555K [0x9ddc0000, 0xa01c0000, 0xb3340000)
  eden space 31744K, 0% used [0x9ddc0000,0x9ddc0000,0x9fcc0000)
  from space 2560K, 99% used [0x9ff40000,0xa01bedf8,0xa01c0000)
  to   space 2560K, 0% used [0x9fcc0000,0x9fcc0000,0x9ff40000)
 ParOldGen       total 41728K, used 9434K [0x73340000, 0x75c00000, 0x9ddc0000)
  object space 41728K, 22% used [0x73340000,0x73c76a30,0x75c00000)
 PSPermGen       total 16384K, used 3945K [0x6b340000, 0x6c340000, 0x73340000)
  object space 16384K, 24% used [0x6b340000,0x6b71a540,0x6c340000)
}
Event: 5.802 GC heap before
{Heap before GC invocations=5 (full 0):
 PSYoungGen      total 34304K, used 34299K [0x9ddc0000, 0xa01c0000, 0xb3340000)
  eden space 31744K, 100% used [0x9ddc0000,0x9fcc0000,0x9fcc0000)
  from space 2560K, 99% used [0x9ff40000,0xa01bedf8,0xa01c0000)
  to   space 2560K, 0% used [0x9fcc0000,0x9fcc0000,0x9ff40000)
 ParOldGen       total 41728K, used 9434K [0x73340000, 0x75c00000, 0x9ddc0000)
  object space 41728K, 22% used [0x73340000,0x73c76a30,0x75c00000)
 PSPermGen       total 16384K, used 3962K [0x6b340000, 0x6c340000, 0x73340000)
  object space 16384K, 24% used [0x6b340000,0x6b71e8f0,0x6c340000)
Event: 5.835 GC heap after
Heap after GC invocations=5 (full 0):
 PSYoungGen      total 34304K, used 2553K [0x9ddc0000, 0xa2d40000, 0xb3340000)
  eden space 31744K, 0% used [0x9ddc0000,0x9ddc0000,0x9fcc0000)
  from space 2560K, 99% used [0x9fcc0000,0x9ff3e560,0x9ff40000)
  to   space 8960K, 0% used [0xa2480000,0xa2480000,0xa2d40000)
 ParOldGen       total 41728K, used 15589K [0x73340000, 0x75c00000, 0x9ddc0000)
  object space 41728K, 37% used [0x73340000,0x742796b0,0x75c00000)
 PSPermGen       total 16384K, used 3962K [0x6b340000, 0x6c340000, 0x73340000)
  object space 16384K, 24% used [0x6b340000,0x6b71e8f0,0x6c340000)
}
Event: 6.649 GC heap before
{Heap before GC invocations=6 (full 0):
 PSYoungGen      total 34304K, used 34297K [0x9ddc0000, 0xa2d40000, 0xb3340000)
  eden space 31744K, 100% used [0x9ddc0000,0x9fcc0000,0x9fcc0000)
  from space 2560K, 99% used [0x9fcc0000,0x9ff3e560,0x9ff40000)
  to   space 8960K, 0% used [0xa2480000,0xa2480000,0xa2d40000)
 ParOldGen       total 41728K, used 15589K [0x73340000, 0x75c00000, 0x9ddc0000)
  object space 41728K, 37% used [0x73340000,0x742796b0,0x75c00000)
 PSPermGen       total 16384K, used 3984K [0x6b340000, 0x6c340000, 0x73340000)
  object space 16384K, 24% used [0x6b340000,0x6b7243b0,0x6c340000)
Event: 6.678 GC heap after
Heap after GC invocations=6 (full 0):
 PSYoungGen      total 71680K, used 7939K [0x9ddc0000, 0xa2ec0000, 0xb3340000)
  eden space 62720K, 0% used [0x9ddc0000,0x9ddc0000,0xa1b00000)
  from space 8960K, 88% used [0xa2480000,0xa2c40e40,0xa2d40000)
  to   space 9728K, 0% used [0xa1b00000,0xa1b00000,0xa2480000)
 ParOldGen       total 41728K, used 15589K [0x73340000, 0x75c00000, 0x9ddc0000)
  object space 41728K, 37% used [0x73340000,0x742796b0,0x75c00000)
 PSPermGen       total 16384K, used 3984K [0x6b340000, 0x6c340000, 0x73340000)
  object space 16384K, 24% used [0x6b340000,0x6b7243b0,0x6c340000)
}
Event: 7.875 GC heap before
{Heap before GC invocations=7 (full 0):
 PSYoungGen      total 71680K, used 70659K [0x9ddc0000, 0xa2ec0000, 0xb3340000)
  eden space 62720K, 100% used [0x9ddc0000,0xa1b00000,0xa1b00000)
  from space 8960K, 88% used [0xa2480000,0xa2c40e40,0xa2d40000)
  to   space 9728K, 0% used [0xa1b00000,0xa1b00000,0xa2480000)
 ParOldGen       total 41728K, used 15589K [0x73340000, 0x75c00000, 0x9ddc0000)
  object space 41728K, 37% used [0x73340000,0x742796b0,0x75c00000)
 PSPermGen       total 16384K, used 3999K [0x6b340000, 0x6c340000, 0x73340000)
  object space 16384K, 24% used [0x6b340000,0x6b727ce8,0x6c340000)

Deoptimization events (10 events):
Event: 6.813 Thread 0xb6407c00 Uncommon trap: reason=bimorphic action=maybe_recompile pc=0xb351615c method=com.android.dx.cf.code.BytecodeArray.parseInstruction(ILcom/android/dx/cf/code/BytecodeArray$Visitor;)I @ 2484
Event: 6.848 Thread 0xb6407c00 Uncommon trap: reason=bimorphic action=maybe_recompile pc=0xb3515f14 method=com.android.dx.cf.code.BytecodeArray.parseInstruction(ILcom/android/dx/cf/code/BytecodeArray$Visitor;)I @ 2281
Event: 6.848 Thread 0xb6407c00 Uncommon trap: reason=bimorphic action=maybe_recompile pc=0xb3515f14 method=com.android.dx.cf.code.BytecodeArray.parseInstruction(ILcom/android/dx/cf/code/BytecodeArray$Visitor;)I @ 2281
Event: 7.059 Thread 0xb6407c00 Uncommon trap: reason=class_check action=maybe_recompile pc=0xb353fa74 method=com.android.dx.ssa.SsaMethod.isRegALocal(Lcom/android/dx/rop/code/RegisterSpec;)Z @ 16
Event: 7.059 Thread 0xb6407c00 Uncommon trap: reason=class_check action=maybe_recompile pc=0xb353fa74 method=com.android.dx.ssa.SsaMethod.isRegALocal(Lcom/android/dx/rop/code/RegisterSpec;)Z @ 16
Event: 7.059 Thread 0xb6407c00 Uncommon trap: reason=class_check action=maybe_recompile pc=0xb353fa74 method=com.android.dx.ssa.SsaMethod.isRegALocal(Lcom/android/dx/rop/code/RegisterSpec;)Z @ 16
Event: 7.186 Thread 0xb6407c00 Uncommon trap: reason=unreached action=reinterpret pc=0xb349d074 method=com.android.dx.ssa.SCCP.simulateBranch(Lcom/android/dx/ssa/SsaInsn;)V @ 334
Event: 7.186 Thread 0xb6407c00 Uncommon trap: reason=class_check action=maybe_recompile pc=0xb353fa74 method=com.android.dx.ssa.SsaMethod.isRegALocal(Lcom/android/dx/rop/code/RegisterSpec;)Z @ 16
Event: 7.187 Thread 0xb6407c00 Uncommon trap: reason=class_check action=maybe_recompile pc=0xb3585220 method=com.android.dx.cf.code.RopperMachine.run(Lcom/android/dx/cf/code/Frame;II)V @ 1024
Event: 7.738 Thread 0xb6407c00 Uncommon trap: reason=null_check action=make_not_entrant pc=0xb36174d0 method=com.android.dx.dex.file.FieldIdsSection.intern(Lcom/android/dx/rop/cst/CstFieldRef;)Lcom/android/dx/dex/file/FieldIdItem; @ 26

Internal exceptions (10 events):
Event: 1.292 Thread 0xb6407c00 Threw 0x9e286428 at /build/buildd/openjdk-7-7u75-2.5.4/build/openjdk/hotspot/src/share/vm/prims/jvm.cpp:1284
Event: 1.292 Thread 0xb6407c00 Threw 0x9e288e60 at /build/buildd/openjdk-7-7u75-2.5.4/build/openjdk/hotspot/src/share/vm/prims/jvm.cpp:1284
Event: 1.825 Thread 0xb6407c00 Implicit null exception at 0xb34b118d to 0xb34b1c41
Event: 2.883 Thread 0xb6407c00 Implicit null exception at 0xb34d072c to 0xb34d1d15
Event: 3.590 Thread 0xb6407c00 Implicit null exception at 0xb3473ceb to 0xb3473dc2
Event: 4.467 Thread 0xb6407c00 Implicit null exception at 0xb345cb1a to 0xb345d0f9
Event: 4.631 Thread 0xb6407c00 Threw 0x9e2bcae8 at /build/buildd/openjdk-7-7u75-2.5.4/build/openjdk/hotspot/src/share/vm/prims/jvm.cpp:1284
Event: 6.104 Thread 0xb6407c00 Implicit null exception at 0xb34d8a96 to 0xb34d9585
Event: 6.223 Thread 0xb6407c00 Implicit null exception at 0xb3599c24 to 0xb359c025
Event: 6.812 Thread 0xb6407c00 Threw 0x9e258fe0 at /build/buildd/openjdk-7-7u75-2.5.4/build/openjdk/hotspot/src/share/vm/prims/jvm.cpp:1284

Events (10 events):
Event: 7.186 Thread 0xb6407c00 DEOPT PACKING pc=0xb353fa74 sp=0xb661e9f0
Event: 7.186 Thread 0xb6407c00 DEOPT UNPACKING pc=0xb342cbc8 sp=0xb661e9c4 mode 2
Event: 7.187 Thread 0xb6407c00 Uncommon trap: trap_request=0xffffffde fr.pc=0xb3585220
Event: 7.187 Thread 0xb6407c00 DEOPT PACKING pc=0xb3585220 sp=0xb661e9e0
Event: 7.187 Thread 0xb6407c00 DEOPT UNPACKING pc=0xb342cbc8 sp=0xb661e9cc mode 2
Event: 7.694 Thread 0x6802a800 flushing nmethod 0xb3473bc8
Event: 7.738 Thread 0xb6407c00 Uncommon trap: trap_request=0xfffffff4 fr.pc=0xb36174d0
Event: 7.738 Thread 0xb6407c00 DEOPT PACKING pc=0xb36174d0 sp=0xb661ec80
Event: 7.738 Thread 0xb6407c00 DEOPT UNPACKING pc=0xb342cbc8 sp=0xb661ec4c mode 2
Event: 7.875 Executing VM operation: ParallelGCFailedAllocation


Dynamic libraries:
08048000-08049000 r-xp 00000000 08:05 4983886    /usr/lib/jvm/java-7-openjdk-i386/jre/bin/java
08049000-0804a000 r--p 00000000 08:05 4983886    /usr/lib/jvm/java-7-openjdk-i386/jre/bin/java
0804a000-0804b000 rw-p 00001000 08:05 4983886    /usr/lib/jvm/java-7-openjdk-i386/jre/bin/java
08f6f000-09957000 rw-p 00000000 00:00 0          [heap]
66e00000-66efd000 rw-p 00000000 00:00 0 
66efd000-66f00000 ---p 00000000 00:00 0 
66f00000-66fff000 rw-p 00000000 00:00 0 
66fff000-67000000 ---p 00000000 00:00 0 
67000000-670fd000 rw-p 00000000 00:00 0 
670fd000-67100000 ---p 00000000 00:00 0 
67100000-671f9000 rw-p 00000000 00:00 0 
671f9000-67200000 ---p 00000000 00:00 0 
67200000-672e9000 rw-p 00000000 00:00 0 
672e9000-67300000 ---p 00000000 00:00 0 
67300000-673fc000 rw-p 00000000 00:00 0 
673fc000-67400000 ---p 00000000 00:00 0 
67400000-674fb000 rw-p 00000000 00:00 0 
674fb000-67500000 ---p 00000000 00:00 0 
67500000-675fb000 rw-p 00000000 00:00 0 
675fb000-67600000 ---p 00000000 00:00 0 
67600000-67650000 rw-p 00000000 00:00 0 
67650000-67700000 ---p 00000000 00:00 0 
677e2000-6781c000 r-xp 00000000 08:05 3802088    /lib/i386-linux-gnu/libpcre.so.3.12.1
6781c000-6781d000 r--p 00039000 08:05 3802088    /lib/i386-linux-gnu/libpcre.so.3.12.1
6781d000-6781e000 rw-p 0003a000 08:05 3802088    /lib/i386-linux-gnu/libpcre.so.3.12.1
6781e000-67823000 r-xp 00000000 08:05 4985471    /usr/lib/i386-linux-gnu/libffi.so.6.0.0
67823000-67824000 r--p 00004000 08:05 4985471    /usr/lib/i386-linux-gnu/libffi.so.6.0.0
67824000-67825000 rw-p 00005000 08:05 4985471    /usr/lib/i386-linux-gnu/libffi.so.6.0.0
67825000-67838000 r-xp 00000000 08:05 3802099    /lib/i386-linux-gnu/libresolv-2.15.so
67838000-67839000 ---p 00013000 08:05 3802099    /lib/i386-linux-gnu/libresolv-2.15.so
67839000-6783a000 r--p 00013000 08:05 3802099    /lib/i386-linux-gnu/libresolv-2.15.so
6783a000-6783b000 rw-p 00014000 08:05 3802099    /lib/i386-linux-gnu/libresolv-2.15.so
6783b000-6783d000 rw-p 00000000 00:00 0 
6783d000-6785a000 r-xp 00000000 08:05 3802103    /lib/i386-linux-gnu/libselinux.so.1
6785a000-6785b000 r--p 0001c000 08:05 3802103    /lib/i386-linux-gnu/libselinux.so.1
6785b000-6785c000 rw-p 0001d000 08:05 3802103    /lib/i386-linux-gnu/libselinux.so.1
6785c000-67953000 r-xp 00000000 08:05 3802040    /lib/i386-linux-gnu/libglib-2.0.so.0.3200.3
67953000-67954000 r--p 000f6000 08:05 3802040    /lib/i386-linux-gnu/libglib-2.0.so.0.3200.3
67954000-67955000 rw-p 000f7000 08:05 3802040    /lib/i386-linux-gnu/libglib-2.0.so.0.3200.3
67955000-679a2000 r-xp 00000000 08:05 4985532    /usr/lib/i386-linux-gnu/libgobject-2.0.so.0.3200.3
679a2000-679a3000 r--p 0004c000 08:05 4985532    /usr/lib/i386-linux-gnu/libgobject-2.0.so.0.3200.3
679a3000-679a4000 rw-p 0004d000 08:05 4985532    /usr/lib/i386-linux-gnu/libgobject-2.0.so.0.3200.3
679a4000-67af7000 r-xp 00000000 08:05 4985508    /usr/lib/i386-linux-gnu/libgio-2.0.so.0.3200.3
67af7000-67af9000 r--p 00153000 08:05 4985508    /usr/lib/i386-linux-gnu/libgio-2.0.so.0.3200.3
67af9000-67afa000 rw-p 00155000 08:05 4985508    /usr/lib/i386-linux-gnu/libgio-2.0.so.0.3200.3
67afa000-67afb000 rw-p 00000000 00:00 0 
67b0d000-67b24000 r-xp 00000000 08:05 4989135    /usr/lib/jvm/java-7-openjdk-i386/jre/lib/i386/libnet.so
67b24000-67b25000 r--p 00016000 08:05 4989135    /usr/lib/jvm/java-7-openjdk-i386/jre/lib/i386/libnet.so
67b25000-67b26000 rw-p 00017000 08:05 4989135    /usr/lib/jvm/java-7-openjdk-i386/jre/lib/i386/libnet.so
67b26000-67b37000 r-xp 00000000 08:05 4989121    /usr/lib/jvm/java-7-openjdk-i386/jre/lib/i386/libnio.so
67b37000-67b38000 r--p 00010000 08:05 4989121    /usr/lib/jvm/java-7-openjdk-i386/jre/lib/i386/libnio.so
67b38000-67b39000 rw-p 00011000 08:05 4989121    /usr/lib/jvm/java-7-openjdk-i386/jre/lib/i386/libnio.so
67b39000-67b3a000 ---p 00000000 00:00 0 
67b3a000-67bba000 rw-p 00000000 00:00 0 
67bba000-67bbd000 ---p 00000000 00:00 0 
67bbd000-67c0b000 rw-p 00000000 00:00 0 
67c0b000-67c0e000 ---p 00000000 00:00 0 
67c0e000-67c8c000 rw-p 00000000 00:00 0 
67c8c000-67c8f000 ---p 00000000 00:00 0 
67c8f000-67d0d000 rw-p 00000000 00:00 0 
67d0d000-67d10000 ---p 00000000 00:00 0 
67d10000-67d5e000 rw-p 00000000 00:00 0 
67d5e000-67f5e000 r--p 00000000 08:05 4988066    /usr/lib/locale/locale-archive
67f5e000-67f61000 ---p 00000000 00:00 0 
67f61000-67faf000 rw-p 00000000 00:00 0 
67faf000-67fb2000 ---p 00000000 00:00 0 
67fb2000-68000000 rw-p 00000000 00:00 0 
68000000-68100000 rw-p 00000000 00:00 0 
68105000-68106000 ---p 00000000 00:00 0 
68106000-681cf000 rw-p 00000000 00:00 0 
681cf000-68380000 r--s 01d23000 08:05 4989042    /usr/lib/jvm/java-7-openjdk-i386/jre/lib/rt.jar
68380000-6ac00000 rw-p 00000000 00:00 0 
6ac00000-6acfc000 rw-p 00000000 00:00 0 
6acfc000-6ad00000 ---p 00000000 00:00 0 
6ad04000-6ad15000 r--s 000a6000 08:06 4459422    /home/ankit/Traafik latest/TraafikAppLatest/app/build/intermediates/exploded-aar/com.google.android.gms/play-services-base/7.5.0/jars/classes.jar
6ad15000-6ad24000 r--s 000dd000 08:06 21369266   /home/ankit/Ankitt Data/ECLIPSE/sdk/build-tools/22.0.1/lib/dx.jar
6ad24000-6ad7f000 rw-p 00000000 00:00 0 
6ad7f000-6ad80000 ---p 00000000 00:00 0 
6ad80000-6ae00000 rw-p 00000000 00:00 0 
6ae00000-6ae21000 rw-p 00000000 00:00 0 
6ae21000-6af00000 ---p 00000000 00:00 0 
6af05000-6af08000 r-xp 00000000 08:05 4985518    /usr/lib/i386-linux-gnu/libgmodule-2.0.so.0.3200.3
6af08000-6af09000 r--p 00002000 08:05 4985518    /usr/lib/i386-linux-gnu/libgmodule-2.0.so.0.3200.3
6af09000-6af0a000 rw-p 00003000 08:05 4985518    /usr/lib/i386-linux-gnu/libgmodule-2.0.so.0.3200.3
6af0a000-6af0d000 r--s 0000f000 08:05 4989079    /usr/lib/jvm/java-7-openjdk-i386/jre/lib/ext/icedtea-sound.jar
6af0d000-6af28000 rw-p 00000000 00:00 0 
6af28000-6af29000 ---p 00000000 00:00 0 
6af29000-6afbe000 rw-p 00000000 00:00 0 
6afbe000-6b0ff000 rw-p 00000000 00:00 0 
6b0ff000-6b107000 rw-p 00000000 00:00 0 
6b107000-6b13f000 rw-p 00000000 00:00 0 
6b13f000-6b154000 rw-p 00000000 00:00 0 
6b154000-6b294000 rw-p 00000000 00:00 0 
6b294000-6b2bd000 rw-p 00000000 00:00 0 
6b2bd000-6b33f000 rw-p 00000000 00:00 0 
6b33f000-6c340000 rw-p 00000000 00:00 0 
6c340000-73340000 rw-p 00000000 00:00 0 
73340000-75c00000 rw-p 00000000 00:00 0 
75c00000-9ddc0000 rw-p 00000000 00:00 0 
9ddc0000-a2ec0000 rw-p 00000000 00:00 0 
a7540000-b3340000 rw-p 00000000 00:00 0 
b3340000-b3349000 rw-p 00000000 00:00 0 
b3349000-b3400000 rw-p 00000000 00:00 0 
b3400000-b3640000 rwxp 00000000 00:00 0 
b3640000-b64fd000 rw-p 00000000 00:00 0 
b64fd000-b6500000 ---p 00000000 00:00 0 
b6501000-b6502000 r--s 00007000 08:05 5246941    /usr/share/java/java-atk-wrapper.jar
b6502000-b6504000 r--s 00012000 08:05 4989084    /usr/lib/jvm/java-7-openjdk-i386/jre/lib/ext/zipfs.jar
b6504000-b6508000 r--s 00034000 08:05 4989083    /usr/lib/jvm/java-7-openjdk-i386/jre/lib/ext/sunjce_provider.jar
b6508000-b650c000 r--s 0003c000 08:05 4989081    /usr/lib/jvm/java-7-openjdk-i386/jre/lib/ext/sunpkcs11.jar
b650c000-b650f000 r--s 00086000 08:05 4989082    /usr/lib/jvm/java-7-openjdk-i386/jre/lib/ext/localedata.jar
b650f000-b6517000 rw-p 00000000 00:00 0 
b6517000-b654f000 rw-p 00000000 00:00 0 
b654f000-b655a000 r-xp 00000000 08:05 3802066    /lib/i386-linux-gnu/libnss_files-2.15.so
b655a000-b655b000 r--p 0000a000 08:05 3802066    /lib/i386-linux-gnu/libnss_files-2.15.so
b655b000-b655c000 rw-p 0000b000 08:05 3802066    /lib/i386-linux-gnu/libnss_files-2.15.so
b655c000-b6566000 r-xp 00000000 08:05 3802070    /lib/i386-linux-gnu/libnss_nis-2.15.so
b6566000-b6567000 r--p 00009000 08:05 3802070    /lib/i386-linux-gnu/libnss_nis-2.15.so
b6567000-b6568000 rw-p 0000a000 08:05 3802070    /lib/i386-linux-gnu/libnss_nis-2.15.so
b6568000-b657e000 r-xp 00000000 08:05 3802060    /lib/i386-linux-gnu/libnsl-2.15.so
b657e000-b657f000 r--p 00015000 08:05 3802060    /lib/i386-linux-gnu/libnsl-2.15.so
b657f000-b6580000 rw-p 00016000 08:05 3802060    /lib/i386-linux-gnu/libnsl-2.15.so
b6580000-b6582000 rw-p 00000000 00:00 0 
b6582000-b6589000 r-xp 00000000 08:05 3802062    /lib/i386-linux-gnu/libnss_compat-2.15.so
b6589000-b658a000 r--p 00006000 08:05 3802062    /lib/i386-linux-gnu/libnss_compat-2.15.so
b658a000-b658b000 rw-p 00007000 08:05 3802062    /lib/i386-linux-gnu/libnss_compat-2.15.so
b658b000-b6593000 r-xp 00000000 08:05 4989114    /usr/lib/jvm/java-7-openjdk-i386/jre/lib/i386/libzip.so
b6593000-b6594000 r--p 00007000 08:05 4989114    /usr/lib/jvm/java-7-openjdk-i386/jre/lib/i386/libzip.so
b6594000-b6595000 rw-p 00008000 08:05 4989114    /usr/lib/jvm/java-7-openjdk-i386/jre/lib/i386/libzip.so
b6595000-b659d000 rw-s 00000000 08:05 145386     /tmp/hsperfdata_ankit/8038
b659d000-b65c4000 r-xp 00000000 08:05 4989134    /usr/lib/jvm/java-7-openjdk-i386/jre/lib/i386/libjava.so
b65c4000-b65c5000 r--p 00026000 08:05 4989134    /usr/lib/jvm/java-7-openjdk-i386/jre/lib/i386/libjava.so
b65c5000-b65c6000 rw-p 00027000 08:05 4989134    /usr/lib/jvm/java-7-openjdk-i386/jre/lib/i386/libjava.so
b65c6000-b65cd000 r-xp 00000000 08:05 3802101    /lib/i386-linux-gnu/librt-2.15.so
b65cd000-b65ce000 r--p 00006000 08:05 3802101    /lib/i386-linux-gnu/librt-2.15.so
b65ce000-b65cf000 rw-p 00007000 08:05 3802101    /lib/i386-linux-gnu/librt-2.15.so
b65cf000-b65d2000 ---p 00000000 00:00 0 
b65d2000-b6620000 rw-p 00000000 00:00 0 
b6620000-b663c000 r-xp 00000000 08:05 3802036    /lib/i386-linux-gnu/libgcc_s.so.1
b663c000-b663d000 r--p 0001b000 08:05 3802036    /lib/i386-linux-gnu/libgcc_s.so.1
b663d000-b663e000 rw-p 0001c000 08:05 3802036    /lib/i386-linux-gnu/libgcc_s.so.1
b663e000-b6668000 r-xp 00000000 08:05 3802047    /lib/i386-linux-gnu/libm-2.15.so
b6668000-b6669000 r--p 00029000 08:05 3802047    /lib/i386-linux-gnu/libm-2.15.so
b6669000-b666a000 rw-p 0002a000 08:05 3802047    /lib/i386-linux-gnu/libm-2.15.so
b666a000-b6742000 r-xp 00000000 08:05 4985813    /usr/lib/i386-linux-gnu/libstdc++.so.6.0.16
b6742000-b6743000 ---p 000d8000 08:05 4985813    /usr/lib/i386-linux-gnu/libstdc++.so.6.0.16
b6743000-b6747000 r--p 000d8000 08:05 4985813    /usr/lib/i386-linux-gnu/libstdc++.so.6.0.16
b6747000-b6748000 rw-p 000dc000 08:05 4985813    /usr/lib/i386-linux-gnu/libstdc++.so.6.0.16
b6748000-b674f000 rw-p 00000000 00:00 0 
b674f000-b7111000 r-xp 00000000 08:05 4989140    /usr/lib/jvm/java-7-openjdk-i386/jre/lib/i386/server/libjvm.so
b7111000-b7166000 r--p 009c2000 08:05 4989140    /usr/lib/jvm/java-7-openjdk-i386/jre/lib/i386/server/libjvm.so
b7166000-b717a000 rw-p 00a17000 08:05 4989140    /usr/lib/jvm/java-7-openjdk-i386/jre/lib/i386/server/libjvm.so
b717a000-b7598000 rw-p 00000000 00:00 0 
b7598000-b75ac000 r-xp 00000000 08:05 3802126    /lib/i386-linux-gnu/libz.so.1.2.3.4
b75ac000-b75ad000 r--p 00013000 08:05 3802126    /lib/i386-linux-gnu/libz.so.1.2.3.4
b75ad000-b75ae000 rw-p 00014000 08:05 3802126    /lib/i386-linux-gnu/libz.so.1.2.3.4
b75ae000-b75c5000 r-xp 00000000 08:05 3802095    /lib/i386-linux-gnu/libpthread-2.15.so
b75c5000-b75c6000 r--p 00016000 08:05 3802095    /lib/i386-linux-gnu/libpthread-2.15.so
b75c6000-b75c7000 rw-p 00017000 08:05 3802095    /lib/i386-linux-gnu/libpthread-2.15.so
b75c7000-b75c9000 rw-p 00000000 00:00 0 
b75c9000-b75cc000 r-xp 00000000 08:05 3802028    /lib/i386-linux-gnu/libdl-2.15.so
b75cc000-b75cd000 r--p 00002000 08:05 3802028    /lib/i386-linux-gnu/libdl-2.15.so
b75cd000-b75ce000 rw-p 00003000 08:05 3802028    /lib/i386-linux-gnu/libdl-2.15.so
b75ce000-b776d000 r-xp 00000000 08:05 3802015    /lib/i386-linux-gnu/libc-2.15.so
b776d000-b776f000 r--p 0019f000 08:05 3802015    /lib/i386-linux-gnu/libc-2.15.so
b776f000-b7770000 rw-p 001a1000 08:05 3802015    /lib/i386-linux-gnu/libc-2.15.so
b7770000-b7773000 rw-p 00000000 00:00 0 
b7773000-b7774000 r--s 00002000 08:05 4989080    /usr/lib/jvm/java-7-openjdk-i386/jre/lib/ext/dnsns.jar
b7774000-b7775000 r--p 005db000 08:05 4988066    /usr/lib/locale/locale-archive
b7775000-b7776000 rw-p 00000000 00:00 0 
b7776000-b7777000 ---p 00000000 00:00 0 
b7777000-b7783000 r-xp 00000000 08:05 4989131    /usr/lib/jvm/java-7-openjdk-i386/jre/lib/i386/libverify.so
b7783000-b7784000 r--p 0000b000 08:05 4989131    /usr/lib/jvm/java-7-openjdk-i386/jre/lib/i386/libverify.so
b7784000-b7785000 rw-p 0000c000 08:05 4989131    /usr/lib/jvm/java-7-openjdk-i386/jre/lib/i386/libverify.so
b7785000-b7792000 r-xp 00000000 08:05 4989106    /usr/lib/jvm/java-7-openjdk-i386/jre/lib/i386/jli/libjli.so
b7792000-b7793000 r--p 0000c000 08:05 4989106    /usr/lib/jvm/java-7-openjdk-i386/jre/lib/i386/jli/libjli.so
b7793000-b7794000 rw-p 0000d000 08:05 4989106    /usr/lib/jvm/java-7-openjdk-i386/jre/lib/i386/jli/libjli.so
b7794000-b7797000 rw-p 00000000 00:00 0 
b7797000-b7798000 r-xp 00000000 00:00 0          [vdso]
b7798000-b77b8000 r-xp 00000000 08:05 3801995    /lib/i386-linux-gnu/ld-2.15.so
b77b8000-b77b9000 r--p 0001f000 08:05 3801995    /lib/i386-linux-gnu/ld-2.15.so
b77b9000-b77ba000 rw-p 00020000 08:05 3801995    /lib/i386-linux-gnu/ld-2.15.so
bfa8d000-bfa8e000 rwxp 00000000 00:00 0 
bfac0000-bfae1000 rw-p 00000000 00:00 0          [stack]

VM Arguments:
jvm_args: -Xmx1024M -Dfile.encoding=UTF-8 -Duser.country=IN -Duser.language=en -Duser.variant 
java_command: com.android.dx.command.Main --dex --output /home/ankit/Traafik latest/TraafikAppLatest/app/build/intermediates/pre-dexed/debug/classes-f969b55407febc88da8d731a639c99b4d3087ef3.jar /home/ankit/Traafik latest/TraafikAppLatest/app/build/intermediates/exploded-aar/com.google.android.gms/play-services-base/7.5.0/jars/classes.jar
Launcher Type: SUN_STANDARD

Environment Variables:
PATH=/usr/lib/lightdm/lightdm:/usr/local/sbin:/usr/local/bin:/usr/sbin:/usr/bin:/sbin:/bin:/usr/games
LD_LIBRARY_PATH=/home/ankit/Android studio/android-studio/bin:
SHELL=/bin/bash
DISPLAY=:0.0

Signal Handlers:
SIGSEGV: [libjvm.so+0x80b550], sa_mask[0]=0x7ffbfeff, sa_flags=0x10000004
SIGBUS: [libjvm.so+0x80b550], sa_mask[0]=0x7ffbfeff, sa_flags=0x10000004
SIGFPE: [libjvm.so+0x6753e0], sa_mask[0]=0x7ffbfeff, sa_flags=0x10000004
SIGPIPE: [libjvm.so+0x6753e0], sa_mask[0]=0x7ffbfeff, sa_flags=0x10000004
SIGXFSZ: [libjvm.so+0x6753e0], sa_mask[0]=0x7ffbfeff, sa_flags=0x10000004
SIGILL: [libjvm.so+0x6753e0], sa_mask[0]=0x7ffbfeff, sa_flags=0x10000004
SIGUSR1: SIG_DFL, sa_mask[0]=0x00000000, sa_flags=0x00000000
SIGUSR2: [libjvm.so+0x675690], sa_mask[0]=0x00000004, sa_flags=0x10000004
SIGHUP: [libjvm.so+0x675850], sa_mask[0]=0x7ffbfeff, sa_flags=0x10000004
SIGINT: [libjvm.so+0x675850], sa_mask[0]=0x7ffbfeff, sa_flags=0x10000004
SIGTERM: [libjvm.so+0x675850], sa_mask[0]=0x7ffbfeff, sa_flags=0x10000004
SIGQUIT: [libjvm.so+0x675850], sa_mask[0]=0x7ffbfeff, sa_flags=0x10000004
SIGTRAP: SIG_DFL, sa_mask[0]=0x00000000, sa_flags=0x00000000


---------------  S Y S T E M  ---------------

OS:Ubuntu 12.04 (precise)
uname:Linux 3.2.0-29-generic-pae #46-Ubuntu SMP Fri Jul 27 17:25:43 UTC 2012 i686
libc:glibc 2.15 NPTL 2.15 
rlimit: STACK 8192k, CORE 0k, NPROC 31169, NOFILE 4096, AS infinity
load average:2.57 1.23 1.02

/proc/meminfo:
MemTotal:        4004304 kB
MemFree:          181296 kB
Buffers:            5940 kB
Cached:           526644 kB
SwapCached:            0 kB
Active:          3433832 kB
Inactive:         306792 kB
Active(anon):    3375524 kB
Inactive(anon):   268608 kB
Active(file):      58308 kB
Inactive(file):    38184 kB
Unevictable:          32 kB
Mlocked:              32 kB
HighTotal:       3159312 kB
HighFree:            636 kB
LowTotal:         844992 kB
LowFree:          180660 kB
SwapTotal:             0 kB
SwapFree:              0 kB
Dirty:               620 kB
Writeback:             0 kB
AnonPages:       3208420 kB
Mapped:            89256 kB
Shmem:            435840 kB
Slab:              40120 kB
SReclaimable:      20892 kB
SUnreclaim:        19228 kB
KernelStack:        4848 kB
PageTables:        20552 kB
NFS_Unstable:          0 kB
Bounce:                0 kB
WritebackTmp:          0 kB
CommitLimit:     2002152 kB
Committed_AS:    7575348 kB
VmallocTotal:     122880 kB
VmallocUsed:       15048 kB
VmallocChunk:     106800 kB
HardwareCorrupted:     0 kB
AnonHugePages:         0 kB
HugePages_Total:       0
HugePages_Free:        0
HugePages_Rsvd:        0
HugePages_Surp:        0
Hugepagesize:       2048 kB
DirectMap4k:       10232 kB
DirectMap2M:      903168 kB


CPU:total 2 (2 cores per cpu, 1 threads per core) family 6 model 58 stepping 9, cmov, cx8, fxsr, mmx, sse, sse2, sse3, ssse3, sse4.1, sse4.2, popcnt, erms, tsc, tscinvbit, tscinv

/proc/cpuinfo:
processor	: 0
vendor_id	: GenuineIntel
cpu family	: 6
model		: 58
model name	: Intel(R) Pentium(R) CPU G2030 @ 3.00GHz
stepping	: 9
microcode	: 0x17
cpu MHz		: 3000.000
cache size	: 3072 KB
physical id	: 0
siblings	: 2
core id		: 0
cpu cores	: 2
apicid		: 0
initial apicid	: 0
fdiv_bug	: no
hlt_bug		: no
f00f_bug	: no
coma_bug	: no
fpu		: yes
fpu_exception	: yes
cpuid level	: 13
wp		: yes
flags		: fpu vme de pse tsc msr pae mce cx8 apic sep mtrr pge mca cmov pat pse36 clflush dts acpi mmx fxsr sse sse2 ss ht tm pbe nx rdtscp lm constant_tsc arch_perfmon pebs bts xtopology nonstop_tsc aperfmperf pni pclmulqdq dtes64 monitor ds_cpl vmx est tm2 ssse3 cx16 xtpr pdcm pcid sse4_1 sse4_2 popcnt tsc_deadline_timer xsave lahf_lm arat epb xsaveopt pln pts dtherm tpr_shadow vnmi flexpriority ept vpid fsgsbase smep erms
bogomips	: 5986.59
clflush size	: 64
cache_alignment	: 64
address sizes	: 36 bits physical, 48 bits virtual
power management:

processor	: 1
vendor_id	: GenuineIntel
cpu family	: 6
model		: 58
model name	: Intel(R) Pentium(R) CPU G2030 @ 3.00GHz
stepping	: 9
microcode	: 0x17
cpu MHz		: 3000.000
cache size	: 3072 KB
physical id	: 0
siblings	: 2
core id		: 1
cpu cores	: 2
apicid		: 2
initial apicid	: 2
fdiv_bug	: no
hlt_bug		: no
f00f_bug	: no
coma_bug	: no
fpu		: yes
fpu_exception	: yes
cpuid level	: 13
wp		: yes
flags		: fpu vme de pse tsc msr pae mce cx8 apic sep mtrr pge mca cmov pat pse36 clflush dts acpi mmx fxsr sse sse2 ss ht tm pbe nx rdtscp lm constant_tsc arch_perfmon pebs bts xtopology nonstop_tsc aperfmperf pni pclmulqdq dtes64 monitor ds_cpl vmx est tm2 ssse3 cx16 xtpr pdcm pcid sse4_1 sse4_2 popcnt tsc_deadline_timer xsave lahf_lm arat epb xsaveopt pln pts dtherm tpr_shadow vnmi flexpriority ept vpid fsgsbase smep erms
bogomips	: 5986.36
clflush size	: 64
cache_alignment	: 64
address sizes	: 36 bits physical, 48 bits virtual
power management:



Memory: 4k page, physical 4004304k(181296k free), swap 0k(0k free)

vm_info: OpenJDK Server VM (24.75-b04) for linux-x86 JRE (1.7.0_75-b13), built on Jan 27 2015 16:24:35 by "buildd" with gcc 4.6.3

time: Wed Jul 15 12:35:12 2015
elapsed time: 8 seconds

