#
# There is insufficient memory for the Java Runtime Environment to continue.
# Native memory allocation (malloc) failed to allocate 38273024 bytes for committing reserved memory.
# Possible reasons:
#   The system is out of physical RAM or swap space
#   In 32 bit mode, the process size limit was hit
# Possible solutions:
#   Reduce memory load on the system
#   Increase physical memory or swap space
#   Check if swap backing store is full
#   Use 64 bit Java on a 64 bit OS
#   Decrease Java heap size (-Xmx/-Xms)
#   Decrease number of Java threads
#   Decrease Java thread stack sizes (-Xss)
#   Set larger code cache with -XX:ReservedCodeCacheSize=
# This output file may be truncated or incomplete.
#
#  Out of Memory Error (os_linux.cpp:2798), pid=22319, tid=1745378112
#
# JRE version: OpenJDK Runtime Environment (7.0_75-b13) (build 1.7.0_75-b13)
# Java VM: OpenJDK Server VM (24.75-b04 mixed mode linux-x86 )
# Derivative: IcedTea 2.5.4
# Distribution: Ubuntu 12.04 LTS, package 7u75-2.5.4-1~precise1
# Failed to write core dump. Core dumps have been disabled. To enable core dumping, try "ulimit -c unlimited" before starting Java again
#

---------------  T H R E A D  ---------------

Current thread (0x67f10400):  VMThread [stack: 0x68005000,0x68086000] [id=22326]

Stack: [0x68005000,0x68086000]
[error occurred during error reporting (printing stack bounds), id 0xb]

VM_Operation (0xb65a38b8): ParallelGCFailedAllocation, mode: safepoint, requested by thread 0xb6407c00


---------------  P R O C E S S  ---------------

Java Threads: ( => current thread )
  0x67f2b400 JavaThread "Service Thread" daemon [_thread_blocked, id=22332, stack(0x67b5c000,0x67bad000)]
  0x67f29800 JavaThread "C2 CompilerThread1" daemon [_thread_blocked, id=22331, stack(0x67bad000,0x67c2e000)]
  0x67f27800 JavaThread "C2 CompilerThread0" daemon [_thread_blocked, id=22330, stack(0x67c2e000,0x67caf000)]
  0x67f25c00 JavaThread "Signal Dispatcher" daemon [_thread_blocked, id=22329, stack(0x67caf000,0x67d00000)]
  0x67f14400 JavaThread "Finalizer" daemon [_thread_blocked, id=22328, stack(0x6ac03000,0x6ac54000)]
  0x67f12800 JavaThread "Reference Handler" daemon [_thread_blocked, id=22327, stack(0x6ac54000,0x6aca5000)]
  0xb6407c00 JavaThread "main" [_thread_blocked, id=22322, stack(0xb6554000,0xb65a5000)]

Other Threads:
=>0x67f10400 VMThread [stack: 0x68005000,0x68086000] [id=22326]
  0x67f2d000 WatcherThread [stack: 0x67adb000,0x67b5c000] [id=22333]

VM state:at safepoint (normal execution)

VM Mutex/Monitor currently owned by a thread:  ([mutex/lock_event])
[0xb6405228] Threads_lock - owner thread: 0x67f10400
[0xb6405638] Heap_lock - owner thread: 0xb6407c00

Heap
 PSYoungGen      total 37120K, used 5374K [0x9dd80000, 0xa0700000, 0xb3300000)
  eden space 31744K, 0% used [0x9dd80000,0x9dd80000,0x9fc80000)
  from space 5376K, 99% used [0x9fc80000,0xa01bfac0,0xa01c0000)
  to   space 5376K, 0% used [0xa01c0000,0xa01c0000,0xa0700000)
 ParOldGen       total 41728K, used 14971K [0x73300000, 0x75bc0000, 0x9dd80000)
  object space 41728K, 35% used [0x73300000,0x7419ec68,0x75bc0000)
 PSPermGen       total 16384K, used 4006K [0x6b300000, 0x6c300000, 0x73300000)
  object space 16384K, 24% used [0x6b300000,0x6b6e9be8,0x6c300000)

Card table byte_map: [0x6b0bf000,0x6b300000] byte_map_base: 0x6ad65800

Polling page: 0xb76fb000

Code Cache  [0xb33cd000, 0xb360d000, 0xb63cd000)
 total_blobs=600 nmethods=481 adapters=73 free_code_cache=47461Kb largest_free_block=48538944

Compilation events (10 events):
Event: 6.732 Thread 0x67f27800 nmethod 487 0xb347dc48 code [0xb347dd40, 0xb347ddf0]
Event: 6.732 Thread 0x67f27800  488             java.util.TreeMap$PrivateEntryIterator::nextEntry (54 bytes)
Event: 6.734 Thread 0x67f27800 nmethod 488 0xb34a9e48 code [0xb34a9f40, 0xb34aa030]
Event: 6.734 Thread 0x67f27800  489             com.android.dx.ssa.back.FirstFitLocalCombiningAllocator::handleLocalAssociatedOther (151 bytes)
Event: 6.784 Thread 0x67f29800 nmethod 480 0xb3566588 code [0xb35668e0, 0xb3568088]
Event: 6.785 Thread 0x67f29800  490             com.android.dx.rop.code.RegisterSpecSet::intersect (117 bytes)
Event: 6.815 Thread 0x67f29800 nmethod 490 0xb3553c88 code [0xb3553de0, 0xb35543b8]
Event: 6.815 Thread 0x67f29800  491             com.android.dx.util.ByteArray::slice (30 bytes)
Event: 6.816 Thread 0x67f29800 nmethod 491 0xb347d848 code [0xb347d960, 0xb347dad0]
Event: 6.817 Thread 0x67f29800  492             java.util.ArrayList::<init> (44 bytes)

GC Heap History (10 events):
Event: 2.701 GC heap after
Heap after GC invocations=2 (full 0):
 PSYoungGen      total 18432K, used 2552K [0x9dd80000, 0x9f200000, 0xb3300000)
  eden space 15872K, 0% used [0x9dd80000,0x9dd80000,0x9ed00000)
  from space 2560K, 99% used [0x9ef80000,0x9f1fe078,0x9f200000)
  to   space 2560K, 0% used [0x9ed00000,0x9ed00000,0x9ef80000)
 ParOldGen       total 41728K, used 3504K [0x73300000, 0x75bc0000, 0x9dd80000)
  object space 41728K, 8% used [0x73300000,0x7366c398,0x75bc0000)
 PSPermGen       total 16384K, used 3915K [0x6b300000, 0x6c300000, 0x73300000)
  object space 16384K, 23% used [0x6b300000,0x6b6d2e68,0x6c300000)
}
Event: 3.499 GC heap before
{Heap before GC invocations=3 (full 0):
 PSYoungGen      total 18432K, used 18424K [0x9dd80000, 0x9f200000, 0xb3300000)
  eden space 15872K, 100% used [0x9dd80000,0x9ed00000,0x9ed00000)
  from space 2560K, 99% used [0x9ef80000,0x9f1fe078,0x9f200000)
  to   space 2560K, 0% used [0x9ed00000,0x9ed00000,0x9ef80000)
 ParOldGen       total 41728K, used 3504K [0x73300000, 0x75bc0000, 0x9dd80000)
  object space 41728K, 8% used [0x73300000,0x7366c398,0x75bc0000)
 PSPermGen       total 16384K, used 3943K [0x6b300000, 0x6c300000, 0x73300000)
  object space 16384K, 24% used [0x6b300000,0x6b6d9cc8,0x6c300000)
Event: 3.510 GC heap after
Heap after GC invocations=3 (full 0):
 PSYoungGen      total 18432K, used 2558K [0x9dd80000, 0x9f200000, 0xb3300000)
  eden space 15872K, 0% used [0x9dd80000,0x9dd80000,0x9ed00000)
  from space 2560K, 99% used [0x9ed00000,0x9ef7fb78,0x9ef80000)
  to   space 2560K, 0% used [0x9ef80000,0x9ef80000,0x9f200000)
 ParOldGen       total 41728K, used 5762K [0x73300000, 0x75bc0000, 0x9dd80000)
  object space 41728K, 13% used [0x73300000,0x738a0a20,0x75bc0000)
 PSPermGen       total 16384K, used 3943K [0x6b300000, 0x6c300000, 0x73300000)
  object space 16384K, 24% used [0x6b300000,0x6b6d9cc8,0x6c300000)
}
Event: 4.174 GC heap before
{Heap before GC invocations=4 (full 0):
 PSYoungGen      total 18432K, used 18430K [0x9dd80000, 0x9f200000, 0xb3300000)
  eden space 15872K, 100% used [0x9dd80000,0x9ed00000,0x9ed00000)
  from space 2560K, 99% used [0x9ed00000,0x9ef7fb78,0x9ef80000)
  to   space 2560K, 0% used [0x9ef80000,0x9ef80000,0x9f200000)
 ParOldGen       total 41728K, used 5762K [0x73300000, 0x75bc0000, 0x9dd80000)
  object space 41728K, 13% used [0x73300000,0x738a0a20,0x75bc0000)
 PSPermGen       total 16384K, used 3960K [0x6b300000, 0x6c300000, 0x73300000)
  object space 16384K, 24% used [0x6b300000,0x6b6de320,0x6c300000)
Event: 4.184 GC heap after
Heap after GC invocations=4 (full 0):
 PSYoungGen      total 18432K, used 2549K [0x9dd80000, 0xa0180000, 0xb3300000)
  eden space 15872K, 0% used [0x9dd80000,0x9dd80000,0x9ed00000)
  from space 2560K, 99% used [0x9ef80000,0x9f1fd648,0x9f200000)
  to   space 2560K, 0% used [0x9ed00000,0x9ed00000,0x9ef80000)
 ParOldGen       total 41728K, used 8059K [0x73300000, 0x75bc0000, 0x9dd80000)
  object space 41728K, 19% used [0x73300000,0x73adeec8,0x75bc0000)
 PSPermGen       total 16384K, used 3960K [0x6b300000, 0x6c300000, 0x73300000)
  object space 16384K, 24% used [0x6b300000,0x6b6de320,0x6c300000)
}
Event: 4.997 GC heap before
{Heap before GC invocations=5 (full 0):
 PSYoungGen      total 18432K, used 18421K [0x9dd80000, 0xa0180000, 0xb3300000)
  eden space 15872K, 100% used [0x9dd80000,0x9ed00000,0x9ed00000)
  from space 2560K, 99% used [0x9ef80000,0x9f1fd648,0x9f200000)
  to   space 2560K, 0% used [0x9ed00000,0x9ed00000,0x9ef80000)
 ParOldGen       total 41728K, used 8059K [0x73300000, 0x75bc0000, 0x9dd80000)
  object space 41728K, 19% used [0x73300000,0x73adeec8,0x75bc0000)
 PSPermGen       total 16384K, used 3970K [0x6b300000, 0x6c300000, 0x73300000)
  object space 16384K, 24% used [0x6b300000,0x6b6e0a68,0x6c300000)
Event: 5.011 GC heap after
Heap after GC invocations=5 (full 0):
 PSYoungGen      total 18432K, used 2549K [0x9dd80000, 0xa0700000, 0xb3300000)
  eden space 15872K, 0% used [0x9dd80000,0x9dd80000,0x9ed00000)
  from space 2560K, 99% used [0x9ed00000,0x9ef7d648,0x9ef80000)
  to   space 5376K, 0% used [0xa01c0000,0xa01c0000,0xa0700000)
 ParOldGen       total 41728K, used 9986K [0x73300000, 0x75bc0000, 0x9dd80000)
  object space 41728K, 23% used [0x73300000,0x73cc0a88,0x75bc0000)
 PSPermGen       total 16384K, used 3970K [0x6b300000, 0x6c300000, 0x73300000)
  object space 16384K, 24% used [0x6b300000,0x6b6e0a68,0x6c300000)
}
Event: 5.611 GC heap before
{Heap before GC invocations=6 (full 0):
 PSYoungGen      total 18432K, used 18421K [0x9dd80000, 0xa0700000, 0xb3300000)
  eden space 15872K, 100% used [0x9dd80000,0x9ed00000,0x9ed00000)
  from space 2560K, 99% used [0x9ed00000,0x9ef7d648,0x9ef80000)
  to   space 5376K, 0% used [0xa01c0000,0xa01c0000,0xa0700000)
 ParOldGen       total 41728K, used 9986K [0x73300000, 0x75bc0000, 0x9dd80000)
  object space 41728K, 23% used [0x73300000,0x73cc0a88,0x75bc0000)
 PSPermGen       total 16384K, used 3981K [0x6b300000, 0x6c300000, 0x73300000)
  object space 16384K, 24% used [0x6b300000,0x6b6e35b8,0x6c300000)
Event: 5.636 GC heap after
Heap after GC invocations=6 (full 0):
 PSYoungGen      total 37120K, used 4971K [0x9dd80000, 0xa0700000, 0xb3300000)
  eden space 31744K, 0% used [0x9dd80000,0x9dd80000,0x9fc80000)
  from space 5376K, 92% used [0xa01c0000,0xa069af28,0xa0700000)
  to   space 5376K, 0% used [0x9fc80000,0x9fc80000,0xa01c0000)
 ParOldGen       total 41728K, used 9986K [0x73300000, 0x75bc0000, 0x9dd80000)
  object space 41728K, 23% used [0x73300000,0x73cc0a88,0x75bc0000)
 PSPermGen       total 16384K, used 3981K [0x6b300000, 0x6c300000, 0x73300000)
  object space 16384K, 24% used [0x6b300000,0x6b6e35b8,0x6c300000)
}
Event: 6.823 GC heap before
{Heap before GC invocations=7 (full 0):
 PSYoungGen      total 37120K, used 36715K [0x9dd80000, 0xa0700000, 0xb3300000)
  eden space 31744K, 100% used [0x9dd80000,0x9fc80000,0x9fc80000)
  from space 5376K, 92% used [0xa01c0000,0xa069af28,0xa0700000)
  to   space 5376K, 0% used [0x9fc80000,0x9fc80000,0xa01c0000)
 ParOldGen       total 41728K, used 9986K [0x73300000, 0x75bc0000, 0x9dd80000)
  object space 41728K, 23% used [0x73300000,0x73cc0a88,0x75bc0000)
 PSPermGen       total 16384K, used 4006K [0x6b300000, 0x6c300000, 0x73300000)
  object space 16384K, 24% used [0x6b300000,0x6b6e9be8,0x6c300000)

Deoptimization events (10 events):
Event: 6.223 Thread 0xb6407c00 Uncommon trap: reason=unreached action=reinterpret pc=0xb347aca4 method=com.android.dx.ssa.SCCP.simulateBranch(Lcom/android/dx/ssa/SsaInsn;)V @ 132
Event: 6.224 Thread 0xb6407c00 Uncommon trap: reason=unloaded action=reinterpret pc=0xb34d3c3c method=com.android.dx.ssa.LiteralOpUpgrader$1.visitNonMoveInsn(Lcom/android/dx/ssa/NormalSsaInsn;)V @ 72
Event: 6.225 Thread 0xb6407c00 Uncommon trap: reason=unreached action=reinterpret pc=0xb34de60c method=com.android.dx.rop.code.LocalItem.compareHandlesNulls(Lcom/android/dx/rop/cst/CstString;Lcom/android/dx/rop/cst/CstString;)I @ 14
Event: 6.225 Thread 0xb6407c00 Uncommon trap: reason=unreached action=reinterpret pc=0xb34e0f18 method=com.android.dx.rop.code.LocalItem.compareHandlesNulls(Lcom/android/dx/rop/cst/CstString;Lcom/android/dx/rop/cst/CstString;)I @ 14
Event: 6.374 Thread 0xb6407c00 Uncommon trap: reason=unreached action=reinterpret pc=0xb34bd144 method=com.android.dx.cf.code.BaseMachine.getLocalTarget(Z)Lcom/android/dx/rop/code/RegisterSpec; @ 131
Event: 6.395 Thread 0xb6407c00 Uncommon trap: reason=unreached action=reinterpret pc=0xb352487c method=com.android.dx.cf.code.BaseMachine.getLocalTarget(Z)Lcom/android/dx/rop/code/RegisterSpec; @ 131
Event: 6.467 Thread 0xb6407c00 Uncommon trap: reason=class_check action=maybe_recompile pc=0xb3556fb4 method=com.android.dx.rop.code.RegisterSpec.withSimpleType()Lcom/android/dx/rop/code/RegisterSpec; @ 21
Event: 6.467 Thread 0xb6407c00 Uncommon trap: reason=class_check action=maybe_recompile pc=0xb3556fb4 method=com.android.dx.rop.code.RegisterSpec.withSimpleType()Lcom/android/dx/rop/code/RegisterSpec; @ 21
Event: 6.472 Thread 0xb6407c00 Uncommon trap: reason=class_check action=maybe_recompile pc=0xb3556fb4 method=com.android.dx.rop.code.RegisterSpec.withSimpleType()Lcom/android/dx/rop/code/RegisterSpec; @ 21
Event: 6.472 Thread 0xb6407c00 Uncommon trap: reason=class_check action=maybe_recompile pc=0xb3556fb4 method=com.android.dx.rop.code.RegisterSpec.withSimpleType()Lcom/android/dx/rop/code/RegisterSpec; @ 21

Internal exceptions (10 events):
Event: 3.444 Thread 0xb6407c00 Threw 0x9ebe12b0 at /build/buildd/openjdk-7-7u75-2.5.4/build/openjdk/hotspot/src/share/vm/prims/jvm.cpp:1284
Event: 3.444 Thread 0xb6407c00 Threw 0x9ebe3ce8 at /build/buildd/openjdk-7-7u75-2.5.4/build/openjdk/hotspot/src/share/vm/prims/jvm.cpp:1284
Event: 3.445 Thread 0xb6407c00 Threw 0x9ebf1cd8 at /build/buildd/openjdk-7-7u75-2.5.4/build/openjdk/hotspot/src/share/vm/prims/jvm.cpp:1284
Event: 3.797 Thread 0xb6407c00 Threw 0x9e392420 at /build/buildd/openjdk-7-7u75-2.5.4/build/openjdk/hotspot/src/share/vm/prims/jvm.cpp:1284
Event: 4.282 Thread 0xb6407c00 Implicit null exception at 0xb3450aab to 0xb3450b82
Event: 5.478 Thread 0xb6407c00 Threw 0x9e8b7068 at /build/buildd/openjdk-7-7u75-2.5.4/build/openjdk/hotspot/src/share/vm/prims/jvm.cpp:1284
Event: 6.210 Thread 0xb6407c00 Threw 0x9ec804f0 at /build/buildd/openjdk-7-7u75-2.5.4/build/openjdk/hotspot/src/share/vm/prims/jvm.cpp:1284
Event: 6.224 Thread 0xb6407c00 Threw 0x9ed0c290 at /build/buildd/openjdk-7-7u75-2.5.4/build/openjdk/hotspot/src/share/vm/prims/jvm.cpp:1284
Event: 6.225 Thread 0xb6407c00 Implicit null exception at 0xb34ddf26 to 0xb34de601
Event: 6.225 Thread 0xb6407c00 Implicit null exception at 0xb34e0d9f to 0xb34e0f05

Events (10 events):
Event: 6.472 Thread 0xb6407c00 DEOPT PACKING pc=0xb3556fb4 sp=0xb65a3a40
Event: 6.472 Thread 0xb6407c00 DEOPT UNPACKING pc=0xb33f9bc8 sp=0xb65a3a0c mode 2
Event: 6.472 Thread 0xb6407c00 Uncommon trap: trap_request=0xffffffde fr.pc=0xb3556fb4
Event: 6.472 Thread 0xb6407c00 DEOPT PACKING pc=0xb3556fb4 sp=0xb65a3a40
Event: 6.472 Thread 0xb6407c00 DEOPT UNPACKING pc=0xb33f9bc8 sp=0xb65a3a0c mode 2
Event: 6.717 Thread 0x67f27800 flushing nmethod 0xb3465fc8
Event: 6.717 Thread 0x67f27800 flushing nmethod 0xb347d508
Event: 6.732 Thread 0x67f27800 flushing nmethod 0xb34a4bc8
Event: 6.732 Thread 0x67f27800 flushing nmethod 0xb34a9c08
Event: 6.823 Executing VM operation: ParallelGCFailedAllocation


Dynamic libraries:
08048000-08049000 r-xp 00000000 08:05 4983886    /usr/lib/jvm/java-7-openjdk-i386/jre/bin/java
08049000-0804a000 r--p 00000000 08:05 4983886    /usr/lib/jvm/java-7-openjdk-i386/jre/bin/java
0804a000-0804b000 rw-p 00001000 08:05 4983886    /usr/lib/jvm/java-7-openjdk-i386/jre/bin/java
09c06000-0a155000 rw-p 00000000 00:00 0          [heap]
66c00000-66cc5000 rw-p 00000000 00:00 0 
66cc5000-66d00000 ---p 00000000 00:00 0 
66e00000-66efe000 rw-p 00000000 00:00 0 
66efe000-66f00000 ---p 00000000 00:00 0 
67000000-670fe000 rw-p 00000000 00:00 0 
670fe000-67100000 ---p 00000000 00:00 0 
67200000-672f1000 rw-p 00000000 00:00 0 
672f1000-67300000 ---p 00000000 00:00 0 
67300000-673e4000 rw-p 00000000 00:00 0 
673e4000-67400000 ---p 00000000 00:00 0 
67400000-674fd000 rw-p 00000000 00:00 0 
674fd000-67500000 ---p 00000000 00:00 0 
67500000-675fe000 rw-p 00000000 00:00 0 
675fe000-67600000 ---p 00000000 00:00 0 
67600000-67642000 rw-p 00000000 00:00 0 
67642000-67700000 ---p 00000000 00:00 0 
6776a000-677a4000 r-xp 00000000 08:05 3802088    /lib/i386-linux-gnu/libpcre.so.3.12.1
677a4000-677a5000 r--p 00039000 08:05 3802088    /lib/i386-linux-gnu/libpcre.so.3.12.1
677a5000-677a6000 rw-p 0003a000 08:05 3802088    /lib/i386-linux-gnu/libpcre.so.3.12.1
677a6000-677b9000 r-xp 00000000 08:05 3802099    /lib/i386-linux-gnu/libresolv-2.15.so
677b9000-677ba000 ---p 00013000 08:05 3802099    /lib/i386-linux-gnu/libresolv-2.15.so
677ba000-677bb000 r--p 00013000 08:05 3802099    /lib/i386-linux-gnu/libresolv-2.15.so
677bb000-677bc000 rw-p 00014000 08:05 3802099    /lib/i386-linux-gnu/libresolv-2.15.so
677bc000-677be000 rw-p 00000000 00:00 0 
677be000-677db000 r-xp 00000000 08:05 3802103    /lib/i386-linux-gnu/libselinux.so.1
677db000-677dc000 r--p 0001c000 08:05 3802103    /lib/i386-linux-gnu/libselinux.so.1
677dc000-677dd000 rw-p 0001d000 08:05 3802103    /lib/i386-linux-gnu/libselinux.so.1
677dd000-678d4000 r-xp 00000000 08:05 3802040    /lib/i386-linux-gnu/libglib-2.0.so.0.3200.3
678d4000-678d5000 r--p 000f6000 08:05 3802040    /lib/i386-linux-gnu/libglib-2.0.so.0.3200.3
678d5000-678d6000 rw-p 000f7000 08:05 3802040    /lib/i386-linux-gnu/libglib-2.0.so.0.3200.3
678d6000-67923000 r-xp 00000000 08:05 4985532    /usr/lib/i386-linux-gnu/libgobject-2.0.so.0.3200.3
67923000-67924000 r--p 0004c000 08:05 4985532    /usr/lib/i386-linux-gnu/libgobject-2.0.so.0.3200.3
67924000-67925000 rw-p 0004d000 08:05 4985532    /usr/lib/i386-linux-gnu/libgobject-2.0.so.0.3200.3
67925000-67a78000 r-xp 00000000 08:05 4985508    /usr/lib/i386-linux-gnu/libgio-2.0.so.0.3200.3
67a78000-67a7a000 r--p 00153000 08:05 4985508    /usr/lib/i386-linux-gnu/libgio-2.0.so.0.3200.3
67a7a000-67a7b000 rw-p 00155000 08:05 4985508    /usr/lib/i386-linux-gnu/libgio-2.0.so.0.3200.3
67a7b000-67a7c000 rw-p 00000000 00:00 0 
67a8e000-67aa5000 r-xp 00000000 08:05 4989135    /usr/lib/jvm/java-7-openjdk-i386/jre/lib/i386/libnet.so
67aa5000-67aa6000 r--p 00016000 08:05 4989135    /usr/lib/jvm/java-7-openjdk-i386/jre/lib/i386/libnet.so
67aa6000-67aa7000 rw-p 00017000 08:05 4989135    /usr/lib/jvm/java-7-openjdk-i386/jre/lib/i386/libnet.so
67aa7000-67ab8000 r-xp 00000000 08:05 4989121    /usr/lib/jvm/java-7-openjdk-i386/jre/lib/i386/libnio.so
67ab8000-67ab9000 r--p 00010000 08:05 4989121    /usr/lib/jvm/java-7-openjdk-i386/jre/lib/i386/libnio.so
67ab9000-67aba000 rw-p 00011000 08:05 4989121    /usr/lib/jvm/java-7-openjdk-i386/jre/lib/i386/libnio.so
67aba000-67acc000 r--s 000c6000 08:06 4459164    /home/ankit/Traafik latest/TraafikAppLatest/app/build/intermediates/exploded-aar/com.android.support/support-v4/22.2.0/jars/classes.jar
67acc000-67adb000 r--s 000dd000 08:06 21369266   /home/ankit/Ankitt Data/ECLIPSE/sdk/build-tools/22.0.1/lib/dx.jar
67adb000-67adc000 ---p 00000000 00:00 0 
67adc000-67b5c000 rw-p 00000000 00:00 0 
67b5c000-67b5f000 ---p 00000000 00:00 0 
67b5f000-67bad000 rw-p 00000000 00:00 0 
67bad000-67bb0000 ---p 00000000 00:00 0 
67bb0000-67c2e000 rw-p 00000000 00:00 0 
67c2e000-67c31000 ---p 00000000 00:00 0 
67c31000-67caf000 rw-p 00000000 00:00 0 
67caf000-67cb2000 ---p 00000000 00:00 0 
67cb2000-67d00000 rw-p 00000000 00:00 0 
67d00000-67f00000 r--p 00000000 08:05 4988066    /usr/lib/locale/locale-archive
67f00000-68000000 rw-p 00000000 00:00 0 
68005000-68006000 ---p 00000000 00:00 0 
68006000-680cf000 rw-p 00000000 00:00 0 
680cf000-68280000 r--s 01d23000 08:05 4989042    /usr/lib/jvm/java-7-openjdk-i386/jre/lib/rt.jar
68280000-6ab00000 rw-p 00000000 00:00 0 
6ab00000-6abf7000 rw-p 00000000 00:00 0 
6abf7000-6ac00000 ---p 00000000 00:00 0 
6ac03000-6ac06000 ---p 00000000 00:00 0 
6ac06000-6ac54000 rw-p 00000000 00:00 0 
6ac54000-6ac57000 ---p 00000000 00:00 0 
6ac57000-6ad00000 rw-p 00000000 00:00 0 
6ad00000-6ad21000 rw-p 00000000 00:00 0 
6ad21000-6ae00000 ---p 00000000 00:00 0 
6ae00000-6ae05000 r-xp 00000000 08:05 4985471    /usr/lib/i386-linux-gnu/libffi.so.6.0.0
6ae05000-6ae06000 r--p 00004000 08:05 4985471    /usr/lib/i386-linux-gnu/libffi.so.6.0.0
6ae06000-6ae07000 rw-p 00005000 08:05 4985471    /usr/lib/i386-linux-gnu/libffi.so.6.0.0
6ae07000-6ae0a000 r-xp 00000000 08:05 4985518    /usr/lib/i386-linux-gnu/libgmodule-2.0.so.0.3200.3
6ae0a000-6ae0b000 r--p 00002000 08:05 4985518    /usr/lib/i386-linux-gnu/libgmodule-2.0.so.0.3200.3
6ae0b000-6ae0c000 rw-p 00003000 08:05 4985518    /usr/lib/i386-linux-gnu/libgmodule-2.0.so.0.3200.3
6ae0c000-6ae27000 rw-p 00000000 00:00 0 
6ae27000-6ae28000 ---p 00000000 00:00 0 
6ae28000-6aea8000 rw-p 00000000 00:00 0 
6aea8000-6aea9000 ---p 00000000 00:00 0 
6aea9000-6af31000 rw-p 00000000 00:00 0 
6af31000-6af69000 rw-p 00000000 00:00 0 
6af69000-6af7e000 rw-p 00000000 00:00 0 
6af7e000-6b0bf000 rw-p 00000000 00:00 0 
6b0bf000-6b0c7000 rw-p 00000000 00:00 0 
6b0c7000-6b0ff000 rw-p 00000000 00:00 0 
6b0ff000-6b114000 rw-p 00000000 00:00 0 
6b114000-6b254000 rw-p 00000000 00:00 0 
6b254000-6b269000 rw-p 00000000 00:00 0 
6b269000-6b2ff000 rw-p 00000000 00:00 0 
6b2ff000-6c300000 rw-p 00000000 00:00 0 
6c300000-73300000 rw-p 00000000 00:00 0 
73300000-75bc0000 rw-p 00000000 00:00 0 
75bc0000-9dd80000 rw-p 00000000 00:00 0 
9dd80000-a0700000 rw-p 00000000 00:00 0 
a2b80000-b3300000 rw-p 00000000 00:00 0 
b3303000-b3304000 r--s 00007000 08:05 5246941    /usr/share/java/java-atk-wrapper.jar
b3304000-b3307000 r--s 0000f000 08:05 4989079    /usr/lib/jvm/java-7-openjdk-i386/jre/lib/ext/icedtea-sound.jar
b3307000-b3309000 r--s 00012000 08:05 4989084    /usr/lib/jvm/java-7-openjdk-i386/jre/lib/ext/zipfs.jar
b3309000-b330d000 r--s 00034000 08:05 4989083    /usr/lib/jvm/java-7-openjdk-i386/jre/lib/ext/sunjce_provider.jar
b330d000-b3316000 rw-p 00000000 00:00 0 
b3316000-b33cd000 rw-p 00000000 00:00 0 
b33cd000-b360d000 rwxp 00000000 00:00 0 
b360d000-b63cd000 rw-p 00000000 00:00 0 
b63cd000-b63d8000 r-xp 00000000 08:05 3802066    /lib/i386-linux-gnu/libnss_files-2.15.so
b63d8000-b63d9000 r--p 0000a000 08:05 3802066    /lib/i386-linux-gnu/libnss_files-2.15.so
b63d9000-b63da000 rw-p 0000b000 08:05 3802066    /lib/i386-linux-gnu/libnss_files-2.15.so
b63da000-b63e4000 r-xp 00000000 08:05 3802070    /lib/i386-linux-gnu/libnss_nis-2.15.so
b63e4000-b63e5000 r--p 00009000 08:05 3802070    /lib/i386-linux-gnu/libnss_nis-2.15.so
b63e5000-b63e6000 rw-p 0000a000 08:05 3802070    /lib/i386-linux-gnu/libnss_nis-2.15.so
b63e6000-b63fc000 r-xp 00000000 08:05 3802060    /lib/i386-linux-gnu/libnsl-2.15.so
b63fc000-b63fd000 r--p 00015000 08:05 3802060    /lib/i386-linux-gnu/libnsl-2.15.so
b63fd000-b63fe000 rw-p 00016000 08:05 3802060    /lib/i386-linux-gnu/libnsl-2.15.so
b63fe000-b6400000 rw-p 00000000 00:00 0 
b6400000-b64fd000 rw-p 00000000 00:00 0 
b64fd000-b6500000 ---p 00000000 00:00 0 
b6500000-b6504000 r--s 0003c000 08:05 4989081    /usr/lib/jvm/java-7-openjdk-i386/jre/lib/ext/sunpkcs11.jar
b6504000-b6507000 r--s 00086000 08:05 4989082    /usr/lib/jvm/java-7-openjdk-i386/jre/lib/ext/localedata.jar
b6507000-b650e000 r-xp 00000000 08:05 3802062    /lib/i386-linux-gnu/libnss_compat-2.15.so
b650e000-b650f000 r--p 00006000 08:05 3802062    /lib/i386-linux-gnu/libnss_compat-2.15.so
b650f000-b6510000 rw-p 00007000 08:05 3802062    /lib/i386-linux-gnu/libnss_compat-2.15.so
b6510000-b6518000 r-xp 00000000 08:05 4989114    /usr/lib/jvm/java-7-openjdk-i386/jre/lib/i386/libzip.so
b6518000-b6519000 r--p 00007000 08:05 4989114    /usr/lib/jvm/java-7-openjdk-i386/jre/lib/i386/libzip.so
b6519000-b651a000 rw-p 00008000 08:05 4989114    /usr/lib/jvm/java-7-openjdk-i386/jre/lib/i386/libzip.so
b651a000-b6522000 rw-s 00000000 08:05 145564     /tmp/hsperfdata_ankit/22319
b6522000-b6549000 r-xp 00000000 08:05 4989134    /usr/lib/jvm/java-7-openjdk-i386/jre/lib/i386/libjava.so
b6549000-b654a000 r--p 00026000 08:05 4989134    /usr/lib/jvm/java-7-openjdk-i386/jre/lib/i386/libjava.so
b654a000-b654b000 rw-p 00027000 08:05 4989134    /usr/lib/jvm/java-7-openjdk-i386/jre/lib/i386/libjava.so
b654b000-b6552000 r-xp 00000000 08:05 3802101    /lib/i386-linux-gnu/librt-2.15.so
b6552000-b6553000 r--p 00006000 08:05 3802101    /lib/i386-linux-gnu/librt-2.15.so
b6553000-b6554000 rw-p 00007000 08:05 3802101    /lib/i386-linux-gnu/librt-2.15.so
b6554000-b6557000 ---p 00000000 00:00 0 
b6557000-b65a5000 rw-p 00000000 00:00 0 
b65a5000-b65c1000 r-xp 00000000 08:05 3802036    /lib/i386-linux-gnu/libgcc_s.so.1
b65c1000-b65c2000 r--p 0001b000 08:05 3802036    /lib/i386-linux-gnu/libgcc_s.so.1
b65c2000-b65c3000 rw-p 0001c000 08:05 3802036    /lib/i386-linux-gnu/libgcc_s.so.1
b65c3000-b65ed000 r-xp 00000000 08:05 3802047    /lib/i386-linux-gnu/libm-2.15.so
b65ed000-b65ee000 r--p 00029000 08:05 3802047    /lib/i386-linux-gnu/libm-2.15.so
b65ee000-b65ef000 rw-p 0002a000 08:05 3802047    /lib/i386-linux-gnu/libm-2.15.so
b65ef000-b66c7000 r-xp 00000000 08:05 4985813    /usr/lib/i386-linux-gnu/libstdc++.so.6.0.16
b66c7000-b66c8000 ---p 000d8000 08:05 4985813    /usr/lib/i386-linux-gnu/libstdc++.so.6.0.16
b66c8000-b66cc000 r--p 000d8000 08:05 4985813    /usr/lib/i386-linux-gnu/libstdc++.so.6.0.16
b66cc000-b66cd000 rw-p 000dc000 08:05 4985813    /usr/lib/i386-linux-gnu/libstdc++.so.6.0.16
b66cd000-b66d4000 rw-p 00000000 00:00 0 
b66d4000-b7096000 r-xp 00000000 08:05 4989140    /usr/lib/jvm/java-7-openjdk-i386/jre/lib/i386/server/libjvm.so
b7096000-b70eb000 r--p 009c2000 08:05 4989140    /usr/lib/jvm/java-7-openjdk-i386/jre/lib/i386/server/libjvm.so
b70eb000-b70ff000 rw-p 00a17000 08:05 4989140    /usr/lib/jvm/java-7-openjdk-i386/jre/lib/i386/server/libjvm.so
b70ff000-b751d000 rw-p 00000000 00:00 0 
b751d000-b7531000 r-xp 00000000 08:05 3802126    /lib/i386-linux-gnu/libz.so.1.2.3.4
b7531000-b7532000 r--p 00013000 08:05 3802126    /lib/i386-linux-gnu/libz.so.1.2.3.4
b7532000-b7533000 rw-p 00014000 08:05 3802126    /lib/i386-linux-gnu/libz.so.1.2.3.4
b7533000-b754a000 r-xp 00000000 08:05 3802095    /lib/i386-linux-gnu/libpthread-2.15.so
b754a000-b754b000 r--p 00016000 08:05 3802095    /lib/i386-linux-gnu/libpthread-2.15.so
b754b000-b754c000 rw-p 00017000 08:05 3802095    /lib/i386-linux-gnu/libpthread-2.15.so
b754c000-b754e000 rw-p 00000000 00:00 0 
b754e000-b7551000 r-xp 00000000 08:05 3802028    /lib/i386-linux-gnu/libdl-2.15.so
b7551000-b7552000 r--p 00002000 08:05 3802028    /lib/i386-linux-gnu/libdl-2.15.so
b7552000-b7553000 rw-p 00003000 08:05 3802028    /lib/i386-linux-gnu/libdl-2.15.so
b7553000-b76f2000 r-xp 00000000 08:05 3802015    /lib/i386-linux-gnu/libc-2.15.so
b76f2000-b76f4000 r--p 0019f000 08:05 3802015    /lib/i386-linux-gnu/libc-2.15.so
b76f4000-b76f5000 rw-p 001a1000 08:05 3802015    /lib/i386-linux-gnu/libc-2.15.so
b76f5000-b76f8000 rw-p 00000000 00:00 0 
b76f8000-b76f9000 r--s 00002000 08:05 4989080    /usr/lib/jvm/java-7-openjdk-i386/jre/lib/ext/dnsns.jar
b76f9000-b76fa000 r--p 005db000 08:05 4988066    /usr/lib/locale/locale-archive
b76fa000-b76fb000 rw-p 00000000 00:00 0 
b76fb000-b76fc000 ---p 00000000 00:00 0 
b76fc000-b7708000 r-xp 00000000 08:05 4989131    /usr/lib/jvm/java-7-openjdk-i386/jre/lib/i386/libverify.so
b7708000-b7709000 r--p 0000b000 08:05 4989131    /usr/lib/jvm/java-7-openjdk-i386/jre/lib/i386/libverify.so
b7709000-b770a000 rw-p 0000c000 08:05 4989131    /usr/lib/jvm/java-7-openjdk-i386/jre/lib/i386/libverify.so
b770a000-b7717000 r-xp 00000000 08:05 4989106    /usr/lib/jvm/java-7-openjdk-i386/jre/lib/i386/jli/libjli.so
b7717000-b7718000 r--p 0000c000 08:05 4989106    /usr/lib/jvm/java-7-openjdk-i386/jre/lib/i386/jli/libjli.so
b7718000-b7719000 rw-p 0000d000 08:05 4989106    /usr/lib/jvm/java-7-openjdk-i386/jre/lib/i386/jli/libjli.so
b7719000-b771c000 rw-p 00000000 00:00 0 
b771c000-b771d000 r-xp 00000000 00:00 0          [vdso]
b771d000-b773d000 r-xp 00000000 08:05 3801995    /lib/i386-linux-gnu/ld-2.15.so
b773d000-b773e000 r--p 0001f000 08:05 3801995    /lib/i386-linux-gnu/ld-2.15.so
b773e000-b773f000 rw-p 00020000 08:05 3801995    /lib/i386-linux-gnu/ld-2.15.so
bff86000-bff87000 rwxp 00000000 00:00 0 
bffb9000-bffda000 rw-p 00000000 00:00 0          [stack]

VM Arguments:
jvm_args: -Xmx1024M -Dfile.encoding=UTF-8 -Duser.country=IN -Duser.language=en -Duser.variant 
java_command: com.android.dx.command.Main --dex --output /home/ankit/Traafik latest/TraafikAppLatest/app/build/intermediates/pre-dexed/debug/classes-2bba629e0bef0632f4eeb364fe3fdb145c429817.jar /home/ankit/Traafik latest/TraafikAppLatest/app/build/intermediates/exploded-aar/com.android.support/support-v4/22.2.0/jars/classes.jar
Launcher Type: SUN_STANDARD

Environment Variables:
PATH=/usr/lib/lightdm/lightdm:/usr/local/sbin:/usr/local/bin:/usr/sbin:/usr/bin:/sbin:/bin:/usr/games
LD_LIBRARY_PATH=/home/ankit/Android studio/android-studio/bin:
SHELL=/bin/bash
DISPLAY=:0.0

Signal Handlers:
SIGSEGV: [libjvm.so+0x80b550], sa_mask[0]=0x7ffbfeff, sa_flags=0x10000004
SIGBUS: [libjvm.so+0x80b550], sa_mask[0]=0x7ffbfeff, sa_flags=0x10000004
SIGFPE: [libjvm.so+0x6753e0], sa_mask[0]=0x7ffbfeff, sa_flags=0x10000004
SIGPIPE: [libjvm.so+0x6753e0], sa_mask[0]=0x7ffbfeff, sa_flags=0x10000004
SIGXFSZ: [libjvm.so+0x6753e0], sa_mask[0]=0x7ffbfeff, sa_flags=0x10000004
SIGILL: [libjvm.so+0x6753e0], sa_mask[0]=0x7ffbfeff, sa_flags=0x10000004
SIGUSR1: SIG_DFL, sa_mask[0]=0x00000000, sa_flags=0x00000000
SIGUSR2: [libjvm.so+0x675690], sa_mask[0]=0x00000004, sa_flags=0x10000004
SIGHUP: [libjvm.so+0x675850], sa_mask[0]=0x7ffbfeff, sa_flags=0x10000004
SIGINT: [libjvm.so+0x675850], sa_mask[0]=0x7ffbfeff, sa_flags=0x10000004
SIGTERM: [libjvm.so+0x675850], sa_mask[0]=0x7ffbfeff, sa_flags=0x10000004
SIGQUIT: [libjvm.so+0x675850], sa_mask[0]=0x7ffbfeff, sa_flags=0x10000004
SIGTRAP: SIG_DFL, sa_mask[0]=0x00000000, sa_flags=0x00000000


---------------  S Y S T E M  ---------------

OS:Ubuntu 12.04 (precise)
uname:Linux 3.2.0-29-generic-pae #46-Ubuntu SMP Fri Jul 27 17:25:43 UTC 2012 i686
libc:glibc 2.15 NPTL 2.15 
rlimit: STACK 8192k, CORE 0k, NPROC 31169, NOFILE 4096, AS infinity
load average:4.64 2.43 1.24

/proc/meminfo:
MemTotal:        4004304 kB
MemFree:          189556 kB
Buffers:            6044 kB
Cached:           519772 kB
SwapCached:            0 kB
Active:          3443300 kB
Inactive:         293972 kB
Active(anon):    3410796 kB
Inactive(anon):   242128 kB
Active(file):      32504 kB
Inactive(file):    51844 kB
Unevictable:          32 kB
Mlocked:              32 kB
HighTotal:       3159312 kB
HighFree:          20760 kB
LowTotal:         844992 kB
LowFree:          168796 kB
SwapTotal:             0 kB
SwapFree:              0 kB
Dirty:              2084 kB
Writeback:             0 kB
AnonPages:       3211644 kB
Mapped:            62128 kB
Shmem:            441300 kB
Slab:              38720 kB
SReclaimable:      18492 kB
SUnreclaim:        20228 kB
KernelStack:        4632 kB
PageTables:        17768 kB
NFS_Unstable:          0 kB
Bounce:                0 kB
WritebackTmp:          0 kB
CommitLimit:     2002152 kB
Committed_AS:    7126672 kB
VmallocTotal:     122880 kB
VmallocUsed:       15040 kB
VmallocChunk:     103908 kB
HardwareCorrupted:     0 kB
AnonHugePages:         0 kB
HugePages_Total:       0
HugePages_Free:        0
HugePages_Rsvd:        0
HugePages_Surp:        0
Hugepagesize:       2048 kB
DirectMap4k:       10232 kB
DirectMap2M:      903168 kB


CPU:total 2 (2 cores per cpu, 1 threads per core) family 6 model 58 stepping 9, cmov, cx8, fxsr, mmx, sse, sse2, sse3, ssse3, sse4.1, sse4.2, popcnt, erms, tsc, tscinvbit, tscinv

/proc/cpuinfo:
processor	: 0
vendor_id	: GenuineIntel
cpu family	: 6
model		: 58
model name	: Intel(R) Pentium(R) CPU G2030 @ 3.00GHz
stepping	: 9
microcode	: 0x17
cpu MHz		: 3000.000
cache size	: 3072 KB
physical id	: 0
siblings	: 2
core id		: 0
cpu cores	: 2
apicid		: 0
initial apicid	: 0
fdiv_bug	: no
hlt_bug		: no
f00f_bug	: no
coma_bug	: no
fpu		: yes
fpu_exception	: yes
cpuid level	: 13
wp		: yes
flags		: fpu vme de pse tsc msr pae mce cx8 apic sep mtrr pge mca cmov pat pse36 clflush dts acpi mmx fxsr sse sse2 ss ht tm pbe nx rdtscp lm constant_tsc arch_perfmon pebs bts xtopology nonstop_tsc aperfmperf pni pclmulqdq dtes64 monitor ds_cpl vmx est tm2 ssse3 cx16 xtpr pdcm pcid sse4_1 sse4_2 popcnt tsc_deadline_timer xsave lahf_lm arat epb xsaveopt pln pts dtherm tpr_shadow vnmi flexpriority ept vpid fsgsbase smep erms
bogomips	: 5986.59
clflush size	: 64
cache_alignment	: 64
address sizes	: 36 bits physical, 48 bits virtual
power management:

processor	: 1
vendor_id	: GenuineIntel
cpu family	: 6
model		: 58
model name	: Intel(R) Pentium(R) CPU G2030 @ 3.00GHz
stepping	: 9
microcode	: 0x17
cpu MHz		: 3000.000
cache size	: 3072 KB
physical id	: 0
siblings	: 2
core id		: 1
cpu cores	: 2
apicid		: 2
initial apicid	: 2
fdiv_bug	: no
hlt_bug		: no
f00f_bug	: no
coma_bug	: no
fpu		: yes
fpu_exception	: yes
cpuid level	: 13
wp		: yes
flags		: fpu vme de pse tsc msr pae mce cx8 apic sep mtrr pge mca cmov pat pse36 clflush dts acpi mmx fxsr sse sse2 ss ht tm pbe nx rdtscp lm constant_tsc arch_perfmon pebs bts xtopology nonstop_tsc aperfmperf pni pclmulqdq dtes64 monitor ds_cpl vmx est tm2 ssse3 cx16 xtpr pdcm pcid sse4_1 sse4_2 popcnt tsc_deadline_timer xsave lahf_lm arat epb xsaveopt pln pts dtherm tpr_shadow vnmi flexpriority ept vpid fsgsbase smep erms
bogomips	: 5986.36
clflush size	: 64
cache_alignment	: 64
address sizes	: 36 bits physical, 48 bits virtual
power management:



Memory: 4k page, physical 4004304k(189556k free), swap 0k(0k free)

vm_info: OpenJDK Server VM (24.75-b04) for linux-x86 JRE (1.7.0_75-b13), built on Jan 27 2015 16:24:35 by "buildd" with gcc 4.6.3

time: Wed Jul 15 17:44:21 2015
elapsed time: 6 seconds

