#
# There is insufficient memory for the Java Runtime Environment to continue.
# Native memory allocation (malloc) failed to allocate 81788928 bytes for committing reserved memory.
# Possible reasons:
#   The system is out of physical RAM or swap space
#   In 32 bit mode, the process size limit was hit
# Possible solutions:
#   Reduce memory load on the system
#   Increase physical memory or swap space
#   Check if swap backing store is full
#   Use 64 bit Java on a 64 bit OS
#   Decrease Java heap size (-Xmx/-Xms)
#   Decrease number of Java threads
#   Decrease Java thread stack sizes (-Xss)
#   Set larger code cache with -XX:ReservedCodeCacheSize=
# This output file may be truncated or incomplete.
#
#  Out of Memory Error (os_linux.cpp:2798), pid=18088, tid=1745378112
#
# JRE version: OpenJDK Runtime Environment (7.0_75-b13) (build 1.7.0_75-b13)
# Java VM: OpenJDK Server VM (24.75-b04 mixed mode linux-x86 )
# Derivative: IcedTea 2.5.4
# Distribution: Ubuntu 12.04 LTS, package 7u75-2.5.4-1~precise1
# Failed to write core dump. Core dumps have been disabled. To enable core dumping, try "ulimit -c unlimited" before starting Java again
#

---------------  T H R E A D  ---------------

Current thread (0x6ac10400):  VMThread [stack: 0x68005000,0x68086000] [id=18095]

Stack: [0x68005000,0x68086000]
[error occurred during error reporting (printing stack bounds), id 0xb]

VM_Operation (0xb65edb60): ParallelGCFailedAllocation, mode: safepoint, requested by thread 0xb6407c00


---------------  P R O C E S S  ---------------

Java Threads: ( => current thread )
  0x6ac2c400 JavaThread "Service Thread" daemon [_thread_blocked, id=18101, stack(0x67bbf000,0x67c10000)]
  0x6ac2a800 JavaThread "C2 CompilerThread1" daemon [_thread_blocked, id=18100, stack(0x67c10000,0x67c91000)]
  0x6ac28800 JavaThread "C2 CompilerThread0" daemon [_thread_blocked, id=18099, stack(0x67c91000,0x67d12000)]
  0x6ac26c00 JavaThread "Signal Dispatcher" daemon [_thread_blocked, id=18098, stack(0x67d12000,0x67d63000)]
  0x6ac14400 JavaThread "Finalizer" daemon [_thread_blocked, id=18097, stack(0x67f63000,0x67fb4000)]
  0x6ac12800 JavaThread "Reference Handler" daemon [_thread_blocked, id=18096, stack(0x67fb4000,0x68005000)]
  0xb6407c00 JavaThread "main" [_thread_blocked, id=18090, stack(0xb659e000,0xb65ef000)]

Other Threads:
=>0x6ac10400 VMThread [stack: 0x68005000,0x68086000] [id=18095]
  0x6ac2e000 WatcherThread [stack: 0x67b3e000,0x67bbf000] [id=18102]

VM state:at safepoint (normal execution)

VM Mutex/Monitor currently owned by a thread:  ([mutex/lock_event])
[0xb6405248] Threads_lock - owner thread: 0x6ac10400
[0xb6405658] Heap_lock - owner thread: 0xb6407c00

Heap
 PSYoungGen      total 138240K, used 17403K [0x9ddc0000, 0xa79c0000, 0xb3340000)
  eden space 120832K, 0% used [0x9ddc0000,0x9ddc0000,0xa53c0000)
  from space 17408K, 99% used [0xa53c0000,0xa64bedc0,0xa64c0000)
  to   space 13312K, 0% used [0xa64c0000,0xa64c0000,0xa71c0000)
 ParOldGen       total 41728K, used 33944K [0x73340000, 0x75c00000, 0x9ddc0000)
  object space 41728K, 81% used [0x73340000,0x754663e8,0x75c00000)
 PSPermGen       total 16384K, used 4174K [0x6b340000, 0x6c340000, 0x73340000)
  object space 16384K, 25% used [0x6b340000,0x6b7539b0,0x6c340000)

Card table byte_map: [0x6b0ff000,0x6b340000] byte_map_base: 0x6ada5600

Polling page: 0xb7745000

Code Cache  [0xb3400000, 0xb3670000, 0xb6400000)
 total_blobs=901 nmethods=782 adapters=73 free_code_cache=46693Kb largest_free_block=47777728

Compilation events (10 events):
Event: 8.603 Thread 0x6ac28800 nmethod 797 0xb3596c08 code [0xb3596d20, 0xb3597030]
Event: 8.604 Thread 0x6ac2a800  798             com.android.dx.dex.code.InsnFormat::unsignedFitsInByte (15 bytes)
Event: 8.604 Thread 0x6ac2a800 nmethod 798 0xb3596a88 code [0xb3596b60, 0xb3596bb0]
Event: 8.636 Thread 0x6ac28800  799             com.android.dx.dex.code.OutputFinisher::reserveRegisters (119 bytes)
Event: 8.662 Thread 0x6ac2a800  800             com.android.dx.dex.code.form.Form35c::codeSize (2 bytes)
Event: 8.662 Thread 0x6ac2a800 nmethod 800 0xb3596908 code [0xb35969e0, 0xb3596a30]
Event: 8.662 Thread 0x6ac2a800  801             com.android.dx.dex.code.form.Form35c::isCompatible (72 bytes)
Event: 8.666 Thread 0x6ac2a800 nmethod 801 0xb3596088 code [0xb35961c0, 0xb3596470]
Event: 8.666 Thread 0x6ac2a800  802             com.android.dx.ssa.RegisterMapper::map (73 bytes)
Event: 8.670 Thread 0x6ac28800 nmethod 799 0xb366bb88 code [0xb366be60, 0xb366cda0]

GC Heap History (10 events):
Event: 3.075 GC heap after
Heap after GC invocations=4 (full 0):
 PSYoungGen      total 34304K, used 2550K [0x9ddc0000, 0xa01c0000, 0xb3340000)
  eden space 31744K, 0% used [0x9ddc0000,0x9ddc0000,0x9fcc0000)
  from space 2560K, 99% used [0x9ff40000,0xa01bdab8,0xa01c0000)
  to   space 2560K, 0% used [0x9fcc0000,0x9fcc0000,0x9ff40000)
 ParOldGen       total 41728K, used 9122K [0x73340000, 0x75c00000, 0x9ddc0000)
  object space 41728K, 21% used [0x73340000,0x73c289b0,0x75c00000)
 PSPermGen       total 16384K, used 3942K [0x6b340000, 0x6c340000, 0x73340000)
  object space 16384K, 24% used [0x6b340000,0x6b719a90,0x6c340000)
}
Event: 4.115 GC heap before
{Heap before GC invocations=5 (full 0):
 PSYoungGen      total 34304K, used 34294K [0x9ddc0000, 0xa01c0000, 0xb3340000)
  eden space 31744K, 100% used [0x9ddc0000,0x9fcc0000,0x9fcc0000)
  from space 2560K, 99% used [0x9ff40000,0xa01bdab8,0xa01c0000)
  to   space 2560K, 0% used [0x9fcc0000,0x9fcc0000,0x9ff40000)
 ParOldGen       total 41728K, used 9122K [0x73340000, 0x75c00000, 0x9ddc0000)
  object space 41728K, 21% used [0x73340000,0x73c289b0,0x75c00000)
 PSPermGen       total 16384K, used 3959K [0x6b340000, 0x6c340000, 0x73340000)
  object space 16384K, 24% used [0x6b340000,0x6b71dea8,0x6c340000)
Event: 4.143 GC heap after
Heap after GC invocations=5 (full 0):
 PSYoungGen      total 34304K, used 2546K [0x9ddc0000, 0xa2a40000, 0xb3340000)
  eden space 31744K, 0% used [0x9ddc0000,0x9ddc0000,0x9fcc0000)
  from space 2560K, 99% used [0x9fcc0000,0x9ff3c8f0,0x9ff40000)
  to   space 7424K, 0% used [0xa2300000,0xa2300000,0xa2a40000)
 ParOldGen       total 41728K, used 13878K [0x73340000, 0x75c00000, 0x9ddc0000)
  object space 41728K, 33% used [0x73340000,0x740cd9a8,0x75c00000)
 PSPermGen       total 16384K, used 3959K [0x6b340000, 0x6c340000, 0x73340000)
  object space 16384K, 24% used [0x6b340000,0x6b71dea8,0x6c340000)
}
Event: 5.013 GC heap before
{Heap before GC invocations=6 (full 0):
 PSYoungGen      total 34304K, used 34290K [0x9ddc0000, 0xa2a40000, 0xb3340000)
  eden space 31744K, 100% used [0x9ddc0000,0x9fcc0000,0x9fcc0000)
  from space 2560K, 99% used [0x9fcc0000,0x9ff3c8f0,0x9ff40000)
  to   space 7424K, 0% used [0xa2300000,0xa2300000,0xa2a40000)
 ParOldGen       total 41728K, used 13878K [0x73340000, 0x75c00000, 0x9ddc0000)
  object space 41728K, 33% used [0x73340000,0x740cd9a8,0x75c00000)
 PSPermGen       total 16384K, used 3971K [0x6b340000, 0x6c340000, 0x73340000)
  object space 16384K, 24% used [0x6b340000,0x6b720e88,0x6c340000)
Event: 5.066 GC heap after
Heap after GC invocations=6 (full 0):
 PSYoungGen      total 69888K, used 7416K [0x9ddc0000, 0xa2c40000, 0xb3340000)
  eden space 62464K, 0% used [0x9ddc0000,0x9ddc0000,0xa1ac0000)
  from space 7424K, 99% used [0xa2300000,0xa2a3e290,0xa2a40000)
  to   space 8448K, 0% used [0xa1ac0000,0xa1ac0000,0xa2300000)
 ParOldGen       total 41728K, used 13935K [0x73340000, 0x75c00000, 0x9ddc0000)
  object space 41728K, 33% used [0x73340000,0x740dbf40,0x75c00000)
 PSPermGen       total 16384K, used 3971K [0x6b340000, 0x6c340000, 0x73340000)
  object space 16384K, 24% used [0x6b340000,0x6b720e88,0x6c340000)
}
Event: 6.345 GC heap before
{Heap before GC invocations=7 (full 0):
 PSYoungGen      total 69888K, used 69880K [0x9ddc0000, 0xa2c40000, 0xb3340000)
  eden space 62464K, 100% used [0x9ddc0000,0xa1ac0000,0xa1ac0000)
  from space 7424K, 99% used [0xa2300000,0xa2a3e290,0xa2a40000)
  to   space 8448K, 0% used [0xa1ac0000,0xa1ac0000,0xa2300000)
 ParOldGen       total 41728K, used 13935K [0x73340000, 0x75c00000, 0x9ddc0000)
  object space 41728K, 33% used [0x73340000,0x740dbf40,0x75c00000)
 PSPermGen       total 16384K, used 3997K [0x6b340000, 0x6c340000, 0x73340000)
  object space 16384K, 24% used [0x6b340000,0x6b727698,0x6c340000)
Event: 6.414 GC heap after
Heap after GC invocations=7 (full 0):
 PSYoungGen      total 70912K, used 8432K [0x9ddc0000, 0xa71c0000, 0xb3340000)
  eden space 62464K, 0% used [0x9ddc0000,0x9ddc0000,0xa1ac0000)
  from space 8448K, 99% used [0xa1ac0000,0xa22fc288,0xa2300000)
  to   space 13312K, 0% used [0xa64c0000,0xa64c0000,0xa71c0000)
 ParOldGen       total 41728K, used 21606K [0x73340000, 0x75c00000, 0x9ddc0000)
  object space 41728K, 51% used [0x73340000,0x74859980,0x75c00000)
 PSPermGen       total 16384K, used 3997K [0x6b340000, 0x6c340000, 0x73340000)
  object space 16384K, 24% used [0x6b340000,0x6b727698,0x6c340000)
}
Event: 6.971 GC heap before
{Heap before GC invocations=8 (full 0):
 PSYoungGen      total 70912K, used 70896K [0x9ddc0000, 0xa71c0000, 0xb3340000)
  eden space 62464K, 100% used [0x9ddc0000,0xa1ac0000,0xa1ac0000)
  from space 8448K, 99% used [0xa1ac0000,0xa22fc288,0xa2300000)
  to   space 13312K, 0% used [0xa64c0000,0xa64c0000,0xa71c0000)
 ParOldGen       total 41728K, used 21606K [0x73340000, 0x75c00000, 0x9ddc0000)
  object space 41728K, 51% used [0x73340000,0x74859980,0x75c00000)
 PSPermGen       total 16384K, used 4007K [0x6b340000, 0x6c340000, 0x73340000)
  object space 16384K, 24% used [0x6b340000,0x6b729e28,0x6c340000)
Event: 7.021 GC heap after
Heap after GC invocations=8 (full 0):
 PSYoungGen      total 134144K, used 13299K [0x9ddc0000, 0xa79c0000, 0xb3340000)
  eden space 120832K, 0% used [0x9ddc0000,0x9ddc0000,0xa53c0000)
  from space 13312K, 99% used [0xa64c0000,0xa71bcee8,0xa71c0000)
  to   space 17408K, 0% used [0xa53c0000,0xa53c0000,0xa64c0000)
 ParOldGen       total 41728K, used 26433K [0x73340000, 0x75c00000, 0x9ddc0000)
  object space 41728K, 63% used [0x73340000,0x74d10758,0x75c00000)
 PSPermGen       total 16384K, used 4007K [0x6b340000, 0x6c340000, 0x73340000)
  object space 16384K, 24% used [0x6b340000,0x6b729e28,0x6c340000)
}
Event: 8.671 GC heap before
{Heap before GC invocations=9 (full 0):
 PSYoungGen      total 134144K, used 134131K [0x9ddc0000, 0xa79c0000, 0xb3340000)
  eden space 120832K, 100% used [0x9ddc0000,0xa53c0000,0xa53c0000)
  from space 13312K, 99% used [0xa64c0000,0xa71bcee8,0xa71c0000)
  to   space 17408K, 0% used [0xa53c0000,0xa53c0000,0xa64c0000)
 ParOldGen       total 41728K, used 26433K [0x73340000, 0x75c00000, 0x9ddc0000)
  object space 41728K, 63% used [0x73340000,0x74d10758,0x75c00000)
 PSPermGen       total 16384K, used 4174K [0x6b340000, 0x6c340000, 0x73340000)
  object space 16384K, 25% used [0x6b340000,0x6b7539b0,0x6c340000)

Deoptimization events (10 events):
Event: 6.673 Thread 0xb6407c00 Uncommon trap: reason=unreached action=reinterpret pc=0xb34ecac4 method=com.android.dx.ssa.MoveParamCombiner$1.visitNonMoveInsn(Lcom/android/dx/ssa/NormalSsaInsn;)V @ 27
Event: 6.928 Thread 0xb6407c00 Uncommon trap: reason=bimorphic action=maybe_recompile pc=0xb35c8208 method=com.android.dx.cf.code.BytecodeArray.parseInstruction(ILcom/android/dx/cf/code/BytecodeArray$Visitor;)I @ 1501
Event: 6.928 Thread 0xb6407c00 Uncommon trap: reason=bimorphic action=maybe_recompile pc=0xb35c8208 method=com.android.dx.cf.code.BytecodeArray.parseInstruction(ILcom/android/dx/cf/code/BytecodeArray$Visitor;)I @ 1501
Event: 8.004 Thread 0xb6407c00 Uncommon trap: reason=null_check action=make_not_entrant pc=0xb365f10c method=com.android.dx.dex.file.TypeIdsSection.intern(Lcom/android/dx/rop/type/Type;)Lcom/android/dx/dex/file/TypeIdItem; @ 26
Event: 8.065 Thread 0xb6407c00 Uncommon trap: reason=unreached action=reinterpret pc=0xb363fda8 method=com.android.dx.dex.file.ValueEncoder.addContents(Lcom/android/dx/dex/file/DexFile;Lcom/android/dx/rop/cst/Constant;)V @ 4
Event: 8.065 Thread 0xb6407c00 Uncommon trap: reason=unreached action=reinterpret pc=0xb365c978 method=com.android.dx.dex.file.DexFile.internIfAppropriate(Lcom/android/dx/rop/cst/Constant;)V @ 92
Event: 8.179 Thread 0xb6407c00 Uncommon trap: reason=bimorphic action=maybe_recompile pc=0xb35b67cc method=com.android.dx.dex.file.UniformItemSection.prepare0()V @ 6
Event: 8.200 Thread 0xb6407c00 Uncommon trap: reason=bimorphic action=maybe_recompile pc=0xb35b67cc method=com.android.dx.dex.file.UniformItemSection.prepare0()V @ 6
Event: 8.269 Thread 0xb6407c00 Uncommon trap: reason=unreached action=reinterpret pc=0xb36672a4 method=com.android.dx.dex.code.LocalList$MakeState.snapshot(ILcom/android/dx/rop/code/RegisterSpecSet;)V @ 66
Event: 8.316 Thread 0xb6407c00 Uncommon trap: reason=unreached action=reinterpret pc=0xb357f074 method=com.android.dx.dex.code.OutputFinisher.findOpcodeForInsn(Lcom/android/dx/dex/code/DalvInsn;Lcom/android/dx/dex/code/Dop;)Lcom/android/dx/dex/code/Dop; @ 1

Internal exceptions (10 events):
Event: 8.208 Thread 0xb6407c00 Threw 0xa4decb88 at /build/buildd/openjdk-7-7u75-2.5.4/build/openjdk/hotspot/src/share/vm/prims/jvm.cpp:1284
Event: 8.209 Thread 0xb6407c00 Threw 0xa4df23d8 at /build/buildd/openjdk-7-7u75-2.5.4/build/openjdk/hotspot/src/share/vm/prims/jvm.cpp:1284
Event: 8.209 Thread 0xb6407c00 Threw 0xa4df92e8 at /build/buildd/openjdk-7-7u75-2.5.4/build/openjdk/hotspot/src/share/vm/prims/jvm.cpp:1284
Event: 8.210 Thread 0xb6407c00 Threw 0xa4dfdeb8 at /build/buildd/openjdk-7-7u75-2.5.4/build/openjdk/hotspot/src/share/vm/prims/jvm.cpp:1284
Event: 8.210 Thread 0xb6407c00 Threw 0xa4e016c0 at /build/buildd/openjdk-7-7u75-2.5.4/build/openjdk/hotspot/src/share/vm/prims/jvm.cpp:1284
Event: 8.210 Thread 0xb6407c00 Threw 0xa4e04b98 at /build/buildd/openjdk-7-7u75-2.5.4/build/openjdk/hotspot/src/share/vm/prims/jvm.cpp:1284
Event: 8.232 Thread 0xb6407c00 Threw 0xa4e1f7a8 at /build/buildd/openjdk-7-7u75-2.5.4/build/openjdk/hotspot/src/share/vm/prims/jvm.cpp:1284
Event: 8.232 Thread 0xb6407c00 Threw 0xa4e230c8 at /build/buildd/openjdk-7-7u75-2.5.4/build/openjdk/hotspot/src/share/vm/prims/jvm.cpp:1284
Event: 8.233 Thread 0xb6407c00 Threw 0xa4e268e8 at /build/buildd/openjdk-7-7u75-2.5.4/build/openjdk/hotspot/src/share/vm/prims/jvm.cpp:1284
Event: 8.316 Thread 0xb6407c00 Threw 0xa4e7eda0 at /build/buildd/openjdk-7-7u75-2.5.4/build/openjdk/hotspot/src/share/vm/prims/jvm.cpp:1284

Events (10 events):
Event: 8.233 loading class 0x6ac73108 done
Event: 8.269 Thread 0xb6407c00 Uncommon trap: trap_request=0xffffffad fr.pc=0xb36672a4
Event: 8.269 Thread 0xb6407c00 DEOPT PACKING pc=0xb36672a4 sp=0xb65edd50
Event: 8.269 Thread 0xb6407c00 DEOPT UNPACKING pc=0xb342cbc8 sp=0xb65edd44 mode 2
Event: 8.316 Thread 0xb6407c00 Uncommon trap: trap_request=0xffffffad fr.pc=0xb357f074
Event: 8.316 Thread 0xb6407c00 DEOPT PACKING pc=0xb357f074 sp=0xb65edd20
Event: 8.316 Thread 0xb6407c00 DEOPT UNPACKING pc=0xb342cbc8 sp=0xb65edccc mode 2
Event: 8.316 loading class 0x6acd5c10
Event: 8.316 loading class 0x6acd5c10 done
Event: 8.670 Executing VM operation: ParallelGCFailedAllocation


Dynamic libraries:
08048000-08049000 r-xp 00000000 08:05 4983886    /usr/lib/jvm/java-7-openjdk-i386/jre/bin/java
08049000-0804a000 r--p 00000000 08:05 4983886    /usr/lib/jvm/java-7-openjdk-i386/jre/bin/java
0804a000-0804b000 rw-p 00001000 08:05 4983886    /usr/lib/jvm/java-7-openjdk-i386/jre/bin/java
0806b000-08805000 rw-p 00000000 00:00 0          [heap]
66900000-669d1000 rw-p 00000000 00:00 0 
669d1000-66a00000 ---p 00000000 00:00 0 
66b00000-66bf9000 rw-p 00000000 00:00 0 
66bf9000-66c00000 ---p 00000000 00:00 0 
66d00000-66db1000 rw-p 00000000 00:00 0 
66db1000-66e00000 ---p 00000000 00:00 0 
66e00000-66ee5000 rw-p 00000000 00:00 0 
66ee5000-66f00000 ---p 00000000 00:00 0 
67000000-670fd000 rw-p 00000000 00:00 0 
670fd000-67100000 ---p 00000000 00:00 0 
67100000-671fd000 rw-p 00000000 00:00 0 
671fd000-67200000 ---p 00000000 00:00 0 
67200000-672ff000 rw-p 00000000 00:00 0 
672ff000-67300000 ---p 00000000 00:00 0 
67300000-673ff000 rw-p 00000000 00:00 0 
673ff000-67400000 ---p 00000000 00:00 0 
67400000-674e8000 rw-p 00000000 00:00 0 
674e8000-67500000 ---p 00000000 00:00 0 
67500000-675ef000 rw-p 00000000 00:00 0 
675ef000-67600000 ---p 00000000 00:00 0 
67600000-67644000 rw-p 00000000 00:00 0 
67644000-67700000 ---p 00000000 00:00 0 
677bd000-677f7000 r-xp 00000000 08:05 3802088    /lib/i386-linux-gnu/libpcre.so.3.12.1
677f7000-677f8000 r--p 00039000 08:05 3802088    /lib/i386-linux-gnu/libpcre.so.3.12.1
677f8000-677f9000 rw-p 0003a000 08:05 3802088    /lib/i386-linux-gnu/libpcre.so.3.12.1
677f9000-677fe000 r-xp 00000000 08:05 4985471    /usr/lib/i386-linux-gnu/libffi.so.6.0.0
677fe000-677ff000 r--p 00004000 08:05 4985471    /usr/lib/i386-linux-gnu/libffi.so.6.0.0
677ff000-67800000 rw-p 00005000 08:05 4985471    /usr/lib/i386-linux-gnu/libffi.so.6.0.0
67800000-67813000 r-xp 00000000 08:05 3802099    /lib/i386-linux-gnu/libresolv-2.15.so
67813000-67814000 ---p 00013000 08:05 3802099    /lib/i386-linux-gnu/libresolv-2.15.so
67814000-67815000 r--p 00013000 08:05 3802099    /lib/i386-linux-gnu/libresolv-2.15.so
67815000-67816000 rw-p 00014000 08:05 3802099    /lib/i386-linux-gnu/libresolv-2.15.so
67816000-67818000 rw-p 00000000 00:00 0 
67818000-67835000 r-xp 00000000 08:05 3802103    /lib/i386-linux-gnu/libselinux.so.1
67835000-67836000 r--p 0001c000 08:05 3802103    /lib/i386-linux-gnu/libselinux.so.1
67836000-67837000 rw-p 0001d000 08:05 3802103    /lib/i386-linux-gnu/libselinux.so.1
67837000-6783a000 r-xp 00000000 08:05 4985518    /usr/lib/i386-linux-gnu/libgmodule-2.0.so.0.3200.3
6783a000-6783b000 r--p 00002000 08:05 4985518    /usr/lib/i386-linux-gnu/libgmodule-2.0.so.0.3200.3
6783b000-6783c000 rw-p 00003000 08:05 4985518    /usr/lib/i386-linux-gnu/libgmodule-2.0.so.0.3200.3
6783c000-67933000 r-xp 00000000 08:05 3802040    /lib/i386-linux-gnu/libglib-2.0.so.0.3200.3
67933000-67934000 r--p 000f6000 08:05 3802040    /lib/i386-linux-gnu/libglib-2.0.so.0.3200.3
67934000-67935000 rw-p 000f7000 08:05 3802040    /lib/i386-linux-gnu/libglib-2.0.so.0.3200.3
67935000-67982000 r-xp 00000000 08:05 4985532    /usr/lib/i386-linux-gnu/libgobject-2.0.so.0.3200.3
67982000-67983000 r--p 0004c000 08:05 4985532    /usr/lib/i386-linux-gnu/libgobject-2.0.so.0.3200.3
67983000-67984000 rw-p 0004d000 08:05 4985532    /usr/lib/i386-linux-gnu/libgobject-2.0.so.0.3200.3
67984000-67ad7000 r-xp 00000000 08:05 4985508    /usr/lib/i386-linux-gnu/libgio-2.0.so.0.3200.3
67ad7000-67ad9000 r--p 00153000 08:05 4985508    /usr/lib/i386-linux-gnu/libgio-2.0.so.0.3200.3
67ad9000-67ada000 rw-p 00155000 08:05 4985508    /usr/lib/i386-linux-gnu/libgio-2.0.so.0.3200.3
67ada000-67adb000 rw-p 00000000 00:00 0 
67aed000-67b04000 r-xp 00000000 08:05 4989135    /usr/lib/jvm/java-7-openjdk-i386/jre/lib/i386/libnet.so
67b04000-67b05000 r--p 00016000 08:05 4989135    /usr/lib/jvm/java-7-openjdk-i386/jre/lib/i386/libnet.so
67b05000-67b06000 rw-p 00017000 08:05 4989135    /usr/lib/jvm/java-7-openjdk-i386/jre/lib/i386/libnet.so
67b06000-67b17000 r-xp 00000000 08:05 4989121    /usr/lib/jvm/java-7-openjdk-i386/jre/lib/i386/libnio.so
67b17000-67b18000 r--p 00010000 08:05 4989121    /usr/lib/jvm/java-7-openjdk-i386/jre/lib/i386/libnio.so
67b18000-67b19000 rw-p 00011000 08:05 4989121    /usr/lib/jvm/java-7-openjdk-i386/jre/lib/i386/libnio.so
67b2c000-67b3b000 r--s 000dd000 08:06 21369266   /home/ankit/Ankitt Data/ECLIPSE/sdk/build-tools/22.0.1/lib/dx.jar
67b3b000-67b3e000 r--s 0000f000 08:05 4989079    /usr/lib/jvm/java-7-openjdk-i386/jre/lib/ext/icedtea-sound.jar
67b3e000-67b3f000 ---p 00000000 00:00 0 
67b3f000-67bbf000 rw-p 00000000 00:00 0 
67bbf000-67bc2000 ---p 00000000 00:00 0 
67bc2000-67c10000 rw-p 00000000 00:00 0 
67c10000-67c13000 ---p 00000000 00:00 0 
67c13000-67c91000 rw-p 00000000 00:00 0 
67c91000-67c94000 ---p 00000000 00:00 0 
67c94000-67d12000 rw-p 00000000 00:00 0 
67d12000-67d15000 ---p 00000000 00:00 0 
67d15000-67d63000 rw-p 00000000 00:00 0 
67d63000-67f63000 r--p 00000000 08:05 4988066    /usr/lib/locale/locale-archive
67f63000-67f66000 ---p 00000000 00:00 0 
67f66000-67fb4000 rw-p 00000000 00:00 0 
67fb4000-67fb7000 ---p 00000000 00:00 0 
67fb7000-68005000 rw-p 00000000 00:00 0 
68005000-68006000 ---p 00000000 00:00 0 
68006000-680cf000 rw-p 00000000 00:00 0 
680cf000-68280000 r--s 01d23000 08:05 4989042    /usr/lib/jvm/java-7-openjdk-i386/jre/lib/rt.jar
68280000-6ab00000 rw-p 00000000 00:00 0 
6ab00000-6abff000 rw-p 00000000 00:00 0 
6abff000-6ac00000 ---p 00000000 00:00 0 
6ac00000-6acfc000 rw-p 00000000 00:00 0 
6acfc000-6ad00000 ---p 00000000 00:00 0 
6ad00000-6ad21000 rw-p 00000000 00:00 0 
6ad21000-6ae00000 ---p 00000000 00:00 0 
6ae01000-6ae02000 r--s 00007000 08:05 5246941    /usr/share/java/java-atk-wrapper.jar
6ae02000-6ae04000 r--s 00012000 08:05 4989084    /usr/lib/jvm/java-7-openjdk-i386/jre/lib/ext/zipfs.jar
6ae04000-6ae08000 r--s 00034000 08:05 4989083    /usr/lib/jvm/java-7-openjdk-i386/jre/lib/ext/sunjce_provider.jar
6ae08000-6ae0c000 r--s 0003c000 08:05 4989081    /usr/lib/jvm/java-7-openjdk-i386/jre/lib/ext/sunpkcs11.jar
6ae0c000-6ae67000 rw-p 00000000 00:00 0 
6ae67000-6ae68000 ---p 00000000 00:00 0 
6ae68000-6aee8000 rw-p 00000000 00:00 0 
6aee8000-6aee9000 ---p 00000000 00:00 0 
6aee9000-6af71000 rw-p 00000000 00:00 0 
6af71000-6afa9000 rw-p 00000000 00:00 0 
6afa9000-6afbe000 rw-p 00000000 00:00 0 
6afbe000-6b0ff000 rw-p 00000000 00:00 0 
6b0ff000-6b107000 rw-p 00000000 00:00 0 
6b107000-6b13f000 rw-p 00000000 00:00 0 
6b13f000-6b154000 rw-p 00000000 00:00 0 
6b154000-6b294000 rw-p 00000000 00:00 0 
6b294000-6b2e3000 rw-p 00000000 00:00 0 
6b2e3000-6b33f000 rw-p 00000000 00:00 0 
6b33f000-6c340000 rw-p 00000000 00:00 0 
6c340000-73340000 rw-p 00000000 00:00 0 
73340000-75c00000 rw-p 00000000 00:00 0 
75c00000-9ddc0000 rw-p 00000000 00:00 0 
9ddc0000-a79c0000 rw-p 00000000 00:00 0 
ac7c0000-b3340000 rw-p 00000000 00:00 0 
b3340000-b334a000 rw-p 00000000 00:00 0 
b334a000-b3400000 rw-p 00000000 00:00 0 
b3400000-b3670000 rwxp 00000000 00:00 0 
b3670000-b64fd000 rw-p 00000000 00:00 0 
b64fd000-b6500000 ---p 00000000 00:00 0 
b6500000-b6503000 r--s 00086000 08:05 4989082    /usr/lib/jvm/java-7-openjdk-i386/jre/lib/ext/localedata.jar
b6503000-b651e000 rw-p 00000000 00:00 0 
b651e000-b6529000 r-xp 00000000 08:05 3802066    /lib/i386-linux-gnu/libnss_files-2.15.so
b6529000-b652a000 r--p 0000a000 08:05 3802066    /lib/i386-linux-gnu/libnss_files-2.15.so
b652a000-b652b000 rw-p 0000b000 08:05 3802066    /lib/i386-linux-gnu/libnss_files-2.15.so
b652b000-b6535000 r-xp 00000000 08:05 3802070    /lib/i386-linux-gnu/libnss_nis-2.15.so
b6535000-b6536000 r--p 00009000 08:05 3802070    /lib/i386-linux-gnu/libnss_nis-2.15.so
b6536000-b6537000 rw-p 0000a000 08:05 3802070    /lib/i386-linux-gnu/libnss_nis-2.15.so
b6537000-b654d000 r-xp 00000000 08:05 3802060    /lib/i386-linux-gnu/libnsl-2.15.so
b654d000-b654e000 r--p 00015000 08:05 3802060    /lib/i386-linux-gnu/libnsl-2.15.so
b654e000-b654f000 rw-p 00016000 08:05 3802060    /lib/i386-linux-gnu/libnsl-2.15.so
b654f000-b6551000 rw-p 00000000 00:00 0 
b6551000-b6558000 r-xp 00000000 08:05 3802062    /lib/i386-linux-gnu/libnss_compat-2.15.so
b6558000-b6559000 r--p 00006000 08:05 3802062    /lib/i386-linux-gnu/libnss_compat-2.15.so
b6559000-b655a000 rw-p 00007000 08:05 3802062    /lib/i386-linux-gnu/libnss_compat-2.15.so
b655a000-b6562000 r-xp 00000000 08:05 4989114    /usr/lib/jvm/java-7-openjdk-i386/jre/lib/i386/libzip.so
b6562000-b6563000 r--p 00007000 08:05 4989114    /usr/lib/jvm/java-7-openjdk-i386/jre/lib/i386/libzip.so
b6563000-b6564000 rw-p 00008000 08:05 4989114    /usr/lib/jvm/java-7-openjdk-i386/jre/lib/i386/libzip.so
b6564000-b656c000 rw-s 00000000 08:05 145474     /tmp/hsperfdata_ankit/18088
b656c000-b6593000 r-xp 00000000 08:05 4989134    /usr/lib/jvm/java-7-openjdk-i386/jre/lib/i386/libjava.so
b6593000-b6594000 r--p 00026000 08:05 4989134    /usr/lib/jvm/java-7-openjdk-i386/jre/lib/i386/libjava.so
b6594000-b6595000 rw-p 00027000 08:05 4989134    /usr/lib/jvm/java-7-openjdk-i386/jre/lib/i386/libjava.so
b6595000-b659c000 r-xp 00000000 08:05 3802101    /lib/i386-linux-gnu/librt-2.15.so
b659c000-b659d000 r--p 00006000 08:05 3802101    /lib/i386-linux-gnu/librt-2.15.so
b659d000-b659e000 rw-p 00007000 08:05 3802101    /lib/i386-linux-gnu/librt-2.15.so
b659e000-b65a1000 ---p 00000000 00:00 0 
b65a1000-b65ef000 rw-p 00000000 00:00 0 
b65ef000-b660b000 r-xp 00000000 08:05 3802036    /lib/i386-linux-gnu/libgcc_s.so.1
b660b000-b660c000 r--p 0001b000 08:05 3802036    /lib/i386-linux-gnu/libgcc_s.so.1
b660c000-b660d000 rw-p 0001c000 08:05 3802036    /lib/i386-linux-gnu/libgcc_s.so.1
b660d000-b6637000 r-xp 00000000 08:05 3802047    /lib/i386-linux-gnu/libm-2.15.so
b6637000-b6638000 r--p 00029000 08:05 3802047    /lib/i386-linux-gnu/libm-2.15.so
b6638000-b6639000 rw-p 0002a000 08:05 3802047    /lib/i386-linux-gnu/libm-2.15.so
b6639000-b6711000 r-xp 00000000 08:05 4985813    /usr/lib/i386-linux-gnu/libstdc++.so.6.0.16
b6711000-b6712000 ---p 000d8000 08:05 4985813    /usr/lib/i386-linux-gnu/libstdc++.so.6.0.16
b6712000-b6716000 r--p 000d8000 08:05 4985813    /usr/lib/i386-linux-gnu/libstdc++.so.6.0.16
b6716000-b6717000 rw-p 000dc000 08:05 4985813    /usr/lib/i386-linux-gnu/libstdc++.so.6.0.16
b6717000-b671e000 rw-p 00000000 00:00 0 
b671e000-b70e0000 r-xp 00000000 08:05 4989140    /usr/lib/jvm/java-7-openjdk-i386/jre/lib/i386/server/libjvm.so
b70e0000-b7135000 r--p 009c2000 08:05 4989140    /usr/lib/jvm/java-7-openjdk-i386/jre/lib/i386/server/libjvm.so
b7135000-b7149000 rw-p 00a17000 08:05 4989140    /usr/lib/jvm/java-7-openjdk-i386/jre/lib/i386/server/libjvm.so
b7149000-b7567000 rw-p 00000000 00:00 0 
b7567000-b757b000 r-xp 00000000 08:05 3802126    /lib/i386-linux-gnu/libz.so.1.2.3.4
b757b000-b757c000 r--p 00013000 08:05 3802126    /lib/i386-linux-gnu/libz.so.1.2.3.4
b757c000-b757d000 rw-p 00014000 08:05 3802126    /lib/i386-linux-gnu/libz.so.1.2.3.4
b757d000-b7594000 r-xp 00000000 08:05 3802095    /lib/i386-linux-gnu/libpthread-2.15.so
b7594000-b7595000 r--p 00016000 08:05 3802095    /lib/i386-linux-gnu/libpthread-2.15.so
b7595000-b7596000 rw-p 00017000 08:05 3802095    /lib/i386-linux-gnu/libpthread-2.15.so
b7596000-b7598000 rw-p 00000000 00:00 0 
b7598000-b759b000 r-xp 00000000 08:05 3802028    /lib/i386-linux-gnu/libdl-2.15.so
b759b000-b759c000 r--p 00002000 08:05 3802028    /lib/i386-linux-gnu/libdl-2.15.so
b759c000-b759d000 rw-p 00003000 08:05 3802028    /lib/i386-linux-gnu/libdl-2.15.so
b759d000-b773c000 r-xp 00000000 08:05 3802015    /lib/i386-linux-gnu/libc-2.15.so
b773c000-b773e000 r--p 0019f000 08:05 3802015    /lib/i386-linux-gnu/libc-2.15.so
b773e000-b773f000 rw-p 001a1000 08:05 3802015    /lib/i386-linux-gnu/libc-2.15.so
b773f000-b7742000 rw-p 00000000 00:00 0 
b7742000-b7743000 r--s 00002000 08:05 4989080    /usr/lib/jvm/java-7-openjdk-i386/jre/lib/ext/dnsns.jar
b7743000-b7744000 r--p 005db000 08:05 4988066    /usr/lib/locale/locale-archive
b7744000-b7745000 rw-p 00000000 00:00 0 
b7745000-b7746000 ---p 00000000 00:00 0 
b7746000-b7752000 r-xp 00000000 08:05 4989131    /usr/lib/jvm/java-7-openjdk-i386/jre/lib/i386/libverify.so
b7752000-b7753000 r--p 0000b000 08:05 4989131    /usr/lib/jvm/java-7-openjdk-i386/jre/lib/i386/libverify.so
b7753000-b7754000 rw-p 0000c000 08:05 4989131    /usr/lib/jvm/java-7-openjdk-i386/jre/lib/i386/libverify.so
b7754000-b7761000 r-xp 00000000 08:05 4989106    /usr/lib/jvm/java-7-openjdk-i386/jre/lib/i386/jli/libjli.so
b7761000-b7762000 r--p 0000c000 08:05 4989106    /usr/lib/jvm/java-7-openjdk-i386/jre/lib/i386/jli/libjli.so
b7762000-b7763000 rw-p 0000d000 08:05 4989106    /usr/lib/jvm/java-7-openjdk-i386/jre/lib/i386/jli/libjli.so
b7763000-b7766000 rw-p 00000000 00:00 0 
b7766000-b7767000 r-xp 00000000 00:00 0          [vdso]
b7767000-b7787000 r-xp 00000000 08:05 3801995    /lib/i386-linux-gnu/ld-2.15.so
b7787000-b7788000 r--p 0001f000 08:05 3801995    /lib/i386-linux-gnu/ld-2.15.so
b7788000-b7789000 rw-p 00020000 08:05 3801995    /lib/i386-linux-gnu/ld-2.15.so
bff6b000-bff6c000 rwxp 00000000 00:00 0 
bff9e000-bffbf000 rw-p 00000000 00:00 0          [stack]

VM Arguments:
jvm_args: -Xmx1024M -Dfile.encoding=UTF-8 -Duser.country=IN -Duser.language=en -Duser.variant 
java_command: com.android.dx.command.Main --dex --output /home/ankit/Traafik latest/TraafikAppLatest/app/build/intermediates/pre-dexed/debug/classes-901c07b1cf6c422b1263d94aa6103f6badba80ff.jar /home/ankit/Traafik latest/TraafikAppLatest/app/build/intermediates/exploded-aar/com.google.android.gms/play-services-ads/7.5.0/jars/classes.jar
Launcher Type: SUN_STANDARD

Environment Variables:
PATH=/usr/lib/lightdm/lightdm:/usr/local/sbin:/usr/local/bin:/usr/sbin:/usr/bin:/sbin:/bin:/usr/games
LD_LIBRARY_PATH=/home/ankit/Android studio/android-studio/bin:
SHELL=/bin/bash
DISPLAY=:0.0

Signal Handlers:
SIGSEGV: [libjvm.so+0x80b550], sa_mask[0]=0x7ffbfeff, sa_flags=0x10000004
SIGBUS: [libjvm.so+0x80b550], sa_mask[0]=0x7ffbfeff, sa_flags=0x10000004
SIGFPE: [libjvm.so+0x6753e0], sa_mask[0]=0x7ffbfeff, sa_flags=0x10000004
SIGPIPE: [libjvm.so+0x6753e0], sa_mask[0]=0x7ffbfeff, sa_flags=0x10000004
SIGXFSZ: [libjvm.so+0x6753e0], sa_mask[0]=0x7ffbfeff, sa_flags=0x10000004
SIGILL: [libjvm.so+0x6753e0], sa_mask[0]=0x7ffbfeff, sa_flags=0x10000004
SIGUSR1: SIG_DFL, sa_mask[0]=0x00000000, sa_flags=0x00000000
SIGUSR2: [libjvm.so+0x675690], sa_mask[0]=0x00000004, sa_flags=0x10000004
SIGHUP: [libjvm.so+0x675850], sa_mask[0]=0x7ffbfeff, sa_flags=0x10000004
SIGINT: [libjvm.so+0x675850], sa_mask[0]=0x7ffbfeff, sa_flags=0x10000004
SIGTERM: [libjvm.so+0x675850], sa_mask[0]=0x7ffbfeff, sa_flags=0x10000004
SIGQUIT: [libjvm.so+0x675850], sa_mask[0]=0x7ffbfeff, sa_flags=0x10000004
SIGTRAP: SIG_DFL, sa_mask[0]=0x00000000, sa_flags=0x00000000


---------------  S Y S T E M  ---------------

OS:Ubuntu 12.04 (precise)
uname:Linux 3.2.0-29-generic-pae #46-Ubuntu SMP Fri Jul 27 17:25:43 UTC 2012 i686
libc:glibc 2.15 NPTL 2.15 
rlimit: STACK 8192k, CORE 0k, NPROC 31169, NOFILE 4096, AS infinity
load average:4.82 1.83 0.94

/proc/meminfo:
MemTotal:        4004304 kB
MemFree:          170732 kB
Buffers:             356 kB
Cached:           511628 kB
SwapCached:            0 kB
Active:          3428964 kB
Inactive:         321440 kB
Active(anon):    3384340 kB
Inactive(anon):   285300 kB
Active(file):      44624 kB
Inactive(file):    36140 kB
Unevictable:          16 kB
Mlocked:              16 kB
HighTotal:       3159312 kB
HighFree:           2104 kB
LowTotal:         844992 kB
LowFree:          168628 kB
SwapTotal:             0 kB
SwapFree:              0 kB
Dirty:               764 kB
Writeback:             0 kB
AnonPages:       3238712 kB
Mapped:            74684 kB
Shmem:            431056 kB
Slab:              40460 kB
SReclaimable:      20440 kB
SUnreclaim:        20020 kB
KernelStack:        4800 kB
PageTables:        20424 kB
NFS_Unstable:          0 kB
Bounce:                0 kB
WritebackTmp:          0 kB
CommitLimit:     2002152 kB
Committed_AS:    7842928 kB
VmallocTotal:     122880 kB
VmallocUsed:       15228 kB
VmallocChunk:     106584 kB
HardwareCorrupted:     0 kB
AnonHugePages:         0 kB
HugePages_Total:       0
HugePages_Free:        0
HugePages_Rsvd:        0
HugePages_Surp:        0
Hugepagesize:       2048 kB
DirectMap4k:       10232 kB
DirectMap2M:      903168 kB


CPU:total 2 (2 cores per cpu, 1 threads per core) family 6 model 58 stepping 9, cmov, cx8, fxsr, mmx, sse, sse2, sse3, ssse3, sse4.1, sse4.2, popcnt, erms, tsc, tscinvbit, tscinv

/proc/cpuinfo:
processor	: 0
vendor_id	: GenuineIntel
cpu family	: 6
model		: 58
model name	: Intel(R) Pentium(R) CPU G2030 @ 3.00GHz
stepping	: 9
microcode	: 0x17
cpu MHz		: 3000.000
cache size	: 3072 KB
physical id	: 0
siblings	: 2
core id		: 0
cpu cores	: 2
apicid		: 0
initial apicid	: 0
fdiv_bug	: no
hlt_bug		: no
f00f_bug	: no
coma_bug	: no
fpu		: yes
fpu_exception	: yes
cpuid level	: 13
wp		: yes
flags		: fpu vme de pse tsc msr pae mce cx8 apic sep mtrr pge mca cmov pat pse36 clflush dts acpi mmx fxsr sse sse2 ss ht tm pbe nx rdtscp lm constant_tsc arch_perfmon pebs bts xtopology nonstop_tsc aperfmperf pni pclmulqdq dtes64 monitor ds_cpl vmx est tm2 ssse3 cx16 xtpr pdcm pcid sse4_1 sse4_2 popcnt tsc_deadline_timer xsave lahf_lm arat epb xsaveopt pln pts dtherm tpr_shadow vnmi flexpriority ept vpid fsgsbase smep erms
bogomips	: 5986.77
clflush size	: 64
cache_alignment	: 64
address sizes	: 36 bits physical, 48 bits virtual
power management:

processor	: 1
vendor_id	: GenuineIntel
cpu family	: 6
model		: 58
model name	: Intel(R) Pentium(R) CPU G2030 @ 3.00GHz
stepping	: 9
microcode	: 0x17
cpu MHz		: 3000.000
cache size	: 3072 KB
physical id	: 0
siblings	: 2
core id		: 1
cpu cores	: 2
apicid		: 2
initial apicid	: 2
fdiv_bug	: no
hlt_bug		: no
f00f_bug	: no
coma_bug	: no
fpu		: yes
fpu_exception	: yes
cpuid level	: 13
wp		: yes
flags		: fpu vme de pse tsc msr pae mce cx8 apic sep mtrr pge mca cmov pat pse36 clflush dts acpi mmx fxsr sse sse2 ss ht tm pbe nx rdtscp lm constant_tsc arch_perfmon pebs bts xtopology nonstop_tsc aperfmperf pni pclmulqdq dtes64 monitor ds_cpl vmx est tm2 ssse3 cx16 xtpr pdcm pcid sse4_1 sse4_2 popcnt tsc_deadline_timer xsave lahf_lm arat epb xsaveopt pln pts dtherm tpr_shadow vnmi flexpriority ept vpid fsgsbase smep erms
bogomips	: 5986.12
clflush size	: 64
cache_alignment	: 64
address sizes	: 36 bits physical, 48 bits virtual
power management:



Memory: 4k page, physical 4004304k(170732k free), swap 0k(0k free)

vm_info: OpenJDK Server VM (24.75-b04) for linux-x86 JRE (1.7.0_75-b13), built on Jan 27 2015 16:24:35 by "buildd" with gcc 4.6.3

time: Mon Jul 20 18:20:17 2015
elapsed time: 8 seconds

