#
# There is insufficient memory for the Java Runtime Environment to continue.
# Native memory allocation (malloc) failed to allocate 74448896 bytes for committing reserved memory.
# Possible reasons:
#   The system is out of physical RAM or swap space
#   In 32 bit mode, the process size limit was hit
# Possible solutions:
#   Reduce memory load on the system
#   Increase physical memory or swap space
#   Check if swap backing store is full
#   Use 64 bit Java on a 64 bit OS
#   Decrease Java heap size (-Xmx/-Xms)
#   Decrease number of Java threads
#   Decrease Java thread stack sizes (-Xss)
#   Set larger code cache with -XX:ReservedCodeCacheSize=
# This output file may be truncated or incomplete.
#
#  Out of Memory Error (os_linux.cpp:2798), pid=16028, tid=1745378112
#
# JRE version: OpenJDK Runtime Environment (7.0_75-b13) (build 1.7.0_75-b13)
# Java VM: OpenJDK Server VM (24.75-b04 mixed mode linux-x86 )
# Derivative: IcedTea 2.5.4
# Distribution: Ubuntu 12.04 LTS, package 7u75-2.5.4-1~precise1
# Failed to write core dump. Core dumps have been disabled. To enable core dumping, try "ulimit -c unlimited" before starting Java again
#

---------------  T H R E A D  ---------------

Current thread (0x67f10400):  VMThread [stack: 0x68005000,0x68086000] [id=16036]

Stack: [0x68005000,0x68086000]
[error occurred during error reporting (printing stack bounds), id 0xb]

VM_Operation (0xb65cd858): ParallelGCFailedAllocation, mode: safepoint, requested by thread 0xb6407c00


---------------  P R O C E S S  ---------------

Java Threads: ( => current thread )
  0x67f2c400 JavaThread "Service Thread" daemon [_thread_blocked, id=16042, stack(0x67b5c000,0x67bad000)]
  0x67f2a800 JavaThread "C2 CompilerThread1" daemon [_thread_blocked, id=16041, stack(0x67bad000,0x67c2e000)]
  0x67f28800 JavaThread "C2 CompilerThread0" daemon [_thread_blocked, id=16040, stack(0x67c2e000,0x67caf000)]
  0x67f26c00 JavaThread "Signal Dispatcher" daemon [_thread_blocked, id=16039, stack(0x67caf000,0x67d00000)]
  0x67f14400 JavaThread "Finalizer" daemon [_thread_blocked, id=16038, stack(0x6ac03000,0x6ac54000)]
  0x67f12800 JavaThread "Reference Handler" daemon [_thread_blocked, id=16037, stack(0x6ac54000,0x6aca5000)]
  0xb6407c00 JavaThread "main" [_thread_blocked, id=16030, stack(0xb657e000,0xb65cf000)]

Other Threads:
=>0x67f10400 VMThread [stack: 0x68005000,0x68086000] [id=16036]
  0x67f2e000 WatcherThread [stack: 0x67adb000,0x67b5c000] [id=16043]

VM state:at safepoint (normal execution)

VM Mutex/Monitor currently owned by a thread:  ([mutex/lock_event])
[0xb6405238] Threads_lock - owner thread: 0x67f10400
[0xb6405648] Heap_lock - owner thread: 0xb6407c00

Heap
 PSYoungGen      total 70912K, used 8434K [0x9dd80000, 0xa2c00000, 0xb3300000)
  eden space 62464K, 0% used [0x9dd80000,0x9dd80000,0xa1a80000)
  from space 8448K, 99% used [0xa1a80000,0xa22bc810,0xa22c0000)
  to   space 7424K, 0% used [0xa22c0000,0xa22c0000,0xa2a00000)
 ParOldGen       total 41728K, used 22395K [0x73300000, 0x75bc0000, 0x9dd80000)
  object space 41728K, 53% used [0x73300000,0x748dec30,0x75bc0000)
 PSPermGen       total 16384K, used 4016K [0x6b300000, 0x6c300000, 0x73300000)
  object space 16384K, 24% used [0x6b300000,0x6b6ec3a0,0x6c300000)

Card table byte_map: [0x6b0bf000,0x6b300000] byte_map_base: 0x6ad65800

Polling page: 0xb7725000

Code Cache  [0xb33f3000, 0xb3633000, 0xb63f3000)
 total_blobs=727 nmethods=608 adapters=73 free_code_cache=47074Kb largest_free_block=48166528

Compilation events (10 events):
Event: 6.780 Thread 0x67f2a800 nmethod 614 0xb35dc888 code [0xb35dc9a0, 0xb35dccb0]
Event: 6.780 Thread 0x67f2a800  615             com.android.dx.rop.cst.TypedConstant::isConstant (2 bytes)
Event: 6.781 Thread 0x67f2a800 nmethod 615 0xb35f3108 code [0xb35f31e0, 0xb35f3230]
Event: 6.781 Thread 0x67f2a800  616             com.android.dx.cf.code.LineNumberList::set (15 bytes)
Event: 6.782 Thread 0x67f2a800 nmethod 616 0xb35f51c8 code [0xb35f52e0, 0xb35f5450]
Event: 6.782 Thread 0x67f2a800  617             com.android.dx.cf.code.LineNumberList$Item::<init> (43 bytes)
Event: 6.782 Thread 0x67f2a800 nmethod 617 0xb35f4fc8 code [0xb35f50c0, 0xb35f5130]
Event: 6.782 Thread 0x67f2a800  618             com.android.dx.util.MutabilityControl::isMutable (5 bytes)
Event: 6.782 Thread 0x67f2a800 nmethod 618 0xb349ce08 code [0xb349cee0, 0xb349cf30]
Event: 6.783 Thread 0x67f28800 nmethod 608 0xb35ef548 code [0xb35ef700, 0xb35f0050]

GC Heap History (10 events):
Event: 2.273 GC heap after
Heap after GC invocations=2 (full 0):
 PSYoungGen      total 18432K, used 2545K [0x9dd80000, 0xa0180000, 0xb3300000)
  eden space 15872K, 0% used [0x9dd80000,0x9dd80000,0x9ed00000)
  from space 2560K, 99% used [0x9ef80000,0x9f1fc4d0,0x9f200000)
  to   space 2560K, 0% used [0x9ed00000,0x9ed00000,0x9ef80000)
 ParOldGen       total 41728K, used 3381K [0x73300000, 0x75bc0000, 0x9dd80000)
  object space 41728K, 8% used [0x73300000,0x7364d6f8,0x75bc0000)
 PSPermGen       total 16384K, used 3914K [0x6b300000, 0x6c300000, 0x73300000)
  object space 16384K, 23% used [0x6b300000,0x6b6d28f0,0x6c300000)
}
Event: 3.081 GC heap before
{Heap before GC invocations=3 (full 0):
 PSYoungGen      total 18432K, used 18417K [0x9dd80000, 0xa0180000, 0xb3300000)
  eden space 15872K, 100% used [0x9dd80000,0x9ed00000,0x9ed00000)
  from space 2560K, 99% used [0x9ef80000,0x9f1fc4d0,0x9f200000)
  to   space 2560K, 0% used [0x9ed00000,0x9ed00000,0x9ef80000)
 ParOldGen       total 41728K, used 3381K [0x73300000, 0x75bc0000, 0x9dd80000)
  object space 41728K, 8% used [0x73300000,0x7364d6f8,0x75bc0000)
 PSPermGen       total 16384K, used 3939K [0x6b300000, 0x6c300000, 0x73300000)
  object space 16384K, 24% used [0x6b300000,0x6b6d8de8,0x6c300000)
Event: 3.099 GC heap after
Heap after GC invocations=3 (full 0):
 PSYoungGen      total 18432K, used 2555K [0x9dd80000, 0xa0180000, 0xb3300000)
  eden space 15872K, 0% used [0x9dd80000,0x9dd80000,0x9ed00000)
  from space 2560K, 99% used [0x9ed00000,0x9ef7ef98,0x9ef80000)
  to   space 2560K, 0% used [0x9ff00000,0x9ff00000,0xa0180000)
 ParOldGen       total 41728K, used 5908K [0x73300000, 0x75bc0000, 0x9dd80000)
  object space 41728K, 14% used [0x73300000,0x738c51f8,0x75bc0000)
 PSPermGen       total 16384K, used 3939K [0x6b300000, 0x6c300000, 0x73300000)
  object space 16384K, 24% used [0x6b300000,0x6b6d8de8,0x6c300000)
}
Event: 3.785 GC heap before
{Heap before GC invocations=4 (full 0):
 PSYoungGen      total 18432K, used 18427K [0x9dd80000, 0xa0180000, 0xb3300000)
  eden space 15872K, 100% used [0x9dd80000,0x9ed00000,0x9ed00000)
  from space 2560K, 99% used [0x9ed00000,0x9ef7ef98,0x9ef80000)
  to   space 2560K, 0% used [0x9ff00000,0x9ff00000,0xa0180000)
 ParOldGen       total 41728K, used 5908K [0x73300000, 0x75bc0000, 0x9dd80000)
  object space 41728K, 14% used [0x73300000,0x738c51f8,0x75bc0000)
 PSPermGen       total 16384K, used 3968K [0x6b300000, 0x6c300000, 0x73300000)
  object space 16384K, 24% used [0x6b300000,0x6b6e0120,0x6c300000)
Event: 3.802 GC heap after
Heap after GC invocations=4 (full 0):
 PSYoungGen      total 34304K, used 2553K [0x9dd80000, 0xa0180000, 0xb3300000)
  eden space 31744K, 0% used [0x9dd80000,0x9dd80000,0x9fc80000)
  from space 2560K, 99% used [0x9ff00000,0xa017e678,0xa0180000)
  to   space 2560K, 0% used [0x9fc80000,0x9fc80000,0x9ff00000)
 ParOldGen       total 41728K, used 8544K [0x73300000, 0x75bc0000, 0x9dd80000)
  object space 41728K, 20% used [0x73300000,0x73b58138,0x75bc0000)
 PSPermGen       total 16384K, used 3968K [0x6b300000, 0x6c300000, 0x73300000)
  object space 16384K, 24% used [0x6b300000,0x6b6e0120,0x6c300000)
}
Event: 4.850 GC heap before
{Heap before GC invocations=5 (full 0):
 PSYoungGen      total 34304K, used 34297K [0x9dd80000, 0xa0180000, 0xb3300000)
  eden space 31744K, 100% used [0x9dd80000,0x9fc80000,0x9fc80000)
  from space 2560K, 99% used [0x9ff00000,0xa017e678,0xa0180000)
  to   space 2560K, 0% used [0x9fc80000,0x9fc80000,0x9ff00000)
 ParOldGen       total 41728K, used 8544K [0x73300000, 0x75bc0000, 0x9dd80000)
  object space 41728K, 20% used [0x73300000,0x73b58138,0x75bc0000)
 PSPermGen       total 16384K, used 3986K [0x6b300000, 0x6c300000, 0x73300000)
  object space 16384K, 24% used [0x6b300000,0x6b6e4910,0x6c300000)
Event: 4.874 GC heap after
Heap after GC invocations=5 (full 0):
 PSYoungGen      total 34304K, used 2554K [0x9dd80000, 0xa2a00000, 0xb3300000)
  eden space 31744K, 0% used [0x9dd80000,0x9dd80000,0x9fc80000)
  from space 2560K, 99% used [0x9fc80000,0x9fefe9e0,0x9ff00000)
  to   space 7424K, 0% used [0xa22c0000,0xa22c0000,0xa2a00000)
 ParOldGen       total 41728K, used 13348K [0x73300000, 0x75bc0000, 0x9dd80000)
  object space 41728K, 31% used [0x73300000,0x74009390,0x75bc0000)
 PSPermGen       total 16384K, used 3986K [0x6b300000, 0x6c300000, 0x73300000)
  object space 16384K, 24% used [0x6b300000,0x6b6e4910,0x6c300000)
}
Event: 5.714 GC heap before
{Heap before GC invocations=6 (full 0):
 PSYoungGen      total 34304K, used 34298K [0x9dd80000, 0xa2a00000, 0xb3300000)
  eden space 31744K, 100% used [0x9dd80000,0x9fc80000,0x9fc80000)
  from space 2560K, 99% used [0x9fc80000,0x9fefe9e0,0x9ff00000)
  to   space 7424K, 0% used [0xa22c0000,0xa22c0000,0xa2a00000)
 ParOldGen       total 41728K, used 13348K [0x73300000, 0x75bc0000, 0x9dd80000)
  object space 41728K, 31% used [0x73300000,0x74009390,0x75bc0000)
 PSPermGen       total 16384K, used 3998K [0x6b300000, 0x6c300000, 0x73300000)
  object space 16384K, 24% used [0x6b300000,0x6b6e7a00,0x6c300000)
Event: 5.755 GC heap after
Heap after GC invocations=6 (full 0):
 PSYoungGen      total 69888K, used 7414K [0x9dd80000, 0xa2c00000, 0xb3300000)
  eden space 62464K, 0% used [0x9dd80000,0x9dd80000,0xa1a80000)
  from space 7424K, 99% used [0xa22c0000,0xa29fdb50,0xa2a00000)
  to   space 8448K, 0% used [0xa1a80000,0xa1a80000,0xa22c0000)
 ParOldGen       total 41728K, used 13517K [0x73300000, 0x75bc0000, 0x9dd80000)
  object space 41728K, 32% used [0x73300000,0x74033730,0x75bc0000)
 PSPermGen       total 16384K, used 3998K [0x6b300000, 0x6c300000, 0x73300000)
  object space 16384K, 24% used [0x6b300000,0x6b6e7a00,0x6c300000)
}
Event: 6.788 GC heap before
{Heap before GC invocations=7 (full 0):
 PSYoungGen      total 69888K, used 69878K [0x9dd80000, 0xa2c00000, 0xb3300000)
  eden space 62464K, 100% used [0x9dd80000,0xa1a80000,0xa1a80000)
  from space 7424K, 99% used [0xa22c0000,0xa29fdb50,0xa2a00000)
  to   space 8448K, 0% used [0xa1a80000,0xa1a80000,0xa22c0000)
 ParOldGen       total 41728K, used 13517K [0x73300000, 0x75bc0000, 0x9dd80000)
  object space 41728K, 32% used [0x73300000,0x74033730,0x75bc0000)
 PSPermGen       total 16384K, used 4016K [0x6b300000, 0x6c300000, 0x73300000)
  object space 16384K, 24% used [0x6b300000,0x6b6ec3a0,0x6c300000)

Deoptimization events (10 events):
Event: 5.166 Thread 0xb6407c00 Uncommon trap: reason=bimorphic action=maybe_recompile pc=0xb3517824 method=com.android.dx.ssa.LiteralOpUpgrader.tryReplacingWithConstant(Lcom/android/dx/ssa/NormalSsaInsn;)Z @ 62
Event: 5.400 Thread 0xb6407c00 Uncommon trap: reason=null_check action=make_not_entrant pc=0xb3584f58 method=com.android.dx.dex.file.FieldIdsSection.intern(Lcom/android/dx/rop/cst/CstFieldRef;)Lcom/android/dx/dex/file/FieldIdItem; @ 26
Event: 5.599 Thread 0xb6407c00 Uncommon trap: reason=bimorphic action=maybe_recompile pc=0xb34e64a4 method=com.android.dx.cf.code.BytecodeArray.parseInstruction(ILcom/android/dx/cf/code/BytecodeArray$Visitor;)I @ 2484
Event: 5.599 Thread 0xb6407c00 Uncommon trap: reason=bimorphic action=maybe_recompile pc=0xb34e64a4 method=com.android.dx.cf.code.BytecodeArray.parseInstruction(ILcom/android/dx/cf/code/BytecodeArray$Visitor;)I @ 2484
Event: 5.599 Thread 0xb6407c00 Uncommon trap: reason=bimorphic action=maybe_recompile pc=0xb34e64a4 method=com.android.dx.cf.code.BytecodeArray.parseInstruction(ILcom/android/dx/cf/code/BytecodeArray$Visitor;)I @ 2484
Event: 5.599 Thread 0xb6407c00 Uncommon trap: reason=bimorphic action=maybe_recompile pc=0xb34e64a4 method=com.android.dx.cf.code.BytecodeArray.parseInstruction(ILcom/android/dx/cf/code/BytecodeArray$Visitor;)I @ 2484
Event: 6.305 Thread 0xb6407c00 Uncommon trap: reason=unloaded action=reinterpret pc=0xb354bbec method=com.android.dx.cf.cst.ConstantPoolParser.parse0(ILjava/util/BitSet;)Lcom/android/dx/rop/cst/Constant; @ 220
Event: 6.405 Thread 0xb6407c00 Uncommon trap: reason=unreached action=reinterpret pc=0xb35b9c9c method=com.android.dx.cf.code.Merger.mergeLocals(Lcom/android/dx/cf/code/OneLocalsArray;Lcom/android/dx/cf/code/OneLocalsArray;)Lcom/android/dx/cf/code/OneLocalsArray; @ 2
Event: 6.754 Thread 0xb6407c00 Uncommon trap: reason=class_check action=maybe_recompile pc=0xb35c43ec method=com.android.dx.ssa.back.FirstFitLocalCombiningAllocator.findNextUnreservedRopReg(IILcom/android/dx/ssa/back/FirstFitLocalCombiningAllocator$Alignment;)I @ 60
Event: 6.754 Thread 0xb6407c00 Uncommon trap: reason=class_check action=maybe_recompile pc=0xb35c43ec method=com.android.dx.ssa.back.FirstFitLocalCombiningAllocator.findNextUnreservedRopReg(IILcom/android/dx/ssa/back/FirstFitLocalCombiningAllocator$Alignment;)I @ 60

Internal exceptions (10 events):
Event: 3.182 Thread 0xb6407c00 Threw 0x9df601d8 at /build/buildd/openjdk-7-7u75-2.5.4/build/openjdk/hotspot/src/share/vm/prims/jvm.cpp:1284
Event: 3.182 Thread 0xb6407c00 Threw 0x9df63008 at /build/buildd/openjdk-7-7u75-2.5.4/build/openjdk/hotspot/src/share/vm/prims/jvm.cpp:1284
Event: 3.256 Thread 0xb6407c00 Threw 0x9e0e7948 at /build/buildd/openjdk-7-7u75-2.5.4/build/openjdk/hotspot/src/share/vm/prims/jvm.cpp:1284
Event: 3.256 Thread 0xb6407c00 Threw 0x9e0edff0 at /build/buildd/openjdk-7-7u75-2.5.4/build/openjdk/hotspot/src/share/vm/prims/jvm.cpp:1284
Event: 3.257 Thread 0xb6407c00 Threw 0x9e0f3d80 at /build/buildd/openjdk-7-7u75-2.5.4/build/openjdk/hotspot/src/share/vm/prims/jvm.cpp:1284
Event: 3.349 Thread 0xb6407c00 Implicit null exception at 0xb34e1bae to 0xb34e21a1
Event: 3.396 Thread 0xb6407c00 Implicit null exception at 0xb34f48cd to 0xb34f63b1
Event: 4.441 Thread 0xb6407c00 Threw 0x9f03cf50 at /build/buildd/openjdk-7-7u75-2.5.4/build/openjdk/hotspot/src/share/vm/prims/jvm.cpp:1284
Event: 6.196 Thread 0xb6407c00 Threw 0x9f62be90 at /build/buildd/openjdk-7-7u75-2.5.4/build/openjdk/hotspot/src/share/vm/prims/jvm.cpp:1284
Event: 6.264 Thread 0xb6407c00 Threw 0x9f903700 at /build/buildd/openjdk-7-7u75-2.5.4/build/openjdk/hotspot/src/share/vm/prims/jvm.cpp:1284

Events (10 events):
Event: 6.405 Thread 0xb6407c00 DEOPT PACKING pc=0xb35b9c9c sp=0xb65cda30
Event: 6.405 Thread 0xb6407c00 DEOPT UNPACKING pc=0xb341fbc8 sp=0xb65cda18 mode 2
Event: 6.754 Thread 0xb6407c00 Uncommon trap: trap_request=0xffffffde fr.pc=0xb35c43ec
Event: 6.754 Thread 0xb6407c00 DEOPT PACKING pc=0xb35c43ec sp=0xb65cda40
Event: 6.754 Thread 0xb6407c00 DEOPT UNPACKING pc=0xb341fbc8 sp=0xb65cda24 mode 2
Event: 6.754 Thread 0xb6407c00 Uncommon trap: trap_request=0xffffffde fr.pc=0xb35c43ec
Event: 6.754 Thread 0xb6407c00 DEOPT PACKING pc=0xb35c43ec sp=0xb65cda40
Event: 6.754 Thread 0xb6407c00 DEOPT UNPACKING pc=0xb341fbc8 sp=0xb65cda24 mode 2
Event: 6.782 Thread 0x67f2a800 flushing nmethod 0xb349c0c8
Event: 6.788 Executing VM operation: ParallelGCFailedAllocation


Dynamic libraries:
08048000-08049000 r-xp 00000000 08:05 4983886    /usr/lib/jvm/java-7-openjdk-i386/jre/bin/java
08049000-0804a000 r--p 00000000 08:05 4983886    /usr/lib/jvm/java-7-openjdk-i386/jre/bin/java
0804a000-0804b000 rw-p 00001000 08:05 4983886    /usr/lib/jvm/java-7-openjdk-i386/jre/bin/java
08b41000-0935d000 rw-p 00000000 00:00 0          [heap]
66d00000-66dfe000 rw-p 00000000 00:00 0 
66dfe000-66e00000 ---p 00000000 00:00 0 
66f00000-67000000 rw-p 00000000 00:00 0 
67000000-670a4000 rw-p 00000000 00:00 0 
670a4000-67100000 ---p 00000000 00:00 0 
67200000-672f9000 rw-p 00000000 00:00 0 
672f9000-67300000 ---p 00000000 00:00 0 
67300000-673fc000 rw-p 00000000 00:00 0 
673fc000-67400000 ---p 00000000 00:00 0 
67400000-675fd000 rw-p 00000000 00:00 0 
675fd000-67600000 ---p 00000000 00:00 0 
67600000-67641000 rw-p 00000000 00:00 0 
67641000-67700000 ---p 00000000 00:00 0 
67797000-677d1000 r-xp 00000000 08:05 3802088    /lib/i386-linux-gnu/libpcre.so.3.12.1
677d1000-677d2000 r--p 00039000 08:05 3802088    /lib/i386-linux-gnu/libpcre.so.3.12.1
677d2000-677d3000 rw-p 0003a000 08:05 3802088    /lib/i386-linux-gnu/libpcre.so.3.12.1
677d3000-677d8000 r-xp 00000000 08:05 4985471    /usr/lib/i386-linux-gnu/libffi.so.6.0.0
677d8000-677d9000 r--p 00004000 08:05 4985471    /usr/lib/i386-linux-gnu/libffi.so.6.0.0
677d9000-677da000 rw-p 00005000 08:05 4985471    /usr/lib/i386-linux-gnu/libffi.so.6.0.0
677da000-677ed000 r-xp 00000000 08:05 3802099    /lib/i386-linux-gnu/libresolv-2.15.so
677ed000-677ee000 ---p 00013000 08:05 3802099    /lib/i386-linux-gnu/libresolv-2.15.so
677ee000-677ef000 r--p 00013000 08:05 3802099    /lib/i386-linux-gnu/libresolv-2.15.so
677ef000-677f0000 rw-p 00014000 08:05 3802099    /lib/i386-linux-gnu/libresolv-2.15.so
677f0000-677f2000 rw-p 00000000 00:00 0 
677f2000-6780f000 r-xp 00000000 08:05 3802103    /lib/i386-linux-gnu/libselinux.so.1
6780f000-67810000 r--p 0001c000 08:05 3802103    /lib/i386-linux-gnu/libselinux.so.1
67810000-67811000 rw-p 0001d000 08:05 3802103    /lib/i386-linux-gnu/libselinux.so.1
67811000-67908000 r-xp 00000000 08:05 3802040    /lib/i386-linux-gnu/libglib-2.0.so.0.3200.3
67908000-67909000 r--p 000f6000 08:05 3802040    /lib/i386-linux-gnu/libglib-2.0.so.0.3200.3
67909000-6790a000 rw-p 000f7000 08:05 3802040    /lib/i386-linux-gnu/libglib-2.0.so.0.3200.3
6790a000-67957000 r-xp 00000000 08:05 4985532    /usr/lib/i386-linux-gnu/libgobject-2.0.so.0.3200.3
67957000-67958000 r--p 0004c000 08:05 4985532    /usr/lib/i386-linux-gnu/libgobject-2.0.so.0.3200.3
67958000-67959000 rw-p 0004d000 08:05 4985532    /usr/lib/i386-linux-gnu/libgobject-2.0.so.0.3200.3
67959000-67aac000 r-xp 00000000 08:05 4985508    /usr/lib/i386-linux-gnu/libgio-2.0.so.0.3200.3
67aac000-67aae000 r--p 00153000 08:05 4985508    /usr/lib/i386-linux-gnu/libgio-2.0.so.0.3200.3
67aae000-67aaf000 rw-p 00155000 08:05 4985508    /usr/lib/i386-linux-gnu/libgio-2.0.so.0.3200.3
67aaf000-67ab0000 rw-p 00000000 00:00 0 
67ac2000-67ad9000 r-xp 00000000 08:05 4989135    /usr/lib/jvm/java-7-openjdk-i386/jre/lib/i386/libnet.so
67ad9000-67ada000 r--p 00016000 08:05 4989135    /usr/lib/jvm/java-7-openjdk-i386/jre/lib/i386/libnet.so
67ada000-67adb000 rw-p 00017000 08:05 4989135    /usr/lib/jvm/java-7-openjdk-i386/jre/lib/i386/libnet.so
67adb000-67adc000 ---p 00000000 00:00 0 
67adc000-67b5c000 rw-p 00000000 00:00 0 
67b5c000-67b5f000 ---p 00000000 00:00 0 
67b5f000-67bad000 rw-p 00000000 00:00 0 
67bad000-67bb0000 ---p 00000000 00:00 0 
67bb0000-67c2e000 rw-p 00000000 00:00 0 
67c2e000-67c31000 ---p 00000000 00:00 0 
67c31000-67caf000 rw-p 00000000 00:00 0 
67caf000-67cb2000 ---p 00000000 00:00 0 
67cb2000-67d00000 rw-p 00000000 00:00 0 
67d00000-67f00000 r--p 00000000 08:05 4988066    /usr/lib/locale/locale-archive
67f00000-67ffc000 rw-p 00000000 00:00 0 
67ffc000-68000000 ---p 00000000 00:00 0 
68005000-68006000 ---p 00000000 00:00 0 
68006000-680cf000 rw-p 00000000 00:00 0 
680cf000-68280000 r--s 01d23000 08:05 4989042    /usr/lib/jvm/java-7-openjdk-i386/jre/lib/rt.jar
68280000-6ab00000 rw-p 00000000 00:00 0 
6ab00000-6abf6000 rw-p 00000000 00:00 0 
6abf6000-6ac00000 ---p 00000000 00:00 0 
6ac03000-6ac06000 ---p 00000000 00:00 0 
6ac06000-6ac54000 rw-p 00000000 00:00 0 
6ac54000-6ac57000 ---p 00000000 00:00 0 
6ac57000-6ad00000 rw-p 00000000 00:00 0 
6ad00000-6ad21000 rw-p 00000000 00:00 0 
6ad21000-6ae00000 ---p 00000000 00:00 0 
6ae05000-6ae08000 r-xp 00000000 08:05 4985518    /usr/lib/i386-linux-gnu/libgmodule-2.0.so.0.3200.3
6ae08000-6ae09000 r--p 00002000 08:05 4985518    /usr/lib/i386-linux-gnu/libgmodule-2.0.so.0.3200.3
6ae09000-6ae0a000 rw-p 00003000 08:05 4985518    /usr/lib/i386-linux-gnu/libgmodule-2.0.so.0.3200.3
6ae0a000-6ae1b000 r-xp 00000000 08:05 4989121    /usr/lib/jvm/java-7-openjdk-i386/jre/lib/i386/libnio.so
6ae1b000-6ae1c000 r--p 00010000 08:05 4989121    /usr/lib/jvm/java-7-openjdk-i386/jre/lib/i386/libnio.so
6ae1c000-6ae1d000 rw-p 00011000 08:05 4989121    /usr/lib/jvm/java-7-openjdk-i386/jre/lib/i386/libnio.so
6ae1d000-6ae27000 r--s 00085000 08:06 21772598   /home/ankit/Traafik latest/TraafikAppLatest/app/build/intermediates/exploded-aar/com.android.support/appcompat-v7/22.2.0/jars/classes.jar
6ae27000-6ae28000 ---p 00000000 00:00 0 
6ae28000-6aea8000 rw-p 00000000 00:00 0 
6aea8000-6aea9000 ---p 00000000 00:00 0 
6aea9000-6af31000 rw-p 00000000 00:00 0 
6af31000-6af69000 rw-p 00000000 00:00 0 
6af69000-6af7e000 rw-p 00000000 00:00 0 
6af7e000-6b0bf000 rw-p 00000000 00:00 0 
6b0bf000-6b0c7000 rw-p 00000000 00:00 0 
6b0c7000-6b0ff000 rw-p 00000000 00:00 0 
6b0ff000-6b114000 rw-p 00000000 00:00 0 
6b114000-6b254000 rw-p 00000000 00:00 0 
6b254000-6b27c000 rw-p 00000000 00:00 0 
6b27c000-6b2ff000 rw-p 00000000 00:00 0 
6b2ff000-6c300000 rw-p 00000000 00:00 0 
6c300000-73300000 rw-p 00000000 00:00 0 
73300000-75bc0000 rw-p 00000000 00:00 0 
75bc0000-9dd80000 rw-p 00000000 00:00 0 
9dd80000-a2c00000 rw-p 00000000 00:00 0 
a7300000-b3300000 rw-p 00000000 00:00 0 
b3303000-b3312000 r--s 000dd000 08:06 21369266   /home/ankit/Ankitt Data/ECLIPSE/sdk/build-tools/22.0.1/lib/dx.jar
b3312000-b3313000 r--s 00007000 08:05 5246941    /usr/share/java/java-atk-wrapper.jar
b3313000-b3316000 r--s 0000f000 08:05 4989079    /usr/lib/jvm/java-7-openjdk-i386/jre/lib/ext/icedtea-sound.jar
b3316000-b3318000 r--s 00012000 08:05 4989084    /usr/lib/jvm/java-7-openjdk-i386/jre/lib/ext/zipfs.jar
b3318000-b333c000 rw-p 00000000 00:00 0 
b333c000-b33f3000 rw-p 00000000 00:00 0 
b33f3000-b3633000 rwxp 00000000 00:00 0 
b3633000-b63f3000 rw-p 00000000 00:00 0 
b63f3000-b63fe000 r-xp 00000000 08:05 3802066    /lib/i386-linux-gnu/libnss_files-2.15.so
b63fe000-b63ff000 r--p 0000a000 08:05 3802066    /lib/i386-linux-gnu/libnss_files-2.15.so
b63ff000-b6400000 rw-p 0000b000 08:05 3802066    /lib/i386-linux-gnu/libnss_files-2.15.so
b6400000-b64fd000 rw-p 00000000 00:00 0 
b64fd000-b6500000 ---p 00000000 00:00 0 
b6500000-b6504000 r--s 00034000 08:05 4989083    /usr/lib/jvm/java-7-openjdk-i386/jre/lib/ext/sunjce_provider.jar
b6504000-b6508000 r--s 0003c000 08:05 4989081    /usr/lib/jvm/java-7-openjdk-i386/jre/lib/ext/sunpkcs11.jar
b6508000-b650b000 r--s 00086000 08:05 4989082    /usr/lib/jvm/java-7-openjdk-i386/jre/lib/ext/localedata.jar
b650b000-b6515000 r-xp 00000000 08:05 3802070    /lib/i386-linux-gnu/libnss_nis-2.15.so
b6515000-b6516000 r--p 00009000 08:05 3802070    /lib/i386-linux-gnu/libnss_nis-2.15.so
b6516000-b6517000 rw-p 0000a000 08:05 3802070    /lib/i386-linux-gnu/libnss_nis-2.15.so
b6517000-b652d000 r-xp 00000000 08:05 3802060    /lib/i386-linux-gnu/libnsl-2.15.so
b652d000-b652e000 r--p 00015000 08:05 3802060    /lib/i386-linux-gnu/libnsl-2.15.so
b652e000-b652f000 rw-p 00016000 08:05 3802060    /lib/i386-linux-gnu/libnsl-2.15.so
b652f000-b6531000 rw-p 00000000 00:00 0 
b6531000-b6538000 r-xp 00000000 08:05 3802062    /lib/i386-linux-gnu/libnss_compat-2.15.so
b6538000-b6539000 r--p 00006000 08:05 3802062    /lib/i386-linux-gnu/libnss_compat-2.15.so
b6539000-b653a000 rw-p 00007000 08:05 3802062    /lib/i386-linux-gnu/libnss_compat-2.15.so
b653a000-b6542000 r-xp 00000000 08:05 4989114    /usr/lib/jvm/java-7-openjdk-i386/jre/lib/i386/libzip.so
b6542000-b6543000 r--p 00007000 08:05 4989114    /usr/lib/jvm/java-7-openjdk-i386/jre/lib/i386/libzip.so
b6543000-b6544000 rw-p 00008000 08:05 4989114    /usr/lib/jvm/java-7-openjdk-i386/jre/lib/i386/libzip.so
b6544000-b654c000 rw-s 00000000 08:05 145511     /tmp/hsperfdata_ankit/16028
b654c000-b6573000 r-xp 00000000 08:05 4989134    /usr/lib/jvm/java-7-openjdk-i386/jre/lib/i386/libjava.so
b6573000-b6574000 r--p 00026000 08:05 4989134    /usr/lib/jvm/java-7-openjdk-i386/jre/lib/i386/libjava.so
b6574000-b6575000 rw-p 00027000 08:05 4989134    /usr/lib/jvm/java-7-openjdk-i386/jre/lib/i386/libjava.so
b6575000-b657c000 r-xp 00000000 08:05 3802101    /lib/i386-linux-gnu/librt-2.15.so
b657c000-b657d000 r--p 00006000 08:05 3802101    /lib/i386-linux-gnu/librt-2.15.so
b657d000-b657e000 rw-p 00007000 08:05 3802101    /lib/i386-linux-gnu/librt-2.15.so
b657e000-b6581000 ---p 00000000 00:00 0 
b6581000-b65cf000 rw-p 00000000 00:00 0 
b65cf000-b65eb000 r-xp 00000000 08:05 3802036    /lib/i386-linux-gnu/libgcc_s.so.1
b65eb000-b65ec000 r--p 0001b000 08:05 3802036    /lib/i386-linux-gnu/libgcc_s.so.1
b65ec000-b65ed000 rw-p 0001c000 08:05 3802036    /lib/i386-linux-gnu/libgcc_s.so.1
b65ed000-b6617000 r-xp 00000000 08:05 3802047    /lib/i386-linux-gnu/libm-2.15.so
b6617000-b6618000 r--p 00029000 08:05 3802047    /lib/i386-linux-gnu/libm-2.15.so
b6618000-b6619000 rw-p 0002a000 08:05 3802047    /lib/i386-linux-gnu/libm-2.15.so
b6619000-b66f1000 r-xp 00000000 08:05 4985813    /usr/lib/i386-linux-gnu/libstdc++.so.6.0.16
b66f1000-b66f2000 ---p 000d8000 08:05 4985813    /usr/lib/i386-linux-gnu/libstdc++.so.6.0.16
b66f2000-b66f6000 r--p 000d8000 08:05 4985813    /usr/lib/i386-linux-gnu/libstdc++.so.6.0.16
b66f6000-b66f7000 rw-p 000dc000 08:05 4985813    /usr/lib/i386-linux-gnu/libstdc++.so.6.0.16
b66f7000-b66fe000 rw-p 00000000 00:00 0 
b66fe000-b70c0000 r-xp 00000000 08:05 4989140    /usr/lib/jvm/java-7-openjdk-i386/jre/lib/i386/server/libjvm.so
b70c0000-b7115000 r--p 009c2000 08:05 4989140    /usr/lib/jvm/java-7-openjdk-i386/jre/lib/i386/server/libjvm.so
b7115000-b7129000 rw-p 00a17000 08:05 4989140    /usr/lib/jvm/java-7-openjdk-i386/jre/lib/i386/server/libjvm.so
b7129000-b7547000 rw-p 00000000 00:00 0 
b7547000-b755b000 r-xp 00000000 08:05 3802126    /lib/i386-linux-gnu/libz.so.1.2.3.4
b755b000-b755c000 r--p 00013000 08:05 3802126    /lib/i386-linux-gnu/libz.so.1.2.3.4
b755c000-b755d000 rw-p 00014000 08:05 3802126    /lib/i386-linux-gnu/libz.so.1.2.3.4
b755d000-b7574000 r-xp 00000000 08:05 3802095    /lib/i386-linux-gnu/libpthread-2.15.so
b7574000-b7575000 r--p 00016000 08:05 3802095    /lib/i386-linux-gnu/libpthread-2.15.so
b7575000-b7576000 rw-p 00017000 08:05 3802095    /lib/i386-linux-gnu/libpthread-2.15.so
b7576000-b7578000 rw-p 00000000 00:00 0 
b7578000-b757b000 r-xp 00000000 08:05 3802028    /lib/i386-linux-gnu/libdl-2.15.so
b757b000-b757c000 r--p 00002000 08:05 3802028    /lib/i386-linux-gnu/libdl-2.15.so
b757c000-b757d000 rw-p 00003000 08:05 3802028    /lib/i386-linux-gnu/libdl-2.15.so
b757d000-b771c000 r-xp 00000000 08:05 3802015    /lib/i386-linux-gnu/libc-2.15.so
b771c000-b771e000 r--p 0019f000 08:05 3802015    /lib/i386-linux-gnu/libc-2.15.so
b771e000-b771f000 rw-p 001a1000 08:05 3802015    /lib/i386-linux-gnu/libc-2.15.so
b771f000-b7722000 rw-p 00000000 00:00 0 
b7722000-b7723000 r--s 00002000 08:05 4989080    /usr/lib/jvm/java-7-openjdk-i386/jre/lib/ext/dnsns.jar
b7723000-b7724000 r--p 005db000 08:05 4988066    /usr/lib/locale/locale-archive
b7724000-b7725000 rw-p 00000000 00:00 0 
b7725000-b7726000 ---p 00000000 00:00 0 
b7726000-b7732000 r-xp 00000000 08:05 4989131    /usr/lib/jvm/java-7-openjdk-i386/jre/lib/i386/libverify.so
b7732000-b7733000 r--p 0000b000 08:05 4989131    /usr/lib/jvm/java-7-openjdk-i386/jre/lib/i386/libverify.so
b7733000-b7734000 rw-p 0000c000 08:05 4989131    /usr/lib/jvm/java-7-openjdk-i386/jre/lib/i386/libverify.so
b7734000-b7741000 r-xp 00000000 08:05 4989106    /usr/lib/jvm/java-7-openjdk-i386/jre/lib/i386/jli/libjli.so
b7741000-b7742000 r--p 0000c000 08:05 4989106    /usr/lib/jvm/java-7-openjdk-i386/jre/lib/i386/jli/libjli.so
b7742000-b7743000 rw-p 0000d000 08:05 4989106    /usr/lib/jvm/java-7-openjdk-i386/jre/lib/i386/jli/libjli.so
b7743000-b7746000 rw-p 00000000 00:00 0 
b7746000-b7747000 r-xp 00000000 00:00 0          [vdso]
b7747000-b7767000 r-xp 00000000 08:05 3801995    /lib/i386-linux-gnu/ld-2.15.so
b7767000-b7768000 r--p 0001f000 08:05 3801995    /lib/i386-linux-gnu/ld-2.15.so
b7768000-b7769000 rw-p 00020000 08:05 3801995    /lib/i386-linux-gnu/ld-2.15.so
bfc35000-bfc36000 rwxp 00000000 00:00 0 
bfc68000-bfc89000 rw-p 00000000 00:00 0          [stack]

VM Arguments:
jvm_args: -Xmx1024M -Dfile.encoding=UTF-8 -Duser.country=IN -Duser.language=en -Duser.variant 
java_command: com.android.dx.command.Main --dex --output /home/ankit/Traafik latest/TraafikAppLatest/app/build/intermediates/pre-dexed/debug/classes-e5990a7ad1ebf5ac17e63639d626303044d8d5c7.jar /home/ankit/Traafik latest/TraafikAppLatest/app/build/intermediates/exploded-aar/com.android.support/appcompat-v7/22.2.0/jars/classes.jar
Launcher Type: SUN_STANDARD

Environment Variables:
PATH=/usr/lib/lightdm/lightdm:/usr/local/sbin:/usr/local/bin:/usr/sbin:/usr/bin:/sbin:/bin:/usr/games
LD_LIBRARY_PATH=/home/ankit/Android studio/android-studio/bin:
SHELL=/bin/bash
DISPLAY=:0.0

Signal Handlers:
SIGSEGV: [libjvm.so+0x80b550], sa_mask[0]=0x7ffbfeff, sa_flags=0x10000004
SIGBUS: [libjvm.so+0x80b550], sa_mask[0]=0x7ffbfeff, sa_flags=0x10000004
SIGFPE: [libjvm.so+0x6753e0], sa_mask[0]=0x7ffbfeff, sa_flags=0x10000004
SIGPIPE: [libjvm.so+0x6753e0], sa_mask[0]=0x7ffbfeff, sa_flags=0x10000004
SIGXFSZ: [libjvm.so+0x6753e0], sa_mask[0]=0x7ffbfeff, sa_flags=0x10000004
SIGILL: [libjvm.so+0x6753e0], sa_mask[0]=0x7ffbfeff, sa_flags=0x10000004
SIGUSR1: SIG_DFL, sa_mask[0]=0x00000000, sa_flags=0x00000000
SIGUSR2: [libjvm.so+0x675690], sa_mask[0]=0x00000004, sa_flags=0x10000004
SIGHUP: [libjvm.so+0x675850], sa_mask[0]=0x7ffbfeff, sa_flags=0x10000004
SIGINT: [libjvm.so+0x675850], sa_mask[0]=0x7ffbfeff, sa_flags=0x10000004
SIGTERM: [libjvm.so+0x675850], sa_mask[0]=0x7ffbfeff, sa_flags=0x10000004
SIGQUIT: [libjvm.so+0x675850], sa_mask[0]=0x7ffbfeff, sa_flags=0x10000004
SIGTRAP: SIG_DFL, sa_mask[0]=0x00000000, sa_flags=0x00000000


---------------  S Y S T E M  ---------------

OS:Ubuntu 12.04 (precise)
uname:Linux 3.2.0-29-generic-pae #46-Ubuntu SMP Fri Jul 27 17:25:43 UTC 2012 i686
libc:glibc 2.15 NPTL 2.15 
rlimit: STACK 8192k, CORE 0k, NPROC 31169, NOFILE 4096, AS infinity
load average:5.61 2.80 1.45

/proc/meminfo:
MemTotal:        4004304 kB
MemFree:          175044 kB
Buffers:             188 kB
Cached:           548752 kB
SwapCached:            0 kB
Active:          3372964 kB
Inactive:         378000 kB
Active(anon):    3353120 kB
Inactive(anon):   292944 kB
Active(file):      19844 kB
Inactive(file):    85056 kB
Unevictable:          32 kB
Mlocked:              32 kB
HighTotal:       3159312 kB
HighFree:           6408 kB
LowTotal:         844992 kB
LowFree:          168636 kB
SwapTotal:             0 kB
SwapFree:              0 kB
Dirty:               292 kB
Writeback:             0 kB
AnonPages:       3201972 kB
Mapped:            50044 kB
Shmem:            444076 kB
Slab:              39180 kB
SReclaimable:      19500 kB
SUnreclaim:        19680 kB
KernelStack:        4608 kB
PageTables:        18080 kB
NFS_Unstable:          0 kB
Bounce:                0 kB
WritebackTmp:          0 kB
CommitLimit:     2002152 kB
Committed_AS:    7150824 kB
VmallocTotal:     122880 kB
VmallocUsed:       15272 kB
VmallocChunk:     105556 kB
HardwareCorrupted:     0 kB
AnonHugePages:         0 kB
HugePages_Total:       0
HugePages_Free:        0
HugePages_Rsvd:        0
HugePages_Surp:        0
Hugepagesize:       2048 kB
DirectMap4k:       10232 kB
DirectMap2M:      903168 kB


CPU:total 2 (2 cores per cpu, 1 threads per core) family 6 model 58 stepping 9, cmov, cx8, fxsr, mmx, sse, sse2, sse3, ssse3, sse4.1, sse4.2, popcnt, erms, tsc, tscinvbit, tscinv

/proc/cpuinfo:
processor	: 0
vendor_id	: GenuineIntel
cpu family	: 6
model		: 58
model name	: Intel(R) Pentium(R) CPU G2030 @ 3.00GHz
stepping	: 9
microcode	: 0x17
cpu MHz		: 3000.000
cache size	: 3072 KB
physical id	: 0
siblings	: 2
core id		: 0
cpu cores	: 2
apicid		: 0
initial apicid	: 0
fdiv_bug	: no
hlt_bug		: no
f00f_bug	: no
coma_bug	: no
fpu		: yes
fpu_exception	: yes
cpuid level	: 13
wp		: yes
flags		: fpu vme de pse tsc msr pae mce cx8 apic sep mtrr pge mca cmov pat pse36 clflush dts acpi mmx fxsr sse sse2 ss ht tm pbe nx rdtscp lm constant_tsc arch_perfmon pebs bts xtopology nonstop_tsc aperfmperf pni pclmulqdq dtes64 monitor ds_cpl vmx est tm2 ssse3 cx16 xtpr pdcm pcid sse4_1 sse4_2 popcnt tsc_deadline_timer xsave lahf_lm arat epb xsaveopt pln pts dtherm tpr_shadow vnmi flexpriority ept vpid fsgsbase smep erms
bogomips	: 5986.60
clflush size	: 64
cache_alignment	: 64
address sizes	: 36 bits physical, 48 bits virtual
power management:

processor	: 1
vendor_id	: GenuineIntel
cpu family	: 6
model		: 58
model name	: Intel(R) Pentium(R) CPU G2030 @ 3.00GHz
stepping	: 9
microcode	: 0x17
cpu MHz		: 1600.000
cache size	: 3072 KB
physical id	: 0
siblings	: 2
core id		: 1
cpu cores	: 2
apicid		: 2
initial apicid	: 2
fdiv_bug	: no
hlt_bug		: no
f00f_bug	: no
coma_bug	: no
fpu		: yes
fpu_exception	: yes
cpuid level	: 13
wp		: yes
flags		: fpu vme de pse tsc msr pae mce cx8 apic sep mtrr pge mca cmov pat pse36 clflush dts acpi mmx fxsr sse sse2 ss ht tm pbe nx rdtscp lm constant_tsc arch_perfmon pebs bts xtopology nonstop_tsc aperfmperf pni pclmulqdq dtes64 monitor ds_cpl vmx est tm2 ssse3 cx16 xtpr pdcm pcid sse4_1 sse4_2 popcnt tsc_deadline_timer xsave lahf_lm arat epb xsaveopt pln pts dtherm tpr_shadow vnmi flexpriority ept vpid fsgsbase smep erms
bogomips	: 5986.36
clflush size	: 64
cache_alignment	: 64
address sizes	: 36 bits physical, 48 bits virtual
power management:



Memory: 4k page, physical 4004304k(175044k free), swap 0k(0k free)

vm_info: OpenJDK Server VM (24.75-b04) for linux-x86 JRE (1.7.0_75-b13), built on Jan 27 2015 16:24:35 by "buildd" with gcc 4.6.3

time: Thu Jul 16 16:02:46 2015
elapsed time: 6 seconds

