#
# There is insufficient memory for the Java Runtime Environment to continue.
# Native memory allocation (malloc) failed to allocate 44040192 bytes for committing reserved memory.
# Possible reasons:
#   The system is out of physical RAM or swap space
#   In 32 bit mode, the process size limit was hit
# Possible solutions:
#   Reduce memory load on the system
#   Increase physical memory or swap space
#   Check if swap backing store is full
#   Use 64 bit Java on a 64 bit OS
#   Decrease Java heap size (-Xmx/-Xms)
#   Decrease number of Java threads
#   Decrease Java thread stack sizes (-Xss)
#   Set larger code cache with -XX:ReservedCodeCacheSize=
# This output file may be truncated or incomplete.
#
#  Out of Memory Error (os_linux.cpp:2798), pid=15508, tid=1745378112
#
# JRE version: OpenJDK Runtime Environment (7.0_75-b13) (build 1.7.0_75-b13)
# Java VM: OpenJDK Server VM (24.75-b04 mixed mode linux-x86 )
# Derivative: IcedTea 2.5.4
# Distribution: Ubuntu 12.04 LTS, package 7u75-2.5.4-1~precise1
# Failed to write core dump. Core dumps have been disabled. To enable core dumping, try "ulimit -c unlimited" before starting Java again
#

---------------  T H R E A D  ---------------

Current thread (0x67f10400):  VMThread [stack: 0x68005000,0x68086000] [id=15532]

Stack: [0x68005000,0x68086000]
[error occurred during error reporting (printing stack bounds), id 0xb]

VM_Operation (0xb6582958): ParallelGCFailedAllocation, mode: safepoint, requested by thread 0xb6407c00


---------------  P R O C E S S  ---------------

Java Threads: ( => current thread )
  0x67f2c400 JavaThread "Service Thread" daemon [_thread_blocked, id=15545, stack(0x67b0b000,0x67b5c000)]
  0x67f2a400 JavaThread "C2 CompilerThread1" daemon [_thread_blocked, id=15542, stack(0x67b5c000,0x67bdd000)]
  0x67f28400 JavaThread "C2 CompilerThread0" daemon [_thread_blocked, id=15540, stack(0x67bdd000,0x67c5e000)]
  0x67f26c00 JavaThread "Signal Dispatcher" daemon [_thread_blocked, id=15538, stack(0x67c5e000,0x67caf000)]
  0x67f14400 JavaThread "Finalizer" daemon [_thread_blocked, id=15536, stack(0x67eaf000,0x67f00000)]
  0x67f12800 JavaThread "Reference Handler" daemon [_thread_blocked, id=15534, stack(0x6ac2e000,0x6ac7f000)]
  0xb6407c00 JavaThread "main" [_thread_blocked, id=15513, stack(0xb6533000,0xb6584000)]

Other Threads:
=>0x67f10400 VMThread [stack: 0x68005000,0x68086000] [id=15532]
  0x67f2e400 WatcherThread [stack: 0x67a8a000,0x67b0b000] [id=15547]

VM state:at safepoint (normal execution)

VM Mutex/Monitor currently owned by a thread:  ([mutex/lock_event])
[0xb6405238] Threads_lock - owner thread: 0x67f10400
[0xb6405648] Heap_lock - owner thread: 0xb6407c00

Heap
 PSYoungGen      total 71680K, used 10235K [0x9dd40000, 0xa2f40000, 0xb32c0000)
  eden space 61440K, 0% used [0x9dd40000,0x9dd40000,0xa1940000)
  from space 10240K, 99% used [0xa1940000,0xa233ec70,0xa2340000)
  to   space 8192K, 0% used [0xa2340000,0xa2340000,0xa2b40000)
 ParOldGen       total 41728K, used 24749K [0x732c0000, 0x75b80000, 0x9dd40000)
  object space 41728K, 59% used [0x732c0000,0x74aeb600,0x75b80000)
 PSPermGen       total 16384K, used 4021K [0x6b2c0000, 0x6c2c0000, 0x732c0000)
  object space 16384K, 24% used [0x6b2c0000,0x6b6ad7a8,0x6c2c0000)

Card table byte_map: [0x6b07f000,0x6b2c0000] byte_map_base: 0x6ad25a00

Polling page: 0xb76da000

Code Cache  [0xb33b2000, 0xb35f2000, 0xb63b2000)
 total_blobs=733 nmethods=614 adapters=73 free_code_cache=47074Kb largest_free_block=48173056

Compilation events (10 events):
Event: 19.469 Thread 0x67f2a400 nmethod 624 0xb35b90c8 code [0xb35b9240, 0xb35b985c]
Event: 19.474 Thread 0x67f28400 nmethod 622 0xb35bc3c8 code [0xb35bc900, 0xb35be654]
Event: 19.474 Thread 0x67f2a400  625             com.android.dx.ssa.back.FirstFitLocalCombiningAllocator::handleCheckCastResults (413 bytes)
Event: 19.488 Thread 0x67f28400  626             java.util.ArrayList::add (54 bytes)
Event: 19.491 Thread 0x67f28400 nmethod 626 0xb35b7848 code [0xb35b7960, 0xb35b7bc4]
Event: 19.491 Thread 0x67f28400  627             java.util.ArrayList::rangeCheckForAdd (26 bytes)
Event: 19.491 Thread 0x67f28400 nmethod 627 0xb3593948 code [0xb3593a40, 0xb3593ab0]
Event: 19.491 Thread 0x67f28400  628             com.android.dx.rop.code.BasicBlockList::getRegCount (34 bytes)
Event: 19.495 Thread 0x67f28400 nmethod 628 0xb35bbb08 code [0xb35bbc40, 0xb35bbef0]
Event: 19.495 Thread 0x67f28400  629             com.android.dx.cf.direct.StdAttributeFactory::parse0 (532 bytes)

GC Heap History (10 events):
Event: 15.564 GC heap after
Heap after GC invocations=4 (full 0):
 PSYoungGen      total 18432K, used 2544K [0x9dd40000, 0xa0140000, 0xb32c0000)
  eden space 15872K, 0% used [0x9dd40000,0x9dd40000,0x9ecc0000)
  from space 2560K, 99% used [0x9ef40000,0x9f1bc338,0x9f1c0000)
  to   space 2560K, 0% used [0x9ecc0000,0x9ecc0000,0x9ef40000)
 ParOldGen       total 41728K, used 8555K [0x732c0000, 0x75b80000, 0x9dd40000)
  object space 41728K, 20% used [0x732c0000,0x73b1ac10,0x75b80000)
 PSPermGen       total 16384K, used 3968K [0x6b2c0000, 0x6c2c0000, 0x732c0000)
  object space 16384K, 24% used [0x6b2c0000,0x6b6a0128,0x6c2c0000)
}
Event: 16.092 GC heap before
{Heap before GC invocations=5 (full 0):
 PSYoungGen      total 18432K, used 18416K [0x9dd40000, 0xa0140000, 0xb32c0000)
  eden space 15872K, 100% used [0x9dd40000,0x9ecc0000,0x9ecc0000)
  from space 2560K, 99% used [0x9ef40000,0x9f1bc338,0x9f1c0000)
  to   space 2560K, 0% used [0x9ecc0000,0x9ecc0000,0x9ef40000)
 ParOldGen       total 41728K, used 8555K [0x732c0000, 0x75b80000, 0x9dd40000)
  object space 41728K, 20% used [0x732c0000,0x73b1ac10,0x75b80000)
 PSPermGen       total 16384K, used 3978K [0x6b2c0000, 0x6c2c0000, 0x732c0000)
  object space 16384K, 24% used [0x6b2c0000,0x6b6a2b40,0x6c2c0000)
Event: 16.109 GC heap after
Heap after GC invocations=5 (full 0):
 PSYoungGen      total 18432K, used 2557K [0x9dd40000, 0xa07c0000, 0xb32c0000)
  eden space 15872K, 0% used [0x9dd40000,0x9dd40000,0x9ecc0000)
  from space 2560K, 99% used [0x9ecc0000,0x9ef3f5d8,0x9ef40000)
  to   space 5888K, 0% used [0xa0200000,0xa0200000,0xa07c0000)
 ParOldGen       total 41728K, used 11073K [0x732c0000, 0x75b80000, 0x9dd40000)
  object space 41728K, 26% used [0x732c0000,0x73d90430,0x75b80000)
 PSPermGen       total 16384K, used 3978K [0x6b2c0000, 0x6c2c0000, 0x732c0000)
  object space 16384K, 24% used [0x6b2c0000,0x6b6a2b40,0x6c2c0000)
}
Event: 16.691 GC heap before
{Heap before GC invocations=6 (full 0):
 PSYoungGen      total 18432K, used 18429K [0x9dd40000, 0xa07c0000, 0xb32c0000)
  eden space 15872K, 100% used [0x9dd40000,0x9ecc0000,0x9ecc0000)
  from space 2560K, 99% used [0x9ecc0000,0x9ef3f5d8,0x9ef40000)
  to   space 5888K, 0% used [0xa0200000,0xa0200000,0xa07c0000)
 ParOldGen       total 41728K, used 11073K [0x732c0000, 0x75b80000, 0x9dd40000)
  object space 41728K, 26% used [0x732c0000,0x73d90430,0x75b80000)
 PSPermGen       total 16384K, used 3987K [0x6b2c0000, 0x6c2c0000, 0x732c0000)
  object space 16384K, 24% used [0x6b2c0000,0x6b6a4dc0,0x6c2c0000)
Event: 16.702 GC heap after
Heap after GC invocations=6 (full 0):
 PSYoungGen      total 37632K, used 4883K [0x9dd40000, 0xa07c0000, 0xb32c0000)
  eden space 31744K, 0% used [0x9dd40000,0x9dd40000,0x9fc40000)
  from space 5888K, 82% used [0xa0200000,0xa06c4d30,0xa07c0000)
  to   space 5888K, 0% used [0x9fc40000,0x9fc40000,0xa0200000)
 ParOldGen       total 41728K, used 11073K [0x732c0000, 0x75b80000, 0x9dd40000)
  object space 41728K, 26% used [0x732c0000,0x73d90430,0x75b80000)
 PSPermGen       total 16384K, used 3987K [0x6b2c0000, 0x6c2c0000, 0x732c0000)
  object space 16384K, 24% used [0x6b2c0000,0x6b6a4dc0,0x6c2c0000)
}
Event: 17.532 GC heap before
{Heap before GC invocations=7 (full 0):
 PSYoungGen      total 37632K, used 36627K [0x9dd40000, 0xa07c0000, 0xb32c0000)
  eden space 31744K, 100% used [0x9dd40000,0x9fc40000,0x9fc40000)
  from space 5888K, 82% used [0xa0200000,0xa06c4d30,0xa07c0000)
  to   space 5888K, 0% used [0x9fc40000,0x9fc40000,0xa0200000)
 ParOldGen       total 41728K, used 11073K [0x732c0000, 0x75b80000, 0x9dd40000)
  object space 41728K, 26% used [0x732c0000,0x73d90430,0x75b80000)
 PSPermGen       total 16384K, used 3998K [0x6b2c0000, 0x6c2c0000, 0x732c0000)
  object space 16384K, 24% used [0x6b2c0000,0x6b6a7bd0,0x6c2c0000)
Event: 18.469 GC heap after
Heap after GC invocations=7 (full 0):
 PSYoungGen      total 37632K, used 5886K [0x9dd40000, 0xa2b40000, 0xb32c0000)
  eden space 31744K, 0% used [0x9dd40000,0x9dd40000,0x9fc40000)
  from space 5888K, 99% used [0x9fc40000,0xa01ffbf8,0xa0200000)
  to   space 8192K, 0% used [0xa2340000,0xa2340000,0xa2b40000)
 ParOldGen       total 41728K, used 14798K [0x732c0000, 0x75b80000, 0x9dd40000)
  object space 41728K, 35% used [0x732c0000,0x741339d8,0x75b80000)
 PSPermGen       total 16384K, used 3998K [0x6b2c0000, 0x6c2c0000, 0x732c0000)
  object space 16384K, 24% used [0x6b2c0000,0x6b6a7bd0,0x6c2c0000)
}
Event: 19.099 GC heap before
{Heap before GC invocations=8 (full 0):
 PSYoungGen      total 37632K, used 37630K [0x9dd40000, 0xa2b40000, 0xb32c0000)
  eden space 31744K, 100% used [0x9dd40000,0x9fc40000,0x9fc40000)
  from space 5888K, 99% used [0x9fc40000,0xa01ffbf8,0xa0200000)
  to   space 8192K, 0% used [0xa2340000,0xa2340000,0xa2b40000)
 ParOldGen       total 41728K, used 14798K [0x732c0000, 0x75b80000, 0x9dd40000)
  object space 41728K, 35% used [0x732c0000,0x741339d8,0x75b80000)
 PSPermGen       total 16384K, used 4014K [0x6b2c0000, 0x6c2c0000, 0x732c0000)
  object space 16384K, 24% used [0x6b2c0000,0x6b6ab880,0x6c2c0000)
Event: 19.137 GC heap after
Heap after GC invocations=8 (full 0):
 PSYoungGen      total 69632K, used 8178K [0x9dd40000, 0xa2f40000, 0xb32c0000)
  eden space 61440K, 0% used [0x9dd40000,0x9dd40000,0xa1940000)
  from space 8192K, 99% used [0xa2340000,0xa2b3c830,0xa2b40000)
  to   space 10240K, 0% used [0xa1940000,0xa1940000,0xa2340000)
 ParOldGen       total 41728K, used 17674K [0x732c0000, 0x75b80000, 0x9dd40000)
  object space 41728K, 42% used [0x732c0000,0x74402bb0,0x75b80000)
 PSPermGen       total 16384K, used 4014K [0x6b2c0000, 0x6c2c0000, 0x732c0000)
  object space 16384K, 24% used [0x6b2c0000,0x6b6ab880,0x6c2c0000)
}
Event: 19.506 GC heap before
{Heap before GC invocations=9 (full 0):
 PSYoungGen      total 69632K, used 69618K [0x9dd40000, 0xa2f40000, 0xb32c0000)
  eden space 61440K, 100% used [0x9dd40000,0xa1940000,0xa1940000)
  from space 8192K, 99% used [0xa2340000,0xa2b3c830,0xa2b40000)
  to   space 10240K, 0% used [0xa1940000,0xa1940000,0xa2340000)
 ParOldGen       total 41728K, used 17674K [0x732c0000, 0x75b80000, 0x9dd40000)
  object space 41728K, 42% used [0x732c0000,0x74402bb0,0x75b80000)
 PSPermGen       total 16384K, used 4021K [0x6b2c0000, 0x6c2c0000, 0x732c0000)
  object space 16384K, 24% used [0x6b2c0000,0x6b6ad7a8,0x6c2c0000)

Deoptimization events (10 events):
Event: 16.822 Thread 0xb6407c00 Uncommon trap: reason=bimorphic action=maybe_recompile pc=0xb34e50e4 method=com.android.dx.ssa.LiteralOpUpgrader.tryReplacingWithConstant(Lcom/android/dx/ssa/NormalSsaInsn;)Z @ 62
Event: 16.999 Thread 0xb6407c00 Uncommon trap: reason=bimorphic action=maybe_recompile pc=0xb34a646c method=com.android.dx.cf.code.BytecodeArray.parseInstruction(ILcom/android/dx/cf/code/BytecodeArray$Visitor;)I @ 2484
Event: 16.999 Thread 0xb6407c00 Uncommon trap: reason=bimorphic action=maybe_recompile pc=0xb34a646c method=com.android.dx.cf.code.BytecodeArray.parseInstruction(ILcom/android/dx/cf/code/BytecodeArray$Visitor;)I @ 2484
Event: 16.999 Thread 0xb6407c00 Uncommon trap: reason=bimorphic action=maybe_recompile pc=0xb34a646c method=com.android.dx.cf.code.BytecodeArray.parseInstruction(ILcom/android/dx/cf/code/BytecodeArray$Visitor;)I @ 2484
Event: 16.999 Thread 0xb6407c00 Uncommon trap: reason=bimorphic action=maybe_recompile pc=0xb34a646c method=com.android.dx.cf.code.BytecodeArray.parseInstruction(ILcom/android/dx/cf/code/BytecodeArray$Visitor;)I @ 2484
Event: 18.864 Thread 0xb6407c00 Uncommon trap: reason=null_check action=make_not_entrant pc=0xb353aa1c method=com.android.dx.dex.file.FieldIdsSection.intern(Lcom/android/dx/rop/cst/CstFieldRef;)Lcom/android/dx/dex/file/FieldIdItem; @ 26
Event: 19.085 Thread 0xb6407c00 Uncommon trap: reason=unloaded action=reinterpret pc=0xb3516e64 method=com.android.dx.cf.cst.ConstantPoolParser.parse0(ILjava/util/BitSet;)Lcom/android/dx/rop/cst/Constant; @ 220
Event: 19.294 Thread 0xb6407c00 Uncommon trap: reason=unreached action=reinterpret pc=0xb3560a1c method=com.android.dx.cf.code.Merger.mergeLocals(Lcom/android/dx/cf/code/OneLocalsArray;Lcom/android/dx/cf/code/OneLocalsArray;)Lcom/android/dx/cf/code/OneLocalsArray; @ 2
Event: 19.382 Thread 0xb6407c00 Uncommon trap: reason=class_check action=maybe_recompile pc=0xb357b530 method=com.android.dx.ssa.back.FirstFitLocalCombiningAllocator.findNextUnreservedRopReg(IILcom/android/dx/ssa/back/FirstFitLocalCombiningAllocator$Alignment;)I @ 60
Event: 19.382 Thread 0xb6407c00 Uncommon trap: reason=class_check action=maybe_recompile pc=0xb357b530 method=com.android.dx.ssa.back.FirstFitLocalCombiningAllocator.findNextUnreservedRopReg(IILcom/android/dx/ssa/back/FirstFitLocalCombiningAllocator$Alignment;)I @ 60

Internal exceptions (10 events):
Event: 14.836 Thread 0xb6407c00 Implicit null exception at 0xb34b482d to 0xb34b656d
Event: 14.942 Thread 0xb6407c00 Implicit null exception at 0xb34932ee to 0xb34938bd
Event: 14.981 Thread 0xb6407c00 Threw 0x9df4a008 at /build/buildd/openjdk-7-7u75-2.5.4/build/openjdk/hotspot/src/share/vm/prims/jvm.cpp:1284
Event: 14.982 Thread 0xb6407c00 Threw 0x9df4ce38 at /build/buildd/openjdk-7-7u75-2.5.4/build/openjdk/hotspot/src/share/vm/prims/jvm.cpp:1284
Event: 15.044 Thread 0xb6407c00 Threw 0x9e0d50b8 at /build/buildd/openjdk-7-7u75-2.5.4/build/openjdk/hotspot/src/share/vm/prims/jvm.cpp:1284
Event: 15.060 Thread 0xb6407c00 Threw 0x9e0db078 at /build/buildd/openjdk-7-7u75-2.5.4/build/openjdk/hotspot/src/share/vm/prims/jvm.cpp:1284
Event: 15.061 Thread 0xb6407c00 Threw 0x9e0e0e08 at /build/buildd/openjdk-7-7u75-2.5.4/build/openjdk/hotspot/src/share/vm/prims/jvm.cpp:1284
Event: 16.197 Thread 0xb6407c00 Threw 0x9e0a9290 at /build/buildd/openjdk-7-7u75-2.5.4/build/openjdk/hotspot/src/share/vm/prims/jvm.cpp:1284
Event: 19.028 Thread 0xb6407c00 Threw 0x9f6164b0 at /build/buildd/openjdk-7-7u75-2.5.4/build/openjdk/hotspot/src/share/vm/prims/jvm.cpp:1284
Event: 19.067 Thread 0xb6407c00 Threw 0x9f8ecf78 at /build/buildd/openjdk-7-7u75-2.5.4/build/openjdk/hotspot/src/share/vm/prims/jvm.cpp:1284

Events (10 events):
Event: 19.294 Thread 0xb6407c00 Uncommon trap: trap_request=0xffffffad fr.pc=0xb3560a1c
Event: 19.294 Thread 0xb6407c00 DEOPT PACKING pc=0xb3560a1c sp=0xb6582a30
Event: 19.294 Thread 0xb6407c00 DEOPT UNPACKING pc=0xb33debc8 sp=0xb6582a18 mode 2
Event: 19.382 Thread 0xb6407c00 Uncommon trap: trap_request=0xffffffde fr.pc=0xb357b530
Event: 19.382 Thread 0xb6407c00 DEOPT PACKING pc=0xb357b530 sp=0xb6582a40
Event: 19.382 Thread 0xb6407c00 DEOPT UNPACKING pc=0xb33debc8 sp=0xb6582a24 mode 2
Event: 19.382 Thread 0xb6407c00 Uncommon trap: trap_request=0xffffffde fr.pc=0xb357b530
Event: 19.382 Thread 0xb6407c00 DEOPT PACKING pc=0xb357b530 sp=0xb6582a40
Event: 19.382 Thread 0xb6407c00 DEOPT UNPACKING pc=0xb33debc8 sp=0xb6582a24 mode 2
Event: 19.506 Executing VM operation: ParallelGCFailedAllocation


Dynamic libraries:
08048000-08049000 r-xp 00000000 08:05 4983886    /usr/lib/jvm/java-7-openjdk-i386/jre/bin/java
08049000-0804a000 r--p 00000000 08:05 4983886    /usr/lib/jvm/java-7-openjdk-i386/jre/bin/java
0804a000-0804b000 rw-p 00001000 08:05 4983886    /usr/lib/jvm/java-7-openjdk-i386/jre/bin/java
09cda000-0a4ca000 rw-p 00000000 00:00 0          [heap]
66c00000-66ce0000 rw-p 00000000 00:00 0 
66ce0000-66d00000 ---p 00000000 00:00 0 
66e00000-66efe000 rw-p 00000000 00:00 0 
66efe000-66f00000 ---p 00000000 00:00 0 
66f00000-66ff3000 rw-p 00000000 00:00 0 
66ff3000-67000000 ---p 00000000 00:00 0 
67000000-670fc000 rw-p 00000000 00:00 0 
670fc000-67100000 ---p 00000000 00:00 0 
67200000-672e9000 rw-p 00000000 00:00 0 
672e9000-67300000 ---p 00000000 00:00 0 
67400000-674d2000 rw-p 00000000 00:00 0 
674d2000-67500000 ---p 00000000 00:00 0 
67500000-675fe000 rw-p 00000000 00:00 0 
675fe000-67600000 ---p 00000000 00:00 0 
67600000-6763b000 rw-p 00000000 00:00 0 
6763b000-67700000 ---p 00000000 00:00 0 
6774d000-67787000 r-xp 00000000 08:05 3802088    /lib/i386-linux-gnu/libpcre.so.3.12.1
67787000-67788000 r--p 00039000 08:05 3802088    /lib/i386-linux-gnu/libpcre.so.3.12.1
67788000-67789000 rw-p 0003a000 08:05 3802088    /lib/i386-linux-gnu/libpcre.so.3.12.1
67789000-6779c000 r-xp 00000000 08:05 3802099    /lib/i386-linux-gnu/libresolv-2.15.so
6779c000-6779d000 ---p 00013000 08:05 3802099    /lib/i386-linux-gnu/libresolv-2.15.so
6779d000-6779e000 r--p 00013000 08:05 3802099    /lib/i386-linux-gnu/libresolv-2.15.so
6779e000-6779f000 rw-p 00014000 08:05 3802099    /lib/i386-linux-gnu/libresolv-2.15.so
6779f000-677a1000 rw-p 00000000 00:00 0 
677a1000-677be000 r-xp 00000000 08:05 3802103    /lib/i386-linux-gnu/libselinux.so.1
677be000-677bf000 r--p 0001c000 08:05 3802103    /lib/i386-linux-gnu/libselinux.so.1
677bf000-677c0000 rw-p 0001d000 08:05 3802103    /lib/i386-linux-gnu/libselinux.so.1
677c0000-678b7000 r-xp 00000000 08:05 3802040    /lib/i386-linux-gnu/libglib-2.0.so.0.3200.3
678b7000-678b8000 r--p 000f6000 08:05 3802040    /lib/i386-linux-gnu/libglib-2.0.so.0.3200.3
678b8000-678b9000 rw-p 000f7000 08:05 3802040    /lib/i386-linux-gnu/libglib-2.0.so.0.3200.3
678b9000-67906000 r-xp 00000000 08:05 4985532    /usr/lib/i386-linux-gnu/libgobject-2.0.so.0.3200.3
67906000-67907000 r--p 0004c000 08:05 4985532    /usr/lib/i386-linux-gnu/libgobject-2.0.so.0.3200.3
67907000-67908000 rw-p 0004d000 08:05 4985532    /usr/lib/i386-linux-gnu/libgobject-2.0.so.0.3200.3
67908000-67a5b000 r-xp 00000000 08:05 4985508    /usr/lib/i386-linux-gnu/libgio-2.0.so.0.3200.3
67a5b000-67a5d000 r--p 00153000 08:05 4985508    /usr/lib/i386-linux-gnu/libgio-2.0.so.0.3200.3
67a5d000-67a5e000 rw-p 00155000 08:05 4985508    /usr/lib/i386-linux-gnu/libgio-2.0.so.0.3200.3
67a5e000-67a5f000 rw-p 00000000 00:00 0 
67a71000-67a88000 r-xp 00000000 08:05 4989135    /usr/lib/jvm/java-7-openjdk-i386/jre/lib/i386/libnet.so
67a88000-67a89000 r--p 00016000 08:05 4989135    /usr/lib/jvm/java-7-openjdk-i386/jre/lib/i386/libnet.so
67a89000-67a8a000 rw-p 00017000 08:05 4989135    /usr/lib/jvm/java-7-openjdk-i386/jre/lib/i386/libnet.so
67a8a000-67a8b000 ---p 00000000 00:00 0 
67a8b000-67b0b000 rw-p 00000000 00:00 0 
67b0b000-67b0e000 ---p 00000000 00:00 0 
67b0e000-67b5c000 rw-p 00000000 00:00 0 
67b5c000-67b5f000 ---p 00000000 00:00 0 
67b5f000-67bdd000 rw-p 00000000 00:00 0 
67bdd000-67be0000 ---p 00000000 00:00 0 
67be0000-67c5e000 rw-p 00000000 00:00 0 
67c5e000-67c61000 ---p 00000000 00:00 0 
67c61000-67caf000 rw-p 00000000 00:00 0 
67caf000-67eaf000 r--p 00000000 08:05 4988066    /usr/lib/locale/locale-archive
67eaf000-67eb2000 ---p 00000000 00:00 0 
67eb2000-67f00000 rw-p 00000000 00:00 0 
67f00000-67ffa000 rw-p 00000000 00:00 0 
67ffa000-68000000 ---p 00000000 00:00 0 
68005000-68006000 ---p 00000000 00:00 0 
68006000-680cf000 rw-p 00000000 00:00 0 
680cf000-68280000 r--s 01d23000 08:05 4989042    /usr/lib/jvm/java-7-openjdk-i386/jre/lib/rt.jar
68280000-6ab00000 rw-p 00000000 00:00 0 
6ab00000-6abf6000 rw-p 00000000 00:00 0 
6abf6000-6ac00000 ---p 00000000 00:00 0 
6ac05000-6ac0a000 r-xp 00000000 08:05 4985471    /usr/lib/i386-linux-gnu/libffi.so.6.0.0
6ac0a000-6ac0b000 r--p 00004000 08:05 4985471    /usr/lib/i386-linux-gnu/libffi.so.6.0.0
6ac0b000-6ac0c000 rw-p 00005000 08:05 4985471    /usr/lib/i386-linux-gnu/libffi.so.6.0.0
6ac0c000-6ac1d000 r-xp 00000000 08:05 4989121    /usr/lib/jvm/java-7-openjdk-i386/jre/lib/i386/libnio.so
6ac1d000-6ac1e000 r--p 00010000 08:05 4989121    /usr/lib/jvm/java-7-openjdk-i386/jre/lib/i386/libnio.so
6ac1e000-6ac1f000 rw-p 00011000 08:05 4989121    /usr/lib/jvm/java-7-openjdk-i386/jre/lib/i386/libnio.so
6ac1f000-6ac2e000 r--s 000dd000 08:06 21369266   /home/ankit/Ankitt Data/ECLIPSE/sdk/build-tools/22.0.1/lib/dx.jar
6ac2e000-6ac31000 ---p 00000000 00:00 0 
6ac31000-6ac7f000 rw-p 00000000 00:00 0 
6ac7f000-6ac80000 ---p 00000000 00:00 0 
6ac80000-6ad00000 rw-p 00000000 00:00 0 
6ad00000-6ad21000 rw-p 00000000 00:00 0 
6ad21000-6ae00000 ---p 00000000 00:00 0 
6ae03000-6ae0d000 r--s 00085000 08:06 21631638   /home/ankit/Traafik latest/TraafikAppLatest/app/build/intermediates/exploded-aar/com.android.support/appcompat-v7/22.2.0/jars/classes.jar
6ae0d000-6ae68000 rw-p 00000000 00:00 0 
6ae68000-6ae69000 ---p 00000000 00:00 0 
6ae69000-6aef1000 rw-p 00000000 00:00 0 
6aef1000-6af29000 rw-p 00000000 00:00 0 
6af29000-6af3e000 rw-p 00000000 00:00 0 
6af3e000-6b07f000 rw-p 00000000 00:00 0 
6b07f000-6b087000 rw-p 00000000 00:00 0 
6b087000-6b0bf000 rw-p 00000000 00:00 0 
6b0bf000-6b0d4000 rw-p 00000000 00:00 0 
6b0d4000-6b214000 rw-p 00000000 00:00 0 
6b214000-6b23e000 rw-p 00000000 00:00 0 
6b23e000-6b2bf000 rw-p 00000000 00:00 0 
6b2bf000-6c2c0000 rw-p 00000000 00:00 0 
6c2c0000-732c0000 rw-p 00000000 00:00 0 
732c0000-75b80000 rw-p 00000000 00:00 0 
75b80000-9dd40000 rw-p 00000000 00:00 0 
9dd40000-a2f40000 rw-p 00000000 00:00 0 
a5940000-b32c0000 rw-p 00000000 00:00 0 
b32c1000-b32c4000 r-xp 00000000 08:05 4985518    /usr/lib/i386-linux-gnu/libgmodule-2.0.so.0.3200.3
b32c4000-b32c5000 r--p 00002000 08:05 4985518    /usr/lib/i386-linux-gnu/libgmodule-2.0.so.0.3200.3
b32c5000-b32c6000 rw-p 00003000 08:05 4985518    /usr/lib/i386-linux-gnu/libgmodule-2.0.so.0.3200.3
b32c6000-b32c7000 r--s 00007000 08:05 5246941    /usr/share/java/java-atk-wrapper.jar
b32c7000-b32ca000 r--s 0000f000 08:05 4989079    /usr/lib/jvm/java-7-openjdk-i386/jre/lib/ext/icedtea-sound.jar
b32ca000-b32cc000 r--s 00012000 08:05 4989084    /usr/lib/jvm/java-7-openjdk-i386/jre/lib/ext/zipfs.jar
b32cc000-b32d0000 r--s 00034000 08:05 4989083    /usr/lib/jvm/java-7-openjdk-i386/jre/lib/ext/sunjce_provider.jar
b32d0000-b32d4000 r--s 0003c000 08:05 4989081    /usr/lib/jvm/java-7-openjdk-i386/jre/lib/ext/sunpkcs11.jar
b32d4000-b32d7000 r--s 00086000 08:05 4989082    /usr/lib/jvm/java-7-openjdk-i386/jre/lib/ext/localedata.jar
b32d7000-b32fb000 rw-p 00000000 00:00 0 
b32fb000-b33b2000 rw-p 00000000 00:00 0 
b33b2000-b35f2000 rwxp 00000000 00:00 0 
b35f2000-b63b2000 rw-p 00000000 00:00 0 
b63b2000-b63bd000 r-xp 00000000 08:05 3802066    /lib/i386-linux-gnu/libnss_files-2.15.so
b63bd000-b63be000 r--p 0000a000 08:05 3802066    /lib/i386-linux-gnu/libnss_files-2.15.so
b63be000-b63bf000 rw-p 0000b000 08:05 3802066    /lib/i386-linux-gnu/libnss_files-2.15.so
b63bf000-b63c9000 r-xp 00000000 08:05 3802070    /lib/i386-linux-gnu/libnss_nis-2.15.so
b63c9000-b63ca000 r--p 00009000 08:05 3802070    /lib/i386-linux-gnu/libnss_nis-2.15.so
b63ca000-b63cb000 rw-p 0000a000 08:05 3802070    /lib/i386-linux-gnu/libnss_nis-2.15.so
b63cb000-b63e1000 r-xp 00000000 08:05 3802060    /lib/i386-linux-gnu/libnsl-2.15.so
b63e1000-b63e2000 r--p 00015000 08:05 3802060    /lib/i386-linux-gnu/libnsl-2.15.so
b63e2000-b63e3000 rw-p 00016000 08:05 3802060    /lib/i386-linux-gnu/libnsl-2.15.so
b63e3000-b63e5000 rw-p 00000000 00:00 0 
b63e5000-b63ec000 r-xp 00000000 08:05 3802062    /lib/i386-linux-gnu/libnss_compat-2.15.so
b63ec000-b63ed000 r--p 00006000 08:05 3802062    /lib/i386-linux-gnu/libnss_compat-2.15.so
b63ed000-b63ee000 rw-p 00007000 08:05 3802062    /lib/i386-linux-gnu/libnss_compat-2.15.so
b63ee000-b63f6000 r-xp 00000000 08:05 4989114    /usr/lib/jvm/java-7-openjdk-i386/jre/lib/i386/libzip.so
b63f6000-b63f7000 r--p 00007000 08:05 4989114    /usr/lib/jvm/java-7-openjdk-i386/jre/lib/i386/libzip.so
b63f7000-b63f8000 rw-p 00008000 08:05 4989114    /usr/lib/jvm/java-7-openjdk-i386/jre/lib/i386/libzip.so
b63f8000-b6400000 rw-s 00000000 08:05 145500     /tmp/hsperfdata_ankit/15508
b6400000-b64fd000 rw-p 00000000 00:00 0 
b64fd000-b6500000 ---p 00000000 00:00 0 
b6501000-b6528000 r-xp 00000000 08:05 4989134    /usr/lib/jvm/java-7-openjdk-i386/jre/lib/i386/libjava.so
b6528000-b6529000 r--p 00026000 08:05 4989134    /usr/lib/jvm/java-7-openjdk-i386/jre/lib/i386/libjava.so
b6529000-b652a000 rw-p 00027000 08:05 4989134    /usr/lib/jvm/java-7-openjdk-i386/jre/lib/i386/libjava.so
b652a000-b6531000 r-xp 00000000 08:05 3802101    /lib/i386-linux-gnu/librt-2.15.so
b6531000-b6532000 r--p 00006000 08:05 3802101    /lib/i386-linux-gnu/librt-2.15.so
b6532000-b6533000 rw-p 00007000 08:05 3802101    /lib/i386-linux-gnu/librt-2.15.so
b6533000-b6536000 ---p 00000000 00:00 0 
b6536000-b6584000 rw-p 00000000 00:00 0 
b6584000-b65a0000 r-xp 00000000 08:05 3802036    /lib/i386-linux-gnu/libgcc_s.so.1
b65a0000-b65a1000 r--p 0001b000 08:05 3802036    /lib/i386-linux-gnu/libgcc_s.so.1
b65a1000-b65a2000 rw-p 0001c000 08:05 3802036    /lib/i386-linux-gnu/libgcc_s.so.1
b65a2000-b65cc000 r-xp 00000000 08:05 3802047    /lib/i386-linux-gnu/libm-2.15.so
b65cc000-b65cd000 r--p 00029000 08:05 3802047    /lib/i386-linux-gnu/libm-2.15.so
b65cd000-b65ce000 rw-p 0002a000 08:05 3802047    /lib/i386-linux-gnu/libm-2.15.so
b65ce000-b66a6000 r-xp 00000000 08:05 4985813    /usr/lib/i386-linux-gnu/libstdc++.so.6.0.16
b66a6000-b66a7000 ---p 000d8000 08:05 4985813    /usr/lib/i386-linux-gnu/libstdc++.so.6.0.16
b66a7000-b66ab000 r--p 000d8000 08:05 4985813    /usr/lib/i386-linux-gnu/libstdc++.so.6.0.16
b66ab000-b66ac000 rw-p 000dc000 08:05 4985813    /usr/lib/i386-linux-gnu/libstdc++.so.6.0.16
b66ac000-b66b3000 rw-p 00000000 00:00 0 
b66b3000-b7075000 r-xp 00000000 08:05 4989140    /usr/lib/jvm/java-7-openjdk-i386/jre/lib/i386/server/libjvm.so
b7075000-b70ca000 r--p 009c2000 08:05 4989140    /usr/lib/jvm/java-7-openjdk-i386/jre/lib/i386/server/libjvm.so
b70ca000-b70de000 rw-p 00a17000 08:05 4989140    /usr/lib/jvm/java-7-openjdk-i386/jre/lib/i386/server/libjvm.so
b70de000-b74fc000 rw-p 00000000 00:00 0 
b74fc000-b7510000 r-xp 00000000 08:05 3802126    /lib/i386-linux-gnu/libz.so.1.2.3.4
b7510000-b7511000 r--p 00013000 08:05 3802126    /lib/i386-linux-gnu/libz.so.1.2.3.4
b7511000-b7512000 rw-p 00014000 08:05 3802126    /lib/i386-linux-gnu/libz.so.1.2.3.4
b7512000-b7529000 r-xp 00000000 08:05 3802095    /lib/i386-linux-gnu/libpthread-2.15.so
b7529000-b752a000 r--p 00016000 08:05 3802095    /lib/i386-linux-gnu/libpthread-2.15.so
b752a000-b752b000 rw-p 00017000 08:05 3802095    /lib/i386-linux-gnu/libpthread-2.15.so
b752b000-b752d000 rw-p 00000000 00:00 0 
b752d000-b7530000 r-xp 00000000 08:05 3802028    /lib/i386-linux-gnu/libdl-2.15.so
b7530000-b7531000 r--p 00002000 08:05 3802028    /lib/i386-linux-gnu/libdl-2.15.so
b7531000-b7532000 rw-p 00003000 08:05 3802028    /lib/i386-linux-gnu/libdl-2.15.so
b7532000-b76d1000 r-xp 00000000 08:05 3802015    /lib/i386-linux-gnu/libc-2.15.so
b76d1000-b76d3000 r--p 0019f000 08:05 3802015    /lib/i386-linux-gnu/libc-2.15.so
b76d3000-b76d4000 rw-p 001a1000 08:05 3802015    /lib/i386-linux-gnu/libc-2.15.so
b76d4000-b76d7000 rw-p 00000000 00:00 0 
b76d7000-b76d8000 r--s 00002000 08:05 4989080    /usr/lib/jvm/java-7-openjdk-i386/jre/lib/ext/dnsns.jar
b76d8000-b76d9000 r--p 005db000 08:05 4988066    /usr/lib/locale/locale-archive
b76d9000-b76da000 rw-p 00000000 00:00 0 
b76da000-b76db000 ---p 00000000 00:00 0 
b76db000-b76e7000 r-xp 00000000 08:05 4989131    /usr/lib/jvm/java-7-openjdk-i386/jre/lib/i386/libverify.so
b76e7000-b76e8000 r--p 0000b000 08:05 4989131    /usr/lib/jvm/java-7-openjdk-i386/jre/lib/i386/libverify.so
b76e8000-b76e9000 rw-p 0000c000 08:05 4989131    /usr/lib/jvm/java-7-openjdk-i386/jre/lib/i386/libverify.so
b76e9000-b76f6000 r-xp 00000000 08:05 4989106    /usr/lib/jvm/java-7-openjdk-i386/jre/lib/i386/jli/libjli.so
b76f6000-b76f7000 r--p 0000c000 08:05 4989106    /usr/lib/jvm/java-7-openjdk-i386/jre/lib/i386/jli/libjli.so
b76f7000-b76f8000 rw-p 0000d000 08:05 4989106    /usr/lib/jvm/java-7-openjdk-i386/jre/lib/i386/jli/libjli.so
b76f8000-b76fb000 rw-p 00000000 00:00 0 
b76fb000-b76fc000 r-xp 00000000 00:00 0          [vdso]
b76fc000-b771c000 r-xp 00000000 08:05 3801995    /lib/i386-linux-gnu/ld-2.15.so
b771c000-b771d000 r--p 0001f000 08:05 3801995    /lib/i386-linux-gnu/ld-2.15.so
b771d000-b771e000 rw-p 00020000 08:05 3801995    /lib/i386-linux-gnu/ld-2.15.so
bfb86000-bfb87000 rwxp 00000000 00:00 0 
bfbb9000-bfbda000 rw-p 00000000 00:00 0          [stack]

VM Arguments:
jvm_args: -Xmx1024M -Dfile.encoding=UTF-8 -Duser.country=IN -Duser.language=en -Duser.variant 
java_command: com.android.dx.command.Main --dex --output /home/ankit/Traafik latest/TraafikAppLatest/app/build/intermediates/pre-dexed/debug/classes-e5990a7ad1ebf5ac17e63639d626303044d8d5c7.jar /home/ankit/Traafik latest/TraafikAppLatest/app/build/intermediates/exploded-aar/com.android.support/appcompat-v7/22.2.0/jars/classes.jar
Launcher Type: SUN_STANDARD

Environment Variables:
PATH=/usr/lib/lightdm/lightdm:/usr/local/sbin:/usr/local/bin:/usr/sbin:/usr/bin:/sbin:/bin:/usr/games
LD_LIBRARY_PATH=/home/ankit/Android studio/android-studio/bin:
SHELL=/bin/bash
DISPLAY=:0.0

Signal Handlers:
SIGSEGV: [libjvm.so+0x80b550], sa_mask[0]=0x7ffbfeff, sa_flags=0x10000004
SIGBUS: [libjvm.so+0x80b550], sa_mask[0]=0x7ffbfeff, sa_flags=0x10000004
SIGFPE: [libjvm.so+0x6753e0], sa_mask[0]=0x7ffbfeff, sa_flags=0x10000004
SIGPIPE: [libjvm.so+0x6753e0], sa_mask[0]=0x7ffbfeff, sa_flags=0x10000004
SIGXFSZ: [libjvm.so+0x6753e0], sa_mask[0]=0x7ffbfeff, sa_flags=0x10000004
SIGILL: [libjvm.so+0x6753e0], sa_mask[0]=0x7ffbfeff, sa_flags=0x10000004
SIGUSR1: SIG_DFL, sa_mask[0]=0x00000000, sa_flags=0x00000000
SIGUSR2: [libjvm.so+0x675690], sa_mask[0]=0x00000004, sa_flags=0x10000004
SIGHUP: [libjvm.so+0x675850], sa_mask[0]=0x7ffbfeff, sa_flags=0x10000004
SIGINT: [libjvm.so+0x675850], sa_mask[0]=0x7ffbfeff, sa_flags=0x10000004
SIGTERM: [libjvm.so+0x675850], sa_mask[0]=0x7ffbfeff, sa_flags=0x10000004
SIGQUIT: [libjvm.so+0x675850], sa_mask[0]=0x7ffbfeff, sa_flags=0x10000004
SIGTRAP: SIG_DFL, sa_mask[0]=0x00000000, sa_flags=0x00000000


---------------  S Y S T E M  ---------------

OS:Ubuntu 12.04 (precise)
uname:Linux 3.2.0-29-generic-pae #46-Ubuntu SMP Fri Jul 27 17:25:43 UTC 2012 i686
libc:glibc 2.15 NPTL 2.15 
rlimit: STACK 8192k, CORE 0k, NPROC 31169, NOFILE 4096, AS infinity
load average:6.35 2.93 1.54

/proc/meminfo:
MemTotal:        4004304 kB
MemFree:          180280 kB
Buffers:             480 kB
Cached:           585320 kB
SwapCached:            0 kB
Active:          3356344 kB
Inactive:         387932 kB
Active(anon):    3313504 kB
Inactive(anon):   342364 kB
Active(file):      42840 kB
Inactive(file):    45568 kB
Unevictable:          16 kB
Mlocked:              16 kB
HighTotal:       3159312 kB
HighFree:          11548 kB
LowTotal:         844992 kB
LowFree:          168732 kB
SwapTotal:             0 kB
SwapFree:              0 kB
Dirty:              3044 kB
Writeback:           300 kB
AnonPages:       3158476 kB
Mapped:            91980 kB
Shmem:            497424 kB
Slab:              38452 kB
SReclaimable:      18492 kB
SUnreclaim:        19960 kB
KernelStack:        4808 kB
PageTables:        19692 kB
NFS_Unstable:          0 kB
Bounce:                0 kB
WritebackTmp:          0 kB
CommitLimit:     2002152 kB
Committed_AS:    7530236 kB
VmallocTotal:     122880 kB
VmallocUsed:       15288 kB
VmallocChunk:     105712 kB
HardwareCorrupted:     0 kB
AnonHugePages:         0 kB
HugePages_Total:       0
HugePages_Free:        0
HugePages_Rsvd:        0
HugePages_Surp:        0
Hugepagesize:       2048 kB
DirectMap4k:       10232 kB
DirectMap2M:      903168 kB


CPU:total 2 (2 cores per cpu, 1 threads per core) family 6 model 58 stepping 9, cmov, cx8, fxsr, mmx, sse, sse2, sse3, ssse3, sse4.1, sse4.2, popcnt, erms, tsc, tscinvbit, tscinv

/proc/cpuinfo:
processor	: 0
vendor_id	: GenuineIntel
cpu family	: 6
model		: 58
model name	: Intel(R) Pentium(R) CPU G2030 @ 3.00GHz
stepping	: 9
microcode	: 0x17
cpu MHz		: 3000.000
cache size	: 3072 KB
physical id	: 0
siblings	: 2
core id		: 0
cpu cores	: 2
apicid		: 0
initial apicid	: 0
fdiv_bug	: no
hlt_bug		: no
f00f_bug	: no
coma_bug	: no
fpu		: yes
fpu_exception	: yes
cpuid level	: 13
wp		: yes
flags		: fpu vme de pse tsc msr pae mce cx8 apic sep mtrr pge mca cmov pat pse36 clflush dts acpi mmx fxsr sse sse2 ss ht tm pbe nx rdtscp lm constant_tsc arch_perfmon pebs bts xtopology nonstop_tsc aperfmperf pni pclmulqdq dtes64 monitor ds_cpl vmx est tm2 ssse3 cx16 xtpr pdcm pcid sse4_1 sse4_2 popcnt tsc_deadline_timer xsave lahf_lm arat epb xsaveopt pln pts dtherm tpr_shadow vnmi flexpriority ept vpid fsgsbase smep erms
bogomips	: 5986.47
clflush size	: 64
cache_alignment	: 64
address sizes	: 36 bits physical, 48 bits virtual
power management:

processor	: 1
vendor_id	: GenuineIntel
cpu family	: 6
model		: 58
model name	: Intel(R) Pentium(R) CPU G2030 @ 3.00GHz
stepping	: 9
microcode	: 0x17
cpu MHz		: 3000.000
cache size	: 3072 KB
physical id	: 0
siblings	: 2
core id		: 1
cpu cores	: 2
apicid		: 2
initial apicid	: 2
fdiv_bug	: no
hlt_bug		: no
f00f_bug	: no
coma_bug	: no
fpu		: yes
fpu_exception	: yes
cpuid level	: 13
wp		: yes
flags		: fpu vme de pse tsc msr pae mce cx8 apic sep mtrr pge mca cmov pat pse36 clflush dts acpi mmx fxsr sse sse2 ss ht tm pbe nx rdtscp lm constant_tsc arch_perfmon pebs bts xtopology nonstop_tsc aperfmperf pni pclmulqdq dtes64 monitor ds_cpl vmx est tm2 ssse3 cx16 xtpr pdcm pcid sse4_1 sse4_2 popcnt tsc_deadline_timer xsave lahf_lm arat epb xsaveopt pln pts dtherm tpr_shadow vnmi flexpriority ept vpid fsgsbase smep erms
bogomips	: 5986.36
clflush size	: 64
cache_alignment	: 64
address sizes	: 36 bits physical, 48 bits virtual
power management:



Memory: 4k page, physical 4004304k(180280k free), swap 0k(0k free)

vm_info: OpenJDK Server VM (24.75-b04) for linux-x86 JRE (1.7.0_75-b13), built on Jan 27 2015 16:24:35 by "buildd" with gcc 4.6.3

time: Fri Jul 17 17:07:35 2015
elapsed time: 19 seconds

