#
# There is insufficient memory for the Java Runtime Environment to continue.
# Native memory allocation (malloc) failed to allocate 86245376 bytes for committing reserved memory.
# Possible reasons:
#   The system is out of physical RAM or swap space
#   In 32 bit mode, the process size limit was hit
# Possible solutions:
#   Reduce memory load on the system
#   Increase physical memory or swap space
#   Check if swap backing store is full
#   Use 64 bit Java on a 64 bit OS
#   Decrease Java heap size (-Xmx/-Xms)
#   Decrease number of Java threads
#   Decrease Java thread stack sizes (-Xss)
#   Set larger code cache with -XX:ReservedCodeCacheSize=
# This output file may be truncated or incomplete.
#
#  Out of Memory Error (os_linux.cpp:2798), pid=18909, tid=1746426688
#
# JRE version: OpenJDK Runtime Environment (7.0_75-b13) (build 1.7.0_75-b13)
# Java VM: OpenJDK Server VM (24.75-b04 mixed mode linux-x86 )
# Derivative: IcedTea 2.5.4
# Distribution: Ubuntu 12.04 LTS, package 7u75-2.5.4-1~precise1
# Failed to write core dump. Core dumps have been disabled. To enable core dumping, try "ulimit -c unlimited" before starting Java again
#

---------------  T H R E A D  ---------------

Current thread (0x68010400):  VMThread [stack: 0x68105000,0x68186000] [id=18916]

Stack: [0x68105000,0x68186000]
[error occurred during error reporting (printing stack bounds), id 0xb]

VM_Operation (0xb6660948): ParallelGCFailedAllocation, mode: safepoint, requested by thread 0xb6507c00


---------------  P R O C E S S  ---------------

Java Threads: ( => current thread )
  0x6802c400 JavaThread "Service Thread" daemon [_thread_blocked, id=18922, stack(0x67bba000,0x67c0b000)]
  0x6802a800 JavaThread "C2 CompilerThread1" daemon [_thread_blocked, id=18921, stack(0x67c0b000,0x67c8c000)]
  0x68028800 JavaThread "C2 CompilerThread0" daemon [_thread_blocked, id=18920, stack(0x67c8c000,0x67d0d000)]
  0x68026c00 JavaThread "Signal Dispatcher" daemon [_thread_blocked, id=18919, stack(0x67d0d000,0x67d5e000)]
  0x68014400 JavaThread "Finalizer" daemon [_thread_blocked, id=18918, stack(0x67f5e000,0x67faf000)]
  0x68012800 JavaThread "Reference Handler" daemon [_thread_blocked, id=18917, stack(0x67faf000,0x68000000)]
  0xb6507c00 JavaThread "main" [_thread_blocked, id=18911, stack(0xb6611000,0xb6662000)]

Other Threads:
=>0x68010400 VMThread [stack: 0x68105000,0x68186000] [id=18916]
  0x6802e000 WatcherThread [stack: 0x67b39000,0x67bba000] [id=18923]

VM state:at safepoint (normal execution)

VM Mutex/Monitor currently owned by a thread:  ([mutex/lock_event])
[0xb6505228] Threads_lock - owner thread: 0x68010400
[0xb6505638] Heap_lock - owner thread: 0xb6507c00

Heap
 PSYoungGen      total 138240K, used 18429K [0x9de40000, 0xa7bc0000, 0xb33c0000)
  eden space 119808K, 0% used [0x9de40000,0x9de40000,0xa5340000)
  from space 18432K, 99% used [0xa5340000,0xa653f718,0xa6540000)
  to   space 13824K, 0% used [0xa6540000,0xa6540000,0xa72c0000)
 ParOldGen       total 41728K, used 41657K [0x733c0000, 0x75c80000, 0x9de40000)
  object space 41728K, 99% used [0x733c0000,0x75c6e568,0x75c80000)
 PSPermGen       total 16384K, used 4066K [0x6b3c0000, 0x6c3c0000, 0x733c0000)
  object space 16384K, 24% used [0x6b3c0000,0x6b7b8ad8,0x6c3c0000)

Card table byte_map: [0x6b17f000,0x6b3c0000] byte_map_base: 0x6ae25200

Polling page: 0xb77b8000

Code Cache  [0xb3489000, 0xb3701000, 0xb6489000)
 total_blobs=835 nmethods=716 adapters=73 free_code_cache=46667Kb largest_free_block=47744832

Compilation events (10 events):
Event: 11.808 Thread 0x68028800 nmethod 734 0xb36df408 code [0xb36df500, 0xb36df630]
Event: 11.808 Thread 0x68028800  735             com.android.dx.rop.cst.CstNat::isClassInit (13 bytes)
Event: 11.808 Thread 0x68028800 nmethod 735 0xb36df148 code [0xb36df240, 0xb36df370]
Event: 11.823 Thread 0x68028800  736             java.util.HashMap::<init> (8 bytes)
Event: 11.824 Thread 0x68028800 nmethod 736 0xb36deec8 code [0xb36defc0, 0xb36df090]
Event: 11.907 Thread 0x68028800  737             com.android.dx.ssa.SsaMethod::makeNewGotoBlock (52 bytes)
Event: 11.914 Thread 0x68028800 nmethod 737 0xb36de2c8 code [0xb36de440, 0xb36de924]
Event: 11.915 Thread 0x68028800  738             com.android.dx.ssa.SsaMethod::getGoto (26 bytes)
Event: 11.917 Thread 0x68028800 nmethod 738 0xb36e65c8 code [0xb36e66e0, 0xb36e6850]
Event: 11.932 Thread 0x6802a800 nmethod 733 0xb36fb9c8 code [0xb36fbd00, 0xb36fdb1c]

GC Heap History (10 events):
Event: 4.127 GC heap after
Heap after GC invocations=4 (full 0):
 PSYoungGen      total 34304K, used 2551K [0x9de40000, 0xa0240000, 0xb33c0000)
  eden space 31744K, 0% used [0x9de40000,0x9de40000,0x9fd40000)
  from space 2560K, 99% used [0x9ffc0000,0xa023def0,0xa0240000)
  to   space 2560K, 0% used [0x9fd40000,0x9fd40000,0x9ffc0000)
 ParOldGen       total 41728K, used 8445K [0x733c0000, 0x75c80000, 0x9de40000)
  object space 41728K, 20% used [0x733c0000,0x73bff4d8,0x75c80000)
 PSPermGen       total 16384K, used 3960K [0x6b3c0000, 0x6c3c0000, 0x733c0000)
  object space 16384K, 24% used [0x6b3c0000,0x6b79e140,0x6c3c0000)
}
Event: 5.574 GC heap before
{Heap before GC invocations=5 (full 0):
 PSYoungGen      total 34304K, used 34295K [0x9de40000, 0xa0240000, 0xb33c0000)
  eden space 31744K, 100% used [0x9de40000,0x9fd40000,0x9fd40000)
  from space 2560K, 99% used [0x9ffc0000,0xa023def0,0xa0240000)
  to   space 2560K, 0% used [0x9fd40000,0x9fd40000,0x9ffc0000)
 ParOldGen       total 41728K, used 8445K [0x733c0000, 0x75c80000, 0x9de40000)
  object space 41728K, 20% used [0x733c0000,0x73bff4d8,0x75c80000)
 PSPermGen       total 16384K, used 3980K [0x6b3c0000, 0x6c3c0000, 0x733c0000)
  object space 16384K, 24% used [0x6b3c0000,0x6b7a3208,0x6c3c0000)
Event: 5.610 GC heap after
Heap after GC invocations=5 (full 0):
 PSYoungGen      total 34304K, used 2557K [0x9de40000, 0xa2a40000, 0xb33c0000)
  eden space 31744K, 0% used [0x9de40000,0x9de40000,0x9fd40000)
  from space 2560K, 99% used [0x9fd40000,0x9ffbf618,0x9ffc0000)
  to   space 7168K, 0% used [0xa2340000,0xa2340000,0xa2a40000)
 ParOldGen       total 41728K, used 12769K [0x733c0000, 0x75c80000, 0x9de40000)
  object space 41728K, 30% used [0x733c0000,0x740384e0,0x75c80000)
 PSPermGen       total 16384K, used 3980K [0x6b3c0000, 0x6c3c0000, 0x733c0000)
  object space 16384K, 24% used [0x6b3c0000,0x6b7a3208,0x6c3c0000)
}
Event: 7.002 GC heap before
{Heap before GC invocations=6 (full 0):
 PSYoungGen      total 34304K, used 34301K [0x9de40000, 0xa2a40000, 0xb33c0000)
  eden space 31744K, 100% used [0x9de40000,0x9fd40000,0x9fd40000)
  from space 2560K, 99% used [0x9fd40000,0x9ffbf618,0x9ffc0000)
  to   space 7168K, 0% used [0xa2340000,0xa2340000,0xa2a40000)
 ParOldGen       total 41728K, used 12769K [0x733c0000, 0x75c80000, 0x9de40000)
  object space 41728K, 30% used [0x733c0000,0x740384e0,0x75c80000)
 PSPermGen       total 16384K, used 4005K [0x6b3c0000, 0x6c3c0000, 0x733c0000)
  object space 16384K, 24% used [0x6b3c0000,0x6b7a9560,0x6c3c0000)
Event: 7.063 GC heap after
Heap after GC invocations=6 (full 0):
 PSYoungGen      total 69376K, used 7159K [0x9de40000, 0xa2cc0000, 0xb33c0000)
  eden space 62208K, 0% used [0x9de40000,0x9de40000,0xa1b00000)
  from space 7168K, 99% used [0xa2340000,0xa2a3deb0,0xa2a40000)
  to   space 8448K, 0% used [0xa1b00000,0xa1b00000,0xa2340000)
 ParOldGen       total 41728K, used 13619K [0x733c0000, 0x75c80000, 0x9de40000)
  object space 41728K, 32% used [0x733c0000,0x7410ce70,0x75c80000)
 PSPermGen       total 16384K, used 4005K [0x6b3c0000, 0x6c3c0000, 0x733c0000)
  object space 16384K, 24% used [0x6b3c0000,0x6b7a9560,0x6c3c0000)
}
Event: 9.496 GC heap before
{Heap before GC invocations=7 (full 0):
 PSYoungGen      total 69376K, used 69367K [0x9de40000, 0xa2cc0000, 0xb33c0000)
  eden space 62208K, 100% used [0x9de40000,0xa1b00000,0xa1b00000)
  from space 7168K, 99% used [0xa2340000,0xa2a3deb0,0xa2a40000)
  to   space 8448K, 0% used [0xa1b00000,0xa1b00000,0xa2340000)
 ParOldGen       total 41728K, used 13619K [0x733c0000, 0x75c80000, 0x9de40000)
  object space 41728K, 32% used [0x733c0000,0x7410ce70,0x75c80000)
 PSPermGen       total 16384K, used 4024K [0x6b3c0000, 0x6c3c0000, 0x733c0000)
  object space 16384K, 24% used [0x6b3c0000,0x6b7ae270,0x6c3c0000)
Event: 9.563 GC heap after
Heap after GC invocations=7 (full 0):
 PSYoungGen      total 70656K, used 8435K [0x9de40000, 0xa72c0000, 0xb33c0000)
  eden space 62208K, 0% used [0x9de40000,0x9de40000,0xa1b00000)
  from space 8448K, 99% used [0xa1b00000,0xa233cca0,0xa2340000)
  to   space 13824K, 0% used [0xa6540000,0xa6540000,0xa72c0000)
 ParOldGen       total 41728K, used 22182K [0x733c0000, 0x75c80000, 0x9de40000)
  object space 41728K, 53% used [0x733c0000,0x74969880,0x75c80000)
 PSPermGen       total 16384K, used 4024K [0x6b3c0000, 0x6c3c0000, 0x733c0000)
  object space 16384K, 24% used [0x6b3c0000,0x6b7ae270,0x6c3c0000)
}
Event: 10.604 GC heap before
{Heap before GC invocations=8 (full 0):
 PSYoungGen      total 70656K, used 70643K [0x9de40000, 0xa72c0000, 0xb33c0000)
  eden space 62208K, 100% used [0x9de40000,0xa1b00000,0xa1b00000)
  from space 8448K, 99% used [0xa1b00000,0xa233cca0,0xa2340000)
  to   space 13824K, 0% used [0xa6540000,0xa6540000,0xa72c0000)
 ParOldGen       total 41728K, used 22182K [0x733c0000, 0x75c80000, 0x9de40000)
  object space 41728K, 53% used [0x733c0000,0x74969880,0x75c80000)
 PSPermGen       total 16384K, used 4050K [0x6b3c0000, 0x6c3c0000, 0x733c0000)
  object space 16384K, 24% used [0x6b3c0000,0x6b7b4838,0x6c3c0000)
Event: 10.668 GC heap after
Heap after GC invocations=8 (full 0):
 PSYoungGen      total 133632K, used 13818K [0x9de40000, 0xa7bc0000, 0xb33c0000)
  eden space 119808K, 0% used [0x9de40000,0x9de40000,0xa5340000)
  from space 13824K, 99% used [0xa6540000,0xa72be8b0,0xa72c0000)
  to   space 18432K, 0% used [0xa5340000,0xa5340000,0xa6540000)
 ParOldGen       total 41728K, used 28178K [0x733c0000, 0x75c80000, 0x9de40000)
  object space 41728K, 67% used [0x733c0000,0x74f44b30,0x75c80000)
 PSPermGen       total 16384K, used 4050K [0x6b3c0000, 0x6c3c0000, 0x733c0000)
  object space 16384K, 24% used [0x6b3c0000,0x6b7b4838,0x6c3c0000)
}
Event: 11.939 GC heap before
{Heap before GC invocations=9 (full 0):
 PSYoungGen      total 133632K, used 133626K [0x9de40000, 0xa7bc0000, 0xb33c0000)
  eden space 119808K, 100% used [0x9de40000,0xa5340000,0xa5340000)
  from space 13824K, 99% used [0xa6540000,0xa72be8b0,0xa72c0000)
  to   space 18432K, 0% used [0xa5340000,0xa5340000,0xa6540000)
 ParOldGen       total 41728K, used 28178K [0x733c0000, 0x75c80000, 0x9de40000)
  object space 41728K, 67% used [0x733c0000,0x74f44b30,0x75c80000)
 PSPermGen       total 16384K, used 4066K [0x6b3c0000, 0x6c3c0000, 0x733c0000)
  object space 16384K, 24% used [0x6b3c0000,0x6b7b8ad8,0x6c3c0000)

Deoptimization events (10 events):
Event: 8.613 Thread 0xb6507c00 Uncommon trap: reason=bimorphic action=maybe_recompile pc=0xb3648714 method=com.android.dx.cf.code.BytecodeArray.parseInstruction(ILcom/android/dx/cf/code/BytecodeArray$Visitor;)I @ 1501
Event: 8.804 Thread 0xb6507c00 Uncommon trap: reason=null_check action=make_not_entrant pc=0xb36650d0 method=com.android.dx.cf.code.Ropper$CatchInfo.getSetup(Lcom/android/dx/rop/type/Type;)Lcom/android/dx/cf/code/Ropper$ExceptionHandlerSetup; @ 10
Event: 8.849 Thread 0xb6507c00 Uncommon trap: reason=unloaded action=reinterpret pc=0xb364454c method=com.android.dx.cf.code.Ropper.addReturnBlock()V @ 45
Event: 8.849 Thread 0xb6507c00 Uncommon trap: reason=unreached action=reinterpret pc=0xb3578cc4 method=com.android.dx.ssa.MoveParamCombiner$1.visitNonMoveInsn(Lcom/android/dx/ssa/NormalSsaInsn;)V @ 27
Event: 10.932 Thread 0xb6507c00 Uncommon trap: reason=unreached action=reinterpret pc=0xb369bc24 method=com.android.dx.cf.direct.StdAttributeFactory.parse0(Lcom/android/dx/cf/direct/DirectClassFile;ILjava/lang/String;IILcom/android/dx/cf/iface/ParseObserver;)Lcom/android/dx/cf/iface/Att
Event: 11.034 Thread 0xb6507c00 Uncommon trap: reason=class_check action=maybe_recompile pc=0xb368ee34 method=com.android.dx.cf.code.RopperMachine.run(Lcom/android/dx/cf/code/Frame;II)V @ 1024
Event: 11.034 Thread 0xb6507c00 Uncommon trap: reason=class_check action=maybe_recompile pc=0xb368ee34 method=com.android.dx.cf.code.RopperMachine.run(Lcom/android/dx/cf/code/Frame;II)V @ 1024
Event: 11.034 Thread 0xb6507c00 Uncommon trap: reason=class_check action=maybe_recompile pc=0xb368ee34 method=com.android.dx.cf.code.RopperMachine.run(Lcom/android/dx/cf/code/Frame;II)V @ 1024
Event: 11.034 Thread 0xb6507c00 Uncommon trap: reason=class_check action=maybe_recompile pc=0xb368ee34 method=com.android.dx.cf.code.RopperMachine.run(Lcom/android/dx/cf/code/Frame;II)V @ 1024
Event: 11.053 Thread 0xb6507c00 Uncommon trap: reason=unreached action=reinterpret pc=0xb3640efc method=com.android.dx.ssa.SCCP.simulateBranch(Lcom/android/dx/ssa/SsaInsn;)V @ 334

Internal exceptions (10 events):
Event: 4.199 Thread 0xb6507c00 Implicit null exception at 0xb350c5ab to 0xb350c682
Event: 6.238 Thread 0xb6507c00 Threw 0x9ed90d58 at /build/buildd/openjdk-7-7u75-2.5.4/build/openjdk/hotspot/src/share/vm/prims/jvm.cpp:1284
Event: 6.258 Thread 0xb6507c00 Threw 0x9ee1cfb0 at /build/buildd/openjdk-7-7u75-2.5.4/build/openjdk/hotspot/src/share/vm/prims/jvm.cpp:1284
Event: 6.259 Thread 0xb6507c00 Implicit null exception at 0xb3594b59 to 0xb3595241
Event: 6.259 Thread 0xb6507c00 Implicit null exception at 0xb357209f to 0xb3572205
Event: 6.299 Thread 0xb6507c00 Threw 0x9eeb3308 at /build/buildd/openjdk-7-7u75-2.5.4/build/openjdk/hotspot/src/share/vm/prims/jvm.cpp:1284
Event: 7.209 Thread 0xb6507c00 Implicit null exception at 0xb359263b to 0xb3592f25
Event: 7.574 Thread 0xb6507c00 Threw 0x9ea392a0 at /build/buildd/openjdk-7-7u75-2.5.4/build/openjdk/hotspot/src/share/vm/prims/jvm.cpp:1284
Event: 8.058 Thread 0xb6507c00 Threw 0x9f602ae8 at /build/buildd/openjdk-7-7u75-2.5.4/build/openjdk/hotspot/src/share/vm/prims/jvm.cpp:1284
Event: 8.804 Thread 0xb6507c00 Implicit null exception at 0xb3661f44 to 0xb36650a5

Events (10 events):
Event: 11.034 Thread 0xb6507c00 Uncommon trap: trap_request=0xffffffde fr.pc=0xb368ee34
Event: 11.034 Thread 0xb6507c00 DEOPT PACKING pc=0xb368ee34 sp=0xb66609b0
Event: 11.034 Thread 0xb6507c00 DEOPT UNPACKING pc=0xb34b5bc8 sp=0xb666098c mode 2
Event: 11.034 Thread 0xb6507c00 Uncommon trap: trap_request=0xffffffde fr.pc=0xb368ee34
Event: 11.034 Thread 0xb6507c00 DEOPT PACKING pc=0xb368ee34 sp=0xb66609b0
Event: 11.034 Thread 0xb6507c00 DEOPT UNPACKING pc=0xb34b5bc8 sp=0xb666098c mode 2
Event: 11.053 Thread 0xb6507c00 Uncommon trap: trap_request=0xffffffad fr.pc=0xb3640efc
Event: 11.053 Thread 0xb6507c00 DEOPT PACKING pc=0xb3640efc sp=0xb66609f0
Event: 11.053 Thread 0xb6507c00 DEOPT UNPACKING pc=0xb34b5bc8 sp=0xb66609b4 mode 2
Event: 11.939 Executing VM operation: ParallelGCFailedAllocation


Dynamic libraries:
08048000-08049000 r-xp 00000000 08:05 4983886    /usr/lib/jvm/java-7-openjdk-i386/jre/bin/java
08049000-0804a000 r--p 00000000 08:05 4983886    /usr/lib/jvm/java-7-openjdk-i386/jre/bin/java
0804a000-0804b000 rw-p 00001000 08:05 4983886    /usr/lib/jvm/java-7-openjdk-i386/jre/bin/java
097cf000-09f6f000 rw-p 00000000 00:00 0          [heap]
66900000-669df000 rw-p 00000000 00:00 0 
669df000-66a00000 ---p 00000000 00:00 0 
66b00000-66bfb000 rw-p 00000000 00:00 0 
66bfb000-66c00000 ---p 00000000 00:00 0 
66c00000-66d00000 rw-p 00000000 00:00 0 
66d00000-66dfe000 rw-p 00000000 00:00 0 
66dfe000-66e00000 ---p 00000000 00:00 0 
66e00000-66eca000 rw-p 00000000 00:00 0 
66eca000-66f00000 ---p 00000000 00:00 0 
66f00000-66ffe000 rw-p 00000000 00:00 0 
66ffe000-67000000 ---p 00000000 00:00 0 
67100000-671c5000 rw-p 00000000 00:00 0 
671c5000-67200000 ---p 00000000 00:00 0 
67200000-672fc000 rw-p 00000000 00:00 0 
672fc000-67300000 ---p 00000000 00:00 0 
67300000-673e6000 rw-p 00000000 00:00 0 
673e6000-67400000 ---p 00000000 00:00 0 
67400000-674f4000 rw-p 00000000 00:00 0 
674f4000-67500000 ---p 00000000 00:00 0 
67500000-675ff000 rw-p 00000000 00:00 0 
675ff000-67600000 ---p 00000000 00:00 0 
67700000-67729000 rw-p 00000000 00:00 0 
67729000-67800000 ---p 00000000 00:00 0 
67827000-67861000 r-xp 00000000 08:05 3802088    /lib/i386-linux-gnu/libpcre.so.3.12.1
67861000-67862000 r--p 00039000 08:05 3802088    /lib/i386-linux-gnu/libpcre.so.3.12.1
67862000-67863000 rw-p 0003a000 08:05 3802088    /lib/i386-linux-gnu/libpcre.so.3.12.1
67863000-67876000 r-xp 00000000 08:05 3802099    /lib/i386-linux-gnu/libresolv-2.15.so
67876000-67877000 ---p 00013000 08:05 3802099    /lib/i386-linux-gnu/libresolv-2.15.so
67877000-67878000 r--p 00013000 08:05 3802099    /lib/i386-linux-gnu/libresolv-2.15.so
67878000-67879000 rw-p 00014000 08:05 3802099    /lib/i386-linux-gnu/libresolv-2.15.so
67879000-6787b000 rw-p 00000000 00:00 0 
6787b000-67898000 r-xp 00000000 08:05 3802103    /lib/i386-linux-gnu/libselinux.so.1
67898000-67899000 r--p 0001c000 08:05 3802103    /lib/i386-linux-gnu/libselinux.so.1
67899000-6789a000 rw-p 0001d000 08:05 3802103    /lib/i386-linux-gnu/libselinux.so.1
6789a000-67991000 r-xp 00000000 08:05 3802040    /lib/i386-linux-gnu/libglib-2.0.so.0.3200.3
67991000-67992000 r--p 000f6000 08:05 3802040    /lib/i386-linux-gnu/libglib-2.0.so.0.3200.3
67992000-67993000 rw-p 000f7000 08:05 3802040    /lib/i386-linux-gnu/libglib-2.0.so.0.3200.3
67993000-679e0000 r-xp 00000000 08:05 4985532    /usr/lib/i386-linux-gnu/libgobject-2.0.so.0.3200.3
679e0000-679e1000 r--p 0004c000 08:05 4985532    /usr/lib/i386-linux-gnu/libgobject-2.0.so.0.3200.3
679e1000-679e2000 rw-p 0004d000 08:05 4985532    /usr/lib/i386-linux-gnu/libgobject-2.0.so.0.3200.3
679e2000-67b35000 r-xp 00000000 08:05 4985508    /usr/lib/i386-linux-gnu/libgio-2.0.so.0.3200.3
67b35000-67b37000 r--p 00153000 08:05 4985508    /usr/lib/i386-linux-gnu/libgio-2.0.so.0.3200.3
67b37000-67b38000 rw-p 00155000 08:05 4985508    /usr/lib/i386-linux-gnu/libgio-2.0.so.0.3200.3
67b38000-67b39000 rw-p 00000000 00:00 0 
67b39000-67b3a000 ---p 00000000 00:00 0 
67b3a000-67bba000 rw-p 00000000 00:00 0 
67bba000-67bbd000 ---p 00000000 00:00 0 
67bbd000-67c0b000 rw-p 00000000 00:00 0 
67c0b000-67c0e000 ---p 00000000 00:00 0 
67c0e000-67c8c000 rw-p 00000000 00:00 0 
67c8c000-67c8f000 ---p 00000000 00:00 0 
67c8f000-67d0d000 rw-p 00000000 00:00 0 
67d0d000-67d10000 ---p 00000000 00:00 0 
67d10000-67d5e000 rw-p 00000000 00:00 0 
67d5e000-67f5e000 r--p 00000000 08:05 4988066    /usr/lib/locale/locale-archive
67f5e000-67f61000 ---p 00000000 00:00 0 
67f61000-67faf000 rw-p 00000000 00:00 0 
67faf000-67fb2000 ---p 00000000 00:00 0 
67fb2000-68000000 rw-p 00000000 00:00 0 
68000000-680fd000 rw-p 00000000 00:00 0 
680fd000-68100000 ---p 00000000 00:00 0 
68105000-68106000 ---p 00000000 00:00 0 
68106000-681cf000 rw-p 00000000 00:00 0 
681cf000-68380000 r--s 01d23000 08:05 4989042    /usr/lib/jvm/java-7-openjdk-i386/jre/lib/rt.jar
68380000-6ac00000 rw-p 00000000 00:00 0 
6ac00000-6ad00000 rw-p 00000000 00:00 0 
6ad06000-6ad0b000 r-xp 00000000 08:05 4985471    /usr/lib/i386-linux-gnu/libffi.so.6.0.0
6ad0b000-6ad0c000 r--p 00004000 08:05 4985471    /usr/lib/i386-linux-gnu/libffi.so.6.0.0
6ad0c000-6ad0d000 rw-p 00005000 08:05 4985471    /usr/lib/i386-linux-gnu/libffi.so.6.0.0
6ad0d000-6ad10000 r-xp 00000000 08:05 4985518    /usr/lib/i386-linux-gnu/libgmodule-2.0.so.0.3200.3
6ad10000-6ad11000 r--p 00002000 08:05 4985518    /usr/lib/i386-linux-gnu/libgmodule-2.0.so.0.3200.3
6ad11000-6ad12000 rw-p 00003000 08:05 4985518    /usr/lib/i386-linux-gnu/libgmodule-2.0.so.0.3200.3
6ad24000-6ad7f000 rw-p 00000000 00:00 0 
6ad7f000-6ad80000 ---p 00000000 00:00 0 
6ad80000-6ae00000 rw-p 00000000 00:00 0 
6ae00000-6ae21000 rw-p 00000000 00:00 0 
6ae21000-6af00000 ---p 00000000 00:00 0 
6af00000-6af17000 r-xp 00000000 08:05 4989135    /usr/lib/jvm/java-7-openjdk-i386/jre/lib/i386/libnet.so
6af17000-6af18000 r--p 00016000 08:05 4989135    /usr/lib/jvm/java-7-openjdk-i386/jre/lib/i386/libnet.so
6af18000-6af19000 rw-p 00017000 08:05 4989135    /usr/lib/jvm/java-7-openjdk-i386/jre/lib/i386/libnet.so
6af19000-6af2a000 r-xp 00000000 08:05 4989121    /usr/lib/jvm/java-7-openjdk-i386/jre/lib/i386/libnio.so
6af2a000-6af2b000 r--p 00010000 08:05 4989121    /usr/lib/jvm/java-7-openjdk-i386/jre/lib/i386/libnio.so
6af2b000-6af2c000 rw-p 00011000 08:05 4989121    /usr/lib/jvm/java-7-openjdk-i386/jre/lib/i386/libnio.so
6af2c000-6af3e000 r--s 000c6000 08:06 3145976    /home/ankit/Traafik latest/TraafikAppLatest/app/build/intermediates/exploded-aar/com.android.support/support-v4/22.2.0/jars/classes.jar
6af3e000-6af4d000 r--s 000dd000 08:06 21369266   /home/ankit/Ankitt Data/ECLIPSE/sdk/build-tools/22.0.1/lib/dx.jar
6af4d000-6af68000 rw-p 00000000 00:00 0 
6af68000-6af69000 ---p 00000000 00:00 0 
6af69000-6aff1000 rw-p 00000000 00:00 0 
6aff1000-6b029000 rw-p 00000000 00:00 0 
6b029000-6b03e000 rw-p 00000000 00:00 0 
6b03e000-6b17f000 rw-p 00000000 00:00 0 
6b17f000-6b187000 rw-p 00000000 00:00 0 
6b187000-6b1bf000 rw-p 00000000 00:00 0 
6b1bf000-6b1d4000 rw-p 00000000 00:00 0 
6b1d4000-6b314000 rw-p 00000000 00:00 0 
6b314000-6b363000 rw-p 00000000 00:00 0 
6b363000-6b3bf000 rw-p 00000000 00:00 0 
6b3bf000-6c3c0000 rw-p 00000000 00:00 0 
6c3c0000-733c0000 rw-p 00000000 00:00 0 
733c0000-75c80000 rw-p 00000000 00:00 0 
75c80000-9de40000 rw-p 00000000 00:00 0 
9de40000-a7bc0000 rw-p 00000000 00:00 0 
ace00000-b33c0000 rw-p 00000000 00:00 0 
b33c0000-b33c3000 r--s 0000f000 08:05 4989079    /usr/lib/jvm/java-7-openjdk-i386/jre/lib/ext/icedtea-sound.jar
b33c3000-b33c5000 r--s 00012000 08:05 4989084    /usr/lib/jvm/java-7-openjdk-i386/jre/lib/ext/zipfs.jar
b33c5000-b33c9000 r--s 00034000 08:05 4989083    /usr/lib/jvm/java-7-openjdk-i386/jre/lib/ext/sunjce_provider.jar
b33c9000-b33d3000 rw-p 00000000 00:00 0 
b33d3000-b3489000 rw-p 00000000 00:00 0 
b3489000-b3701000 rwxp 00000000 00:00 0 
b3701000-b6489000 rw-p 00000000 00:00 0 
b6489000-b6494000 r-xp 00000000 08:05 3802066    /lib/i386-linux-gnu/libnss_files-2.15.so
b6494000-b6495000 r--p 0000a000 08:05 3802066    /lib/i386-linux-gnu/libnss_files-2.15.so
b6495000-b6496000 rw-p 0000b000 08:05 3802066    /lib/i386-linux-gnu/libnss_files-2.15.so
b6496000-b64a0000 r-xp 00000000 08:05 3802070    /lib/i386-linux-gnu/libnss_nis-2.15.so
b64a0000-b64a1000 r--p 00009000 08:05 3802070    /lib/i386-linux-gnu/libnss_nis-2.15.so
b64a1000-b64a2000 rw-p 0000a000 08:05 3802070    /lib/i386-linux-gnu/libnss_nis-2.15.so
b64a2000-b64b8000 r-xp 00000000 08:05 3802060    /lib/i386-linux-gnu/libnsl-2.15.so
b64b8000-b64b9000 r--p 00015000 08:05 3802060    /lib/i386-linux-gnu/libnsl-2.15.so
b64b9000-b64ba000 rw-p 00016000 08:05 3802060    /lib/i386-linux-gnu/libnsl-2.15.so
b64ba000-b64bc000 rw-p 00000000 00:00 0 
b64bc000-b64c3000 r-xp 00000000 08:05 3802062    /lib/i386-linux-gnu/libnss_compat-2.15.so
b64c3000-b64c4000 r--p 00006000 08:05 3802062    /lib/i386-linux-gnu/libnss_compat-2.15.so
b64c4000-b64c5000 rw-p 00007000 08:05 3802062    /lib/i386-linux-gnu/libnss_compat-2.15.so
b64c5000-b64c6000 r--s 00007000 08:05 5246941    /usr/share/java/java-atk-wrapper.jar
b64c6000-b64ca000 r--s 0003c000 08:05 4989081    /usr/lib/jvm/java-7-openjdk-i386/jre/lib/ext/sunpkcs11.jar
b64ca000-b64cd000 r--s 00086000 08:05 4989082    /usr/lib/jvm/java-7-openjdk-i386/jre/lib/ext/localedata.jar
b64cd000-b64d5000 r-xp 00000000 08:05 4989114    /usr/lib/jvm/java-7-openjdk-i386/jre/lib/i386/libzip.so
b64d5000-b64d6000 r--p 00007000 08:05 4989114    /usr/lib/jvm/java-7-openjdk-i386/jre/lib/i386/libzip.so
b64d6000-b64d7000 rw-p 00008000 08:05 4989114    /usr/lib/jvm/java-7-openjdk-i386/jre/lib/i386/libzip.so
b64d7000-b64fe000 r-xp 00000000 08:05 4989134    /usr/lib/jvm/java-7-openjdk-i386/jre/lib/i386/libjava.so
b64fe000-b64ff000 r--p 00026000 08:05 4989134    /usr/lib/jvm/java-7-openjdk-i386/jre/lib/i386/libjava.so
b64ff000-b6500000 rw-p 00027000 08:05 4989134    /usr/lib/jvm/java-7-openjdk-i386/jre/lib/i386/libjava.so
b6500000-b65fd000 rw-p 00000000 00:00 0 
b65fd000-b6600000 ---p 00000000 00:00 0 
b6600000-b6608000 rw-s 00000000 08:05 145390     /tmp/hsperfdata_ankit/18909
b6608000-b660f000 r-xp 00000000 08:05 3802101    /lib/i386-linux-gnu/librt-2.15.so
b660f000-b6610000 r--p 00006000 08:05 3802101    /lib/i386-linux-gnu/librt-2.15.so
b6610000-b6611000 rw-p 00007000 08:05 3802101    /lib/i386-linux-gnu/librt-2.15.so
b6611000-b6614000 ---p 00000000 00:00 0 
b6614000-b6662000 rw-p 00000000 00:00 0 
b6662000-b667e000 r-xp 00000000 08:05 3802036    /lib/i386-linux-gnu/libgcc_s.so.1
b667e000-b667f000 r--p 0001b000 08:05 3802036    /lib/i386-linux-gnu/libgcc_s.so.1
b667f000-b6680000 rw-p 0001c000 08:05 3802036    /lib/i386-linux-gnu/libgcc_s.so.1
b6680000-b66aa000 r-xp 00000000 08:05 3802047    /lib/i386-linux-gnu/libm-2.15.so
b66aa000-b66ab000 r--p 00029000 08:05 3802047    /lib/i386-linux-gnu/libm-2.15.so
b66ab000-b66ac000 rw-p 0002a000 08:05 3802047    /lib/i386-linux-gnu/libm-2.15.so
b66ac000-b6784000 r-xp 00000000 08:05 4985813    /usr/lib/i386-linux-gnu/libstdc++.so.6.0.16
b6784000-b6785000 ---p 000d8000 08:05 4985813    /usr/lib/i386-linux-gnu/libstdc++.so.6.0.16
b6785000-b6789000 r--p 000d8000 08:05 4985813    /usr/lib/i386-linux-gnu/libstdc++.so.6.0.16
b6789000-b678a000 rw-p 000dc000 08:05 4985813    /usr/lib/i386-linux-gnu/libstdc++.so.6.0.16
b678a000-b6791000 rw-p 00000000 00:00 0 
b6791000-b7153000 r-xp 00000000 08:05 4989140    /usr/lib/jvm/java-7-openjdk-i386/jre/lib/i386/server/libjvm.so
b7153000-b71a8000 r--p 009c2000 08:05 4989140    /usr/lib/jvm/java-7-openjdk-i386/jre/lib/i386/server/libjvm.so
b71a8000-b71bc000 rw-p 00a17000 08:05 4989140    /usr/lib/jvm/java-7-openjdk-i386/jre/lib/i386/server/libjvm.so
b71bc000-b75da000 rw-p 00000000 00:00 0 
b75da000-b75ee000 r-xp 00000000 08:05 3802126    /lib/i386-linux-gnu/libz.so.1.2.3.4
b75ee000-b75ef000 r--p 00013000 08:05 3802126    /lib/i386-linux-gnu/libz.so.1.2.3.4
b75ef000-b75f0000 rw-p 00014000 08:05 3802126    /lib/i386-linux-gnu/libz.so.1.2.3.4
b75f0000-b7607000 r-xp 00000000 08:05 3802095    /lib/i386-linux-gnu/libpthread-2.15.so
b7607000-b7608000 r--p 00016000 08:05 3802095    /lib/i386-linux-gnu/libpthread-2.15.so
b7608000-b7609000 rw-p 00017000 08:05 3802095    /lib/i386-linux-gnu/libpthread-2.15.so
b7609000-b760b000 rw-p 00000000 00:00 0 
b760b000-b760e000 r-xp 00000000 08:05 3802028    /lib/i386-linux-gnu/libdl-2.15.so
b760e000-b760f000 r--p 00002000 08:05 3802028    /lib/i386-linux-gnu/libdl-2.15.so
b760f000-b7610000 rw-p 00003000 08:05 3802028    /lib/i386-linux-gnu/libdl-2.15.so
b7610000-b77af000 r-xp 00000000 08:05 3802015    /lib/i386-linux-gnu/libc-2.15.so
b77af000-b77b1000 r--p 0019f000 08:05 3802015    /lib/i386-linux-gnu/libc-2.15.so
b77b1000-b77b2000 rw-p 001a1000 08:05 3802015    /lib/i386-linux-gnu/libc-2.15.so
b77b2000-b77b5000 rw-p 00000000 00:00 0 
b77b5000-b77b6000 r--s 00002000 08:05 4989080    /usr/lib/jvm/java-7-openjdk-i386/jre/lib/ext/dnsns.jar
b77b6000-b77b7000 r--p 005db000 08:05 4988066    /usr/lib/locale/locale-archive
b77b7000-b77b8000 rw-p 00000000 00:00 0 
b77b8000-b77b9000 ---p 00000000 00:00 0 
b77b9000-b77c5000 r-xp 00000000 08:05 4989131    /usr/lib/jvm/java-7-openjdk-i386/jre/lib/i386/libverify.so
b77c5000-b77c6000 r--p 0000b000 08:05 4989131    /usr/lib/jvm/java-7-openjdk-i386/jre/lib/i386/libverify.so
b77c6000-b77c7000 rw-p 0000c000 08:05 4989131    /usr/lib/jvm/java-7-openjdk-i386/jre/lib/i386/libverify.so
b77c7000-b77d4000 r-xp 00000000 08:05 4989106    /usr/lib/jvm/java-7-openjdk-i386/jre/lib/i386/jli/libjli.so
b77d4000-b77d5000 r--p 0000c000 08:05 4989106    /usr/lib/jvm/java-7-openjdk-i386/jre/lib/i386/jli/libjli.so
b77d5000-b77d6000 rw-p 0000d000 08:05 4989106    /usr/lib/jvm/java-7-openjdk-i386/jre/lib/i386/jli/libjli.so
b77d6000-b77d9000 rw-p 00000000 00:00 0 
b77d9000-b77da000 r-xp 00000000 00:00 0          [vdso]
b77da000-b77fa000 r-xp 00000000 08:05 3801995    /lib/i386-linux-gnu/ld-2.15.so
b77fa000-b77fb000 r--p 0001f000 08:05 3801995    /lib/i386-linux-gnu/ld-2.15.so
b77fb000-b77fc000 rw-p 00020000 08:05 3801995    /lib/i386-linux-gnu/ld-2.15.so
bfe9f000-bfea0000 rwxp 00000000 00:00 0 
bfed2000-bfef3000 rw-p 00000000 00:00 0          [stack]

VM Arguments:
jvm_args: -Xmx1024M -Dfile.encoding=UTF-8 -Duser.country=IN -Duser.language=en -Duser.variant 
java_command: com.android.dx.command.Main --dex --output /home/ankit/Traafik latest/TraafikAppLatest/app/build/intermediates/pre-dexed/debug/classes-2bba629e0bef0632f4eeb364fe3fdb145c429817.jar /home/ankit/Traafik latest/TraafikAppLatest/app/build/intermediates/exploded-aar/com.android.support/support-v4/22.2.0/jars/classes.jar
Launcher Type: SUN_STANDARD

Environment Variables:
PATH=/usr/lib/lightdm/lightdm:/usr/local/sbin:/usr/local/bin:/usr/sbin:/usr/bin:/sbin:/bin:/usr/games
LD_LIBRARY_PATH=/home/ankit/Android studio/android-studio/bin:
SHELL=/bin/bash
DISPLAY=:0.0

Signal Handlers:
SIGSEGV: [libjvm.so+0x80b550], sa_mask[0]=0x7ffbfeff, sa_flags=0x10000004
SIGBUS: [libjvm.so+0x80b550], sa_mask[0]=0x7ffbfeff, sa_flags=0x10000004
SIGFPE: [libjvm.so+0x6753e0], sa_mask[0]=0x7ffbfeff, sa_flags=0x10000004
SIGPIPE: [libjvm.so+0x6753e0], sa_mask[0]=0x7ffbfeff, sa_flags=0x10000004
SIGXFSZ: [libjvm.so+0x6753e0], sa_mask[0]=0x7ffbfeff, sa_flags=0x10000004
SIGILL: [libjvm.so+0x6753e0], sa_mask[0]=0x7ffbfeff, sa_flags=0x10000004
SIGUSR1: SIG_DFL, sa_mask[0]=0x00000000, sa_flags=0x00000000
SIGUSR2: [libjvm.so+0x675690], sa_mask[0]=0x00000004, sa_flags=0x10000004
SIGHUP: [libjvm.so+0x675850], sa_mask[0]=0x7ffbfeff, sa_flags=0x10000004
SIGINT: [libjvm.so+0x675850], sa_mask[0]=0x7ffbfeff, sa_flags=0x10000004
SIGTERM: [libjvm.so+0x675850], sa_mask[0]=0x7ffbfeff, sa_flags=0x10000004
SIGQUIT: [libjvm.so+0x675850], sa_mask[0]=0x7ffbfeff, sa_flags=0x10000004
SIGTRAP: SIG_DFL, sa_mask[0]=0x00000000, sa_flags=0x00000000


---------------  S Y S T E M  ---------------

OS:Ubuntu 12.04 (precise)
uname:Linux 3.2.0-29-generic-pae #46-Ubuntu SMP Fri Jul 27 17:25:43 UTC 2012 i686
libc:glibc 2.15 NPTL 2.15 
rlimit: STACK 8192k, CORE 0k, NPROC 31169, NOFILE 4096, AS infinity
load average:5.68 3.58 2.14

/proc/meminfo:
MemTotal:        4004304 kB
MemFree:          163712 kB
Buffers:             404 kB
Cached:           699612 kB
SwapCached:            0 kB
Active:          3274772 kB
Inactive:         483824 kB
Active(anon):    3209944 kB
Inactive(anon):   406964 kB
Active(file):      64828 kB
Inactive(file):    76860 kB
Unevictable:          16 kB
Mlocked:              16 kB
HighTotal:       3159312 kB
HighFree:            952 kB
LowTotal:         844992 kB
LowFree:          162760 kB
SwapTotal:             0 kB
SwapFree:              0 kB
Dirty:              5112 kB
Writeback:          3700 kB
AnonPages:       3058632 kB
Mapped:            83088 kB
Shmem:            558192 kB
Slab:              40172 kB
SReclaimable:      19996 kB
SUnreclaim:        20176 kB
KernelStack:        4816 kB
PageTables:        20048 kB
NFS_Unstable:          0 kB
Bounce:                0 kB
WritebackTmp:          0 kB
CommitLimit:     2002152 kB
Committed_AS:    7852116 kB
VmallocTotal:     122880 kB
VmallocUsed:       15236 kB
VmallocChunk:     105324 kB
HardwareCorrupted:     0 kB
AnonHugePages:         0 kB
HugePages_Total:       0
HugePages_Free:        0
HugePages_Rsvd:        0
HugePages_Surp:        0
Hugepagesize:       2048 kB
DirectMap4k:       10232 kB
DirectMap2M:      903168 kB


CPU:total 2 (2 cores per cpu, 1 threads per core) family 6 model 58 stepping 9, cmov, cx8, fxsr, mmx, sse, sse2, sse3, ssse3, sse4.1, sse4.2, popcnt, erms, tsc, tscinvbit, tscinv

/proc/cpuinfo:
processor	: 0
vendor_id	: GenuineIntel
cpu family	: 6
model		: 58
model name	: Intel(R) Pentium(R) CPU G2030 @ 3.00GHz
stepping	: 9
microcode	: 0x17
cpu MHz		: 3000.000
cache size	: 3072 KB
physical id	: 0
siblings	: 2
core id		: 0
cpu cores	: 2
apicid		: 0
initial apicid	: 0
fdiv_bug	: no
hlt_bug		: no
f00f_bug	: no
coma_bug	: no
fpu		: yes
fpu_exception	: yes
cpuid level	: 13
wp		: yes
flags		: fpu vme de pse tsc msr pae mce cx8 apic sep mtrr pge mca cmov pat pse36 clflush dts acpi mmx fxsr sse sse2 ss ht tm pbe nx rdtscp lm constant_tsc arch_perfmon pebs bts xtopology nonstop_tsc aperfmperf pni pclmulqdq dtes64 monitor ds_cpl vmx est tm2 ssse3 cx16 xtpr pdcm pcid sse4_1 sse4_2 popcnt tsc_deadline_timer xsave lahf_lm arat epb xsaveopt pln pts dtherm tpr_shadow vnmi flexpriority ept vpid fsgsbase smep erms
bogomips	: 5986.47
clflush size	: 64
cache_alignment	: 64
address sizes	: 36 bits physical, 48 bits virtual
power management:

processor	: 1
vendor_id	: GenuineIntel
cpu family	: 6
model		: 58
model name	: Intel(R) Pentium(R) CPU G2030 @ 3.00GHz
stepping	: 9
microcode	: 0x17
cpu MHz		: 3000.000
cache size	: 3072 KB
physical id	: 0
siblings	: 2
core id		: 1
cpu cores	: 2
apicid		: 2
initial apicid	: 2
fdiv_bug	: no
hlt_bug		: no
f00f_bug	: no
coma_bug	: no
fpu		: yes
fpu_exception	: yes
cpuid level	: 13
wp		: yes
flags		: fpu vme de pse tsc msr pae mce cx8 apic sep mtrr pge mca cmov pat pse36 clflush dts acpi mmx fxsr sse sse2 ss ht tm pbe nx rdtscp lm constant_tsc arch_perfmon pebs bts xtopology nonstop_tsc aperfmperf pni pclmulqdq dtes64 monitor ds_cpl vmx est tm2 ssse3 cx16 xtpr pdcm pcid sse4_1 sse4_2 popcnt tsc_deadline_timer xsave lahf_lm arat epb xsaveopt pln pts dtherm tpr_shadow vnmi flexpriority ept vpid fsgsbase smep erms
bogomips	: 5986.36
clflush size	: 64
cache_alignment	: 64
address sizes	: 36 bits physical, 48 bits virtual
power management:



Memory: 4k page, physical 4004304k(163712k free), swap 0k(0k free)

vm_info: OpenJDK Server VM (24.75-b04) for linux-x86 JRE (1.7.0_75-b13), built on Jan 27 2015 16:24:35 by "buildd" with gcc 4.6.3

time: Fri Jul 17 17:44:18 2015
elapsed time: 12 seconds

