#
# There is insufficient memory for the Java Runtime Environment to continue.
# Native memory allocation (malloc) failed to allocate 43253760 bytes for committing reserved memory.
# Possible reasons:
#   The system is out of physical RAM or swap space
#   In 32 bit mode, the process size limit was hit
# Possible solutions:
#   Reduce memory load on the system
#   Increase physical memory or swap space
#   Check if swap backing store is full
#   Use 64 bit Java on a 64 bit OS
#   Decrease Java heap size (-Xmx/-Xms)
#   Decrease number of Java threads
#   Decrease Java thread stack sizes (-Xss)
#   Set larger code cache with -XX:ReservedCodeCacheSize=
# This output file may be truncated or incomplete.
#
#  Out of Memory Error (os_linux.cpp:2798), pid=22252, tid=1745378112
#
# JRE version: OpenJDK Runtime Environment (7.0_75-b13) (build 1.7.0_75-b13)
# Java VM: OpenJDK Server VM (24.75-b04 mixed mode linux-x86 )
# Derivative: IcedTea 2.5.4
# Distribution: Ubuntu 12.04 LTS, package 7u75-2.5.4-1~precise1
# Failed to write core dump. Core dumps have been disabled. To enable core dumping, try "ulimit -c unlimited" before starting Java again
#

---------------  T H R E A D  ---------------

Current thread (0x67f10400):  VMThread [stack: 0x68005000,0x68086000] [id=22259]

Stack: [0x68005000,0x68086000]
[error occurred during error reporting (printing stack bounds), id 0xb]

VM_Operation (0xb6594948): ParallelGCFailedAllocation, mode: safepoint, requested by thread 0xb6407c00


---------------  P R O C E S S  ---------------

Java Threads: ( => current thread )
  0x67f2c400 JavaThread "Service Thread" daemon [_thread_blocked, id=22265, stack(0x67b5c000,0x67bad000)]
  0x67f2a800 JavaThread "C2 CompilerThread1" daemon [_thread_blocked, id=22264, stack(0x67bad000,0x67c2e000)]
  0x67f28800 JavaThread "C2 CompilerThread0" daemon [_thread_blocked, id=22263, stack(0x67c2e000,0x67caf000)]
  0x67f26c00 JavaThread "Signal Dispatcher" daemon [_thread_blocked, id=22262, stack(0x67caf000,0x67d00000)]
  0x67f14400 JavaThread "Finalizer" daemon [_thread_blocked, id=22261, stack(0x6ac03000,0x6ac54000)]
  0x67f12800 JavaThread "Reference Handler" daemon [_thread_blocked, id=22260, stack(0x6ac54000,0x6aca5000)]
  0xb6407c00 JavaThread "main" [_thread_blocked, id=22254, stack(0xb6545000,0xb6596000)]

Other Threads:
=>0x67f10400 VMThread [stack: 0x68005000,0x68086000] [id=22259]
  0x67f2e000 WatcherThread [stack: 0x67adb000,0x67b5c000] [id=22266]

VM state:at safepoint (normal execution)

VM Mutex/Monitor currently owned by a thread:  ([mutex/lock_event])
[0xb6405248] Threads_lock - owner thread: 0x67f10400
[0xb6405658] Heap_lock - owner thread: 0xb6407c00

Heap
 PSYoungGen      total 138752K, used 31222K [0x9dd80000, 0xa9480000, 0xb3300000)
  eden space 107520K, 0% used [0x9dd80000,0x9dd80000,0xa4680000)
  from space 31232K, 99% used [0xa4680000,0xa64fd800,0xa6500000)
  to   space 13824K, 0% used [0xa6500000,0xa6500000,0xa7280000)
 ParOldGen       total 103168K, used 77868K [0x73300000, 0x797c0000, 0x9dd80000)
  object space 103168K, 75% used [0x73300000,0x77f0b040,0x797c0000)
 PSPermGen       total 16384K, used 4000K [0x6b300000, 0x6c300000, 0x73300000)
  object space 16384K, 24% used [0x6b300000,0x6b6e8038,0x6c300000)

Card table byte_map: [0x6b0bf000,0x6b300000] byte_map_base: 0x6ad65800

Polling page: 0xb76ec000

Code Cache  [0xb33c4000, 0xb3644000, 0xb63c4000)
 total_blobs=755 nmethods=636 adapters=73 free_code_cache=46650Kb largest_free_block=47719872

Compilation events (10 events):
Event: 8.288 Thread 0x67f2a800 nmethod 639 0xb3626d48 code [0xb3626ee0, 0xb3627484]
Event: 8.352 Thread 0x67f28800 nmethod 638% 0xb34cca88 code [0xb34ccd20, 0xb34cdef8]
Event: 8.365 Thread 0x67f2a800  640             com.android.dx.ssa.DomFront::run (264 bytes)
Event: 8.377 Thread 0x67f28800  641             com.android.dx.ssa.back.FirstFitLocalCombiningAllocator::handleCheckCastResults (413 bytes)
Event: 8.416 Thread 0x67f2a800 nmethod 640 0xb34ca908 code [0xb34cab40, 0xb34cb9ec]
Event: 8.416 Thread 0x67f2a800  642             com.android.dx.ssa.back.FirstFitLocalCombiningAllocator::handleNormalUnassociated (99 bytes)
Event: 8.447 Thread 0x67f28800 nmethod 641 0xb34c6ac8 code [0xb34c6da0, 0xb34c7f68]
Event: 8.447 Thread 0x67f28800  643             com.android.dx.rop.cst.CstNat::isCategory2 (2 bytes)
Event: 8.447 Thread 0x67f28800 nmethod 643 0xb3518ac8 code [0xb3518ba0, 0xb3518bf0]
Event: 8.492 Thread 0x67f2a800 nmethod 642 0xb363e208 code [0xb363e4a0, 0xb363f698]

GC Heap History (10 events):
Event: 3.958 GC heap after
Heap after GC invocations=5 (full 0):
 PSYoungGen      total 34304K, used 2548K [0x9dd80000, 0xa2a80000, 0xb3300000)
  eden space 31744K, 0% used [0x9dd80000,0x9dd80000,0x9fc80000)
  from space 2560K, 99% used [0x9fc80000,0x9fefd190,0x9ff00000)
  to   space 7680K, 0% used [0xa2300000,0xa2300000,0xa2a80000)
 ParOldGen       total 41728K, used 13560K [0x73300000, 0x75bc0000, 0x9dd80000)
  object space 41728K, 32% used [0x73300000,0x7403e088,0x75bc0000)
 PSPermGen       total 16384K, used 3955K [0x6b300000, 0x6c300000, 0x73300000)
  object space 16384K, 24% used [0x6b300000,0x6b6dcf18,0x6c300000)
}
Event: 4.731 GC heap before
{Heap before GC invocations=6 (full 0):
 PSYoungGen      total 34304K, used 34292K [0x9dd80000, 0xa2a80000, 0xb3300000)
  eden space 31744K, 100% used [0x9dd80000,0x9fc80000,0x9fc80000)
  from space 2560K, 99% used [0x9fc80000,0x9fefd190,0x9ff00000)
  to   space 7680K, 0% used [0xa2300000,0xa2300000,0xa2a80000)
 ParOldGen       total 41728K, used 13560K [0x73300000, 0x75bc0000, 0x9dd80000)
  object space 41728K, 32% used [0x73300000,0x7403e088,0x75bc0000)
 PSPermGen       total 16384K, used 3964K [0x6b300000, 0x6c300000, 0x73300000)
  object space 16384K, 24% used [0x6b300000,0x6b6df398,0x6c300000)
Event: 4.764 GC heap after
Heap after GC invocations=6 (full 0):
 PSYoungGen      total 70144K, used 7668K [0x9dd80000, 0xa2c80000, 0xb3300000)
  eden space 62464K, 0% used [0x9dd80000,0x9dd80000,0xa1a80000)
  from space 7680K, 99% used [0xa2300000,0xa2a7d060,0xa2a80000)
  to   space 8704K, 0% used [0xa1a80000,0xa1a80000,0xa2300000)
 ParOldGen       total 41728K, used 13836K [0x73300000, 0x75bc0000, 0x9dd80000)
  object space 41728K, 33% used [0x73300000,0x74083008,0x75bc0000)
 PSPermGen       total 16384K, used 3964K [0x6b300000, 0x6c300000, 0x73300000)
  object space 16384K, 24% used [0x6b300000,0x6b6df398,0x6c300000)
}
Event: 6.049 GC heap before
{Heap before GC invocations=7 (full 0):
 PSYoungGen      total 70144K, used 70132K [0x9dd80000, 0xa2c80000, 0xb3300000)
  eden space 62464K, 100% used [0x9dd80000,0xa1a80000,0xa1a80000)
  from space 7680K, 99% used [0xa2300000,0xa2a7d060,0xa2a80000)
  to   space 8704K, 0% used [0xa1a80000,0xa1a80000,0xa2300000)
 ParOldGen       total 41728K, used 13836K [0x73300000, 0x75bc0000, 0x9dd80000)
  object space 41728K, 33% used [0x73300000,0x74083008,0x75bc0000)
 PSPermGen       total 16384K, used 3988K [0x6b300000, 0x6c300000, 0x73300000)
  object space 16384K, 24% used [0x6b300000,0x6b6e52b8,0x6c300000)
Event: 6.111 GC heap after
Heap after GC invocations=7 (full 0):
 PSYoungGen      total 71168K, used 8689K [0x9dd80000, 0xa7280000, 0xb3300000)
  eden space 62464K, 0% used [0x9dd80000,0x9dd80000,0xa1a80000)
  from space 8704K, 99% used [0xa1a80000,0xa22fc500,0xa2300000)
  to   space 13824K, 0% used [0xa6500000,0xa6500000,0xa7280000)
 ParOldGen       total 41728K, used 21856K [0x73300000, 0x75bc0000, 0x9dd80000)
  object space 41728K, 52% used [0x73300000,0x748581f8,0x75bc0000)
 PSPermGen       total 16384K, used 3988K [0x6b300000, 0x6c300000, 0x73300000)
  object space 16384K, 24% used [0x6b300000,0x6b6e52b8,0x6c300000)
}
Event: 7.330 GC heap before
{Heap before GC invocations=8 (full 0):
 PSYoungGen      total 71168K, used 71153K [0x9dd80000, 0xa7280000, 0xb3300000)
  eden space 62464K, 100% used [0x9dd80000,0xa1a80000,0xa1a80000)
  from space 8704K, 99% used [0xa1a80000,0xa22fc500,0xa2300000)
  to   space 13824K, 0% used [0xa6500000,0xa6500000,0xa7280000)
 ParOldGen       total 41728K, used 21856K [0x73300000, 0x75bc0000, 0x9dd80000)
  object space 41728K, 52% used [0x73300000,0x748581f8,0x75bc0000)
 PSPermGen       total 16384K, used 3993K [0x6b300000, 0x6c300000, 0x73300000)
  object space 16384K, 24% used [0x6b300000,0x6b6e66e0,0x6c300000)
Event: 7.441 GC heap after
Heap after GC invocations=8 (full 0):
 PSYoungGen      total 121344K, used 13809K [0x9dd80000, 0xa9480000, 0xb3300000)
  eden space 107520K, 0% used [0x9dd80000,0x9dd80000,0xa4680000)
  from space 13824K, 99% used [0xa6500000,0xa727c638,0xa7280000)
  to   space 31232K, 0% used [0xa4680000,0xa4680000,0xa6500000)
 ParOldGen       total 56832K, used 56715K [0x73300000, 0x76a80000, 0x9dd80000)
  object space 56832K, 99% used [0x73300000,0x76a62cf0,0x76a80000)
 PSPermGen       total 16384K, used 3993K [0x6b300000, 0x6c300000, 0x73300000)
  object space 16384K, 24% used [0x6b300000,0x6b6e66e0,0x6c300000)
}
Event: 7.481 GC heap before
{Heap before GC invocations=9 (full 1):
 PSYoungGen      total 121344K, used 13809K [0x9dd80000, 0xa9480000, 0xb3300000)
  eden space 107520K, 0% used [0x9dd80000,0x9dd80000,0xa4680000)
  from space 13824K, 99% used [0xa6500000,0xa727c638,0xa7280000)
  to   space 31232K, 0% used [0xa4680000,0xa4680000,0xa6500000)
 ParOldGen       total 56832K, used 56715K [0x73300000, 0x76a80000, 0x9dd80000)
  object space 56832K, 99% used [0x73300000,0x76a62cf0,0x76a80000)
 PSPermGen       total 16384K, used 3993K [0x6b300000, 0x6c300000, 0x73300000)
  object space 16384K, 24% used [0x6b300000,0x6b6e66e0,0x6c300000)
Event: 7.978 GC heap after
Heap after GC invocations=9 (full 1):
 PSYoungGen      total 121344K, used 3497K [0x9dd80000, 0xa9480000, 0xb3300000)
  eden space 107520K, 0% used [0x9dd80000,0x9dd80000,0xa4680000)
  from space 13824K, 25% used [0xa6500000,0xa686a688,0xa7280000)
  to   space 31232K, 0% used [0xa4680000,0xa4680000,0xa6500000)
 ParOldGen       total 103168K, used 56606K [0x73300000, 0x797c0000, 0x9dd80000)
  object space 103168K, 54% used [0x73300000,0x76a47b30,0x797c0000)
 PSPermGen       total 16384K, used 3991K [0x6b300000, 0x6c300000, 0x73300000)
  object space 16384K, 24% used [0x6b300000,0x6b6e5d10,0x6c300000)
}
Event: 8.793 GC heap before
{Heap before GC invocations=10 (full 1):
 PSYoungGen      total 121344K, used 111017K [0x9dd80000, 0xa9480000, 0xb3300000)
  eden space 107520K, 100% used [0x9dd80000,0xa4680000,0xa4680000)
  from space 13824K, 25% used [0xa6500000,0xa686a688,0xa7280000)
  to   space 31232K, 0% used [0xa4680000,0xa4680000,0xa6500000)
 ParOldGen       total 103168K, used 56606K [0x73300000, 0x797c0000, 0x9dd80000)
  object space 103168K, 54% used [0x73300000,0x76a47b30,0x797c0000)
 PSPermGen       total 16384K, used 4000K [0x6b300000, 0x6c300000, 0x73300000)
  object space 16384K, 24% used [0x6b300000,0x6b6e8038,0x6c300000)

Deoptimization events (10 events):
Event: 8.249 Thread 0xb6407c00 Uncommon trap: reason=class_check action=maybe_recompile pc=0xb3547788 method=com.android.dx.ssa.back.InterferenceGraph.mergeInterferenceSet(ILcom/android/dx/util/IntSet;)V @ 20
Event: 8.249 Thread 0xb6407c00 Uncommon trap: reason=class_check action=maybe_recompile pc=0xb3590c20 method=com.android.dx.util.BitIntSet.merge(Lcom/android/dx/util/IntSet;)V @ 1
Event: 8.250 Thread 0xb6407c00 Uncommon trap: reason=class_check action=maybe_recompile pc=0xb3567e38 method=com.android.dx.ssa.back.InterferenceGraph.mergeInterferenceSet(ILcom/android/dx/util/IntSet;)V @ 20
Event: 8.250 Thread 0xb6407c00 Uncommon trap: reason=class_check action=maybe_recompile pc=0xb3590c20 method=com.android.dx.util.BitIntSet.merge(Lcom/android/dx/util/IntSet;)V @ 1
Event: 8.250 Thread 0xb6407c00 Uncommon trap: reason=class_check action=maybe_recompile pc=0xb3567e38 method=com.android.dx.ssa.back.InterferenceGraph.mergeInterferenceSet(ILcom/android/dx/util/IntSet;)V @ 20
Event: 8.250 Thread 0xb6407c00 Uncommon trap: reason=class_check action=maybe_recompile pc=0xb3590c20 method=com.android.dx.util.BitIntSet.merge(Lcom/android/dx/util/IntSet;)V @ 1
Event: 8.263 Thread 0xb6407c00 Uncommon trap: reason=class_check action=maybe_recompile pc=0xb3505ec4 method=com.android.dx.ssa.back.InterferenceGraph.mergeInterferenceSet(ILcom/android/dx/util/IntSet;)V @ 20
Event: 8.263 Thread 0xb6407c00 Uncommon trap: reason=class_check action=maybe_recompile pc=0xb3590c20 method=com.android.dx.util.BitIntSet.merge(Lcom/android/dx/util/IntSet;)V @ 1
Event: 8.263 Thread 0xb6407c00 Uncommon trap: reason=class_check action=maybe_recompile pc=0xb3567e38 method=com.android.dx.ssa.back.InterferenceGraph.mergeInterferenceSet(ILcom/android/dx/util/IntSet;)V @ 20
Event: 8.270 Thread 0xb6407c00 Uncommon trap: reason=class_check action=maybe_recompile pc=0xb35947c0 method=com.android.dx.ssa.back.InterferenceGraph.mergeInterferenceSet(ILcom/android/dx/util/IntSet;)V @ 20

Internal exceptions (10 events):
Event: 1.753 Thread 0xb6407c00 Implicit null exception at 0xb3465c09 to 0xb3466671
Event: 1.928 Thread 0xb6407c00 Threw 0x9df2a5c8 at /build/buildd/openjdk-7-7u75-2.5.4/build/openjdk/hotspot/src/share/vm/prims/jvm.cpp:1284
Event: 1.946 Thread 0xb6407c00 Threw 0x9df8e8b8 at /build/buildd/openjdk-7-7u75-2.5.4/build/openjdk/hotspot/src/share/vm/prims/jvm.cpp:1284
Event: 2.821 Thread 0xb6407c00 Threw 0x9e6290f0 at /build/buildd/openjdk-7-7u75-2.5.4/build/openjdk/hotspot/src/share/vm/prims/jvm.cpp:1284
Event: 2.975 Thread 0xb6407c00 Implicit null exception at 0xb34e674a to 0xb34e6d65
Event: 3.308 Thread 0xb6407c00 Threw 0x9e4d4030 at /build/buildd/openjdk-7-7u75-2.5.4/build/openjdk/hotspot/src/share/vm/prims/jvm.cpp:1284
Event: 6.118 Thread 0xb6407c00 Implicit null exception at 0xb35bb634 to 0xb35bf329
Event: 6.388 Thread 0xb6407c00 Threw 0x9eda3a70 at /build/buildd/openjdk-7-7u75-2.5.4/build/openjdk/hotspot/src/share/vm/prims/jvm.cpp:1284
Event: 8.035 Thread 0xb6407c00 Threw 0x9faeb5a0 at /build/buildd/openjdk-7-7u75-2.5.4/build/openjdk/hotspot/src/share/vm/prims/jvm.cpp:1284
Event: 8.053 Thread 0xb6407c00 Threw 0x9fbb3b08 at /build/buildd/openjdk-7-7u75-2.5.4/build/openjdk/hotspot/src/share/vm/prims/jvm.cpp:1284

Events (10 events):
Event: 8.263 Thread 0xb6407c00 Uncommon trap: trap_request=0xffffffde fr.pc=0xb3590c20
Event: 8.263 Thread 0xb6407c00 DEOPT PACKING pc=0xb3590c20 sp=0xb65949b0
Event: 8.263 Thread 0xb6407c00 DEOPT UNPACKING pc=0xb33f0bc8 sp=0xb6594998 mode 2
Event: 8.263 Thread 0xb6407c00 Uncommon trap: trap_request=0xffffffde fr.pc=0xb3567e38
Event: 8.263 Thread 0xb6407c00 DEOPT PACKING pc=0xb3567e38 sp=0xb6594a10
Event: 8.263 Thread 0xb6407c00 DEOPT UNPACKING pc=0xb33f0bc8 sp=0xb65949d0 mode 2
Event: 8.270 Thread 0xb6407c00 Uncommon trap: trap_request=0xffffffde fr.pc=0xb35947c0
Event: 8.270 Thread 0xb6407c00 DEOPT PACKING pc=0xb35947c0 sp=0xb65949d0
Event: 8.270 Thread 0xb6407c00 DEOPT UNPACKING pc=0xb33f0bc8 sp=0xb65949c0 mode 2
Event: 8.792 Executing VM operation: ParallelGCFailedAllocation


Dynamic libraries:
08048000-08049000 r-xp 00000000 08:05 4983886    /usr/lib/jvm/java-7-openjdk-i386/jre/bin/java
08049000-0804a000 r--p 00000000 08:05 4983886    /usr/lib/jvm/java-7-openjdk-i386/jre/bin/java
0804a000-0804b000 rw-p 00001000 08:05 4983886    /usr/lib/jvm/java-7-openjdk-i386/jre/bin/java
080a2000-0861d000 rw-p 00000000 00:00 0          [heap]
66600000-666f8000 rw-p 00000000 00:00 0 
666f8000-66700000 ---p 00000000 00:00 0 
66800000-668ef000 rw-p 00000000 00:00 0 
668ef000-66900000 ---p 00000000 00:00 0 
66a00000-66ac8000 rw-p 00000000 00:00 0 
66ac8000-66b00000 ---p 00000000 00:00 0 
66b00000-66bb1000 rw-p 00000000 00:00 0 
66bb1000-66c00000 ---p 00000000 00:00 0 
66c00000-66cfe000 rw-p 00000000 00:00 0 
66cfe000-66d00000 ---p 00000000 00:00 0 
66e00000-66efc000 rw-p 00000000 00:00 0 
66efc000-66f00000 ---p 00000000 00:00 0 
67000000-670ff000 rw-p 00000000 00:00 0 
670ff000-67100000 ---p 00000000 00:00 0 
67200000-672fb000 rw-p 00000000 00:00 0 
672fb000-67300000 ---p 00000000 00:00 0 
67300000-673f9000 rw-p 00000000 00:00 0 
673f9000-67400000 ---p 00000000 00:00 0 
67400000-674ff000 rw-p 00000000 00:00 0 
674ff000-67500000 ---p 00000000 00:00 0 
67600000-6762b000 rw-p 00000000 00:00 0 
6762b000-67700000 ---p 00000000 00:00 0 
6776a000-677a4000 r-xp 00000000 08:05 3802088    /lib/i386-linux-gnu/libpcre.so.3.12.1
677a4000-677a5000 r--p 00039000 08:05 3802088    /lib/i386-linux-gnu/libpcre.so.3.12.1
677a5000-677a6000 rw-p 0003a000 08:05 3802088    /lib/i386-linux-gnu/libpcre.so.3.12.1
677a6000-677ab000 r-xp 00000000 08:05 4985471    /usr/lib/i386-linux-gnu/libffi.so.6.0.0
677ab000-677ac000 r--p 00004000 08:05 4985471    /usr/lib/i386-linux-gnu/libffi.so.6.0.0
677ac000-677ad000 rw-p 00005000 08:05 4985471    /usr/lib/i386-linux-gnu/libffi.so.6.0.0
677ad000-677c0000 r-xp 00000000 08:05 3802099    /lib/i386-linux-gnu/libresolv-2.15.so
677c0000-677c1000 ---p 00013000 08:05 3802099    /lib/i386-linux-gnu/libresolv-2.15.so
677c1000-677c2000 r--p 00013000 08:05 3802099    /lib/i386-linux-gnu/libresolv-2.15.so
677c2000-677c3000 rw-p 00014000 08:05 3802099    /lib/i386-linux-gnu/libresolv-2.15.so
677c3000-677c5000 rw-p 00000000 00:00 0 
677c5000-677e2000 r-xp 00000000 08:05 3802103    /lib/i386-linux-gnu/libselinux.so.1
677e2000-677e3000 r--p 0001c000 08:05 3802103    /lib/i386-linux-gnu/libselinux.so.1
677e3000-677e4000 rw-p 0001d000 08:05 3802103    /lib/i386-linux-gnu/libselinux.so.1
677e4000-678db000 r-xp 00000000 08:05 3802040    /lib/i386-linux-gnu/libglib-2.0.so.0.3200.3
678db000-678dc000 r--p 000f6000 08:05 3802040    /lib/i386-linux-gnu/libglib-2.0.so.0.3200.3
678dc000-678dd000 rw-p 000f7000 08:05 3802040    /lib/i386-linux-gnu/libglib-2.0.so.0.3200.3
678dd000-6792a000 r-xp 00000000 08:05 4985532    /usr/lib/i386-linux-gnu/libgobject-2.0.so.0.3200.3
6792a000-6792b000 r--p 0004c000 08:05 4985532    /usr/lib/i386-linux-gnu/libgobject-2.0.so.0.3200.3
6792b000-6792c000 rw-p 0004d000 08:05 4985532    /usr/lib/i386-linux-gnu/libgobject-2.0.so.0.3200.3
6792c000-67a7f000 r-xp 00000000 08:05 4985508    /usr/lib/i386-linux-gnu/libgio-2.0.so.0.3200.3
67a7f000-67a81000 r--p 00153000 08:05 4985508    /usr/lib/i386-linux-gnu/libgio-2.0.so.0.3200.3
67a81000-67a82000 rw-p 00155000 08:05 4985508    /usr/lib/i386-linux-gnu/libgio-2.0.so.0.3200.3
67a82000-67a83000 rw-p 00000000 00:00 0 
67a95000-67aac000 r-xp 00000000 08:05 4989135    /usr/lib/jvm/java-7-openjdk-i386/jre/lib/i386/libnet.so
67aac000-67aad000 r--p 00016000 08:05 4989135    /usr/lib/jvm/java-7-openjdk-i386/jre/lib/i386/libnet.so
67aad000-67aae000 rw-p 00017000 08:05 4989135    /usr/lib/jvm/java-7-openjdk-i386/jre/lib/i386/libnet.so
67aae000-67abf000 r-xp 00000000 08:05 4989121    /usr/lib/jvm/java-7-openjdk-i386/jre/lib/i386/libnio.so
67abf000-67ac0000 r--p 00010000 08:05 4989121    /usr/lib/jvm/java-7-openjdk-i386/jre/lib/i386/libnio.so
67ac0000-67ac1000 rw-p 00011000 08:05 4989121    /usr/lib/jvm/java-7-openjdk-i386/jre/lib/i386/libnio.so
67ac1000-67acc000 r--s 00079000 08:06 22417391   /home/ankit/Traafik latest/TraafikAppLatest/app/build/intermediates/exploded-aar/com.google.android.gms/play-services-analytics/7.5.0/jars/classes.jar
67acc000-67adb000 r--s 000dd000 08:06 21369266   /home/ankit/Ankitt Data/ECLIPSE/sdk/build-tools/22.0.1/lib/dx.jar
67adb000-67adc000 ---p 00000000 00:00 0 
67adc000-67b5c000 rw-p 00000000 00:00 0 
67b5c000-67b5f000 ---p 00000000 00:00 0 
67b5f000-67bad000 rw-p 00000000 00:00 0 
67bad000-67bb0000 ---p 00000000 00:00 0 
67bb0000-67c2e000 rw-p 00000000 00:00 0 
67c2e000-67c31000 ---p 00000000 00:00 0 
67c31000-67caf000 rw-p 00000000 00:00 0 
67caf000-67cb2000 ---p 00000000 00:00 0 
67cb2000-67d00000 rw-p 00000000 00:00 0 
67d00000-67f00000 r--p 00000000 08:05 4988066    /usr/lib/locale/locale-archive
67f00000-67ffc000 rw-p 00000000 00:00 0 
67ffc000-68000000 ---p 00000000 00:00 0 
68000000-68003000 r-xp 00000000 08:05 4985518    /usr/lib/i386-linux-gnu/libgmodule-2.0.so.0.3200.3
68003000-68004000 r--p 00002000 08:05 4985518    /usr/lib/i386-linux-gnu/libgmodule-2.0.so.0.3200.3
68004000-68005000 rw-p 00003000 08:05 4985518    /usr/lib/i386-linux-gnu/libgmodule-2.0.so.0.3200.3
68005000-68006000 ---p 00000000 00:00 0 
68006000-680cf000 rw-p 00000000 00:00 0 
680cf000-68280000 r--s 01d23000 08:05 4989042    /usr/lib/jvm/java-7-openjdk-i386/jre/lib/rt.jar
68280000-6ab00000 rw-p 00000000 00:00 0 
6ab00000-6abfd000 rw-p 00000000 00:00 0 
6abfd000-6ac00000 ---p 00000000 00:00 0 
6ac00000-6ac03000 r--s 0000f000 08:05 4989079    /usr/lib/jvm/java-7-openjdk-i386/jre/lib/ext/icedtea-sound.jar
6ac03000-6ac06000 ---p 00000000 00:00 0 
6ac06000-6ac54000 rw-p 00000000 00:00 0 
6ac54000-6ac57000 ---p 00000000 00:00 0 
6ac57000-6ad00000 rw-p 00000000 00:00 0 
6ad00000-6ad21000 rw-p 00000000 00:00 0 
6ad21000-6ae00000 ---p 00000000 00:00 0 
6ae02000-6ae04000 r--s 00012000 08:05 4989084    /usr/lib/jvm/java-7-openjdk-i386/jre/lib/ext/zipfs.jar
6ae04000-6ae08000 r--s 00034000 08:05 4989083    /usr/lib/jvm/java-7-openjdk-i386/jre/lib/ext/sunjce_provider.jar
6ae08000-6ae0c000 r--s 0003c000 08:05 4989081    /usr/lib/jvm/java-7-openjdk-i386/jre/lib/ext/sunpkcs11.jar
6ae0c000-6ae27000 rw-p 00000000 00:00 0 
6ae27000-6ae28000 ---p 00000000 00:00 0 
6ae28000-6aea8000 rw-p 00000000 00:00 0 
6aea8000-6aea9000 ---p 00000000 00:00 0 
6aea9000-6af31000 rw-p 00000000 00:00 0 
6af31000-6af69000 rw-p 00000000 00:00 0 
6af69000-6af9c000 rw-p 00000000 00:00 0 
6af9c000-6b0bf000 rw-p 00000000 00:00 0 
6b0bf000-6b0c7000 rw-p 00000000 00:00 0 
6b0c7000-6b0ff000 rw-p 00000000 00:00 0 
6b0ff000-6b132000 rw-p 00000000 00:00 0 
6b132000-6b254000 rw-p 00000000 00:00 0 
6b254000-6b2b0000 rw-p 00000000 00:00 0 
6b2b0000-6b2ff000 rw-p 00000000 00:00 0 
6b2ff000-6c300000 rw-p 00000000 00:00 0 
6c300000-73300000 rw-p 00000000 00:00 0 
73300000-797c0000 rw-p 00000000 00:00 0 
797c0000-9dd80000 rw-p 00000000 00:00 0 
9dd80000-a9480000 rw-p 00000000 00:00 0 
abdc0000-b3300000 rw-p 00000000 00:00 0 
b3301000-b3304000 r--s 00086000 08:05 4989082    /usr/lib/jvm/java-7-openjdk-i386/jre/lib/ext/localedata.jar
b3304000-b330e000 rw-p 00000000 00:00 0 
b330e000-b33c4000 rw-p 00000000 00:00 0 
b33c4000-b3644000 rwxp 00000000 00:00 0 
b3644000-b63c4000 rw-p 00000000 00:00 0 
b63c4000-b63cf000 r-xp 00000000 08:05 3802066    /lib/i386-linux-gnu/libnss_files-2.15.so
b63cf000-b63d0000 r--p 0000a000 08:05 3802066    /lib/i386-linux-gnu/libnss_files-2.15.so
b63d0000-b63d1000 rw-p 0000b000 08:05 3802066    /lib/i386-linux-gnu/libnss_files-2.15.so
b63d1000-b63db000 r-xp 00000000 08:05 3802070    /lib/i386-linux-gnu/libnss_nis-2.15.so
b63db000-b63dc000 r--p 00009000 08:05 3802070    /lib/i386-linux-gnu/libnss_nis-2.15.so
b63dc000-b63dd000 rw-p 0000a000 08:05 3802070    /lib/i386-linux-gnu/libnss_nis-2.15.so
b63dd000-b63f3000 r-xp 00000000 08:05 3802060    /lib/i386-linux-gnu/libnsl-2.15.so
b63f3000-b63f4000 r--p 00015000 08:05 3802060    /lib/i386-linux-gnu/libnsl-2.15.so
b63f4000-b63f5000 rw-p 00016000 08:05 3802060    /lib/i386-linux-gnu/libnsl-2.15.so
b63f5000-b63f7000 rw-p 00000000 00:00 0 
b63f7000-b63fe000 r-xp 00000000 08:05 3802062    /lib/i386-linux-gnu/libnss_compat-2.15.so
b63fe000-b63ff000 r--p 00006000 08:05 3802062    /lib/i386-linux-gnu/libnss_compat-2.15.so
b63ff000-b6400000 rw-p 00007000 08:05 3802062    /lib/i386-linux-gnu/libnss_compat-2.15.so
b6400000-b64fd000 rw-p 00000000 00:00 0 
b64fd000-b6500000 ---p 00000000 00:00 0 
b6500000-b6501000 r--s 00007000 08:05 5246941    /usr/share/java/java-atk-wrapper.jar
b6501000-b6509000 r-xp 00000000 08:05 4989114    /usr/lib/jvm/java-7-openjdk-i386/jre/lib/i386/libzip.so
b6509000-b650a000 r--p 00007000 08:05 4989114    /usr/lib/jvm/java-7-openjdk-i386/jre/lib/i386/libzip.so
b650a000-b650b000 rw-p 00008000 08:05 4989114    /usr/lib/jvm/java-7-openjdk-i386/jre/lib/i386/libzip.so
b650b000-b6513000 rw-s 00000000 08:05 145569     /tmp/hsperfdata_ankit/22252
b6513000-b653a000 r-xp 00000000 08:05 4989134    /usr/lib/jvm/java-7-openjdk-i386/jre/lib/i386/libjava.so
b653a000-b653b000 r--p 00026000 08:05 4989134    /usr/lib/jvm/java-7-openjdk-i386/jre/lib/i386/libjava.so
b653b000-b653c000 rw-p 00027000 08:05 4989134    /usr/lib/jvm/java-7-openjdk-i386/jre/lib/i386/libjava.so
b653c000-b6543000 r-xp 00000000 08:05 3802101    /lib/i386-linux-gnu/librt-2.15.so
b6543000-b6544000 r--p 00006000 08:05 3802101    /lib/i386-linux-gnu/librt-2.15.so
b6544000-b6545000 rw-p 00007000 08:05 3802101    /lib/i386-linux-gnu/librt-2.15.so
b6545000-b6548000 ---p 00000000 00:00 0 
b6548000-b6596000 rw-p 00000000 00:00 0 
b6596000-b65b2000 r-xp 00000000 08:05 3802036    /lib/i386-linux-gnu/libgcc_s.so.1
b65b2000-b65b3000 r--p 0001b000 08:05 3802036    /lib/i386-linux-gnu/libgcc_s.so.1
b65b3000-b65b4000 rw-p 0001c000 08:05 3802036    /lib/i386-linux-gnu/libgcc_s.so.1
b65b4000-b65de000 r-xp 00000000 08:05 3802047    /lib/i386-linux-gnu/libm-2.15.so
b65de000-b65df000 r--p 00029000 08:05 3802047    /lib/i386-linux-gnu/libm-2.15.so
b65df000-b65e0000 rw-p 0002a000 08:05 3802047    /lib/i386-linux-gnu/libm-2.15.so
b65e0000-b66b8000 r-xp 00000000 08:05 4985813    /usr/lib/i386-linux-gnu/libstdc++.so.6.0.16
b66b8000-b66b9000 ---p 000d8000 08:05 4985813    /usr/lib/i386-linux-gnu/libstdc++.so.6.0.16
b66b9000-b66bd000 r--p 000d8000 08:05 4985813    /usr/lib/i386-linux-gnu/libstdc++.so.6.0.16
b66bd000-b66be000 rw-p 000dc000 08:05 4985813    /usr/lib/i386-linux-gnu/libstdc++.so.6.0.16
b66be000-b66c5000 rw-p 00000000 00:00 0 
b66c5000-b7087000 r-xp 00000000 08:05 4989140    /usr/lib/jvm/java-7-openjdk-i386/jre/lib/i386/server/libjvm.so
b7087000-b70dc000 r--p 009c2000 08:05 4989140    /usr/lib/jvm/java-7-openjdk-i386/jre/lib/i386/server/libjvm.so
b70dc000-b70f0000 rw-p 00a17000 08:05 4989140    /usr/lib/jvm/java-7-openjdk-i386/jre/lib/i386/server/libjvm.so
b70f0000-b750e000 rw-p 00000000 00:00 0 
b750e000-b7522000 r-xp 00000000 08:05 3802126    /lib/i386-linux-gnu/libz.so.1.2.3.4
b7522000-b7523000 r--p 00013000 08:05 3802126    /lib/i386-linux-gnu/libz.so.1.2.3.4
b7523000-b7524000 rw-p 00014000 08:05 3802126    /lib/i386-linux-gnu/libz.so.1.2.3.4
b7524000-b753b000 r-xp 00000000 08:05 3802095    /lib/i386-linux-gnu/libpthread-2.15.so
b753b000-b753c000 r--p 00016000 08:05 3802095    /lib/i386-linux-gnu/libpthread-2.15.so
b753c000-b753d000 rw-p 00017000 08:05 3802095    /lib/i386-linux-gnu/libpthread-2.15.so
b753d000-b753f000 rw-p 00000000 00:00 0 
b753f000-b7542000 r-xp 00000000 08:05 3802028    /lib/i386-linux-gnu/libdl-2.15.so
b7542000-b7543000 r--p 00002000 08:05 3802028    /lib/i386-linux-gnu/libdl-2.15.so
b7543000-b7544000 rw-p 00003000 08:05 3802028    /lib/i386-linux-gnu/libdl-2.15.so
b7544000-b76e3000 r-xp 00000000 08:05 3802015    /lib/i386-linux-gnu/libc-2.15.so
b76e3000-b76e5000 r--p 0019f000 08:05 3802015    /lib/i386-linux-gnu/libc-2.15.so
b76e5000-b76e6000 rw-p 001a1000 08:05 3802015    /lib/i386-linux-gnu/libc-2.15.so
b76e6000-b76e9000 rw-p 00000000 00:00 0 
b76e9000-b76ea000 r--s 00002000 08:05 4989080    /usr/lib/jvm/java-7-openjdk-i386/jre/lib/ext/dnsns.jar
b76ea000-b76eb000 r--p 005db000 08:05 4988066    /usr/lib/locale/locale-archive
b76eb000-b76ec000 rw-p 00000000 00:00 0 
b76ec000-b76ed000 ---p 00000000 00:00 0 
b76ed000-b76f9000 r-xp 00000000 08:05 4989131    /usr/lib/jvm/java-7-openjdk-i386/jre/lib/i386/libverify.so
b76f9000-b76fa000 r--p 0000b000 08:05 4989131    /usr/lib/jvm/java-7-openjdk-i386/jre/lib/i386/libverify.so
b76fa000-b76fb000 rw-p 0000c000 08:05 4989131    /usr/lib/jvm/java-7-openjdk-i386/jre/lib/i386/libverify.so
b76fb000-b7708000 r-xp 00000000 08:05 4989106    /usr/lib/jvm/java-7-openjdk-i386/jre/lib/i386/jli/libjli.so
b7708000-b7709000 r--p 0000c000 08:05 4989106    /usr/lib/jvm/java-7-openjdk-i386/jre/lib/i386/jli/libjli.so
b7709000-b770a000 rw-p 0000d000 08:05 4989106    /usr/lib/jvm/java-7-openjdk-i386/jre/lib/i386/jli/libjli.so
b770a000-b770d000 rw-p 00000000 00:00 0 
b770d000-b770e000 r-xp 00000000 00:00 0          [vdso]
b770e000-b772e000 r-xp 00000000 08:05 3801995    /lib/i386-linux-gnu/ld-2.15.so
b772e000-b772f000 r--p 0001f000 08:05 3801995    /lib/i386-linux-gnu/ld-2.15.so
b772f000-b7730000 rw-p 00020000 08:05 3801995    /lib/i386-linux-gnu/ld-2.15.so
bf820000-bf821000 rwxp 00000000 00:00 0 
bf853000-bf874000 rw-p 00000000 00:00 0          [stack]

VM Arguments:
jvm_args: -Xmx1024M -Dfile.encoding=UTF-8 -Duser.country=IN -Duser.language=en -Duser.variant 
java_command: com.android.dx.command.Main --dex --output /home/ankit/Traafik latest/TraafikAppLatest/app/build/intermediates/pre-dexed/debug/classes-60a7eb5bedd3ac059a03773ecb9be5aae7d1c35b.jar /home/ankit/Traafik latest/TraafikAppLatest/app/build/intermediates/exploded-aar/com.google.android.gms/play-services-analytics/7.5.0/jars/classes.jar
Launcher Type: SUN_STANDARD

Environment Variables:
PATH=/usr/lib/lightdm/lightdm:/usr/local/sbin:/usr/local/bin:/usr/sbin:/usr/bin:/sbin:/bin:/usr/games
LD_LIBRARY_PATH=/home/ankit/Android studio/android-studio/bin:
SHELL=/bin/bash
DISPLAY=:0.0

Signal Handlers:
SIGSEGV: [libjvm.so+0x80b550], sa_mask[0]=0x7ffbfeff, sa_flags=0x10000004
SIGBUS: [libjvm.so+0x80b550], sa_mask[0]=0x7ffbfeff, sa_flags=0x10000004
SIGFPE: [libjvm.so+0x6753e0], sa_mask[0]=0x7ffbfeff, sa_flags=0x10000004
SIGPIPE: [libjvm.so+0x6753e0], sa_mask[0]=0x7ffbfeff, sa_flags=0x10000004
SIGXFSZ: [libjvm.so+0x6753e0], sa_mask[0]=0x7ffbfeff, sa_flags=0x10000004
SIGILL: [libjvm.so+0x6753e0], sa_mask[0]=0x7ffbfeff, sa_flags=0x10000004
SIGUSR1: SIG_DFL, sa_mask[0]=0x00000000, sa_flags=0x00000000
SIGUSR2: [libjvm.so+0x675690], sa_mask[0]=0x00000004, sa_flags=0x10000004
SIGHUP: [libjvm.so+0x675850], sa_mask[0]=0x7ffbfeff, sa_flags=0x10000004
SIGINT: [libjvm.so+0x675850], sa_mask[0]=0x7ffbfeff, sa_flags=0x10000004
SIGTERM: [libjvm.so+0x675850], sa_mask[0]=0x7ffbfeff, sa_flags=0x10000004
SIGQUIT: [libjvm.so+0x675850], sa_mask[0]=0x7ffbfeff, sa_flags=0x10000004
SIGTRAP: SIG_DFL, sa_mask[0]=0x00000000, sa_flags=0x00000000


---------------  S Y S T E M  ---------------

OS:Ubuntu 12.04 (precise)
uname:Linux 3.2.0-29-generic-pae #46-Ubuntu SMP Fri Jul 27 17:25:43 UTC 2012 i686
libc:glibc 2.15 NPTL 2.15 
rlimit: STACK 8192k, CORE 0k, NPROC 31169, NOFILE 4096, AS infinity
load average:4.37 2.31 1.19

/proc/meminfo:
MemTotal:        4004304 kB
MemFree:          174728 kB
Buffers:             280 kB
Cached:           496264 kB
SwapCached:            0 kB
Active:          3490156 kB
Inactive:         261768 kB
Active(anon):    3454696 kB
Inactive(anon):   241828 kB
Active(file):      35460 kB
Inactive(file):    19940 kB
Unevictable:          32 kB
Mlocked:              32 kB
HighTotal:       3159312 kB
HighFree:           4020 kB
LowTotal:         844992 kB
LowFree:          170708 kB
SwapTotal:             0 kB
SwapFree:              0 kB
Dirty:               520 kB
Writeback:             0 kB
AnonPages:       3255688 kB
Mapped:            62092 kB
Shmem:            441004 kB
Slab:              38816 kB
SReclaimable:      18600 kB
SUnreclaim:        20216 kB
KernelStack:        4656 kB
PageTables:        17992 kB
NFS_Unstable:          0 kB
Bounce:                0 kB
WritebackTmp:          0 kB
CommitLimit:     2002152 kB
Committed_AS:    7207812 kB
VmallocTotal:     122880 kB
VmallocUsed:       15040 kB
VmallocChunk:     103908 kB
HardwareCorrupted:     0 kB
AnonHugePages:         0 kB
HugePages_Total:       0
HugePages_Free:        0
HugePages_Rsvd:        0
HugePages_Surp:        0
Hugepagesize:       2048 kB
DirectMap4k:       10232 kB
DirectMap2M:      903168 kB


CPU:total 2 (2 cores per cpu, 1 threads per core) family 6 model 58 stepping 9, cmov, cx8, fxsr, mmx, sse, sse2, sse3, ssse3, sse4.1, sse4.2, popcnt, erms, tsc, tscinvbit, tscinv

/proc/cpuinfo:
processor	: 0
vendor_id	: GenuineIntel
cpu family	: 6
model		: 58
model name	: Intel(R) Pentium(R) CPU G2030 @ 3.00GHz
stepping	: 9
microcode	: 0x17
cpu MHz		: 3000.000
cache size	: 3072 KB
physical id	: 0
siblings	: 2
core id		: 0
cpu cores	: 2
apicid		: 0
initial apicid	: 0
fdiv_bug	: no
hlt_bug		: no
f00f_bug	: no
coma_bug	: no
fpu		: yes
fpu_exception	: yes
cpuid level	: 13
wp		: yes
flags		: fpu vme de pse tsc msr pae mce cx8 apic sep mtrr pge mca cmov pat pse36 clflush dts acpi mmx fxsr sse sse2 ss ht tm pbe nx rdtscp lm constant_tsc arch_perfmon pebs bts xtopology nonstop_tsc aperfmperf pni pclmulqdq dtes64 monitor ds_cpl vmx est tm2 ssse3 cx16 xtpr pdcm pcid sse4_1 sse4_2 popcnt tsc_deadline_timer xsave lahf_lm arat epb xsaveopt pln pts dtherm tpr_shadow vnmi flexpriority ept vpid fsgsbase smep erms
bogomips	: 5986.59
clflush size	: 64
cache_alignment	: 64
address sizes	: 36 bits physical, 48 bits virtual
power management:

processor	: 1
vendor_id	: GenuineIntel
cpu family	: 6
model		: 58
model name	: Intel(R) Pentium(R) CPU G2030 @ 3.00GHz
stepping	: 9
microcode	: 0x17
cpu MHz		: 3000.000
cache size	: 3072 KB
physical id	: 0
siblings	: 2
core id		: 1
cpu cores	: 2
apicid		: 2
initial apicid	: 2
fdiv_bug	: no
hlt_bug		: no
f00f_bug	: no
coma_bug	: no
fpu		: yes
fpu_exception	: yes
cpuid level	: 13
wp		: yes
flags		: fpu vme de pse tsc msr pae mce cx8 apic sep mtrr pge mca cmov pat pse36 clflush dts acpi mmx fxsr sse sse2 ss ht tm pbe nx rdtscp lm constant_tsc arch_perfmon pebs bts xtopology nonstop_tsc aperfmperf pni pclmulqdq dtes64 monitor ds_cpl vmx est tm2 ssse3 cx16 xtpr pdcm pcid sse4_1 sse4_2 popcnt tsc_deadline_timer xsave lahf_lm arat epb xsaveopt pln pts dtherm tpr_shadow vnmi flexpriority ept vpid fsgsbase smep erms
bogomips	: 5986.36
clflush size	: 64
cache_alignment	: 64
address sizes	: 36 bits physical, 48 bits virtual
power management:



Memory: 4k page, physical 4004304k(174728k free), swap 0k(0k free)

vm_info: OpenJDK Server VM (24.75-b04) for linux-x86 JRE (1.7.0_75-b13), built on Jan 27 2015 16:24:35 by "buildd" with gcc 4.6.3

time: Wed Jul 15 17:44:10 2015
elapsed time: 9 seconds

